<?xml version="1.0" encoding="UTF-8"?>
<testsuite xmlns:xsi="http://www.w3.org/2001/XMLSchema-instance" xsi:noNamespaceSchemaLocation="https://maven.apache.org/surefire/maven-failsafe-plugin/xsd/failsafe-test-report-3.0.xsd" version="3.0" name="starter.CucumberTestSuite" time="15.133" tests="67" errors="0" skipped="0" failures="1">
  <properties>
    <property name="java.specification.version" value="17"/>
    <property name="sun.cpu.isalist" value="amd64"/>
    <property name="sun.jnu.encoding" value="Cp1252"/>
    <property name="java.class.path" value="D:\TaksAlterra\MiniProject\MiniProject_API\target\test-classes;C:\Users\Lenovo\.m2\repository\net\serenity-bdd\serenity-core\3.6.12\serenity-core-3.6.12.jar;C:\Users\Lenovo\.m2\repository\net\serenity-bdd\serenity-model\3.6.12\serenity-model-3.6.12.jar;C:\Users\Lenovo\.m2\repository\org\apache\commons\commons-text\1.10.0\commons-text-1.10.0.jar;C:\Users\Lenovo\.m2\repository\commons-net\commons-net\3.9.0\commons-net-3.9.0.jar;C:\Users\Lenovo\.m2\repository\com\google\guava\guava\31.1-jre\guava-31.1-jre.jar;C:\Users\Lenovo\.m2\repository\com\google\guava\failureaccess\1.0.1\failureaccess-1.0.1.jar;C:\Users\Lenovo\.m2\repository\com\google\guava\listenablefuture\9999.0-empty-to-avoid-conflict-with-guava\listenablefuture-9999.0-empty-to-avoid-conflict-with-guava.jar;C:\Users\Lenovo\.m2\repository\com\google\code\findbugs\jsr305\3.0.2\jsr305-3.0.2.jar;C:\Users\Lenovo\.m2\repository\org\checkerframework\checker-qual\3.12.0\checker-qual-3.12.0.jar;C:\Users\Lenovo\.m2\repository\com\google\errorprone\error_prone_annotations\2.11.0\error_prone_annotations-2.11.0.jar;C:\Users\Lenovo\.m2\repository\com\google\j2objc\j2objc-annotations\1.3\j2objc-annotations-1.3.jar;C:\Users\Lenovo\.m2\repository\com\google\inject\guice\5.1.0\guice-5.1.0.jar;C:\Users\Lenovo\.m2\repository\javax\inject\javax.inject\1\javax.inject-1.jar;C:\Users\Lenovo\.m2\repository\aopalliance\aopalliance\1.0\aopalliance-1.0.jar;C:\Users\Lenovo\.m2\repository\org\jsoup\jsoup\1.14.3\jsoup-1.14.3.jar;C:\Users\Lenovo\.m2\repository\com\thoughtworks\xstream\xstream\1.4.20\xstream-1.4.20.jar;C:\Users\Lenovo\.m2\repository\io\github\x-stream\mxparser\1.2.2\mxparser-1.2.2.jar;C:\Users\Lenovo\.m2\repository\xmlpull\xmlpull\1.1.3.1\xmlpull-1.1.3.1.jar;C:\Users\Lenovo\.m2\repository\com\typesafe\config\1.4.2\config-1.4.2.jar;C:\Users\Lenovo\.m2\repository\org\imgscalr\imgscalr-lib\4.2\imgscalr-lib-4.2.jar;C:\Users\Lenovo\.m2\repository\org\awaitility\awaitility\4.2.0\awaitility-4.2.0.jar;C:\Users\Lenovo\.m2\repository\org\freemarker\freemarker\2.3.31\freemarker-2.3.31.jar;C:\Users\Lenovo\.m2\repository\io\github\classgraph\classgraph\4.8.138\classgraph-4.8.138.jar;C:\Users\Lenovo\.m2\repository\net\sourceforge\jexcelapi\jxl\2.6.12\jxl-2.6.12.jar;C:\Users\Lenovo\.m2\repository\net\bytebuddy\byte-buddy-agent\1.12.22\byte-buddy-agent-1.12.22.jar;C:\Users\Lenovo\.m2\repository\org\objenesis\objenesis\3.1\objenesis-3.1.jar;C:\Users\Lenovo\.m2\repository\net\serenity-bdd\serenity-reports\3.6.12\serenity-reports-3.6.12.jar;C:\Users\Lenovo\.m2\repository\net\serenity-bdd\serenity-stats\3.6.12\serenity-stats-3.6.12.jar;C:\Users\Lenovo\.m2\repository\net\serenity-bdd\serenity-reports-configuration\3.6.12\serenity-reports-configuration-3.6.12.jar;C:\Users\Lenovo\.m2\repository\com\vladsch\flexmark\flexmark-all\0.34.30\flexmark-all-0.34.30.jar;C:\Users\Lenovo\.m2\repository\com\vladsch\flexmark\flexmark\0.34.30\flexmark-0.34.30.jar;C:\Users\Lenovo\.m2\repository\com\vladsch\flexmark\flexmark-ext-abbreviation\0.34.30\flexmark-ext-abbreviation-0.34.30.jar;C:\Users\Lenovo\.m2\repository\com\vladsch\flexmark\flexmark-ext-admonition\0.34.30\flexmark-ext-admonition-0.34.30.jar;C:\Users\Lenovo\.m2\repository\com\vladsch\flexmark\flexmark-ext-anchorlink\0.34.30\flexmark-ext-anchorlink-0.34.30.jar;C:\Users\Lenovo\.m2\repository\com\vladsch\flexmark\flexmark-ext-aside\0.34.30\flexmark-ext-aside-0.34.30.jar;C:\Users\Lenovo\.m2\repository\com\vladsch\flexmark\flexmark-ext-attributes\0.34.30\flexmark-ext-attributes-0.34.30.jar;C:\Users\Lenovo\.m2\repository\com\vladsch\flexmark\flexmark-ext-autolink\0.34.30\flexmark-ext-autolink-0.34.30.jar;C:\Users\Lenovo\.m2\repository\org\nibor\autolink\autolink\0.6.0\autolink-0.6.0.jar;C:\Users\Lenovo\.m2\repository\com\vladsch\flexmark\flexmark-ext-definition\0.34.30\flexmark-ext-definition-0.34.30.jar;C:\Users\Lenovo\.m2\repository\com\vladsch\flexmark\flexmark-ext-emoji\0.34.30\flexmark-ext-emoji-0.34.30.jar;C:\Users\Lenovo\.m2\repository\com\vladsch\flexmark\flexmark-ext-enumerated-reference\0.34.30\flexmark-ext-enumerated-reference-0.34.30.jar;C:\Users\Lenovo\.m2\repository\com\vladsch\flexmark\flexmark-ext-escaped-character\0.34.30\flexmark-ext-escaped-character-0.34.30.jar;C:\Users\Lenovo\.m2\repository\com\vladsch\flexmark\flexmark-ext-footnotes\0.34.30\flexmark-ext-footnotes-0.34.30.jar;C:\Users\Lenovo\.m2\repository\com\vladsch\flexmark\flexmark-ext-gfm-issues\0.34.30\flexmark-ext-gfm-issues-0.34.30.jar;C:\Users\Lenovo\.m2\repository\com\vladsch\flexmark\flexmark-ext-gfm-strikethrough\0.34.30\flexmark-ext-gfm-strikethrough-0.34.30.jar;C:\Users\Lenovo\.m2\repository\com\vladsch\flexmark\flexmark-ext-gfm-tables\0.34.30\flexmark-ext-gfm-tables-0.34.30.jar;C:\Users\Lenovo\.m2\repository\com\vladsch\flexmark\flexmark-ext-gfm-tasklist\0.34.30\flexmark-ext-gfm-tasklist-0.34.30.jar;C:\Users\Lenovo\.m2\repository\com\vladsch\flexmark\flexmark-ext-gfm-users\0.34.30\flexmark-ext-gfm-users-0.34.30.jar;C:\Users\Lenovo\.m2\repository\com\vladsch\flexmark\flexmark-ext-gitlab\0.34.30\flexmark-ext-gitlab-0.34.30.jar;C:\Users\Lenovo\.m2\repository\com\vladsch\flexmark\flexmark-ext-jekyll-front-matter\0.34.30\flexmark-ext-jekyll-front-matter-0.34.30.jar;C:\Users\Lenovo\.m2\repository\com\vladsch\flexmark\flexmark-ext-jekyll-tag\0.34.30\flexmark-ext-jekyll-tag-0.34.30.jar;C:\Users\Lenovo\.m2\repository\com\vladsch\flexmark\flexmark-ext-media-tags\0.34.30\flexmark-ext-media-tags-0.34.30.jar;C:\Users\Lenovo\.m2\repository\com\vladsch\flexmark\flexmark-test-util\0.34.30\flexmark-test-util-0.34.30.jar;C:\Users\Lenovo\.m2\repository\com\vladsch\flexmark\flexmark-ext-ins\0.34.30\flexmark-ext-ins-0.34.30.jar;C:\Users\Lenovo\.m2\repository\com\vladsch\flexmark\flexmark-ext-xwiki-macros\0.34.30\flexmark-ext-xwiki-macros-0.34.30.jar;C:\Users\Lenovo\.m2\repository\com\vladsch\flexmark\flexmark-ext-superscript\0.34.30\flexmark-ext-superscript-0.34.30.jar;C:\Users\Lenovo\.m2\repository\com\vladsch\flexmark\flexmark-ext-tables\0.34.30\flexmark-ext-tables-0.34.30.jar;C:\Users\Lenovo\.m2\repository\com\vladsch\flexmark\flexmark-ext-toc\0.34.30\flexmark-ext-toc-0.34.30.jar;C:\Users\Lenovo\.m2\repository\com\vladsch\flexmark\flexmark-ext-typographic\0.34.30\flexmark-ext-typographic-0.34.30.jar;C:\Users\Lenovo\.m2\repository\com\vladsch\flexmark\flexmark-ext-wikilink\0.34.30\flexmark-ext-wikilink-0.34.30.jar;C:\Users\Lenovo\.m2\repository\com\vladsch\flexmark\flexmark-ext-yaml-front-matter\0.34.30\flexmark-ext-yaml-front-matter-0.34.30.jar;C:\Users\Lenovo\.m2\repository\com\vladsch\flexmark\flexmark-ext-youtube-embedded\0.34.30\flexmark-ext-youtube-embedded-0.34.30.jar;C:\Users\Lenovo\.m2\repository\com\vladsch\flexmark\flexmark-formatter\0.34.30\flexmark-formatter-0.34.30.jar;C:\Users\Lenovo\.m2\repository\com\vladsch\flexmark\flexmark-html-parser\0.34.30\flexmark-html-parser-0.34.30.jar;C:\Users\Lenovo\.m2\repository\com\vladsch\flexmark\flexmark-jira-converter\0.34.30\flexmark-jira-converter-0.34.30.jar;C:\Users\Lenovo\.m2\repository\com\vladsch\flexmark\flexmark-pdf-converter\0.34.30\flexmark-pdf-converter-0.34.30.jar;C:\Users\Lenovo\.m2\repository\com\openhtmltopdf\openhtmltopdf-core\0.0.1-RC13\openhtmltopdf-core-0.0.1-RC13.jar;C:\Users\Lenovo\.m2\repository\com\openhtmltopdf\openhtmltopdf-pdfbox\0.0.1-RC13\openhtmltopdf-pdfbox-0.0.1-RC13.jar;C:\Users\Lenovo\.m2\repository\org\apache\pdfbox\pdfbox\2.0.8\pdfbox-2.0.8.jar;C:\Users\Lenovo\.m2\repository\org\apache\pdfbox\fontbox\2.0.8\fontbox-2.0.8.jar;C:\Users\Lenovo\.m2\repository\org\apache\pdfbox\xmpbox\2.0.8\xmpbox-2.0.8.jar;C:\Users\Lenovo\.m2\repository\de\rototor\pdfbox\graphics2d\0.12\graphics2d-0.12.jar;C:\Users\Lenovo\.m2\repository\com\openhtmltopdf\openhtmltopdf-rtl-support\0.0.1-RC13\openhtmltopdf-rtl-support-0.0.1-RC13.jar;C:\Users\Lenovo\.m2\repository\com\ibm\icu\icu4j\59.1\icu4j-59.1.jar;C:\Users\Lenovo\.m2\repository\com\openhtmltopdf\openhtmltopdf-jsoup-dom-converter\0.0.1-RC13\openhtmltopdf-jsoup-dom-converter-0.0.1-RC13.jar;C:\Users\Lenovo\.m2\repository\com\vladsch\flexmark\flexmark-profile-pegdown\0.34.30\flexmark-profile-pegdown-0.34.30.jar;C:\Users\Lenovo\.m2\repository\com\vladsch\flexmark\flexmark-util\0.34.30\flexmark-util-0.34.30.jar;C:\Users\Lenovo\.m2\repository\com\vladsch\flexmark\flexmark-youtrack-converter\0.34.30\flexmark-youtrack-converter-0.34.30.jar;C:\Users\Lenovo\.m2\repository\es\nitaur\markdown\txtmark\0.16\txtmark-0.16.jar;C:\Users\Lenovo\.m2\repository\net\serenity-bdd\serenity-report-resources\3.6.12\serenity-report-resources-3.6.12.jar;C:\Users\Lenovo\.m2\repository\com\google\code\gson\gson\2.9.0\gson-2.9.0.jar;C:\Users\Lenovo\.m2\repository\com\fasterxml\jackson\core\jackson-core\2.14.2\jackson-core-2.14.2.jar;C:\Users\Lenovo\.m2\repository\com\fasterxml\jackson\core\jackson-databind\2.14.2\jackson-databind-2.14.2.jar;C:\Users\Lenovo\.m2\repository\com\fasterxml\jackson\core\jackson-annotations\2.14.2\jackson-annotations-2.14.2.jar;C:\Users\Lenovo\.m2\repository\commons-codec\commons-codec\1.15\commons-codec-1.15.jar;C:\Users\Lenovo\.m2\repository\commons-io\commons-io\2.11.0\commons-io-2.11.0.jar;C:\Users\Lenovo\.m2\repository\org\apache\httpcomponents\httpclient\4.5.13\httpclient-4.5.13.jar;C:\Users\Lenovo\.m2\repository\org\apache\httpcomponents\httpcore\4.4.13\httpcore-4.4.13.jar;C:\Users\Lenovo\.m2\repository\commons-logging\commons-logging\1.2\commons-logging-1.2.jar;C:\Users\Lenovo\.m2\repository\org\seleniumhq\selenium\selenium-java\4.8.0\selenium-java-4.8.0.jar;C:\Users\Lenovo\.m2\repository\org\seleniumhq\selenium\selenium-devtools-v107\4.8.0\selenium-devtools-v107-4.8.0.jar;C:\Users\Lenovo\.m2\repository\org\seleniumhq\selenium\selenium-devtools-v108\4.8.0\selenium-devtools-v108-4.8.0.jar;C:\Users\Lenovo\.m2\repository\org\seleniumhq\selenium\selenium-devtools-v109\4.8.0\selenium-devtools-v109-4.8.0.jar;C:\Users\Lenovo\.m2\repository\org\seleniumhq\selenium\selenium-devtools-v85\4.8.0\selenium-devtools-v85-4.8.0.jar;C:\Users\Lenovo\.m2\repository\org\seleniumhq\selenium\selenium-remote-driver\4.8.0\selenium-remote-driver-4.8.0.jar;C:\Users\Lenovo\.m2\repository\io\netty\netty-buffer\4.1.87.Final\netty-buffer-4.1.87.Final.jar;C:\Users\Lenovo\.m2\repository\io\netty\netty-codec-http\4.1.87.Final\netty-codec-http-4.1.87.Final.jar;C:\Users\Lenovo\.m2\repository\io\netty\netty-codec\4.1.87.Final\netty-codec-4.1.87.Final.jar;C:\Users\Lenovo\.m2\repository\io\netty\netty-handler\4.1.87.Final\netty-handler-4.1.87.Final.jar;C:\Users\Lenovo\.m2\repository\io\netty\netty-common\4.1.87.Final\netty-common-4.1.87.Final.jar;C:\Users\Lenovo\.m2\repository\io\netty\netty-transport-classes-epoll\4.1.87.Final\netty-transport-classes-epoll-4.1.87.Final.jar;C:\Users\Lenovo\.m2\repository\io\netty\netty-transport-classes-kqueue\4.1.87.Final\netty-transport-classes-kqueue-4.1.87.Final.jar;C:\Users\Lenovo\.m2\repository\io\netty\netty-transport-native-epoll\4.1.87.Final\netty-transport-native-epoll-4.1.87.Final.jar;C:\Users\Lenovo\.m2\repository\io\netty\netty-transport-native-kqueue\4.1.87.Final\netty-transport-native-kqueue-4.1.87.Final.jar;C:\Users\Lenovo\.m2\repository\io\netty\netty-transport-native-unix-common\4.1.87.Final\netty-transport-native-unix-common-4.1.87.Final.jar;C:\Users\Lenovo\.m2\repository\io\netty\netty-transport\4.1.87.Final\netty-transport-4.1.87.Final.jar;C:\Users\Lenovo\.m2\repository\io\netty\netty-resolver\4.1.87.Final\netty-resolver-4.1.87.Final.jar;C:\Users\Lenovo\.m2\repository\io\opentelemetry\opentelemetry-api\1.22.0\opentelemetry-api-1.22.0.jar;C:\Users\Lenovo\.m2\repository\io\opentelemetry\opentelemetry-context\1.22.0\opentelemetry-context-1.22.0.jar;C:\Users\Lenovo\.m2\repository\io\opentelemetry\opentelemetry-exporter-logging\1.22.0\opentelemetry-exporter-logging-1.22.0.jar;C:\Users\Lenovo\.m2\repository\io\opentelemetry\opentelemetry-sdk-metrics\1.22.0\opentelemetry-sdk-metrics-1.22.0.jar;C:\Users\Lenovo\.m2\repository\io\opentelemetry\opentelemetry-sdk-logs\1.22.0-alpha\opentelemetry-sdk-logs-1.22.0-alpha.jar;C:\Users\Lenovo\.m2\repository\io\opentelemetry\opentelemetry-api-logs\1.22.0-alpha\opentelemetry-api-logs-1.22.0-alpha.jar;C:\Users\Lenovo\.m2\repository\io\opentelemetry\opentelemetry-sdk-common\1.22.0\opentelemetry-sdk-common-1.22.0.jar;C:\Users\Lenovo\.m2\repository\io\opentelemetry\opentelemetry-sdk-extension-autoconfigure-spi\1.22.0\opentelemetry-sdk-extension-autoconfigure-spi-1.22.0.jar;C:\Users\Lenovo\.m2\repository\io\opentelemetry\opentelemetry-sdk-extension-autoconfigure\1.22.0-alpha\opentelemetry-sdk-extension-autoconfigure-1.22.0-alpha.jar;C:\Users\Lenovo\.m2\repository\io\opentelemetry\opentelemetry-sdk-trace\1.22.0\opentelemetry-sdk-trace-1.22.0.jar;C:\Users\Lenovo\.m2\repository\io\opentelemetry\opentelemetry-sdk\1.22.0\opentelemetry-sdk-1.22.0.jar;C:\Users\Lenovo\.m2\repository\io\opentelemetry\opentelemetry-semconv\1.22.0-alpha\opentelemetry-semconv-1.22.0-alpha.jar;C:\Users\Lenovo\.m2\repository\io\ous\jtoml\2.0.0\jtoml-2.0.0.jar;C:\Users\Lenovo\.m2\repository\org\apache\commons\commons-exec\1.3\commons-exec-1.3.jar;C:\Users\Lenovo\.m2\repository\org\asynchttpclient\async-http-client\2.12.3\async-http-client-2.12.3.jar;C:\Users\Lenovo\.m2\repository\org\asynchttpclient\async-http-client-netty-utils\2.12.3\async-http-client-netty-utils-2.12.3.jar;C:\Users\Lenovo\.m2\repository\io\netty\netty-codec-socks\4.1.60.Final\netty-codec-socks-4.1.60.Final.jar;C:\Users\Lenovo\.m2\repository\io\netty\netty-handler-proxy\4.1.60.Final\netty-handler-proxy-4.1.60.Final.jar;C:\Users\Lenovo\.m2\repository\io\netty\netty-transport-native-epoll\4.1.60.Final\netty-transport-native-epoll-4.1.60.Final-linux-x86_64.jar;C:\Users\Lenovo\.m2\repository\io\netty\netty-transport-native-kqueue\4.1.60.Final\netty-transport-native-kqueue-4.1.60.Final-osx-x86_64.jar;C:\Users\Lenovo\.m2\repository\org\reactivestreams\reactive-streams\1.0.3\reactive-streams-1.0.3.jar;C:\Users\Lenovo\.m2\repository\com\typesafe\netty\netty-reactive-streams\2.0.4\netty-reactive-streams-2.0.4.jar;C:\Users\Lenovo\.m2\repository\org\seleniumhq\selenium\selenium-manager\4.8.0\selenium-manager-4.8.0.jar;C:\Users\Lenovo\.m2\repository\org\seleniumhq\selenium\selenium-safari-driver\4.8.0\selenium-safari-driver-4.8.0.jar;C:\Users\Lenovo\.m2\repository\org\seleniumhq\selenium\selenium-api\4.8.0\selenium-api-4.8.0.jar;C:\Users\Lenovo\.m2\repository\org\seleniumhq\selenium\selenium-support\4.8.0\selenium-support-4.8.0.jar;C:\Users\Lenovo\.m2\repository\com\google\auto\service\auto-service-annotations\1.0.1\auto-service-annotations-1.0.1.jar;C:\Users\Lenovo\.m2\repository\com\google\auto\service\auto-service\1.0.1\auto-service-1.0.1.jar;C:\Users\Lenovo\.m2\repository\com\google\auto\auto-common\1.2\auto-common-1.2.jar;C:\Users\Lenovo\.m2\repository\org\seleniumhq\selenium\selenium-json\4.8.0\selenium-json-4.8.0.jar;C:\Users\Lenovo\.m2\repository\org\seleniumhq\selenium\selenium-chrome-driver\4.8.0\selenium-chrome-driver-4.8.0.jar;C:\Users\Lenovo\.m2\repository\org\seleniumhq\selenium\selenium-chromium-driver\4.8.0\selenium-chromium-driver-4.8.0.jar;C:\Users\Lenovo\.m2\repository\org\seleniumhq\selenium\selenium-firefox-driver\4.8.0\selenium-firefox-driver-4.8.0.jar;C:\Users\Lenovo\.m2\repository\org\seleniumhq\selenium\selenium-http\4.8.0\selenium-http-4.8.0.jar;C:\Users\Lenovo\.m2\repository\dev\failsafe\failsafe\3.3.0\failsafe-3.3.0.jar;C:\Users\Lenovo\.m2\repository\org\seleniumhq\selenium\selenium-edge-driver\4.8.0\selenium-edge-driver-4.8.0.jar;C:\Users\Lenovo\.m2\repository\org\seleniumhq\selenium\selenium-ie-driver\4.8.0\selenium-ie-driver-4.8.0.jar;C:\Users\Lenovo\.m2\repository\org\projectlombok\lombok\1.18.20\lombok-1.18.20.jar;C:\Users\Lenovo\.m2\repository\io\appium\java-client\8.3.0\java-client-8.3.0.jar;C:\Users\Lenovo\.m2\repository\commons-validator\commons-validator\1.7\commons-validator-1.7.jar;C:\Users\Lenovo\.m2\repository\commons-digester\commons-digester\2.1\commons-digester-2.1.jar;C:\Users\Lenovo\.m2\repository\org\apache\groovy\groovy\4.0.6\groovy-4.0.6.jar;C:\Users\Lenovo\.m2\repository\net\sf\opencsv\opencsv\2.0\opencsv-2.0.jar;C:\Users\Lenovo\.m2\repository\commons-beanutils\commons-beanutils\1.9.4\commons-beanutils-1.9.4.jar;C:\Users\Lenovo\.m2\repository\org\apache\commons\commons-lang3\3.12.0\commons-lang3-3.12.0.jar;C:\Users\Lenovo\.m2\repository\commons-collections\commons-collections\3.2.2\commons-collections-3.2.2.jar;C:\Users\Lenovo\.m2\repository\org\fluentlenium\fluentlenium-core\0.10.2\fluentlenium-core-0.10.2.jar;C:\Users\Lenovo\.m2\repository\io\github\bonigarcia\webdrivermanager\5.3.0\webdrivermanager-5.3.0.jar;C:\Users\Lenovo\.m2\repository\com\github\docker-java\docker-java\3.2.13\docker-java-3.2.13.jar;C:\Users\Lenovo\.m2\repository\com\github\docker-java\docker-java-core\3.2.13\docker-java-core-3.2.13.jar;C:\Users\Lenovo\.m2\repository\com\github\docker-java\docker-java-api\3.2.13\docker-java-api-3.2.13.jar;C:\Users\Lenovo\.m2\repository\org\apache\commons\commons-compress\1.21\commons-compress-1.21.jar;C:\Users\Lenovo\.m2\repository\org\bouncycastle\bcpkix-jdk15on\1.64\bcpkix-jdk15on-1.64.jar;C:\Users\Lenovo\.m2\repository\org\bouncycastle\bcprov-jdk15on\1.64\bcprov-jdk15on-1.64.jar;C:\Users\Lenovo\.m2\repository\org\slf4j\jcl-over-slf4j\1.7.30\jcl-over-slf4j-1.7.30.jar;C:\Users\Lenovo\.m2\repository\com\github\docker-java\docker-java-transport-httpclient5\3.2.13\docker-java-transport-httpclient5-3.2.13.jar;C:\Users\Lenovo\.m2\repository\com\github\docker-java\docker-java-transport\3.2.13\docker-java-transport-3.2.13.jar;C:\Users\Lenovo\.m2\repository\net\java\dev\jna\jna\5.8.0\jna-5.8.0.jar;C:\Users\Lenovo\.m2\repository\org\brotli\dec\0.1.2\dec-0.1.2.jar;C:\Users\Lenovo\.m2\repository\org\apache\httpcomponents\client5\httpclient5\5.1.3\httpclient5-5.1.3.jar;C:\Users\Lenovo\.m2\repository\org\apache\httpcomponents\core5\httpcore5\5.1.3\httpcore5-5.1.3.jar;C:\Users\Lenovo\.m2\repository\org\apache\httpcomponents\core5\httpcore5-h2\5.1.3\httpcore5-h2-5.1.3.jar;C:\Users\Lenovo\.m2\repository\com\jhlabs\filters\2.0.235\filters-2.0.235.jar;C:\Users\Lenovo\.m2\repository\com\paulhammant\ngwebdriver\1.1.6\ngwebdriver-1.1.6.jar;C:\Users\Lenovo\.m2\repository\joda-time\joda-time\2.8.2\joda-time-2.8.2.jar;C:\Users\Lenovo\.m2\repository\org\hamcrest\hamcrest\2.2\hamcrest-2.2.jar;C:\Users\Lenovo\.m2\repository\com\google\jimfs\jimfs\1.2\jimfs-1.2.jar;C:\Users\Lenovo\.m2\repository\org\mockito\mockito-core\3.3.3\mockito-core-3.3.3.jar;C:\Users\Lenovo\.m2\repository\javax\xml\bind\jaxb-api\2.3.1\jaxb-api-2.3.1.jar;C:\Users\Lenovo\.m2\repository\javax\activation\javax.activation-api\1.2.0\javax.activation-api-1.2.0.jar;C:\Users\Lenovo\.m2\repository\com\sun\xml\bind\jaxb-core\2.3.0.1\jaxb-core-2.3.0.1.jar;C:\Users\Lenovo\.m2\repository\com\sun\xml\bind\jaxb-impl\2.3.3\jaxb-impl-2.3.3.jar;C:\Users\Lenovo\.m2\repository\jakarta\xml\bind\jakarta.xml.bind-api\2.3.3\jakarta.xml.bind-api-2.3.3.jar;C:\Users\Lenovo\.m2\repository\com\sun\activation\jakarta.activation\1.2.2\jakarta.activation-1.2.2.jar;C:\Users\Lenovo\.m2\repository\javax\activation\activation\1.1.1\activation-1.1.1.jar;C:\Users\Lenovo\.m2\repository\net\serenity-bdd\serenity-rest-assured\3.6.12\serenity-rest-assured-3.6.12.jar;C:\Users\Lenovo\.m2\repository\io\rest-assured\rest-assured\5.2.0\rest-assured-5.2.0.jar;C:\Users\Lenovo\.m2\repository\org\apache\httpcomponents\httpmime\4.5.13\httpmime-4.5.13.jar;C:\Users\Lenovo\.m2\repository\org\ccil\cowan\tagsoup\tagsoup\1.2.1\tagsoup-1.2.1.jar;C:\Users\Lenovo\.m2\repository\io\rest-assured\json-path\5.2.0\json-path-5.2.0.jar;C:\Users\Lenovo\.m2\repository\io\rest-assured\rest-assured-common\5.2.0\rest-assured-common-5.2.0.jar;C:\Users\Lenovo\.m2\repository\io\rest-assured\xml-path\5.2.0\xml-path-5.2.0.jar;C:\Users\Lenovo\.m2\repository\org\apache\groovy\groovy-json\4.0.6\groovy-json-4.0.6.jar;C:\Users\Lenovo\.m2\repository\org\apache\groovy\groovy-xml\4.0.6\groovy-xml-4.0.6.jar;C:\Users\Lenovo\.m2\repository\org\opentest4j\opentest4j\1.2.0\opentest4j-1.2.0.jar;C:\Users\Lenovo\.m2\repository\net\serenity-bdd\serenity-cucumber\3.6.12\serenity-cucumber-3.6.12.jar;C:\Users\Lenovo\.m2\repository\io\cucumber\cucumber-core\7.11.0\cucumber-core-7.11.0.jar;C:\Users\Lenovo\.m2\repository\io\cucumber\cucumber-gherkin\7.11.0\cucumber-gherkin-7.11.0.jar;C:\Users\Lenovo\.m2\repository\io\cucumber\cucumber-gherkin-messages\7.11.0\cucumber-gherkin-messages-7.11.0.jar;C:\Users\Lenovo\.m2\repository\io\cucumber\gherkin\26.0.3\gherkin-26.0.3.jar;C:\Users\Lenovo\.m2\repository\io\cucumber\messages\21.0.1\messages-21.0.1.jar;C:\Users\Lenovo\.m2\repository\io\cucumber\tag-expressions\5.0.1\tag-expressions-5.0.1.jar;C:\Users\Lenovo\.m2\repository\io\cucumber\cucumber-expressions\16.1.1\cucumber-expressions-16.1.1.jar;C:\Users\Lenovo\.m2\repository\io\cucumber\datatable\7.11.0\datatable-7.11.0.jar;C:\Users\Lenovo\.m2\repository\io\cucumber\cucumber-plugin\7.11.0\cucumber-plugin-7.11.0.jar;C:\Users\Lenovo\.m2\repository\io\cucumber\docstring\7.11.0\docstring-7.11.0.jar;C:\Users\Lenovo\.m2\repository\io\cucumber\html-formatter\20.2.1\html-formatter-20.2.1.jar;C:\Users\Lenovo\.m2\repository\io\cucumber\junit-xml-formatter\0.1.0\junit-xml-formatter-0.1.0.jar;C:\Users\Lenovo\.m2\repository\io\cucumber\ci-environment\9.1.0\ci-environment-9.1.0.jar;C:\Users\Lenovo\.m2\repository\io\cucumber\cucumber-java\7.11.0\cucumber-java-7.11.0.jar;C:\Users\Lenovo\.m2\repository\io\cucumber\cucumber-junit\7.11.0\cucumber-junit-7.11.0.jar;C:\Users\Lenovo\.m2\repository\org\apache\commons\commons-csv\1.5\commons-csv-1.5.jar;C:\Users\Lenovo\.m2\repository\net\serenity-bdd\serenity-screenplay\3.6.12\serenity-screenplay-3.6.12.jar;C:\Users\Lenovo\.m2\repository\net\serenity-bdd\serenity-screenplay-webdriver\3.6.12\serenity-screenplay-webdriver-3.6.12.jar;C:\Users\Lenovo\.m2\repository\net\serenity-bdd\serenity-ensure\3.6.12\serenity-ensure-3.6.12.jar;C:\Users\Lenovo\.m2\repository\net\serenity-bdd\serenity-junit\3.6.12\serenity-junit-3.6.12.jar;C:\Users\Lenovo\.m2\repository\org\jetbrains\kotlin\kotlin-stdlib\1.7.21\kotlin-stdlib-1.7.21.jar;C:\Users\Lenovo\.m2\repository\org\jetbrains\kotlin\kotlin-stdlib-common\1.7.21\kotlin-stdlib-common-1.7.21.jar;C:\Users\Lenovo\.m2\repository\org\jetbrains\annotations\13.0\annotations-13.0.jar;C:\Users\Lenovo\.m2\repository\org\junit\platform\junit-platform-launcher\1.9.2\junit-platform-launcher-1.9.2.jar;C:\Users\Lenovo\.m2\repository\org\junit\platform\junit-platform-engine\1.9.2\junit-platform-engine-1.9.2.jar;C:\Users\Lenovo\.m2\repository\org\junit\platform\junit-platform-commons\1.9.2\junit-platform-commons-1.9.2.jar;C:\Users\Lenovo\.m2\repository\org\apiguardian\apiguardian-api\1.1.2\apiguardian-api-1.1.2.jar;C:\Users\Lenovo\.m2\repository\org\junit\jupiter\junit-jupiter-engine\5.9.2\junit-jupiter-engine-5.9.2.jar;C:\Users\Lenovo\.m2\repository\org\junit\jupiter\junit-jupiter-api\5.9.2\junit-jupiter-api-5.9.2.jar;C:\Users\Lenovo\.m2\repository\org\junit\vintage\junit-vintage-engine\5.9.2\junit-vintage-engine-5.9.2.jar;C:\Users\Lenovo\.m2\repository\junit\junit\4.13.2\junit-4.13.2.jar;C:\Users\Lenovo\.m2\repository\org\hamcrest\hamcrest-core\1.3\hamcrest-core-1.3.jar;C:\Users\Lenovo\.m2\repository\ch\qos\logback\logback-classic\1.4.6\logback-classic-1.4.6.jar;C:\Users\Lenovo\.m2\repository\ch\qos\logback\logback-core\1.4.6\logback-core-1.4.6.jar;C:\Users\Lenovo\.m2\repository\org\slf4j\slf4j-api\2.0.4\slf4j-api-2.0.4.jar;C:\Users\Lenovo\.m2\repository\org\assertj\assertj-core\3.24.2\assertj-core-3.24.2.jar;C:\Users\Lenovo\.m2\repository\net\bytebuddy\byte-buddy\1.12.21\byte-buddy-1.12.21.jar;C:\Users\Lenovo\.m2\repository\com\googlecode\json-simple\json-simple\1.1.1\json-simple-1.1.1.jar;C:\Users\Lenovo\.m2\repository\org\testng\testng\7.7.0\testng-7.7.0.jar;C:\Users\Lenovo\.m2\repository\com\beust\jcommander\1.82\jcommander-1.82.jar;C:\Users\Lenovo\.m2\repository\org\webjars\jquery\3.6.1\jquery-3.6.1.jar;"/>
    <property name="java.vm.vendor" value="Oracle Corporation"/>
    <property name="sun.arch.data.model" value="64"/>
    <property name="user.variant" value=""/>
    <property name="java.vendor.url" value="https://java.oracle.com/"/>
    <property name="user.timezone" value="Asia/Bangkok"/>
    <property name="os.name" value="Windows 11"/>
    <property name="java.vm.specification.version" value="17"/>
    <property name="sun.java.launcher" value="SUN_STANDARD"/>
    <property name="user.country" value="US"/>
    <property name="sun.boot.library.path" value="C:\Program Files\Java\jdk-17\bin"/>
    <property name="sun.java.command" value="org.apache.maven.surefire.booter.ForkedBooter C:\Users\Lenovo\AppData\Local\Temp\surefire12170892581137744615 2023-10-31T04-23-47_641-jvmRun1 surefire17288007191511608350tmp surefire_02484060288254643145tmp"/>
    <property name="jdk.debug" value="release"/>
    <property name="surefire.test.class.path" value="D:\TaksAlterra\MiniProject\MiniProject_API\target\test-classes;C:\Users\Lenovo\.m2\repository\net\serenity-bdd\serenity-core\3.6.12\serenity-core-3.6.12.jar;C:\Users\Lenovo\.m2\repository\net\serenity-bdd\serenity-model\3.6.12\serenity-model-3.6.12.jar;C:\Users\Lenovo\.m2\repository\org\apache\commons\commons-text\1.10.0\commons-text-1.10.0.jar;C:\Users\Lenovo\.m2\repository\commons-net\commons-net\3.9.0\commons-net-3.9.0.jar;C:\Users\Lenovo\.m2\repository\com\google\guava\guava\31.1-jre\guava-31.1-jre.jar;C:\Users\Lenovo\.m2\repository\com\google\guava\failureaccess\1.0.1\failureaccess-1.0.1.jar;C:\Users\Lenovo\.m2\repository\com\google\guava\listenablefuture\9999.0-empty-to-avoid-conflict-with-guava\listenablefuture-9999.0-empty-to-avoid-conflict-with-guava.jar;C:\Users\Lenovo\.m2\repository\com\google\code\findbugs\jsr305\3.0.2\jsr305-3.0.2.jar;C:\Users\Lenovo\.m2\repository\org\checkerframework\checker-qual\3.12.0\checker-qual-3.12.0.jar;C:\Users\Lenovo\.m2\repository\com\google\errorprone\error_prone_annotations\2.11.0\error_prone_annotations-2.11.0.jar;C:\Users\Lenovo\.m2\repository\com\google\j2objc\j2objc-annotations\1.3\j2objc-annotations-1.3.jar;C:\Users\Lenovo\.m2\repository\com\google\inject\guice\5.1.0\guice-5.1.0.jar;C:\Users\Lenovo\.m2\repository\javax\inject\javax.inject\1\javax.inject-1.jar;C:\Users\Lenovo\.m2\repository\aopalliance\aopalliance\1.0\aopalliance-1.0.jar;C:\Users\Lenovo\.m2\repository\org\jsoup\jsoup\1.14.3\jsoup-1.14.3.jar;C:\Users\Lenovo\.m2\repository\com\thoughtworks\xstream\xstream\1.4.20\xstream-1.4.20.jar;C:\Users\Lenovo\.m2\repository\io\github\x-stream\mxparser\1.2.2\mxparser-1.2.2.jar;C:\Users\Lenovo\.m2\repository\xmlpull\xmlpull\1.1.3.1\xmlpull-1.1.3.1.jar;C:\Users\Lenovo\.m2\repository\com\typesafe\config\1.4.2\config-1.4.2.jar;C:\Users\Lenovo\.m2\repository\org\imgscalr\imgscalr-lib\4.2\imgscalr-lib-4.2.jar;C:\Users\Lenovo\.m2\repository\org\awaitility\awaitility\4.2.0\awaitility-4.2.0.jar;C:\Users\Lenovo\.m2\repository\org\freemarker\freemarker\2.3.31\freemarker-2.3.31.jar;C:\Users\Lenovo\.m2\repository\io\github\classgraph\classgraph\4.8.138\classgraph-4.8.138.jar;C:\Users\Lenovo\.m2\repository\net\sourceforge\jexcelapi\jxl\2.6.12\jxl-2.6.12.jar;C:\Users\Lenovo\.m2\repository\net\bytebuddy\byte-buddy-agent\1.12.22\byte-buddy-agent-1.12.22.jar;C:\Users\Lenovo\.m2\repository\org\objenesis\objenesis\3.1\objenesis-3.1.jar;C:\Users\Lenovo\.m2\repository\net\serenity-bdd\serenity-reports\3.6.12\serenity-reports-3.6.12.jar;C:\Users\Lenovo\.m2\repository\net\serenity-bdd\serenity-stats\3.6.12\serenity-stats-3.6.12.jar;C:\Users\Lenovo\.m2\repository\net\serenity-bdd\serenity-reports-configuration\3.6.12\serenity-reports-configuration-3.6.12.jar;C:\Users\Lenovo\.m2\repository\com\vladsch\flexmark\flexmark-all\0.34.30\flexmark-all-0.34.30.jar;C:\Users\Lenovo\.m2\repository\com\vladsch\flexmark\flexmark\0.34.30\flexmark-0.34.30.jar;C:\Users\Lenovo\.m2\repository\com\vladsch\flexmark\flexmark-ext-abbreviation\0.34.30\flexmark-ext-abbreviation-0.34.30.jar;C:\Users\Lenovo\.m2\repository\com\vladsch\flexmark\flexmark-ext-admonition\0.34.30\flexmark-ext-admonition-0.34.30.jar;C:\Users\Lenovo\.m2\repository\com\vladsch\flexmark\flexmark-ext-anchorlink\0.34.30\flexmark-ext-anchorlink-0.34.30.jar;C:\Users\Lenovo\.m2\repository\com\vladsch\flexmark\flexmark-ext-aside\0.34.30\flexmark-ext-aside-0.34.30.jar;C:\Users\Lenovo\.m2\repository\com\vladsch\flexmark\flexmark-ext-attributes\0.34.30\flexmark-ext-attributes-0.34.30.jar;C:\Users\Lenovo\.m2\repository\com\vladsch\flexmark\flexmark-ext-autolink\0.34.30\flexmark-ext-autolink-0.34.30.jar;C:\Users\Lenovo\.m2\repository\org\nibor\autolink\autolink\0.6.0\autolink-0.6.0.jar;C:\Users\Lenovo\.m2\repository\com\vladsch\flexmark\flexmark-ext-definition\0.34.30\flexmark-ext-definition-0.34.30.jar;C:\Users\Lenovo\.m2\repository\com\vladsch\flexmark\flexmark-ext-emoji\0.34.30\flexmark-ext-emoji-0.34.30.jar;C:\Users\Lenovo\.m2\repository\com\vladsch\flexmark\flexmark-ext-enumerated-reference\0.34.30\flexmark-ext-enumerated-reference-0.34.30.jar;C:\Users\Lenovo\.m2\repository\com\vladsch\flexmark\flexmark-ext-escaped-character\0.34.30\flexmark-ext-escaped-character-0.34.30.jar;C:\Users\Lenovo\.m2\repository\com\vladsch\flexmark\flexmark-ext-footnotes\0.34.30\flexmark-ext-footnotes-0.34.30.jar;C:\Users\Lenovo\.m2\repository\com\vladsch\flexmark\flexmark-ext-gfm-issues\0.34.30\flexmark-ext-gfm-issues-0.34.30.jar;C:\Users\Lenovo\.m2\repository\com\vladsch\flexmark\flexmark-ext-gfm-strikethrough\0.34.30\flexmark-ext-gfm-strikethrough-0.34.30.jar;C:\Users\Lenovo\.m2\repository\com\vladsch\flexmark\flexmark-ext-gfm-tables\0.34.30\flexmark-ext-gfm-tables-0.34.30.jar;C:\Users\Lenovo\.m2\repository\com\vladsch\flexmark\flexmark-ext-gfm-tasklist\0.34.30\flexmark-ext-gfm-tasklist-0.34.30.jar;C:\Users\Lenovo\.m2\repository\com\vladsch\flexmark\flexmark-ext-gfm-users\0.34.30\flexmark-ext-gfm-users-0.34.30.jar;C:\Users\Lenovo\.m2\repository\com\vladsch\flexmark\flexmark-ext-gitlab\0.34.30\flexmark-ext-gitlab-0.34.30.jar;C:\Users\Lenovo\.m2\repository\com\vladsch\flexmark\flexmark-ext-jekyll-front-matter\0.34.30\flexmark-ext-jekyll-front-matter-0.34.30.jar;C:\Users\Lenovo\.m2\repository\com\vladsch\flexmark\flexmark-ext-jekyll-tag\0.34.30\flexmark-ext-jekyll-tag-0.34.30.jar;C:\Users\Lenovo\.m2\repository\com\vladsch\flexmark\flexmark-ext-media-tags\0.34.30\flexmark-ext-media-tags-0.34.30.jar;C:\Users\Lenovo\.m2\repository\com\vladsch\flexmark\flexmark-test-util\0.34.30\flexmark-test-util-0.34.30.jar;C:\Users\Lenovo\.m2\repository\com\vladsch\flexmark\flexmark-ext-ins\0.34.30\flexmark-ext-ins-0.34.30.jar;C:\Users\Lenovo\.m2\repository\com\vladsch\flexmark\flexmark-ext-xwiki-macros\0.34.30\flexmark-ext-xwiki-macros-0.34.30.jar;C:\Users\Lenovo\.m2\repository\com\vladsch\flexmark\flexmark-ext-superscript\0.34.30\flexmark-ext-superscript-0.34.30.jar;C:\Users\Lenovo\.m2\repository\com\vladsch\flexmark\flexmark-ext-tables\0.34.30\flexmark-ext-tables-0.34.30.jar;C:\Users\Lenovo\.m2\repository\com\vladsch\flexmark\flexmark-ext-toc\0.34.30\flexmark-ext-toc-0.34.30.jar;C:\Users\Lenovo\.m2\repository\com\vladsch\flexmark\flexmark-ext-typographic\0.34.30\flexmark-ext-typographic-0.34.30.jar;C:\Users\Lenovo\.m2\repository\com\vladsch\flexmark\flexmark-ext-wikilink\0.34.30\flexmark-ext-wikilink-0.34.30.jar;C:\Users\Lenovo\.m2\repository\com\vladsch\flexmark\flexmark-ext-yaml-front-matter\0.34.30\flexmark-ext-yaml-front-matter-0.34.30.jar;C:\Users\Lenovo\.m2\repository\com\vladsch\flexmark\flexmark-ext-youtube-embedded\0.34.30\flexmark-ext-youtube-embedded-0.34.30.jar;C:\Users\Lenovo\.m2\repository\com\vladsch\flexmark\flexmark-formatter\0.34.30\flexmark-formatter-0.34.30.jar;C:\Users\Lenovo\.m2\repository\com\vladsch\flexmark\flexmark-html-parser\0.34.30\flexmark-html-parser-0.34.30.jar;C:\Users\Lenovo\.m2\repository\com\vladsch\flexmark\flexmark-jira-converter\0.34.30\flexmark-jira-converter-0.34.30.jar;C:\Users\Lenovo\.m2\repository\com\vladsch\flexmark\flexmark-pdf-converter\0.34.30\flexmark-pdf-converter-0.34.30.jar;C:\Users\Lenovo\.m2\repository\com\openhtmltopdf\openhtmltopdf-core\0.0.1-RC13\openhtmltopdf-core-0.0.1-RC13.jar;C:\Users\Lenovo\.m2\repository\com\openhtmltopdf\openhtmltopdf-pdfbox\0.0.1-RC13\openhtmltopdf-pdfbox-0.0.1-RC13.jar;C:\Users\Lenovo\.m2\repository\org\apache\pdfbox\pdfbox\2.0.8\pdfbox-2.0.8.jar;C:\Users\Lenovo\.m2\repository\org\apache\pdfbox\fontbox\2.0.8\fontbox-2.0.8.jar;C:\Users\Lenovo\.m2\repository\org\apache\pdfbox\xmpbox\2.0.8\xmpbox-2.0.8.jar;C:\Users\Lenovo\.m2\repository\de\rototor\pdfbox\graphics2d\0.12\graphics2d-0.12.jar;C:\Users\Lenovo\.m2\repository\com\openhtmltopdf\openhtmltopdf-rtl-support\0.0.1-RC13\openhtmltopdf-rtl-support-0.0.1-RC13.jar;C:\Users\Lenovo\.m2\repository\com\ibm\icu\icu4j\59.1\icu4j-59.1.jar;C:\Users\Lenovo\.m2\repository\com\openhtmltopdf\openhtmltopdf-jsoup-dom-converter\0.0.1-RC13\openhtmltopdf-jsoup-dom-converter-0.0.1-RC13.jar;C:\Users\Lenovo\.m2\repository\com\vladsch\flexmark\flexmark-profile-pegdown\0.34.30\flexmark-profile-pegdown-0.34.30.jar;C:\Users\Lenovo\.m2\repository\com\vladsch\flexmark\flexmark-util\0.34.30\flexmark-util-0.34.30.jar;C:\Users\Lenovo\.m2\repository\com\vladsch\flexmark\flexmark-youtrack-converter\0.34.30\flexmark-youtrack-converter-0.34.30.jar;C:\Users\Lenovo\.m2\repository\es\nitaur\markdown\txtmark\0.16\txtmark-0.16.jar;C:\Users\Lenovo\.m2\repository\net\serenity-bdd\serenity-report-resources\3.6.12\serenity-report-resources-3.6.12.jar;C:\Users\Lenovo\.m2\repository\com\google\code\gson\gson\2.9.0\gson-2.9.0.jar;C:\Users\Lenovo\.m2\repository\com\fasterxml\jackson\core\jackson-core\2.14.2\jackson-core-2.14.2.jar;C:\Users\Lenovo\.m2\repository\com\fasterxml\jackson\core\jackson-databind\2.14.2\jackson-databind-2.14.2.jar;C:\Users\Lenovo\.m2\repository\com\fasterxml\jackson\core\jackson-annotations\2.14.2\jackson-annotations-2.14.2.jar;C:\Users\Lenovo\.m2\repository\commons-codec\commons-codec\1.15\commons-codec-1.15.jar;C:\Users\Lenovo\.m2\repository\commons-io\commons-io\2.11.0\commons-io-2.11.0.jar;C:\Users\Lenovo\.m2\repository\org\apache\httpcomponents\httpclient\4.5.13\httpclient-4.5.13.jar;C:\Users\Lenovo\.m2\repository\org\apache\httpcomponents\httpcore\4.4.13\httpcore-4.4.13.jar;C:\Users\Lenovo\.m2\repository\commons-logging\commons-logging\1.2\commons-logging-1.2.jar;C:\Users\Lenovo\.m2\repository\org\seleniumhq\selenium\selenium-java\4.8.0\selenium-java-4.8.0.jar;C:\Users\Lenovo\.m2\repository\org\seleniumhq\selenium\selenium-devtools-v107\4.8.0\selenium-devtools-v107-4.8.0.jar;C:\Users\Lenovo\.m2\repository\org\seleniumhq\selenium\selenium-devtools-v108\4.8.0\selenium-devtools-v108-4.8.0.jar;C:\Users\Lenovo\.m2\repository\org\seleniumhq\selenium\selenium-devtools-v109\4.8.0\selenium-devtools-v109-4.8.0.jar;C:\Users\Lenovo\.m2\repository\org\seleniumhq\selenium\selenium-devtools-v85\4.8.0\selenium-devtools-v85-4.8.0.jar;C:\Users\Lenovo\.m2\repository\org\seleniumhq\selenium\selenium-remote-driver\4.8.0\selenium-remote-driver-4.8.0.jar;C:\Users\Lenovo\.m2\repository\io\netty\netty-buffer\4.1.87.Final\netty-buffer-4.1.87.Final.jar;C:\Users\Lenovo\.m2\repository\io\netty\netty-codec-http\4.1.87.Final\netty-codec-http-4.1.87.Final.jar;C:\Users\Lenovo\.m2\repository\io\netty\netty-codec\4.1.87.Final\netty-codec-4.1.87.Final.jar;C:\Users\Lenovo\.m2\repository\io\netty\netty-handler\4.1.87.Final\netty-handler-4.1.87.Final.jar;C:\Users\Lenovo\.m2\repository\io\netty\netty-common\4.1.87.Final\netty-common-4.1.87.Final.jar;C:\Users\Lenovo\.m2\repository\io\netty\netty-transport-classes-epoll\4.1.87.Final\netty-transport-classes-epoll-4.1.87.Final.jar;C:\Users\Lenovo\.m2\repository\io\netty\netty-transport-classes-kqueue\4.1.87.Final\netty-transport-classes-kqueue-4.1.87.Final.jar;C:\Users\Lenovo\.m2\repository\io\netty\netty-transport-native-epoll\4.1.87.Final\netty-transport-native-epoll-4.1.87.Final.jar;C:\Users\Lenovo\.m2\repository\io\netty\netty-transport-native-kqueue\4.1.87.Final\netty-transport-native-kqueue-4.1.87.Final.jar;C:\Users\Lenovo\.m2\repository\io\netty\netty-transport-native-unix-common\4.1.87.Final\netty-transport-native-unix-common-4.1.87.Final.jar;C:\Users\Lenovo\.m2\repository\io\netty\netty-transport\4.1.87.Final\netty-transport-4.1.87.Final.jar;C:\Users\Lenovo\.m2\repository\io\netty\netty-resolver\4.1.87.Final\netty-resolver-4.1.87.Final.jar;C:\Users\Lenovo\.m2\repository\io\opentelemetry\opentelemetry-api\1.22.0\opentelemetry-api-1.22.0.jar;C:\Users\Lenovo\.m2\repository\io\opentelemetry\opentelemetry-context\1.22.0\opentelemetry-context-1.22.0.jar;C:\Users\Lenovo\.m2\repository\io\opentelemetry\opentelemetry-exporter-logging\1.22.0\opentelemetry-exporter-logging-1.22.0.jar;C:\Users\Lenovo\.m2\repository\io\opentelemetry\opentelemetry-sdk-metrics\1.22.0\opentelemetry-sdk-metrics-1.22.0.jar;C:\Users\Lenovo\.m2\repository\io\opentelemetry\opentelemetry-sdk-logs\1.22.0-alpha\opentelemetry-sdk-logs-1.22.0-alpha.jar;C:\Users\Lenovo\.m2\repository\io\opentelemetry\opentelemetry-api-logs\1.22.0-alpha\opentelemetry-api-logs-1.22.0-alpha.jar;C:\Users\Lenovo\.m2\repository\io\opentelemetry\opentelemetry-sdk-common\1.22.0\opentelemetry-sdk-common-1.22.0.jar;C:\Users\Lenovo\.m2\repository\io\opentelemetry\opentelemetry-sdk-extension-autoconfigure-spi\1.22.0\opentelemetry-sdk-extension-autoconfigure-spi-1.22.0.jar;C:\Users\Lenovo\.m2\repository\io\opentelemetry\opentelemetry-sdk-extension-autoconfigure\1.22.0-alpha\opentelemetry-sdk-extension-autoconfigure-1.22.0-alpha.jar;C:\Users\Lenovo\.m2\repository\io\opentelemetry\opentelemetry-sdk-trace\1.22.0\opentelemetry-sdk-trace-1.22.0.jar;C:\Users\Lenovo\.m2\repository\io\opentelemetry\opentelemetry-sdk\1.22.0\opentelemetry-sdk-1.22.0.jar;C:\Users\Lenovo\.m2\repository\io\opentelemetry\opentelemetry-semconv\1.22.0-alpha\opentelemetry-semconv-1.22.0-alpha.jar;C:\Users\Lenovo\.m2\repository\io\ous\jtoml\2.0.0\jtoml-2.0.0.jar;C:\Users\Lenovo\.m2\repository\org\apache\commons\commons-exec\1.3\commons-exec-1.3.jar;C:\Users\Lenovo\.m2\repository\org\asynchttpclient\async-http-client\2.12.3\async-http-client-2.12.3.jar;C:\Users\Lenovo\.m2\repository\org\asynchttpclient\async-http-client-netty-utils\2.12.3\async-http-client-netty-utils-2.12.3.jar;C:\Users\Lenovo\.m2\repository\io\netty\netty-codec-socks\4.1.60.Final\netty-codec-socks-4.1.60.Final.jar;C:\Users\Lenovo\.m2\repository\io\netty\netty-handler-proxy\4.1.60.Final\netty-handler-proxy-4.1.60.Final.jar;C:\Users\Lenovo\.m2\repository\io\netty\netty-transport-native-epoll\4.1.60.Final\netty-transport-native-epoll-4.1.60.Final-linux-x86_64.jar;C:\Users\Lenovo\.m2\repository\io\netty\netty-transport-native-kqueue\4.1.60.Final\netty-transport-native-kqueue-4.1.60.Final-osx-x86_64.jar;C:\Users\Lenovo\.m2\repository\org\reactivestreams\reactive-streams\1.0.3\reactive-streams-1.0.3.jar;C:\Users\Lenovo\.m2\repository\com\typesafe\netty\netty-reactive-streams\2.0.4\netty-reactive-streams-2.0.4.jar;C:\Users\Lenovo\.m2\repository\org\seleniumhq\selenium\selenium-manager\4.8.0\selenium-manager-4.8.0.jar;C:\Users\Lenovo\.m2\repository\org\seleniumhq\selenium\selenium-safari-driver\4.8.0\selenium-safari-driver-4.8.0.jar;C:\Users\Lenovo\.m2\repository\org\seleniumhq\selenium\selenium-api\4.8.0\selenium-api-4.8.0.jar;C:\Users\Lenovo\.m2\repository\org\seleniumhq\selenium\selenium-support\4.8.0\selenium-support-4.8.0.jar;C:\Users\Lenovo\.m2\repository\com\google\auto\service\auto-service-annotations\1.0.1\auto-service-annotations-1.0.1.jar;C:\Users\Lenovo\.m2\repository\com\google\auto\service\auto-service\1.0.1\auto-service-1.0.1.jar;C:\Users\Lenovo\.m2\repository\com\google\auto\auto-common\1.2\auto-common-1.2.jar;C:\Users\Lenovo\.m2\repository\org\seleniumhq\selenium\selenium-json\4.8.0\selenium-json-4.8.0.jar;C:\Users\Lenovo\.m2\repository\org\seleniumhq\selenium\selenium-chrome-driver\4.8.0\selenium-chrome-driver-4.8.0.jar;C:\Users\Lenovo\.m2\repository\org\seleniumhq\selenium\selenium-chromium-driver\4.8.0\selenium-chromium-driver-4.8.0.jar;C:\Users\Lenovo\.m2\repository\org\seleniumhq\selenium\selenium-firefox-driver\4.8.0\selenium-firefox-driver-4.8.0.jar;C:\Users\Lenovo\.m2\repository\org\seleniumhq\selenium\selenium-http\4.8.0\selenium-http-4.8.0.jar;C:\Users\Lenovo\.m2\repository\dev\failsafe\failsafe\3.3.0\failsafe-3.3.0.jar;C:\Users\Lenovo\.m2\repository\org\seleniumhq\selenium\selenium-edge-driver\4.8.0\selenium-edge-driver-4.8.0.jar;C:\Users\Lenovo\.m2\repository\org\seleniumhq\selenium\selenium-ie-driver\4.8.0\selenium-ie-driver-4.8.0.jar;C:\Users\Lenovo\.m2\repository\org\projectlombok\lombok\1.18.20\lombok-1.18.20.jar;C:\Users\Lenovo\.m2\repository\io\appium\java-client\8.3.0\java-client-8.3.0.jar;C:\Users\Lenovo\.m2\repository\commons-validator\commons-validator\1.7\commons-validator-1.7.jar;C:\Users\Lenovo\.m2\repository\commons-digester\commons-digester\2.1\commons-digester-2.1.jar;C:\Users\Lenovo\.m2\repository\org\apache\groovy\groovy\4.0.6\groovy-4.0.6.jar;C:\Users\Lenovo\.m2\repository\net\sf\opencsv\opencsv\2.0\opencsv-2.0.jar;C:\Users\Lenovo\.m2\repository\commons-beanutils\commons-beanutils\1.9.4\commons-beanutils-1.9.4.jar;C:\Users\Lenovo\.m2\repository\org\apache\commons\commons-lang3\3.12.0\commons-lang3-3.12.0.jar;C:\Users\Lenovo\.m2\repository\commons-collections\commons-collections\3.2.2\commons-collections-3.2.2.jar;C:\Users\Lenovo\.m2\repository\org\fluentlenium\fluentlenium-core\0.10.2\fluentlenium-core-0.10.2.jar;C:\Users\Lenovo\.m2\repository\io\github\bonigarcia\webdrivermanager\5.3.0\webdrivermanager-5.3.0.jar;C:\Users\Lenovo\.m2\repository\com\github\docker-java\docker-java\3.2.13\docker-java-3.2.13.jar;C:\Users\Lenovo\.m2\repository\com\github\docker-java\docker-java-core\3.2.13\docker-java-core-3.2.13.jar;C:\Users\Lenovo\.m2\repository\com\github\docker-java\docker-java-api\3.2.13\docker-java-api-3.2.13.jar;C:\Users\Lenovo\.m2\repository\org\apache\commons\commons-compress\1.21\commons-compress-1.21.jar;C:\Users\Lenovo\.m2\repository\org\bouncycastle\bcpkix-jdk15on\1.64\bcpkix-jdk15on-1.64.jar;C:\Users\Lenovo\.m2\repository\org\bouncycastle\bcprov-jdk15on\1.64\bcprov-jdk15on-1.64.jar;C:\Users\Lenovo\.m2\repository\org\slf4j\jcl-over-slf4j\1.7.30\jcl-over-slf4j-1.7.30.jar;C:\Users\Lenovo\.m2\repository\com\github\docker-java\docker-java-transport-httpclient5\3.2.13\docker-java-transport-httpclient5-3.2.13.jar;C:\Users\Lenovo\.m2\repository\com\github\docker-java\docker-java-transport\3.2.13\docker-java-transport-3.2.13.jar;C:\Users\Lenovo\.m2\repository\net\java\dev\jna\jna\5.8.0\jna-5.8.0.jar;C:\Users\Lenovo\.m2\repository\org\brotli\dec\0.1.2\dec-0.1.2.jar;C:\Users\Lenovo\.m2\repository\org\apache\httpcomponents\client5\httpclient5\5.1.3\httpclient5-5.1.3.jar;C:\Users\Lenovo\.m2\repository\org\apache\httpcomponents\core5\httpcore5\5.1.3\httpcore5-5.1.3.jar;C:\Users\Lenovo\.m2\repository\org\apache\httpcomponents\core5\httpcore5-h2\5.1.3\httpcore5-h2-5.1.3.jar;C:\Users\Lenovo\.m2\repository\com\jhlabs\filters\2.0.235\filters-2.0.235.jar;C:\Users\Lenovo\.m2\repository\com\paulhammant\ngwebdriver\1.1.6\ngwebdriver-1.1.6.jar;C:\Users\Lenovo\.m2\repository\joda-time\joda-time\2.8.2\joda-time-2.8.2.jar;C:\Users\Lenovo\.m2\repository\org\hamcrest\hamcrest\2.2\hamcrest-2.2.jar;C:\Users\Lenovo\.m2\repository\com\google\jimfs\jimfs\1.2\jimfs-1.2.jar;C:\Users\Lenovo\.m2\repository\org\mockito\mockito-core\3.3.3\mockito-core-3.3.3.jar;C:\Users\Lenovo\.m2\repository\javax\xml\bind\jaxb-api\2.3.1\jaxb-api-2.3.1.jar;C:\Users\Lenovo\.m2\repository\javax\activation\javax.activation-api\1.2.0\javax.activation-api-1.2.0.jar;C:\Users\Lenovo\.m2\repository\com\sun\xml\bind\jaxb-core\2.3.0.1\jaxb-core-2.3.0.1.jar;C:\Users\Lenovo\.m2\repository\com\sun\xml\bind\jaxb-impl\2.3.3\jaxb-impl-2.3.3.jar;C:\Users\Lenovo\.m2\repository\jakarta\xml\bind\jakarta.xml.bind-api\2.3.3\jakarta.xml.bind-api-2.3.3.jar;C:\Users\Lenovo\.m2\repository\com\sun\activation\jakarta.activation\1.2.2\jakarta.activation-1.2.2.jar;C:\Users\Lenovo\.m2\repository\javax\activation\activation\1.1.1\activation-1.1.1.jar;C:\Users\Lenovo\.m2\repository\net\serenity-bdd\serenity-rest-assured\3.6.12\serenity-rest-assured-3.6.12.jar;C:\Users\Lenovo\.m2\repository\io\rest-assured\rest-assured\5.2.0\rest-assured-5.2.0.jar;C:\Users\Lenovo\.m2\repository\org\apache\httpcomponents\httpmime\4.5.13\httpmime-4.5.13.jar;C:\Users\Lenovo\.m2\repository\org\ccil\cowan\tagsoup\tagsoup\1.2.1\tagsoup-1.2.1.jar;C:\Users\Lenovo\.m2\repository\io\rest-assured\json-path\5.2.0\json-path-5.2.0.jar;C:\Users\Lenovo\.m2\repository\io\rest-assured\rest-assured-common\5.2.0\rest-assured-common-5.2.0.jar;C:\Users\Lenovo\.m2\repository\io\rest-assured\xml-path\5.2.0\xml-path-5.2.0.jar;C:\Users\Lenovo\.m2\repository\org\apache\groovy\groovy-json\4.0.6\groovy-json-4.0.6.jar;C:\Users\Lenovo\.m2\repository\org\apache\groovy\groovy-xml\4.0.6\groovy-xml-4.0.6.jar;C:\Users\Lenovo\.m2\repository\org\opentest4j\opentest4j\1.2.0\opentest4j-1.2.0.jar;C:\Users\Lenovo\.m2\repository\net\serenity-bdd\serenity-cucumber\3.6.12\serenity-cucumber-3.6.12.jar;C:\Users\Lenovo\.m2\repository\io\cucumber\cucumber-core\7.11.0\cucumber-core-7.11.0.jar;C:\Users\Lenovo\.m2\repository\io\cucumber\cucumber-gherkin\7.11.0\cucumber-gherkin-7.11.0.jar;C:\Users\Lenovo\.m2\repository\io\cucumber\cucumber-gherkin-messages\7.11.0\cucumber-gherkin-messages-7.11.0.jar;C:\Users\Lenovo\.m2\repository\io\cucumber\gherkin\26.0.3\gherkin-26.0.3.jar;C:\Users\Lenovo\.m2\repository\io\cucumber\messages\21.0.1\messages-21.0.1.jar;C:\Users\Lenovo\.m2\repository\io\cucumber\tag-expressions\5.0.1\tag-expressions-5.0.1.jar;C:\Users\Lenovo\.m2\repository\io\cucumber\cucumber-expressions\16.1.1\cucumber-expressions-16.1.1.jar;C:\Users\Lenovo\.m2\repository\io\cucumber\datatable\7.11.0\datatable-7.11.0.jar;C:\Users\Lenovo\.m2\repository\io\cucumber\cucumber-plugin\7.11.0\cucumber-plugin-7.11.0.jar;C:\Users\Lenovo\.m2\repository\io\cucumber\docstring\7.11.0\docstring-7.11.0.jar;C:\Users\Lenovo\.m2\repository\io\cucumber\html-formatter\20.2.1\html-formatter-20.2.1.jar;C:\Users\Lenovo\.m2\repository\io\cucumber\junit-xml-formatter\0.1.0\junit-xml-formatter-0.1.0.jar;C:\Users\Lenovo\.m2\repository\io\cucumber\ci-environment\9.1.0\ci-environment-9.1.0.jar;C:\Users\Lenovo\.m2\repository\io\cucumber\cucumber-java\7.11.0\cucumber-java-7.11.0.jar;C:\Users\Lenovo\.m2\repository\io\cucumber\cucumber-junit\7.11.0\cucumber-junit-7.11.0.jar;C:\Users\Lenovo\.m2\repository\org\apache\commons\commons-csv\1.5\commons-csv-1.5.jar;C:\Users\Lenovo\.m2\repository\net\serenity-bdd\serenity-screenplay\3.6.12\serenity-screenplay-3.6.12.jar;C:\Users\Lenovo\.m2\repository\net\serenity-bdd\serenity-screenplay-webdriver\3.6.12\serenity-screenplay-webdriver-3.6.12.jar;C:\Users\Lenovo\.m2\repository\net\serenity-bdd\serenity-ensure\3.6.12\serenity-ensure-3.6.12.jar;C:\Users\Lenovo\.m2\repository\net\serenity-bdd\serenity-junit\3.6.12\serenity-junit-3.6.12.jar;C:\Users\Lenovo\.m2\repository\org\jetbrains\kotlin\kotlin-stdlib\1.7.21\kotlin-stdlib-1.7.21.jar;C:\Users\Lenovo\.m2\repository\org\jetbrains\kotlin\kotlin-stdlib-common\1.7.21\kotlin-stdlib-common-1.7.21.jar;C:\Users\Lenovo\.m2\repository\org\jetbrains\annotations\13.0\annotations-13.0.jar;C:\Users\Lenovo\.m2\repository\org\junit\platform\junit-platform-launcher\1.9.2\junit-platform-launcher-1.9.2.jar;C:\Users\Lenovo\.m2\repository\org\junit\platform\junit-platform-engine\1.9.2\junit-platform-engine-1.9.2.jar;C:\Users\Lenovo\.m2\repository\org\junit\platform\junit-platform-commons\1.9.2\junit-platform-commons-1.9.2.jar;C:\Users\Lenovo\.m2\repository\org\apiguardian\apiguardian-api\1.1.2\apiguardian-api-1.1.2.jar;C:\Users\Lenovo\.m2\repository\org\junit\jupiter\junit-jupiter-engine\5.9.2\junit-jupiter-engine-5.9.2.jar;C:\Users\Lenovo\.m2\repository\org\junit\jupiter\junit-jupiter-api\5.9.2\junit-jupiter-api-5.9.2.jar;C:\Users\Lenovo\.m2\repository\org\junit\vintage\junit-vintage-engine\5.9.2\junit-vintage-engine-5.9.2.jar;C:\Users\Lenovo\.m2\repository\junit\junit\4.13.2\junit-4.13.2.jar;C:\Users\Lenovo\.m2\repository\org\hamcrest\hamcrest-core\1.3\hamcrest-core-1.3.jar;C:\Users\Lenovo\.m2\repository\ch\qos\logback\logback-classic\1.4.6\logback-classic-1.4.6.jar;C:\Users\Lenovo\.m2\repository\ch\qos\logback\logback-core\1.4.6\logback-core-1.4.6.jar;C:\Users\Lenovo\.m2\repository\org\slf4j\slf4j-api\2.0.4\slf4j-api-2.0.4.jar;C:\Users\Lenovo\.m2\repository\org\assertj\assertj-core\3.24.2\assertj-core-3.24.2.jar;C:\Users\Lenovo\.m2\repository\net\bytebuddy\byte-buddy\1.12.21\byte-buddy-1.12.21.jar;C:\Users\Lenovo\.m2\repository\com\googlecode\json-simple\json-simple\1.1.1\json-simple-1.1.1.jar;C:\Users\Lenovo\.m2\repository\org\testng\testng\7.7.0\testng-7.7.0.jar;C:\Users\Lenovo\.m2\repository\com\beust\jcommander\1.82\jcommander-1.82.jar;C:\Users\Lenovo\.m2\repository\org\webjars\jquery\3.6.1\jquery-3.6.1.jar;"/>
    <property name="sun.cpu.endian" value="little"/>
    <property name="user.home" value="C:\Users\Lenovo"/>
    <property name="user.language" value="en"/>
    <property name="java.specification.vendor" value="Oracle Corporation"/>
    <property name="jdk.module.path" value="D:\TaksAlterra\MiniProject\MiniProject_API\target\MiniProject_API-1.0-SNAPSHOT.jar"/>
    <property name="java.version.date" value="2023-07-18"/>
    <property name="java.home" value="C:\Program Files\Java\jdk-17"/>
    <property name="file.separator" value="\"/>
    <property name="basedir" value="D:\TaksAlterra\MiniProject\MiniProject_API"/>
    <property name="java.vm.compressedOopsMode" value="Zero based"/>
    <property name="line.separator" value="&#10;"/>
    <property name="java.vm.specification.vendor" value="Oracle Corporation"/>
    <property name="java.specification.name" value="Java Platform API Specification"/>
    <property name="surefire.real.class.path" value="C:\Users\Lenovo\.m2\repository\org\apache\maven\surefire\surefire-booter\3.0.0-M5\surefire-booter-3.0.0-M5.jar;C:\Users\Lenovo\.m2\repository\org\apache\maven\surefire\surefire-api\3.0.0-M5\surefire-api-3.0.0-M5.jar;C:\Users\Lenovo\.m2\repository\org\apache\maven\surefire\surefire-logger-api\3.0.0-M5\surefire-logger-api-3.0.0-M5.jar;C:\Users\Lenovo\.m2\repository\org\apache\maven\surefire\surefire-shared-utils\3.0.0-M4\surefire-shared-utils-3.0.0-M4.jar;C:\Users\Lenovo\.m2\repository\org\apache\maven\surefire\surefire-extensions-spi\3.0.0-M5\surefire-extensions-spi-3.0.0-M5.jar;D:\TaksAlterra\MiniProject\MiniProject_API\target\test-classes;C:\Users\Lenovo\.m2\repository\net\serenity-bdd\serenity-core\3.6.12\serenity-core-3.6.12.jar;C:\Users\Lenovo\.m2\repository\net\serenity-bdd\serenity-model\3.6.12\serenity-model-3.6.12.jar;C:\Users\Lenovo\.m2\repository\org\apache\commons\commons-text\1.10.0\commons-text-1.10.0.jar;C:\Users\Lenovo\.m2\repository\commons-net\commons-net\3.9.0\commons-net-3.9.0.jar;C:\Users\Lenovo\.m2\repository\com\google\guava\guava\31.1-jre\guava-31.1-jre.jar;C:\Users\Lenovo\.m2\repository\com\google\guava\failureaccess\1.0.1\failureaccess-1.0.1.jar;C:\Users\Lenovo\.m2\repository\com\google\guava\listenablefuture\9999.0-empty-to-avoid-conflict-with-guava\listenablefuture-9999.0-empty-to-avoid-conflict-with-guava.jar;C:\Users\Lenovo\.m2\repository\com\google\code\findbugs\jsr305\3.0.2\jsr305-3.0.2.jar;C:\Users\Lenovo\.m2\repository\org\checkerframework\checker-qual\3.12.0\checker-qual-3.12.0.jar;C:\Users\Lenovo\.m2\repository\com\google\errorprone\error_prone_annotations\2.11.0\error_prone_annotations-2.11.0.jar;C:\Users\Lenovo\.m2\repository\com\google\j2objc\j2objc-annotations\1.3\j2objc-annotations-1.3.jar;C:\Users\Lenovo\.m2\repository\com\google\inject\guice\5.1.0\guice-5.1.0.jar;C:\Users\Lenovo\.m2\repository\javax\inject\javax.inject\1\javax.inject-1.jar;C:\Users\Lenovo\.m2\repository\aopalliance\aopalliance\1.0\aopalliance-1.0.jar;C:\Users\Lenovo\.m2\repository\org\jsoup\jsoup\1.14.3\jsoup-1.14.3.jar;C:\Users\Lenovo\.m2\repository\com\thoughtworks\xstream\xstream\1.4.20\xstream-1.4.20.jar;C:\Users\Lenovo\.m2\repository\io\github\x-stream\mxparser\1.2.2\mxparser-1.2.2.jar;C:\Users\Lenovo\.m2\repository\xmlpull\xmlpull\1.1.3.1\xmlpull-1.1.3.1.jar;C:\Users\Lenovo\.m2\repository\com\typesafe\config\1.4.2\config-1.4.2.jar;C:\Users\Lenovo\.m2\repository\org\imgscalr\imgscalr-lib\4.2\imgscalr-lib-4.2.jar;C:\Users\Lenovo\.m2\repository\org\awaitility\awaitility\4.2.0\awaitility-4.2.0.jar;C:\Users\Lenovo\.m2\repository\org\freemarker\freemarker\2.3.31\freemarker-2.3.31.jar;C:\Users\Lenovo\.m2\repository\io\github\classgraph\classgraph\4.8.138\classgraph-4.8.138.jar;C:\Users\Lenovo\.m2\repository\net\sourceforge\jexcelapi\jxl\2.6.12\jxl-2.6.12.jar;C:\Users\Lenovo\.m2\repository\net\bytebuddy\byte-buddy-agent\1.12.22\byte-buddy-agent-1.12.22.jar;C:\Users\Lenovo\.m2\repository\org\objenesis\objenesis\3.1\objenesis-3.1.jar;C:\Users\Lenovo\.m2\repository\net\serenity-bdd\serenity-reports\3.6.12\serenity-reports-3.6.12.jar;C:\Users\Lenovo\.m2\repository\net\serenity-bdd\serenity-stats\3.6.12\serenity-stats-3.6.12.jar;C:\Users\Lenovo\.m2\repository\net\serenity-bdd\serenity-reports-configuration\3.6.12\serenity-reports-configuration-3.6.12.jar;C:\Users\Lenovo\.m2\repository\com\vladsch\flexmark\flexmark-all\0.34.30\flexmark-all-0.34.30.jar;C:\Users\Lenovo\.m2\repository\com\vladsch\flexmark\flexmark\0.34.30\flexmark-0.34.30.jar;C:\Users\Lenovo\.m2\repository\com\vladsch\flexmark\flexmark-ext-abbreviation\0.34.30\flexmark-ext-abbreviation-0.34.30.jar;C:\Users\Lenovo\.m2\repository\com\vladsch\flexmark\flexmark-ext-admonition\0.34.30\flexmark-ext-admonition-0.34.30.jar;C:\Users\Lenovo\.m2\repository\com\vladsch\flexmark\flexmark-ext-anchorlink\0.34.30\flexmark-ext-anchorlink-0.34.30.jar;C:\Users\Lenovo\.m2\repository\com\vladsch\flexmark\flexmark-ext-aside\0.34.30\flexmark-ext-aside-0.34.30.jar;C:\Users\Lenovo\.m2\repository\com\vladsch\flexmark\flexmark-ext-attributes\0.34.30\flexmark-ext-attributes-0.34.30.jar;C:\Users\Lenovo\.m2\repository\com\vladsch\flexmark\flexmark-ext-autolink\0.34.30\flexmark-ext-autolink-0.34.30.jar;C:\Users\Lenovo\.m2\repository\org\nibor\autolink\autolink\0.6.0\autolink-0.6.0.jar;C:\Users\Lenovo\.m2\repository\com\vladsch\flexmark\flexmark-ext-definition\0.34.30\flexmark-ext-definition-0.34.30.jar;C:\Users\Lenovo\.m2\repository\com\vladsch\flexmark\flexmark-ext-emoji\0.34.30\flexmark-ext-emoji-0.34.30.jar;C:\Users\Lenovo\.m2\repository\com\vladsch\flexmark\flexmark-ext-enumerated-reference\0.34.30\flexmark-ext-enumerated-reference-0.34.30.jar;C:\Users\Lenovo\.m2\repository\com\vladsch\flexmark\flexmark-ext-escaped-character\0.34.30\flexmark-ext-escaped-character-0.34.30.jar;C:\Users\Lenovo\.m2\repository\com\vladsch\flexmark\flexmark-ext-footnotes\0.34.30\flexmark-ext-footnotes-0.34.30.jar;C:\Users\Lenovo\.m2\repository\com\vladsch\flexmark\flexmark-ext-gfm-issues\0.34.30\flexmark-ext-gfm-issues-0.34.30.jar;C:\Users\Lenovo\.m2\repository\com\vladsch\flexmark\flexmark-ext-gfm-strikethrough\0.34.30\flexmark-ext-gfm-strikethrough-0.34.30.jar;C:\Users\Lenovo\.m2\repository\com\vladsch\flexmark\flexmark-ext-gfm-tables\0.34.30\flexmark-ext-gfm-tables-0.34.30.jar;C:\Users\Lenovo\.m2\repository\com\vladsch\flexmark\flexmark-ext-gfm-tasklist\0.34.30\flexmark-ext-gfm-tasklist-0.34.30.jar;C:\Users\Lenovo\.m2\repository\com\vladsch\flexmark\flexmark-ext-gfm-users\0.34.30\flexmark-ext-gfm-users-0.34.30.jar;C:\Users\Lenovo\.m2\repository\com\vladsch\flexmark\flexmark-ext-gitlab\0.34.30\flexmark-ext-gitlab-0.34.30.jar;C:\Users\Lenovo\.m2\repository\com\vladsch\flexmark\flexmark-ext-jekyll-front-matter\0.34.30\flexmark-ext-jekyll-front-matter-0.34.30.jar;C:\Users\Lenovo\.m2\repository\com\vladsch\flexmark\flexmark-ext-jekyll-tag\0.34.30\flexmark-ext-jekyll-tag-0.34.30.jar;C:\Users\Lenovo\.m2\repository\com\vladsch\flexmark\flexmark-ext-media-tags\0.34.30\flexmark-ext-media-tags-0.34.30.jar;C:\Users\Lenovo\.m2\repository\com\vladsch\flexmark\flexmark-test-util\0.34.30\flexmark-test-util-0.34.30.jar;C:\Users\Lenovo\.m2\repository\com\vladsch\flexmark\flexmark-ext-ins\0.34.30\flexmark-ext-ins-0.34.30.jar;C:\Users\Lenovo\.m2\repository\com\vladsch\flexmark\flexmark-ext-xwiki-macros\0.34.30\flexmark-ext-xwiki-macros-0.34.30.jar;C:\Users\Lenovo\.m2\repository\com\vladsch\flexmark\flexmark-ext-superscript\0.34.30\flexmark-ext-superscript-0.34.30.jar;C:\Users\Lenovo\.m2\repository\com\vladsch\flexmark\flexmark-ext-tables\0.34.30\flexmark-ext-tables-0.34.30.jar;C:\Users\Lenovo\.m2\repository\com\vladsch\flexmark\flexmark-ext-toc\0.34.30\flexmark-ext-toc-0.34.30.jar;C:\Users\Lenovo\.m2\repository\com\vladsch\flexmark\flexmark-ext-typographic\0.34.30\flexmark-ext-typographic-0.34.30.jar;C:\Users\Lenovo\.m2\repository\com\vladsch\flexmark\flexmark-ext-wikilink\0.34.30\flexmark-ext-wikilink-0.34.30.jar;C:\Users\Lenovo\.m2\repository\com\vladsch\flexmark\flexmark-ext-yaml-front-matter\0.34.30\flexmark-ext-yaml-front-matter-0.34.30.jar;C:\Users\Lenovo\.m2\repository\com\vladsch\flexmark\flexmark-ext-youtube-embedded\0.34.30\flexmark-ext-youtube-embedded-0.34.30.jar;C:\Users\Lenovo\.m2\repository\com\vladsch\flexmark\flexmark-formatter\0.34.30\flexmark-formatter-0.34.30.jar;C:\Users\Lenovo\.m2\repository\com\vladsch\flexmark\flexmark-html-parser\0.34.30\flexmark-html-parser-0.34.30.jar;C:\Users\Lenovo\.m2\repository\com\vladsch\flexmark\flexmark-jira-converter\0.34.30\flexmark-jira-converter-0.34.30.jar;C:\Users\Lenovo\.m2\repository\com\vladsch\flexmark\flexmark-pdf-converter\0.34.30\flexmark-pdf-converter-0.34.30.jar;C:\Users\Lenovo\.m2\repository\com\openhtmltopdf\openhtmltopdf-core\0.0.1-RC13\openhtmltopdf-core-0.0.1-RC13.jar;C:\Users\Lenovo\.m2\repository\com\openhtmltopdf\openhtmltopdf-pdfbox\0.0.1-RC13\openhtmltopdf-pdfbox-0.0.1-RC13.jar;C:\Users\Lenovo\.m2\repository\org\apache\pdfbox\pdfbox\2.0.8\pdfbox-2.0.8.jar;C:\Users\Lenovo\.m2\repository\org\apache\pdfbox\fontbox\2.0.8\fontbox-2.0.8.jar;C:\Users\Lenovo\.m2\repository\org\apache\pdfbox\xmpbox\2.0.8\xmpbox-2.0.8.jar;C:\Users\Lenovo\.m2\repository\de\rototor\pdfbox\graphics2d\0.12\graphics2d-0.12.jar;C:\Users\Lenovo\.m2\repository\com\openhtmltopdf\openhtmltopdf-rtl-support\0.0.1-RC13\openhtmltopdf-rtl-support-0.0.1-RC13.jar;C:\Users\Lenovo\.m2\repository\com\ibm\icu\icu4j\59.1\icu4j-59.1.jar;C:\Users\Lenovo\.m2\repository\com\openhtmltopdf\openhtmltopdf-jsoup-dom-converter\0.0.1-RC13\openhtmltopdf-jsoup-dom-converter-0.0.1-RC13.jar;C:\Users\Lenovo\.m2\repository\com\vladsch\flexmark\flexmark-profile-pegdown\0.34.30\flexmark-profile-pegdown-0.34.30.jar;C:\Users\Lenovo\.m2\repository\com\vladsch\flexmark\flexmark-util\0.34.30\flexmark-util-0.34.30.jar;C:\Users\Lenovo\.m2\repository\com\vladsch\flexmark\flexmark-youtrack-converter\0.34.30\flexmark-youtrack-converter-0.34.30.jar;C:\Users\Lenovo\.m2\repository\es\nitaur\markdown\txtmark\0.16\txtmark-0.16.jar;C:\Users\Lenovo\.m2\repository\net\serenity-bdd\serenity-report-resources\3.6.12\serenity-report-resources-3.6.12.jar;C:\Users\Lenovo\.m2\repository\com\google\code\gson\gson\2.9.0\gson-2.9.0.jar;C:\Users\Lenovo\.m2\repository\com\fasterxml\jackson\core\jackson-core\2.14.2\jackson-core-2.14.2.jar;C:\Users\Lenovo\.m2\repository\com\fasterxml\jackson\core\jackson-databind\2.14.2\jackson-databind-2.14.2.jar;C:\Users\Lenovo\.m2\repository\com\fasterxml\jackson\core\jackson-annotations\2.14.2\jackson-annotations-2.14.2.jar;C:\Users\Lenovo\.m2\repository\commons-codec\commons-codec\1.15\commons-codec-1.15.jar;C:\Users\Lenovo\.m2\repository\commons-io\commons-io\2.11.0\commons-io-2.11.0.jar;C:\Users\Lenovo\.m2\repository\org\apache\httpcomponents\httpclient\4.5.13\httpclient-4.5.13.jar;C:\Users\Lenovo\.m2\repository\org\apache\httpcomponents\httpcore\4.4.13\httpcore-4.4.13.jar;C:\Users\Lenovo\.m2\repository\commons-logging\commons-logging\1.2\commons-logging-1.2.jar;C:\Users\Lenovo\.m2\repository\org\seleniumhq\selenium\selenium-java\4.8.0\selenium-java-4.8.0.jar;C:\Users\Lenovo\.m2\repository\org\seleniumhq\selenium\selenium-devtools-v107\4.8.0\selenium-devtools-v107-4.8.0.jar;C:\Users\Lenovo\.m2\repository\org\seleniumhq\selenium\selenium-devtools-v108\4.8.0\selenium-devtools-v108-4.8.0.jar;C:\Users\Lenovo\.m2\repository\org\seleniumhq\selenium\selenium-devtools-v109\4.8.0\selenium-devtools-v109-4.8.0.jar;C:\Users\Lenovo\.m2\repository\org\seleniumhq\selenium\selenium-devtools-v85\4.8.0\selenium-devtools-v85-4.8.0.jar;C:\Users\Lenovo\.m2\repository\org\seleniumhq\selenium\selenium-remote-driver\4.8.0\selenium-remote-driver-4.8.0.jar;C:\Users\Lenovo\.m2\repository\io\netty\netty-buffer\4.1.87.Final\netty-buffer-4.1.87.Final.jar;C:\Users\Lenovo\.m2\repository\io\netty\netty-codec-http\4.1.87.Final\netty-codec-http-4.1.87.Final.jar;C:\Users\Lenovo\.m2\repository\io\netty\netty-codec\4.1.87.Final\netty-codec-4.1.87.Final.jar;C:\Users\Lenovo\.m2\repository\io\netty\netty-handler\4.1.87.Final\netty-handler-4.1.87.Final.jar;C:\Users\Lenovo\.m2\repository\io\netty\netty-common\4.1.87.Final\netty-common-4.1.87.Final.jar;C:\Users\Lenovo\.m2\repository\io\netty\netty-transport-classes-epoll\4.1.87.Final\netty-transport-classes-epoll-4.1.87.Final.jar;C:\Users\Lenovo\.m2\repository\io\netty\netty-transport-classes-kqueue\4.1.87.Final\netty-transport-classes-kqueue-4.1.87.Final.jar;C:\Users\Lenovo\.m2\repository\io\netty\netty-transport-native-epoll\4.1.87.Final\netty-transport-native-epoll-4.1.87.Final.jar;C:\Users\Lenovo\.m2\repository\io\netty\netty-transport-native-kqueue\4.1.87.Final\netty-transport-native-kqueue-4.1.87.Final.jar;C:\Users\Lenovo\.m2\repository\io\netty\netty-transport-native-unix-common\4.1.87.Final\netty-transport-native-unix-common-4.1.87.Final.jar;C:\Users\Lenovo\.m2\repository\io\netty\netty-transport\4.1.87.Final\netty-transport-4.1.87.Final.jar;C:\Users\Lenovo\.m2\repository\io\netty\netty-resolver\4.1.87.Final\netty-resolver-4.1.87.Final.jar;C:\Users\Lenovo\.m2\repository\io\opentelemetry\opentelemetry-api\1.22.0\opentelemetry-api-1.22.0.jar;C:\Users\Lenovo\.m2\repository\io\opentelemetry\opentelemetry-context\1.22.0\opentelemetry-context-1.22.0.jar;C:\Users\Lenovo\.m2\repository\io\opentelemetry\opentelemetry-exporter-logging\1.22.0\opentelemetry-exporter-logging-1.22.0.jar;C:\Users\Lenovo\.m2\repository\io\opentelemetry\opentelemetry-sdk-metrics\1.22.0\opentelemetry-sdk-metrics-1.22.0.jar;C:\Users\Lenovo\.m2\repository\io\opentelemetry\opentelemetry-sdk-logs\1.22.0-alpha\opentelemetry-sdk-logs-1.22.0-alpha.jar;C:\Users\Lenovo\.m2\repository\io\opentelemetry\opentelemetry-api-logs\1.22.0-alpha\opentelemetry-api-logs-1.22.0-alpha.jar;C:\Users\Lenovo\.m2\repository\io\opentelemetry\opentelemetry-sdk-common\1.22.0\opentelemetry-sdk-common-1.22.0.jar;C:\Users\Lenovo\.m2\repository\io\opentelemetry\opentelemetry-sdk-extension-autoconfigure-spi\1.22.0\opentelemetry-sdk-extension-autoconfigure-spi-1.22.0.jar;C:\Users\Lenovo\.m2\repository\io\opentelemetry\opentelemetry-sdk-extension-autoconfigure\1.22.0-alpha\opentelemetry-sdk-extension-autoconfigure-1.22.0-alpha.jar;C:\Users\Lenovo\.m2\repository\io\opentelemetry\opentelemetry-sdk-trace\1.22.0\opentelemetry-sdk-trace-1.22.0.jar;C:\Users\Lenovo\.m2\repository\io\opentelemetry\opentelemetry-sdk\1.22.0\opentelemetry-sdk-1.22.0.jar;C:\Users\Lenovo\.m2\repository\io\opentelemetry\opentelemetry-semconv\1.22.0-alpha\opentelemetry-semconv-1.22.0-alpha.jar;C:\Users\Lenovo\.m2\repository\io\ous\jtoml\2.0.0\jtoml-2.0.0.jar;C:\Users\Lenovo\.m2\repository\org\apache\commons\commons-exec\1.3\commons-exec-1.3.jar;C:\Users\Lenovo\.m2\repository\org\asynchttpclient\async-http-client\2.12.3\async-http-client-2.12.3.jar;C:\Users\Lenovo\.m2\repository\org\asynchttpclient\async-http-client-netty-utils\2.12.3\async-http-client-netty-utils-2.12.3.jar;C:\Users\Lenovo\.m2\repository\io\netty\netty-codec-socks\4.1.60.Final\netty-codec-socks-4.1.60.Final.jar;C:\Users\Lenovo\.m2\repository\io\netty\netty-handler-proxy\4.1.60.Final\netty-handler-proxy-4.1.60.Final.jar;C:\Users\Lenovo\.m2\repository\io\netty\netty-transport-native-epoll\4.1.60.Final\netty-transport-native-epoll-4.1.60.Final-linux-x86_64.jar;C:\Users\Lenovo\.m2\repository\io\netty\netty-transport-native-kqueue\4.1.60.Final\netty-transport-native-kqueue-4.1.60.Final-osx-x86_64.jar;C:\Users\Lenovo\.m2\repository\org\reactivestreams\reactive-streams\1.0.3\reactive-streams-1.0.3.jar;C:\Users\Lenovo\.m2\repository\com\typesafe\netty\netty-reactive-streams\2.0.4\netty-reactive-streams-2.0.4.jar;C:\Users\Lenovo\.m2\repository\org\seleniumhq\selenium\selenium-manager\4.8.0\selenium-manager-4.8.0.jar;C:\Users\Lenovo\.m2\repository\org\seleniumhq\selenium\selenium-safari-driver\4.8.0\selenium-safari-driver-4.8.0.jar;C:\Users\Lenovo\.m2\repository\org\seleniumhq\selenium\selenium-api\4.8.0\selenium-api-4.8.0.jar;C:\Users\Lenovo\.m2\repository\org\seleniumhq\selenium\selenium-support\4.8.0\selenium-support-4.8.0.jar;C:\Users\Lenovo\.m2\repository\com\google\auto\service\auto-service-annotations\1.0.1\auto-service-annotations-1.0.1.jar;C:\Users\Lenovo\.m2\repository\com\google\auto\service\auto-service\1.0.1\auto-service-1.0.1.jar;C:\Users\Lenovo\.m2\repository\com\google\auto\auto-common\1.2\auto-common-1.2.jar;C:\Users\Lenovo\.m2\repository\org\seleniumhq\selenium\selenium-json\4.8.0\selenium-json-4.8.0.jar;C:\Users\Lenovo\.m2\repository\org\seleniumhq\selenium\selenium-chrome-driver\4.8.0\selenium-chrome-driver-4.8.0.jar;C:\Users\Lenovo\.m2\repository\org\seleniumhq\selenium\selenium-chromium-driver\4.8.0\selenium-chromium-driver-4.8.0.jar;C:\Users\Lenovo\.m2\repository\org\seleniumhq\selenium\selenium-firefox-driver\4.8.0\selenium-firefox-driver-4.8.0.jar;C:\Users\Lenovo\.m2\repository\org\seleniumhq\selenium\selenium-http\4.8.0\selenium-http-4.8.0.jar;C:\Users\Lenovo\.m2\repository\dev\failsafe\failsafe\3.3.0\failsafe-3.3.0.jar;C:\Users\Lenovo\.m2\repository\org\seleniumhq\selenium\selenium-edge-driver\4.8.0\selenium-edge-driver-4.8.0.jar;C:\Users\Lenovo\.m2\repository\org\seleniumhq\selenium\selenium-ie-driver\4.8.0\selenium-ie-driver-4.8.0.jar;C:\Users\Lenovo\.m2\repository\org\projectlombok\lombok\1.18.20\lombok-1.18.20.jar;C:\Users\Lenovo\.m2\repository\io\appium\java-client\8.3.0\java-client-8.3.0.jar;C:\Users\Lenovo\.m2\repository\commons-validator\commons-validator\1.7\commons-validator-1.7.jar;C:\Users\Lenovo\.m2\repository\commons-digester\commons-digester\2.1\commons-digester-2.1.jar;C:\Users\Lenovo\.m2\repository\org\apache\groovy\groovy\4.0.6\groovy-4.0.6.jar;C:\Users\Lenovo\.m2\repository\net\sf\opencsv\opencsv\2.0\opencsv-2.0.jar;C:\Users\Lenovo\.m2\repository\commons-beanutils\commons-beanutils\1.9.4\commons-beanutils-1.9.4.jar;C:\Users\Lenovo\.m2\repository\org\apache\commons\commons-lang3\3.12.0\commons-lang3-3.12.0.jar;C:\Users\Lenovo\.m2\repository\commons-collections\commons-collections\3.2.2\commons-collections-3.2.2.jar;C:\Users\Lenovo\.m2\repository\org\fluentlenium\fluentlenium-core\0.10.2\fluentlenium-core-0.10.2.jar;C:\Users\Lenovo\.m2\repository\io\github\bonigarcia\webdrivermanager\5.3.0\webdrivermanager-5.3.0.jar;C:\Users\Lenovo\.m2\repository\com\github\docker-java\docker-java\3.2.13\docker-java-3.2.13.jar;C:\Users\Lenovo\.m2\repository\com\github\docker-java\docker-java-core\3.2.13\docker-java-core-3.2.13.jar;C:\Users\Lenovo\.m2\repository\com\github\docker-java\docker-java-api\3.2.13\docker-java-api-3.2.13.jar;C:\Users\Lenovo\.m2\repository\org\apache\commons\commons-compress\1.21\commons-compress-1.21.jar;C:\Users\Lenovo\.m2\repository\org\bouncycastle\bcpkix-jdk15on\1.64\bcpkix-jdk15on-1.64.jar;C:\Users\Lenovo\.m2\repository\org\bouncycastle\bcprov-jdk15on\1.64\bcprov-jdk15on-1.64.jar;C:\Users\Lenovo\.m2\repository\org\slf4j\jcl-over-slf4j\1.7.30\jcl-over-slf4j-1.7.30.jar;C:\Users\Lenovo\.m2\repository\com\github\docker-java\docker-java-transport-httpclient5\3.2.13\docker-java-transport-httpclient5-3.2.13.jar;C:\Users\Lenovo\.m2\repository\com\github\docker-java\docker-java-transport\3.2.13\docker-java-transport-3.2.13.jar;C:\Users\Lenovo\.m2\repository\net\java\dev\jna\jna\5.8.0\jna-5.8.0.jar;C:\Users\Lenovo\.m2\repository\org\brotli\dec\0.1.2\dec-0.1.2.jar;C:\Users\Lenovo\.m2\repository\org\apache\httpcomponents\client5\httpclient5\5.1.3\httpclient5-5.1.3.jar;C:\Users\Lenovo\.m2\repository\org\apache\httpcomponents\core5\httpcore5\5.1.3\httpcore5-5.1.3.jar;C:\Users\Lenovo\.m2\repository\org\apache\httpcomponents\core5\httpcore5-h2\5.1.3\httpcore5-h2-5.1.3.jar;C:\Users\Lenovo\.m2\repository\com\jhlabs\filters\2.0.235\filters-2.0.235.jar;C:\Users\Lenovo\.m2\repository\com\paulhammant\ngwebdriver\1.1.6\ngwebdriver-1.1.6.jar;C:\Users\Lenovo\.m2\repository\joda-time\joda-time\2.8.2\joda-time-2.8.2.jar;C:\Users\Lenovo\.m2\repository\org\hamcrest\hamcrest\2.2\hamcrest-2.2.jar;C:\Users\Lenovo\.m2\repository\com\google\jimfs\jimfs\1.2\jimfs-1.2.jar;C:\Users\Lenovo\.m2\repository\org\mockito\mockito-core\3.3.3\mockito-core-3.3.3.jar;C:\Users\Lenovo\.m2\repository\javax\xml\bind\jaxb-api\2.3.1\jaxb-api-2.3.1.jar;C:\Users\Lenovo\.m2\repository\javax\activation\javax.activation-api\1.2.0\javax.activation-api-1.2.0.jar;C:\Users\Lenovo\.m2\repository\com\sun\xml\bind\jaxb-core\2.3.0.1\jaxb-core-2.3.0.1.jar;C:\Users\Lenovo\.m2\repository\com\sun\xml\bind\jaxb-impl\2.3.3\jaxb-impl-2.3.3.jar;C:\Users\Lenovo\.m2\repository\jakarta\xml\bind\jakarta.xml.bind-api\2.3.3\jakarta.xml.bind-api-2.3.3.jar;C:\Users\Lenovo\.m2\repository\com\sun\activation\jakarta.activation\1.2.2\jakarta.activation-1.2.2.jar;C:\Users\Lenovo\.m2\repository\javax\activation\activation\1.1.1\activation-1.1.1.jar;C:\Users\Lenovo\.m2\repository\net\serenity-bdd\serenity-rest-assured\3.6.12\serenity-rest-assured-3.6.12.jar;C:\Users\Lenovo\.m2\repository\io\rest-assured\rest-assured\5.2.0\rest-assured-5.2.0.jar;C:\Users\Lenovo\.m2\repository\org\apache\httpcomponents\httpmime\4.5.13\httpmime-4.5.13.jar;C:\Users\Lenovo\.m2\repository\org\ccil\cowan\tagsoup\tagsoup\1.2.1\tagsoup-1.2.1.jar;C:\Users\Lenovo\.m2\repository\io\rest-assured\json-path\5.2.0\json-path-5.2.0.jar;C:\Users\Lenovo\.m2\repository\io\rest-assured\rest-assured-common\5.2.0\rest-assured-common-5.2.0.jar;C:\Users\Lenovo\.m2\repository\io\rest-assured\xml-path\5.2.0\xml-path-5.2.0.jar;C:\Users\Lenovo\.m2\repository\org\apache\groovy\groovy-json\4.0.6\groovy-json-4.0.6.jar;C:\Users\Lenovo\.m2\repository\org\apache\groovy\groovy-xml\4.0.6\groovy-xml-4.0.6.jar;C:\Users\Lenovo\.m2\repository\org\opentest4j\opentest4j\1.2.0\opentest4j-1.2.0.jar;C:\Users\Lenovo\.m2\repository\net\serenity-bdd\serenity-cucumber\3.6.12\serenity-cucumber-3.6.12.jar;C:\Users\Lenovo\.m2\repository\io\cucumber\cucumber-core\7.11.0\cucumber-core-7.11.0.jar;C:\Users\Lenovo\.m2\repository\io\cucumber\cucumber-gherkin\7.11.0\cucumber-gherkin-7.11.0.jar;C:\Users\Lenovo\.m2\repository\io\cucumber\cucumber-gherkin-messages\7.11.0\cucumber-gherkin-messages-7.11.0.jar;C:\Users\Lenovo\.m2\repository\io\cucumber\gherkin\26.0.3\gherkin-26.0.3.jar;C:\Users\Lenovo\.m2\repository\io\cucumber\messages\21.0.1\messages-21.0.1.jar;C:\Users\Lenovo\.m2\repository\io\cucumber\tag-expressions\5.0.1\tag-expressions-5.0.1.jar;C:\Users\Lenovo\.m2\repository\io\cucumber\cucumber-expressions\16.1.1\cucumber-expressions-16.1.1.jar;C:\Users\Lenovo\.m2\repository\io\cucumber\datatable\7.11.0\datatable-7.11.0.jar;C:\Users\Lenovo\.m2\repository\io\cucumber\cucumber-plugin\7.11.0\cucumber-plugin-7.11.0.jar;C:\Users\Lenovo\.m2\repository\io\cucumber\docstring\7.11.0\docstring-7.11.0.jar;C:\Users\Lenovo\.m2\repository\io\cucumber\html-formatter\20.2.1\html-formatter-20.2.1.jar;C:\Users\Lenovo\.m2\repository\io\cucumber\junit-xml-formatter\0.1.0\junit-xml-formatter-0.1.0.jar;C:\Users\Lenovo\.m2\repository\io\cucumber\ci-environment\9.1.0\ci-environment-9.1.0.jar;C:\Users\Lenovo\.m2\repository\io\cucumber\cucumber-java\7.11.0\cucumber-java-7.11.0.jar;C:\Users\Lenovo\.m2\repository\io\cucumber\cucumber-junit\7.11.0\cucumber-junit-7.11.0.jar;C:\Users\Lenovo\.m2\repository\org\apache\commons\commons-csv\1.5\commons-csv-1.5.jar;C:\Users\Lenovo\.m2\repository\net\serenity-bdd\serenity-screenplay\3.6.12\serenity-screenplay-3.6.12.jar;C:\Users\Lenovo\.m2\repository\net\serenity-bdd\serenity-screenplay-webdriver\3.6.12\serenity-screenplay-webdriver-3.6.12.jar;C:\Users\Lenovo\.m2\repository\net\serenity-bdd\serenity-ensure\3.6.12\serenity-ensure-3.6.12.jar;C:\Users\Lenovo\.m2\repository\net\serenity-bdd\serenity-junit\3.6.12\serenity-junit-3.6.12.jar;C:\Users\Lenovo\.m2\repository\org\jetbrains\kotlin\kotlin-stdlib\1.7.21\kotlin-stdlib-1.7.21.jar;C:\Users\Lenovo\.m2\repository\org\jetbrains\kotlin\kotlin-stdlib-common\1.7.21\kotlin-stdlib-common-1.7.21.jar;C:\Users\Lenovo\.m2\repository\org\jetbrains\annotations\13.0\annotations-13.0.jar;C:\Users\Lenovo\.m2\repository\org\junit\platform\junit-platform-launcher\1.9.2\junit-platform-launcher-1.9.2.jar;C:\Users\Lenovo\.m2\repository\org\junit\platform\junit-platform-engine\1.9.2\junit-platform-engine-1.9.2.jar;C:\Users\Lenovo\.m2\repository\org\junit\platform\junit-platform-commons\1.9.2\junit-platform-commons-1.9.2.jar;C:\Users\Lenovo\.m2\repository\org\apiguardian\apiguardian-api\1.1.2\apiguardian-api-1.1.2.jar;C:\Users\Lenovo\.m2\repository\org\junit\jupiter\junit-jupiter-engine\5.9.2\junit-jupiter-engine-5.9.2.jar;C:\Users\Lenovo\.m2\repository\org\junit\jupiter\junit-jupiter-api\5.9.2\junit-jupiter-api-5.9.2.jar;C:\Users\Lenovo\.m2\repository\org\junit\vintage\junit-vintage-engine\5.9.2\junit-vintage-engine-5.9.2.jar;C:\Users\Lenovo\.m2\repository\junit\junit\4.13.2\junit-4.13.2.jar;C:\Users\Lenovo\.m2\repository\org\hamcrest\hamcrest-core\1.3\hamcrest-core-1.3.jar;C:\Users\Lenovo\.m2\repository\ch\qos\logback\logback-classic\1.4.6\logback-classic-1.4.6.jar;C:\Users\Lenovo\.m2\repository\ch\qos\logback\logback-core\1.4.6\logback-core-1.4.6.jar;C:\Users\Lenovo\.m2\repository\org\slf4j\slf4j-api\2.0.4\slf4j-api-2.0.4.jar;C:\Users\Lenovo\.m2\repository\org\assertj\assertj-core\3.24.2\assertj-core-3.24.2.jar;C:\Users\Lenovo\.m2\repository\net\bytebuddy\byte-buddy\1.12.21\byte-buddy-1.12.21.jar;C:\Users\Lenovo\.m2\repository\com\googlecode\json-simple\json-simple\1.1.1\json-simple-1.1.1.jar;C:\Users\Lenovo\.m2\repository\org\testng\testng\7.7.0\testng-7.7.0.jar;C:\Users\Lenovo\.m2\repository\com\beust\jcommander\1.82\jcommander-1.82.jar;C:\Users\Lenovo\.m2\repository\org\webjars\jquery\3.6.1\jquery-3.6.1.jar;C:\Users\Lenovo\.m2\repository\org\apache\maven\surefire\surefire-junit-platform\3.0.0-M5\surefire-junit-platform-3.0.0-M5.jar;C:\Users\Lenovo\.m2\repository\org\apache\maven\surefire\common-java5\3.0.0-M5\common-java5-3.0.0-M5.jar"/>
    <property name="user.script" value=""/>
    <property name="sun.management.compiler" value="HotSpot 64-Bit Tiered Compilers"/>
    <property name="java.runtime.version" value="17.0.8+9-LTS-211"/>
    <property name="user.name" value="Lenovo"/>
    <property name="path.separator" value=";"/>
    <property name="os.version" value="10.0"/>
    <property name="java.runtime.name" value="Java(TM) SE Runtime Environment"/>
    <property name="file.encoding" value="Cp1252"/>
    <property name="webdriver.base.url" value=""/>
    <property name="java.vm.name" value="Java HotSpot(TM) 64-Bit Server VM"/>
    <property name="localRepository" value="C:\Users\Lenovo\.m2\repository"/>
    <property name="java.vendor.url.bug" value="https://bugreport.java.com/bugreport/"/>
    <property name="java.io.tmpdir" value="C:\Users\Lenovo\AppData\Local\Temp\"/>
    <property name="java.version" value="17.0.8"/>
    <property name="user.dir" value="D:\TaksAlterra\MiniProject\MiniProject_API"/>
    <property name="os.arch" value="amd64"/>
    <property name="java.vm.specification.name" value="Java Virtual Machine Specification"/>
    <property name="sun.os.patch.level" value=""/>
    <property name="native.encoding" value="Cp1252"/>
    <property name="java.library.path" value="C:\Program Files\Java\jdk-17\bin;C:\WINDOWS\Sun\Java\bin;C:\WINDOWS\system32;C:\WINDOWS;C:\Program Files\Python311\Scripts\;C:\Program Files\Python311\;C:\Program Files\Common Files\Oracle\Java\javapath;C:\WINDOWS\system32;C:\WINDOWS;C:\WINDOWS\System32\Wbem;C:\WINDOWS\System32\WindowsPowerShell\v1.0\;C:\WINDOWS\System32\OpenSSH\;C:\Program Files\Microsoft VS Code\bin;C:\Program Files\Cloudflare\Cloudflare WARP\;C:\mingw32\bin;C:\Program Files\nodejs\;C:\Program Files\Git\cmd;C:\xampp\php;C:\composer;C:\Program Files\Java\jdk-17\bin;D:\maven\apache-maven-3.9.4\bin;C:\Users\Lenovo\AppData\Roaming\npm;C:\Program Files\Genymobile\Genymotion\tools;C:\Users\Lenovo\AppData\Local\Microsoft\WindowsApps;;C:\Users\Lenovo\AppData\Local\spicetify;C:\Users\Lenovo\AppData\Roaming\npm;C:\Users\Lenovo\AppData\Roaming\Composer\vendor\bin;."/>
    <property name="java.vm.info" value="mixed mode"/>
    <property name="java.vendor" value="Oracle Corporation"/>
    <property name="java.vm.version" value="17.0.8+9-LTS-211"/>
    <property name="sun.io.unicode.encoding" value="UnicodeLittle"/>
    <property name="java.class.version" value="61.0"/>
  </properties>
  <testcase name="TC73 - Get comment products valid endpoints" classname="[08_Automation] - Comment" time="2.724">
    <system-out><![CDATA[04:23:50.413 [main] DEBUG net.thucydides.core.guice.Injectors -- Created injector for module net.thucydides.core.guice.ThucydidesModule
04:23:50.647 [main] INFO io.cucumber.core.plugin.SerenityReporter -- Running feature from file:///D:/TaksAlterra/MiniProject/MiniProject_API/src/test/resources/Comment.feature
04:23:50.647 [main] WARN io.cucumber.core.plugin.SerenityReporter -- Feature from file:///D:/TaksAlterra/MiniProject/MiniProject_API/src/test/resources/Comment.feature is not under the 'features' directory. Requirements report will not be correctly generated!
04:23:50.766 [main] DEBUG net.thucydides.core.guice.Injectors -- Created injector for module net.thucydides.core.guice.webdriver.WebDriverModule
04:23:50.786 [main] INFO  -- 

-------------------------------------------------------------------------------------
     _______. _______ .______       _______ .__   __.  __  .___________.____    ____ 
    /       ||   ____||   _  \     |   ____||  \ |  | |  | |           |\   \  /   / 
   |   (----`|  |__   |  |_)  |    |  |__   |   \|  | |  | `---|  |----` \   \/   /  
    \   \    |   __|  |      /     |   __|  |  . `  | |  |     |  |       \_    _/   
.----)   |   |  |____ |  |\  \----.|  |____ |  |\   | |  |     |  |         |  |     
|_______/    |_______|| _| `._____||_______||__| \__| |__|     |__|         |__|    
                                                                                     
 News and tutorials at http://www.serenity-bdd.info                                  
 Documentation at https://wakaleo.gitbooks.io/the-serenity-book/content/             
 Join the Serenity Community on Gitter: https://gitter.im/serenity-bdd/serenity-core 
 Serenity BDD Support and Training at http://serenity-bdd.info/#/trainingandsupport  
-------------------------------------------------------------------------------------

04:23:50.788 [main] DEBUG net.thucydides.core.steps.StepEventBus -- Test suite started for story net.thucydides.core.model.Story@67ab0f63
04:23:50.789 [main] INFO  -- Test Suite Started: [08_Automation] - Comment
04:23:50.800 [main] INFO io.cucumber.core.plugin.SerenityReporter -- Running feature from file:///D:/TaksAlterra/MiniProject/MiniProject_API/src/test/resources/Login.feature
04:23:50.800 [main] WARN io.cucumber.core.plugin.SerenityReporter -- Feature from file:///D:/TaksAlterra/MiniProject/MiniProject_API/src/test/resources/Login.feature is not under the 'features' directory. Requirements report will not be correctly generated!
04:23:50.804 [main] DEBUG net.thucydides.core.steps.StepEventBus -- Test suite started for story net.thucydides.core.model.Story@9ac5c9a9
04:23:50.804 [main] INFO  -- Test Suite Started: [02_Automation] - Login
04:23:50.804 [main] INFO io.cucumber.core.plugin.SerenityReporter -- Running feature from file:///D:/TaksAlterra/MiniProject/MiniProject_API/src/test/resources/Orders.feature
04:23:50.804 [main] WARN io.cucumber.core.plugin.SerenityReporter -- Feature from file:///D:/TaksAlterra/MiniProject/MiniProject_API/src/test/resources/Orders.feature is not under the 'features' directory. Requirements report will not be correctly generated!
04:23:50.807 [main] DEBUG net.thucydides.core.steps.StepEventBus -- Test suite started for story net.thucydides.core.model.Story@d9dd1d4b
04:23:50.807 [main] INFO  -- Test Suite Started: [06_Automation] - Orders
04:23:50.807 [main] INFO io.cucumber.core.plugin.SerenityReporter -- Running feature from file:///D:/TaksAlterra/MiniProject/MiniProject_API/src/test/resources/ProductCategories.feature
04:23:50.807 [main] WARN io.cucumber.core.plugin.SerenityReporter -- Feature from file:///D:/TaksAlterra/MiniProject/MiniProject_API/src/test/resources/ProductCategories.feature is not under the 'features' directory. Requirements report will not be correctly generated!
04:23:50.812 [main] DEBUG net.thucydides.core.steps.StepEventBus -- Test suite started for story net.thucydides.core.model.Story@97399b2e
04:23:50.812 [main] INFO  -- Test Suite Started: [04_Automation] - Product Categories
04:23:50.812 [main] INFO io.cucumber.core.plugin.SerenityReporter -- Running feature from file:///D:/TaksAlterra/MiniProject/MiniProject_API/src/test/resources/Products.feature
04:23:50.812 [main] WARN io.cucumber.core.plugin.SerenityReporter -- Feature from file:///D:/TaksAlterra/MiniProject/MiniProject_API/src/test/resources/Products.feature is not under the 'features' directory. Requirements report will not be correctly generated!
04:23:50.816 [main] DEBUG net.thucydides.core.steps.StepEventBus -- Test suite started for story net.thucydides.core.model.Story@6d4c1ca7
04:23:50.816 [main] INFO  -- Test Suite Started: [05_Automation] - Product
04:23:50.816 [main] INFO io.cucumber.core.plugin.SerenityReporter -- Running feature from file:///D:/TaksAlterra/MiniProject/MiniProject_API/src/test/resources/Ratings.feature
04:23:50.816 [main] WARN io.cucumber.core.plugin.SerenityReporter -- Feature from file:///D:/TaksAlterra/MiniProject/MiniProject_API/src/test/resources/Ratings.feature is not under the 'features' directory. Requirements report will not be correctly generated!
04:23:50.819 [main] DEBUG net.thucydides.core.steps.StepEventBus -- Test suite started for story net.thucydides.core.model.Story@f34dfc64
04:23:50.819 [main] INFO  -- Test Suite Started: [07_Automation] - Ratings
04:23:50.819 [main] INFO io.cucumber.core.plugin.SerenityReporter -- Running feature from file:///D:/TaksAlterra/MiniProject/MiniProject_API/src/test/resources/Register.feature
04:23:50.819 [main] WARN io.cucumber.core.plugin.SerenityReporter -- Feature from file:///D:/TaksAlterra/MiniProject/MiniProject_API/src/test/resources/Register.feature is not under the 'features' directory. Requirements report will not be correctly generated!
04:23:50.821 [main] DEBUG net.thucydides.core.steps.StepEventBus -- Test suite started for story net.thucydides.core.model.Story@7a445946
04:23:50.822 [main] INFO  -- Test Suite Started: [01_Automation] - Register
04:23:50.822 [main] INFO io.cucumber.core.plugin.SerenityReporter -- Running feature from file:///D:/TaksAlterra/MiniProject/MiniProject_API/src/test/resources/UserInformation.feature
04:23:50.822 [main] WARN io.cucumber.core.plugin.SerenityReporter -- Feature from file:///D:/TaksAlterra/MiniProject/MiniProject_API/src/test/resources/UserInformation.feature is not under the 'features' directory. Requirements report will not be correctly generated!
04:23:50.824 [main] DEBUG net.thucydides.core.steps.StepEventBus -- Test suite started for story net.thucydides.core.model.Story@18f4b3f3
04:23:50.824 [main] INFO  -- Test Suite Started: [03_Automation] - User Information
04:23:50.825 [main] INFO io.cucumber.core.plugin.SerenityReporter -- Running feature from file:///D:/TaksAlterra/MiniProject/MiniProject_API/src/test/resources/Comment.feature
04:23:50.825 [main] WARN io.cucumber.core.plugin.SerenityReporter -- Feature from file:///D:/TaksAlterra/MiniProject/MiniProject_API/src/test/resources/Comment.feature is not under the 'features' directory. Requirements report will not be correctly generated!
04:23:50.826 [main] DEBUG net.thucydides.core.steps.StepEventBus -- Test suite started for story net.thucydides.core.model.Story@67ab0f63
04:23:50.827 [main] INFO  -- Test Suite Started: [08_Automation] - Comment

Scenario: TC73 - Get comment products valid endpoints           &amp#27;[90m# src/test/resources/Comment.feature:3&amp#27;[0m
04:23:50.915 [main] INFO io.cucumber.core.plugin.SerenityReporter -- Running feature from file:///D:/TaksAlterra/MiniProject/MiniProject_API/src/test/resources/Comment.feature
04:23:50.916 [main] WARN io.cucumber.core.plugin.SerenityReporter -- Feature from file:///D:/TaksAlterra/MiniProject/MiniProject_API/src/test/resources/Comment.feature is not under the 'features' directory. Requirements report will not be correctly generated!
04:23:51.014 [main] INFO  -- 
  _____   ___   ___   _____     ___   _____     _     ___   _____   ___   ___  
 |_   _| | __| / __| |_   _|   / __| |_   _|   /_\   | _ \ |_   _| | __| |   \ 
   | |   | _|  \__ \   | |     \__ \   | |    / _ \  |   /   | |   | _|  | |) |
   |_|   |___| |___/   |_|     |___/   |_|   /_/ \_\ |_|_\   |_|   |___| |___/ 

TC73 - Get comment products valid endpoints([08-automation]---comment;tc73---get-comment-products-valid-endpoints)
--------------------------------------------------------------------------------
04:23:51.344 [main] DEBUG net.thucydides.core.steps.StepInterceptor -- STARTING STEP: CommentSteps.getCommentProductsEndpoints - I GET comment products endpoints
04:23:51.344 [main] DEBUG net.thucydides.core.steps.StepInterceptor -- STEP DONE: I GET comment products endpoints
  &amp#27;[32mGiven &amp#27;[0m&amp#27;[32mI GET comment products endpoints&amp#27;[0m                        &amp#27;[90m# starter.stepdefinition.CommentSteps.getCommentProductsEndpoints()&amp#27;[0m
04:23:51.354 [main] DEBUG net.thucydides.core.steps.StepInterceptor -- STARTING STEP: CommentSteps.getHTTPRequestWithValidDataForCommentsProducts - I GET HTTP request with valid data for comments products
04:23:52.640 [main] DEBUG net.thucydides.core.steps.StepInterceptor -- STARTING STEP: Comment.getHTTPRequestWithValidDataForCommentsProducts - I GET comment products endpoints
04:23:52.640 [main] DEBUG net.thucydides.core.steps.StepInterceptor -- STEP DONE: I GET comment products endpoints
04:23:53.139 [main] DEBUG org.apache.http.impl.conn.BasicClientConnectionManager -- Get connection for route {s}->https://altashop-api.fly.dev:443
04:23:53.182 [main] DEBUG org.apache.http.impl.conn.DefaultClientConnectionOperator -- Connecting to altashop-api.fly.dev:443
04:23:53.397 [main] DEBUG org.apache.http.client.protocol.RequestAddCookies -- CookieSpec selected: ignoreCookies
04:23:53.397 [main] DEBUG org.apache.http.client.protocol.RequestAuthCache -- Auth cache not set in the context
04:23:53.397 [main] DEBUG org.apache.http.client.protocol.RequestProxyAuthentication -- Proxy auth state: UNCHALLENGED
04:23:53.398 [main] DEBUG org.apache.http.impl.client.DefaultHttpClient -- Attempt 1 to execute request
04:23:53.398 [main] DEBUG org.apache.http.impl.conn.DefaultClientConnection -- Sending request: GET /api/products/2/comments HTTP/1.1
04:23:53.399 [main] DEBUG org.apache.http.wire --  >> "GET /api/products/2/comments HTTP/1.1[\r][\n]"
04:23:53.399 [main] DEBUG org.apache.http.wire --  >> "Authorization: Bearer eyJhbGciOiJIUzI1NiIsInR5cCI6IkpXVCJ9.eyJGdWxsbmFtZSI6Ik5hdXJhIFZpZXRhIEhhZmxhIiwiRW1haWwiOiJuYXVyYWhhZmxhQGdtYWlsLmNvbSJ9.s7o8kacM5c5L7fMRQwNBVTO4m2AeQS4Fu9QSdP9ASbA[\r][\n]"
04:23:53.399 [main] DEBUG org.apache.http.wire --  >> "Accept: */*[\r][\n]"
04:23:53.399 [main] DEBUG org.apache.http.wire --  >> "Host: altashop-api.fly.dev[\r][\n]"
04:23:53.399 [main] DEBUG org.apache.http.wire --  >> "Connection: Keep-Alive[\r][\n]"
04:23:53.399 [main] DEBUG org.apache.http.wire --  >> "User-Agent: Apache-HttpClient/4.5.13 (Java/17.0.8)[\r][\n]"
04:23:53.399 [main] DEBUG org.apache.http.wire --  >> "Accept-Encoding: gzip,deflate[\r][\n]"
04:23:53.400 [main] DEBUG org.apache.http.wire --  >> "[\r][\n]"
04:23:53.400 [main] DEBUG org.apache.http.headers -- >> GET /api/products/2/comments HTTP/1.1
04:23:53.400 [main] DEBUG org.apache.http.headers -- >> Authorization: Bearer eyJhbGciOiJIUzI1NiIsInR5cCI6IkpXVCJ9.eyJGdWxsbmFtZSI6Ik5hdXJhIFZpZXRhIEhhZmxhIiwiRW1haWwiOiJuYXVyYWhhZmxhQGdtYWlsLmNvbSJ9.s7o8kacM5c5L7fMRQwNBVTO4m2AeQS4Fu9QSdP9ASbA
04:23:53.400 [main] DEBUG org.apache.http.headers -- >> Accept: */*
04:23:53.400 [main] DEBUG org.apache.http.headers -- >> Host: altashop-api.fly.dev
04:23:53.400 [main] DEBUG org.apache.http.headers -- >> Connection: Keep-Alive
04:23:53.400 [main] DEBUG org.apache.http.headers -- >> User-Agent: Apache-HttpClient/4.5.13 (Java/17.0.8)
04:23:53.400 [main] DEBUG org.apache.http.headers -- >> Accept-Encoding: gzip,deflate
04:23:53.431 [main] DEBUG org.apache.http.wire --  << "HTTP/1.1 200 OK[\r][\n]"
04:23:53.432 [main] DEBUG org.apache.http.wire --  << "content-type: application/json[\r][\n]"
04:23:53.432 [main] DEBUG org.apache.http.wire --  << "date: Mon, 30 Oct 2023 21:23:54 GMT[\r][\n]"
04:23:53.432 [main] DEBUG org.apache.http.wire --  << "transfer-encoding: chunked[\r][\n]"
04:23:53.432 [main] DEBUG org.apache.http.wire --  << "content-encoding: gzip[\r][\n]"
04:23:53.433 [main] DEBUG org.apache.http.wire --  << "server: Fly/7328d5b5 (2023-10-27)[\r][\n]"
04:23:53.433 [main] DEBUG org.apache.http.wire --  << "via: 1.1 fly.io[\r][\n]"
04:23:53.433 [main] DEBUG org.apache.http.wire --  << "fly-request-id: 01HE17HHE6N90TVBKMEJ8RYXH5-sin[\r][\n]"
04:23:53.433 [main] DEBUG org.apache.http.wire --  << "[\r][\n]"
04:23:53.433 [main] DEBUG org.apache.http.impl.conn.DefaultClientConnection -- Receiving response: HTTP/1.1 200 OK
04:23:53.433 [main] DEBUG org.apache.http.headers -- << HTTP/1.1 200 OK
04:23:53.433 [main] DEBUG org.apache.http.headers -- << content-type: application/json
04:23:53.433 [main] DEBUG org.apache.http.headers -- << date: Mon, 30 Oct 2023 21:23:54 GMT
04:23:53.433 [main] DEBUG org.apache.http.headers -- << transfer-encoding: chunked
04:23:53.433 [main] DEBUG org.apache.http.headers -- << content-encoding: gzip
04:23:53.433 [main] DEBUG org.apache.http.headers -- << server: Fly/7328d5b5 (2023-10-27)
04:23:53.433 [main] DEBUG org.apache.http.headers -- << via: 1.1 fly.io
04:23:53.433 [main] DEBUG org.apache.http.headers -- << fly-request-id: 01HE17HHE6N90TVBKMEJ8RYXH5-sin
04:23:53.436 [main] DEBUG org.apache.http.impl.client.DefaultHttpClient -- Connection can be kept alive indefinitely
04:23:53.439 [main] DEBUG io.restassured.internal.RestAssuredHttpBuilder -- Parsing response as: application/json
04:23:53.439 [main] DEBUG org.apache.http.wire --  << "12A[\r][\n]"
04:23:53.439 [main] DEBUG org.apache.http.wire --  << "[0x1f][0x8b][0x8][0x0][0x0][0x0][0x0][0x0][0x4][0xff][0xaa]VJI,IT[0xb2][0x8a][0xae]V[0xf2]tQ[0xb2]244[0xb3]4[0xd7]Qr[0xce][0xcf]+I[0xcd]+Q[0xb2]R*[0xc9]HUHO[0xcc]M-VH,JUH/JM,Q[0xc8][0xcc]K[0xce])M[0xc9][0xcc]KWp/J[0xcc]S[0x8])-[0xca],[0xce][0xcd]W0WH*-Q(NL[0xc9][0xa9]Tp[0xf]1Q[0xc8],V[0xc8]-M[0xce]PHJ-)I-R[0xd2]Q[\n]"
04:23:53.439 [main] DEBUG org.apache.http.wire --  << "-N-R[0xb2][0xca]+[0xcd][0xc9][0xd1]Q[\n]"
04:23:53.439 [main] DEBUG org.apache.http.wire --  << "([0xca]O)M.[0x81]q[0x9d][0xf3]ss[0xc1][0x16][0x82]dku`[0x8e]174[0x19]D[0x8e]12[0x18]L[0x8e]1[0x1c]L[0x8e]1[0x1a]L[0x8e]1[0x1e]D[0x8e]1[0x1e]L[0x8e]1[0x19]L[0xd1]d2[0x98]B[0xc6]r[0x10][0xe5]&[0xb][0xa3]A[0x14]2[0x16]F[0x83][0xa8][0x4][0xb6]02[0x1d]<Y[0xdb][0xc2][0xc8]l09f[0x10][0xd5][0xda][0x16]F[0x16][0x83](d[0x8c][0x7]Q[0xad]mal9[0x88]B[0xc6]d0[0x85][0x8c][0xc9]`*[0x81][0x7]SEia2[0x98]J`[0x93][0xc1]T[0xe8][0x99][0xe][0xa6][0x8a][0xd2]t0[0x85][0x8c][0x19]J[0xd6]N$[0xab][0xf3]ea[0x86][0x92]%[0x15][0xc8]3[0xc4]b0[0xd5][0x5][0x16][0x83][0xa8][0x96][0xb4]4@[0xc4][0x11][0x0][0x0][0x0][0xff][0xff]"
04:23:53.439 [main] DEBUG org.apache.http.wire --  << "[\r][\n]"
04:23:53.439 [main] DEBUG org.apache.http.wire --  << "14F[\r][\n]"
04:23:53.440 [main] DEBUG org.apache.http.wire --  << "R[0xb2]R[0xf2]K-W(J[0xcd]IM,NU([0x80]v[0x8e][0xc9][0xe9]2[[0x1a][0xa0][0xc4][0x1a][0xb8][0x9f][0x9d][0xad][0xe0][0x94]XTJV[0xfc]Y[0x1a][0xe][0xa2]&[0x97][0xa5][0xe1] [0xca]c[0x96][0x86][0x83])1[0x19][0xe][0xa2]lf9[0x98][0x6]J,[0x8d]P[0xf2][0xc3][0xc0][0x8e]gY[0x1a][\r][0xa2][0x1e][0xb8][0xa5][0xc9]`J[0xc0]&[0x83][0xa8]eli[0x8a]R4[0xf]p[0x9a]1[0x1d]L%[0xb0][0xe9]`J3[0xa6][0x83])[0xcd][0x98][\r][0xa6][0xac]m6[0x88]Z[0xc6][0x96]f[0x83][0xa8][0x3]ci6[0x98]r[0x93][0xd9]`j[0xcf][0x98][\r][0xa6]&[0x84][0xd9]`[0xca][0xda][0xe6][0x83][0xa9]:0[0x1f]L[0xed][0x19][0xf3][0xc1]T[0xe8][0x99][0xf][0xa6]B[0xcf]|0[0x15]z[0xe6][0x83][0xa9][0xd0]3[0x1f]L[0x85][0x9e][0xf9]`j[0xcf][0x98][0xf][0xa6]B[0xcf]b0[0x15]z[0x16][0x83])7Y[0xe][0xa6]r[0xc6]rP[0x85][0xcc]`*g,[0x7]S93[0x98]V[0xd5]XZ[0xe][0x9e][0x96][0x9e][0x91][0x81][0xc1][0xe0])[0xf4][0x8c][0xc][0xc][0x7]O[0xd6]62[0x18]DC[0xaf]F[0x6][0x83]h[0xe8][0xd5][0xc8]`[0x10][\r][0xbd][0x1a][0x19][0xc][0xa2][0xa1]W#[0x3][0xc3][0xc1][0x94][0x9b][0x6][0xd1]8[0xb0][0x91][0xc1] [0x1a][0x7]62[0x18]D[0xe3][0xc0]F[0x6][0x83]h[0xbd][0x91][0x91][0xc1] Zodd0[0x88][0xd6][0x1b][0x19][0x19][0xc][0xa2][0xf5]FF[0x6]F[0x83][0xa7][0xdf]dd0[0x88][0xd6][0x1b][0x19][0x19][0x18][\r][0xa6][0x12][0xd8]x[0xf0]4[0xc8][0x8d][0xc][0x6][0xd1][0xe2]'#[0x83]A[0xb4][0xf8][0xc9][0xc8][0x0][0x0][0x0][0x0][0xff][0xff]"
04:23:53.440 [main] DEBUG org.apache.http.wire --  << "[\r][\n]"
04:23:53.440 [main] DEBUG org.apache.http.wire --  << "26A[\r][\n]"
04:23:53.440 [main] DEBUG org.apache.http.wire --  << "[0x1a]D[0x8b][0x9f][0x8c][0xc][0x6][0xd1][0xc2]\#[0x83]A[0xb4][0xf8][0xc9][0xc8][0xc0]d0[0xe5][0xa6]A[0xb4][0x12][0xcb][0xc8]`[0x10]M%[0x1b][0x19][0x98][0xc][0xa6][0xee][0xed] [0x9a][0xd7]62[0x18]D[0xf3][0xda]F[0x6][0xa6][0x83]g"[0xc3][0xc8][0xc0]t[0xf0]Ld[0x18][0x19][0xc][0xa2]u[0x8d]F[0x6][0xa6][0x83]g[0x80][0xd1][0xc8]`[0x10][0xad][0x85]02@][0x1f]9[0xa0][0xab]D[0x8c][0xc][0x6][0xd1]T[0xb2][0x91][0xc1] [0x9a]J62[0x18]DS[0xc9]F[0x6][0x83]h*[0xd9][0xc8]`[0x10]M%[0x1b][0x19][0xc][0xa2][0xa9]d#[0x83]A4[0x95]ld0[0x88][0xa6][0x92][0x8d][0xc][0x6][0xd1]T[0xb2][0x91][0xc1] [0x9a]J62[0x18]DS[0xc9]F[0x6][0xe6][0x83][0xa9][\r]<[0x88][0xe6][0xb5][0x8d][0xc][0x6][0xd1][0xbc][0xb6][0x91][0x81][0xc5]`j[0x3][[0xc][0xa6][0xc9][0xaf]A4[0xe3]od`1[0x88]:[0xfe][0x86][0x83]i[0x84][0xdc]p0[0x8d][0x90][0x1b][0xe][0xa6][0xa1]W[0xc3]A[0xb4][0xef][0xd4][0xc8][0xd0]x[0x10][0x95]3[0x86][0xc6][0x83][0xa8][0xaf]m8[0x88][0xe]h024[0x1e]D}mC[0xd3]A[0xd4][0x84]0D[0xdd][0xd0]8[0xb0]}m[0xc3]A[0xb4][0xba][0xde][0xc8]p[0x10]-h72[0x1c]L[0xed][0x19]C[0x8b][0xc1]T[0xce][0xc][0xaa]&[0x84][0xc5][0xe0]Y[0x1a]gdd0[0x88][\n]"
04:23:53.440 [main] DEBUG org.apache.http.wire --  << "=#[0x83]A[0x15]2[0x83]h[0x92][0xdd]h0[0xad][0xd3]32[0x1c]<[0x8b][0x93][0x8d][0x8c][0xc][0x7]Q9c4[0x98]V0[0x1a][\r][0xa6][0x15][0x8c]F[0x83]i[0x5][0xa3][0xd1]`Z4h4[0x98][0x16][\r][0x1a][\r][0xa6]uzF[0x83]i[0x99][0x93][0xf1]`[0xca][0xda][0xc6][0x83]i[0x14][0xc2]x0u[0xfc][0x8d][0x7]S_[0xdb]x0-[0x0]36[0x1e]D[0xed][0x19]c[0xe3]A[0xd4][0xbd]5[0x1e]L[0xab]D[0x8c][0x7][0xd3][0xc2][0xc][0xe3]At[0xac][0x92][0x91][0xf1]`[0x1a][0x12]1[0x1e]D[0xa7][0x1f][0x18][0x19][0xf][0xa6][0xb5][0x10][0xc6][0x83][0xe8]([0x6]#[0xe3]At[0xfa][0x81][0x91][0xf1]`[0x9a][0xa3]4[0x1e]L[0xd3][0x82][0xc6][0x83]iZ[0xd0]x0M~[0x19][0xf][0xa2][0x13][0xdc][0x8c][0x8c]-[0x7]Q[0xc7][0xdf]x[0x10][0x9d][0x1a]ld<[0x88]v%[0x1b][0x19][[0xe][0xa2][0x9]S[0xe3]A[0xb4][0x11][0xd8][0xc8]x0[0xed][0xbd]5A=[0x82]p`gULP[0xf].[0x1c]h[0xc7][0xc][0xa2]q`[0x13][0x83]A[0xd4]U1[0x19]L[0xe3][0xc0]&[0x86][0x83]h^[0xdb]d0[0x8d][0x3][0x9b][0xc][0xa6][0xc1]"[0x93][0xc1]4[0xe]l2[0x98][0xc6][0x81]M[0x6][0xd3]8[0xb0][0xc9]`[0x1a]z5[0x19]L[[0xa4]M[0x6][0xd3]h[0xa7][0xc9]`Zse2[0x98]F[0xc8]M[0x6][0xd3]F`[0x93][0xc1][0xb4][0x0][0xcc][0xc4]`[0x10][0xad][0xed]41[0x18]D[0xbd][0x3][0x93][0xc1][0xb4][0x1a][0xcd]d0-[0x0]3[0x19]Ls[0x7]&[0x83]i[0xee][0xc0]d0[0xcd][0x1d][0x98][0xc][0xa6][0x9d][0xec]&[0x83]i'[0xbb][0xc9]`[0xda][0xc9]n[0x82]o';[0x0][0x0][0x0][0xff][0xff]"
04:23:53.440 [main] DEBUG org.apache.http.wire --  << "[\r][\n]"
04:23:53.440 [main] DEBUG org.apache.http.wire --  << "1C7[\r][\n]"
04:23:53.440 [main] DEBUG org.apache.http.wire --  << "[0xa2][0xf3][0xbd]zF&[0x83]i[0xf3][0xb8][0xc9]`[0xda]<n2[0x98]f[0xe2]L[0x6][0xd3]~m[0x93][0xc1][0xb4]E[0xda]d0m[0x91]6[0x19]L[0xbb][0x92]M[0x6][0xd3][0x84][0xa9][0xc9]`[0x9a]05[0x19]L[0x13][0xa6]&[0x83]i[0xc2][0xd4]d0M[0x98][0x9a][0xc][0xa6][0x9]S[0x93][0xc1][0xb4][0xba][0xde][0x4]u[[0xbd]g^[0xa6]BbJbNb[0x86]B2[0xe4][0xfa]\[0x85][0xbc][0xfc][0xdc][0xd4]"[0x5]#rn[0xfa]12A[0xdd][0x9a]Nu[0xd3]QFj[0xa9]n:J[0xf7][0x96][0xea][0xa6][0xa3][0xf4]W[0xa9]n:[0xca][0xaa](j[0x9b][0x8e][0xba][0xa9][0x93][0xea][0xa6][0xa3][0x1c]vFm[0xd3]Q[0xe7]W[0xa9]n:M[0xd3][0xc][0xea][0xc]([0xd5][0xdd]N[0xd3]4c[0x89][0x12][0xab][0x3];[0x13]g:[0x98][0xe6](M[0x7][0xd3][0x1c][0xa5][0xa9][0xc1] [0xda]w`:[0x98][0x6][0x18]M[0x7][0xd3][0x96]"[0xd3][0xc1]4[0xda]i:[0x98][0xa6]xL[0x7][0xd3][0x14][0x8f][0xe9]`:[0x5][0xd7]t0[0x9d][0xf5]j:[0x98]V[0xd7][0x9b][0xe][0xa6][0xe1]z[0xd3][0xc1]4\o:[0x98][0x86]^M[0x7][0xd1][\r][0xca]F[0xa6][0x83]i[0x1c][0xd8]t0[0x8d][0x3][0x9b][0xe][0xa6]q`[0xd3][0xc1]4[0xe]l:[0x98][0x86]^M[0x7][0xd3][0x8e][0xc][0xd3][0xc1]4[0xaf]m:[0x98]6[[0x99][0xe][0xa6][0xb3]DL[0x8d][0x7][0xd1][\n]"
04:23:53.440 [main] DEBUG org.apache.http.wire --  << "F[0xd3][0xc1]tr[0xb2][0xe9]`:[0x1f][0xd8]t0[0xcd]7[0x99][0xe][0xa6])[0x1e][0xd3][0xc1]4[0xc5]c:[0x98]N[0xc1]5[0x1d]L[0xf3]M[0xa6][0x83]i[0xbe][0xc9]t[0x10]]Old:[0x98]&[0xbf]L[0x7][0xd3][0xe4][0x97][0xe9]`[0x9a][0xfc]2[0x1d]L[0x93]_[0xa6][0x83][0xe9]h)[0xd3][0xc1]4[0x13]g:[0x98]f[0xe2]L[0x7][0xd3]i[0xdb][0xa6]f([0x93][0x1][0x3]<\[0x8f]:G9[0xd0][0x8e][0x19]L[0x13][0x19][0xa8][0xf3][0xab][0x3][0x1c]2[0x83][0xe9][0xe8]o[0xd3][0xc1]t[0xf4][0xb7][0xe9]`:[0xfa][0xdb]t0[0x1d][0xfd]m:[0x98][0x8e][0xfe]6[0x1d]LG[0x9b][0xe][0xa6]m[0xf5][0xa6][0xa8]GSy[0xe6][0xd9][0x14]u[0x9f]<[0xd5]MG[0x99][0xd2][0xa4][0x8e][0xe9][0xb1][0xb5]\[0x0][0x0][0x0][0x0][0xff][0xff]"
04:23:53.440 [main] DEBUG org.apache.http.wire --  << "[\r][\n]"
04:23:53.440 [main] DEBUG org.apache.http.wire --  << "A[\r][\n]"
04:23:53.440 [main] DEBUG org.apache.http.wire --  << "[0x3][0x0]P[0x16][0x18]d[0xe6][0x9a][0x0][0x0]"
04:23:53.440 [main] DEBUG org.apache.http.wire --  << "[\r][\n]"
04:23:53.440 [main] DEBUG org.apache.http.wire --  << "0[\r][\n]"
04:23:53.440 [main] DEBUG org.apache.http.wire --  << "[\r][\n]"
04:23:53.440 [main] DEBUG io.restassured.internal.RestAssuredHttpBuilder -- Parsed data to instance of: class org.apache.http.conn.EofSensorInputStream
04:23:53.466 [main] DEBUG org.apache.http.impl.conn.BasicClientConnectionManager -- Releasing connection org.apache.http.impl.conn.ManagedClientConnectionImpl@213ceb4e
04:23:53.466 [main] DEBUG org.apache.http.impl.conn.BasicClientConnectionManager -- Connection can be kept alive indefinitely
04:23:53.517 [main] DEBUG net.thucydides.core.steps.StepInterceptor -- STEP DONE: I GET HTTP request with valid data for comments products
  &amp#27;[32mWhen &amp#27;[0m&amp#27;[32mI GET HTTP request with valid data for comments products&amp#27;[0m &amp#27;[90m# starter.stepdefinition.CommentSteps.getHTTPRequestWithValidDataForCommentsProducts()&amp#27;[0m
04:23:53.522 [main] DEBUG net.thucydides.core.steps.StepInterceptor -- STARTING STEP: CommentSteps.receiveResponseCode200ForCommentsProducts - I receive valid HTTP response 200 for comments products
04:23:53.544 [main] DEBUG net.thucydides.core.steps.StepInterceptor -- STEP DONE: I receive valid HTTP response 200 for comments products
  &amp#27;[32mThen &amp#27;[0m&amp#27;[32mI receive valid HTTP response 200 for comments products&amp#27;[0m  &amp#27;[90m# starter.stepdefinition.CommentSteps.receiveResponseCode200ForCommentsProducts()&amp#27;[0m
04:23:53.549 [main] INFO  -- 
  _____   ___   ___   _____     ___     _     ___   ___   ___   ___  
 |_   _| | __| / __| |_   _|   | _ \   /_\   / __| / __| | __| |   \ 
   | |   | _|  \__ \   | |     |  _/  / _ \  \__ \ \__ \ | _|  | |) |
   |_|   |___| |___/   |_|     |_|   /_/ \_\ |___/ |___/ |___| |___/ 

TC73 - Get comment products valid endpoints
----------------------------------------------------------------------
]]></system-out>
  </testcase>
  <testcase name="TC74 - Get comment for products invalid endpoints" classname="[08_Automation] - Comment" time="0.147">
    <system-out><![CDATA[
Scenario: TC74 - Get comment for products invalid endpoints                            &amp#27;[90m# src/test/resources/Comment.feature:8&amp#27;[0m
04:23:53.576 [main] INFO io.cucumber.core.plugin.SerenityReporter -- Running feature from file:///D:/TaksAlterra/MiniProject/MiniProject_API/src/test/resources/Comment.feature
04:23:53.576 [main] WARN io.cucumber.core.plugin.SerenityReporter -- Feature from file:///D:/TaksAlterra/MiniProject/MiniProject_API/src/test/resources/Comment.feature is not under the 'features' directory. Requirements report will not be correctly generated!
04:23:53.579 [main] INFO  -- 
  _____   ___   ___   _____     ___   _____     _     ___   _____   ___   ___  
 |_   _| | __| / __| |_   _|   / __| |_   _|   /_\   | _ \ |_   _| | __| |   \ 
   | |   | _|  \__ \   | |     \__ \   | |    / _ \  |   /   | |   | _|  | |) |
   |_|   |___| |___/   |_|     |___/   |_|   /_/ \_\ |_|_\   |_|   |___| |___/ 

TC74 - Get comment for products invalid endpoints([08-automation]---comment;tc74---get-comment-for-products-invalid-endpoints)
--------------------------------------------------------------------------------
04:23:53.589 [main] DEBUG net.thucydides.core.steps.StepInterceptor -- STARTING STEP: CommentSteps.getCommentProductsEndpoints2 - I GET comment products endpoints 2
04:23:53.589 [main] DEBUG net.thucydides.core.steps.StepInterceptor -- STEP DONE: I GET comment products endpoints 2
  &amp#27;[32mGiven &amp#27;[0m&amp#27;[32mI GET comment products endpoints 2&amp#27;[0m                                             &amp#27;[90m# starter.stepdefinition.CommentSteps.getCommentProductsEndpoints2()&amp#27;[0m
04:23:53.593 [main] DEBUG net.thucydides.core.steps.StepInterceptor -- STARTING STEP: CommentSteps.getHTTPRequestForCommentProductsUsingInvalidEndpoints - I GET HTTP request for comments products using invalid endpoints
04:23:53.595 [main] DEBUG net.thucydides.core.steps.StepInterceptor -- STARTING STEP: Comment.getHTTPRequestForCommentProductsUsingInvalidEndpoints - I GET comment products endpoints 2
04:23:53.595 [main] DEBUG net.thucydides.core.steps.StepInterceptor -- STEP DONE: I GET comment products endpoints 2
04:23:53.612 [main] DEBUG org.apache.http.impl.conn.BasicClientConnectionManager -- Get connection for route {s}->https://altashop-api.fly.dev:443
04:23:53.612 [main] DEBUG org.apache.http.impl.conn.DefaultClientConnectionOperator -- Connecting to altashop-api.fly.dev:443
04:23:53.664 [main] DEBUG org.apache.http.client.protocol.RequestAddCookies -- CookieSpec selected: ignoreCookies
04:23:53.665 [main] DEBUG org.apache.http.client.protocol.RequestAuthCache -- Auth cache not set in the context
04:23:53.665 [main] DEBUG org.apache.http.client.protocol.RequestProxyAuthentication -- Proxy auth state: UNCHALLENGED
04:23:53.665 [main] DEBUG org.apache.http.impl.client.DefaultHttpClient -- Attempt 1 to execute request
04:23:53.665 [main] DEBUG org.apache.http.impl.conn.DefaultClientConnection -- Sending request: GET /api/products/2/comment HTTP/1.1
04:23:53.665 [main] DEBUG org.apache.http.wire --  >> "GET /api/products/2/comment HTTP/1.1[\r][\n]"
04:23:53.665 [main] DEBUG org.apache.http.wire --  >> "Authorization: Bearer eyJhbGciOiJIUzI1NiIsInR5cCI6IkpXVCJ9.eyJGdWxsbmFtZSI6Ik5hdXJhIFZpZXRhIEhhZmxhIiwiRW1haWwiOiJuYXVyYWhhZmxhQGdtYWlsLmNvbSJ9.s7o8kacM5c5L7fMRQwNBVTO4m2AeQS4Fu9QSdP9ASbA[\r][\n]"
04:23:53.665 [main] DEBUG org.apache.http.wire --  >> "Accept: */*[\r][\n]"
04:23:53.665 [main] DEBUG org.apache.http.wire --  >> "Host: altashop-api.fly.dev[\r][\n]"
04:23:53.665 [main] DEBUG org.apache.http.wire --  >> "Connection: Keep-Alive[\r][\n]"
04:23:53.665 [main] DEBUG org.apache.http.wire --  >> "User-Agent: Apache-HttpClient/4.5.13 (Java/17.0.8)[\r][\n]"
04:23:53.665 [main] DEBUG org.apache.http.wire --  >> "Accept-Encoding: gzip,deflate[\r][\n]"
04:23:53.665 [main] DEBUG org.apache.http.wire --  >> "[\r][\n]"
04:23:53.665 [main] DEBUG org.apache.http.headers -- >> GET /api/products/2/comment HTTP/1.1
04:23:53.665 [main] DEBUG org.apache.http.headers -- >> Authorization: Bearer eyJhbGciOiJIUzI1NiIsInR5cCI6IkpXVCJ9.eyJGdWxsbmFtZSI6Ik5hdXJhIFZpZXRhIEhhZmxhIiwiRW1haWwiOiJuYXVyYWhhZmxhQGdtYWlsLmNvbSJ9.s7o8kacM5c5L7fMRQwNBVTO4m2AeQS4Fu9QSdP9ASbA
04:23:53.665 [main] DEBUG org.apache.http.headers -- >> Accept: */*
04:23:53.665 [main] DEBUG org.apache.http.headers -- >> Host: altashop-api.fly.dev
04:23:53.665 [main] DEBUG org.apache.http.headers -- >> Connection: Keep-Alive
04:23:53.665 [main] DEBUG org.apache.http.headers -- >> User-Agent: Apache-HttpClient/4.5.13 (Java/17.0.8)
04:23:53.665 [main] DEBUG org.apache.http.headers -- >> Accept-Encoding: gzip,deflate
04:23:53.688 [main] DEBUG org.apache.http.wire --  << "HTTP/1.1 404 Not Found[\r][\n]"
04:23:53.688 [main] DEBUG org.apache.http.wire --  << "date: Mon, 30 Oct 2023 21:23:55 GMT[\r][\n]"
04:23:53.688 [main] DEBUG org.apache.http.wire --  << "content-encoding: gzip[\r][\n]"
04:23:53.688 [main] DEBUG org.apache.http.wire --  << "content-type: text/plain; charset=utf-8[\r][\n]"
04:23:53.688 [main] DEBUG org.apache.http.wire --  << "transfer-encoding: chunked[\r][\n]"
04:23:53.688 [main] DEBUG org.apache.http.wire --  << "server: Fly/7328d5b5 (2023-10-27)[\r][\n]"
04:23:53.688 [main] DEBUG org.apache.http.wire --  << "via: 1.1 fly.io[\r][\n]"
04:23:53.688 [main] DEBUG org.apache.http.wire --  << "fly-request-id: 01HE17HHPDJ6K6X064KMRBPVNM-sin[\r][\n]"
04:23:53.688 [main] DEBUG org.apache.http.wire --  << "[\r][\n]"
04:23:53.688 [main] DEBUG org.apache.http.impl.conn.DefaultClientConnection -- Receiving response: HTTP/1.1 404 Not Found
04:23:53.688 [main] DEBUG org.apache.http.headers -- << HTTP/1.1 404 Not Found
04:23:53.688 [main] DEBUG org.apache.http.headers -- << date: Mon, 30 Oct 2023 21:23:55 GMT
04:23:53.688 [main] DEBUG org.apache.http.headers -- << content-encoding: gzip
04:23:53.688 [main] DEBUG org.apache.http.headers -- << content-type: text/plain; charset=utf-8
04:23:53.688 [main] DEBUG org.apache.http.headers -- << transfer-encoding: chunked
04:23:53.688 [main] DEBUG org.apache.http.headers -- << server: Fly/7328d5b5 (2023-10-27)
04:23:53.688 [main] DEBUG org.apache.http.headers -- << via: 1.1 fly.io
04:23:53.688 [main] DEBUG org.apache.http.headers -- << fly-request-id: 01HE17HHPDJ6K6X064KMRBPVNM-sin
04:23:53.688 [main] DEBUG org.apache.http.impl.client.DefaultHttpClient -- Connection can be kept alive indefinitely
04:23:53.688 [main] DEBUG io.restassured.internal.RestAssuredHttpBuilder -- Parsing response as: text/plain; charset=utf-8
04:23:53.688 [main] DEBUG org.apache.http.wire --  << "1E[\r][\n]"
04:23:53.688 [main] DEBUG org.apache.http.wire --  << "[0x1f][0x8b][0x8][0x0][0x0][0x0][0x0][0x0][0x4][0xff][0xcb][0xcb]/QH[0xcb]/[0xcd]K[0xe1][0x2][0x0][0xd4]I[0xfa]r[\n]"
04:23:53.688 [main] DEBUG org.apache.http.wire --  << "[0x0][0x0][0x0]"
04:23:53.688 [main] DEBUG org.apache.http.wire --  << "[\r][\n]"
04:23:53.690 [main] DEBUG org.apache.http.wire --  << "0[\r][\n]"
04:23:53.690 [main] DEBUG org.apache.http.wire --  << "[\r][\n]"
04:23:53.690 [main] DEBUG io.restassured.internal.RestAssuredHttpBuilder -- Parsed data to instance of: class org.apache.http.conn.EofSensorInputStream
04:23:53.695 [main] DEBUG org.apache.http.impl.conn.BasicClientConnectionManager -- Releasing connection org.apache.http.impl.conn.ManagedClientConnectionImpl@27053257
04:23:53.695 [main] DEBUG org.apache.http.impl.conn.BasicClientConnectionManager -- Connection can be kept alive indefinitely
04:23:53.695 [main] DEBUG net.thucydides.core.steps.StepInterceptor -- STEP DONE: I GET HTTP request for comments products using invalid endpoints
  &amp#27;[32mWhen &amp#27;[0m&amp#27;[32mI GET HTTP request for comments products using invalid endpoints&amp#27;[0m                &amp#27;[90m# starter.stepdefinition.CommentSteps.getHTTPRequestForCommentProductsUsingInvalidEndpoints()&amp#27;[0m
04:23:53.698 [main] DEBUG net.thucydides.core.steps.StepInterceptor -- STARTING STEP: CommentSteps.receiveResponseCode404ForCommentProductsUsingInvalidEndpoints - I receive valid HTTP response 404 for comments products using invalid endpoints
04:23:53.699 [main] DEBUG net.thucydides.core.steps.StepInterceptor -- STEP DONE: I receive valid HTTP response 404 for comments products using invalid endpoints
  &amp#27;[32mThen &amp#27;[0m&amp#27;[32mI receive valid HTTP response 404 for comments products using invalid endpoints&amp#27;[0m &amp#27;[90m# starter.stepdefinition.CommentSteps.receiveResponseCode404ForCommentProductsUsingInvalidEndpoints()&amp#27;[0m
04:23:53.700 [main] INFO  -- 
  _____   ___   ___   _____     ___     _     ___   ___   ___   ___  
 |_   _| | __| / __| |_   _|   | _ \   /_\   / __| / __| | __| |   \ 
   | |   | _|  \__ \   | |     |  _/  / _ \  \__ \ \__ \ | _|  | |) |
   |_|   |___| |___/   |_|     |_|   /_/ \_\ |___/ |___/ |___| |___/ 

TC74 - Get comment for products invalid endpoints
----------------------------------------------------------------------
]]></system-out>
  </testcase>
  <testcase name="TC75 - Create a comment for products" classname="[08_Automation] - Comment" time="0.164">
    <system-out><![CDATA[
Scenario: TC75 - Create a comment for products                       &amp#27;[90m# src/test/resources/Comment.feature:13&amp#27;[0m
04:23:53.714 [main] INFO io.cucumber.core.plugin.SerenityReporter -- Running feature from file:///D:/TaksAlterra/MiniProject/MiniProject_API/src/test/resources/Comment.feature
04:23:53.714 [main] WARN io.cucumber.core.plugin.SerenityReporter -- Feature from file:///D:/TaksAlterra/MiniProject/MiniProject_API/src/test/resources/Comment.feature is not under the 'features' directory. Requirements report will not be correctly generated!
04:23:53.715 [main] INFO  -- 
  _____   ___   ___   _____     ___   _____     _     ___   _____   ___   ___  
 |_   _| | __| / __| |_   _|   / __| |_   _|   /_\   | _ \ |_   _| | __| |   \ 
   | |   | _|  \__ \   | |     \__ \   | |    / _ \  |   /   | |   | _|  | |) |
   |_|   |___| |___/   |_|     |___/   |_|   /_/ \_\ |_|_\   |_|   |___| |___/ 

TC75 - Create a comment for products([08-automation]---comment;tc75---create-a-comment-for-products)
--------------------------------------------------------------------------------
04:23:53.722 [main] DEBUG net.thucydides.core.steps.StepInterceptor -- STARTING STEP: CommentSteps.postCreateCommentForProductsEndpoints - I POST create a comment for products endpoints
04:23:53.722 [main] DEBUG net.thucydides.core.steps.StepInterceptor -- STEP DONE: I POST create a comment for products endpoints
  &amp#27;[32mGiven &amp#27;[0m&amp#27;[32mI POST create a comment for products endpoints&amp#27;[0m               &amp#27;[90m# starter.stepdefinition.CommentSteps.postCreateCommentForProductsEndpoints()&amp#27;[0m
04:23:53.725 [main] DEBUG net.thucydides.core.steps.StepInterceptor -- STARTING STEP: CommentSteps.postHTTPRequestCreateCommentForProducts - I POST HTTP request create a comment for products
04:23:53.730 [main] DEBUG net.thucydides.core.steps.StepInterceptor -- STARTING STEP: Comment.postHTTPRequestCreateCommentForProducts - I POST create a comment for products endpoints
04:23:53.730 [main] DEBUG net.thucydides.core.steps.StepInterceptor -- STEP DONE: I POST create a comment for products endpoints
04:23:53.764 [main] DEBUG org.apache.http.impl.conn.BasicClientConnectionManager -- Get connection for route {s}->https://altashop-api.fly.dev:443
04:23:53.764 [main] DEBUG org.apache.http.impl.conn.DefaultClientConnectionOperator -- Connecting to altashop-api.fly.dev:443
04:23:53.823 [main] DEBUG org.apache.http.client.protocol.RequestAddCookies -- CookieSpec selected: ignoreCookies
04:23:53.823 [main] DEBUG org.apache.http.client.protocol.RequestAuthCache -- Auth cache not set in the context
04:23:53.823 [main] DEBUG org.apache.http.client.protocol.RequestProxyAuthentication -- Proxy auth state: UNCHALLENGED
04:23:53.823 [main] DEBUG org.apache.http.impl.client.DefaultHttpClient -- Attempt 1 to execute request
04:23:53.823 [main] DEBUG org.apache.http.impl.conn.DefaultClientConnection -- Sending request: POST /api/products/2/comments HTTP/1.1
04:23:53.823 [main] DEBUG org.apache.http.wire --  >> "POST /api/products/2/comments HTTP/1.1[\r][\n]"
04:23:53.823 [main] DEBUG org.apache.http.wire --  >> "Authorization: Bearer eyJhbGciOiJIUzI1NiIsInR5cCI6IkpXVCJ9.eyJGdWxsbmFtZSI6Ik5hdXJhIFZpZXRhIEhhZmxhIiwiRW1haWwiOiJuYXVyYWhhZmxhQGdtYWlsLmNvbSJ9.s7o8kacM5c5L7fMRQwNBVTO4m2AeQS4Fu9QSdP9ASbA[\r][\n]"
04:23:53.823 [main] DEBUG org.apache.http.wire --  >> "Accept: */*[\r][\n]"
04:23:53.823 [main] DEBUG org.apache.http.wire --  >> "Content-Type: application/json[\r][\n]"
04:23:53.823 [main] DEBUG org.apache.http.wire --  >> "Content-Length: 87[\r][\n]"
04:23:53.823 [main] DEBUG org.apache.http.wire --  >> "Host: altashop-api.fly.dev[\r][\n]"
04:23:53.823 [main] DEBUG org.apache.http.wire --  >> "Connection: Keep-Alive[\r][\n]"
04:23:53.823 [main] DEBUG org.apache.http.wire --  >> "User-Agent: Apache-HttpClient/4.5.13 (Java/17.0.8)[\r][\n]"
04:23:53.823 [main] DEBUG org.apache.http.wire --  >> "Accept-Encoding: gzip,deflate[\r][\n]"
04:23:53.823 [main] DEBUG org.apache.http.wire --  >> "[\r][\n]"
04:23:53.823 [main] DEBUG org.apache.http.headers -- >> POST /api/products/2/comments HTTP/1.1
04:23:53.823 [main] DEBUG org.apache.http.headers -- >> Authorization: Bearer eyJhbGciOiJIUzI1NiIsInR5cCI6IkpXVCJ9.eyJGdWxsbmFtZSI6Ik5hdXJhIFZpZXRhIEhhZmxhIiwiRW1haWwiOiJuYXVyYWhhZmxhQGdtYWlsLmNvbSJ9.s7o8kacM5c5L7fMRQwNBVTO4m2AeQS4Fu9QSdP9ASbA
04:23:53.824 [main] DEBUG org.apache.http.headers -- >> Accept: */*
04:23:53.824 [main] DEBUG org.apache.http.headers -- >> Content-Type: application/json
04:23:53.824 [main] DEBUG org.apache.http.headers -- >> Content-Length: 87
04:23:53.824 [main] DEBUG org.apache.http.headers -- >> Host: altashop-api.fly.dev
04:23:53.824 [main] DEBUG org.apache.http.headers -- >> Connection: Keep-Alive
04:23:53.824 [main] DEBUG org.apache.http.headers -- >> User-Agent: Apache-HttpClient/4.5.13 (Java/17.0.8)
04:23:53.824 [main] DEBUG org.apache.http.headers -- >> Accept-Encoding: gzip,deflate
04:23:53.824 [main] DEBUG org.apache.http.wire --  >> "{"content":"the games are great including Gran Turismo 7 but sadly GT4 is much better"}"
04:23:53.855 [main] DEBUG org.apache.http.wire --  << "HTTP/1.1 200 OK[\r][\n]"
04:23:53.855 [main] DEBUG org.apache.http.wire --  << "content-type: application/json[\r][\n]"
04:23:53.855 [main] DEBUG org.apache.http.wire --  << "date: Mon, 30 Oct 2023 21:23:55 GMT[\r][\n]"
04:23:53.855 [main] DEBUG org.apache.http.wire --  << "content-encoding: gzip[\r][\n]"
04:23:53.855 [main] DEBUG org.apache.http.wire --  << "transfer-encoding: chunked[\r][\n]"
04:23:53.855 [main] DEBUG org.apache.http.wire --  << "server: Fly/7328d5b5 (2023-10-27)[\r][\n]"
04:23:53.855 [main] DEBUG org.apache.http.wire --  << "via: 1.1 fly.io[\r][\n]"
04:23:53.855 [main] DEBUG org.apache.http.wire --  << "fly-request-id: 01HE17HHVCTTQZPRRN0BR3PTC9-sin[\r][\n]"
04:23:53.855 [main] DEBUG org.apache.http.wire --  << "[\r][\n]"
04:23:53.855 [main] DEBUG org.apache.http.impl.conn.DefaultClientConnection -- Receiving response: HTTP/1.1 200 OK
04:23:53.855 [main] DEBUG org.apache.http.headers -- << HTTP/1.1 200 OK
04:23:53.855 [main] DEBUG org.apache.http.headers -- << content-type: application/json
04:23:53.855 [main] DEBUG org.apache.http.headers -- << date: Mon, 30 Oct 2023 21:23:55 GMT
04:23:53.855 [main] DEBUG org.apache.http.headers -- << content-encoding: gzip
04:23:53.855 [main] DEBUG org.apache.http.headers -- << transfer-encoding: chunked
04:23:53.855 [main] DEBUG org.apache.http.headers -- << server: Fly/7328d5b5 (2023-10-27)
04:23:53.855 [main] DEBUG org.apache.http.headers -- << via: 1.1 fly.io
04:23:53.855 [main] DEBUG org.apache.http.headers -- << fly-request-id: 01HE17HHVCTTQZPRRN0BR3PTC9-sin
04:23:53.855 [main] DEBUG org.apache.http.impl.client.DefaultHttpClient -- Connection can be kept alive indefinitely
04:23:53.857 [main] DEBUG io.restassured.internal.RestAssuredHttpBuilder -- Parsing response as: application/json
04:23:53.857 [main] DEBUG org.apache.http.wire --  << "9E[\r][\n]"
04:23:53.857 [main] DEBUG org.apache.http.wire --  << "[0x1f][0x8b][0x8][0x0][0x0][0x0][0x0][0x0][0x4][0xff][0xab]VJI,IT[0xb2][0xaa]V[0xf2]tQ[0xb2]242[0xb5]0[0xd5]Qr[0xce][0xcf]+I[0xcd]+Q[0xb2]R*[0xc9]HUHO[0xcc]M-VH,JUH/JM,Q[0xc8][0xcc]K[0xce])M[0xc9][0xcc]KWp/J[0xcc]S[0x8])-[0xca],[0xce][0xcd]W0WH*-Q(NL[0xc9][0xa9]Tp[0xf]1Q[0xc8],V[0xc8]-M[0xce]PHJ-)I-R[0xd2]Q[\n]"
04:23:53.857 [main] DEBUG org.apache.http.wire --  << "-N-R[0xb2][0xca]+[0xcd][0xc9][0xd1]Q[\n]"
04:23:53.857 [main] DEBUG org.apache.http.wire --  << "([0xca]O)M.[0x81]q[0x9d][0xf3]ss[0xc1][0x16][0x82]dkk[0xb9][0x0][0xba][0x95][0xaa]D[0x96][0x0][0x0][0x0]"
04:23:53.857 [main] DEBUG org.apache.http.wire --  << "[\r][\n]"
04:23:53.857 [main] DEBUG org.apache.http.wire --  << "0[\r][\n]"
04:23:53.857 [main] DEBUG org.apache.http.wire --  << "[\r][\n]"
04:23:53.857 [main] DEBUG io.restassured.internal.RestAssuredHttpBuilder -- Parsed data to instance of: class org.apache.http.conn.EofSensorInputStream
04:23:53.859 [main] DEBUG org.apache.http.impl.conn.BasicClientConnectionManager -- Releasing connection org.apache.http.impl.conn.ManagedClientConnectionImpl@3bda1f0
04:23:53.859 [main] DEBUG org.apache.http.impl.conn.BasicClientConnectionManager -- Connection can be kept alive indefinitely
04:23:53.859 [main] DEBUG net.thucydides.core.steps.StepInterceptor -- STEP DONE: I POST HTTP request create a comment for products
  &amp#27;[32mWhen &amp#27;[0m&amp#27;[32mI POST HTTP request create a comment for products&amp#27;[0m             &amp#27;[90m# starter.stepdefinition.CommentSteps.postHTTPRequestCreateCommentForProducts()&amp#27;[0m
04:23:53.862 [main] DEBUG net.thucydides.core.steps.StepInterceptor -- STARTING STEP: CommentSteps.receiveResponseCode200ForCreateCommentProducts - I receive valid HTTP response 200 for create comment products
04:23:53.863 [main] DEBUG net.thucydides.core.steps.StepInterceptor -- STEP DONE: I receive valid HTTP response 200 for create comment products
  &amp#27;[32mThen &amp#27;[0m&amp#27;[32mI receive valid HTTP response 200 for create comment products&amp#27;[0m &amp#27;[90m# starter.stepdefinition.CommentSteps.receiveResponseCode200ForCreateCommentProducts()&amp#27;[0m
04:23:53.865 [main] INFO  -- 
  _____   ___   ___   _____     ___     _     ___   ___   ___   ___  
 |_   _| | __| / __| |_   _|   | _ \   /_\   / __| / __| | __| |   \ 
   | |   | _|  \__ \   | |     |  _/  / _ \  \__ \ \__ \ | _|  | |) |
   |_|   |___| |___/   |_|     |_|   /_/ \_\ |___/ |___/ |___| |___/ 

TC75 - Create a comment for products
----------------------------------------------------------------------
]]></system-out>
  </testcase>
  <testcase name="TC76 - Create a comment product invalid by ID with character symbols" classname="[08_Automation] - Comment" time="0.128">
    <system-out><![CDATA[
Scenario: TC76 - Create a comment product invalid by ID with character symbols                     &amp#27;[90m# src/test/resources/Comment.feature:18&amp#27;[0m
04:23:53.877 [main] INFO io.cucumber.core.plugin.SerenityReporter -- Running feature from file:///D:/TaksAlterra/MiniProject/MiniProject_API/src/test/resources/Comment.feature
04:23:53.877 [main] WARN io.cucumber.core.plugin.SerenityReporter -- Feature from file:///D:/TaksAlterra/MiniProject/MiniProject_API/src/test/resources/Comment.feature is not under the 'features' directory. Requirements report will not be correctly generated!
04:23:53.879 [main] INFO  -- 
  _____   ___   ___   _____     ___   _____     _     ___   _____   ___   ___  
 |_   _| | __| / __| |_   _|   / __| |_   _|   /_\   | _ \ |_   _| | __| |   \ 
   | |   | _|  \__ \   | |     \__ \   | |    / _ \  |   /   | |   | _|  | |) |
   |_|   |___| |___/   |_|     |___/   |_|   /_/ \_\ |_|_\   |_|   |___| |___/ 

TC76 - Create a comment product invalid by ID with character symbols([08-automation]---comment;tc76---create-a-comment-product-invalid-by-id-with-character-symbols)
--------------------------------------------------------------------------------
04:23:53.884 [main] DEBUG net.thucydides.core.steps.StepInterceptor -- STARTING STEP: CommentSteps.postCreateCommentForProductsEndpointsByID - I POST create a comment for products endpoints by ID
04:23:53.884 [main] DEBUG net.thucydides.core.steps.StepInterceptor -- STEP DONE: I POST create a comment for products endpoints by ID
  &amp#27;[32mGiven &amp#27;[0m&amp#27;[32mI POST create a comment for products endpoints by ID&amp#27;[0m                                       &amp#27;[90m# starter.stepdefinition.CommentSteps.postCreateCommentForProductsEndpointsByID()&amp#27;[0m
04:23:53.886 [main] DEBUG net.thucydides.core.steps.StepInterceptor -- STARTING STEP: CommentSteps.postHTTPRequestForCommentProductsInvalidByIDWithCharacterSymbols - I POST HTTP request for comment products invalid by ID with character symbols
04:23:53.888 [main] DEBUG net.thucydides.core.steps.StepInterceptor -- STARTING STEP: Comment.postHTTPRequestForCommentProductsInvalidByIDWithCharacterSymbols - I POST create a comment for products endpoints by ID
04:23:53.888 [main] DEBUG net.thucydides.core.steps.StepInterceptor -- STEP DONE: I POST create a comment for products endpoints by ID
04:23:53.901 [main] DEBUG org.apache.http.impl.conn.BasicClientConnectionManager -- Get connection for route {s}->https://altashop-api.fly.dev:443
04:23:53.901 [main] DEBUG org.apache.http.impl.conn.DefaultClientConnectionOperator -- Connecting to altashop-api.fly.dev:443
04:23:53.956 [main] DEBUG org.apache.http.client.protocol.RequestAddCookies -- CookieSpec selected: ignoreCookies
04:23:53.956 [main] DEBUG org.apache.http.client.protocol.RequestAuthCache -- Auth cache not set in the context
04:23:53.956 [main] DEBUG org.apache.http.client.protocol.RequestProxyAuthentication -- Proxy auth state: UNCHALLENGED
04:23:53.956 [main] DEBUG org.apache.http.impl.client.DefaultHttpClient -- Attempt 1 to execute request
04:23:53.956 [main] DEBUG org.apache.http.impl.conn.DefaultClientConnection -- Sending request: POST /api/products/-2/comments HTTP/1.1
04:23:53.956 [main] DEBUG org.apache.http.wire --  >> "POST /api/products/-2/comments HTTP/1.1[\r][\n]"
04:23:53.956 [main] DEBUG org.apache.http.wire --  >> "Authorization: Bearer eyJhbGciOiJIUzI1NiIsInR5cCI6IkpXVCJ9.eyJGdWxsbmFtZSI6Ik5hdXJhIFZpZXRhIEhhZmxhIiwiRW1haWwiOiJuYXVyYWhhZmxhQGdtYWlsLmNvbSJ9.s7o8kacM5c5L7fMRQwNBVTO4m2AeQS4Fu9QSdP9ASbA[\r][\n]"
04:23:53.956 [main] DEBUG org.apache.http.wire --  >> "Accept: */*[\r][\n]"
04:23:53.956 [main] DEBUG org.apache.http.wire --  >> "Content-Type: application/json[\r][\n]"
04:23:53.956 [main] DEBUG org.apache.http.wire --  >> "Content-Length: 87[\r][\n]"
04:23:53.956 [main] DEBUG org.apache.http.wire --  >> "Host: altashop-api.fly.dev[\r][\n]"
04:23:53.956 [main] DEBUG org.apache.http.wire --  >> "Connection: Keep-Alive[\r][\n]"
04:23:53.956 [main] DEBUG org.apache.http.wire --  >> "User-Agent: Apache-HttpClient/4.5.13 (Java/17.0.8)[\r][\n]"
04:23:53.956 [main] DEBUG org.apache.http.wire --  >> "Accept-Encoding: gzip,deflate[\r][\n]"
04:23:53.956 [main] DEBUG org.apache.http.wire --  >> "[\r][\n]"
04:23:53.956 [main] DEBUG org.apache.http.headers -- >> POST /api/products/-2/comments HTTP/1.1
04:23:53.956 [main] DEBUG org.apache.http.headers -- >> Authorization: Bearer eyJhbGciOiJIUzI1NiIsInR5cCI6IkpXVCJ9.eyJGdWxsbmFtZSI6Ik5hdXJhIFZpZXRhIEhhZmxhIiwiRW1haWwiOiJuYXVyYWhhZmxhQGdtYWlsLmNvbSJ9.s7o8kacM5c5L7fMRQwNBVTO4m2AeQS4Fu9QSdP9ASbA
04:23:53.956 [main] DEBUG org.apache.http.headers -- >> Accept: */*
04:23:53.956 [main] DEBUG org.apache.http.headers -- >> Content-Type: application/json
04:23:53.956 [main] DEBUG org.apache.http.headers -- >> Content-Length: 87
04:23:53.956 [main] DEBUG org.apache.http.headers -- >> Host: altashop-api.fly.dev
04:23:53.956 [main] DEBUG org.apache.http.headers -- >> Connection: Keep-Alive
04:23:53.956 [main] DEBUG org.apache.http.headers -- >> User-Agent: Apache-HttpClient/4.5.13 (Java/17.0.8)
04:23:53.956 [main] DEBUG org.apache.http.headers -- >> Accept-Encoding: gzip,deflate
04:23:53.956 [main] DEBUG org.apache.http.wire --  >> "{"content":"the games are great including Gran Turismo 7 but sadly GT4 is much better"}"
04:23:53.983 [main] DEBUG org.apache.http.wire --  << "HTTP/1.1 500 Internal Server Error[\r][\n]"
04:23:53.983 [main] DEBUG org.apache.http.wire --  << "content-type: application/json[\r][\n]"
04:23:53.983 [main] DEBUG org.apache.http.wire --  << "date: Mon, 30 Oct 2023 21:23:55 GMT[\r][\n]"
04:23:53.983 [main] DEBUG org.apache.http.wire --  << "content-encoding: gzip[\r][\n]"
04:23:53.983 [main] DEBUG org.apache.http.wire --  << "transfer-encoding: chunked[\r][\n]"
04:23:53.983 [main] DEBUG org.apache.http.wire --  << "server: Fly/7328d5b5 (2023-10-27)[\r][\n]"
04:23:53.983 [main] DEBUG org.apache.http.wire --  << "via: 1.1 fly.io[\r][\n]"
04:23:53.983 [main] DEBUG org.apache.http.wire --  << "fly-request-id: 01HE17HHZH22XE020NB55WRSEP-sin[\r][\n]"
04:23:53.983 [main] DEBUG org.apache.http.wire --  << "[\r][\n]"
04:23:53.984 [main] DEBUG org.apache.http.impl.conn.DefaultClientConnection -- Receiving response: HTTP/1.1 500 Internal Server Error
04:23:53.984 [main] DEBUG org.apache.http.headers -- << HTTP/1.1 500 Internal Server Error
04:23:53.984 [main] DEBUG org.apache.http.headers -- << content-type: application/json
04:23:53.984 [main] DEBUG org.apache.http.headers -- << date: Mon, 30 Oct 2023 21:23:55 GMT
04:23:53.984 [main] DEBUG org.apache.http.headers -- << content-encoding: gzip
04:23:53.984 [main] DEBUG org.apache.http.headers -- << transfer-encoding: chunked
04:23:53.984 [main] DEBUG org.apache.http.headers -- << server: Fly/7328d5b5 (2023-10-27)
04:23:53.984 [main] DEBUG org.apache.http.headers -- << via: 1.1 fly.io
04:23:53.984 [main] DEBUG org.apache.http.headers -- << fly-request-id: 01HE17HHZH22XE020NB55WRSEP-sin
04:23:53.984 [main] DEBUG org.apache.http.impl.client.DefaultHttpClient -- Connection can be kept alive indefinitely
04:23:53.984 [main] DEBUG io.restassured.internal.RestAssuredHttpBuilder -- Parsing response as: application/json
04:23:53.984 [main] DEBUG org.apache.http.wire --  << "5C[\r][\n]"
04:23:53.984 [main] DEBUG org.apache.http.wire --  << "[0x1f][0x8b][0x8][0x0][0x0][0x0][0x0][0x0][0x4][0xff][0xab]VJ-*[0xca]/R[0xb2]R2[0xb4]01137110767[0xb0]455434Q[0xc8],VH/JM,I-R([0xc9]H[0xcc]S[0xc8]M[0xac][0xc8][0xcc]-[0xcd]U(K[0xcc])MUH[0xcb]/R[0xf0][0xcc]+1Q[0xaa][0xe5][0x2][0x0][0x90]^[0xcd][0x8c]H[0x0][0x0][0x0]"
04:23:53.984 [main] DEBUG org.apache.http.wire --  << "[\r][\n]"
04:23:53.984 [main] DEBUG org.apache.http.wire --  << "0[\r][\n]"
04:23:53.984 [main] DEBUG org.apache.http.wire --  << "[\r][\n]"
04:23:53.984 [main] DEBUG io.restassured.internal.RestAssuredHttpBuilder -- Parsed data to instance of: class org.apache.http.conn.EofSensorInputStream
04:23:53.986 [main] DEBUG org.apache.http.impl.conn.BasicClientConnectionManager -- Releasing connection org.apache.http.impl.conn.ManagedClientConnectionImpl@34f60be9
04:23:53.986 [main] DEBUG org.apache.http.impl.conn.BasicClientConnectionManager -- Connection can be kept alive indefinitely
04:23:53.986 [main] DEBUG net.thucydides.core.steps.StepInterceptor -- STEP DONE: I POST HTTP request for comment products invalid by ID with character symbols
  &amp#27;[32mWhen &amp#27;[0m&amp#27;[32mI POST HTTP request for comment products invalid by ID with character symbols&amp#27;[0m               &amp#27;[90m# starter.stepdefinition.CommentSteps.postHTTPRequestForCommentProductsInvalidByIDWithCharacterSymbols()&amp#27;[0m
04:23:53.989 [main] DEBUG net.thucydides.core.steps.StepInterceptor -- STARTING STEP: CommentSteps.receiveResponseCode401ForCommentProductsInvalidByIDWithCharacterSymbols - I receive valid HTTP response 500 for comment products invalid by ID with character symbols
04:23:53.990 [main] DEBUG net.thucydides.core.steps.StepInterceptor -- STEP DONE: I receive valid HTTP response 500 for comment products invalid by ID with character symbols
  &amp#27;[32mThen &amp#27;[0m&amp#27;[32mI receive valid HTTP response 500 for comment products invalid by ID with character symbols&amp#27;[0m &amp#27;[90m# starter.stepdefinition.CommentSteps.receiveResponseCode401ForCommentProductsInvalidByIDWithCharacterSymbols()&amp#27;[0m
04:23:53.992 [main] INFO  -- 
  _____   ___   ___   _____     ___     _     ___   ___   ___   ___  
 |_   _| | __| / __| |_   _|   | _ \   /_\   / __| / __| | __| |   \ 
   | |   | _|  \__ \   | |     |  _/  / _ \  \__ \ \__ \ | _|  | |) |
   |_|   |___| |___/   |_|     |_|   /_/ \_\ |___/ |___/ |___| |___/ 

TC76 - Create a comment product invalid by ID with character symbols
----------------------------------------------------------------------
]]></system-out>
  </testcase>
  <testcase name="TC77 - Create a comment product invalid by ID with character alphabet" classname="[08_Automation] - Comment" time="0.125">
    <system-out><![CDATA[
Scenario: TC77 - Create a comment product invalid by ID with character alphabet                     &amp#27;[90m# src/test/resources/Comment.feature:23&amp#27;[0m
04:23:54.005 [main] INFO io.cucumber.core.plugin.SerenityReporter -- Running feature from file:///D:/TaksAlterra/MiniProject/MiniProject_API/src/test/resources/Comment.feature
04:23:54.005 [main] WARN io.cucumber.core.plugin.SerenityReporter -- Feature from file:///D:/TaksAlterra/MiniProject/MiniProject_API/src/test/resources/Comment.feature is not under the 'features' directory. Requirements report will not be correctly generated!
04:23:54.007 [main] INFO  -- 
  _____   ___   ___   _____     ___   _____     _     ___   _____   ___   ___  
 |_   _| | __| / __| |_   _|   / __| |_   _|   /_\   | _ \ |_   _| | __| |   \ 
   | |   | _|  \__ \   | |     \__ \   | |    / _ \  |   /   | |   | _|  | |) |
   |_|   |___| |___/   |_|     |___/   |_|   /_/ \_\ |_|_\   |_|   |___| |___/ 

TC77 - Create a comment product invalid by ID with character alphabet([08-automation]---comment;tc77---create-a-comment-product-invalid-by-id-with-character-alphabet)
--------------------------------------------------------------------------------
04:23:54.013 [main] DEBUG net.thucydides.core.steps.StepInterceptor -- STARTING STEP: CommentSteps.postCreateCommentForProductsEndpointsByID2 - I POST create a comment for products endpoints by ID 2
04:23:54.014 [main] DEBUG net.thucydides.core.steps.StepInterceptor -- STEP DONE: I POST create a comment for products endpoints by ID 2
  &amp#27;[32mGiven &amp#27;[0m&amp#27;[32mI POST create a comment for products endpoints by ID 2&amp#27;[0m                                      &amp#27;[90m# starter.stepdefinition.CommentSteps.postCreateCommentForProductsEndpointsByID2()&amp#27;[0m
04:23:54.016 [main] DEBUG net.thucydides.core.steps.StepInterceptor -- STARTING STEP: CommentSteps.postHTTPRequestForCommentProductsInvalidByIDWithCharacterAlphabet - I POST HTTP request for comment products invalid by ID with character alphabet
04:23:54.018 [main] DEBUG net.thucydides.core.steps.StepInterceptor -- STARTING STEP: Comment.postHTTPRequestForCommentProductsInvalidByIDWithCharacterAlphabet - I POST create a comment for products endpoints by ID 2
04:23:54.018 [main] DEBUG net.thucydides.core.steps.StepInterceptor -- STEP DONE: I POST create a comment for products endpoints by ID 2
04:23:54.027 [main] DEBUG org.apache.http.impl.conn.BasicClientConnectionManager -- Get connection for route {s}->https://altashop-api.fly.dev:443
04:23:54.028 [main] DEBUG org.apache.http.impl.conn.DefaultClientConnectionOperator -- Connecting to altashop-api.fly.dev:443
04:23:54.086 [main] DEBUG org.apache.http.client.protocol.RequestAddCookies -- CookieSpec selected: ignoreCookies
04:23:54.086 [main] DEBUG org.apache.http.client.protocol.RequestAuthCache -- Auth cache not set in the context
04:23:54.086 [main] DEBUG org.apache.http.client.protocol.RequestProxyAuthentication -- Proxy auth state: UNCHALLENGED
04:23:54.086 [main] DEBUG org.apache.http.impl.client.DefaultHttpClient -- Attempt 1 to execute request
04:23:54.086 [main] DEBUG org.apache.http.impl.conn.DefaultClientConnection -- Sending request: POST /api/products/dua/comments HTTP/1.1
04:23:54.086 [main] DEBUG org.apache.http.wire --  >> "POST /api/products/dua/comments HTTP/1.1[\r][\n]"
04:23:54.086 [main] DEBUG org.apache.http.wire --  >> "Authorization: Bearer eyJhbGciOiJIUzI1NiIsInR5cCI6IkpXVCJ9.eyJGdWxsbmFtZSI6Ik5hdXJhIFZpZXRhIEhhZmxhIiwiRW1haWwiOiJuYXVyYWhhZmxhQGdtYWlsLmNvbSJ9.s7o8kacM5c5L7fMRQwNBVTO4m2AeQS4Fu9QSdP9ASbA[\r][\n]"
04:23:54.086 [main] DEBUG org.apache.http.wire --  >> "Accept: */*[\r][\n]"
04:23:54.086 [main] DEBUG org.apache.http.wire --  >> "Content-Type: application/json[\r][\n]"
04:23:54.086 [main] DEBUG org.apache.http.wire --  >> "Content-Length: 87[\r][\n]"
04:23:54.086 [main] DEBUG org.apache.http.wire --  >> "Host: altashop-api.fly.dev[\r][\n]"
04:23:54.086 [main] DEBUG org.apache.http.wire --  >> "Connection: Keep-Alive[\r][\n]"
04:23:54.086 [main] DEBUG org.apache.http.wire --  >> "User-Agent: Apache-HttpClient/4.5.13 (Java/17.0.8)[\r][\n]"
04:23:54.086 [main] DEBUG org.apache.http.wire --  >> "Accept-Encoding: gzip,deflate[\r][\n]"
04:23:54.086 [main] DEBUG org.apache.http.wire --  >> "[\r][\n]"
04:23:54.086 [main] DEBUG org.apache.http.headers -- >> POST /api/products/dua/comments HTTP/1.1
04:23:54.086 [main] DEBUG org.apache.http.headers -- >> Authorization: Bearer eyJhbGciOiJIUzI1NiIsInR5cCI6IkpXVCJ9.eyJGdWxsbmFtZSI6Ik5hdXJhIFZpZXRhIEhhZmxhIiwiRW1haWwiOiJuYXVyYWhhZmxhQGdtYWlsLmNvbSJ9.s7o8kacM5c5L7fMRQwNBVTO4m2AeQS4Fu9QSdP9ASbA
04:23:54.087 [main] DEBUG org.apache.http.headers -- >> Accept: */*
04:23:54.087 [main] DEBUG org.apache.http.headers -- >> Content-Type: application/json
04:23:54.087 [main] DEBUG org.apache.http.headers -- >> Content-Length: 87
04:23:54.087 [main] DEBUG org.apache.http.headers -- >> Host: altashop-api.fly.dev
04:23:54.087 [main] DEBUG org.apache.http.headers -- >> Connection: Keep-Alive
04:23:54.087 [main] DEBUG org.apache.http.headers -- >> User-Agent: Apache-HttpClient/4.5.13 (Java/17.0.8)
04:23:54.087 [main] DEBUG org.apache.http.headers -- >> Accept-Encoding: gzip,deflate
04:23:54.087 [main] DEBUG org.apache.http.wire --  >> "{"content":"the games are great including Gran Turismo 7 but sadly GT4 is much better"}"
04:23:54.111 [main] DEBUG org.apache.http.wire --  << "HTTP/1.1 400 Bad Request[\r][\n]"
04:23:54.111 [main] DEBUG org.apache.http.wire --  << "content-type: application/json[\r][\n]"
04:23:54.111 [main] DEBUG org.apache.http.wire --  << "date: Mon, 30 Oct 2023 21:23:55 GMT[\r][\n]"
04:23:54.111 [main] DEBUG org.apache.http.wire --  << "content-encoding: gzip[\r][\n]"
04:23:54.111 [main] DEBUG org.apache.http.wire --  << "transfer-encoding: chunked[\r][\n]"
04:23:54.111 [main] DEBUG org.apache.http.wire --  << "server: Fly/7328d5b5 (2023-10-27)[\r][\n]"
04:23:54.111 [main] DEBUG org.apache.http.wire --  << "via: 1.1 fly.io[\r][\n]"
04:23:54.111 [main] DEBUG org.apache.http.wire --  << "fly-request-id: 01HE17HJ3K908QPNQ1Q03BAWHA-sin[\r][\n]"
04:23:54.111 [main] DEBUG org.apache.http.wire --  << "[\r][\n]"
04:23:54.111 [main] DEBUG org.apache.http.impl.conn.DefaultClientConnection -- Receiving response: HTTP/1.1 400 Bad Request
04:23:54.111 [main] DEBUG org.apache.http.headers -- << HTTP/1.1 400 Bad Request
04:23:54.111 [main] DEBUG org.apache.http.headers -- << content-type: application/json
04:23:54.111 [main] DEBUG org.apache.http.headers -- << date: Mon, 30 Oct 2023 21:23:55 GMT
04:23:54.111 [main] DEBUG org.apache.http.headers -- << content-encoding: gzip
04:23:54.111 [main] DEBUG org.apache.http.headers -- << transfer-encoding: chunked
04:23:54.111 [main] DEBUG org.apache.http.headers -- << server: Fly/7328d5b5 (2023-10-27)
04:23:54.111 [main] DEBUG org.apache.http.headers -- << via: 1.1 fly.io
04:23:54.111 [main] DEBUG org.apache.http.headers -- << fly-request-id: 01HE17HJ3K908QPNQ1Q03BAWHA-sin
04:23:54.112 [main] DEBUG org.apache.http.impl.client.DefaultHttpClient -- Connection can be kept alive indefinitely
04:23:54.112 [main] DEBUG io.restassured.internal.RestAssuredHttpBuilder -- Parsing response as: application/json
04:23:54.112 [main] DEBUG org.apache.http.wire --  << "4E[\r][\n]"
04:23:54.112 [main] DEBUG org.apache.http.wire --  << "[0x1f][0x8b][0x8][0x0][0x0][0x0][0x0][0x0][0x4][0xff][0xab]VJ-*[0xca]/R[0xb2]R*.)J[0xce][0xcf]+[0xd3]s,[0xc9][0xcf][0xb4]R(H,*[0xce][0xcc]KW[0x88]QJ)M[0x8c]Q[0xb2]R[0xc8][0xcc]+K[0xcc][0xc9]LQ([0xae][0xcc]+I[0xac]P[0xaa][0xe5][0x2][0x0][0xd1][0xc0]5[0xfb]:[0x0][0x0][0x0]"
04:23:54.112 [main] DEBUG org.apache.http.wire --  << "[\r][\n]"
04:23:54.112 [main] DEBUG org.apache.http.wire --  << "0[\r][\n]"
04:23:54.112 [main] DEBUG org.apache.http.wire --  << "[\r][\n]"
04:23:54.112 [main] DEBUG io.restassured.internal.RestAssuredHttpBuilder -- Parsed data to instance of: class org.apache.http.conn.EofSensorInputStream
04:23:54.113 [main] DEBUG org.apache.http.impl.conn.BasicClientConnectionManager -- Releasing connection org.apache.http.impl.conn.ManagedClientConnectionImpl@5790cbcb
04:23:54.114 [main] DEBUG org.apache.http.impl.conn.BasicClientConnectionManager -- Connection can be kept alive indefinitely
04:23:54.114 [main] DEBUG net.thucydides.core.steps.StepInterceptor -- STEP DONE: I POST HTTP request for comment products invalid by ID with character alphabet
  &amp#27;[32mWhen &amp#27;[0m&amp#27;[32mI POST HTTP request for comment products invalid by ID with character alphabet&amp#27;[0m               &amp#27;[90m# starter.stepdefinition.CommentSteps.postHTTPRequestForCommentProductsInvalidByIDWithCharacterAlphabet()&amp#27;[0m
04:23:54.116 [main] DEBUG net.thucydides.core.steps.StepInterceptor -- STARTING STEP: CommentSteps.receiveResponseCode400ForCommentProductsInvalidByIDWithCharacterAlphabet - I receive valid HTTP response 400 for comment products invalid by ID with character alphabet
04:23:54.116 [main] DEBUG net.thucydides.core.steps.StepInterceptor -- STEP DONE: I receive valid HTTP response 400 for comment products invalid by ID with character alphabet
  &amp#27;[32mThen &amp#27;[0m&amp#27;[32mI receive valid HTTP response 400 for comment products invalid by ID with character alphabet&amp#27;[0m &amp#27;[90m# starter.stepdefinition.CommentSteps.receiveResponseCode400ForCommentProductsInvalidByIDWithCharacterAlphabet()&amp#27;[0m
04:23:54.117 [main] INFO  -- 
  _____   ___   ___   _____     ___     _     ___   ___   ___   ___  
 |_   _| | __| / __| |_   _|   | _ \   /_\   / __| / __| | __| |   \ 
   | |   | _|  \__ \   | |     |  _/  / _ \  \__ \ \__ \ | _|  | |) |
   |_|   |___| |___/   |_|     |_|   /_/ \_\ |___/ |___/ |___| |___/ 

TC77 - Create a comment product invalid by ID with character alphabet
----------------------------------------------------------------------
]]></system-out>
  </testcase>
  <testcase name="TC78 - Create a comment for products with body parameter is empty" classname="[08_Automation] - Comment" time="0.129">
    <system-out><![CDATA[
Scenario: TC78 - Create a comment for products with body parameter is empty                &amp#27;[90m# src/test/resources/Comment.feature:28&amp#27;[0m
04:23:54.126 [main] INFO io.cucumber.core.plugin.SerenityReporter -- Running feature from file:///D:/TaksAlterra/MiniProject/MiniProject_API/src/test/resources/Comment.feature
04:23:54.127 [main] WARN io.cucumber.core.plugin.SerenityReporter -- Feature from file:///D:/TaksAlterra/MiniProject/MiniProject_API/src/test/resources/Comment.feature is not under the 'features' directory. Requirements report will not be correctly generated!
04:23:54.129 [main] INFO  -- 
  _____   ___   ___   _____     ___   _____     _     ___   _____   ___   ___  
 |_   _| | __| / __| |_   _|   / __| |_   _|   /_\   | _ \ |_   _| | __| |   \ 
   | |   | _|  \__ \   | |     \__ \   | |    / _ \  |   /   | |   | _|  | |) |
   |_|   |___| |___/   |_|     |___/   |_|   /_/ \_\ |_|_\   |_|   |___| |___/ 

TC78 - Create a comment for products with body parameter is empty([08-automation]---comment;tc78---create-a-comment-for-products-with-body-parameter-is-empty)
--------------------------------------------------------------------------------
04:23:54.136 [main] DEBUG net.thucydides.core.steps.StepInterceptor -- STARTING STEP: CommentSteps.postCreateCommentForProductsEndpoints2 - I POST create a comment for products endpoints 2
04:23:54.136 [main] DEBUG net.thucydides.core.steps.StepInterceptor -- STEP DONE: I POST create a comment for products endpoints 2
  &amp#27;[32mGiven &amp#27;[0m&amp#27;[32mI POST create a comment for products endpoints 2&amp#27;[0m                                   &amp#27;[90m# starter.stepdefinition.CommentSteps.postCreateCommentForProductsEndpoints2()&amp#27;[0m
04:23:54.139 [main] DEBUG net.thucydides.core.steps.StepInterceptor -- STARTING STEP: CommentSteps.postHTTPRequestForCommentProductsWithBodyParameterIsEmpty - I POST HTTP request for comment products with body parameter is empty
04:23:54.141 [main] DEBUG net.thucydides.core.steps.StepInterceptor -- STARTING STEP: Comment.postHTTPRequestForCommentProductsWithBodyParameterIsEmpty - I POST create a comment for products endpoints 2
04:23:54.141 [main] DEBUG net.thucydides.core.steps.StepInterceptor -- STEP DONE: I POST create a comment for products endpoints 2
04:23:54.153 [main] DEBUG org.apache.http.impl.conn.BasicClientConnectionManager -- Get connection for route {s}->https://altashop-api.fly.dev:443
04:23:54.153 [main] DEBUG org.apache.http.impl.conn.DefaultClientConnectionOperator -- Connecting to altashop-api.fly.dev:443
04:23:54.213 [main] DEBUG org.apache.http.client.protocol.RequestAddCookies -- CookieSpec selected: ignoreCookies
04:23:54.213 [main] DEBUG org.apache.http.client.protocol.RequestAuthCache -- Auth cache not set in the context
04:23:54.213 [main] DEBUG org.apache.http.client.protocol.RequestProxyAuthentication -- Proxy auth state: UNCHALLENGED
04:23:54.213 [main] DEBUG org.apache.http.impl.client.DefaultHttpClient -- Attempt 1 to execute request
04:23:54.213 [main] DEBUG org.apache.http.impl.conn.DefaultClientConnection -- Sending request: POST /api/products/2/comments HTTP/1.1
04:23:54.213 [main] DEBUG org.apache.http.wire --  >> "POST /api/products/2/comments HTTP/1.1[\r][\n]"
04:23:54.213 [main] DEBUG org.apache.http.wire --  >> "Authorization: Bearer eyJhbGciOiJIUzI1NiIsInR5cCI6IkpXVCJ9.eyJGdWxsbmFtZSI6Ik5hdXJhIFZpZXRhIEhhZmxhIiwiRW1haWwiOiJuYXVyYWhhZmxhQGdtYWlsLmNvbSJ9.s7o8kacM5c5L7fMRQwNBVTO4m2AeQS4Fu9QSdP9ASbA)[\r][\n]"
04:23:54.213 [main] DEBUG org.apache.http.wire --  >> "Accept: */*[\r][\n]"
04:23:54.213 [main] DEBUG org.apache.http.wire --  >> "Content-Type: application/json[\r][\n]"
04:23:54.213 [main] DEBUG org.apache.http.wire --  >> "Content-Length: 2[\r][\n]"
04:23:54.213 [main] DEBUG org.apache.http.wire --  >> "Host: altashop-api.fly.dev[\r][\n]"
04:23:54.213 [main] DEBUG org.apache.http.wire --  >> "Connection: Keep-Alive[\r][\n]"
04:23:54.213 [main] DEBUG org.apache.http.wire --  >> "User-Agent: Apache-HttpClient/4.5.13 (Java/17.0.8)[\r][\n]"
04:23:54.214 [main] DEBUG org.apache.http.wire --  >> "Accept-Encoding: gzip,deflate[\r][\n]"
04:23:54.214 [main] DEBUG org.apache.http.wire --  >> "[\r][\n]"
04:23:54.214 [main] DEBUG org.apache.http.headers -- >> POST /api/products/2/comments HTTP/1.1
04:23:54.214 [main] DEBUG org.apache.http.headers -- >> Authorization: Bearer eyJhbGciOiJIUzI1NiIsInR5cCI6IkpXVCJ9.eyJGdWxsbmFtZSI6Ik5hdXJhIFZpZXRhIEhhZmxhIiwiRW1haWwiOiJuYXVyYWhhZmxhQGdtYWlsLmNvbSJ9.s7o8kacM5c5L7fMRQwNBVTO4m2AeQS4Fu9QSdP9ASbA)
04:23:54.214 [main] DEBUG org.apache.http.headers -- >> Accept: */*
04:23:54.214 [main] DEBUG org.apache.http.headers -- >> Content-Type: application/json
04:23:54.214 [main] DEBUG org.apache.http.headers -- >> Content-Length: 2
04:23:54.214 [main] DEBUG org.apache.http.headers -- >> Host: altashop-api.fly.dev
04:23:54.214 [main] DEBUG org.apache.http.headers -- >> Connection: Keep-Alive
04:23:54.214 [main] DEBUG org.apache.http.headers -- >> User-Agent: Apache-HttpClient/4.5.13 (Java/17.0.8)
04:23:54.214 [main] DEBUG org.apache.http.headers -- >> Accept-Encoding: gzip,deflate
04:23:54.214 [main] DEBUG org.apache.http.wire --  >> "{}"
04:23:54.238 [main] DEBUG org.apache.http.wire --  << "HTTP/1.1 401 Unauthorized[\r][\n]"
04:23:54.238 [main] DEBUG org.apache.http.wire --  << "content-type: application/json[\r][\n]"
04:23:54.238 [main] DEBUG org.apache.http.wire --  << "date: Mon, 30 Oct 2023 21:23:55 GMT[\r][\n]"
04:23:54.238 [main] DEBUG org.apache.http.wire --  << "content-encoding: gzip[\r][\n]"
04:23:54.238 [main] DEBUG org.apache.http.wire --  << "transfer-encoding: chunked[\r][\n]"
04:23:54.238 [main] DEBUG org.apache.http.wire --  << "server: Fly/7328d5b5 (2023-10-27)[\r][\n]"
04:23:54.238 [main] DEBUG org.apache.http.wire --  << "via: 1.1 fly.io[\r][\n]"
04:23:54.238 [main] DEBUG org.apache.http.wire --  << "fly-request-id: 01HE17HJ7HPNAH2S0XAM0A2XBR-sin[\r][\n]"
04:23:54.238 [main] DEBUG org.apache.http.wire --  << "[\r][\n]"
04:23:54.238 [main] DEBUG org.apache.http.impl.conn.DefaultClientConnection -- Receiving response: HTTP/1.1 401 Unauthorized
04:23:54.238 [main] DEBUG org.apache.http.headers -- << HTTP/1.1 401 Unauthorized
04:23:54.238 [main] DEBUG org.apache.http.headers -- << content-type: application/json
04:23:54.238 [main] DEBUG org.apache.http.headers -- << date: Mon, 30 Oct 2023 21:23:55 GMT
04:23:54.238 [main] DEBUG org.apache.http.headers -- << content-encoding: gzip
04:23:54.238 [main] DEBUG org.apache.http.headers -- << transfer-encoding: chunked
04:23:54.238 [main] DEBUG org.apache.http.headers -- << server: Fly/7328d5b5 (2023-10-27)
04:23:54.238 [main] DEBUG org.apache.http.headers -- << via: 1.1 fly.io
04:23:54.238 [main] DEBUG org.apache.http.headers -- << fly-request-id: 01HE17HJ7HPNAH2S0XAM0A2XBR-sin
04:23:54.238 [main] DEBUG org.apache.http.impl.client.DefaultHttpClient -- Connection can be kept alive indefinitely
04:23:54.238 [main] DEBUG org.apache.http.impl.client.DefaultHttpClient -- Authentication required
04:23:54.238 [main] DEBUG org.apache.http.impl.client.DefaultHttpClient -- altashop-api.fly.dev:443 requested authentication
04:23:54.238 [main] DEBUG org.apache.http.impl.client.DefaultHttpClient -- Response contains no authentication challenges
04:23:54.239 [main] DEBUG io.restassured.internal.RestAssuredHttpBuilder -- Parsing response as: application/json
04:23:54.239 [main] DEBUG org.apache.http.wire --  << "45[\r][\n]"
04:23:54.239 [main] DEBUG org.apache.http.wire --  << "[0x1f][0x8b][0x8][0x0][0x0][0x0][0x0][0x0][0x4][0xff][0xab]VJ-*[0xca]/R[0xb2]R[0xca][0xcc][0xc9]IMO[0xcc]QHJ,N53QHI,ITH,Q[0xc8][0xcc]+(-QH[0xaa],IU01V[0xaa][0xe5][0x2][0x0]W[0xa1][0x99][0xe4]1[0x0][0x0][0x0]"
04:23:54.239 [main] DEBUG org.apache.http.wire --  << "[\r][\n]"
04:23:54.239 [main] DEBUG org.apache.http.wire --  << "0[\r][\n]"
04:23:54.239 [main] DEBUG org.apache.http.wire --  << "[\r][\n]"
04:23:54.239 [main] DEBUG io.restassured.internal.RestAssuredHttpBuilder -- Parsed data to instance of: class org.apache.http.conn.EofSensorInputStream
04:23:54.240 [main] DEBUG org.apache.http.impl.conn.BasicClientConnectionManager -- Releasing connection org.apache.http.impl.conn.ManagedClientConnectionImpl@18ff1520
04:23:54.240 [main] DEBUG org.apache.http.impl.conn.BasicClientConnectionManager -- Connection can be kept alive indefinitely
04:23:54.240 [main] DEBUG net.thucydides.core.steps.StepInterceptor -- STEP DONE: I POST HTTP request for comment products with body parameter is empty
  &amp#27;[32mWhen &amp#27;[0m&amp#27;[32mI POST HTTP request for comment products with body parameter is empty&amp#27;[0m               &amp#27;[90m# starter.stepdefinition.CommentSteps.postHTTPRequestForCommentProductsWithBodyParameterIsEmpty()&amp#27;[0m
04:23:54.244 [main] DEBUG net.thucydides.core.steps.StepInterceptor -- STARTING STEP: CommentSteps.receiveResponseCode401ForCommentProductsWithBodyParameterIsEmpty - I receive valid HTTP response 401 for comment products with body parameter is empty
04:23:54.245 [main] DEBUG net.thucydides.core.steps.StepInterceptor -- STEP DONE: I receive valid HTTP response 401 for comment products with body parameter is empty
  &amp#27;[32mThen &amp#27;[0m&amp#27;[32mI receive valid HTTP response 401 for comment products with body parameter is empty&amp#27;[0m &amp#27;[90m# starter.stepdefinition.CommentSteps.receiveResponseCode401ForCommentProductsWithBodyParameterIsEmpty()&amp#27;[0m
04:23:54.246 [main] INFO  -- 
  _____   ___   ___   _____     ___     _     ___   ___   ___   ___  
 |_   _| | __| / __| |_   _|   | _ \   /_\   / __| / __| | __| |   \ 
   | |   | _|  \__ \   | |     |  _/  / _ \  \__ \ \__ \ | _|  | |) |
   |_|   |___| |___/   |_|     |_|   /_/ \_\ |___/ |___/ |___| |___/ 

TC78 - Create a comment for products with body parameter is empty
----------------------------------------------------------------------
]]></system-out>
  </testcase>
  <testcase name="TC13 - Login valid account" classname="[02_Automation] - Login" time="0.122">
    <system-out><![CDATA[04:23:54.248 [main] INFO io.cucumber.core.plugin.SerenityReporter -- Running feature from file:///D:/TaksAlterra/MiniProject/MiniProject_API/src/test/resources/Login.feature
04:23:54.248 [main] WARN io.cucumber.core.plugin.SerenityReporter -- Feature from file:///D:/TaksAlterra/MiniProject/MiniProject_API/src/test/resources/Login.feature is not under the 'features' directory. Requirements report will not be correctly generated!
04:23:54.249 [main] DEBUG net.thucydides.core.steps.StepEventBus -- Test suite started for story net.thucydides.core.model.Story@9ac5c9a9
04:23:54.249 [main] INFO  -- Test Suite Started: [02_Automation] - Login

Scenario: TC13 - Login valid account                  &amp#27;[90m# src/test/resources/Login.feature:3&amp#27;[0m
04:23:54.253 [main] INFO io.cucumber.core.plugin.SerenityReporter -- Running feature from file:///D:/TaksAlterra/MiniProject/MiniProject_API/src/test/resources/Login.feature
04:23:54.253 [main] WARN io.cucumber.core.plugin.SerenityReporter -- Feature from file:///D:/TaksAlterra/MiniProject/MiniProject_API/src/test/resources/Login.feature is not under the 'features' directory. Requirements report will not be correctly generated!
04:23:54.255 [main] INFO  -- 
  _____   ___   ___   _____     ___   _____     _     ___   _____   ___   ___  
 |_   _| | __| / __| |_   _|   / __| |_   _|   /_\   | _ \ |_   _| | __| |   \ 
   | |   | _|  \__ \   | |     \__ \   | |    / _ \  |   /   | |   | _|  | |) |
   |_|   |___| |___/   |_|     |___/   |_|   /_/ \_\ |_|_\   |_|   |___| |___/ 

TC13 - Login valid account([02-automation]---login;tc13---login-valid-account)
--------------------------------------------------------------------------------
04:23:54.272 [main] DEBUG net.thucydides.core.steps.StepInterceptor -- STARTING STEP: LoginSteps.postLoginEndpoints - I POST login endpoints
04:23:54.272 [main] DEBUG net.thucydides.core.steps.StepInterceptor -- STEP DONE: I POST login endpoints
  &amp#27;[32mGiven &amp#27;[0m&amp#27;[32mI POST login endpoints&amp#27;[0m                        &amp#27;[90m# starter.stepdefinition.LoginSteps.postLoginEndpoints()&amp#27;[0m
04:23:54.274 [main] DEBUG net.thucydides.core.steps.StepInterceptor -- STARTING STEP: LoginSteps.postHTTPRequestForLogin - I POST HTTP request for login using valid data
04:23:54.275 [main] DEBUG net.thucydides.core.steps.StepInterceptor -- STARTING STEP: Login.postHTTPRequestForLogin - I POST login endpoints
04:23:54.275 [main] DEBUG net.thucydides.core.steps.StepInterceptor -- STEP DONE: I POST login endpoints
04:23:54.282 [main] DEBUG org.apache.http.impl.conn.BasicClientConnectionManager -- Get connection for route {s}->https://altashop-api.fly.dev:443
04:23:54.282 [main] DEBUG org.apache.http.impl.conn.DefaultClientConnectionOperator -- Connecting to altashop-api.fly.dev:443
04:23:54.339 [main] DEBUG org.apache.http.client.protocol.RequestAddCookies -- CookieSpec selected: ignoreCookies
04:23:54.339 [main] DEBUG org.apache.http.client.protocol.RequestAuthCache -- Auth cache not set in the context
04:23:54.339 [main] DEBUG org.apache.http.client.protocol.RequestTargetAuthentication -- Target auth state: UNCHALLENGED
04:23:54.339 [main] DEBUG org.apache.http.client.protocol.RequestProxyAuthentication -- Proxy auth state: UNCHALLENGED
04:23:54.339 [main] DEBUG org.apache.http.impl.client.DefaultHttpClient -- Attempt 1 to execute request
04:23:54.339 [main] DEBUG org.apache.http.impl.conn.DefaultClientConnection -- Sending request: POST /api/auth/login HTTP/1.1
04:23:54.339 [main] DEBUG org.apache.http.wire --  >> "POST /api/auth/login HTTP/1.1[\r][\n]"
04:23:54.339 [main] DEBUG org.apache.http.wire --  >> "Accept: */*[\r][\n]"
04:23:54.339 [main] DEBUG org.apache.http.wire --  >> "Content-Type: application/json[\r][\n]"
04:23:54.339 [main] DEBUG org.apache.http.wire --  >> "Content-Length: 56[\r][\n]"
04:23:54.339 [main] DEBUG org.apache.http.wire --  >> "Host: altashop-api.fly.dev[\r][\n]"
04:23:54.339 [main] DEBUG org.apache.http.wire --  >> "Connection: Keep-Alive[\r][\n]"
04:23:54.339 [main] DEBUG org.apache.http.wire --  >> "User-Agent: Apache-HttpClient/4.5.13 (Java/17.0.8)[\r][\n]"
04:23:54.339 [main] DEBUG org.apache.http.wire --  >> "Accept-Encoding: gzip,deflate[\r][\n]"
04:23:54.339 [main] DEBUG org.apache.http.wire --  >> "[\r][\n]"
04:23:54.339 [main] DEBUG org.apache.http.headers -- >> POST /api/auth/login HTTP/1.1
04:23:54.339 [main] DEBUG org.apache.http.headers -- >> Accept: */*
04:23:54.339 [main] DEBUG org.apache.http.headers -- >> Content-Type: application/json
04:23:54.339 [main] DEBUG org.apache.http.headers -- >> Content-Length: 56
04:23:54.339 [main] DEBUG org.apache.http.headers -- >> Host: altashop-api.fly.dev
04:23:54.339 [main] DEBUG org.apache.http.headers -- >> Connection: Keep-Alive
04:23:54.339 [main] DEBUG org.apache.http.headers -- >> User-Agent: Apache-HttpClient/4.5.13 (Java/17.0.8)
04:23:54.339 [main] DEBUG org.apache.http.headers -- >> Accept-Encoding: gzip,deflate
04:23:54.339 [main] DEBUG org.apache.http.wire --  >> "{"password":"Sezzle2021","email":"tasyafangg@gmail.com"}"
04:23:54.365 [main] DEBUG org.apache.http.wire --  << "HTTP/1.1 200 OK[\r][\n]"
04:23:54.365 [main] DEBUG org.apache.http.wire --  << "content-type: application/json[\r][\n]"
04:23:54.365 [main] DEBUG org.apache.http.wire --  << "date: Mon, 30 Oct 2023 21:23:55 GMT[\r][\n]"
04:23:54.365 [main] DEBUG org.apache.http.wire --  << "content-encoding: gzip[\r][\n]"
04:23:54.365 [main] DEBUG org.apache.http.wire --  << "transfer-encoding: chunked[\r][\n]"
04:23:54.365 [main] DEBUG org.apache.http.wire --  << "server: Fly/7328d5b5 (2023-10-27)[\r][\n]"
04:23:54.365 [main] DEBUG org.apache.http.wire --  << "via: 1.1 fly.io[\r][\n]"
04:23:54.365 [main] DEBUG org.apache.http.wire --  << "fly-request-id: 01HE17HJBGQQJDDDSYXE04ES78-sin[\r][\n]"
04:23:54.365 [main] DEBUG org.apache.http.wire --  << "[\r][\n]"
04:23:54.365 [main] DEBUG org.apache.http.impl.conn.DefaultClientConnection -- Receiving response: HTTP/1.1 200 OK
04:23:54.365 [main] DEBUG org.apache.http.headers -- << HTTP/1.1 200 OK
04:23:54.365 [main] DEBUG org.apache.http.headers -- << content-type: application/json
04:23:54.365 [main] DEBUG org.apache.http.headers -- << date: Mon, 30 Oct 2023 21:23:55 GMT
04:23:54.365 [main] DEBUG org.apache.http.headers -- << content-encoding: gzip
04:23:54.365 [main] DEBUG org.apache.http.headers -- << transfer-encoding: chunked
04:23:54.365 [main] DEBUG org.apache.http.headers -- << server: Fly/7328d5b5 (2023-10-27)
04:23:54.365 [main] DEBUG org.apache.http.headers -- << via: 1.1 fly.io
04:23:54.365 [main] DEBUG org.apache.http.headers -- << fly-request-id: 01HE17HJBGQQJDDDSYXE04ES78-sin
04:23:54.365 [main] DEBUG org.apache.http.impl.client.DefaultHttpClient -- Connection can be kept alive indefinitely
04:23:54.365 [main] DEBUG io.restassured.internal.RestAssuredHttpBuilder -- Parsing response as: application/json
04:23:54.365 [main] DEBUG org.apache.http.wire --  << "C6[\r][\n]"
04:23:54.365 [main] DEBUG org.apache.http.wire --  << "[0x1f][0x8b][0x8][0x0][0x0][0x0][0x0][0x0][0x4][0xff][0xab]VJI,IT[0xb2]RJ[0xad][0xf4][0xca]HrO[0xce][0xf4][0xcf][0xf4][0xf2][0xc][0xad][0xf2]4[0xf4][0xcb][0xf4],[0xf6][0xcc][0xb]2Mv[0xf6]4[0xf3][0xcc].[0x88][0x8]s[0xf6][0xb2][0xd4]K[0xad][0xf4]rO[0x9][0xaf](N[0xca]u+[0x89][\n]"
04:23:54.365 [main] DEBUG org.apache.http.wire --  << "[0xf6]4[0xf3][0xcc][0x9][0xca]H6[0xce][0xc9][0xf0]t[0x8d]*H[0xf1][0xf0]*[0x88][0xc]vrJ[0xca]M[0xc9]K[0xce]u+H[0xca][0xcd][0xce][0xf4]q[0xf6]rK[\n]"
04:23:54.365 [main] DEBUG org.apache.http.wire --  << "w+H[0x2][0x19][0x92][0x7]Q[0x1b][0x95][0xeb]V[0x1a]e[0x94][0xe2][0x18]ed[0x98][0x91][0x18]^^[0x1a]idY[0xe2][0x99]g[0xa0]g[0x92][0x19]Xjn[0xe0][0xe2]d[0x98][0x91][0x9d][0xe1][0x18][0xe0][0x99][0xe2]kRT[0xe0][0x9f][0x1b]d[0x11][0x9a][0x91][0xe8]U[0x1e][0xe1][0x98][0x94][0x1b][0xe9]g[0x18][0xe9]QUV[0x92][0x98][0xae]T[0xcb][0x5][0x0]ZM[0xc9]i[0xb8][0x0][0x0][0x0]"
04:23:54.365 [main] DEBUG org.apache.http.wire --  << "[\r][\n]"
04:23:54.366 [main] DEBUG org.apache.http.wire --  << "0[\r][\n]"
04:23:54.366 [main] DEBUG org.apache.http.wire --  << "[\r][\n]"
04:23:54.366 [main] DEBUG io.restassured.internal.RestAssuredHttpBuilder -- Parsed data to instance of: class org.apache.http.conn.EofSensorInputStream
04:23:54.366 [main] DEBUG org.apache.http.impl.conn.BasicClientConnectionManager -- Releasing connection org.apache.http.impl.conn.ManagedClientConnectionImpl@75063bd0
04:23:54.366 [main] DEBUG org.apache.http.impl.conn.BasicClientConnectionManager -- Connection can be kept alive indefinitely
04:23:54.367 [main] DEBUG net.thucydides.core.steps.StepInterceptor -- STEP DONE: I POST HTTP request for login using valid data
  &amp#27;[32mWhen &amp#27;[0m&amp#27;[32mI POST HTTP request for login using valid data&amp#27;[0m &amp#27;[90m# starter.stepdefinition.LoginSteps.postHTTPRequestForLogin()&amp#27;[0m
04:23:54.368 [main] DEBUG net.thucydides.core.steps.StepInterceptor -- STARTING STEP: LoginSteps.receiveResponseCode200ForLogin - I receive valid HTTP response 200 for login
04:23:54.370 [main] DEBUG net.thucydides.core.steps.StepInterceptor -- STEP DONE: I receive valid HTTP response 200 for login
  &amp#27;[32mThen &amp#27;[0m&amp#27;[32mI receive valid HTTP response 200 for login&amp#27;[0m    &amp#27;[90m# starter.stepdefinition.LoginSteps.receiveResponseCode200ForLogin()&amp#27;[0m
04:23:54.371 [main] INFO  -- 
  _____   ___   ___   _____     ___     _     ___   ___   ___   ___  
 |_   _| | __| / __| |_   _|   | _ \   /_\   / __| / __| | __| |   \ 
   | |   | _|  \__ \   | |     |  _/  / _ \  \__ \ \__ \ | _|  | |) |
   |_|   |___| |___/   |_|     |_|   /_/ \_\ |___/ |___/ |___| |___/ 

TC13 - Login valid account
----------------------------------------------------------------------
]]></system-out>
  </testcase>
  <testcase name="TC14 - Login using valid account but empty email" classname="[02_Automation] - Login" time="0.114">
    <system-out><![CDATA[
Scenario: TC14 - Login using valid account but empty email                             &amp#27;[90m# src/test/resources/Login.feature:8&amp#27;[0m
04:23:54.381 [Finalizer] DEBUG org.apache.http.impl.conn.DefaultClientConnection -- Connection 0.0.0.0:54188<->149.248.193.56:443 closed
04:23:54.381 [main] INFO io.cucumber.core.plugin.SerenityReporter -- Running feature from file:///D:/TaksAlterra/MiniProject/MiniProject_API/src/test/resources/Login.feature
04:23:54.381 [main] WARN io.cucumber.core.plugin.SerenityReporter -- Feature from file:///D:/TaksAlterra/MiniProject/MiniProject_API/src/test/resources/Login.feature is not under the 'features' directory. Requirements report will not be correctly generated!
04:23:54.381 [Finalizer] DEBUG org.apache.http.impl.conn.DefaultClientConnection -- Connection 0.0.0.0:54187<->149.248.193.56:443 closed
04:23:54.382 [Finalizer] DEBUG org.apache.http.impl.conn.DefaultClientConnection -- Connection 0.0.0.0:54186<->149.248.193.56:443 closed
04:23:54.382 [Finalizer] DEBUG org.apache.http.impl.conn.DefaultClientConnection -- Connection 0.0.0.0:54185<->149.248.193.56:443 closed
04:23:54.382 [Finalizer] DEBUG org.apache.http.impl.conn.DefaultClientConnection -- Connection 0.0.0.0:54189<->149.248.193.56:443 closed
04:23:54.382 [main] INFO  -- 
  _____   ___   ___   _____     ___   _____     _     ___   _____   ___   ___  
 |_   _| | __| / __| |_   _|   / __| |_   _|   /_\   | _ \ |_   _| | __| |   \ 
   | |   | _|  \__ \   | |     \__ \   | |    / _ \  |   /   | |   | _|  | |) |
   |_|   |___| |___/   |_|     |___/   |_|   /_/ \_\ |_|_\   |_|   |___| |___/ 

TC14 - Login using valid account but empty email([02-automation]---login;tc14---login-using-valid-account-but-empty-email)
--------------------------------------------------------------------------------
04:23:54.387 [main] DEBUG net.thucydides.core.steps.StepInterceptor -- STARTING STEP: LoginSteps.postLoginEndpoints2 - I POST login endpoints 2
04:23:54.387 [main] DEBUG net.thucydides.core.steps.StepInterceptor -- STEP DONE: I POST login endpoints 2
  &amp#27;[32mGiven &amp#27;[0m&amp#27;[32mI POST login endpoints 2&amp#27;[0m                                                       &amp#27;[90m# starter.stepdefinition.LoginSteps.postLoginEndpoints2()&amp#27;[0m
04:23:54.389 [main] DEBUG net.thucydides.core.steps.StepInterceptor -- STARTING STEP: LoginSteps.postHTTPRequestForLoginUsingValidAccountButEmptyEmail - I POST HTTP request for login using valid account but empty email
04:23:54.391 [main] DEBUG net.thucydides.core.steps.StepInterceptor -- STARTING STEP: Login.postHTTPRequestForLoginUsingValidAccountButEmptyEmail - I POST login endpoints 2
04:23:54.391 [main] DEBUG net.thucydides.core.steps.StepInterceptor -- STEP DONE: I POST login endpoints 2
04:23:54.401 [main] DEBUG org.apache.http.impl.conn.BasicClientConnectionManager -- Get connection for route {s}->https://altashop-api.fly.dev:443
04:23:54.401 [main] DEBUG org.apache.http.impl.conn.DefaultClientConnectionOperator -- Connecting to altashop-api.fly.dev:443
04:23:54.453 [main] DEBUG org.apache.http.client.protocol.RequestAddCookies -- CookieSpec selected: ignoreCookies
04:23:54.453 [main] DEBUG org.apache.http.client.protocol.RequestAuthCache -- Auth cache not set in the context
04:23:54.453 [main] DEBUG org.apache.http.client.protocol.RequestTargetAuthentication -- Target auth state: UNCHALLENGED
04:23:54.453 [main] DEBUG org.apache.http.client.protocol.RequestProxyAuthentication -- Proxy auth state: UNCHALLENGED
04:23:54.453 [main] DEBUG org.apache.http.impl.client.DefaultHttpClient -- Attempt 1 to execute request
04:23:54.453 [main] DEBUG org.apache.http.impl.conn.DefaultClientConnection -- Sending request: POST /api/auth/login HTTP/1.1
04:23:54.453 [main] DEBUG org.apache.http.wire --  >> "POST /api/auth/login HTTP/1.1[\r][\n]"
04:23:54.453 [main] DEBUG org.apache.http.wire --  >> "Accept: */*[\r][\n]"
04:23:54.453 [main] DEBUG org.apache.http.wire --  >> "Content-Type: application/json[\r][\n]"
04:23:54.453 [main] DEBUG org.apache.http.wire --  >> "Content-Length: 36[\r][\n]"
04:23:54.453 [main] DEBUG org.apache.http.wire --  >> "Host: altashop-api.fly.dev[\r][\n]"
04:23:54.453 [main] DEBUG org.apache.http.wire --  >> "Connection: Keep-Alive[\r][\n]"
04:23:54.453 [main] DEBUG org.apache.http.wire --  >> "User-Agent: Apache-HttpClient/4.5.13 (Java/17.0.8)[\r][\n]"
04:23:54.453 [main] DEBUG org.apache.http.wire --  >> "Accept-Encoding: gzip,deflate[\r][\n]"
04:23:54.453 [main] DEBUG org.apache.http.wire --  >> "[\r][\n]"
04:23:54.453 [main] DEBUG org.apache.http.headers -- >> POST /api/auth/login HTTP/1.1
04:23:54.453 [main] DEBUG org.apache.http.headers -- >> Accept: */*
04:23:54.453 [main] DEBUG org.apache.http.headers -- >> Content-Type: application/json
04:23:54.453 [main] DEBUG org.apache.http.headers -- >> Content-Length: 36
04:23:54.453 [main] DEBUG org.apache.http.headers -- >> Host: altashop-api.fly.dev
04:23:54.453 [main] DEBUG org.apache.http.headers -- >> Connection: Keep-Alive
04:23:54.453 [main] DEBUG org.apache.http.headers -- >> User-Agent: Apache-HttpClient/4.5.13 (Java/17.0.8)
04:23:54.453 [main] DEBUG org.apache.http.headers -- >> Accept-Encoding: gzip,deflate
04:23:54.453 [main] DEBUG org.apache.http.wire --  >> "{"password":"Sezzle2021","email":""}"
04:23:54.478 [main] DEBUG org.apache.http.wire --  << "HTTP/1.1 400 Bad Request[\r][\n]"
04:23:54.478 [main] DEBUG org.apache.http.wire --  << "content-type: application/json[\r][\n]"
04:23:54.478 [main] DEBUG org.apache.http.wire --  << "date: Mon, 30 Oct 2023 21:23:56 GMT[\r][\n]"
04:23:54.478 [main] DEBUG org.apache.http.wire --  << "content-encoding: gzip[\r][\n]"
04:23:54.478 [main] DEBUG org.apache.http.wire --  << "transfer-encoding: chunked[\r][\n]"
04:23:54.478 [main] DEBUG org.apache.http.wire --  << "server: Fly/7328d5b5 (2023-10-27)[\r][\n]"
04:23:54.478 [main] DEBUG org.apache.http.wire --  << "via: 1.1 fly.io[\r][\n]"
04:23:54.478 [main] DEBUG org.apache.http.wire --  << "fly-request-id: 01HE17HJF1XBBBJ2DBTT01NFK3-sin[\r][\n]"
04:23:54.478 [main] DEBUG org.apache.http.wire --  << "[\r][\n]"
04:23:54.478 [main] DEBUG org.apache.http.impl.conn.DefaultClientConnection -- Receiving response: HTTP/1.1 400 Bad Request
04:23:54.478 [main] DEBUG org.apache.http.headers -- << HTTP/1.1 400 Bad Request
04:23:54.478 [main] DEBUG org.apache.http.headers -- << content-type: application/json
04:23:54.478 [main] DEBUG org.apache.http.headers -- << date: Mon, 30 Oct 2023 21:23:56 GMT
04:23:54.478 [main] DEBUG org.apache.http.headers -- << content-encoding: gzip
04:23:54.478 [main] DEBUG org.apache.http.headers -- << transfer-encoding: chunked
04:23:54.478 [main] DEBUG org.apache.http.headers -- << server: Fly/7328d5b5 (2023-10-27)
04:23:54.478 [main] DEBUG org.apache.http.headers -- << via: 1.1 fly.io
04:23:54.478 [main] DEBUG org.apache.http.headers -- << fly-request-id: 01HE17HJF1XBBBJ2DBTT01NFK3-sin
04:23:54.478 [main] DEBUG org.apache.http.impl.client.DefaultHttpClient -- Connection can be kept alive indefinitely
04:23:54.479 [main] DEBUG io.restassured.internal.RestAssuredHttpBuilder -- Parsing response as: application/json
04:23:54.479 [main] DEBUG org.apache.http.wire --  << "32[\r][\n]"
04:23:54.479 [main] DEBUG org.apache.http.wire --  << "[0x1f][0x8b][0x8][0x0][0x0][0x0][0x0][0x0][0x4][0xff][0xab]VJ-*[0xca]/R[0xb2]RJ[0xcd]M[0xcc][0xcc]Q[0xc8],V(J-,[0xcd],JMQ[0xaa][0xe5][0x2][0x0]&[0xe3][0xaa]j[0x1e][0x0][0x0][0x0]"
04:23:54.479 [main] DEBUG org.apache.http.wire --  << "[\r][\n]"
04:23:54.479 [main] DEBUG org.apache.http.wire --  << "0[\r][\n]"
04:23:54.479 [main] DEBUG org.apache.http.wire --  << "[\r][\n]"
04:23:54.479 [main] DEBUG io.restassured.internal.RestAssuredHttpBuilder -- Parsed data to instance of: class org.apache.http.conn.EofSensorInputStream
04:23:54.480 [main] DEBUG org.apache.http.impl.conn.BasicClientConnectionManager -- Releasing connection org.apache.http.impl.conn.ManagedClientConnectionImpl@6e6c8854
04:23:54.480 [main] DEBUG org.apache.http.impl.conn.BasicClientConnectionManager -- Connection can be kept alive indefinitely
04:23:54.480 [main] DEBUG net.thucydides.core.steps.StepInterceptor -- STEP DONE: I POST HTTP request for login using valid account but empty email
  &amp#27;[32mWhen &amp#27;[0m&amp#27;[32mI POST HTTP request for login using valid account but empty email&amp#27;[0m               &amp#27;[90m# starter.stepdefinition.LoginSteps.postHTTPRequestForLoginUsingValidAccountButEmptyEmail()&amp#27;[0m
04:23:54.482 [main] DEBUG net.thucydides.core.steps.StepInterceptor -- STARTING STEP: LoginSteps.receiveResponseCode400ForLoginUsingValidAccountButEmptyEmail - I receive valid HTTP response 400 for login using valid account but empty email
04:23:54.484 [main] DEBUG net.thucydides.core.steps.StepInterceptor -- STEP DONE: I receive valid HTTP response 400 for login using valid account but empty email
  &amp#27;[32mThen &amp#27;[0m&amp#27;[32mI receive valid HTTP response 400 for login using valid account but empty email&amp#27;[0m &amp#27;[90m# starter.stepdefinition.LoginSteps.receiveResponseCode400ForLoginUsingValidAccountButEmptyEmail()&amp#27;[0m
04:23:54.485 [main] INFO  -- 
  _____   ___   ___   _____     ___     _     ___   ___   ___   ___  
 |_   _| | __| / __| |_   _|   | _ \   /_\   / __| / __| | __| |   \ 
   | |   | _|  \__ \   | |     |  _/  / _ \  \__ \ \__ \ | _|  | |) |
   |_|   |___| |___/   |_|     |_|   /_/ \_\ |___/ |___/ |___| |___/ 

TC14 - Login using valid account but empty email
----------------------------------------------------------------------
]]></system-out>
  </testcase>
  <testcase name="TC15 - Login using valid account but empty password" classname="[02_Automation] - Login" time="0.113">
    <system-out><![CDATA[
Scenario: TC15 - Login using valid account but empty password                             &amp#27;[90m# src/test/resources/Login.feature:13&amp#27;[0m
04:23:54.492 [main] INFO io.cucumber.core.plugin.SerenityReporter -- Running feature from file:///D:/TaksAlterra/MiniProject/MiniProject_API/src/test/resources/Login.feature
04:23:54.492 [main] WARN io.cucumber.core.plugin.SerenityReporter -- Feature from file:///D:/TaksAlterra/MiniProject/MiniProject_API/src/test/resources/Login.feature is not under the 'features' directory. Requirements report will not be correctly generated!
04:23:54.493 [main] INFO  -- 
  _____   ___   ___   _____     ___   _____     _     ___   _____   ___   ___  
 |_   _| | __| / __| |_   _|   / __| |_   _|   /_\   | _ \ |_   _| | __| |   \ 
   | |   | _|  \__ \   | |     \__ \   | |    / _ \  |   /   | |   | _|  | |) |
   |_|   |___| |___/   |_|     |___/   |_|   /_/ \_\ |_|_\   |_|   |___| |___/ 

TC15 - Login using valid account but empty password([02-automation]---login;tc15---login-using-valid-account-but-empty-password)
--------------------------------------------------------------------------------
04:23:54.498 [main] DEBUG net.thucydides.core.steps.StepInterceptor -- STARTING STEP: LoginSteps.postLoginEndpoints3 - I POST login endpoints 3
04:23:54.498 [main] DEBUG net.thucydides.core.steps.StepInterceptor -- STEP DONE: I POST login endpoints 3
  &amp#27;[32mGiven &amp#27;[0m&amp#27;[32mI POST login endpoints 3&amp#27;[0m                                                          &amp#27;[90m# starter.stepdefinition.LoginSteps.postLoginEndpoints3()&amp#27;[0m
04:23:54.500 [main] DEBUG net.thucydides.core.steps.StepInterceptor -- STARTING STEP: LoginSteps.postHTTPRequestForLoginUsingValidAccountButEmptyPassword - I POST HTTP request for login using valid account but empty password
04:23:54.503 [main] DEBUG net.thucydides.core.steps.StepInterceptor -- STARTING STEP: Login.postHTTPRequestForLoginUsingValidAccountButEmptyPassword - I POST login endpoints 3
04:23:54.503 [main] DEBUG net.thucydides.core.steps.StepInterceptor -- STEP DONE: I POST login endpoints 3
04:23:54.511 [main] DEBUG org.apache.http.impl.conn.BasicClientConnectionManager -- Get connection for route {s}->https://altashop-api.fly.dev:443
04:23:54.511 [main] DEBUG org.apache.http.impl.conn.DefaultClientConnectionOperator -- Connecting to altashop-api.fly.dev:443
04:23:54.566 [main] DEBUG org.apache.http.client.protocol.RequestAddCookies -- CookieSpec selected: ignoreCookies
04:23:54.566 [main] DEBUG org.apache.http.client.protocol.RequestAuthCache -- Auth cache not set in the context
04:23:54.567 [main] DEBUG org.apache.http.client.protocol.RequestTargetAuthentication -- Target auth state: UNCHALLENGED
04:23:54.567 [main] DEBUG org.apache.http.client.protocol.RequestProxyAuthentication -- Proxy auth state: UNCHALLENGED
04:23:54.567 [main] DEBUG org.apache.http.impl.client.DefaultHttpClient -- Attempt 1 to execute request
04:23:54.567 [main] DEBUG org.apache.http.impl.conn.DefaultClientConnection -- Sending request: POST /api/auth/login HTTP/1.1
04:23:54.567 [main] DEBUG org.apache.http.wire --  >> "POST /api/auth/login HTTP/1.1[\r][\n]"
04:23:54.567 [main] DEBUG org.apache.http.wire --  >> "Accept: */*[\r][\n]"
04:23:54.567 [main] DEBUG org.apache.http.wire --  >> "Content-Type: application/json[\r][\n]"
04:23:54.567 [main] DEBUG org.apache.http.wire --  >> "Content-Length: 46[\r][\n]"
04:23:54.567 [main] DEBUG org.apache.http.wire --  >> "Host: altashop-api.fly.dev[\r][\n]"
04:23:54.567 [main] DEBUG org.apache.http.wire --  >> "Connection: Keep-Alive[\r][\n]"
04:23:54.567 [main] DEBUG org.apache.http.wire --  >> "User-Agent: Apache-HttpClient/4.5.13 (Java/17.0.8)[\r][\n]"
04:23:54.567 [main] DEBUG org.apache.http.wire --  >> "Accept-Encoding: gzip,deflate[\r][\n]"
04:23:54.567 [main] DEBUG org.apache.http.wire --  >> "[\r][\n]"
04:23:54.567 [main] DEBUG org.apache.http.headers -- >> POST /api/auth/login HTTP/1.1
04:23:54.567 [main] DEBUG org.apache.http.headers -- >> Accept: */*
04:23:54.567 [main] DEBUG org.apache.http.headers -- >> Content-Type: application/json
04:23:54.567 [main] DEBUG org.apache.http.headers -- >> Content-Length: 46
04:23:54.567 [main] DEBUG org.apache.http.headers -- >> Host: altashop-api.fly.dev
04:23:54.567 [main] DEBUG org.apache.http.headers -- >> Connection: Keep-Alive
04:23:54.567 [main] DEBUG org.apache.http.headers -- >> User-Agent: Apache-HttpClient/4.5.13 (Java/17.0.8)
04:23:54.567 [main] DEBUG org.apache.http.headers -- >> Accept-Encoding: gzip,deflate
04:23:54.567 [main] DEBUG org.apache.http.wire --  >> "{"password":"","email":"tasyafangg@gmail.com"}"
04:23:54.591 [main] DEBUG org.apache.http.wire --  << "HTTP/1.1 400 Bad Request[\r][\n]"
04:23:54.591 [main] DEBUG org.apache.http.wire --  << "content-type: application/json[\r][\n]"
04:23:54.591 [main] DEBUG org.apache.http.wire --  << "date: Mon, 30 Oct 2023 21:23:56 GMT[\r][\n]"
04:23:54.591 [main] DEBUG org.apache.http.wire --  << "content-encoding: gzip[\r][\n]"
04:23:54.591 [main] DEBUG org.apache.http.wire --  << "transfer-encoding: chunked[\r][\n]"
04:23:54.591 [main] DEBUG org.apache.http.wire --  << "server: Fly/7328d5b5 (2023-10-27)[\r][\n]"
04:23:54.591 [main] DEBUG org.apache.http.wire --  << "via: 1.1 fly.io[\r][\n]"
04:23:54.591 [main] DEBUG org.apache.http.wire --  << "fly-request-id: 01HE17HJJKV835KEKES534HJ0J-sin[\r][\n]"
04:23:54.591 [main] DEBUG org.apache.http.wire --  << "[\r][\n]"
04:23:54.591 [main] DEBUG org.apache.http.impl.conn.DefaultClientConnection -- Receiving response: HTTP/1.1 400 Bad Request
04:23:54.591 [main] DEBUG org.apache.http.headers -- << HTTP/1.1 400 Bad Request
04:23:54.591 [main] DEBUG org.apache.http.headers -- << content-type: application/json
04:23:54.591 [main] DEBUG org.apache.http.headers -- << date: Mon, 30 Oct 2023 21:23:56 GMT
04:23:54.591 [main] DEBUG org.apache.http.headers -- << content-encoding: gzip
04:23:54.591 [main] DEBUG org.apache.http.headers -- << transfer-encoding: chunked
04:23:54.591 [main] DEBUG org.apache.http.headers -- << server: Fly/7328d5b5 (2023-10-27)
04:23:54.591 [main] DEBUG org.apache.http.headers -- << via: 1.1 fly.io
04:23:54.591 [main] DEBUG org.apache.http.headers -- << fly-request-id: 01HE17HJJKV835KEKES534HJ0J-sin
04:23:54.591 [main] DEBUG org.apache.http.impl.client.DefaultHttpClient -- Connection can be kept alive indefinitely
04:23:54.592 [main] DEBUG io.restassured.internal.RestAssuredHttpBuilder -- Parsing response as: application/json
04:23:54.592 [main] DEBUG org.apache.http.wire --  << "35[\r][\n]"
04:23:54.592 [main] DEBUG org.apache.http.wire --  << "[0x1f][0x8b][0x8][0x0][0x0][0x0][0x0][0x0][0x4][0xff][0xab]VJ-*[0xca]/R[0xb2]R*H,..[0xcf]/JQ[0xc8],V(J-,[0xcd],JMQ[0xaa][0xe5][0x2][0x0][0xb9][0x8f][0xe5][0xe0]![0x0][0x0][0x0]"
04:23:54.592 [main] DEBUG org.apache.http.wire --  << "[\r][\n]"
04:23:54.592 [main] DEBUG org.apache.http.wire --  << "0[\r][\n]"
04:23:54.592 [main] DEBUG org.apache.http.wire --  << "[\r][\n]"
04:23:54.592 [main] DEBUG io.restassured.internal.RestAssuredHttpBuilder -- Parsed data to instance of: class org.apache.http.conn.EofSensorInputStream
04:23:54.593 [main] DEBUG org.apache.http.impl.conn.BasicClientConnectionManager -- Releasing connection org.apache.http.impl.conn.ManagedClientConnectionImpl@cd93621
04:23:54.593 [main] DEBUG org.apache.http.impl.conn.BasicClientConnectionManager -- Connection can be kept alive indefinitely
04:23:54.593 [main] DEBUG net.thucydides.core.steps.StepInterceptor -- STEP DONE: I POST HTTP request for login using valid account but empty password
  &amp#27;[32mWhen &amp#27;[0m&amp#27;[32mI POST HTTP request for login using valid account but empty password&amp#27;[0m               &amp#27;[90m# starter.stepdefinition.LoginSteps.postHTTPRequestForLoginUsingValidAccountButEmptyPassword()&amp#27;[0m
04:23:54.596 [main] DEBUG net.thucydides.core.steps.StepInterceptor -- STARTING STEP: LoginSteps.receiveResponseCode400ForLoginUsingValidAccountButEmptyPassword - I receive valid HTTP response 400 for login using valid account but empty password
04:23:54.596 [main] DEBUG net.thucydides.core.steps.StepInterceptor -- STEP DONE: I receive valid HTTP response 400 for login using valid account but empty password
  &amp#27;[32mThen &amp#27;[0m&amp#27;[32mI receive valid HTTP response 400 for login using valid account but empty password&amp#27;[0m &amp#27;[90m# starter.stepdefinition.LoginSteps.receiveResponseCode400ForLoginUsingValidAccountButEmptyPassword()&amp#27;[0m
04:23:54.597 [main] INFO  -- 
  _____   ___   ___   _____     ___     _     ___   ___   ___   ___  
 |_   _| | __| / __| |_   _|   | _ \   /_\   / __| / __| | __| |   \ 
   | |   | _|  \__ \   | |     |  _/  / _ \  \__ \ \__ \ | _|  | |) |
   |_|   |___| |___/   |_|     |_|   /_/ \_\ |___/ |___/ |___| |___/ 

TC15 - Login using valid account but empty password
----------------------------------------------------------------------
]]></system-out>
  </testcase>
  <testcase name="TC16 - Login with valid account but change email with password and password with email" classname="[02_Automation] - Login" time="0.109">
    <system-out><![CDATA[
Scenario: TC16 - Login with valid account but change email with password and password with email                             &amp#27;[90m# src/test/resources/Login.feature:18&amp#27;[0m
04:23:54.601 [main] INFO io.cucumber.core.plugin.SerenityReporter -- Running feature from file:///D:/TaksAlterra/MiniProject/MiniProject_API/src/test/resources/Login.feature
04:23:54.601 [main] WARN io.cucumber.core.plugin.SerenityReporter -- Feature from file:///D:/TaksAlterra/MiniProject/MiniProject_API/src/test/resources/Login.feature is not under the 'features' directory. Requirements report will not be correctly generated!
04:23:54.602 [main] INFO  -- 
  _____   ___   ___   _____     ___   _____     _     ___   _____   ___   ___  
 |_   _| | __| / __| |_   _|   / __| |_   _|   /_\   | _ \ |_   _| | __| |   \ 
   | |   | _|  \__ \   | |     \__ \   | |    / _ \  |   /   | |   | _|  | |) |
   |_|   |___| |___/   |_|     |___/   |_|   /_/ \_\ |_|_\   |_|   |___| |___/ 

TC16 - Login with valid account but change email with password and password with email([02-automation]---login;tc16---login-with-valid-account-but-change-email-with-password-and-password-with-email)
--------------------------------------------------------------------------------
04:23:54.605 [main] DEBUG net.thucydides.core.steps.StepInterceptor -- STARTING STEP: LoginSteps.postLoginEndpoint4 - I POST login endpoints 4
04:23:54.605 [main] DEBUG net.thucydides.core.steps.StepInterceptor -- STEP DONE: I POST login endpoints 4
  &amp#27;[32mGiven &amp#27;[0m&amp#27;[32mI POST login endpoints 4&amp#27;[0m                                                                                             &amp#27;[90m# starter.stepdefinition.LoginSteps.postLoginEndpoint4()&amp#27;[0m
04:23:54.607 [main] DEBUG net.thucydides.core.steps.StepInterceptor -- STARTING STEP: LoginSteps.postHTTPRequestForLoginWithValidAccoutButChangeEmailWithPasswordAndPasswordWithEmail - I POST HTTP request for login with valid account but change email with password and password with email
04:23:54.608 [main] DEBUG net.thucydides.core.steps.StepInterceptor -- STARTING STEP: Login.postHTTPRequestForLoginWithValidAccoutButChangeEmailWithPasswordAndPasswordWithEmail - I POST login endpoints 4
04:23:54.608 [main] DEBUG net.thucydides.core.steps.StepInterceptor -- STEP DONE: I POST login endpoints 4
04:23:54.615 [main] DEBUG org.apache.http.impl.conn.BasicClientConnectionManager -- Get connection for route {s}->https://altashop-api.fly.dev:443
04:23:54.615 [main] DEBUG org.apache.http.impl.conn.DefaultClientConnectionOperator -- Connecting to altashop-api.fly.dev:443
04:23:54.673 [main] DEBUG org.apache.http.client.protocol.RequestAddCookies -- CookieSpec selected: ignoreCookies
04:23:54.673 [main] DEBUG org.apache.http.client.protocol.RequestAuthCache -- Auth cache not set in the context
04:23:54.673 [main] DEBUG org.apache.http.client.protocol.RequestTargetAuthentication -- Target auth state: UNCHALLENGED
04:23:54.673 [main] DEBUG org.apache.http.client.protocol.RequestProxyAuthentication -- Proxy auth state: UNCHALLENGED
04:23:54.673 [main] DEBUG org.apache.http.impl.client.DefaultHttpClient -- Attempt 1 to execute request
04:23:54.673 [main] DEBUG org.apache.http.impl.conn.DefaultClientConnection -- Sending request: POST /api/auth/login HTTP/1.1
04:23:54.673 [main] DEBUG org.apache.http.wire --  >> "POST /api/auth/login HTTP/1.1[\r][\n]"
04:23:54.673 [main] DEBUG org.apache.http.wire --  >> "Accept: */*[\r][\n]"
04:23:54.673 [main] DEBUG org.apache.http.wire --  >> "Content-Type: application/json[\r][\n]"
04:23:54.673 [main] DEBUG org.apache.http.wire --  >> "Content-Length: 56[\r][\n]"
04:23:54.673 [main] DEBUG org.apache.http.wire --  >> "Host: altashop-api.fly.dev[\r][\n]"
04:23:54.673 [main] DEBUG org.apache.http.wire --  >> "Connection: Keep-Alive[\r][\n]"
04:23:54.673 [main] DEBUG org.apache.http.wire --  >> "User-Agent: Apache-HttpClient/4.5.13 (Java/17.0.8)[\r][\n]"
04:23:54.673 [main] DEBUG org.apache.http.wire --  >> "Accept-Encoding: gzip,deflate[\r][\n]"
04:23:54.673 [main] DEBUG org.apache.http.wire --  >> "[\r][\n]"
04:23:54.673 [main] DEBUG org.apache.http.headers -- >> POST /api/auth/login HTTP/1.1
04:23:54.673 [main] DEBUG org.apache.http.headers -- >> Accept: */*
04:23:54.673 [main] DEBUG org.apache.http.headers -- >> Content-Type: application/json
04:23:54.673 [main] DEBUG org.apache.http.headers -- >> Content-Length: 56
04:23:54.673 [main] DEBUG org.apache.http.headers -- >> Host: altashop-api.fly.dev
04:23:54.673 [main] DEBUG org.apache.http.headers -- >> Connection: Keep-Alive
04:23:54.673 [main] DEBUG org.apache.http.headers -- >> User-Agent: Apache-HttpClient/4.5.13 (Java/17.0.8)
04:23:54.673 [main] DEBUG org.apache.http.headers -- >> Accept-Encoding: gzip,deflate
04:23:54.673 [main] DEBUG org.apache.http.wire --  >> "{"password":"tasyafangg@gmail.com","email":"Sezzle2021"}"
04:23:54.701 [main] DEBUG org.apache.http.wire --  << "HTTP/1.1 400 Bad Request[\r][\n]"
04:23:54.701 [main] DEBUG org.apache.http.wire --  << "content-type: application/json[\r][\n]"
04:23:54.701 [main] DEBUG org.apache.http.wire --  << "date: Mon, 30 Oct 2023 21:23:56 GMT[\r][\n]"
04:23:54.701 [main] DEBUG org.apache.http.wire --  << "content-encoding: gzip[\r][\n]"
04:23:54.701 [main] DEBUG org.apache.http.wire --  << "transfer-encoding: chunked[\r][\n]"
04:23:54.701 [main] DEBUG org.apache.http.wire --  << "server: Fly/7328d5b5 (2023-10-27)[\r][\n]"
04:23:54.701 [main] DEBUG org.apache.http.wire --  << "via: 1.1 fly.io[\r][\n]"
04:23:54.701 [main] DEBUG org.apache.http.wire --  << "fly-request-id: 01HE17HJNZ418NFG155DN0ZNVD-sin[\r][\n]"
04:23:54.701 [main] DEBUG org.apache.http.wire --  << "[\r][\n]"
04:23:54.701 [main] DEBUG org.apache.http.impl.conn.DefaultClientConnection -- Receiving response: HTTP/1.1 400 Bad Request
04:23:54.701 [main] DEBUG org.apache.http.headers -- << HTTP/1.1 400 Bad Request
04:23:54.701 [main] DEBUG org.apache.http.headers -- << content-type: application/json
04:23:54.701 [main] DEBUG org.apache.http.headers -- << date: Mon, 30 Oct 2023 21:23:56 GMT
04:23:54.701 [main] DEBUG org.apache.http.headers -- << content-encoding: gzip
04:23:54.701 [main] DEBUG org.apache.http.headers -- << transfer-encoding: chunked
04:23:54.701 [main] DEBUG org.apache.http.headers -- << server: Fly/7328d5b5 (2023-10-27)
04:23:54.701 [main] DEBUG org.apache.http.headers -- << via: 1.1 fly.io
04:23:54.701 [main] DEBUG org.apache.http.headers -- << fly-request-id: 01HE17HJNZ418NFG155DN0ZNVD-sin
04:23:54.701 [main] DEBUG org.apache.http.impl.client.DefaultHttpClient -- Connection can be kept alive indefinitely
04:23:54.701 [main] DEBUG io.restassured.internal.RestAssuredHttpBuilder -- Parsing response as: application/json
04:23:54.701 [main] DEBUG org.apache.http.wire --  << "31[\r][\n]"
04:23:54.701 [main] DEBUG org.apache.http.wire --  << "[0x1f][0x8b][0x8][0x0][0x0][0x0][0x0][0x0][0x4][0xff][0xab]VJ-*[0xca]/R[0xb2]R*JM[0xce]/JQ[0xc8][0xcb]/QH[0xcb]/[0xcd]KQ[0xaa][0xe5][0x2][0x0]6`[0x14][0x2][0x1d][0x0][0x0][0x0]"
04:23:54.702 [main] DEBUG org.apache.http.wire --  << "[\r][\n]"
04:23:54.702 [main] DEBUG org.apache.http.wire --  << "0[\r][\n]"
04:23:54.702 [main] DEBUG org.apache.http.wire --  << "[\r][\n]"
04:23:54.702 [main] DEBUG io.restassured.internal.RestAssuredHttpBuilder -- Parsed data to instance of: class org.apache.http.conn.EofSensorInputStream
04:23:54.703 [main] DEBUG org.apache.http.impl.conn.BasicClientConnectionManager -- Releasing connection org.apache.http.impl.conn.ManagedClientConnectionImpl@c79780
04:23:54.703 [main] DEBUG org.apache.http.impl.conn.BasicClientConnectionManager -- Connection can be kept alive indefinitely
04:23:54.703 [main] DEBUG net.thucydides.core.steps.StepInterceptor -- STEP DONE: I POST HTTP request for login with valid account but change email with password and password with email
  &amp#27;[32mWhen &amp#27;[0m&amp#27;[32mI POST HTTP request for login with valid account but change email with password and password with email&amp#27;[0m               &amp#27;[90m# starter.stepdefinition.LoginSteps.postHTTPRequestForLoginWithValidAccoutButChangeEmailWithPasswordAndPasswordWithEmail()&amp#27;[0m
04:23:54.705 [main] DEBUG net.thucydides.core.steps.StepInterceptor -- STARTING STEP: LoginSteps.receiveResponseCode400ForLoginWithValidAccoutButChangeEmailWithPasswordAndPasswordWithEmail - I receive valid HTTP response 400 for login with valid account but change email with password and password with email
04:23:54.706 [main] DEBUG net.thucydides.core.steps.StepInterceptor -- STEP DONE: I receive valid HTTP response 400 for login with valid account but change email with password and password with email
  &amp#27;[32mThen &amp#27;[0m&amp#27;[32mI receive valid HTTP response 400 for login with valid account but change email with password and password with email&amp#27;[0m &amp#27;[90m# starter.stepdefinition.LoginSteps.receiveResponseCode400ForLoginWithValidAccoutButChangeEmailWithPasswordAndPasswordWithEmail()&amp#27;[0m
04:23:54.707 [main] INFO  -- 
  _____   ___   ___   _____     ___     _     ___   ___   ___   ___  
 |_   _| | __| / __| |_   _|   | _ \   /_\   / __| / __| | __| |   \ 
   | |   | _|  \__ \   | |     |  _/  / _ \  \__ \ \__ \ | _|  | |) |
   |_|   |___| |___/   |_|     |_|   /_/ \_\ |___/ |___/ |___| |___/ 

TC16 - Login with valid account but change email with password and password with email
----------------------------------------------------------------------
]]></system-out>
  </testcase>
  <testcase name="TC18 - Login without payload" classname="[02_Automation] - Login" time="0.107">
    <system-out><![CDATA[
Scenario: TC18 - Login without payload                             &amp#27;[90m# src/test/resources/Login.feature:28&amp#27;[0m
04:23:54.713 [main] INFO io.cucumber.core.plugin.SerenityReporter -- Running feature from file:///D:/TaksAlterra/MiniProject/MiniProject_API/src/test/resources/Login.feature
04:23:54.713 [main] WARN io.cucumber.core.plugin.SerenityReporter -- Feature from file:///D:/TaksAlterra/MiniProject/MiniProject_API/src/test/resources/Login.feature is not under the 'features' directory. Requirements report will not be correctly generated!
04:23:54.714 [main] INFO  -- 
  _____   ___   ___   _____     ___   _____     _     ___   _____   ___   ___  
 |_   _| | __| / __| |_   _|   / __| |_   _|   /_\   | _ \ |_   _| | __| |   \ 
   | |   | _|  \__ \   | |     \__ \   | |    / _ \  |   /   | |   | _|  | |) |
   |_|   |___| |___/   |_|     |___/   |_|   /_/ \_\ |_|_\   |_|   |___| |___/ 

TC18 - Login without payload([02-automation]---login;tc18---login-without-payload)
--------------------------------------------------------------------------------
04:23:54.718 [main] DEBUG net.thucydides.core.steps.StepInterceptor -- STARTING STEP: LoginSteps.postLoginEndpoints6 - I POST login endpoints 6
04:23:54.718 [main] DEBUG net.thucydides.core.steps.StepInterceptor -- STEP DONE: I POST login endpoints 6
  &amp#27;[32mGiven &amp#27;[0m&amp#27;[32mI POST login endpoints 6&amp#27;[0m                                   &amp#27;[90m# starter.stepdefinition.LoginSteps.postLoginEndpoints6()&amp#27;[0m
04:23:54.719 [main] DEBUG net.thucydides.core.steps.StepInterceptor -- STARTING STEP: LoginSteps.postHTTPRequestForLoginWithoutPayload - I POST HTTP request for login without payload
04:23:54.720 [main] DEBUG net.thucydides.core.steps.StepInterceptor -- STARTING STEP: Login.postHTTPRequestForLoginWithoutPayload - I POST login endpoints 6
04:23:54.720 [main] DEBUG net.thucydides.core.steps.StepInterceptor -- STEP DONE: I POST login endpoints 6
04:23:54.727 [main] DEBUG org.apache.http.impl.conn.BasicClientConnectionManager -- Get connection for route {s}->https://altashop-api.fly.dev:443
04:23:54.727 [main] DEBUG org.apache.http.impl.conn.DefaultClientConnectionOperator -- Connecting to altashop-api.fly.dev:443
04:23:54.779 [main] DEBUG org.apache.http.client.protocol.RequestAddCookies -- CookieSpec selected: ignoreCookies
04:23:54.779 [main] DEBUG org.apache.http.client.protocol.RequestAuthCache -- Auth cache not set in the context
04:23:54.779 [main] DEBUG org.apache.http.client.protocol.RequestTargetAuthentication -- Target auth state: UNCHALLENGED
04:23:54.779 [main] DEBUG org.apache.http.client.protocol.RequestProxyAuthentication -- Proxy auth state: UNCHALLENGED
04:23:54.779 [main] DEBUG org.apache.http.impl.client.DefaultHttpClient -- Attempt 1 to execute request
04:23:54.779 [main] DEBUG org.apache.http.impl.conn.DefaultClientConnection -- Sending request: POST /api/auth/login HTTP/1.1
04:23:54.779 [main] DEBUG org.apache.http.wire --  >> "POST /api/auth/login HTTP/1.1[\r][\n]"
04:23:54.779 [main] DEBUG org.apache.http.wire --  >> "Accept: */*[\r][\n]"
04:23:54.779 [main] DEBUG org.apache.http.wire --  >> "Content-Type: application/json[\r][\n]"
04:23:54.779 [main] DEBUG org.apache.http.wire --  >> "Content-Length: 2[\r][\n]"
04:23:54.779 [main] DEBUG org.apache.http.wire --  >> "Host: altashop-api.fly.dev[\r][\n]"
04:23:54.779 [main] DEBUG org.apache.http.wire --  >> "Connection: Keep-Alive[\r][\n]"
04:23:54.779 [main] DEBUG org.apache.http.wire --  >> "User-Agent: Apache-HttpClient/4.5.13 (Java/17.0.8)[\r][\n]"
04:23:54.779 [main] DEBUG org.apache.http.wire --  >> "Accept-Encoding: gzip,deflate[\r][\n]"
04:23:54.779 [main] DEBUG org.apache.http.wire --  >> "[\r][\n]"
04:23:54.779 [main] DEBUG org.apache.http.headers -- >> POST /api/auth/login HTTP/1.1
04:23:54.779 [main] DEBUG org.apache.http.headers -- >> Accept: */*
04:23:54.779 [main] DEBUG org.apache.http.headers -- >> Content-Type: application/json
04:23:54.779 [main] DEBUG org.apache.http.headers -- >> Content-Length: 2
04:23:54.779 [main] DEBUG org.apache.http.headers -- >> Host: altashop-api.fly.dev
04:23:54.779 [main] DEBUG org.apache.http.headers -- >> Connection: Keep-Alive
04:23:54.779 [main] DEBUG org.apache.http.headers -- >> User-Agent: Apache-HttpClient/4.5.13 (Java/17.0.8)
04:23:54.779 [main] DEBUG org.apache.http.headers -- >> Accept-Encoding: gzip,deflate
04:23:54.779 [main] DEBUG org.apache.http.wire --  >> "{}"
04:23:54.807 [main] DEBUG org.apache.http.wire --  << "HTTP/1.1 400 Bad Request[\r][\n]"
04:23:54.807 [main] DEBUG org.apache.http.wire --  << "content-type: application/json[\r][\n]"
04:23:54.807 [main] DEBUG org.apache.http.wire --  << "date: Mon, 30 Oct 2023 21:23:56 GMT[\r][\n]"
04:23:54.807 [main] DEBUG org.apache.http.wire --  << "content-encoding: gzip[\r][\n]"
04:23:54.807 [main] DEBUG org.apache.http.wire --  << "transfer-encoding: chunked[\r][\n]"
04:23:54.807 [main] DEBUG org.apache.http.wire --  << "server: Fly/7328d5b5 (2023-10-27)[\r][\n]"
04:23:54.807 [main] DEBUG org.apache.http.wire --  << "via: 1.1 fly.io[\r][\n]"
04:23:54.807 [main] DEBUG org.apache.http.wire --  << "fly-request-id: 01HE17HJSAQ4Y75CZ524V2XZ3H-sin[\r][\n]"
04:23:54.807 [main] DEBUG org.apache.http.wire --  << "[\r][\n]"
04:23:54.807 [main] DEBUG org.apache.http.impl.conn.DefaultClientConnection -- Receiving response: HTTP/1.1 400 Bad Request
04:23:54.807 [main] DEBUG org.apache.http.headers -- << HTTP/1.1 400 Bad Request
04:23:54.807 [main] DEBUG org.apache.http.headers -- << content-type: application/json
04:23:54.807 [main] DEBUG org.apache.http.headers -- << date: Mon, 30 Oct 2023 21:23:56 GMT
04:23:54.807 [main] DEBUG org.apache.http.headers -- << content-encoding: gzip
04:23:54.807 [main] DEBUG org.apache.http.headers -- << transfer-encoding: chunked
04:23:54.807 [main] DEBUG org.apache.http.headers -- << server: Fly/7328d5b5 (2023-10-27)
04:23:54.807 [main] DEBUG org.apache.http.headers -- << via: 1.1 fly.io
04:23:54.807 [main] DEBUG org.apache.http.headers -- << fly-request-id: 01HE17HJSAQ4Y75CZ524V2XZ3H-sin
04:23:54.807 [main] DEBUG org.apache.http.impl.client.DefaultHttpClient -- Connection can be kept alive indefinitely
04:23:54.807 [main] DEBUG io.restassured.internal.RestAssuredHttpBuilder -- Parsing response as: application/json
04:23:54.807 [main] DEBUG org.apache.http.wire --  << "32[\r][\n]"
04:23:54.807 [main] DEBUG org.apache.http.wire --  << "[0x1f][0x8b][0x8][0x0][0x0][0x0][0x0][0x0][0x4][0xff][0xab]VJ-*[0xca]/R[0xb2]RJ[0xcd]M[0xcc][0xcc]Q[0xc8],V(J-,[0xcd],JMQ[0xaa][0xe5][0x2][0x0]&[0xe3][0xaa]j[0x1e][0x0][0x0][0x0]"
04:23:54.807 [main] DEBUG org.apache.http.wire --  << "[\r][\n]"
04:23:54.807 [main] DEBUG org.apache.http.wire --  << "0[\r][\n]"
04:23:54.808 [main] DEBUG org.apache.http.wire --  << "[\r][\n]"
04:23:54.808 [main] DEBUG io.restassured.internal.RestAssuredHttpBuilder -- Parsed data to instance of: class org.apache.http.conn.EofSensorInputStream
04:23:54.809 [main] DEBUG org.apache.http.impl.conn.BasicClientConnectionManager -- Releasing connection org.apache.http.impl.conn.ManagedClientConnectionImpl@52e92f6
04:23:54.809 [main] DEBUG org.apache.http.impl.conn.BasicClientConnectionManager -- Connection can be kept alive indefinitely
04:23:54.809 [main] DEBUG net.thucydides.core.steps.StepInterceptor -- STEP DONE: I POST HTTP request for login without payload
  &amp#27;[32mWhen &amp#27;[0m&amp#27;[32mI POST HTTP request for login without payload&amp#27;[0m               &amp#27;[90m# starter.stepdefinition.LoginSteps.postHTTPRequestForLoginWithoutPayload()&amp#27;[0m
04:23:54.811 [main] DEBUG net.thucydides.core.steps.StepInterceptor -- STARTING STEP: LoginSteps.receiveResponseCode400ForLoginWithoutPayload - I receive valid HTTP response 400 for login without payload
04:23:54.813 [main] DEBUG net.thucydides.core.steps.StepInterceptor -- STEP DONE: I receive valid HTTP response 400 for login without payload
  &amp#27;[32mThen &amp#27;[0m&amp#27;[32mI receive valid HTTP response 400 for login without payload&amp#27;[0m &amp#27;[90m# starter.stepdefinition.LoginSteps.receiveResponseCode400ForLoginWithoutPayload()&amp#27;[0m
04:23:54.814 [main] INFO  -- 
  _____   ___   ___   _____     ___     _     ___   ___   ___   ___  
 |_   _| | __| / __| |_   _|   | _ \   /_\   / __| / __| | __| |   \ 
   | |   | _|  \__ \   | |     |  _/  / _ \  \__ \ \__ \ | _|  | |) |
   |_|   |___| |___/   |_|     |_|   /_/ \_\ |___/ |___/ |___| |___/ 

TC18 - Login without payload
----------------------------------------------------------------------
]]></system-out>
  </testcase>
  <testcase name="TC19 - Login with invalid format payload" classname="[02_Automation] - Login" time="0.109">
    <system-out><![CDATA[
Scenario: TC19 - Login with invalid format payload                             &amp#27;[90m# src/test/resources/Login.feature:33&amp#27;[0m
04:23:54.818 [main] INFO io.cucumber.core.plugin.SerenityReporter -- Running feature from file:///D:/TaksAlterra/MiniProject/MiniProject_API/src/test/resources/Login.feature
04:23:54.818 [main] WARN io.cucumber.core.plugin.SerenityReporter -- Feature from file:///D:/TaksAlterra/MiniProject/MiniProject_API/src/test/resources/Login.feature is not under the 'features' directory. Requirements report will not be correctly generated!
04:23:54.819 [main] INFO  -- 
  _____   ___   ___   _____     ___   _____     _     ___   _____   ___   ___  
 |_   _| | __| / __| |_   _|   / __| |_   _|   /_\   | _ \ |_   _| | __| |   \ 
   | |   | _|  \__ \   | |     \__ \   | |    / _ \  |   /   | |   | _|  | |) |
   |_|   |___| |___/   |_|     |___/   |_|   /_/ \_\ |_|_\   |_|   |___| |___/ 

TC19 - Login with invalid format payload([02-automation]---login;tc19---login-with-invalid-format-payload)
--------------------------------------------------------------------------------
04:23:54.823 [main] DEBUG net.thucydides.core.steps.StepInterceptor -- STARTING STEP: LoginSteps.postLoginEndpoints7 - I POST login endpoints 7
04:23:54.823 [main] DEBUG net.thucydides.core.steps.StepInterceptor -- STEP DONE: I POST login endpoints 7
  &amp#27;[32mGiven &amp#27;[0m&amp#27;[32mI POST login endpoints 7&amp#27;[0m                                               &amp#27;[90m# starter.stepdefinition.LoginSteps.postLoginEndpoints7()&amp#27;[0m
04:23:54.824 [main] DEBUG net.thucydides.core.steps.StepInterceptor -- STARTING STEP: LoginSteps.postHTTPRequestForLoginWithInvalidFormatPayload - I POST HTTP request for login with invalid format payload
04:23:54.825 [main] DEBUG net.thucydides.core.steps.StepInterceptor -- STARTING STEP: Login.postHTTPRequestForLoginWithInvalidFormatPayload - I POST login endpoints 7
04:23:54.825 [main] DEBUG net.thucydides.core.steps.StepInterceptor -- STEP DONE: I POST login endpoints 7
04:23:54.831 [main] DEBUG org.apache.http.impl.conn.BasicClientConnectionManager -- Get connection for route {s}->https://altashop-api.fly.dev:443
04:23:54.832 [main] DEBUG org.apache.http.impl.conn.DefaultClientConnectionOperator -- Connecting to altashop-api.fly.dev:443
04:23:54.892 [main] DEBUG org.apache.http.client.protocol.RequestAddCookies -- CookieSpec selected: ignoreCookies
04:23:54.892 [main] DEBUG org.apache.http.client.protocol.RequestAuthCache -- Auth cache not set in the context
04:23:54.892 [main] DEBUG org.apache.http.client.protocol.RequestTargetAuthentication -- Target auth state: UNCHALLENGED
04:23:54.892 [main] DEBUG org.apache.http.client.protocol.RequestProxyAuthentication -- Proxy auth state: UNCHALLENGED
04:23:54.892 [main] DEBUG org.apache.http.impl.client.DefaultHttpClient -- Attempt 1 to execute request
04:23:54.892 [main] DEBUG org.apache.http.impl.conn.DefaultClientConnection -- Sending request: POST /api/auth/login HTTP/1.1
04:23:54.892 [main] DEBUG org.apache.http.wire --  >> "POST /api/auth/login HTTP/1.1[\r][\n]"
04:23:54.892 [main] DEBUG org.apache.http.wire --  >> "Accept: */*[\r][\n]"
04:23:54.892 [main] DEBUG org.apache.http.wire --  >> "Content-Type: application/json[\r][\n]"
04:23:54.892 [main] DEBUG org.apache.http.wire --  >> "Content-Length: 51[\r][\n]"
04:23:54.892 [main] DEBUG org.apache.http.wire --  >> "Host: altashop-api.fly.dev[\r][\n]"
04:23:54.892 [main] DEBUG org.apache.http.wire --  >> "Connection: Keep-Alive[\r][\n]"
04:23:54.892 [main] DEBUG org.apache.http.wire --  >> "User-Agent: Apache-HttpClient/4.5.13 (Java/17.0.8)[\r][\n]"
04:23:54.892 [main] DEBUG org.apache.http.wire --  >> "Accept-Encoding: gzip,deflate[\r][\n]"
04:23:54.892 [main] DEBUG org.apache.http.wire --  >> "[\r][\n]"
04:23:54.892 [main] DEBUG org.apache.http.headers -- >> POST /api/auth/login HTTP/1.1
04:23:54.892 [main] DEBUG org.apache.http.headers -- >> Accept: */*
04:23:54.892 [main] DEBUG org.apache.http.headers -- >> Content-Type: application/json
04:23:54.892 [main] DEBUG org.apache.http.headers -- >> Content-Length: 51
04:23:54.892 [main] DEBUG org.apache.http.headers -- >> Host: altashop-api.fly.dev
04:23:54.892 [main] DEBUG org.apache.http.headers -- >> Connection: Keep-Alive
04:23:54.892 [main] DEBUG org.apache.http.headers -- >> User-Agent: Apache-HttpClient/4.5.13 (Java/17.0.8)
04:23:54.892 [main] DEBUG org.apache.http.headers -- >> Accept-Encoding: gzip,deflate
04:23:54.892 [main] DEBUG org.apache.http.wire --  >> "{"mail":"tasyafangg@gmail.com","pass":"Sezzle2021"}"
04:23:54.916 [main] DEBUG org.apache.http.wire --  << "HTTP/1.1 400 Bad Request[\r][\n]"
04:23:54.916 [main] DEBUG org.apache.http.wire --  << "content-type: application/json[\r][\n]"
04:23:54.916 [main] DEBUG org.apache.http.wire --  << "date: Mon, 30 Oct 2023 21:23:56 GMT[\r][\n]"
04:23:54.916 [main] DEBUG org.apache.http.wire --  << "content-encoding: gzip[\r][\n]"
04:23:54.916 [main] DEBUG org.apache.http.wire --  << "transfer-encoding: chunked[\r][\n]"
04:23:54.916 [main] DEBUG org.apache.http.wire --  << "server: Fly/7328d5b5 (2023-10-27)[\r][\n]"
04:23:54.916 [main] DEBUG org.apache.http.wire --  << "via: 1.1 fly.io[\r][\n]"
04:23:54.916 [main] DEBUG org.apache.http.wire --  << "fly-request-id: 01HE17HJWR2VMZFQX66GGCXWA9-sin[\r][\n]"
04:23:54.916 [main] DEBUG org.apache.http.wire --  << "[\r][\n]"
04:23:54.916 [main] DEBUG org.apache.http.impl.conn.DefaultClientConnection -- Receiving response: HTTP/1.1 400 Bad Request
04:23:54.916 [main] DEBUG org.apache.http.headers -- << HTTP/1.1 400 Bad Request
04:23:54.916 [main] DEBUG org.apache.http.headers -- << content-type: application/json
04:23:54.916 [main] DEBUG org.apache.http.headers -- << date: Mon, 30 Oct 2023 21:23:56 GMT
04:23:54.916 [main] DEBUG org.apache.http.headers -- << content-encoding: gzip
04:23:54.916 [main] DEBUG org.apache.http.headers -- << transfer-encoding: chunked
04:23:54.916 [main] DEBUG org.apache.http.headers -- << server: Fly/7328d5b5 (2023-10-27)
04:23:54.916 [main] DEBUG org.apache.http.headers -- << via: 1.1 fly.io
04:23:54.916 [main] DEBUG org.apache.http.headers -- << fly-request-id: 01HE17HJWR2VMZFQX66GGCXWA9-sin
04:23:54.916 [main] DEBUG org.apache.http.impl.client.DefaultHttpClient -- Connection can be kept alive indefinitely
04:23:54.916 [main] DEBUG io.restassured.internal.RestAssuredHttpBuilder -- Parsing response as: application/json
04:23:54.916 [main] DEBUG org.apache.http.wire --  << "32[\r][\n]"
04:23:54.916 [main] DEBUG org.apache.http.wire --  << "[0x1f][0x8b][0x8][0x0][0x0][0x0][0x0][0x0][0x4][0xff][0xab]VJ-*[0xca]/R[0xb2]RJ[0xcd]M[0xcc][0xcc]Q[0xc8],V(J-,[0xcd],JMQ[0xaa][0xe5][0x2][0x0]&[0xe3][0xaa]j[0x1e][0x0][0x0][0x0]"
04:23:54.916 [main] DEBUG org.apache.http.wire --  << "[\r][\n]"
04:23:54.916 [main] DEBUG org.apache.http.wire --  << "0[\r][\n]"
04:23:54.916 [main] DEBUG org.apache.http.wire --  << "[\r][\n]"
04:23:54.916 [main] DEBUG io.restassured.internal.RestAssuredHttpBuilder -- Parsed data to instance of: class org.apache.http.conn.EofSensorInputStream
04:23:54.917 [main] DEBUG org.apache.http.impl.conn.BasicClientConnectionManager -- Releasing connection org.apache.http.impl.conn.ManagedClientConnectionImpl@355b53cc
04:23:54.917 [main] DEBUG org.apache.http.impl.conn.BasicClientConnectionManager -- Connection can be kept alive indefinitely
04:23:54.918 [main] DEBUG net.thucydides.core.steps.StepInterceptor -- STEP DONE: I POST HTTP request for login with invalid format payload
  &amp#27;[32mWhen &amp#27;[0m&amp#27;[32mI POST HTTP request for login with invalid format payload&amp#27;[0m               &amp#27;[90m# starter.stepdefinition.LoginSteps.postHTTPRequestForLoginWithInvalidFormatPayload()&amp#27;[0m
04:23:54.920 [main] DEBUG net.thucydides.core.steps.StepInterceptor -- STARTING STEP: LoginSteps.receiveResponseCode400ForLoginWithInvalidFormatPayload - I receive valid HTTP response 400 for login with invalid format payload
04:23:54.922 [main] DEBUG net.thucydides.core.steps.StepInterceptor -- STEP DONE: I receive valid HTTP response 400 for login with invalid format payload
  &amp#27;[32mThen &amp#27;[0m&amp#27;[32mI receive valid HTTP response 400 for login with invalid format payload&amp#27;[0m &amp#27;[90m# starter.stepdefinition.LoginSteps.receiveResponseCode400ForLoginWithInvalidFormatPayload()&amp#27;[0m
04:23:54.923 [main] INFO  -- 
  _____   ___   ___   _____     ___     _     ___   ___   ___   ___  
 |_   _| | __| / __| |_   _|   | _ \   /_\   / __| / __| | __| |   \ 
   | |   | _|  \__ \   | |     |  _/  / _ \  \__ \ \__ \ | _|  | |) |
   |_|   |___| |___/   |_|     |_|   /_/ \_\ |___/ |___/ |___| |___/ 

TC19 - Login with invalid format payload
----------------------------------------------------------------------
]]></system-out>
  </testcase>
  <testcase name="TC20 - Login with body parameter is empty" classname="[02_Automation] - Login" time="0.109">
    <system-out><![CDATA[
Scenario: TC20 - Login with body parameter is empty                             &amp#27;[90m# src/test/resources/Login.feature:38&amp#27;[0m
04:23:54.926 [main] INFO io.cucumber.core.plugin.SerenityReporter -- Running feature from file:///D:/TaksAlterra/MiniProject/MiniProject_API/src/test/resources/Login.feature
04:23:54.927 [main] WARN io.cucumber.core.plugin.SerenityReporter -- Feature from file:///D:/TaksAlterra/MiniProject/MiniProject_API/src/test/resources/Login.feature is not under the 'features' directory. Requirements report will not be correctly generated!
04:23:54.928 [main] INFO  -- 
  _____   ___   ___   _____     ___   _____     _     ___   _____   ___   ___  
 |_   _| | __| / __| |_   _|   / __| |_   _|   /_\   | _ \ |_   _| | __| |   \ 
   | |   | _|  \__ \   | |     \__ \   | |    / _ \  |   /   | |   | _|  | |) |
   |_|   |___| |___/   |_|     |___/   |_|   /_/ \_\ |_|_\   |_|   |___| |___/ 

TC20 - Login with body parameter is empty([02-automation]---login;tc20---login-with-body-parameter-is-empty)
--------------------------------------------------------------------------------
04:23:54.934 [main] DEBUG net.thucydides.core.steps.StepInterceptor -- STARTING STEP: LoginSteps.postLoginEndpoints8 - I POST login endpoints 8
04:23:54.934 [main] DEBUG net.thucydides.core.steps.StepInterceptor -- STEP DONE: I POST login endpoints 8
  &amp#27;[32mGiven &amp#27;[0m&amp#27;[32mI POST login endpoints 8&amp#27;[0m                                                &amp#27;[90m# starter.stepdefinition.LoginSteps.postLoginEndpoints8()&amp#27;[0m
04:23:54.936 [main] DEBUG net.thucydides.core.steps.StepInterceptor -- STARTING STEP: LoginSteps.postHTTPRequestForLoginWithBodyParameterIsEmpty - I POST HTTP request for login with body parameter is empty
04:23:54.938 [main] DEBUG net.thucydides.core.steps.StepInterceptor -- STARTING STEP: Login.postHTTPRequestForLoginWithBodyParameterIsEmpty - I POST login endpoints 8
04:23:54.938 [main] DEBUG net.thucydides.core.steps.StepInterceptor -- STEP DONE: I POST login endpoints 8
04:23:54.944 [main] DEBUG org.apache.http.impl.conn.BasicClientConnectionManager -- Get connection for route {s}->https://altashop-api.fly.dev:443
04:23:54.944 [main] DEBUG org.apache.http.impl.conn.DefaultClientConnectionOperator -- Connecting to altashop-api.fly.dev:443
04:23:55.000 [main] DEBUG org.apache.http.client.protocol.RequestAddCookies -- CookieSpec selected: ignoreCookies
04:23:55.000 [main] DEBUG org.apache.http.client.protocol.RequestAuthCache -- Auth cache not set in the context
04:23:55.000 [main] DEBUG org.apache.http.client.protocol.RequestTargetAuthentication -- Target auth state: UNCHALLENGED
04:23:55.000 [main] DEBUG org.apache.http.client.protocol.RequestProxyAuthentication -- Proxy auth state: UNCHALLENGED
04:23:55.000 [main] DEBUG org.apache.http.impl.client.DefaultHttpClient -- Attempt 1 to execute request
04:23:55.000 [main] DEBUG org.apache.http.impl.conn.DefaultClientConnection -- Sending request: POST /api/auth/login HTTP/1.1
04:23:55.000 [main] DEBUG org.apache.http.wire --  >> "POST /api/auth/login HTTP/1.1[\r][\n]"
04:23:55.000 [main] DEBUG org.apache.http.wire --  >> "Accept: */*[\r][\n]"
04:23:55.000 [main] DEBUG org.apache.http.wire --  >> "Content-Type: application/json[\r][\n]"
04:23:55.000 [main] DEBUG org.apache.http.wire --  >> "Content-Length: 26[\r][\n]"
04:23:55.000 [main] DEBUG org.apache.http.wire --  >> "Host: altashop-api.fly.dev[\r][\n]"
04:23:55.002 [main] DEBUG org.apache.http.wire --  >> "Connection: Keep-Alive[\r][\n]"
04:23:55.002 [main] DEBUG org.apache.http.wire --  >> "User-Agent: Apache-HttpClient/4.5.13 (Java/17.0.8)[\r][\n]"
04:23:55.002 [main] DEBUG org.apache.http.wire --  >> "Accept-Encoding: gzip,deflate[\r][\n]"
04:23:55.002 [main] DEBUG org.apache.http.wire --  >> "[\r][\n]"
04:23:55.002 [main] DEBUG org.apache.http.headers -- >> POST /api/auth/login HTTP/1.1
04:23:55.002 [main] DEBUG org.apache.http.headers -- >> Accept: */*
04:23:55.002 [main] DEBUG org.apache.http.headers -- >> Content-Type: application/json
04:23:55.002 [main] DEBUG org.apache.http.headers -- >> Content-Length: 26
04:23:55.002 [main] DEBUG org.apache.http.headers -- >> Host: altashop-api.fly.dev
04:23:55.002 [main] DEBUG org.apache.http.headers -- >> Connection: Keep-Alive
04:23:55.002 [main] DEBUG org.apache.http.headers -- >> User-Agent: Apache-HttpClient/4.5.13 (Java/17.0.8)
04:23:55.002 [main] DEBUG org.apache.http.headers -- >> Accept-Encoding: gzip,deflate
04:23:55.002 [main] DEBUG org.apache.http.wire --  >> "{"password":"","email":""}"
04:23:55.026 [main] DEBUG org.apache.http.wire --  << "HTTP/1.1 400 Bad Request[\r][\n]"
04:23:55.026 [main] DEBUG org.apache.http.wire --  << "content-type: application/json[\r][\n]"
04:23:55.026 [main] DEBUG org.apache.http.wire --  << "date: Mon, 30 Oct 2023 21:23:56 GMT[\r][\n]"
04:23:55.026 [main] DEBUG org.apache.http.wire --  << "content-encoding: gzip[\r][\n]"
04:23:55.026 [main] DEBUG org.apache.http.wire --  << "transfer-encoding: chunked[\r][\n]"
04:23:55.026 [main] DEBUG org.apache.http.wire --  << "server: Fly/7328d5b5 (2023-10-27)[\r][\n]"
04:23:55.026 [main] DEBUG org.apache.http.wire --  << "via: 1.1 fly.io[\r][\n]"
04:23:55.026 [main] DEBUG org.apache.http.wire --  << "fly-request-id: 01HE17HK06TG2DFTSJP29RWDVY-sin[\r][\n]"
04:23:55.026 [main] DEBUG org.apache.http.wire --  << "[\r][\n]"
04:23:55.026 [main] DEBUG org.apache.http.impl.conn.DefaultClientConnection -- Receiving response: HTTP/1.1 400 Bad Request
04:23:55.026 [main] DEBUG org.apache.http.headers -- << HTTP/1.1 400 Bad Request
04:23:55.026 [main] DEBUG org.apache.http.headers -- << content-type: application/json
04:23:55.026 [main] DEBUG org.apache.http.headers -- << date: Mon, 30 Oct 2023 21:23:56 GMT
04:23:55.026 [main] DEBUG org.apache.http.headers -- << content-encoding: gzip
04:23:55.026 [main] DEBUG org.apache.http.headers -- << transfer-encoding: chunked
04:23:55.026 [main] DEBUG org.apache.http.headers -- << server: Fly/7328d5b5 (2023-10-27)
04:23:55.026 [main] DEBUG org.apache.http.headers -- << via: 1.1 fly.io
04:23:55.026 [main] DEBUG org.apache.http.headers -- << fly-request-id: 01HE17HK06TG2DFTSJP29RWDVY-sin
04:23:55.026 [main] DEBUG org.apache.http.impl.client.DefaultHttpClient -- Connection can be kept alive indefinitely
04:23:55.026 [main] DEBUG io.restassured.internal.RestAssuredHttpBuilder -- Parsing response as: application/json
04:23:55.026 [main] DEBUG org.apache.http.wire --  << "32[\r][\n]"
04:23:55.026 [main] DEBUG org.apache.http.wire --  << "[0x1f][0x8b][0x8][0x0][0x0][0x0][0x0][0x0][0x4][0xff][0xab]VJ-*[0xca]/R[0xb2]RJ[0xcd]M[0xcc][0xcc]Q[0xc8],V(J-,[0xcd],JMQ[0xaa][0xe5][0x2][0x0]&[0xe3][0xaa]j[0x1e][0x0][0x0][0x0]"
04:23:55.026 [main] DEBUG org.apache.http.wire --  << "[\r][\n]"
04:23:55.027 [main] DEBUG org.apache.http.wire --  << "0[\r][\n]"
04:23:55.027 [main] DEBUG org.apache.http.wire --  << "[\r][\n]"
04:23:55.027 [main] DEBUG io.restassured.internal.RestAssuredHttpBuilder -- Parsed data to instance of: class org.apache.http.conn.EofSensorInputStream
04:23:55.028 [main] DEBUG org.apache.http.impl.conn.BasicClientConnectionManager -- Releasing connection org.apache.http.impl.conn.ManagedClientConnectionImpl@3945886e
04:23:55.028 [main] DEBUG org.apache.http.impl.conn.BasicClientConnectionManager -- Connection can be kept alive indefinitely
04:23:55.028 [main] DEBUG net.thucydides.core.steps.StepInterceptor -- STEP DONE: I POST HTTP request for login with body parameter is empty
  &amp#27;[32mWhen &amp#27;[0m&amp#27;[32mI POST HTTP request for login with body parameter is empty&amp#27;[0m               &amp#27;[90m# starter.stepdefinition.LoginSteps.postHTTPRequestForLoginWithBodyParameterIsEmpty()&amp#27;[0m
04:23:55.030 [main] DEBUG net.thucydides.core.steps.StepInterceptor -- STARTING STEP: LoginSteps.receiveResponseCode400ForLoginWithBodyParameterIsEmpty - I receive valid HTTP response 400 for login with body parameter is empty
04:23:55.031 [main] DEBUG net.thucydides.core.steps.StepInterceptor -- STEP DONE: I receive valid HTTP response 400 for login with body parameter is empty
  &amp#27;[32mThen &amp#27;[0m&amp#27;[32mI receive valid HTTP response 400 for login with body parameter is empty&amp#27;[0m &amp#27;[90m# starter.stepdefinition.LoginSteps.receiveResponseCode400ForLoginWithBodyParameterIsEmpty()&amp#27;[0m
04:23:55.032 [main] INFO  -- 
  _____   ___   ___   _____     ___     _     ___   ___   ___   ___  
 |_   _| | __| / __| |_   _|   | _ \   /_\   / __| / __| | __| |   \ 
   | |   | _|  \__ \   | |     |  _/  / _ \  \__ \ \__ \ | _|  | |) |
   |_|   |___| |___/   |_|     |_|   /_/ \_\ |___/ |___/ |___| |___/ 

TC20 - Login with body parameter is empty
----------------------------------------------------------------------
]]></system-out>
  </testcase>
  <testcase name="TC21 - Login with invalid HTTP method" classname="[02_Automation] - Login" time="0.099">
    <system-out><![CDATA[
Scenario: TC21 - Login with invalid HTTP method                             &amp#27;[90m# src/test/resources/Login.feature:43&amp#27;[0m
04:23:55.036 [main] INFO io.cucumber.core.plugin.SerenityReporter -- Running feature from file:///D:/TaksAlterra/MiniProject/MiniProject_API/src/test/resources/Login.feature
04:23:55.036 [main] WARN io.cucumber.core.plugin.SerenityReporter -- Feature from file:///D:/TaksAlterra/MiniProject/MiniProject_API/src/test/resources/Login.feature is not under the 'features' directory. Requirements report will not be correctly generated!
04:23:55.037 [main] INFO  -- 
  _____   ___   ___   _____     ___   _____     _     ___   _____   ___   ___  
 |_   _| | __| / __| |_   _|   / __| |_   _|   /_\   | _ \ |_   _| | __| |   \ 
   | |   | _|  \__ \   | |     \__ \   | |    / _ \  |   /   | |   | _|  | |) |
   |_|   |___| |___/   |_|     |___/   |_|   /_/ \_\ |_|_\   |_|   |___| |___/ 

TC21 - Login with invalid HTTP method([02-automation]---login;tc21---login-with-invalid-http-method)
--------------------------------------------------------------------------------
04:23:55.040 [main] DEBUG net.thucydides.core.steps.StepInterceptor -- STARTING STEP: LoginSteps.postLoginEndpoints9 - I POST login endpoints 9
04:23:55.040 [main] DEBUG net.thucydides.core.steps.StepInterceptor -- STEP DONE: I POST login endpoints 9
  &amp#27;[32mGiven &amp#27;[0m&amp#27;[32mI PUT login endpoints 9&amp#27;[0m                                             &amp#27;[90m# starter.stepdefinition.LoginSteps.postLoginEndpoints9()&amp#27;[0m
04:23:55.042 [main] DEBUG net.thucydides.core.steps.StepInterceptor -- STARTING STEP: LoginSteps.postHTTPRequestForLoginWithInvalidHTTPMethod - I send request for login with invalid HTTP method
04:23:55.043 [main] DEBUG net.thucydides.core.steps.StepInterceptor -- STARTING STEP: Login.postHTTPRequestForLoginWithInvalidHTTPMethod - I POST login endpoints 9
04:23:55.043 [main] DEBUG net.thucydides.core.steps.StepInterceptor -- STEP DONE: I POST login endpoints 9
04:23:55.048 [main] DEBUG org.apache.http.impl.conn.BasicClientConnectionManager -- Get connection for route {s}->https://altashop-api.fly.dev:443
04:23:55.048 [main] DEBUG org.apache.http.impl.conn.DefaultClientConnectionOperator -- Connecting to altashop-api.fly.dev:443
04:23:55.100 [main] DEBUG org.apache.http.client.protocol.RequestAddCookies -- CookieSpec selected: ignoreCookies
04:23:55.100 [main] DEBUG org.apache.http.client.protocol.RequestAuthCache -- Auth cache not set in the context
04:23:55.100 [main] DEBUG org.apache.http.client.protocol.RequestTargetAuthentication -- Target auth state: UNCHALLENGED
04:23:55.100 [main] DEBUG org.apache.http.client.protocol.RequestProxyAuthentication -- Proxy auth state: UNCHALLENGED
04:23:55.100 [main] DEBUG org.apache.http.impl.client.DefaultHttpClient -- Attempt 1 to execute request
04:23:55.101 [main] DEBUG org.apache.http.impl.conn.DefaultClientConnection -- Sending request: PUT /api/auth/login HTTP/1.1
04:23:55.101 [main] DEBUG org.apache.http.wire --  >> "PUT /api/auth/login HTTP/1.1[\r][\n]"
04:23:55.101 [main] DEBUG org.apache.http.wire --  >> "Accept: */*[\r][\n]"
04:23:55.101 [main] DEBUG org.apache.http.wire --  >> "Content-Type: application/json[\r][\n]"
04:23:55.101 [main] DEBUG org.apache.http.wire --  >> "Content-Length: 56[\r][\n]"
04:23:55.101 [main] DEBUG org.apache.http.wire --  >> "Host: altashop-api.fly.dev[\r][\n]"
04:23:55.101 [main] DEBUG org.apache.http.wire --  >> "Connection: Keep-Alive[\r][\n]"
04:23:55.101 [main] DEBUG org.apache.http.wire --  >> "User-Agent: Apache-HttpClient/4.5.13 (Java/17.0.8)[\r][\n]"
04:23:55.101 [main] DEBUG org.apache.http.wire --  >> "Accept-Encoding: gzip,deflate[\r][\n]"
04:23:55.101 [main] DEBUG org.apache.http.wire --  >> "[\r][\n]"
04:23:55.101 [main] DEBUG org.apache.http.headers -- >> PUT /api/auth/login HTTP/1.1
04:23:55.101 [main] DEBUG org.apache.http.headers -- >> Accept: */*
04:23:55.101 [main] DEBUG org.apache.http.headers -- >> Content-Type: application/json
04:23:55.101 [main] DEBUG org.apache.http.headers -- >> Content-Length: 56
04:23:55.101 [main] DEBUG org.apache.http.headers -- >> Host: altashop-api.fly.dev
04:23:55.101 [main] DEBUG org.apache.http.headers -- >> Connection: Keep-Alive
04:23:55.101 [main] DEBUG org.apache.http.headers -- >> User-Agent: Apache-HttpClient/4.5.13 (Java/17.0.8)
04:23:55.101 [main] DEBUG org.apache.http.headers -- >> Accept-Encoding: gzip,deflate
04:23:55.101 [main] DEBUG org.apache.http.wire --  >> "{"password":"Sezzle2021","email":"tasyafangg@gmail.com"}"
04:23:55.124 [main] DEBUG org.apache.http.wire --  << "HTTP/1.1 405 Method Not Allowed[\r][\n]"
04:23:55.124 [main] DEBUG org.apache.http.wire --  << "date: Mon, 30 Oct 2023 21:23:56 GMT[\r][\n]"
04:23:55.124 [main] DEBUG org.apache.http.wire --  << "content-encoding: gzip[\r][\n]"
04:23:55.124 [main] DEBUG org.apache.http.wire --  << "content-type: text/plain; charset=utf-8[\r][\n]"
04:23:55.124 [main] DEBUG org.apache.http.wire --  << "transfer-encoding: chunked[\r][\n]"
04:23:55.124 [main] DEBUG org.apache.http.wire --  << "server: Fly/7328d5b5 (2023-10-27)[\r][\n]"
04:23:55.124 [main] DEBUG org.apache.http.wire --  << "via: 1.1 fly.io[\r][\n]"
04:23:55.124 [main] DEBUG org.apache.http.wire --  << "fly-request-id: 01HE17HK37JW2QXF76M121W7XE-sin[\r][\n]"
04:23:55.124 [main] DEBUG org.apache.http.wire --  << "[\r][\n]"
04:23:55.124 [main] DEBUG org.apache.http.impl.conn.DefaultClientConnection -- Receiving response: HTTP/1.1 405 Method Not Allowed
04:23:55.124 [main] DEBUG org.apache.http.headers -- << HTTP/1.1 405 Method Not Allowed
04:23:55.124 [main] DEBUG org.apache.http.headers -- << date: Mon, 30 Oct 2023 21:23:56 GMT
04:23:55.124 [main] DEBUG org.apache.http.headers -- << content-encoding: gzip
04:23:55.124 [main] DEBUG org.apache.http.headers -- << content-type: text/plain; charset=utf-8
04:23:55.124 [main] DEBUG org.apache.http.headers -- << transfer-encoding: chunked
04:23:55.124 [main] DEBUG org.apache.http.headers -- << server: Fly/7328d5b5 (2023-10-27)
04:23:55.124 [main] DEBUG org.apache.http.headers -- << via: 1.1 fly.io
04:23:55.124 [main] DEBUG org.apache.http.headers -- << fly-request-id: 01HE17HK37JW2QXF76M121W7XE-sin
04:23:55.124 [main] DEBUG org.apache.http.impl.client.DefaultHttpClient -- Connection can be kept alive indefinitely
04:23:55.124 [main] DEBUG io.restassured.internal.RestAssuredHttpBuilder -- Parsing response as: text/plain; charset=utf-8
04:23:55.124 [main] DEBUG org.apache.http.wire --  << "27[\r][\n]"
04:23:55.124 [main] DEBUG org.apache.http.wire --  << "[0x1f][0x8b][0x8][0x0][0x0][0x0][0x0][0x0][0x4][0xff][0xcb]M-[0xc9][0xc8]OQ[0xc8][0xcb]/QH[0xcc][0xc9][0xc9]/OM[0xe1][0x2][0x0][0xe5]Yf[0xfa][0x13][0x0][0x0][0x0]"
04:23:55.124 [main] DEBUG org.apache.http.wire --  << "[\r][\n]"
04:23:55.124 [main] DEBUG org.apache.http.wire --  << "0[\r][\n]"
04:23:55.124 [main] DEBUG org.apache.http.wire --  << "[\r][\n]"
04:23:55.124 [main] DEBUG io.restassured.internal.RestAssuredHttpBuilder -- Parsed data to instance of: class org.apache.http.conn.EofSensorInputStream
04:23:55.125 [main] DEBUG org.apache.http.impl.conn.BasicClientConnectionManager -- Releasing connection org.apache.http.impl.conn.ManagedClientConnectionImpl@6fafbdac
04:23:55.125 [main] DEBUG org.apache.http.impl.conn.BasicClientConnectionManager -- Connection can be kept alive indefinitely
04:23:55.125 [main] DEBUG net.thucydides.core.steps.StepInterceptor -- STEP DONE: I send request for login with invalid HTTP method
  &amp#27;[32mWhen &amp#27;[0m&amp#27;[32mI send request for login with invalid HTTP method&amp#27;[0m                    &amp#27;[90m# starter.stepdefinition.LoginSteps.postHTTPRequestForLoginWithInvalidHTTPMethod()&amp#27;[0m
04:23:55.129 [main] DEBUG net.thucydides.core.steps.StepInterceptor -- STARTING STEP: LoginSteps.receiveResponseCode405ForLoginWithInvalidHTTPMethod - I receive valid HTTP response 405 for login with invalid HTTP method
04:23:55.129 [main] DEBUG net.thucydides.core.steps.StepInterceptor -- STEP DONE: I receive valid HTTP response 405 for login with invalid HTTP method
  &amp#27;[32mThen &amp#27;[0m&amp#27;[32mI receive valid HTTP response 405 for login with invalid HTTP method&amp#27;[0m &amp#27;[90m# starter.stepdefinition.LoginSteps.receiveResponseCode405ForLoginWithInvalidHTTPMethod()&amp#27;[0m
04:23:55.130 [main] INFO  -- 
  _____   ___   ___   _____     ___     _     ___   ___   ___   ___  
 |_   _| | __| / __| |_   _|   | _ \   /_\   / __| / __| | __| |   \ 
   | |   | _|  \__ \   | |     |  _/  / _ \  \__ \ \__ \ | _|  | |) |
   |_|   |___| |___/   |_|     |_|   /_/ \_\ |___/ |___/ |___| |___/ 

TC21 - Login with invalid HTTP method
----------------------------------------------------------------------
]]></system-out>
  </testcase>
  <testcase name="TC56 - Add new orders" classname="[06_Automation] - Orders" time="0.12">
    <system-out><![CDATA[04:23:55.131 [main] INFO io.cucumber.core.plugin.SerenityReporter -- Running feature from file:///D:/TaksAlterra/MiniProject/MiniProject_API/src/test/resources/Orders.feature
04:23:55.131 [main] WARN io.cucumber.core.plugin.SerenityReporter -- Feature from file:///D:/TaksAlterra/MiniProject/MiniProject_API/src/test/resources/Orders.feature is not under the 'features' directory. Requirements report will not be correctly generated!
04:23:55.132 [main] DEBUG net.thucydides.core.steps.StepEventBus -- Test suite started for story net.thucydides.core.model.Story@d9dd1d4b
04:23:55.132 [main] INFO  -- Test Suite Started: [06_Automation] - Orders

Scenario: TC56 - Add new orders                               &amp#27;[90m# src/test/resources/Orders.feature:3&amp#27;[0m
04:23:55.135 [main] INFO io.cucumber.core.plugin.SerenityReporter -- Running feature from file:///D:/TaksAlterra/MiniProject/MiniProject_API/src/test/resources/Orders.feature
04:23:55.135 [main] WARN io.cucumber.core.plugin.SerenityReporter -- Feature from file:///D:/TaksAlterra/MiniProject/MiniProject_API/src/test/resources/Orders.feature is not under the 'features' directory. Requirements report will not be correctly generated!
04:23:55.136 [main] INFO  -- 
  _____   ___   ___   _____     ___   _____     _     ___   _____   ___   ___  
 |_   _| | __| / __| |_   _|   / __| |_   _|   /_\   | _ \ |_   _| | __| |   \ 
   | |   | _|  \__ \   | |     \__ \   | |    / _ \  |   /   | |   | _|  | |) |
   |_|   |___| |___/   |_|     |___/   |_|   /_/ \_\ |_|_\   |_|   |___| |___/ 

TC56 - Add new orders([06-automation]---orders;tc56---add-new-orders)
--------------------------------------------------------------------------------
04:23:55.148 [main] DEBUG net.thucydides.core.steps.StepInterceptor -- STARTING STEP: OrdersSteps.postAddNewOrdersEndpoints - I POST add new orders endpoints
04:23:55.149 [main] DEBUG net.thucydides.core.steps.StepInterceptor -- STEP DONE: I POST add new orders endpoints
  &amp#27;[32mGiven &amp#27;[0m&amp#27;[32mI POST add new orders endpoints&amp#27;[0m                       &amp#27;[90m# starter.stepdefinition.OrdersSteps.postAddNewOrdersEndpoints()&amp#27;[0m
04:23:55.153 [Finalizer] DEBUG org.apache.http.impl.conn.DefaultClientConnection -- Connection 0.0.0.0:54192<->149.248.193.56:443 closed
04:23:55.153 [Finalizer] DEBUG org.apache.http.impl.conn.DefaultClientConnection -- Connection 0.0.0.0:54191<->149.248.193.56:443 closed
04:23:55.153 [Finalizer] DEBUG org.apache.http.impl.conn.DefaultClientConnection -- Connection 0.0.0.0:54190<->149.248.193.56:443 closed
04:23:55.154 [Finalizer] DEBUG org.apache.http.impl.conn.DefaultClientConnection -- Connection 0.0.0.0:54196<->149.248.193.56:443 closed
04:23:55.154 [main] DEBUG net.thucydides.core.steps.StepInterceptor -- STARTING STEP: OrdersSteps.postHTTPRequestAddNewOrdersWithValidData - I POST HTTP request for add new orders with valid data
04:23:55.154 [Finalizer] DEBUG org.apache.http.impl.conn.DefaultClientConnection -- Connection 0.0.0.0:54195<->149.248.193.56:443 closed
04:23:55.154 [Finalizer] DEBUG org.apache.http.impl.conn.DefaultClientConnection -- Connection 0.0.0.0:54194<->149.248.193.56:443 closed
04:23:55.154 [Finalizer] DEBUG org.apache.http.impl.conn.DefaultClientConnection -- Connection 0.0.0.0:54193<->149.248.193.56:443 closed
04:23:55.156 [main] DEBUG net.thucydides.core.steps.StepInterceptor -- STARTING STEP: Orders.postHTTPRequestAddNewOrdersWithValidData - I POST add new orders endpoints
04:23:55.157 [main] DEBUG net.thucydides.core.steps.StepInterceptor -- STEP DONE: I POST add new orders endpoints
04:23:55.163 [main] DEBUG org.apache.http.impl.conn.BasicClientConnectionManager -- Get connection for route {s}->https://altashop-api.fly.dev:443
04:23:55.164 [main] DEBUG org.apache.http.impl.conn.DefaultClientConnectionOperator -- Connecting to altashop-api.fly.dev:443
04:23:55.217 [main] DEBUG org.apache.http.client.protocol.RequestAddCookies -- CookieSpec selected: ignoreCookies
04:23:55.217 [main] DEBUG org.apache.http.client.protocol.RequestAuthCache -- Auth cache not set in the context
04:23:55.217 [main] DEBUG org.apache.http.client.protocol.RequestProxyAuthentication -- Proxy auth state: UNCHALLENGED
04:23:55.217 [main] DEBUG org.apache.http.impl.client.DefaultHttpClient -- Attempt 1 to execute request
04:23:55.217 [main] DEBUG org.apache.http.impl.conn.DefaultClientConnection -- Sending request: POST /api/orders HTTP/1.1
04:23:55.217 [main] DEBUG org.apache.http.wire --  >> "POST /api/orders HTTP/1.1[\r][\n]"
04:23:55.217 [main] DEBUG org.apache.http.wire --  >> "Authorization: Bearer eyJhbGciOiJIUzI1NiIsInR5cCI6IkpXVCJ9.eyJGdWxsbmFtZSI6IldpeWFuIEhlcnJhIEhlcnZpYW5hIiwiRW1haWwiOiJ3aXlhbjEyM0BnbWFpbC5jb20ifQ.Rsm7iH_obOaXakAORv2RniUWUxeZfBjkK8S8HtuLly8[\r][\n]"
04:23:55.217 [main] DEBUG org.apache.http.wire --  >> "Accept: */*[\r][\n]"
04:23:55.217 [main] DEBUG org.apache.http.wire --  >> "Content-Type: application/json[\r][\n]"
04:23:55.217 [main] DEBUG org.apache.http.wire --  >> "Content-Length: 53[\r][\n]"
04:23:55.217 [main] DEBUG org.apache.http.wire --  >> "Host: altashop-api.fly.dev[\r][\n]"
04:23:55.217 [main] DEBUG org.apache.http.wire --  >> "Connection: Keep-Alive[\r][\n]"
04:23:55.217 [main] DEBUG org.apache.http.wire --  >> "User-Agent: Apache-HttpClient/4.5.13 (Java/17.0.8)[\r][\n]"
04:23:55.217 [main] DEBUG org.apache.http.wire --  >> "Accept-Encoding: gzip,deflate[\r][\n]"
04:23:55.217 [main] DEBUG org.apache.http.wire --  >> "[\r][\n]"
04:23:55.217 [main] DEBUG org.apache.http.headers -- >> POST /api/orders HTTP/1.1
04:23:55.217 [main] DEBUG org.apache.http.headers -- >> Authorization: Bearer eyJhbGciOiJIUzI1NiIsInR5cCI6IkpXVCJ9.eyJGdWxsbmFtZSI6IldpeWFuIEhlcnJhIEhlcnZpYW5hIiwiRW1haWwiOiJ3aXlhbjEyM0BnbWFpbC5jb20ifQ.Rsm7iH_obOaXakAORv2RniUWUxeZfBjkK8S8HtuLly8
04:23:55.217 [main] DEBUG org.apache.http.headers -- >> Accept: */*
04:23:55.217 [main] DEBUG org.apache.http.headers -- >> Content-Type: application/json
04:23:55.217 [main] DEBUG org.apache.http.headers -- >> Content-Length: 53
04:23:55.217 [main] DEBUG org.apache.http.headers -- >> Host: altashop-api.fly.dev
04:23:55.217 [main] DEBUG org.apache.http.headers -- >> Connection: Keep-Alive
04:23:55.217 [main] DEBUG org.apache.http.headers -- >> User-Agent: Apache-HttpClient/4.5.13 (Java/17.0.8)
04:23:55.217 [main] DEBUG org.apache.http.headers -- >> Accept-Encoding: gzip,deflate
04:23:55.217 [main] DEBUG org.apache.http.wire --  >> "[{"order_items":[{"quantity":1,"product_id":12604}]}]"
04:23:55.247 [main] DEBUG org.apache.http.wire --  << "HTTP/1.1 200 OK[\r][\n]"
04:23:55.247 [main] DEBUG org.apache.http.wire --  << "content-type: application/json[\r][\n]"
04:23:55.247 [main] DEBUG org.apache.http.wire --  << "date: Mon, 30 Oct 2023 21:23:56 GMT[\r][\n]"
04:23:55.247 [main] DEBUG org.apache.http.wire --  << "content-encoding: gzip[\r][\n]"
04:23:55.247 [main] DEBUG org.apache.http.wire --  << "transfer-encoding: chunked[\r][\n]"
04:23:55.247 [main] DEBUG org.apache.http.wire --  << "server: Fly/7328d5b5 (2023-10-27)[\r][\n]"
04:23:55.247 [main] DEBUG org.apache.http.wire --  << "via: 1.1 fly.io[\r][\n]"
04:23:55.247 [main] DEBUG org.apache.http.wire --  << "fly-request-id: 01HE17HK6XFEGCB291B3DC8SNY-sin[\r][\n]"
04:23:55.247 [main] DEBUG org.apache.http.wire --  << "[\r][\n]"
04:23:55.247 [main] DEBUG org.apache.http.impl.conn.DefaultClientConnection -- Receiving response: HTTP/1.1 200 OK
04:23:55.247 [main] DEBUG org.apache.http.headers -- << HTTP/1.1 200 OK
04:23:55.247 [main] DEBUG org.apache.http.headers -- << content-type: application/json
04:23:55.247 [main] DEBUG org.apache.http.headers -- << date: Mon, 30 Oct 2023 21:23:56 GMT
04:23:55.247 [main] DEBUG org.apache.http.headers -- << content-encoding: gzip
04:23:55.247 [main] DEBUG org.apache.http.headers -- << transfer-encoding: chunked
04:23:55.247 [main] DEBUG org.apache.http.headers -- << server: Fly/7328d5b5 (2023-10-27)
04:23:55.247 [main] DEBUG org.apache.http.headers -- << via: 1.1 fly.io
04:23:55.247 [main] DEBUG org.apache.http.headers -- << fly-request-id: 01HE17HK6XFEGCB291B3DC8SNY-sin
04:23:55.247 [main] DEBUG org.apache.http.impl.client.DefaultHttpClient -- Connection can be kept alive indefinitely
04:23:55.247 [main] DEBUG io.restassured.internal.RestAssuredHttpBuilder -- Parsing response as: application/json
04:23:55.247 [main] DEBUG org.apache.http.wire --  << "9D[\r][\n]"
04:23:55.247 [main] DEBUG org.apache.http.wire --  << "[0x1f][0x8b][0x8][0x0][0x0][0x0][0x0][0x0][0x4][0xff][0xab]VJI,IT[0xb2][0x8a][0xae]V[0xf2]tQ[0xb2]24644[0xd1]Q[\n]"
04:23:55.247 [main] DEBUG org.apache.http.wire --  << "-N-R[0xb2][0x82][0x8][0x19]Y[0x9a][0x1b][0x9b][0xeb]([0xb9][0x95][0xe6][0xe4][0xe4]%[0xe6][0xa6]*Y)[0x85]gV&[0xe6])x[0xa4][0x16][0x15]%[0x82][0xc8][0xb2][0xcc][0xc4][0xbc]D%[0x1d]%[0xd7][0xdc][0xc4][0xcc][0x1c]%+[0xa5]r[0x90][0xb4][0xa1][0x91][0xb1]C:H@/9?WIG) [0xb1][0xb8][0xb8]<[0xbf]([0x5]I^[0xa9]VG)[0xa0](?[0xa5]4[0xb9]D[0xc9]*[0xaf]4'GG)[0xb0]41[0xaf]$[0xb3][0xa4]R[0xc9][0xca][0xa0]6[0xb6][0x96][0xb][0x0]th[0x13]"[0x9d][0x0][0x0][0x0]"
04:23:55.247 [main] DEBUG org.apache.http.wire --  << "[\r][\n]"
04:23:55.247 [main] DEBUG org.apache.http.wire --  << "0[\r][\n]"
04:23:55.247 [main] DEBUG org.apache.http.wire --  << "[\r][\n]"
04:23:55.247 [main] DEBUG io.restassured.internal.RestAssuredHttpBuilder -- Parsed data to instance of: class org.apache.http.conn.EofSensorInputStream
04:23:55.248 [main] DEBUG org.apache.http.impl.conn.BasicClientConnectionManager -- Releasing connection org.apache.http.impl.conn.ManagedClientConnectionImpl@4fe9a396
04:23:55.248 [main] DEBUG org.apache.http.impl.conn.BasicClientConnectionManager -- Connection can be kept alive indefinitely
04:23:55.248 [main] DEBUG net.thucydides.core.steps.StepInterceptor -- STEP DONE: I POST HTTP request for add new orders with valid data
  &amp#27;[32mWhen &amp#27;[0m&amp#27;[32mI POST HTTP request for add new orders with valid data&amp#27;[0m &amp#27;[90m# starter.stepdefinition.OrdersSteps.postHTTPRequestAddNewOrdersWithValidData()&amp#27;[0m
04:23:55.250 [main] DEBUG net.thucydides.core.steps.StepInterceptor -- STARTING STEP: OrdersSteps.receiveResponsceCode200ForAddNewOrders - I receive valid HTTP response 200 for add new orders
04:23:55.251 [main] DEBUG net.thucydides.core.steps.StepInterceptor -- STEP DONE: I receive valid HTTP response 200 for add new orders
  &amp#27;[32mThen &amp#27;[0m&amp#27;[32mI receive valid HTTP response 200 for add new orders&amp#27;[0m   &amp#27;[90m# starter.stepdefinition.OrdersSteps.receiveResponsceCode200ForAddNewOrders()&amp#27;[0m
04:23:55.252 [main] INFO  -- 
  _____   ___   ___   _____     ___     _     ___   ___   ___   ___  
 |_   _| | __| / __| |_   _|   | _ \   /_\   / __| / __| | __| |   \ 
   | |   | _|  \__ \   | |     |  _/  / _ \  \__ \ \__ \ | _|  | |) |
   |_|   |___| |___/   |_|     |_|   /_/ \_\ |___/ |___/ |___| |___/ 

TC56 - Add new orders
----------------------------------------------------------------------
]]></system-out>
  </testcase>
  <testcase name="TC57 - Add new orders without set the token" classname="[06_Automation] - Orders" time="0.126">
    <system-out><![CDATA[
Scenario: TC57 - Add new orders without set the token                             &amp#27;[90m# src/test/resources/Orders.feature:8&amp#27;[0m
04:23:55.255 [main] INFO io.cucumber.core.plugin.SerenityReporter -- Running feature from file:///D:/TaksAlterra/MiniProject/MiniProject_API/src/test/resources/Orders.feature
04:23:55.255 [main] WARN io.cucumber.core.plugin.SerenityReporter -- Feature from file:///D:/TaksAlterra/MiniProject/MiniProject_API/src/test/resources/Orders.feature is not under the 'features' directory. Requirements report will not be correctly generated!
04:23:55.257 [main] INFO  -- 
  _____   ___   ___   _____     ___   _____     _     ___   _____   ___   ___  
 |_   _| | __| / __| |_   _|   / __| |_   _|   /_\   | _ \ |_   _| | __| |   \ 
   | |   | _|  \__ \   | |     \__ \   | |    / _ \  |   /   | |   | _|  | |) |
   |_|   |___| |___/   |_|     |___/   |_|   /_/ \_\ |_|_\   |_|   |___| |___/ 

TC57 - Add new orders without set the token([06-automation]---orders;tc57---add-new-orders-without-set-the-token)
--------------------------------------------------------------------------------
04:23:55.261 [main] DEBUG net.thucydides.core.steps.StepInterceptor -- STARTING STEP: OrdersSteps.postAddNewOrdersEndpoints2 - I POST add new orders endpoints 2
04:23:55.261 [main] DEBUG net.thucydides.core.steps.StepInterceptor -- STEP DONE: I POST add new orders endpoints 2
  &amp#27;[32mGiven &amp#27;[0m&amp#27;[32mI POST add new orders endpoints 2&amp#27;[0m                                         &amp#27;[90m# starter.stepdefinition.OrdersSteps.postAddNewOrdersEndpoints2()&amp#27;[0m
04:23:55.264 [main] DEBUG net.thucydides.core.steps.StepInterceptor -- STARTING STEP: OrdersSteps.postHTTPRequestForAddNewOrdersWithoutSetTheToken - I POST HTTP request for add new orders without set the token
04:23:55.266 [main] DEBUG net.thucydides.core.steps.StepInterceptor -- STARTING STEP: Orders.postHTTPRequestForAddNewOrdersWithoutSetTheToken - I POST add new orders endpoints 2
04:23:55.266 [main] DEBUG net.thucydides.core.steps.StepInterceptor -- STEP DONE: I POST add new orders endpoints 2
04:23:55.278 [main] DEBUG org.apache.http.impl.conn.BasicClientConnectionManager -- Get connection for route {s}->https://altashop-api.fly.dev:443
04:23:55.278 [main] DEBUG org.apache.http.impl.conn.DefaultClientConnectionOperator -- Connecting to altashop-api.fly.dev:443
04:23:55.341 [main] DEBUG org.apache.http.client.protocol.RequestAddCookies -- CookieSpec selected: ignoreCookies
04:23:55.341 [main] DEBUG org.apache.http.client.protocol.RequestAuthCache -- Auth cache not set in the context
04:23:55.341 [main] DEBUG org.apache.http.client.protocol.RequestTargetAuthentication -- Target auth state: UNCHALLENGED
04:23:55.341 [main] DEBUG org.apache.http.client.protocol.RequestProxyAuthentication -- Proxy auth state: UNCHALLENGED
04:23:55.341 [main] DEBUG org.apache.http.impl.client.DefaultHttpClient -- Attempt 1 to execute request
04:23:55.341 [main] DEBUG org.apache.http.impl.conn.DefaultClientConnection -- Sending request: POST /api/orders HTTP/1.1
04:23:55.341 [main] DEBUG org.apache.http.wire --  >> "POST /api/orders HTTP/1.1[\r][\n]"
04:23:55.341 [main] DEBUG org.apache.http.wire --  >> "Accept: */*[\r][\n]"
04:23:55.341 [main] DEBUG org.apache.http.wire --  >> "Content-Type: application/json[\r][\n]"
04:23:55.341 [main] DEBUG org.apache.http.wire --  >> "Content-Length: 53[\r][\n]"
04:23:55.341 [main] DEBUG org.apache.http.wire --  >> "Host: altashop-api.fly.dev[\r][\n]"
04:23:55.341 [main] DEBUG org.apache.http.wire --  >> "Connection: Keep-Alive[\r][\n]"
04:23:55.341 [main] DEBUG org.apache.http.wire --  >> "User-Agent: Apache-HttpClient/4.5.13 (Java/17.0.8)[\r][\n]"
04:23:55.341 [main] DEBUG org.apache.http.wire --  >> "Accept-Encoding: gzip,deflate[\r][\n]"
04:23:55.341 [main] DEBUG org.apache.http.wire --  >> "[\r][\n]"
04:23:55.341 [main] DEBUG org.apache.http.headers -- >> POST /api/orders HTTP/1.1
04:23:55.341 [main] DEBUG org.apache.http.headers -- >> Accept: */*
04:23:55.341 [main] DEBUG org.apache.http.headers -- >> Content-Type: application/json
04:23:55.341 [main] DEBUG org.apache.http.headers -- >> Content-Length: 53
04:23:55.341 [main] DEBUG org.apache.http.headers -- >> Host: altashop-api.fly.dev
04:23:55.341 [main] DEBUG org.apache.http.headers -- >> Connection: Keep-Alive
04:23:55.341 [main] DEBUG org.apache.http.headers -- >> User-Agent: Apache-HttpClient/4.5.13 (Java/17.0.8)
04:23:55.341 [main] DEBUG org.apache.http.headers -- >> Accept-Encoding: gzip,deflate
04:23:55.341 [main] DEBUG org.apache.http.wire --  >> "[{"order_items":[{"quantity":1,"product_id":11649}]}]"
04:23:55.367 [main] DEBUG org.apache.http.wire --  << "HTTP/1.1 401 Unauthorized[\r][\n]"
04:23:55.367 [main] DEBUG org.apache.http.wire --  << "content-type: application/json[\r][\n]"
04:23:55.367 [main] DEBUG org.apache.http.wire --  << "date: Mon, 30 Oct 2023 21:23:56 GMT[\r][\n]"
04:23:55.367 [main] DEBUG org.apache.http.wire --  << "content-encoding: gzip[\r][\n]"
04:23:55.367 [main] DEBUG org.apache.http.wire --  << "transfer-encoding: chunked[\r][\n]"
04:23:55.367 [main] DEBUG org.apache.http.wire --  << "server: Fly/7328d5b5 (2023-10-27)[\r][\n]"
04:23:55.367 [main] DEBUG org.apache.http.wire --  << "via: 1.1 fly.io[\r][\n]"
04:23:55.367 [main] DEBUG org.apache.http.wire --  << "fly-request-id: 01HE17HKAS47VWS37JMZMREYCM-sin[\r][\n]"
04:23:55.367 [main] DEBUG org.apache.http.wire --  << "[\r][\n]"
04:23:55.367 [main] DEBUG org.apache.http.impl.conn.DefaultClientConnection -- Receiving response: HTTP/1.1 401 Unauthorized
04:23:55.367 [main] DEBUG org.apache.http.headers -- << HTTP/1.1 401 Unauthorized
04:23:55.367 [main] DEBUG org.apache.http.headers -- << content-type: application/json
04:23:55.367 [main] DEBUG org.apache.http.headers -- << date: Mon, 30 Oct 2023 21:23:56 GMT
04:23:55.367 [main] DEBUG org.apache.http.headers -- << content-encoding: gzip
04:23:55.367 [main] DEBUG org.apache.http.headers -- << transfer-encoding: chunked
04:23:55.367 [main] DEBUG org.apache.http.headers -- << server: Fly/7328d5b5 (2023-10-27)
04:23:55.367 [main] DEBUG org.apache.http.headers -- << via: 1.1 fly.io
04:23:55.367 [main] DEBUG org.apache.http.headers -- << fly-request-id: 01HE17HKAS47VWS37JMZMREYCM-sin
04:23:55.367 [main] DEBUG org.apache.http.impl.client.DefaultHttpClient -- Connection can be kept alive indefinitely
04:23:55.367 [main] DEBUG org.apache.http.impl.client.DefaultHttpClient -- Authentication required
04:23:55.367 [main] DEBUG org.apache.http.impl.client.DefaultHttpClient -- altashop-api.fly.dev:443 requested authentication
04:23:55.367 [main] DEBUG org.apache.http.impl.client.DefaultHttpClient -- Response contains no authentication challenges
04:23:55.367 [main] DEBUG io.restassured.internal.RestAssuredHttpBuilder -- Parsing response as: application/json
04:23:55.367 [main] DEBUG org.apache.http.wire --  << "2D[\r][\n]"
04:23:55.367 [main] DEBUG org.apache.http.wire --  << "[0x1f][0x8b][0x8][0x0][0x0][0x0][0x0][0x0][0x4][0xff][0xab]VJ-*[0xca]/R[0xb2]R*[0xcd]K,-[0xc9][0xc8]/[0xca][0xac]JMQ[0xaa][0xe5][0x2][0x0]@[0x17]da[0x19][0x0][0x0][0x0]"
04:23:55.367 [main] DEBUG org.apache.http.wire --  << "[\r][\n]"
04:23:55.368 [main] DEBUG org.apache.http.wire --  << "0[\r][\n]"
04:23:55.368 [main] DEBUG org.apache.http.wire --  << "[\r][\n]"
04:23:55.368 [main] DEBUG io.restassured.internal.RestAssuredHttpBuilder -- Parsed data to instance of: class org.apache.http.conn.EofSensorInputStream
04:23:55.370 [main] DEBUG org.apache.http.impl.conn.BasicClientConnectionManager -- Releasing connection org.apache.http.impl.conn.ManagedClientConnectionImpl@746da54f
04:23:55.370 [main] DEBUG org.apache.http.impl.conn.BasicClientConnectionManager -- Connection can be kept alive indefinitely
04:23:55.371 [main] DEBUG net.thucydides.core.steps.StepInterceptor -- STEP DONE: I POST HTTP request for add new orders without set the token
  &amp#27;[32mWhen &amp#27;[0m&amp#27;[32mI POST HTTP request for add new orders without set the token&amp#27;[0m               &amp#27;[90m# starter.stepdefinition.OrdersSteps.postHTTPRequestForAddNewOrdersWithoutSetTheToken()&amp#27;[0m
04:23:55.374 [main] DEBUG net.thucydides.core.steps.StepInterceptor -- STARTING STEP: OrdersSteps.receiveResponseCode401ForAddNewOrdersWithoutSetTheToken - I receive valid HTTP response 401 for add new orders without set the token
04:23:55.376 [main] DEBUG net.thucydides.core.steps.StepInterceptor -- STEP DONE: I receive valid HTTP response 401 for add new orders without set the token
  &amp#27;[32mThen &amp#27;[0m&amp#27;[32mI receive valid HTTP response 401 for add new orders without set the token&amp#27;[0m &amp#27;[90m# starter.stepdefinition.OrdersSteps.receiveResponseCode401ForAddNewOrdersWithoutSetTheToken()&amp#27;[0m
04:23:55.377 [main] INFO  -- 
  _____   ___   ___   _____     ___     _     ___   ___   ___   ___  
 |_   _| | __| / __| |_   _|   | _ \   /_\   / __| / __| | __| |   \ 
   | |   | _|  \__ \   | |     |  _/  / _ \  \__ \ \__ \ | _|  | |) |
   |_|   |___| |___/   |_|     |_|   /_/ \_\ |___/ |___/ |___| |___/ 

TC57 - Add new orders without set the token
----------------------------------------------------------------------
]]></system-out>
  </testcase>
  <testcase name="TC60 - Get all orders" classname="[06_Automation] - Orders" time="0.128">
    <system-out><![CDATA[
Scenario: TC60 - Get all orders                                   &amp#27;[90m# src/test/resources/Orders.feature:23&amp#27;[0m
04:23:55.384 [main] INFO io.cucumber.core.plugin.SerenityReporter -- Running feature from file:///D:/TaksAlterra/MiniProject/MiniProject_API/src/test/resources/Orders.feature
04:23:55.384 [main] WARN io.cucumber.core.plugin.SerenityReporter -- Feature from file:///D:/TaksAlterra/MiniProject/MiniProject_API/src/test/resources/Orders.feature is not under the 'features' directory. Requirements report will not be correctly generated!
04:23:55.385 [main] INFO  -- 
  _____   ___   ___   _____     ___   _____     _     ___   _____   ___   ___  
 |_   _| | __| / __| |_   _|   / __| |_   _|   /_\   | _ \ |_   _| | __| |   \ 
   | |   | _|  \__ \   | |     \__ \   | |    / _ \  |   /   | |   | _|  | |) |
   |_|   |___| |___/   |_|     |___/   |_|   /_/ \_\ |_|_\   |_|   |___| |___/ 

TC60 - Get all orders([06-automation]---orders;tc60---get-all-orders)
--------------------------------------------------------------------------------
04:23:55.390 [main] DEBUG net.thucydides.core.steps.StepInterceptor -- STARTING STEP: OrdersSteps.getAllOrdersEndpoints - I GET all orders endpoints
04:23:55.390 [main] DEBUG net.thucydides.core.steps.StepInterceptor -- STEP DONE: I GET all orders endpoints
  &amp#27;[32mGiven &amp#27;[0m&amp#27;[32mI GET all orders endpoints&amp#27;[0m                                &amp#27;[90m# starter.stepdefinition.OrdersSteps.getAllOrdersEndpoints()&amp#27;[0m
04:23:55.392 [main] DEBUG net.thucydides.core.steps.StepInterceptor -- STARTING STEP: OrdersSteps.getHTTPRequestAllOrders - I GET HTTP request with valid endpoints for get all orders
04:23:55.394 [main] DEBUG net.thucydides.core.steps.StepInterceptor -- STARTING STEP: Orders.getHTTPRequestAllOrders - I GET all orders endpoints
04:23:55.394 [main] DEBUG net.thucydides.core.steps.StepInterceptor -- STEP DONE: I GET all orders endpoints
04:23:55.400 [main] DEBUG org.apache.http.impl.conn.BasicClientConnectionManager -- Get connection for route {s}->https://altashop-api.fly.dev:443
04:23:55.400 [main] DEBUG org.apache.http.impl.conn.DefaultClientConnectionOperator -- Connecting to altashop-api.fly.dev:443
04:23:55.459 [main] DEBUG org.apache.http.client.protocol.RequestAddCookies -- CookieSpec selected: ignoreCookies
04:23:55.459 [main] DEBUG org.apache.http.client.protocol.RequestAuthCache -- Auth cache not set in the context
04:23:55.459 [main] DEBUG org.apache.http.client.protocol.RequestProxyAuthentication -- Proxy auth state: UNCHALLENGED
04:23:55.459 [main] DEBUG org.apache.http.impl.client.DefaultHttpClient -- Attempt 1 to execute request
04:23:55.460 [main] DEBUG org.apache.http.impl.conn.DefaultClientConnection -- Sending request: GET /api/orders HTTP/1.1
04:23:55.460 [main] DEBUG org.apache.http.wire --  >> "GET /api/orders HTTP/1.1[\r][\n]"
04:23:55.460 [main] DEBUG org.apache.http.wire --  >> "Authorization: Bearer eyJhbGciOiJIUzI1NiIsInR5cCI6IkpXVCJ9.eyJGdWxsbmFtZSI6IldpeWFuIEhlcnJhIEhlcnZpYW5hIiwiRW1haWwiOiJ3aXlhbjEyM0BnbWFpbC5jb20ifQ.Rsm7iH_obOaXakAORv2RniUWUxeZfBjkK8S8HtuLly8[\r][\n]"
04:23:55.460 [main] DEBUG org.apache.http.wire --  >> "Accept: */*[\r][\n]"
04:23:55.460 [main] DEBUG org.apache.http.wire --  >> "Host: altashop-api.fly.dev[\r][\n]"
04:23:55.460 [main] DEBUG org.apache.http.wire --  >> "Connection: Keep-Alive[\r][\n]"
04:23:55.460 [main] DEBUG org.apache.http.wire --  >> "User-Agent: Apache-HttpClient/4.5.13 (Java/17.0.8)[\r][\n]"
04:23:55.460 [main] DEBUG org.apache.http.wire --  >> "Accept-Encoding: gzip,deflate[\r][\n]"
04:23:55.460 [main] DEBUG org.apache.http.wire --  >> "[\r][\n]"
04:23:55.460 [main] DEBUG org.apache.http.headers -- >> GET /api/orders HTTP/1.1
04:23:55.460 [main] DEBUG org.apache.http.headers -- >> Authorization: Bearer eyJhbGciOiJIUzI1NiIsInR5cCI6IkpXVCJ9.eyJGdWxsbmFtZSI6IldpeWFuIEhlcnJhIEhlcnZpYW5hIiwiRW1haWwiOiJ3aXlhbjEyM0BnbWFpbC5jb20ifQ.Rsm7iH_obOaXakAORv2RniUWUxeZfBjkK8S8HtuLly8
04:23:55.460 [main] DEBUG org.apache.http.headers -- >> Accept: */*
04:23:55.460 [main] DEBUG org.apache.http.headers -- >> Host: altashop-api.fly.dev
04:23:55.460 [main] DEBUG org.apache.http.headers -- >> Connection: Keep-Alive
04:23:55.460 [main] DEBUG org.apache.http.headers -- >> User-Agent: Apache-HttpClient/4.5.13 (Java/17.0.8)
04:23:55.460 [main] DEBUG org.apache.http.headers -- >> Accept-Encoding: gzip,deflate
04:23:55.500 [main] DEBUG org.apache.http.wire --  << "HTTP/1.1 200 OK[\r][\n]"
04:23:55.500 [main] DEBUG org.apache.http.wire --  << "content-type: application/json[\r][\n]"
04:23:55.500 [main] DEBUG org.apache.http.wire --  << "date: Mon, 30 Oct 2023 21:23:57 GMT[\r][\n]"
04:23:55.500 [main] DEBUG org.apache.http.wire --  << "content-encoding: gzip[\r][\n]"
04:23:55.500 [main] DEBUG org.apache.http.wire --  << "transfer-encoding: chunked[\r][\n]"
04:23:55.500 [main] DEBUG org.apache.http.wire --  << "server: Fly/7328d5b5 (2023-10-27)[\r][\n]"
04:23:55.500 [main] DEBUG org.apache.http.wire --  << "via: 1.1 fly.io[\r][\n]"
04:23:55.500 [main] DEBUG org.apache.http.wire --  << "fly-request-id: 01HE17HKEKRWC14ET100K4NRG8-sin[\r][\n]"
04:23:55.500 [main] DEBUG org.apache.http.wire --  << "[\r][\n]"
04:23:55.500 [main] DEBUG org.apache.http.impl.conn.DefaultClientConnection -- Receiving response: HTTP/1.1 200 OK
04:23:55.500 [main] DEBUG org.apache.http.headers -- << HTTP/1.1 200 OK
04:23:55.500 [main] DEBUG org.apache.http.headers -- << content-type: application/json
04:23:55.500 [main] DEBUG org.apache.http.headers -- << date: Mon, 30 Oct 2023 21:23:57 GMT
04:23:55.500 [main] DEBUG org.apache.http.headers -- << content-encoding: gzip
04:23:55.500 [main] DEBUG org.apache.http.headers -- << transfer-encoding: chunked
04:23:55.500 [main] DEBUG org.apache.http.headers -- << server: Fly/7328d5b5 (2023-10-27)
04:23:55.500 [main] DEBUG org.apache.http.headers -- << via: 1.1 fly.io
04:23:55.500 [main] DEBUG org.apache.http.headers -- << fly-request-id: 01HE17HKEKRWC14ET100K4NRG8-sin
04:23:55.500 [main] DEBUG org.apache.http.impl.client.DefaultHttpClient -- Connection can be kept alive indefinitely
04:23:55.500 [main] DEBUG io.restassured.internal.RestAssuredHttpBuilder -- Parsing response as: application/json
04:23:55.500 [main] DEBUG org.apache.http.wire --  << "20[\r][\n]"
04:23:55.500 [main] DEBUG org.apache.http.wire --  << "[0x1f][0x8b][0x8][0x0][0x0][0x0][0x0][0x0][0x4][0xff][0xab]VJI,IT[0xb2][0x8a][0x8e][0xad][0xe5][0x2][0x0][0xaa][0xe3][0xeb][0xc5][0xc][0x0][0x0][0x0]"
04:23:55.500 [main] DEBUG org.apache.http.wire --  << "[\r][\n]"
04:23:55.500 [main] DEBUG org.apache.http.wire --  << "0[\r][\n]"
04:23:55.500 [main] DEBUG org.apache.http.wire --  << "[\r][\n]"
04:23:55.500 [main] DEBUG io.restassured.internal.RestAssuredHttpBuilder -- Parsed data to instance of: class org.apache.http.conn.EofSensorInputStream
04:23:55.501 [main] DEBUG org.apache.http.impl.conn.BasicClientConnectionManager -- Releasing connection org.apache.http.impl.conn.ManagedClientConnectionImpl@2a191f83
04:23:55.501 [main] DEBUG org.apache.http.impl.conn.BasicClientConnectionManager -- Connection can be kept alive indefinitely
04:23:55.501 [main] DEBUG net.thucydides.core.steps.StepInterceptor -- STEP DONE: I GET HTTP request with valid endpoints for get all orders
  &amp#27;[32mWhen &amp#27;[0m&amp#27;[32mI GET HTTP request with valid endpoints for get all orders&amp#27;[0m &amp#27;[90m# starter.stepdefinition.OrdersSteps.getHTTPRequestAllOrders()&amp#27;[0m
04:23:55.504 [main] DEBUG net.thucydides.core.steps.StepInterceptor -- STARTING STEP: OrdersSteps.receiveResponseCode200GetAllOrders - I receive valid HTTP response 200 for get all orders
04:23:55.504 [main] DEBUG net.thucydides.core.steps.StepInterceptor -- STEP DONE: I receive valid HTTP response 200 for get all orders
  &amp#27;[32mThen &amp#27;[0m&amp#27;[32mI receive valid HTTP response 200 for get all orders&amp#27;[0m       &amp#27;[90m# starter.stepdefinition.OrdersSteps.receiveResponseCode200GetAllOrders()&amp#27;[0m
04:23:55.505 [main] INFO  -- 
  _____   ___   ___   _____     ___     _     ___   ___   ___   ___  
 |_   _| | __| / __| |_   _|   | _ \   /_\   / __| / __| | __| |   \ 
   | |   | _|  \__ \   | |     |  _/  / _ \  \__ \ \__ \ | _|  | |) |
   |_|   |___| |___/   |_|     |_|   /_/ \_\ |___/ |___/ |___| |___/ 

TC60 - Get all orders
----------------------------------------------------------------------
]]></system-out>
  </testcase>
  <testcase name="TC61 - Get all orders without token" classname="[06_Automation] - Orders" time="0.115">
    <system-out><![CDATA[
Scenario: TC61 - Get all orders without token                             &amp#27;[90m# src/test/resources/Orders.feature:28&amp#27;[0m
04:23:55.510 [main] INFO io.cucumber.core.plugin.SerenityReporter -- Running feature from file:///D:/TaksAlterra/MiniProject/MiniProject_API/src/test/resources/Orders.feature
04:23:55.510 [main] WARN io.cucumber.core.plugin.SerenityReporter -- Feature from file:///D:/TaksAlterra/MiniProject/MiniProject_API/src/test/resources/Orders.feature is not under the 'features' directory. Requirements report will not be correctly generated!
04:23:55.511 [main] INFO  -- 
  _____   ___   ___   _____     ___   _____     _     ___   _____   ___   ___  
 |_   _| | __| / __| |_   _|   / __| |_   _|   /_\   | _ \ |_   _| | __| |   \ 
   | |   | _|  \__ \   | |     \__ \   | |    / _ \  |   /   | |   | _|  | |) |
   |_|   |___| |___/   |_|     |___/   |_|   /_/ \_\ |_|_\   |_|   |___| |___/ 

TC61 - Get all orders without token([06-automation]---orders;tc61---get-all-orders-without-token)
--------------------------------------------------------------------------------
04:23:55.515 [main] DEBUG net.thucydides.core.steps.StepInterceptor -- STARTING STEP: OrdersSteps.getAllProductsEndpoints2 - I GET all orders endpoints 2
04:23:55.516 [main] DEBUG net.thucydides.core.steps.StepInterceptor -- STEP DONE: I GET all orders endpoints 2
  &amp#27;[32mGiven &amp#27;[0m&amp#27;[32mI GET all orders endpoints 2&amp#27;[0m                                      &amp#27;[90m# starter.stepdefinition.OrdersSteps.getAllProductsEndpoints2()&amp#27;[0m
04:23:55.517 [main] DEBUG net.thucydides.core.steps.StepInterceptor -- STARTING STEP: OrdersSteps.getHTTPRequestForGetAllOrdersWithoutToken - I GET HTTP request for get all orders without token
04:23:55.518 [main] DEBUG net.thucydides.core.steps.StepInterceptor -- STARTING STEP: Orders.getHTTPRequestForGetAllOrdersWithoutToken - I GET all orders endpoints 2
04:23:55.518 [main] DEBUG net.thucydides.core.steps.StepInterceptor -- STEP DONE: I GET all orders endpoints 2
04:23:55.522 [main] DEBUG org.apache.http.impl.conn.BasicClientConnectionManager -- Get connection for route {s}->https://altashop-api.fly.dev:443
04:23:55.522 [main] DEBUG org.apache.http.impl.conn.DefaultClientConnectionOperator -- Connecting to altashop-api.fly.dev:443
04:23:55.589 [main] DEBUG org.apache.http.client.protocol.RequestAddCookies -- CookieSpec selected: ignoreCookies
04:23:55.589 [main] DEBUG org.apache.http.client.protocol.RequestAuthCache -- Auth cache not set in the context
04:23:55.589 [main] DEBUG org.apache.http.client.protocol.RequestTargetAuthentication -- Target auth state: UNCHALLENGED
04:23:55.589 [main] DEBUG org.apache.http.client.protocol.RequestProxyAuthentication -- Proxy auth state: UNCHALLENGED
04:23:55.589 [main] DEBUG org.apache.http.impl.client.DefaultHttpClient -- Attempt 1 to execute request
04:23:55.589 [main] DEBUG org.apache.http.impl.conn.DefaultClientConnection -- Sending request: GET /api/orders HTTP/1.1
04:23:55.589 [main] DEBUG org.apache.http.wire --  >> "GET /api/orders HTTP/1.1[\r][\n]"
04:23:55.589 [main] DEBUG org.apache.http.wire --  >> "Accept: */*[\r][\n]"
04:23:55.589 [main] DEBUG org.apache.http.wire --  >> "Host: altashop-api.fly.dev[\r][\n]"
04:23:55.589 [main] DEBUG org.apache.http.wire --  >> "Connection: Keep-Alive[\r][\n]"
04:23:55.589 [main] DEBUG org.apache.http.wire --  >> "User-Agent: Apache-HttpClient/4.5.13 (Java/17.0.8)[\r][\n]"
04:23:55.589 [main] DEBUG org.apache.http.wire --  >> "Accept-Encoding: gzip,deflate[\r][\n]"
04:23:55.589 [main] DEBUG org.apache.http.wire --  >> "[\r][\n]"
04:23:55.589 [main] DEBUG org.apache.http.headers -- >> GET /api/orders HTTP/1.1
04:23:55.589 [main] DEBUG org.apache.http.headers -- >> Accept: */*
04:23:55.589 [main] DEBUG org.apache.http.headers -- >> Host: altashop-api.fly.dev
04:23:55.589 [main] DEBUG org.apache.http.headers -- >> Connection: Keep-Alive
04:23:55.589 [main] DEBUG org.apache.http.headers -- >> User-Agent: Apache-HttpClient/4.5.13 (Java/17.0.8)
04:23:55.589 [main] DEBUG org.apache.http.headers -- >> Accept-Encoding: gzip,deflate
04:23:55.615 [main] DEBUG org.apache.http.wire --  << "HTTP/1.1 401 Unauthorized[\r][\n]"
04:23:55.616 [main] DEBUG org.apache.http.wire --  << "content-type: application/json[\r][\n]"
04:23:55.616 [main] DEBUG org.apache.http.wire --  << "date: Mon, 30 Oct 2023 21:23:57 GMT[\r][\n]"
04:23:55.616 [main] DEBUG org.apache.http.wire --  << "content-encoding: gzip[\r][\n]"
04:23:55.616 [main] DEBUG org.apache.http.wire --  << "transfer-encoding: chunked[\r][\n]"
04:23:55.616 [main] DEBUG org.apache.http.wire --  << "server: Fly/7328d5b5 (2023-10-27)[\r][\n]"
04:23:55.616 [main] DEBUG org.apache.http.wire --  << "via: 1.1 fly.io[\r][\n]"
04:23:55.616 [main] DEBUG org.apache.http.wire --  << "fly-request-id: 01HE17HKJK1QP8KN6TZC1F1D5X-sin[\r][\n]"
04:23:55.616 [main] DEBUG org.apache.http.wire --  << "[\r][\n]"
04:23:55.616 [main] DEBUG org.apache.http.impl.conn.DefaultClientConnection -- Receiving response: HTTP/1.1 401 Unauthorized
04:23:55.616 [main] DEBUG org.apache.http.headers -- << HTTP/1.1 401 Unauthorized
04:23:55.616 [main] DEBUG org.apache.http.headers -- << content-type: application/json
04:23:55.616 [main] DEBUG org.apache.http.headers -- << date: Mon, 30 Oct 2023 21:23:57 GMT
04:23:55.616 [main] DEBUG org.apache.http.headers -- << content-encoding: gzip
04:23:55.616 [main] DEBUG org.apache.http.headers -- << transfer-encoding: chunked
04:23:55.616 [main] DEBUG org.apache.http.headers -- << server: Fly/7328d5b5 (2023-10-27)
04:23:55.616 [main] DEBUG org.apache.http.headers -- << via: 1.1 fly.io
04:23:55.616 [main] DEBUG org.apache.http.headers -- << fly-request-id: 01HE17HKJK1QP8KN6TZC1F1D5X-sin
04:23:55.616 [main] DEBUG org.apache.http.impl.client.DefaultHttpClient -- Connection can be kept alive indefinitely
04:23:55.616 [main] DEBUG org.apache.http.impl.client.DefaultHttpClient -- Authentication required
04:23:55.616 [main] DEBUG org.apache.http.impl.client.DefaultHttpClient -- altashop-api.fly.dev:443 requested authentication
04:23:55.616 [main] DEBUG org.apache.http.impl.client.DefaultHttpClient -- Response contains no authentication challenges
04:23:55.616 [main] DEBUG io.restassured.internal.RestAssuredHttpBuilder -- Parsing response as: application/json
04:23:55.616 [main] DEBUG org.apache.http.wire --  << "2D[\r][\n]"
04:23:55.616 [main] DEBUG org.apache.http.wire --  << "[0x1f][0x8b][0x8][0x0][0x0][0x0][0x0][0x0][0x4][0xff][0xab]VJ-*[0xca]/R[0xb2]R*[0xcd]K,-[0xc9][0xc8]/[0xca][0xac]JMQ[0xaa][0xe5][0x2][0x0]@[0x17]da[0x19][0x0][0x0][0x0]"
04:23:55.616 [main] DEBUG org.apache.http.wire --  << "[\r][\n]"
04:23:55.616 [main] DEBUG org.apache.http.wire --  << "0[\r][\n]"
04:23:55.616 [main] DEBUG org.apache.http.wire --  << "[\r][\n]"
04:23:55.616 [main] DEBUG io.restassured.internal.RestAssuredHttpBuilder -- Parsed data to instance of: class org.apache.http.conn.EofSensorInputStream
04:23:55.618 [main] DEBUG org.apache.http.impl.conn.BasicClientConnectionManager -- Releasing connection org.apache.http.impl.conn.ManagedClientConnectionImpl@68f1b89
04:23:55.618 [main] DEBUG org.apache.http.impl.conn.BasicClientConnectionManager -- Connection can be kept alive indefinitely
04:23:55.618 [main] DEBUG net.thucydides.core.steps.StepInterceptor -- STEP DONE: I GET HTTP request for get all orders without token
  &amp#27;[32mWhen &amp#27;[0m&amp#27;[32mI GET HTTP request for get all orders without token&amp#27;[0m                &amp#27;[90m# starter.stepdefinition.OrdersSteps.getHTTPRequestForGetAllOrdersWithoutToken()&amp#27;[0m
04:23:55.620 [main] DEBUG net.thucydides.core.steps.StepInterceptor -- STARTING STEP: OrdersSteps.receiveResponseCode401ForGetAllOrdersWithoutToken - I receive valid HTTP response 401 for get all orders without token
04:23:55.620 [main] DEBUG net.thucydides.core.steps.StepInterceptor -- STEP DONE: I receive valid HTTP response 401 for get all orders without token
  &amp#27;[32mThen &amp#27;[0m&amp#27;[32mI receive valid HTTP response 401 for get all orders without token&amp#27;[0m &amp#27;[90m# starter.stepdefinition.OrdersSteps.receiveResponseCode401ForGetAllOrdersWithoutToken()&amp#27;[0m
04:23:55.621 [main] INFO  -- 
  _____   ___   ___   _____     ___     _     ___   ___   ___   ___  
 |_   _| | __| / __| |_   _|   | _ \   /_\   / __| / __| | __| |   \ 
   | |   | _|  \__ \   | |     |  _/  / _ \  \__ \ \__ \ | _|  | |) |
   |_|   |___| |___/   |_|     |_|   /_/ \_\ |___/ |___/ |___| |___/ 

TC61 - Get all orders without token
----------------------------------------------------------------------
]]></system-out>
  </testcase>
  <testcase name="TC62 - Get order by ID" classname="[06_Automation] - Orders" time="0.099">
    <system-out><![CDATA[
Scenario: TC62 - Get order by ID                             &amp#27;[90m# src/test/resources/Orders.feature:33&amp#27;[0m
04:23:55.625 [main] INFO io.cucumber.core.plugin.SerenityReporter -- Running feature from file:///D:/TaksAlterra/MiniProject/MiniProject_API/src/test/resources/Orders.feature
04:23:55.625 [main] WARN io.cucumber.core.plugin.SerenityReporter -- Feature from file:///D:/TaksAlterra/MiniProject/MiniProject_API/src/test/resources/Orders.feature is not under the 'features' directory. Requirements report will not be correctly generated!
04:23:55.626 [main] INFO  -- 
  _____   ___   ___   _____     ___   _____     _     ___   _____   ___   ___  
 |_   _| | __| / __| |_   _|   / __| |_   _|   /_\   | _ \ |_   _| | __| |   \ 
   | |   | _|  \__ \   | |     \__ \   | |    / _ \  |   /   | |   | _|  | |) |
   |_|   |___| |___/   |_|     |___/   |_|   /_/ \_\ |_|_\   |_|   |___| |___/ 

TC62 - Get order by ID([06-automation]---orders;tc62---get-order-by-id)
--------------------------------------------------------------------------------
04:23:55.631 [main] DEBUG net.thucydides.core.steps.StepInterceptor -- STARTING STEP: OrdersSteps.getOrderEndpointsByID - I GET orders endpoints by ID
04:23:55.631 [main] DEBUG net.thucydides.core.steps.StepInterceptor -- STEP DONE: I GET orders endpoints by ID
  &amp#27;[32mGiven &amp#27;[0m&amp#27;[32mI GET orders endpoints by ID&amp#27;[0m                         &amp#27;[90m# starter.stepdefinition.OrdersSteps.getOrderEndpointsByID()&amp#27;[0m
04:23:55.632 [main] DEBUG net.thucydides.core.steps.StepInterceptor -- STARTING STEP: OrdersSteps.getHTTPRequestOrdersByID - I GET orders HTTP request with valid ID
04:23:55.633 [main] DEBUG net.thucydides.core.steps.StepInterceptor -- STARTING STEP: Orders.getHTTPRequestOrdersByID - I GET orders endpoints by ID
04:23:55.634 [main] DEBUG net.thucydides.core.steps.StepInterceptor -- STEP DONE: I GET orders endpoints by ID
04:23:55.637 [main] DEBUG org.apache.http.impl.conn.BasicClientConnectionManager -- Get connection for route {s}->https://altashop-api.fly.dev:443
04:23:55.639 [main] DEBUG org.apache.http.impl.conn.DefaultClientConnectionOperator -- Connecting to altashop-api.fly.dev:443
04:23:55.687 [main] DEBUG org.apache.http.client.protocol.RequestAddCookies -- CookieSpec selected: ignoreCookies
04:23:55.687 [main] DEBUG org.apache.http.client.protocol.RequestAuthCache -- Auth cache not set in the context
04:23:55.687 [main] DEBUG org.apache.http.client.protocol.RequestProxyAuthentication -- Proxy auth state: UNCHALLENGED
04:23:55.687 [main] DEBUG org.apache.http.impl.client.DefaultHttpClient -- Attempt 1 to execute request
04:23:55.687 [main] DEBUG org.apache.http.impl.conn.DefaultClientConnection -- Sending request: GET /api/orders/13020 HTTP/1.1
04:23:55.687 [main] DEBUG org.apache.http.wire --  >> "GET /api/orders/13020 HTTP/1.1[\r][\n]"
04:23:55.687 [main] DEBUG org.apache.http.wire --  >> "Authorization: Bearer eyJhbGciOiJIUzI1NiIsInR5cCI6IkpXVCJ9.eyJGdWxsbmFtZSI6IldpeWFuIEhlcnJhIEhlcnZpYW5hIiwiRW1haWwiOiJ3aXlhbjEyM0BnbWFpbC5jb20ifQ.Rsm7iH_obOaXakAORv2RniUWUxeZfBjkK8S8HtuLly8[\r][\n]"
04:23:55.687 [main] DEBUG org.apache.http.wire --  >> "Accept: */*[\r][\n]"
04:23:55.687 [main] DEBUG org.apache.http.wire --  >> "Host: altashop-api.fly.dev[\r][\n]"
04:23:55.687 [main] DEBUG org.apache.http.wire --  >> "Connection: Keep-Alive[\r][\n]"
04:23:55.687 [main] DEBUG org.apache.http.wire --  >> "User-Agent: Apache-HttpClient/4.5.13 (Java/17.0.8)[\r][\n]"
04:23:55.687 [main] DEBUG org.apache.http.wire --  >> "Accept-Encoding: gzip,deflate[\r][\n]"
04:23:55.687 [main] DEBUG org.apache.http.wire --  >> "[\r][\n]"
04:23:55.687 [main] DEBUG org.apache.http.headers -- >> GET /api/orders/13020 HTTP/1.1
04:23:55.687 [main] DEBUG org.apache.http.headers -- >> Authorization: Bearer eyJhbGciOiJIUzI1NiIsInR5cCI6IkpXVCJ9.eyJGdWxsbmFtZSI6IldpeWFuIEhlcnJhIEhlcnZpYW5hIiwiRW1haWwiOiJ3aXlhbjEyM0BnbWFpbC5jb20ifQ.Rsm7iH_obOaXakAORv2RniUWUxeZfBjkK8S8HtuLly8
04:23:55.687 [main] DEBUG org.apache.http.headers -- >> Accept: */*
04:23:55.687 [main] DEBUG org.apache.http.headers -- >> Host: altashop-api.fly.dev
04:23:55.687 [main] DEBUG org.apache.http.headers -- >> Connection: Keep-Alive
04:23:55.687 [main] DEBUG org.apache.http.headers -- >> User-Agent: Apache-HttpClient/4.5.13 (Java/17.0.8)
04:23:55.687 [main] DEBUG org.apache.http.headers -- >> Accept-Encoding: gzip,deflate
04:23:55.715 [main] DEBUG org.apache.http.wire --  << "HTTP/1.1 200 OK[\r][\n]"
04:23:55.715 [main] DEBUG org.apache.http.wire --  << "content-type: application/json[\r][\n]"
04:23:55.715 [main] DEBUG org.apache.http.wire --  << "date: Mon, 30 Oct 2023 21:23:57 GMT[\r][\n]"
04:23:55.715 [main] DEBUG org.apache.http.wire --  << "content-encoding: gzip[\r][\n]"
04:23:55.715 [main] DEBUG org.apache.http.wire --  << "transfer-encoding: chunked[\r][\n]"
04:23:55.715 [main] DEBUG org.apache.http.wire --  << "server: Fly/7328d5b5 (2023-10-27)[\r][\n]"
04:23:55.715 [main] DEBUG org.apache.http.wire --  << "via: 1.1 fly.io[\r][\n]"
04:23:55.715 [main] DEBUG org.apache.http.wire --  << "fly-request-id: 01HE17HKNM32G0HDBEFKMTJ25J-sin[\r][\n]"
04:23:55.715 [main] DEBUG org.apache.http.wire --  << "[\r][\n]"
04:23:55.715 [main] DEBUG org.apache.http.impl.conn.DefaultClientConnection -- Receiving response: HTTP/1.1 200 OK
04:23:55.715 [main] DEBUG org.apache.http.headers -- << HTTP/1.1 200 OK
04:23:55.715 [main] DEBUG org.apache.http.headers -- << content-type: application/json
04:23:55.715 [main] DEBUG org.apache.http.headers -- << date: Mon, 30 Oct 2023 21:23:57 GMT
04:23:55.715 [main] DEBUG org.apache.http.headers -- << content-encoding: gzip
04:23:55.715 [main] DEBUG org.apache.http.headers -- << transfer-encoding: chunked
04:23:55.715 [main] DEBUG org.apache.http.headers -- << server: Fly/7328d5b5 (2023-10-27)
04:23:55.715 [main] DEBUG org.apache.http.headers -- << via: 1.1 fly.io
04:23:55.715 [main] DEBUG org.apache.http.headers -- << fly-request-id: 01HE17HKNM32G0HDBEFKMTJ25J-sin
04:23:55.716 [main] DEBUG org.apache.http.impl.client.DefaultHttpClient -- Connection can be kept alive indefinitely
04:23:55.716 [main] DEBUG io.restassured.internal.RestAssuredHttpBuilder -- Parsing response as: application/json
04:23:55.716 [main] DEBUG org.apache.http.wire --  << "9D[\r][\n]"
04:23:55.716 [main] DEBUG org.apache.http.wire --  << "[0x1f][0x8b][0x8][0x0][0x0][0x0][0x0][0x0][0x4][0xff][0xab]VJI,IT[0xb2][0xaa]V[0xf2]tQ[0xb2]24602[0xd0]Q[\n]"
04:23:55.716 [main] DEBUG org.apache.http.wire --  << "-N-[0x82][0x9][0x19][0x99]Y[0x80][0x84][0xdc]Jsr[0xf2][0x12]sS[0x95][0xac][0x94][0xfc][0x12]K[0x8b][0x12][0x15][0xc2]2SK[0x12][0x15]<[0x12][0xd3]r[0x12][0x95]t[0x94]\s[0x13]3s[0x94][0xac][0x94][0xf2]@r[0x19] A[0x87]t[0x90][0x90]^r~[0xae][0x92][0x8e]R@bqqy~Q[0x8a][0x92][0x95][0x12]X[0x9f][0x91][0x81][0x91][0xa1]R[0xad][0x8e]R@Q~Jir[0x89][0x92]U^iN[0x8e][0x8e]R`ib^IfI[0xa5][0x92][0x95]Am-[0x17][0x0]q[0xd1][0xb6][0x9f][0x9b][0x0][0x0][0x0]"
04:23:55.716 [main] DEBUG org.apache.http.wire --  << "[\r][\n]"
04:23:55.716 [main] DEBUG org.apache.http.wire --  << "0[\r][\n]"
04:23:55.716 [main] DEBUG org.apache.http.wire --  << "[\r][\n]"
04:23:55.716 [main] DEBUG io.restassured.internal.RestAssuredHttpBuilder -- Parsed data to instance of: class org.apache.http.conn.EofSensorInputStream
04:23:55.717 [main] DEBUG org.apache.http.impl.conn.BasicClientConnectionManager -- Releasing connection org.apache.http.impl.conn.ManagedClientConnectionImpl@263e512e
04:23:55.717 [main] DEBUG org.apache.http.impl.conn.BasicClientConnectionManager -- Connection can be kept alive indefinitely
04:23:55.717 [main] DEBUG net.thucydides.core.steps.StepInterceptor -- STEP DONE: I GET orders HTTP request with valid ID
  &amp#27;[32mWhen &amp#27;[0m&amp#27;[32mI GET orders HTTP request with valid ID&amp#27;[0m               &amp#27;[90m# starter.stepdefinition.OrdersSteps.getHTTPRequestOrdersByID()&amp#27;[0m
04:23:55.718 [main] DEBUG net.thucydides.core.steps.StepInterceptor -- STARTING STEP: OrdersSteps.receiveResponseCode200GetOrderByID - I receive valid HTTP response 200 for get order by ID
04:23:55.719 [main] DEBUG net.thucydides.core.steps.StepInterceptor -- STEP DONE: I receive valid HTTP response 200 for get order by ID
  &amp#27;[32mThen &amp#27;[0m&amp#27;[32mI receive valid HTTP response 200 for get order by ID&amp#27;[0m &amp#27;[90m# starter.stepdefinition.OrdersSteps.receiveResponseCode200GetOrderByID()&amp#27;[0m
04:23:55.719 [main] INFO  -- 
  _____   ___   ___   _____     ___     _     ___   ___   ___   ___  
 |_   _| | __| / __| |_   _|   | _ \   /_\   / __| / __| | __| |   \ 
   | |   | _|  \__ \   | |     |  _/  / _ \  \__ \ \__ \ | _|  | |) |
   |_|   |___| |___/   |_|     |_|   /_/ \_\ |___/ |___/ |___| |___/ 

TC62 - Get order by ID
----------------------------------------------------------------------
]]></system-out>
  </testcase>
  <testcase name="TC63 - Get orders by invalid ID with character symbols" classname="[06_Automation] - Orders" time="0.102">
    <system-out><![CDATA[
Scenario: TC63 - Get orders by invalid ID with character symbols                             &amp#27;[90m# src/test/resources/Orders.feature:38&amp#27;[0m
04:23:55.723 [main] INFO io.cucumber.core.plugin.SerenityReporter -- Running feature from file:///D:/TaksAlterra/MiniProject/MiniProject_API/src/test/resources/Orders.feature
04:23:55.723 [main] WARN io.cucumber.core.plugin.SerenityReporter -- Feature from file:///D:/TaksAlterra/MiniProject/MiniProject_API/src/test/resources/Orders.feature is not under the 'features' directory. Requirements report will not be correctly generated!
04:23:55.723 [main] INFO  -- 
  _____   ___   ___   _____     ___   _____     _     ___   _____   ___   ___  
 |_   _| | __| / __| |_   _|   / __| |_   _|   /_\   | _ \ |_   _| | __| |   \ 
   | |   | _|  \__ \   | |     \__ \   | |    / _ \  |   /   | |   | _|  | |) |
   |_|   |___| |___/   |_|     |___/   |_|   /_/ \_\ |_|_\   |_|   |___| |___/ 

TC63 - Get orders by invalid ID with character symbols([06-automation]---orders;tc63---get-orders-by-invalid-id-with-character-symbols)
--------------------------------------------------------------------------------
04:23:55.726 [main] DEBUG net.thucydides.core.steps.StepInterceptor -- STARTING STEP: OrdersSteps.getOrdersEndpointsByID2 - I GET orders endpoints by ID 2
04:23:55.726 [main] DEBUG net.thucydides.core.steps.StepInterceptor -- STEP DONE: I GET orders endpoints by ID 2
  &amp#27;[32mGiven &amp#27;[0m&amp#27;[32mI GET orders endpoints by ID 2&amp#27;[0m                                                       &amp#27;[90m# starter.stepdefinition.OrdersSteps.getOrdersEndpointsByID2()&amp#27;[0m
04:23:55.727 [main] DEBUG net.thucydides.core.steps.StepInterceptor -- STARTING STEP: OrdersSteps.getOrdersHTTPRequestWithInvalidIDWithCharacterSymbols - I GET orders HTTP request invalid ID with character symbols
04:23:55.728 [main] DEBUG net.thucydides.core.steps.StepInterceptor -- STARTING STEP: Orders.getOrdersHTTPRequestWithInvalidIDWithCharacterSymbols - I GET orders endpoints by ID 2
04:23:55.728 [main] DEBUG net.thucydides.core.steps.StepInterceptor -- STEP DONE: I GET orders endpoints by ID 2
04:23:55.732 [main] DEBUG org.apache.http.impl.conn.BasicClientConnectionManager -- Get connection for route {s}->https://altashop-api.fly.dev:443
04:23:55.732 [main] DEBUG org.apache.http.impl.conn.DefaultClientConnectionOperator -- Connecting to altashop-api.fly.dev:443
04:23:55.790 [main] DEBUG org.apache.http.client.protocol.RequestAddCookies -- CookieSpec selected: ignoreCookies
04:23:55.790 [main] DEBUG org.apache.http.client.protocol.RequestAuthCache -- Auth cache not set in the context
04:23:55.790 [main] DEBUG org.apache.http.client.protocol.RequestProxyAuthentication -- Proxy auth state: UNCHALLENGED
04:23:55.790 [main] DEBUG org.apache.http.impl.client.DefaultHttpClient -- Attempt 1 to execute request
04:23:55.790 [main] DEBUG org.apache.http.impl.conn.DefaultClientConnection -- Sending request: GET /api/orders/-2 HTTP/1.1
04:23:55.790 [main] DEBUG org.apache.http.wire --  >> "GET /api/orders/-2 HTTP/1.1[\r][\n]"
04:23:55.790 [main] DEBUG org.apache.http.wire --  >> "Authorization: Bearer eyJhbGciOiJIUzI1NiIsInR5cCI6IkpXVCJ9.eyJGdWxsbmFtZSI6IldpeWFuIEhlcnJhIEhlcnZpYW5hIiwiRW1haWwiOiJ3aXlhbkBtYWlsLmNvbSJ9.NPXYoUbe7TJtZoFcbm-zZ2v4Arez-S9PaYhOwdAKxZI[\r][\n]"
04:23:55.790 [main] DEBUG org.apache.http.wire --  >> "Accept: */*[\r][\n]"
04:23:55.790 [main] DEBUG org.apache.http.wire --  >> "Host: altashop-api.fly.dev[\r][\n]"
04:23:55.790 [main] DEBUG org.apache.http.wire --  >> "Connection: Keep-Alive[\r][\n]"
04:23:55.790 [main] DEBUG org.apache.http.wire --  >> "User-Agent: Apache-HttpClient/4.5.13 (Java/17.0.8)[\r][\n]"
04:23:55.790 [main] DEBUG org.apache.http.wire --  >> "Accept-Encoding: gzip,deflate[\r][\n]"
04:23:55.790 [main] DEBUG org.apache.http.wire --  >> "[\r][\n]"
04:23:55.790 [main] DEBUG org.apache.http.headers -- >> GET /api/orders/-2 HTTP/1.1
04:23:55.790 [main] DEBUG org.apache.http.headers -- >> Authorization: Bearer eyJhbGciOiJIUzI1NiIsInR5cCI6IkpXVCJ9.eyJGdWxsbmFtZSI6IldpeWFuIEhlcnJhIEhlcnZpYW5hIiwiRW1haWwiOiJ3aXlhbkBtYWlsLmNvbSJ9.NPXYoUbe7TJtZoFcbm-zZ2v4Arez-S9PaYhOwdAKxZI
04:23:55.790 [main] DEBUG org.apache.http.headers -- >> Accept: */*
04:23:55.790 [main] DEBUG org.apache.http.headers -- >> Host: altashop-api.fly.dev
04:23:55.790 [main] DEBUG org.apache.http.headers -- >> Connection: Keep-Alive
04:23:55.790 [main] DEBUG org.apache.http.headers -- >> User-Agent: Apache-HttpClient/4.5.13 (Java/17.0.8)
04:23:55.790 [main] DEBUG org.apache.http.headers -- >> Accept-Encoding: gzip,deflate
04:23:55.816 [main] DEBUG org.apache.http.wire --  << "HTTP/1.1 401 Unauthorized[\r][\n]"
04:23:55.816 [main] DEBUG org.apache.http.wire --  << "content-type: application/json[\r][\n]"
04:23:55.816 [main] DEBUG org.apache.http.wire --  << "date: Mon, 30 Oct 2023 21:23:57 GMT[\r][\n]"
04:23:55.816 [main] DEBUG org.apache.http.wire --  << "content-encoding: gzip[\r][\n]"
04:23:55.816 [main] DEBUG org.apache.http.wire --  << "transfer-encoding: chunked[\r][\n]"
04:23:55.816 [main] DEBUG org.apache.http.wire --  << "server: Fly/7328d5b5 (2023-10-27)[\r][\n]"
04:23:55.816 [main] DEBUG org.apache.http.wire --  << "via: 1.1 fly.io[\r][\n]"
04:23:55.816 [main] DEBUG org.apache.http.wire --  << "fly-request-id: 01HE17HKRTXRN5NJJ9WN52MARM-sin[\r][\n]"
04:23:55.816 [main] DEBUG org.apache.http.wire --  << "[\r][\n]"
04:23:55.816 [main] DEBUG org.apache.http.impl.conn.DefaultClientConnection -- Receiving response: HTTP/1.1 401 Unauthorized
04:23:55.816 [main] DEBUG org.apache.http.headers -- << HTTP/1.1 401 Unauthorized
04:23:55.816 [main] DEBUG org.apache.http.headers -- << content-type: application/json
04:23:55.816 [main] DEBUG org.apache.http.headers -- << date: Mon, 30 Oct 2023 21:23:57 GMT
04:23:55.816 [main] DEBUG org.apache.http.headers -- << content-encoding: gzip
04:23:55.816 [main] DEBUG org.apache.http.headers -- << transfer-encoding: chunked
04:23:55.816 [main] DEBUG org.apache.http.headers -- << server: Fly/7328d5b5 (2023-10-27)
04:23:55.816 [main] DEBUG org.apache.http.headers -- << via: 1.1 fly.io
04:23:55.816 [main] DEBUG org.apache.http.headers -- << fly-request-id: 01HE17HKRTXRN5NJJ9WN52MARM-sin
04:23:55.816 [main] DEBUG org.apache.http.impl.client.DefaultHttpClient -- Connection can be kept alive indefinitely
04:23:55.816 [main] DEBUG org.apache.http.impl.client.DefaultHttpClient -- Authentication required
04:23:55.816 [main] DEBUG org.apache.http.impl.client.DefaultHttpClient -- altashop-api.fly.dev:443 requested authentication
04:23:55.816 [main] DEBUG org.apache.http.impl.client.DefaultHttpClient -- Response contains no authentication challenges
04:23:55.816 [main] DEBUG io.restassured.internal.RestAssuredHttpBuilder -- Parsing response as: application/json
04:23:55.816 [main] DEBUG org.apache.http.wire --  << "31[\r][\n]"
04:23:55.816 [main] DEBUG org.apache.http.wire --  << "[0x1f][0x8b][0x8][0x0][0x0][0x0][0x0][0x0][0x4][0xff][0xab]VJ-*[0xca]/R[0xb2]R*JM[0xce]/JQ[0xc8][0xcb]/QH[0xcb]/[0xcd]KQ[0xaa][0xe5][0x2][0x0]6`[0x14][0x2][0x1d][0x0][0x0][0x0]"
04:23:55.817 [main] DEBUG org.apache.http.wire --  << "[\r][\n]"
04:23:55.817 [main] DEBUG org.apache.http.wire --  << "0[\r][\n]"
04:23:55.817 [main] DEBUG org.apache.http.wire --  << "[\r][\n]"
04:23:55.817 [main] DEBUG io.restassured.internal.RestAssuredHttpBuilder -- Parsed data to instance of: class org.apache.http.conn.EofSensorInputStream
04:23:55.817 [main] DEBUG org.apache.http.impl.conn.BasicClientConnectionManager -- Releasing connection org.apache.http.impl.conn.ManagedClientConnectionImpl@1701beb3
04:23:55.818 [main] DEBUG org.apache.http.impl.conn.BasicClientConnectionManager -- Connection can be kept alive indefinitely
04:23:55.818 [main] DEBUG net.thucydides.core.steps.StepInterceptor -- STEP DONE: I GET orders HTTP request invalid ID with character symbols
  &amp#27;[32mWhen &amp#27;[0m&amp#27;[32mI GET orders HTTP request invalid ID with character symbols&amp#27;[0m                           &amp#27;[90m# starter.stepdefinition.OrdersSteps.getOrdersHTTPRequestWithInvalidIDWithCharacterSymbols()&amp#27;[0m
04:23:55.820 [main] DEBUG net.thucydides.core.steps.StepInterceptor -- STARTING STEP: OrdersSteps.receiveResponseCode401ForGetOrdersByInvalidIDWithCharacterSymbols - I receive valid HTTP response 401 for get orders by invalid IDwith character symbols
04:23:55.820 [main] DEBUG net.thucydides.core.steps.StepInterceptor -- STEP DONE: I receive valid HTTP response 401 for get orders by invalid IDwith character symbols
  &amp#27;[32mThen &amp#27;[0m&amp#27;[32mI receive valid HTTP response 401 for get orders by invalid ID with character symbols&amp#27;[0m &amp#27;[90m# starter.stepdefinition.OrdersSteps.receiveResponseCode401ForGetOrdersByInvalidIDWithCharacterSymbols()&amp#27;[0m
04:23:55.821 [main] INFO  -- 
  _____   ___   ___   _____     ___     _     ___   ___   ___   ___  
 |_   _| | __| / __| |_   _|   | _ \   /_\   / __| / __| | __| |   \ 
   | |   | _|  \__ \   | |     |  _/  / _ \  \__ \ \__ \ | _|  | |) |
   |_|   |___| |___/   |_|     |_|   /_/ \_\ |___/ |___/ |___| |___/ 

TC63 - Get orders by invalid ID with character symbols
----------------------------------------------------------------------
]]></system-out>
  </testcase>
  <testcase name="TC64 - Get orders by invalid ID with character alphabet" classname="[06_Automation] - Orders" time="0.096">
    <system-out><![CDATA[
Scenario: TC64 - Get orders by invalid ID with character alphabet                             &amp#27;[90m# src/test/resources/Orders.feature:43&amp#27;[0m
04:23:55.825 [main] INFO io.cucumber.core.plugin.SerenityReporter -- Running feature from file:///D:/TaksAlterra/MiniProject/MiniProject_API/src/test/resources/Orders.feature
04:23:55.825 [main] WARN io.cucumber.core.plugin.SerenityReporter -- Feature from file:///D:/TaksAlterra/MiniProject/MiniProject_API/src/test/resources/Orders.feature is not under the 'features' directory. Requirements report will not be correctly generated!
04:23:55.826 [main] INFO  -- 
  _____   ___   ___   _____     ___   _____     _     ___   _____   ___   ___  
 |_   _| | __| / __| |_   _|   / __| |_   _|   /_\   | _ \ |_   _| | __| |   \ 
   | |   | _|  \__ \   | |     \__ \   | |    / _ \  |   /   | |   | _|  | |) |
   |_|   |___| |___/   |_|     |___/   |_|   /_/ \_\ |_|_\   |_|   |___| |___/ 

TC64 - Get orders by invalid ID with character alphabet([06-automation]---orders;tc64---get-orders-by-invalid-id-with-character-alphabet)
--------------------------------------------------------------------------------
04:23:55.829 [main] DEBUG net.thucydides.core.steps.StepInterceptor -- STARTING STEP: OrdersSteps.getOrdersEndpointsByID3 - I GET orders endpoints by ID 3
04:23:55.829 [main] DEBUG net.thucydides.core.steps.StepInterceptor -- STEP DONE: I GET orders endpoints by ID 3
  &amp#27;[32mGiven &amp#27;[0m&amp#27;[32mI GET orders endpoints by ID 3&amp#27;[0m                                                        &amp#27;[90m# starter.stepdefinition.OrdersSteps.getOrdersEndpointsByID3()&amp#27;[0m
04:23:55.830 [main] DEBUG net.thucydides.core.steps.StepInterceptor -- STARTING STEP: OrdersSteps.getOrdersHTTPRequestWithInvalidIDWithCharacterAlphabet - I GET orders HTTP request invalid ID with character alphabet
04:23:55.830 [main] DEBUG net.thucydides.core.steps.StepInterceptor -- STARTING STEP: Orders.getOrdersHTTPRequestWithInvalidIDWithCharacterAlphabet - I GET orders endpoints by ID 3
04:23:55.831 [main] DEBUG net.thucydides.core.steps.StepInterceptor -- STEP DONE: I GET orders endpoints by ID 3
04:23:55.835 [main] DEBUG org.apache.http.impl.conn.BasicClientConnectionManager -- Get connection for route {s}->https://altashop-api.fly.dev:443
04:23:55.835 [main] DEBUG org.apache.http.impl.conn.DefaultClientConnectionOperator -- Connecting to altashop-api.fly.dev:443
04:23:55.886 [main] DEBUG org.apache.http.client.protocol.RequestAddCookies -- CookieSpec selected: ignoreCookies
04:23:55.886 [main] DEBUG org.apache.http.client.protocol.RequestAuthCache -- Auth cache not set in the context
04:23:55.886 [main] DEBUG org.apache.http.client.protocol.RequestProxyAuthentication -- Proxy auth state: UNCHALLENGED
04:23:55.886 [main] DEBUG org.apache.http.impl.client.DefaultHttpClient -- Attempt 1 to execute request
04:23:55.886 [main] DEBUG org.apache.http.impl.conn.DefaultClientConnection -- Sending request: GET /api/orders/satu HTTP/1.1
04:23:55.886 [main] DEBUG org.apache.http.wire --  >> "GET /api/orders/satu HTTP/1.1[\r][\n]"
04:23:55.886 [main] DEBUG org.apache.http.wire --  >> "Authorization: Bearer eyJhbGciOiJIUzI1NiIsInR5cCI6IkpXVCJ9.eyJGdWxsbmFtZSI6IldpeWFuIEhlcnJhIEhlcnZpYW5hIiwiRW1haWwiOiJ3aXlhbkBtYWlsLmNvbSJ9.NPXYoUbe7TJtZoFcbm-zZ2v4Arez-S9PaYhOwdAKxZI[\r][\n]"
04:23:55.886 [main] DEBUG org.apache.http.wire --  >> "Accept: */*[\r][\n]"
04:23:55.886 [main] DEBUG org.apache.http.wire --  >> "Host: altashop-api.fly.dev[\r][\n]"
04:23:55.886 [main] DEBUG org.apache.http.wire --  >> "Connection: Keep-Alive[\r][\n]"
04:23:55.886 [main] DEBUG org.apache.http.wire --  >> "User-Agent: Apache-HttpClient/4.5.13 (Java/17.0.8)[\r][\n]"
04:23:55.886 [main] DEBUG org.apache.http.wire --  >> "Accept-Encoding: gzip,deflate[\r][\n]"
04:23:55.886 [main] DEBUG org.apache.http.wire --  >> "[\r][\n]"
04:23:55.886 [main] DEBUG org.apache.http.headers -- >> GET /api/orders/satu HTTP/1.1
04:23:55.886 [main] DEBUG org.apache.http.headers -- >> Authorization: Bearer eyJhbGciOiJIUzI1NiIsInR5cCI6IkpXVCJ9.eyJGdWxsbmFtZSI6IldpeWFuIEhlcnJhIEhlcnZpYW5hIiwiRW1haWwiOiJ3aXlhbkBtYWlsLmNvbSJ9.NPXYoUbe7TJtZoFcbm-zZ2v4Arez-S9PaYhOwdAKxZI
04:23:55.886 [main] DEBUG org.apache.http.headers -- >> Accept: */*
04:23:55.886 [main] DEBUG org.apache.http.headers -- >> Host: altashop-api.fly.dev
04:23:55.886 [main] DEBUG org.apache.http.headers -- >> Connection: Keep-Alive
04:23:55.886 [main] DEBUG org.apache.http.headers -- >> User-Agent: Apache-HttpClient/4.5.13 (Java/17.0.8)
04:23:55.886 [main] DEBUG org.apache.http.headers -- >> Accept-Encoding: gzip,deflate
04:23:55.912 [main] DEBUG org.apache.http.wire --  << "HTTP/1.1 401 Unauthorized[\r][\n]"
04:23:55.912 [main] DEBUG org.apache.http.wire --  << "content-type: application/json[\r][\n]"
04:23:55.912 [main] DEBUG org.apache.http.wire --  << "date: Mon, 30 Oct 2023 21:23:57 GMT[\r][\n]"
04:23:55.912 [main] DEBUG org.apache.http.wire --  << "content-encoding: gzip[\r][\n]"
04:23:55.912 [main] DEBUG org.apache.http.wire --  << "transfer-encoding: chunked[\r][\n]"
04:23:55.912 [main] DEBUG org.apache.http.wire --  << "server: Fly/7328d5b5 (2023-10-27)[\r][\n]"
04:23:55.912 [main] DEBUG org.apache.http.wire --  << "via: 1.1 fly.io[\r][\n]"
04:23:55.912 [main] DEBUG org.apache.http.wire --  << "fly-request-id: 01HE17HKVT065FM30ZZ81G8FM5-sin[\r][\n]"
04:23:55.912 [main] DEBUG org.apache.http.wire --  << "[\r][\n]"
04:23:55.912 [main] DEBUG org.apache.http.impl.conn.DefaultClientConnection -- Receiving response: HTTP/1.1 401 Unauthorized
04:23:55.912 [main] DEBUG org.apache.http.headers -- << HTTP/1.1 401 Unauthorized
04:23:55.912 [main] DEBUG org.apache.http.headers -- << content-type: application/json
04:23:55.912 [main] DEBUG org.apache.http.headers -- << date: Mon, 30 Oct 2023 21:23:57 GMT
04:23:55.912 [main] DEBUG org.apache.http.headers -- << content-encoding: gzip
04:23:55.912 [main] DEBUG org.apache.http.headers -- << transfer-encoding: chunked
04:23:55.912 [main] DEBUG org.apache.http.headers -- << server: Fly/7328d5b5 (2023-10-27)
04:23:55.912 [main] DEBUG org.apache.http.headers -- << via: 1.1 fly.io
04:23:55.912 [main] DEBUG org.apache.http.headers -- << fly-request-id: 01HE17HKVT065FM30ZZ81G8FM5-sin
04:23:55.912 [main] DEBUG org.apache.http.impl.client.DefaultHttpClient -- Connection can be kept alive indefinitely
04:23:55.912 [main] DEBUG org.apache.http.impl.client.DefaultHttpClient -- Authentication required
04:23:55.912 [main] DEBUG org.apache.http.impl.client.DefaultHttpClient -- altashop-api.fly.dev:443 requested authentication
04:23:55.912 [main] DEBUG org.apache.http.impl.client.DefaultHttpClient -- Response contains no authentication challenges
04:23:55.912 [main] DEBUG io.restassured.internal.RestAssuredHttpBuilder -- Parsing response as: application/json
04:23:55.912 [main] DEBUG org.apache.http.wire --  << "31[\r][\n]"
04:23:55.912 [main] DEBUG org.apache.http.wire --  << "[0x1f][0x8b][0x8][0x0][0x0][0x0][0x0][0x0][0x4][0xff][0xab]VJ-*[0xca]/R[0xb2]R*JM[0xce]/JQ[0xc8][0xcb]/QH[0xcb]/[0xcd]KQ[0xaa][0xe5][0x2][0x0]6`[0x14][0x2][0x1d][0x0][0x0][0x0]"
04:23:55.912 [main] DEBUG org.apache.http.wire --  << "[\r][\n]"
04:23:55.914 [main] DEBUG org.apache.http.wire --  << "0[\r][\n]"
04:23:55.914 [main] DEBUG org.apache.http.wire --  << "[\r][\n]"
04:23:55.914 [main] DEBUG io.restassured.internal.RestAssuredHttpBuilder -- Parsed data to instance of: class org.apache.http.conn.EofSensorInputStream
04:23:55.914 [main] DEBUG org.apache.http.impl.conn.BasicClientConnectionManager -- Releasing connection org.apache.http.impl.conn.ManagedClientConnectionImpl@406decb2
04:23:55.914 [main] DEBUG org.apache.http.impl.conn.BasicClientConnectionManager -- Connection can be kept alive indefinitely
04:23:55.915 [main] DEBUG net.thucydides.core.steps.StepInterceptor -- STEP DONE: I GET orders HTTP request invalid ID with character alphabet
  &amp#27;[32mWhen &amp#27;[0m&amp#27;[32mI GET orders HTTP request invalid ID with character alphabet&amp#27;[0m                           &amp#27;[90m# starter.stepdefinition.OrdersSteps.getOrdersHTTPRequestWithInvalidIDWithCharacterAlphabet()&amp#27;[0m
04:23:55.916 [main] DEBUG net.thucydides.core.steps.StepInterceptor -- STARTING STEP: OrdersSteps.receiveResponseCode401ForGetOrdersByInvalidIDWithCharacterAlphabet - I receive valid HTTP response 401 for get orders by invalid ID with character alphabet
04:23:55.917 [main] DEBUG net.thucydides.core.steps.StepInterceptor -- STEP DONE: I receive valid HTTP response 401 for get orders by invalid ID with character alphabet
  &amp#27;[32mThen &amp#27;[0m&amp#27;[32mI receive valid HTTP response 401 for get orders by invalid ID with character alphabet&amp#27;[0m &amp#27;[90m# starter.stepdefinition.OrdersSteps.receiveResponseCode401ForGetOrdersByInvalidIDWithCharacterAlphabet()&amp#27;[0m
04:23:55.918 [main] INFO  -- 
  _____   ___   ___   _____     ___     _     ___   ___   ___   ___  
 |_   _| | __| / __| |_   _|   | _ \   /_\   / __| / __| | __| |   \ 
   | |   | _|  \__ \   | |     |  _/  / _ \  \__ \ \__ \ | _|  | |) |
   |_|   |___| |___/   |_|     |_|   /_/ \_\ |___/ |___/ |___| |___/ 

TC64 - Get orders by invalid ID with character alphabet
----------------------------------------------------------------------
]]></system-out>
  </testcase>
  <testcase name="TC24 - Add new products categories" classname="[04_Automation] - Product Categories" time="0.721">
    <system-out><![CDATA[04:23:55.918 [main] INFO io.cucumber.core.plugin.SerenityReporter -- Running feature from file:///D:/TaksAlterra/MiniProject/MiniProject_API/src/test/resources/ProductCategories.feature
04:23:55.918 [main] WARN io.cucumber.core.plugin.SerenityReporter -- Feature from file:///D:/TaksAlterra/MiniProject/MiniProject_API/src/test/resources/ProductCategories.feature is not under the 'features' directory. Requirements report will not be correctly generated!
04:23:55.919 [main] DEBUG net.thucydides.core.steps.StepEventBus -- Test suite started for story net.thucydides.core.model.Story@97399b2e
04:23:55.919 [main] INFO  -- Test Suite Started: [04_Automation] - Product Categories

Scenario: TC24 - Add new products categories         &amp#27;[90m# src/test/resources/ProductCategories.feature:3&amp#27;[0m
04:23:55.923 [main] INFO io.cucumber.core.plugin.SerenityReporter -- Running feature from file:///D:/TaksAlterra/MiniProject/MiniProject_API/src/test/resources/ProductCategories.feature
04:23:55.923 [main] WARN io.cucumber.core.plugin.SerenityReporter -- Feature from file:///D:/TaksAlterra/MiniProject/MiniProject_API/src/test/resources/ProductCategories.feature is not under the 'features' directory. Requirements report will not be correctly generated!
04:23:55.923 [main] INFO  -- 
  _____   ___   ___   _____     ___   _____     _     ___   _____   ___   ___  
 |_   _| | __| / __| |_   _|   / __| |_   _|   /_\   | _ \ |_   _| | __| |   \ 
   | |   | _|  \__ \   | |     \__ \   | |    / _ \  |   /   | |   | _|  | |) |
   |_|   |___| |___/   |_|     |___/   |_|   /_/ \_\ |_|_\   |_|   |___| |___/ 

TC24 - Add new products categories([04-automation]---product-categories;tc24---add-new-products-categories)
--------------------------------------------------------------------------------
04:23:55.939 [main] DEBUG net.thucydides.core.steps.StepInterceptor -- STARTING STEP: ProductCategoriesSteps.postProductCategories - I POST create product categories endpoints
04:23:55.940 [main] DEBUG net.thucydides.core.steps.StepInterceptor -- STEP DONE: I POST create product categories endpoints
  &amp#27;[32mGiven &amp#27;[0m&amp#27;[32mI POST create product categories endpoints&amp#27;[0m   &amp#27;[90m# starter.stepdefinition.ProductCategoriesSteps.postProductCategories()&amp#27;[0m
04:23:55.941 [main] DEBUG net.thucydides.core.steps.StepInterceptor -- STARTING STEP: ProductCategoriesSteps.postHTTPRequestProductCategories - I POST HTTP request with valid data
04:23:55.942 [main] DEBUG net.thucydides.core.steps.StepInterceptor -- STARTING STEP: ProductCategories.postHTTPRequestProductCategories - I POST create product categories endpoints
04:23:55.942 [main] DEBUG net.thucydides.core.steps.StepInterceptor -- STEP DONE: I POST create product categories endpoints
04:23:55.947 [main] DEBUG org.apache.http.impl.conn.BasicClientConnectionManager -- Get connection for route {s}->https://altashop-api.fly.dev:443
04:23:55.947 [main] DEBUG org.apache.http.impl.conn.DefaultClientConnectionOperator -- Connecting to altashop-api.fly.dev:443
04:23:56.010 [main] DEBUG org.apache.http.client.protocol.RequestAddCookies -- CookieSpec selected: ignoreCookies
04:23:56.010 [main] DEBUG org.apache.http.client.protocol.RequestAuthCache -- Auth cache not set in the context
04:23:56.010 [main] DEBUG org.apache.http.client.protocol.RequestTargetAuthentication -- Target auth state: UNCHALLENGED
04:23:56.010 [main] DEBUG org.apache.http.client.protocol.RequestProxyAuthentication -- Proxy auth state: UNCHALLENGED
04:23:56.010 [main] DEBUG org.apache.http.impl.client.DefaultHttpClient -- Attempt 1 to execute request
04:23:56.010 [main] DEBUG org.apache.http.impl.conn.DefaultClientConnection -- Sending request: POST /api/categories HTTP/1.1
04:23:56.010 [main] DEBUG org.apache.http.wire --  >> "POST /api/categories HTTP/1.1[\r][\n]"
04:23:56.010 [main] DEBUG org.apache.http.wire --  >> "Accept: */*[\r][\n]"
04:23:56.010 [main] DEBUG org.apache.http.wire --  >> "Content-Type: application/json[\r][\n]"
04:23:56.010 [main] DEBUG org.apache.http.wire --  >> "Content-Length: 53[\r][\n]"
04:23:56.010 [main] DEBUG org.apache.http.wire --  >> "Host: altashop-api.fly.dev[\r][\n]"
04:23:56.010 [main] DEBUG org.apache.http.wire --  >> "Connection: Keep-Alive[\r][\n]"
04:23:56.010 [main] DEBUG org.apache.http.wire --  >> "User-Agent: Apache-HttpClient/4.5.13 (Java/17.0.8)[\r][\n]"
04:23:56.010 [main] DEBUG org.apache.http.wire --  >> "Accept-Encoding: gzip,deflate[\r][\n]"
04:23:56.010 [main] DEBUG org.apache.http.wire --  >> "[\r][\n]"
04:23:56.010 [main] DEBUG org.apache.http.headers -- >> POST /api/categories HTTP/1.1
04:23:56.010 [main] DEBUG org.apache.http.headers -- >> Accept: */*
04:23:56.010 [main] DEBUG org.apache.http.headers -- >> Content-Type: application/json
04:23:56.010 [main] DEBUG org.apache.http.headers -- >> Content-Length: 53
04:23:56.010 [main] DEBUG org.apache.http.headers -- >> Host: altashop-api.fly.dev
04:23:56.010 [main] DEBUG org.apache.http.headers -- >> Connection: Keep-Alive
04:23:56.010 [main] DEBUG org.apache.http.headers -- >> User-Agent: Apache-HttpClient/4.5.13 (Java/17.0.8)
04:23:56.010 [main] DEBUG org.apache.http.headers -- >> Accept-Encoding: gzip,deflate
04:23:56.010 [main] DEBUG org.apache.http.wire --  >> "{"name":"gaming","description":"for gaming purposes"}"
04:23:56.036 [main] DEBUG org.apache.http.wire --  << "HTTP/1.1 200 OK[\r][\n]"
04:23:56.036 [main] DEBUG org.apache.http.wire --  << "content-type: application/json[\r][\n]"
04:23:56.037 [main] DEBUG org.apache.http.wire --  << "date: Mon, 30 Oct 2023 21:23:57 GMT[\r][\n]"
04:23:56.037 [main] DEBUG org.apache.http.wire --  << "content-encoding: gzip[\r][\n]"
04:23:56.037 [main] DEBUG org.apache.http.wire --  << "transfer-encoding: chunked[\r][\n]"
04:23:56.037 [main] DEBUG org.apache.http.wire --  << "server: Fly/7328d5b5 (2023-10-27)[\r][\n]"
04:23:56.037 [main] DEBUG org.apache.http.wire --  << "via: 1.1 fly.io[\r][\n]"
04:23:56.037 [main] DEBUG org.apache.http.wire --  << "fly-request-id: 01HE17HKZPD4JGSY6KRTVBP2QT-sin[\r][\n]"
04:23:56.037 [main] DEBUG org.apache.http.wire --  << "[\r][\n]"
04:23:56.037 [main] DEBUG org.apache.http.impl.conn.DefaultClientConnection -- Receiving response: HTTP/1.1 200 OK
04:23:56.037 [main] DEBUG org.apache.http.headers -- << HTTP/1.1 200 OK
04:23:56.037 [main] DEBUG org.apache.http.headers -- << content-type: application/json
04:23:56.037 [main] DEBUG org.apache.http.headers -- << date: Mon, 30 Oct 2023 21:23:57 GMT
04:23:56.037 [main] DEBUG org.apache.http.headers -- << content-encoding: gzip
04:23:56.037 [main] DEBUG org.apache.http.headers -- << transfer-encoding: chunked
04:23:56.037 [main] DEBUG org.apache.http.headers -- << server: Fly/7328d5b5 (2023-10-27)
04:23:56.037 [main] DEBUG org.apache.http.headers -- << via: 1.1 fly.io
04:23:56.037 [main] DEBUG org.apache.http.headers -- << fly-request-id: 01HE17HKZPD4JGSY6KRTVBP2QT-sin
04:23:56.037 [main] DEBUG org.apache.http.impl.client.DefaultHttpClient -- Connection can be kept alive indefinitely
04:23:56.037 [main] DEBUG io.restassured.internal.RestAssuredHttpBuilder -- Parsing response as: application/json
04:23:56.037 [main] DEBUG org.apache.http.wire --  << "5A[\r][\n]"
04:23:56.037 [main] DEBUG org.apache.http.wire --  << "[0x1f][0x8b][0x8][0x0][0x0][0x0][0x0][0x0][0x4][0xff][0xab]VJI,IT[0xb2][0xaa]V[0xf2]tQ[0xb2]26467[0xd5]Q[0xf2]K[0xcc]MU[0xb2]RJO[0xcc][0xcd][0xcc]KW[0xd2]QrI-N.[0xca],([0xc9][0xcc][0xcf]S[0xb2]RJ[0xcb]/R[0x80]H)[0x14][0x94][0x16][0x15][0xe4][0x17][0xa7][0x16]+[0xd5][0xd6]r[0x1][0x0][0xa1]kL[0xf2]J[0x0][0x0][0x0]"
04:23:56.037 [main] DEBUG org.apache.http.wire --  << "[\r][\n]"
04:23:56.037 [main] DEBUG org.apache.http.wire --  << "0[\r][\n]"
04:23:56.037 [main] DEBUG org.apache.http.wire --  << "[\r][\n]"
04:23:56.037 [main] DEBUG io.restassured.internal.RestAssuredHttpBuilder -- Parsed data to instance of: class org.apache.http.conn.EofSensorInputStream
04:23:56.037 [main] DEBUG org.apache.http.impl.conn.BasicClientConnectionManager -- Releasing connection org.apache.http.impl.conn.ManagedClientConnectionImpl@4d142b53
04:23:56.037 [main] DEBUG org.apache.http.impl.conn.BasicClientConnectionManager -- Connection can be kept alive indefinitely
04:23:56.039 [main] DEBUG net.thucydides.core.steps.StepInterceptor -- STEP DONE: I POST HTTP request with valid data
  &amp#27;[32mWhen &amp#27;[0m&amp#27;[32mI POST HTTP request with valid data&amp#27;[0m           &amp#27;[90m# starter.stepdefinition.ProductCategoriesSteps.postHTTPRequestProductCategories()&amp#27;[0m
04:23:56.040 [main] DEBUG net.thucydides.core.steps.StepInterceptor -- STARTING STEP: ProductCategoriesSteps.receiveResponseProductCategories - I receive response data for product categories
04:23:56.062 [Finalizer] DEBUG org.apache.http.impl.conn.DefaultClientConnection -- Connection 0.0.0.0:54202<->149.248.193.56:443 closed
04:23:56.063 [Finalizer] DEBUG org.apache.http.impl.conn.DefaultClientConnection -- Connection 0.0.0.0:54203<->149.248.193.56:443 closed
04:23:56.063 [Finalizer] DEBUG org.apache.http.impl.conn.DefaultClientConnection -- Connection 0.0.0.0:54204<->149.248.193.56:443 closed
04:23:56.063 [Finalizer] DEBUG org.apache.http.impl.conn.DefaultClientConnection -- Connection 0.0.0.0:54197<->149.248.193.56:443 closed
04:23:56.063 [Finalizer] DEBUG org.apache.http.impl.conn.DefaultClientConnection -- Connection 0.0.0.0:54198<->149.248.193.56:443 closed
04:23:56.063 [Finalizer] DEBUG org.apache.http.impl.conn.DefaultClientConnection -- Connection 0.0.0.0:54199<->149.248.193.56:443 closed
04:23:56.063 [Finalizer] DEBUG org.apache.http.impl.conn.DefaultClientConnection -- Connection 0.0.0.0:54200<->149.248.193.56:443 closed
04:23:56.063 [Finalizer] DEBUG org.apache.http.impl.conn.DefaultClientConnection -- Connection 0.0.0.0:54201<->149.248.193.56:443 closed
04:23:56.637 [main] DEBUG net.thucydides.core.steps.StepInterceptor -- STEP DONE: I receive response data for product categories
  &amp#27;[32mAnd &amp#27;[0m&amp#27;[32mI receive response data for product categories&amp#27;[0m &amp#27;[90m# starter.stepdefinition.ProductCategoriesSteps.receiveResponseProductCategories()&amp#27;[0m
04:23:56.639 [main] DEBUG net.thucydides.core.steps.StepInterceptor -- STARTING STEP: ProductCategoriesSteps.receiveResponseCode200ProductCategories - I receive valid HTTP response 200
04:23:56.639 [main] DEBUG net.thucydides.core.steps.StepInterceptor -- STEP DONE: I receive valid HTTP response 200
  &amp#27;[32mThen &amp#27;[0m&amp#27;[32mI receive valid HTTP response 200&amp#27;[0m             &amp#27;[90m# starter.stepdefinition.ProductCategoriesSteps.receiveResponseCode200ProductCategories()&amp#27;[0m
04:23:56.640 [main] INFO  -- 
  _____   ___   ___   _____     ___     _     ___   ___   ___   ___  
 |_   _| | __| / __| |_   _|   | _ \   /_\   / __| / __| | __| |   \ 
   | |   | _|  \__ \   | |     |  _/  / _ \  \__ \ \__ \ | _|  | |) |
   |_|   |___| |___/   |_|     |_|   /_/ \_\ |___/ |___/ |___| |___/ 

TC24 - Add new products categories
----------------------------------------------------------------------
]]></system-out>
  </testcase>
  <testcase name="TC25 - Add new products categories without description data payload" classname="[04_Automation] - Product Categories" time="0.128">
    <system-out><![CDATA[
Scenario: TC25 - Add new products categories without description data payload                    &amp#27;[90m# src/test/resources/ProductCategories.feature:9&amp#27;[0m
04:23:56.645 [main] INFO io.cucumber.core.plugin.SerenityReporter -- Running feature from file:///D:/TaksAlterra/MiniProject/MiniProject_API/src/test/resources/ProductCategories.feature
04:23:56.645 [main] WARN io.cucumber.core.plugin.SerenityReporter -- Feature from file:///D:/TaksAlterra/MiniProject/MiniProject_API/src/test/resources/ProductCategories.feature is not under the 'features' directory. Requirements report will not be correctly generated!
04:23:56.647 [main] INFO  -- 
  _____   ___   ___   _____     ___   _____     _     ___   _____   ___   ___  
 |_   _| | __| / __| |_   _|   / __| |_   _|   /_\   | _ \ |_   _| | __| |   \ 
   | |   | _|  \__ \   | |     \__ \   | |    / _ \  |   /   | |   | _|  | |) |
   |_|   |___| |___/   |_|     |___/   |_|   /_/ \_\ |_|_\   |_|   |___| |___/ 

TC25 - Add new products categories without description data payload([04-automation]---product-categories;tc25---add-new-products-categories-without-description-data-payload)
--------------------------------------------------------------------------------
04:23:56.651 [main] DEBUG net.thucydides.core.steps.StepInterceptor -- STARTING STEP: ProductCategoriesSteps.postCreateProductCategoriesEndpoints2 - I POST create product categories endpoints 2
04:23:56.651 [main] DEBUG net.thucydides.core.steps.StepInterceptor -- STEP DONE: I POST create product categories endpoints 2
  &amp#27;[32mGiven &amp#27;[0m&amp#27;[32mI POST create product categories endpoints 2&amp#27;[0m                                             &amp#27;[90m# starter.stepdefinition.ProductCategoriesSteps.postCreateProductCategoriesEndpoints2()&amp#27;[0m
04:23:56.653 [main] DEBUG net.thucydides.core.steps.StepInterceptor -- STARTING STEP: ProductCategoriesSteps.postHTTPRequestAddNewCategoriesWithoutDescriptionDataPayload - I POST HTTP request add new categories without description data payload
04:23:56.654 [main] DEBUG net.thucydides.core.steps.StepInterceptor -- STARTING STEP: ProductCategories.postHTTPRequestAddNewCategoriesWithoutDescriptionDataPayload - I POST create product categories endpoints 2
04:23:56.654 [main] DEBUG net.thucydides.core.steps.StepInterceptor -- STEP DONE: I POST create product categories endpoints 2
04:23:56.661 [main] DEBUG org.apache.http.impl.conn.BasicClientConnectionManager -- Get connection for route {s}->https://altashop-api.fly.dev:443
04:23:56.661 [main] DEBUG org.apache.http.impl.conn.DefaultClientConnectionOperator -- Connecting to altashop-api.fly.dev:443
04:23:56.722 [main] DEBUG org.apache.http.client.protocol.RequestAddCookies -- CookieSpec selected: ignoreCookies
04:23:56.722 [main] DEBUG org.apache.http.client.protocol.RequestAuthCache -- Auth cache not set in the context
04:23:56.722 [main] DEBUG org.apache.http.client.protocol.RequestTargetAuthentication -- Target auth state: UNCHALLENGED
04:23:56.722 [main] DEBUG org.apache.http.client.protocol.RequestProxyAuthentication -- Proxy auth state: UNCHALLENGED
04:23:56.722 [main] DEBUG org.apache.http.impl.client.DefaultHttpClient -- Attempt 1 to execute request
04:23:56.722 [main] DEBUG org.apache.http.impl.conn.DefaultClientConnection -- Sending request: POST /api/categories HTTP/1.1
04:23:56.722 [main] DEBUG org.apache.http.wire --  >> "POST /api/categories HTTP/1.1[\r][\n]"
04:23:56.722 [main] DEBUG org.apache.http.wire --  >> "Accept: */*[\r][\n]"
04:23:56.722 [main] DEBUG org.apache.http.wire --  >> "Content-Type: application/json[\r][\n]"
04:23:56.722 [main] DEBUG org.apache.http.wire --  >> "Content-Length: 17[\r][\n]"
04:23:56.722 [main] DEBUG org.apache.http.wire --  >> "Host: altashop-api.fly.dev[\r][\n]"
04:23:56.722 [main] DEBUG org.apache.http.wire --  >> "Connection: Keep-Alive[\r][\n]"
04:23:56.722 [main] DEBUG org.apache.http.wire --  >> "User-Agent: Apache-HttpClient/4.5.13 (Java/17.0.8)[\r][\n]"
04:23:56.722 [main] DEBUG org.apache.http.wire --  >> "Accept-Encoding: gzip,deflate[\r][\n]"
04:23:56.722 [main] DEBUG org.apache.http.wire --  >> "[\r][\n]"
04:23:56.722 [main] DEBUG org.apache.http.headers -- >> POST /api/categories HTTP/1.1
04:23:56.722 [main] DEBUG org.apache.http.headers -- >> Accept: */*
04:23:56.722 [main] DEBUG org.apache.http.headers -- >> Content-Type: application/json
04:23:56.722 [main] DEBUG org.apache.http.headers -- >> Content-Length: 17
04:23:56.722 [main] DEBUG org.apache.http.headers -- >> Host: altashop-api.fly.dev
04:23:56.722 [main] DEBUG org.apache.http.headers -- >> Connection: Keep-Alive
04:23:56.722 [main] DEBUG org.apache.http.headers -- >> User-Agent: Apache-HttpClient/4.5.13 (Java/17.0.8)
04:23:56.722 [main] DEBUG org.apache.http.headers -- >> Accept-Encoding: gzip,deflate
04:23:56.722 [main] DEBUG org.apache.http.wire --  >> "{"name":"gaming"}"
04:23:56.750 [main] DEBUG org.apache.http.wire --  << "HTTP/1.1 200 OK[\r][\n]"
04:23:56.750 [main] DEBUG org.apache.http.wire --  << "content-type: application/json[\r][\n]"
04:23:56.750 [main] DEBUG org.apache.http.wire --  << "date: Mon, 30 Oct 2023 21:23:58 GMT[\r][\n]"
04:23:56.750 [main] DEBUG org.apache.http.wire --  << "content-encoding: gzip[\r][\n]"
04:23:56.750 [main] DEBUG org.apache.http.wire --  << "transfer-encoding: chunked[\r][\n]"
04:23:56.750 [main] DEBUG org.apache.http.wire --  << "server: Fly/7328d5b5 (2023-10-27)[\r][\n]"
04:23:56.750 [main] DEBUG org.apache.http.wire --  << "via: 1.1 fly.io[\r][\n]"
04:23:56.750 [main] DEBUG org.apache.http.wire --  << "fly-request-id: 01HE17HMNY24F5SV8Y0JC85MDE-sin[\r][\n]"
04:23:56.750 [main] DEBUG org.apache.http.wire --  << "[\r][\n]"
04:23:56.750 [main] DEBUG org.apache.http.impl.conn.DefaultClientConnection -- Receiving response: HTTP/1.1 200 OK
04:23:56.750 [main] DEBUG org.apache.http.headers -- << HTTP/1.1 200 OK
04:23:56.750 [main] DEBUG org.apache.http.headers -- << content-type: application/json
04:23:56.750 [main] DEBUG org.apache.http.headers -- << date: Mon, 30 Oct 2023 21:23:58 GMT
04:23:56.750 [main] DEBUG org.apache.http.headers -- << content-encoding: gzip
04:23:56.750 [main] DEBUG org.apache.http.headers -- << transfer-encoding: chunked
04:23:56.750 [main] DEBUG org.apache.http.headers -- << server: Fly/7328d5b5 (2023-10-27)
04:23:56.750 [main] DEBUG org.apache.http.headers -- << via: 1.1 fly.io
04:23:56.750 [main] DEBUG org.apache.http.headers -- << fly-request-id: 01HE17HMNY24F5SV8Y0JC85MDE-sin
04:23:56.750 [main] DEBUG org.apache.http.impl.client.DefaultHttpClient -- Connection can be kept alive indefinitely
04:23:56.750 [main] DEBUG io.restassured.internal.RestAssuredHttpBuilder -- Parsing response as: application/json
04:23:56.750 [main] DEBUG org.apache.http.wire --  << "4B[\r][\n]"
04:23:56.750 [main] DEBUG org.apache.http.wire --  << "[0x1f][0x8b][0x8][0x0][0x0][0x0][0x0][0x0][0x4][0xff][0xab]VJI,IT[0xb2][0xaa]V[0xf2]tQ[0xb2]26467[0xd3]Q[0xf2]K[0xcc]MU[0xb2]RJO[0xcc][0xcd][0xcc]KW[0xd2]QrI-N.[0xca],([0xc9][0xcc][0xcf]S[0xb2]RR[0xaa][0xad][0xe5][0x2][0x0][0xde][0xf6][0xe3][0x95]7[0x0][0x0][0x0]"
04:23:56.750 [main] DEBUG org.apache.http.wire --  << "[\r][\n]"
04:23:56.750 [main] DEBUG org.apache.http.wire --  << "0[\r][\n]"
04:23:56.750 [main] DEBUG org.apache.http.wire --  << "[\r][\n]"
04:23:56.750 [main] DEBUG io.restassured.internal.RestAssuredHttpBuilder -- Parsed data to instance of: class org.apache.http.conn.EofSensorInputStream
04:23:56.751 [main] DEBUG org.apache.http.impl.conn.BasicClientConnectionManager -- Releasing connection org.apache.http.impl.conn.ManagedClientConnectionImpl@2f2a5064
04:23:56.751 [main] DEBUG org.apache.http.impl.conn.BasicClientConnectionManager -- Connection can be kept alive indefinitely
04:23:56.752 [main] DEBUG net.thucydides.core.steps.StepInterceptor -- STEP DONE: I POST HTTP request add new categories without description data payload
  &amp#27;[32mWhen &amp#27;[0m&amp#27;[32mI POST HTTP request add new categories without description data payload&amp#27;[0m                   &amp#27;[90m# starter.stepdefinition.ProductCategoriesSteps.postHTTPRequestAddNewCategoriesWithoutDescriptionDataPayload()&amp#27;[0m
04:23:56.753 [main] DEBUG net.thucydides.core.steps.StepInterceptor -- STARTING STEP: ProductCategoriesSteps.receiveResponseDataForAddNewCategoriesWithoutDescriptionDataPayload - I receive response data for add new categories without description data payload
04:23:56.763 [main] DEBUG net.thucydides.core.steps.StepInterceptor -- STEP DONE: I receive response data for add new categories without description data payload
  &amp#27;[32mAnd &amp#27;[0m&amp#27;[32mI receive response data for add new categories without description data payload&amp#27;[0m            &amp#27;[90m# starter.stepdefinition.ProductCategoriesSteps.receiveResponseDataForAddNewCategoriesWithoutDescriptionDataPayload()&amp#27;[0m
04:23:56.766 [main] DEBUG net.thucydides.core.steps.StepInterceptor -- STARTING STEP: ProductCategoriesSteps.receiveResponseCode200ForAddNewCategoriesWithoutDescriptionDataPayload - I receive valid HTTP response 200 for add new categories without description data payload
04:23:56.766 [main] DEBUG net.thucydides.core.steps.StepInterceptor -- STEP DONE: I receive valid HTTP response 200 for add new categories without description data payload
  &amp#27;[32mThen &amp#27;[0m&amp#27;[32mI receive valid HTTP response 200 for add new categories without description data payload&amp#27;[0m &amp#27;[90m# starter.stepdefinition.ProductCategoriesSteps.receiveResponseCode200ForAddNewCategoriesWithoutDescriptionDataPayload()&amp#27;[0m
04:23:56.768 [main] INFO  -- 
  _____   ___   ___   _____     ___     _     ___   ___   ___   ___  
 |_   _| | __| / __| |_   _|   | _ \   /_\   / __| / __| | __| |   \ 
   | |   | _|  \__ \   | |     |  _/  / _ \  \__ \ \__ \ | _|  | |) |
   |_|   |___| |___/   |_|     |_|   /_/ \_\ |___/ |___/ |___| |___/ 

TC25 - Add new products categories without description data payload
----------------------------------------------------------------------
]]></system-out>
  </testcase>
  <testcase name="TC26 - Add new products categories without name data payload" classname="[04_Automation] - Product Categories" time="0.124">
    <system-out><![CDATA[
Scenario: TC26 - Add new products categories without name data payload                    &amp#27;[90m# src/test/resources/ProductCategories.feature:15&amp#27;[0m
04:23:56.774 [main] INFO io.cucumber.core.plugin.SerenityReporter -- Running feature from file:///D:/TaksAlterra/MiniProject/MiniProject_API/src/test/resources/ProductCategories.feature
04:23:56.775 [main] WARN io.cucumber.core.plugin.SerenityReporter -- Feature from file:///D:/TaksAlterra/MiniProject/MiniProject_API/src/test/resources/ProductCategories.feature is not under the 'features' directory. Requirements report will not be correctly generated!
04:23:56.776 [main] INFO  -- 
  _____   ___   ___   _____     ___   _____     _     ___   _____   ___   ___  
 |_   _| | __| / __| |_   _|   / __| |_   _|   /_\   | _ \ |_   _| | __| |   \ 
   | |   | _|  \__ \   | |     \__ \   | |    / _ \  |   /   | |   | _|  | |) |
   |_|   |___| |___/   |_|     |___/   |_|   /_/ \_\ |_|_\   |_|   |___| |___/ 

TC26 - Add new products categories without name data payload([04-automation]---product-categories;tc26---add-new-products-categories-without-name-data-payload)
--------------------------------------------------------------------------------
04:23:56.779 [main] DEBUG net.thucydides.core.steps.StepInterceptor -- STARTING STEP: ProductCategoriesSteps.postCreateProductsCategoriesEndpoint3 - I POST create products categories endpoints 3
04:23:56.780 [main] DEBUG net.thucydides.core.steps.StepInterceptor -- STEP DONE: I POST create products categories endpoints 3
  &amp#27;[32mGiven &amp#27;[0m&amp#27;[32mI POST create products categories endpoints 3&amp#27;[0m                                     &amp#27;[90m# starter.stepdefinition.ProductCategoriesSteps.postCreateProductsCategoriesEndpoint3()&amp#27;[0m
04:23:56.782 [main] DEBUG net.thucydides.core.steps.StepInterceptor -- STARTING STEP: ProductCategoriesSteps.postHTTPRequestAddNewCategoriesWithoutNameDataPayload - I POST HTTP request add new categories without name data payload
04:23:56.783 [main] DEBUG net.thucydides.core.steps.StepInterceptor -- STARTING STEP: ProductCategories.postHTTPRequestAddNewCategoriesWithoutNameDataPayload - I POST create products categories endpoints 3
04:23:56.783 [main] DEBUG net.thucydides.core.steps.StepInterceptor -- STEP DONE: I POST create products categories endpoints 3
04:23:56.788 [main] DEBUG org.apache.http.impl.conn.BasicClientConnectionManager -- Get connection for route {s}->https://altashop-api.fly.dev:443
04:23:56.788 [main] DEBUG org.apache.http.impl.conn.DefaultClientConnectionOperator -- Connecting to altashop-api.fly.dev:443
04:23:56.841 [main] DEBUG org.apache.http.client.protocol.RequestAddCookies -- CookieSpec selected: ignoreCookies
04:23:56.841 [main] DEBUG org.apache.http.client.protocol.RequestAuthCache -- Auth cache not set in the context
04:23:56.841 [main] DEBUG org.apache.http.client.protocol.RequestTargetAuthentication -- Target auth state: UNCHALLENGED
04:23:56.841 [main] DEBUG org.apache.http.client.protocol.RequestProxyAuthentication -- Proxy auth state: UNCHALLENGED
04:23:56.841 [main] DEBUG org.apache.http.impl.client.DefaultHttpClient -- Attempt 1 to execute request
04:23:56.841 [main] DEBUG org.apache.http.impl.conn.DefaultClientConnection -- Sending request: POST /api/categories HTTP/1.1
04:23:56.841 [main] DEBUG org.apache.http.wire --  >> "POST /api/categories HTTP/1.1[\r][\n]"
04:23:56.841 [main] DEBUG org.apache.http.wire --  >> "Accept: */*[\r][\n]"
04:23:56.841 [main] DEBUG org.apache.http.wire --  >> "Content-Type: application/json[\r][\n]"
04:23:56.841 [main] DEBUG org.apache.http.wire --  >> "Content-Length: 37[\r][\n]"
04:23:56.841 [main] DEBUG org.apache.http.wire --  >> "Host: altashop-api.fly.dev[\r][\n]"
04:23:56.841 [main] DEBUG org.apache.http.wire --  >> "Connection: Keep-Alive[\r][\n]"
04:23:56.841 [main] DEBUG org.apache.http.wire --  >> "User-Agent: Apache-HttpClient/4.5.13 (Java/17.0.8)[\r][\n]"
04:23:56.841 [main] DEBUG org.apache.http.wire --  >> "Accept-Encoding: gzip,deflate[\r][\n]"
04:23:56.841 [main] DEBUG org.apache.http.wire --  >> "[\r][\n]"
04:23:56.841 [main] DEBUG org.apache.http.headers -- >> POST /api/categories HTTP/1.1
04:23:56.841 [main] DEBUG org.apache.http.headers -- >> Accept: */*
04:23:56.841 [main] DEBUG org.apache.http.headers -- >> Content-Type: application/json
04:23:56.841 [main] DEBUG org.apache.http.headers -- >> Content-Length: 37
04:23:56.841 [main] DEBUG org.apache.http.headers -- >> Host: altashop-api.fly.dev
04:23:56.841 [main] DEBUG org.apache.http.headers -- >> Connection: Keep-Alive
04:23:56.841 [main] DEBUG org.apache.http.headers -- >> User-Agent: Apache-HttpClient/4.5.13 (Java/17.0.8)
04:23:56.841 [main] DEBUG org.apache.http.headers -- >> Accept-Encoding: gzip,deflate
04:23:56.841 [main] DEBUG org.apache.http.wire --  >> "{"description":"for gaming purposes"}"
04:23:56.869 [main] DEBUG org.apache.http.wire --  << "HTTP/1.1 500 Internal Server Error[\r][\n]"
04:23:56.869 [main] DEBUG org.apache.http.wire --  << "content-type: application/json[\r][\n]"
04:23:56.869 [main] DEBUG org.apache.http.wire --  << "date: Mon, 30 Oct 2023 21:23:58 GMT[\r][\n]"
04:23:56.869 [main] DEBUG org.apache.http.wire --  << "content-encoding: gzip[\r][\n]"
04:23:56.869 [main] DEBUG org.apache.http.wire --  << "transfer-encoding: chunked[\r][\n]"
04:23:56.869 [main] DEBUG org.apache.http.wire --  << "server: Fly/7328d5b5 (2023-10-27)[\r][\n]"
04:23:56.869 [main] DEBUG org.apache.http.wire --  << "via: 1.1 fly.io[\r][\n]"
04:23:56.869 [main] DEBUG org.apache.http.wire --  << "fly-request-id: 01HE17HMSNB2MX3FNEX6WVEHXJ-sin[\r][\n]"
04:23:56.869 [main] DEBUG org.apache.http.wire --  << "[\r][\n]"
04:23:56.869 [main] DEBUG org.apache.http.impl.conn.DefaultClientConnection -- Receiving response: HTTP/1.1 500 Internal Server Error
04:23:56.869 [main] DEBUG org.apache.http.headers -- << HTTP/1.1 500 Internal Server Error
04:23:56.869 [main] DEBUG org.apache.http.headers -- << content-type: application/json
04:23:56.869 [main] DEBUG org.apache.http.headers -- << date: Mon, 30 Oct 2023 21:23:58 GMT
04:23:56.869 [main] DEBUG org.apache.http.headers -- << content-encoding: gzip
04:23:56.869 [main] DEBUG org.apache.http.headers -- << transfer-encoding: chunked
04:23:56.869 [main] DEBUG org.apache.http.headers -- << server: Fly/7328d5b5 (2023-10-27)
04:23:56.869 [main] DEBUG org.apache.http.headers -- << via: 1.1 fly.io
04:23:56.869 [main] DEBUG org.apache.http.headers -- << fly-request-id: 01HE17HMSNB2MX3FNEX6WVEHXJ-sin
04:23:56.869 [main] DEBUG org.apache.http.impl.client.DefaultHttpClient -- Connection can be kept alive indefinitely
04:23:56.869 [main] DEBUG io.restassured.internal.RestAssuredHttpBuilder -- Parsing response as: application/json
04:23:56.869 [main] DEBUG org.apache.http.wire --  << "82[\r][\n]"
04:23:56.869 [main] DEBUG org.apache.http.wire --  << "[0x1f][0x8b][0x8][0x0][0x0][0x0][0x0][0x0][0x4][0xff][0xab]VJ-*[0xca]/R[0xb2]Rr[\r][\n]"
04:23:56.870 [main] DEBUG org.apache.http.wire --  << "[0xf2][0xf][0xb2]R[0xc8]K-W([0xca]/WH[0xcb]/R(J[0xcd]I,[0xc9][0xcc][0xcf]S[0x88]QJN,IM[0xcf]/[0xca]L-[0x8e]QR([0xcb][0xcc][0xcf]I,I-VH[0xce]HM[0xce]VH[0xce][0xcf]+.)J[0xcc][0xcc]+AQ[0x18][0x9f][0x97][0x98][0x9b][0x1a][0xf]V[0x12][0xa3][0xa4][0xa0][0x11][0x1c][0xe8][0x13][0x1c][0xe2][0x18][0xe2][0xaa]`dljh[0xa2][0xa9]T[0xcb][0x5][0x0]p%[0xdd]o|[0x0][0x0][0x0]"
04:23:56.870 [main] DEBUG org.apache.http.wire --  << "[\r][\n]"
04:23:56.870 [main] DEBUG org.apache.http.wire --  << "0[\r][\n]"
04:23:56.870 [main] DEBUG org.apache.http.wire --  << "[\r][\n]"
04:23:56.870 [main] DEBUG io.restassured.internal.RestAssuredHttpBuilder -- Parsed data to instance of: class org.apache.http.conn.EofSensorInputStream
04:23:56.871 [main] DEBUG org.apache.http.impl.conn.BasicClientConnectionManager -- Releasing connection org.apache.http.impl.conn.ManagedClientConnectionImpl@2cdcedef
04:23:56.871 [main] DEBUG org.apache.http.impl.conn.BasicClientConnectionManager -- Connection can be kept alive indefinitely
04:23:56.871 [main] DEBUG net.thucydides.core.steps.StepInterceptor -- STEP DONE: I POST HTTP request add new categories without name data payload
  &amp#27;[32mWhen &amp#27;[0m&amp#27;[32mI POST HTTP request add new categories without name data payload&amp#27;[0m                   &amp#27;[90m# starter.stepdefinition.ProductCategoriesSteps.postHTTPRequestAddNewCategoriesWithoutNameDataPayload()&amp#27;[0m
04:23:56.873 [main] DEBUG net.thucydides.core.steps.StepInterceptor -- STARTING STEP: ProductCategoriesSteps.receiveResponseDataForAddNewCategoriesWithoutNameDataPayload - I receive response data for add new categories without name data payload
04:23:56.888 [main] DEBUG net.thucydides.core.steps.StepInterceptor -- STEP DONE: I receive response data for add new categories without name data payload
  &amp#27;[32mAnd &amp#27;[0m&amp#27;[32mI receive response data for add new categories without name data payload&amp#27;[0m            &amp#27;[90m# starter.stepdefinition.ProductCategoriesSteps.receiveResponseDataForAddNewCategoriesWithoutNameDataPayload()&amp#27;[0m
04:23:56.890 [main] DEBUG net.thucydides.core.steps.StepInterceptor -- STARTING STEP: ProductCategoriesSteps.receiveResponseCode500ForAddNewCategoriesWithoutNameDataPayload - I receive valid HTTP response 500 for add new categories without name data payload
04:23:56.890 [main] DEBUG net.thucydides.core.steps.StepInterceptor -- STEP DONE: I receive valid HTTP response 500 for add new categories without name data payload
  &amp#27;[32mThen &amp#27;[0m&amp#27;[32mI receive valid HTTP response 500 for add new categories without name data payload&amp#27;[0m &amp#27;[90m# starter.stepdefinition.ProductCategoriesSteps.receiveResponseCode500ForAddNewCategoriesWithoutNameDataPayload()&amp#27;[0m
04:23:56.891 [main] INFO  -- 
  _____   ___   ___   _____     ___     _     ___   ___   ___   ___  
 |_   _| | __| / __| |_   _|   | _ \   /_\   / __| / __| | __| |   \ 
   | |   | _|  \__ \   | |     |  _/  / _ \  \__ \ \__ \ | _|  | |) |
   |_|   |___| |___/   |_|     |_|   /_/ \_\ |___/ |___/ |___| |___/ 

TC26 - Add new products categories without name data payload
----------------------------------------------------------------------
]]></system-out>
  </testcase>
  <testcase name="TC27 - Add new products categories with invalid payload format" classname="[04_Automation] - Product Categories" time="0.134">
    <system-out><![CDATA[
Scenario: TC27 - Add new products categories with invalid payload format                    &amp#27;[90m# src/test/resources/ProductCategories.feature:21&amp#27;[0m
04:23:56.896 [main] INFO io.cucumber.core.plugin.SerenityReporter -- Running feature from file:///D:/TaksAlterra/MiniProject/MiniProject_API/src/test/resources/ProductCategories.feature
04:23:56.896 [main] WARN io.cucumber.core.plugin.SerenityReporter -- Feature from file:///D:/TaksAlterra/MiniProject/MiniProject_API/src/test/resources/ProductCategories.feature is not under the 'features' directory. Requirements report will not be correctly generated!
04:23:56.898 [main] INFO  -- 
  _____   ___   ___   _____     ___   _____     _     ___   _____   ___   ___  
 |_   _| | __| / __| |_   _|   / __| |_   _|   /_\   | _ \ |_   _| | __| |   \ 
   | |   | _|  \__ \   | |     \__ \   | |    / _ \  |   /   | |   | _|  | |) |
   |_|   |___| |___/   |_|     |___/   |_|   /_/ \_\ |_|_\   |_|   |___| |___/ 

TC27 - Add new products categories with invalid payload format([04-automation]---product-categories;tc27---add-new-products-categories-with-invalid-payload-format)
--------------------------------------------------------------------------------
04:23:56.901 [main] DEBUG net.thucydides.core.steps.StepInterceptor -- STARTING STEP: ProductCategoriesSteps.postCreateProductsCategoriesEndpoints4 - I POST create products categories endpoints 4
04:23:56.901 [main] DEBUG net.thucydides.core.steps.StepInterceptor -- STEP DONE: I POST create products categories endpoints 4
  &amp#27;[32mGiven &amp#27;[0m&amp#27;[32mI POST create products categories endpoints 4&amp#27;[0m                                       &amp#27;[90m# starter.stepdefinition.ProductCategoriesSteps.postCreateProductsCategoriesEndpoints4()&amp#27;[0m
04:23:56.906 [Finalizer] DEBUG org.apache.http.impl.conn.DefaultClientConnection -- Connection 0.0.0.0:54205<->149.248.193.56:443 closed
04:23:56.908 [Finalizer] DEBUG org.apache.http.impl.conn.DefaultClientConnection -- Connection 0.0.0.0:54207<->149.248.193.56:443 closed
04:23:56.908 [main] DEBUG net.thucydides.core.steps.StepInterceptor -- STARTING STEP: ProductCategoriesSteps.postHTTPRequestAddNewCategoriesWithInvalidPayloadFormat - I POST HTTP request add new categories with invalid payload format
04:23:56.909 [main] DEBUG net.thucydides.core.steps.StepInterceptor -- STARTING STEP: ProductCategories.postHTTPRequestAddNewCategoriesWithInvalidPayloadFormat - I POST create products categories endpoints 4
04:23:56.910 [main] DEBUG net.thucydides.core.steps.StepInterceptor -- STEP DONE: I POST create products categories endpoints 4
04:23:56.915 [main] DEBUG org.apache.http.impl.conn.BasicClientConnectionManager -- Get connection for route {s}->https://altashop-api.fly.dev:443
04:23:56.915 [main] DEBUG org.apache.http.impl.conn.DefaultClientConnectionOperator -- Connecting to altashop-api.fly.dev:443
04:23:56.970 [main] DEBUG org.apache.http.client.protocol.RequestAddCookies -- CookieSpec selected: ignoreCookies
04:23:56.970 [main] DEBUG org.apache.http.client.protocol.RequestAuthCache -- Auth cache not set in the context
04:23:56.970 [main] DEBUG org.apache.http.client.protocol.RequestTargetAuthentication -- Target auth state: UNCHALLENGED
04:23:56.970 [main] DEBUG org.apache.http.client.protocol.RequestProxyAuthentication -- Proxy auth state: UNCHALLENGED
04:23:56.970 [main] DEBUG org.apache.http.impl.client.DefaultHttpClient -- Attempt 1 to execute request
04:23:56.970 [main] DEBUG org.apache.http.impl.conn.DefaultClientConnection -- Sending request: POST /api/categories HTTP/1.1
04:23:56.970 [main] DEBUG org.apache.http.wire --  >> "POST /api/categories HTTP/1.1[\r][\n]"
04:23:56.970 [main] DEBUG org.apache.http.wire --  >> "Accept: */*[\r][\n]"
04:23:56.970 [main] DEBUG org.apache.http.wire --  >> "Content-Type: application/json[\r][\n]"
04:23:56.970 [main] DEBUG org.apache.http.wire --  >> "Content-Length: 51[\r][\n]"
04:23:56.970 [main] DEBUG org.apache.http.wire --  >> "Host: altashop-api.fly.dev[\r][\n]"
04:23:56.970 [main] DEBUG org.apache.http.wire --  >> "Connection: Keep-Alive[\r][\n]"
04:23:56.970 [main] DEBUG org.apache.http.wire --  >> "User-Agent: Apache-HttpClient/4.5.13 (Java/17.0.8)[\r][\n]"
04:23:56.970 [main] DEBUG org.apache.http.wire --  >> "Accept-Encoding: gzip,deflate[\r][\n]"
04:23:56.970 [main] DEBUG org.apache.http.wire --  >> "[\r][\n]"
04:23:56.970 [main] DEBUG org.apache.http.headers -- >> POST /api/categories HTTP/1.1
04:23:56.970 [main] DEBUG org.apache.http.headers -- >> Accept: */*
04:23:56.970 [main] DEBUG org.apache.http.headers -- >> Content-Type: application/json
04:23:56.970 [main] DEBUG org.apache.http.headers -- >> Content-Length: 51
04:23:56.970 [main] DEBUG org.apache.http.headers -- >> Host: altashop-api.fly.dev
04:23:56.970 [main] DEBUG org.apache.http.headers -- >> Connection: Keep-Alive
04:23:56.970 [main] DEBUG org.apache.http.headers -- >> User-Agent: Apache-HttpClient/4.5.13 (Java/17.0.8)
04:23:56.970 [main] DEBUG org.apache.http.headers -- >> Accept-Encoding: gzip,deflate
04:23:56.970 [main] DEBUG org.apache.http.wire --  >> "{"nama":"gaming","deskripsi":"for gaming purposes"}"
04:23:56.995 [main] DEBUG org.apache.http.wire --  << "HTTP/1.1 500 Internal Server Error[\r][\n]"
04:23:56.995 [main] DEBUG org.apache.http.wire --  << "content-type: application/json[\r][\n]"
04:23:56.995 [main] DEBUG org.apache.http.wire --  << "date: Mon, 30 Oct 2023 21:23:58 GMT[\r][\n]"
04:23:56.995 [main] DEBUG org.apache.http.wire --  << "content-encoding: gzip[\r][\n]"
04:23:56.995 [main] DEBUG org.apache.http.wire --  << "transfer-encoding: chunked[\r][\n]"
04:23:56.995 [main] DEBUG org.apache.http.wire --  << "server: Fly/7328d5b5 (2023-10-27)[\r][\n]"
04:23:56.995 [main] DEBUG org.apache.http.wire --  << "via: 1.1 fly.io[\r][\n]"
04:23:56.995 [main] DEBUG org.apache.http.wire --  << "fly-request-id: 01HE17HMXNZJH85AX6D17K6QVG-sin[\r][\n]"
04:23:56.995 [main] DEBUG org.apache.http.wire --  << "[\r][\n]"
04:23:56.995 [main] DEBUG org.apache.http.impl.conn.DefaultClientConnection -- Receiving response: HTTP/1.1 500 Internal Server Error
04:23:56.995 [main] DEBUG org.apache.http.headers -- << HTTP/1.1 500 Internal Server Error
04:23:56.995 [main] DEBUG org.apache.http.headers -- << content-type: application/json
04:23:56.995 [main] DEBUG org.apache.http.headers -- << date: Mon, 30 Oct 2023 21:23:58 GMT
04:23:56.995 [main] DEBUG org.apache.http.headers -- << content-encoding: gzip
04:23:56.995 [main] DEBUG org.apache.http.headers -- << transfer-encoding: chunked
04:23:56.995 [main] DEBUG org.apache.http.headers -- << server: Fly/7328d5b5 (2023-10-27)
04:23:56.995 [main] DEBUG org.apache.http.headers -- << via: 1.1 fly.io
04:23:56.995 [main] DEBUG org.apache.http.headers -- << fly-request-id: 01HE17HMXNZJH85AX6D17K6QVG-sin
04:23:56.995 [main] DEBUG org.apache.http.impl.client.DefaultHttpClient -- Connection can be kept alive indefinitely
04:23:56.995 [main] DEBUG io.restassured.internal.RestAssuredHttpBuilder -- Parsing response as: application/json
04:23:56.995 [main] DEBUG org.apache.http.wire --  << "82[\r][\n]"
04:23:56.995 [main] DEBUG org.apache.http.wire --  << "[0x1f][0x8b][0x8][0x0][0x0][0x0][0x0][0x0][0x4][0xff][0xab]VJ-*[0xca]/R[0xb2]Rr[\r][\n]"
04:23:56.995 [main] DEBUG org.apache.http.wire --  << "[0xf2][0xf][0xb2]R[0xc8]K-W([0xca]/WH[0xcb]/R(J[0xcd]I,[0xc9][0xcc][0xcf]S[0x88]QJN,IM[0xcf]/[0xca]L-[0x8e]QR([0xcb][0xcc][0xcf]I,I-VH[0xce]HM[0xce]VH[0xce][0xcf]+.)J[0xcc][0xcc]+AQ[0x18][0x9f][0x97][0x98][0x9b][0x1a][0xf]V[0x12][0xa3][0xa4][0xa0][0x11][0x1c][0xe8][0x13][0x1c][0xe2][0x18][0xe2][0xaa]`dljh[0xa2][0xa9]T[0xcb][0x5][0x0]p%[0xdd]o|[0x0][0x0][0x0]"
04:23:56.995 [main] DEBUG org.apache.http.wire --  << "[\r][\n]"
04:23:56.995 [main] DEBUG org.apache.http.wire --  << "0[\r][\n]"
04:23:56.995 [main] DEBUG org.apache.http.wire --  << "[\r][\n]"
04:23:56.995 [main] DEBUG io.restassured.internal.RestAssuredHttpBuilder -- Parsed data to instance of: class org.apache.http.conn.EofSensorInputStream
04:23:56.996 [main] DEBUG org.apache.http.impl.conn.BasicClientConnectionManager -- Releasing connection org.apache.http.impl.conn.ManagedClientConnectionImpl@772589ed
04:23:56.996 [main] DEBUG org.apache.http.impl.conn.BasicClientConnectionManager -- Connection can be kept alive indefinitely
04:23:56.996 [main] DEBUG net.thucydides.core.steps.StepInterceptor -- STEP DONE: I POST HTTP request add new categories with invalid payload format
  &amp#27;[32mWhen &amp#27;[0m&amp#27;[32mI POST HTTP request add new categories with invalid payload format&amp#27;[0m                   &amp#27;[90m# starter.stepdefinition.ProductCategoriesSteps.postHTTPRequestAddNewCategoriesWithInvalidPayloadFormat()&amp#27;[0m
04:23:56.999 [main] DEBUG net.thucydides.core.steps.StepInterceptor -- STARTING STEP: ProductCategoriesSteps.receiveResponseDataForAddNewCategoriesWithInvalidPayloadFormat - I receive response data for add new categories with invalid payload format
04:23:57.021 [main] DEBUG net.thucydides.core.steps.StepInterceptor -- STEP DONE: I receive response data for add new categories with invalid payload format
  &amp#27;[32mAnd &amp#27;[0m&amp#27;[32mI receive response data for add new categories with invalid payload format&amp#27;[0m            &amp#27;[90m# starter.stepdefinition.ProductCategoriesSteps.receiveResponseDataForAddNewCategoriesWithInvalidPayloadFormat()&amp#27;[0m
04:23:57.023 [main] DEBUG net.thucydides.core.steps.StepInterceptor -- STARTING STEP: ProductCategoriesSteps.receiveResponseCode500ForAddNewCategoriesWithInvalidPayloadFormat - I receive valid HTTP response 500 for add new categories with invalid payload format
04:23:57.024 [main] DEBUG net.thucydides.core.steps.StepInterceptor -- STEP DONE: I receive valid HTTP response 500 for add new categories with invalid payload format
  &amp#27;[32mThen &amp#27;[0m&amp#27;[32mI receive valid HTTP response 500 for add new categories with invalid payload format&amp#27;[0m &amp#27;[90m# starter.stepdefinition.ProductCategoriesSteps.receiveResponseCode500ForAddNewCategoriesWithInvalidPayloadFormat()&amp#27;[0m
04:23:57.026 [main] INFO  -- 
  _____   ___   ___   _____     ___     _     ___   ___   ___   ___  
 |_   _| | __| / __| |_   _|   | _ \   /_\   / __| / __| | __| |   \ 
   | |   | _|  \__ \   | |     |  _/  / _ \  \__ \ \__ \ | _|  | |) |
   |_|   |___| |___/   |_|     |_|   /_/ \_\ |___/ |___/ |___| |___/ 

TC27 - Add new products categories with invalid payload format
----------------------------------------------------------------------
]]></system-out>
  </testcase>
  <testcase name="TC28 -  Add new products categories with body parameter is empty" classname="[04_Automation] - Product Categories" time="0.113">
    <system-out><![CDATA[
Scenario: TC28 -  Add new products categories with body parameter is empty                            &amp#27;[90m# src/test/resources/ProductCategories.feature:27&amp#27;[0m
04:23:57.032 [main] INFO io.cucumber.core.plugin.SerenityReporter -- Running feature from file:///D:/TaksAlterra/MiniProject/MiniProject_API/src/test/resources/ProductCategories.feature
04:23:57.032 [main] WARN io.cucumber.core.plugin.SerenityReporter -- Feature from file:///D:/TaksAlterra/MiniProject/MiniProject_API/src/test/resources/ProductCategories.feature is not under the 'features' directory. Requirements report will not be correctly generated!
04:23:57.033 [main] INFO  -- 
  _____   ___   ___   _____     ___   _____     _     ___   _____   ___   ___  
 |_   _| | __| / __| |_   _|   / __| |_   _|   /_\   | _ \ |_   _| | __| |   \ 
   | |   | _|  \__ \   | |     \__ \   | |    / _ \  |   /   | |   | _|  | |) |
   |_|   |___| |___/   |_|     |___/   |_|   /_/ \_\ |_|_\   |_|   |___| |___/ 

TC28 -  Add new products categories with body parameter is empty([04-automation]---product-categories;tc28----add-new-products-categories-with-body-parameter-is-empty)
--------------------------------------------------------------------------------
04:23:57.037 [main] DEBUG net.thucydides.core.steps.StepInterceptor -- STARTING STEP: ProductCategoriesSteps.postAddNewProductsCategoriesEndpoints5 - I POST add new products categories endpoints 5
04:23:57.037 [main] DEBUG net.thucydides.core.steps.StepInterceptor -- STEP DONE: I POST add new products categories endpoints 5
  &amp#27;[32mGiven &amp#27;[0m&amp#27;[32mI POST add new products categories endpoints 5&amp#27;[0m                                                &amp#27;[90m# starter.stepdefinition.ProductCategoriesSteps.postAddNewProductsCategoriesEndpoints5()&amp#27;[0m
04:23:57.039 [main] DEBUG net.thucydides.core.steps.StepInterceptor -- STARTING STEP: ProductCategoriesSteps.postHTTPRequestForAddNewProductsCategoriesWithBodyParameterIsEmpty - I POST HTTP request for add new products categories with body parameter is empty
04:23:57.040 [main] DEBUG net.thucydides.core.steps.StepInterceptor -- STARTING STEP: ProductCategories.postHTTPRequestForAddNewProductsCategoriesWithBodyParameterIsEmpty - I POST add new products categories endpoints 5
04:23:57.040 [main] DEBUG net.thucydides.core.steps.StepInterceptor -- STEP DONE: I POST add new products categories endpoints 5
04:23:57.045 [main] DEBUG org.apache.http.impl.conn.BasicClientConnectionManager -- Get connection for route {s}->https://altashop-api.fly.dev:443
04:23:57.045 [main] DEBUG org.apache.http.impl.conn.DefaultClientConnectionOperator -- Connecting to altashop-api.fly.dev:443
04:23:57.108 [main] DEBUG org.apache.http.client.protocol.RequestAddCookies -- CookieSpec selected: ignoreCookies
04:23:57.108 [main] DEBUG org.apache.http.client.protocol.RequestAuthCache -- Auth cache not set in the context
04:23:57.108 [main] DEBUG org.apache.http.client.protocol.RequestTargetAuthentication -- Target auth state: UNCHALLENGED
04:23:57.108 [main] DEBUG org.apache.http.client.protocol.RequestProxyAuthentication -- Proxy auth state: UNCHALLENGED
04:23:57.108 [main] DEBUG org.apache.http.impl.client.DefaultHttpClient -- Attempt 1 to execute request
04:23:57.108 [main] DEBUG org.apache.http.impl.conn.DefaultClientConnection -- Sending request: POST /api/categories HTTP/1.1
04:23:57.108 [main] DEBUG org.apache.http.wire --  >> "POST /api/categories HTTP/1.1[\r][\n]"
04:23:57.108 [main] DEBUG org.apache.http.wire --  >> "Accept: */*[\r][\n]"
04:23:57.108 [main] DEBUG org.apache.http.wire --  >> "Content-Type: application/json[\r][\n]"
04:23:57.108 [main] DEBUG org.apache.http.wire --  >> "Content-Length: 28[\r][\n]"
04:23:57.108 [main] DEBUG org.apache.http.wire --  >> "Host: altashop-api.fly.dev[\r][\n]"
04:23:57.108 [main] DEBUG org.apache.http.wire --  >> "Connection: Keep-Alive[\r][\n]"
04:23:57.108 [main] DEBUG org.apache.http.wire --  >> "User-Agent: Apache-HttpClient/4.5.13 (Java/17.0.8)[\r][\n]"
04:23:57.108 [main] DEBUG org.apache.http.wire --  >> "Accept-Encoding: gzip,deflate[\r][\n]"
04:23:57.108 [main] DEBUG org.apache.http.wire --  >> "[\r][\n]"
04:23:57.108 [main] DEBUG org.apache.http.headers -- >> POST /api/categories HTTP/1.1
04:23:57.108 [main] DEBUG org.apache.http.headers -- >> Accept: */*
04:23:57.108 [main] DEBUG org.apache.http.headers -- >> Content-Type: application/json
04:23:57.108 [main] DEBUG org.apache.http.headers -- >> Content-Length: 28
04:23:57.108 [main] DEBUG org.apache.http.headers -- >> Host: altashop-api.fly.dev
04:23:57.108 [main] DEBUG org.apache.http.headers -- >> Connection: Keep-Alive
04:23:57.108 [main] DEBUG org.apache.http.headers -- >> User-Agent: Apache-HttpClient/4.5.13 (Java/17.0.8)
04:23:57.108 [main] DEBUG org.apache.http.headers -- >> Accept-Encoding: gzip,deflate
04:23:57.108 [main] DEBUG org.apache.http.wire --  >> "{"name":"","description":""}"
04:23:57.134 [main] DEBUG org.apache.http.wire --  << "HTTP/1.1 500 Internal Server Error[\r][\n]"
04:23:57.134 [main] DEBUG org.apache.http.wire --  << "content-type: application/json[\r][\n]"
04:23:57.134 [main] DEBUG org.apache.http.wire --  << "date: Mon, 30 Oct 2023 21:23:58 GMT[\r][\n]"
04:23:57.134 [main] DEBUG org.apache.http.wire --  << "content-encoding: gzip[\r][\n]"
04:23:57.134 [main] DEBUG org.apache.http.wire --  << "transfer-encoding: chunked[\r][\n]"
04:23:57.134 [main] DEBUG org.apache.http.wire --  << "server: Fly/7328d5b5 (2023-10-27)[\r][\n]"
04:23:57.134 [main] DEBUG org.apache.http.wire --  << "via: 1.1 fly.io[\r][\n]"
04:23:57.134 [main] DEBUG org.apache.http.wire --  << "fly-request-id: 01HE17HN20BKMY84ERHA1Y6G1A-sin[\r][\n]"
04:23:57.134 [main] DEBUG org.apache.http.wire --  << "[\r][\n]"
04:23:57.135 [main] DEBUG org.apache.http.impl.conn.DefaultClientConnection -- Receiving response: HTTP/1.1 500 Internal Server Error
04:23:57.135 [main] DEBUG org.apache.http.headers -- << HTTP/1.1 500 Internal Server Error
04:23:57.135 [main] DEBUG org.apache.http.headers -- << content-type: application/json
04:23:57.135 [main] DEBUG org.apache.http.headers -- << date: Mon, 30 Oct 2023 21:23:58 GMT
04:23:57.135 [main] DEBUG org.apache.http.headers -- << content-encoding: gzip
04:23:57.135 [main] DEBUG org.apache.http.headers -- << transfer-encoding: chunked
04:23:57.135 [main] DEBUG org.apache.http.headers -- << server: Fly/7328d5b5 (2023-10-27)
04:23:57.135 [main] DEBUG org.apache.http.headers -- << via: 1.1 fly.io
04:23:57.135 [main] DEBUG org.apache.http.headers -- << fly-request-id: 01HE17HN20BKMY84ERHA1Y6G1A-sin
04:23:57.135 [main] DEBUG org.apache.http.impl.client.DefaultHttpClient -- Connection can be kept alive indefinitely
04:23:57.135 [main] DEBUG io.restassured.internal.RestAssuredHttpBuilder -- Parsing response as: application/json
04:23:57.135 [main] DEBUG org.apache.http.wire --  << "82[\r][\n]"
04:23:57.135 [main] DEBUG org.apache.http.wire --  << "[0x1f][0x8b][0x8][0x0][0x0][0x0][0x0][0x0][0x4][0xff][0xab]VJ-*[0xca]/R[0xb2]Rr[\r][\n]"
04:23:57.135 [main] DEBUG org.apache.http.wire --  << "[0xf2][0xf][0xb2]R[0xc8]K-W([0xca]/WH[0xcb]/R(J[0xcd]I,[0xc9][0xcc][0xcf]S[0x88]QJN,IM[0xcf]/[0xca]L-[0x8e]QR([0xcb][0xcc][0xcf]I,I-VH[0xce]HM[0xce]VH[0xce][0xcf]+.)J[0xcc][0xcc]+AQ[0x18][0x9f][0x97][0x98][0x9b][0x1a][0xf]V[0x12][0xa3][0xa4][0xa0][0x11][0x1c][0xe8][0x13][0x1c][0xe2][0x18][0xe2][0xaa]`dljh[0xa2][0xa9]T[0xcb][0x5][0x0]p%[0xdd]o|[0x0][0x0][0x0]"
04:23:57.135 [main] DEBUG org.apache.http.wire --  << "[\r][\n]"
04:23:57.135 [main] DEBUG org.apache.http.wire --  << "0[\r][\n]"
04:23:57.135 [main] DEBUG org.apache.http.wire --  << "[\r][\n]"
04:23:57.135 [main] DEBUG io.restassured.internal.RestAssuredHttpBuilder -- Parsed data to instance of: class org.apache.http.conn.EofSensorInputStream
04:23:57.135 [main] DEBUG org.apache.http.impl.conn.BasicClientConnectionManager -- Releasing connection org.apache.http.impl.conn.ManagedClientConnectionImpl@6af02de0
04:23:57.135 [main] DEBUG org.apache.http.impl.conn.BasicClientConnectionManager -- Connection can be kept alive indefinitely
04:23:57.137 [main] DEBUG net.thucydides.core.steps.StepInterceptor -- STEP DONE: I POST HTTP request for add new products categories with body parameter is empty
  &amp#27;[32mWhen &amp#27;[0m&amp#27;[32mI POST HTTP request for add new products categories with body parameter is empty&amp#27;[0m               &amp#27;[90m# starter.stepdefinition.ProductCategoriesSteps.postHTTPRequestForAddNewProductsCategoriesWithBodyParameterIsEmpty()&amp#27;[0m
04:23:57.138 [main] DEBUG net.thucydides.core.steps.StepInterceptor -- STARTING STEP: ProductCategoriesSteps.receiveResponseCode500ForAddNewProductsCategoriesWithBodyParameterIsEmpty - I receive valid HTTP response 500 for add new products categories with body parameter is empty
04:23:57.139 [main] DEBUG net.thucydides.core.steps.StepInterceptor -- STEP DONE: I receive valid HTTP response 500 for add new products categories with body parameter is empty
  &amp#27;[32mThen &amp#27;[0m&amp#27;[32mI receive valid HTTP response 500 for add new products categories with body parameter is empty&amp#27;[0m &amp#27;[90m# starter.stepdefinition.ProductCategoriesSteps.receiveResponseCode500ForAddNewProductsCategoriesWithBodyParameterIsEmpty()&amp#27;[0m
04:23:57.140 [main] INFO  -- 
  _____   ___   ___   _____     ___     _     ___   ___   ___   ___  
 |_   _| | __| / __| |_   _|   | _ \   /_\   / __| / __| | __| |   \ 
   | |   | _|  \__ \   | |     |  _/  / _ \  \__ \ \__ \ | _|  | |) |
   |_|   |___| |___/   |_|     |_|   /_/ \_\ |___/ |___/ |___| |___/ 

TC28 -  Add new products categories with body parameter is empty
----------------------------------------------------------------------
]]></system-out>
  </testcase>
  <testcase name="TC29 - Get all products categories" classname="[04_Automation] - Product Categories" time="0.128">
    <system-out><![CDATA[
Scenario: TC29 - Get all products categories                             &amp#27;[90m# src/test/resources/ProductCategories.feature:32&amp#27;[0m
04:23:57.144 [main] INFO io.cucumber.core.plugin.SerenityReporter -- Running feature from file:///D:/TaksAlterra/MiniProject/MiniProject_API/src/test/resources/ProductCategories.feature
04:23:57.144 [main] WARN io.cucumber.core.plugin.SerenityReporter -- Feature from file:///D:/TaksAlterra/MiniProject/MiniProject_API/src/test/resources/ProductCategories.feature is not under the 'features' directory. Requirements report will not be correctly generated!
04:23:57.145 [main] INFO  -- 
  _____   ___   ___   _____     ___   _____     _     ___   _____   ___   ___  
 |_   _| | __| / __| |_   _|   / __| |_   _|   /_\   | _ \ |_   _| | __| |   \ 
   | |   | _|  \__ \   | |     \__ \   | |    / _ \  |   /   | |   | _|  | |) |
   |_|   |___| |___/   |_|     |___/   |_|   /_/ \_\ |_|_\   |_|   |___| |___/ 

TC29 - Get all products categories([04-automation]---product-categories;tc29---get-all-products-categories)
--------------------------------------------------------------------------------
04:23:57.149 [main] DEBUG net.thucydides.core.steps.StepInterceptor -- STARTING STEP: ProductCategoriesSteps.getAllProductsCategoriesEndponts - I GET all products categories endpoint
04:23:57.149 [main] DEBUG net.thucydides.core.steps.StepInterceptor -- STEP DONE: I GET all products categories endpoint
  &amp#27;[32mGiven &amp#27;[0m&amp#27;[32mI GET all products categories endpoints&amp#27;[0m                          &amp#27;[90m# starter.stepdefinition.ProductCategoriesSteps.getAllProductsCategoriesEndponts()&amp#27;[0m
04:23:57.150 [main] DEBUG net.thucydides.core.steps.StepInterceptor -- STARTING STEP: ProductCategoriesSteps.getHTTPRequestWithAllProductsCategories - I GET HTTP request with valid endpoints all products categories
04:23:57.151 [main] DEBUG net.thucydides.core.steps.StepInterceptor -- STARTING STEP: ProductCategories.getHTTPRequestWithAllProductsCategories - I GET all products categories endpoint
04:23:57.151 [main] DEBUG net.thucydides.core.steps.StepInterceptor -- STEP DONE: I GET all products categories endpoint
04:23:57.155 [main] DEBUG org.apache.http.impl.conn.BasicClientConnectionManager -- Get connection for route {s}->https://altashop-api.fly.dev:443
04:23:57.155 [main] DEBUG org.apache.http.impl.conn.DefaultClientConnectionOperator -- Connecting to altashop-api.fly.dev:443
04:23:57.215 [main] DEBUG org.apache.http.client.protocol.RequestAddCookies -- CookieSpec selected: ignoreCookies
04:23:57.215 [main] DEBUG org.apache.http.client.protocol.RequestAuthCache -- Auth cache not set in the context
04:23:57.215 [main] DEBUG org.apache.http.client.protocol.RequestTargetAuthentication -- Target auth state: UNCHALLENGED
04:23:57.215 [main] DEBUG org.apache.http.client.protocol.RequestProxyAuthentication -- Proxy auth state: UNCHALLENGED
04:23:57.215 [main] DEBUG org.apache.http.impl.client.DefaultHttpClient -- Attempt 1 to execute request
04:23:57.215 [main] DEBUG org.apache.http.impl.conn.DefaultClientConnection -- Sending request: GET /api/categories HTTP/1.1
04:23:57.215 [main] DEBUG org.apache.http.wire --  >> "GET /api/categories HTTP/1.1[\r][\n]"
04:23:57.215 [main] DEBUG org.apache.http.wire --  >> "Accept: */*[\r][\n]"
04:23:57.215 [main] DEBUG org.apache.http.wire --  >> "Host: altashop-api.fly.dev[\r][\n]"
04:23:57.215 [main] DEBUG org.apache.http.wire --  >> "Connection: Keep-Alive[\r][\n]"
04:23:57.215 [main] DEBUG org.apache.http.wire --  >> "User-Agent: Apache-HttpClient/4.5.13 (Java/17.0.8)[\r][\n]"
04:23:57.215 [main] DEBUG org.apache.http.wire --  >> "Accept-Encoding: gzip,deflate[\r][\n]"
04:23:57.215 [main] DEBUG org.apache.http.wire --  >> "[\r][\n]"
04:23:57.215 [main] DEBUG org.apache.http.headers -- >> GET /api/categories HTTP/1.1
04:23:57.215 [main] DEBUG org.apache.http.headers -- >> Accept: */*
04:23:57.215 [main] DEBUG org.apache.http.headers -- >> Host: altashop-api.fly.dev
04:23:57.215 [main] DEBUG org.apache.http.headers -- >> Connection: Keep-Alive
04:23:57.215 [main] DEBUG org.apache.http.headers -- >> User-Agent: Apache-HttpClient/4.5.13 (Java/17.0.8)
04:23:57.215 [main] DEBUG org.apache.http.headers -- >> Accept-Encoding: gzip,deflate
04:23:57.248 [main] DEBUG org.apache.http.wire --  << "HTTP/1.1 200 OK[\r][\n]"
04:23:57.248 [main] DEBUG org.apache.http.wire --  << "content-type: application/json[\r][\n]"
04:23:57.248 [main] DEBUG org.apache.http.wire --  << "date: Mon, 30 Oct 2023 21:23:58 GMT[\r][\n]"
04:23:57.248 [main] DEBUG org.apache.http.wire --  << "transfer-encoding: chunked[\r][\n]"
04:23:57.248 [main] DEBUG org.apache.http.wire --  << "content-encoding: gzip[\r][\n]"
04:23:57.248 [main] DEBUG org.apache.http.wire --  << "server: Fly/7328d5b5 (2023-10-27)[\r][\n]"
04:23:57.248 [main] DEBUG org.apache.http.wire --  << "via: 1.1 fly.io[\r][\n]"
04:23:57.248 [main] DEBUG org.apache.http.wire --  << "fly-request-id: 01HE17HN5DHH67BFZ9HZ8M48HC-sin[\r][\n]"
04:23:57.248 [main] DEBUG org.apache.http.wire --  << "[\r][\n]"
04:23:57.248 [main] DEBUG org.apache.http.impl.conn.DefaultClientConnection -- Receiving response: HTTP/1.1 200 OK
04:23:57.248 [main] DEBUG org.apache.http.headers -- << HTTP/1.1 200 OK
04:23:57.248 [main] DEBUG org.apache.http.headers -- << content-type: application/json
04:23:57.248 [main] DEBUG org.apache.http.headers -- << date: Mon, 30 Oct 2023 21:23:58 GMT
04:23:57.248 [main] DEBUG org.apache.http.headers -- << transfer-encoding: chunked
04:23:57.248 [main] DEBUG org.apache.http.headers -- << content-encoding: gzip
04:23:57.248 [main] DEBUG org.apache.http.headers -- << server: Fly/7328d5b5 (2023-10-27)
04:23:57.248 [main] DEBUG org.apache.http.headers -- << via: 1.1 fly.io
04:23:57.248 [main] DEBUG org.apache.http.headers -- << fly-request-id: 01HE17HN5DHH67BFZ9HZ8M48HC-sin
04:23:57.248 [main] DEBUG org.apache.http.impl.client.DefaultHttpClient -- Connection can be kept alive indefinitely
04:23:57.248 [main] DEBUG io.restassured.internal.RestAssuredHttpBuilder -- Parsing response as: application/json
04:23:57.248 [main] DEBUG org.apache.http.wire --  << "2D9[\r][\n]"
04:23:57.248 [main] DEBUG org.apache.http.wire --  << "[0x1f][0x8b][0x8][0x0][0x0][0x0][0x0][0x0][0x4][0xff][0xaa]VJI,IT[0xb2][0x8a][0xae]V[0xf2]tQ[0xb2]26460[0xd6]Q[0xf2]K[0xcc]MU[0xb2]RJO[0xcc][0xcd][0xcc]KW[0xd2]QrI-N.[0xca],([0xc9][0xcc][0xcf]S[0xb2]RJ[0xcb]/R[0x80]H)[0x14][0x94][0x16][0x15][0xe4][0x17][0xa7][0x16]+[0xd5][0xea]@[0xc]0[0xb2]472[0xa2][0xd4][0x0]SJ[\r]0[0xa3][0xd4][0x0]sJ[\r][0xb0][0xa0][0xd4][0x0]K[\n]"
04:23:57.248 [main] DEBUG org.apache.http.wire --  << "[\r]06[0xa0][0xd4][0x0]CJ[\r][0xa0]4![0x19]S[0x9a][0xe][0x8c])M[0x7][0xc6][0x94][0xa6][0x3]cJ[0xd3][0x81]1[0xa5][0xe9][0xc0][0x84][0xd2]t`Bi:0[0xa1][0xb4]<0[0xa1]4![0x99][0x98]P[0x98][0x94]M(M[0x89]&[0x94][0xa6]D[0x13]JS[0xa2][0x9][0xa5])[0xd1][0x84][0xd2][0x94]hJiB2[0xa5]4![0x99]"[0x12][0x92]_>[0xb4][\n]"
04:23:57.248 [main] DEBUG org.apache.http.wire --  << "[0xc3][0xa8][0xdd][0xf2][0xf2]K[0x14]@5[0x1c][0xb6][0xaa][0xcd][0x94][0xd2][0x84]dJiB2[0xa5]4![0x99]R[0x9a][0x90]L)MH[0xa6][0x94]&$3J[0x8b]43JS[0xa2][0x19][0xa5])[0xd1][0x8c][0xd2][0x94]hFiJ4[0xa3]4![0x99]Q[0x9a][0x90][0xcc](MHf[0x94]&$sJ[0x13][0x92]9[0xa5][0x9][0xc9][0x9c][0xd2][0x84]d[0x8e]HH[0x90]&9Fy[0x6]*[0xcb] RX[[0xeb][0xe6][0x94]&$sJ[0x8b]4sJS[0xa2]9[0xa5])[0xd1][0x9c][0xd2][0x94]hNiJ[0xb4][0xa0]4%ZP[0x9a][0x12]-(M[0x89][0x16][0x94][0xa6]D[0xb]JS[0xa2][0x5][0xa5])[0xd1][0x82][0xd2][0x84]dAiB[0xb2][0xa0]4!YR[0x9a][0xe],)M[0x7][0x96][0x94][0xa6][0x3]KJ[0xd3][0x81]%[0xa5][0xe9][0xc0][0x92][0xd2][0x12][0xc9][0x92][0xd2][0x84]dIiB[0xb2][0xa4]0!Y[0x18]P[0x98][0xe],[0xc]([0x8c]F[0xb][0x3][\n]"
04:23:57.248 [main] DEBUG org.apache.http.wire --  << "c[0xc1][0xc2][0x80][0xc2]@[0xb4]0[0xa0]4[0x10][\r]),[0xd6]-[0xc])[0xcc][0xce][0x16][0x86][0x14][0xe6]F[0xb]CJ[0xa3][0xd1][0x90][0xc2][0xdc]haHi:0[0xa4]07Z[0x18]R[0x94][0xe]@c[0xaa][0x14][0x85][0x1][0xc8][0x0][0x84][0xb][0x92][0xf3][0xf3][0xb3][0xb1][0x8d][0xca][0xc2][0x87]`[0x8d][\r][0x8d][0x91][0xd2]]2[0x8][0xe4][0x83][0x0][0x88][0x91][0xc]b[0xe4][0x93][0xc9][0xc2][0xda][0xb4][0x84]:[0x7][0xb3]m[0x9]r[0x6]"[0xf5]B[0x95]a[0x18]A[0xa6]S[0xb0]x[0x3][0xc5][0xff][0x88][0xc2][0xb][0x97][0xc5][0xa0]f1T[0xe][0xbb][0xdb][0x11]Q[0x6]U[0x86][0xe1]v[0x14][0x1b][0x11][0x89][0x94]z^J[0xc6][0xb0][0x92][0xa0][0xab][0x11]I[0x1d][0x97][0xab][0xa9][0xe7]<[0x14][0xff]#[0xca]Z\[0x16][0x13]r[0xbb][0x11][0xe1][0xd4][0x82]l#[0xd2]4[0x3][0xf5][0xbc]Dz[0x88][0x1b]![\n]"
04:23:57.248 [main] DEBUG org.apache.http.wire --  << "X\[0x1e][0xa7][0x9e][0xf3]P[0xfc][0x8f]([0x98]qYL0[0xc4][0x9][0xa7][0x16][0x14][0x1b][0x91][0xe2][0x18][0xe4]',[0x99][0x90][0x8c][0xf2][0x85][0xe4]4nD[0xb8],[0x4][0xb9][0x8e][0xc][0xa7]`[0xf1][0x10][0xb2][0xff][0x91][0xa6]T[0xc8][\r]qc[0xc2][0xa9][0x5][0xc5]F[0xa4]8[0x6][0xf9][0x9][0x8b][0x3][0xc9][0xf0]&[0xc9]![0x8e]4[0x11][0x83][0xcb][0xe3] [0xd7][0x91][0xe1][0x14],[0x1e]B[0xf1]?R[0xa9][0x8a][0xa3][0xda]#[0x94][0xc6][0x91]&Pp[0xb9][0x1d][0xd9]F[0xa4][0xe9][0x12][0xea]y[0x89][0xf4]R[0x5]i[0xd2][0x5][0x97][0xab][0xa9][0xe7]<[0x14][0xff]S^s"[0xcd]uP[0xcf][0x8d]d[0x4]![0xe1][0xc2][0x8d]z[0xce]C[0x9]B[0xa4]b[0x92][0xb8]D[0xb][0x0][0x0][0x0][0xff][0xff]"
04:23:57.248 [main] DEBUG org.apache.http.wire --  << "[\r][\n]"
04:23:57.248 [main] DEBUG org.apache.http.wire --  << "5CB[\r][\n]"
04:23:57.248 [main] DEBUG org.apache.http.wire --  << "B[0x9d]B764F[0x9a][0xa8][0x80][0xc][0xdd]a[0xcd][0xb2][0x10])[0xac][0xad][0x17][0xc2][0xf3][0xc]a[0x89]9[0xf9]E[0x89]y%[\n]"
04:23:57.248 [main] DEBUG org.apache.http.wire --  << "[0x99]%[0xa5][0xa0][0xa9][0x90]T[0x85][0x92][0xd4][0xa2][0xa4][0xc4][0xcc]ld[0xaf][0x10][0x9e], [0xca][0x18]J[0x7][0xab]-[0x8c]([0xed]G![0xb5]- [0xa1]FR[0x80][0x1a]YZ [0xb5]6[0xc8]4[0x0]Q[0xf2][0x93]i[0x0][0xa2]. [0xd3][0x0]D[0x8b][0x96]L[0x3][0x10][0xa5]1[0x99][0x6] [0xb2]$[0x99][0x6] [0xb2][0x16][0x99][0x6] [0xda][0xe][0xe4][0x19][0x80][0xd4][0x6] [0xd3][0x0]D+[0x97]L[0x3][0x10]%4[0x99][0x6]P[0x9a][0x12][0x8d])M[0x89]H[0xed][0x9]2[0xbd]@iJ[0xa4]ta[0x87][0x5][0xa5][0xb];,[0x90][0xda]%[0xe4][0x85][0x1]RK[0x85]L[0x3](J[0x89][0xc6][0x86][0xc6]H[0xab]"p5R[0xe0][0x95][0x89][0x91][0xa5][0x5][0xa5][0xcb]8,(][0xc2]`aJi5B[0xe9][0x12][0x6][0xb]J[0x97]0X M[0x1c][0x93][0x17][0xeb][0x14][0xd7][0xc5]f[0x94]V#[0x94][0xce]<[P:[0xf3]lA[0xe9][0xcc][0xb3][0x5][0xa5]3[0xcf][0x16][0x94][0xce]<[P:[0xf3]lA[0xe9][0xcc][0xb3][0x5][0xa5]3[0xcf][0x16][0x94][0xce]<[P:[0xf3]lA[0xe9][0xcc][0xb3][0x5][0xa5]3[0xcf][0x16][0x94][0xce]<[P:[0xf3]lA[0xe9][0xcc][0xb3][0x5][0xa5][0xf3][0xbe][0x16][0x94][0xce][0xfb]ZXP[0xda][0x1a][0xa0]t[0xde][0xd7][0x82][0xd2]y_[0xb]J[0xe7]}-,)[0xad][0xda]([0x9d]8[0xb6][0xa0]t[0xe2][0xd8][0x82][0xd2][0x89]c[0xb]J'[0x8e]-([0x9d]8[0xb6][0xa0]t[0xe2][0xd8][0x82][0xd2][0x89]c[0xb]J'[0x8e]-([0x9d]8[0xb6]4[0xa0]0%ZR:[0xf3]lIig[0xdf][0x92][0xd2][0xce][0xbe]%[0xd2][0xa4][0x0]Y[0xad]4K#[\n]"
04:23:57.248 [main] DEBUG org.apache.http.wire --  << "[0xbb]X[0x96]F[0x14][0x96][0x89][0x96]F[0x14][0xf6][0xd5]-[0x8d]([0xec][0xab]["[0x8d][0xf3][0x93][0x17][0x88][0x94][0xf6][0xd5]-[0x8d])[0xea]![0x19]YZ[0x1a]S[0xd8]W[0xb7]D[0x9a]/ 3[0xc][0x10][0x9][0xa9]$[0xb5][0xb8][0x84][0xc4]a/K[0xa4][0x1d][0x14]X[0xb5]#[0xf5][0xef],)[0xed]S[R[0xda][0xa7][0xb6][0xa4][0xb4]Kl[0x89]4[0xec]N^pS[0xba][0xd7][0xc1][0x92][0xd2]N[0xb2]%[0xa5]{[0x1d],[0x91]z[0xf5]d[0x86][0x1][0xa5]E[0xf][0xa5]{[0x1d],)[0x1d]([0xb0][0xa4]t[0xaf][0x83]%[0xe1][0x81]s[0xd0][0xbc][0x15]$|1[0x7][0xf0][0x8d],-)]eoI[0xe9]*{KJW[0xd9][R[0xba][0xca][0xde][0x92][0xd2]U[0xf6][0x96][0x94][0xe][0x96]XR:XbI[0xe9]`[0x89]%[0xa5][0x83]%[0x96][0x94][0xe][0x96]XR:XbI[0xe9]`[0x89]%[0xa5][0x83]%[0x96][0x94][0xe][0x96]XR:XbI[0xe9]`[0x89]%[0xa5][0x83]%[0x96][0x94][0xe][0x96]XR:XbI[0xe9]`[0x89]%[0xa5][0x83]%[0x96][0x94][0xe][0x96]XR:XbI[0xe9]2}KJ[0x97][0xe9][R[0xba]H[0xde][0x92][0xd2][0xd1][0x16]KJG[,)[0x1d]m[0xb1][0xa4]t[0xb4][0xc5][0x92][0xd2][0x91][0x6]KJG[0x1a],)[0x1d]i[0xb0][0xa4]t[0xa4][0xc1][0x92][0xd2][0x91][0x6]K[0xca]F[0x1a]@[0xf3]O[0x14]M[0xe6][0x1a][0x1b][0x18][0x18]P[0xd4][0xbf][0x3][0x19][0x80][0xe8][0xdf][0xf9]&[0xe6]&[0x92]xV[0x2][0xc8][0x0]D[0xf7][0x8c]L[0x3]([0xea][0xa6][0x83]\[0x80][0xe8][0xa6][0x93][0xe7][0x2][0xa4][0xb5][0xc6]d[0x1a][0x80][0x8]DH[0x83][0x98][0xa4]N[0xaa][0xb1][0x81][0x1]e[0xa3]- [0x3]([0x8d][0x5][0xa4][0xd1][0x16][0xf2][0xc2][0x0]i[0xb0][0x84]<[0x3][0x90][0xc6]:[0xc8]4[0x0][0x11][0xb]d[0x1a]@i "[0x8d]5[0x90][0xe9][0x2]J[0xcb][0x3][0xa4][0xf1][0x3][0xf2]\[0x80][0xd4][0xfd]'[0xd3][0x0]J[0x3][0x11]i[0xf1][0x1d]y[0x99][0x89][0xb2][0xce][0xb7][0xb1][0x81][0x1]e[0x9d]o[0x90][0x1][0x94]F#e[0xd3][0xfc][0xc6][0x6][0x6][0x94]M[0xf3][0x83][0xc]@d&[0xf2]b[0x81][0xc2][0x5][0x80][0x6][0x6][0x94][0x9d]T[0x0][0xf2][0x2]E[0xd3][0xfc] [0x3]([0x1a][0x6][0x2][0x19]@i:[0xa0]l[0x4][0xc3][0xd8][0xc0][0x80][0xb2][0x11][0xc][0x90][0x1][0x94][0xa6][0x3][0xca]F0@.@[0x14]([0xe4][0xa5]D[0xca]F0@.[0xa0]4[0x1d]P6[0x82][0x1]r[0x1][0xa2][0x89]Cf[0x18]P[0x9a][0x12])[0x1b][0xc1]060[0xa0]l[0x4][0x3]d[0x0][0xa5])[0x91][0xb2][0x11][0xc][0x90][0xb](M[0x89][0x94][0x8d]`[0x80]\@iJ[0xa4]l[0x4][0x3][0xe4][0x2]JS"e#[0x18][0xc6][0x6][0x6][0x94][0x8d]`[0x80][0xc][0xa0][0xb4][0xcf]D[0xd9][0x8][0x6][0xc8][0x5][0x14][0xad]_[0x5][0x19]@iJ[0xa4]l[0xc][0x5][0xe4][0x2]JS"ec( [0x17]P[0x9a][0x12])[0x1b]C160[0xa0]l[0xc5][\n]"
04:23:57.248 [main] DEBUG org.apache.http.wire --  << "[0xc8][0x0]JS"e+V@.[0xa0]4%Z"RbR~~6[0xd6][0x8e]oqIiJ%|[0x9e][0x15]d+[0xa2]e[0x16][0xe4][0x18][0xe5][0x1a]D[0xa4].D[0x92]s+*[0xcd],QH[0xcf][0xcf]O!R+b[0x8c][0xc1][0x90]H[0x1d][0x94][0xa6].[\n]"
04:23:57.248 [main] DEBUG org.apache.http.wire --  << "[0xc7][0x86][0xc][0xc][0x91]V[0xa1]$[0x95]f'[0xe6][0x81][0xb6][0xb8]`[0xdb]5[0x8d]o[0x1a][0xce][0xd8][0xc0][0x10]i[0x84](5'5[0xbb][0xa4](?/[0x13][0xfb]V$[0x84]4[0xe6]|[0x1e][0xc8] [\n]"
04:23:57.248 [main] DEBUG org.apache.http.wire --  << "[0xeb]_C[0xa4]c9[0x11]Va[0x8d][\r][0x84]4v[0x97] [0xd2][0x1c]Y[0xad]!C[0x3]D[0xfa]#[0xd3][0x0]DR$[0xd3][0x0]D[0x82]T[0xa9][0x86][0x18]Q[0x8b][0x11][0x14]*[0xd5]X[0xe2][0xb6][0x16])#[0x19]"[0x9d][0xf]A[0x91]1[0x88][0xd6]!%[0xc6] [0x8d][0xa3][0xb9]c?w[0xd5][\r][0xcf][0xb9][0xab][0xc6][0x6][0x86]HgEP[0xe4][0xe][0x82])U[0xa5]:%[0xb5]8[0x19]%();f[0x2][0xe4]xD[0xaa][0xf4]I,([0xc9]/[0xc0][0x88]O[0xcf][0xbc][0x92][0xd4][0x1c][0x8d] M[0x5][0xe7][0xfc][0xa2]T[0x8d][0x10]_M[0x85]LS][0xb]#S[0x83]P[0x5][0xe7][0x80]P[0x5][0x7][0x5]C=3[0x3]w[0x8f]*[0x5]C=[0xb][0x3][0x5]w[0x8f]*[0xe4][0xa8][0xa6][0xec][0x10][\n]"
04:23:57.248 [main] DEBUG org.apache.http.wire --  << "[0x90][0xfb](M[0xb3][0x94][0x1d]B[0x1]r[0x1][0x85]e[0xaa]![0xe1]S,[0x90]C[0x8c][0xb2]-w[0xc6][0x6][0x86][0x94][0xad][0xc2][0x3][0x19]@0!b[0xc9][0xe0](^ X=[0xa3][0xa8][0xa6][0xb4]XC[0x1a][0x4][0x86][0x94]I[0x18]I[0x98][0x90]{[0x91][0x8b][0xb5][0xbc][0xc4][0xdc]T[0xcc]B[0x8d][0x90][0x9][0x88]4[0x82]#[0x17][0xa1][0xf8][0x18]Qp[0x91][0xe7]`[0xa4]Ag2[\r][0xa0][0xb0][0x9]gH[0xd9][0x2];c[0x3]C[0xa4][0x5]v*[0xd5]d[0x85]9[0xe1][0xdd]pX[0xca]K[0xca]v[0xc0][0x81][0xdc]MiyDx[0xb5][0x1e]6g#[0xd2][0x17][0x99][0x11]Ni[0x92]C[0x1a][0xa2]W 5[0x11]^[0xdd][0xa7][0x80][0x9c]=[0x90][0x6][0xf3]qx[0x16]U9[0xc1][0xd2][0x86]@[0xe6][0xa5]l[0xe5][0x9e][0xb1][0x81]!e+[0xf7]@[0x6][0x10]LTX[0xd2][0x4][0xe1][0x9][0x3][0xd4]`"[0x98][0x84]P[0xe2][0x80]`z[0xd1]AVN[0xe9][0xa8][0xb7]![0xe1]}[0xf3][0x4]"[0x91][0xac][0xf3]y[0x1][0x0][0x0][0x0][0xff][0xff]"
04:23:57.248 [main] DEBUG org.apache.http.wire --  << "[\r][\n]"
04:23:57.248 [main] DEBUG org.apache.http.wire --  << "652[\r][\n]"
04:23:57.248 [main] DEBUG org.apache.http.wire --  << "B[0xf1][0x2][0xe1]J[0x0][0x9a][0x1a]aG[0xee][0x1b][0x1b][0x18]"[0xad][0x16][0xc4]U[0x8a]a[0xd1]D0l[0x9][0xf8][0x95][0xd2][0xc1]iC[0xca][0x96][0xd7][0x19][0x1b][0x18]R:8mH[0xd9][0xf2]:[0x90][0xb][0x10][0xd1][0x5][\r]aRnK[0x0][0x19]@0?[0x10][0x8a][0x5]J[0xa3][0x91][0xd2][0xc1]iC[0xca]V[0xc7][0x19][0x1b][0x18]R:[0xb6]lH[0xd9][0xea]8[0x90][0xb](m[0xfc]Q[0xb6]:[0xe][0xe4][0x2]J[0x13][0x12][0xd2][0xea]8[0xac]K[0xf5][0x9]$#JG[0x96][\r][0x91]F[0x96][0x11]#[0x10]X[0xab]h[0x84]4[0xd6][0x1][\n]"
04:23:57.248 [main] DEBUG org.apache.http.wire --  << "[0xa4]5r[0x8][0x95]d[0x19]Di[0x7][0x2]ik#[0x85].A[0xf4]n[0xc9]+%[0x90][0x16][0xdd][0xf9][0xa6][0x16]%g`[0x4]GpIQbevfJ[0xb1][0x82]ob^fb[0xb2]BH~i[0x91][0x82][0x91][0x81][0x91]1r[0xe5][0x82]4[0xe2]IN[0x1a][0xa1]l[0xd5][0x9a][0xb1][0x81]!e[0xab][0xd6]@[0x6]P[0x98]K[0x8c][0x90][0x6][0xf4][0xc8][0x8a][0x9]#[0xa4]q82[\r][0xa0]0-[0x18]Q:[0xfe]fD[0xd9][0xc1][0xaa][0xc6][0x6]F[0x94][0x9d][0x8b][\n]"
04:23:57.248 [main] DEBUG org.apache.http.wire --  << ":[0xdf][0x88][0xb2]~[0x9f][0xa1]1[0xe1][0xdd][\r][0xc4][0x1d]LD[0xa9];[0x90][0xb6]([0x90][0x9e][0xa1][0xc][0x8d])nA![0xcd]DQXBQ[0xda][0x8a]@[0xda]?LzH[0x18][0x18]R[0xb6][0x9a][0x14][0x94]&),[0xec][0x8d][0xc](.Z(l[0xc9][0x19]![\r][0x11][0xe6][0xe4][0xe4]`[0x14][0xf1] 1D[0x9b][0xdf][0xc8][0x10]a]NNNNA[0x81]9&[0x0]IP[0x8c][0xb3][0xb1][0x81]R[0x2] [0x3][0x1b] [0xe8]%D"[0xc4][0xea][0xfd][0xe4][0xbc][0x94][0xec]D[0xa4][0xfa][0xcc][0x8]i[0x90][0x92][0xac]1s#J[0x7])[0x8d][0x90][0xb6][\n]"
04:23:57.248 [main] DEBUG org.apache.http.wire --  << "[0x93][0xe9][0x2][\n]"
04:23:57.248 [main] DEBUG org.apache.http.wire --  << "[0x87][\r][0x8c]([0xdb]*ll`dDa[0xdb][0xd7][0x88][0xd2][0x81]O#[0xca][0xf6][0x1a][0x83][0xbc][0x80][0xc8][0xb][0xe4]U[0xca][0x94][0xed]5660[0xa2]t([0xd4][0x88][0xb2][0xbd][0xc6] [0x17]PZ[0x0]"[\r][0x85][0x92][0x17][0x88][0x84]GB[0xf1][0xf7]A[0x8c]([0x1d][0x15]5BZBL[0xa6][0x17]([0xad][0x4]([0xdb][0xc3][0xc][0x8a]FD[0x19]H[0x9e][0x17][0x90][0x86]-[0x9][0x9e][0xca]el`D[0xe9][0xa0][0xa1][0x91][0x9][0xa5][0xe][0xa6]t[0xb9][0xae][0x11][0xd2]r]b|[0x8c]t[0x6][0x17][0xf5][0xe][0x0][0xc5][0xbe]([0x0][0xea][0x1c]l[0xdd]\#[0xa4]%[0xbe]Pe[0x18][0xd5]#[0xf5][0x9c][0x87]\iR:HjD[0xe9] [0xa9][0x11][0xd2] ).[0xaf][0x83]J[\n]"
04:23:57.248 [main] DEBUG org.apache.http.wire --  << "[0xa8][0x1c][0xf6][0xd0][0xa3]4[0xa3][0x12][0xee]A[0x80][0x9c][0x0][0xc9][0x82]X][0x80][0xb4][0xba][0x98][0xf4]x[0xca][0xcf]O[0x6]A[0x10][0x1][0xa2]Q1F:[0x0][0xb9][0x4]_` [0xad]S[0x86]*[0xc3]0[0x2][0xec]D[0xc8][0x1][0xcd]H[0xc7][0xff][0x83][0x8f]_[0xc6]  jI%[0x91][0x8d]ANnH]$\[0x8e]#[0xe8]?D[0x1b][0x89]l#([0xed]u#[\r]5[0xe3]\[0xaa]U[0x94][0x9a][0x98][0x92][0x99][0x97][0x8e]=[0xb9] [0xe6]V([0xea][0xa9][0x19]!-[0x87].[0xce]M,*)[0xc8][0xc8][0xcf]K[0xc5][0x88]oP[0x90]&[0xa5][0x96][0x94][0xa4][0x16])[0xa4]V[0x14][0xa4][0x16]e[0xa6][0xe6]%[0xa7][0xa2]D[0xb][0xa5]M&[0xca][0xb6]u[0x1b][0x1b][0x18]Q:[0xee]lDxQ4[0xb2][0x87])[0x1d][0xa5]6"<J[0x8d]b[0x1d][0xa5][0x9][0x8e][0xf0]rg[0x14][0xeb][0x10][0xc9][0xb]RfaM[0x11][0x10])[0xac][0xe9][0x93][0xf0][0xda]f[0x14][0xeb](M=[0x84][0x87][0x9b][0x91][0xad]C[0x1a][[0x86]x[0x81]T[0xdf]![0x8d])[0xe3]0[0x0][0xc5]:J[0x9b][0xd2]H[0x3][0xc7]8[0xac][0x3][0xe5]O[0x88][0x14][0xd6][0xd8] |&[0x1e][0x8a]{[0x11]=8[0xf2]:[0xa1]H[0xc3][0xcb]8[0xc]@[0xb1][0x8e][0xd2][0xc8]GZ;[0x8c][0xc3]:[0xfc]K[0xdd][0x8c][0x90][0xd6][0xe][0xe3]0[0x0][0xd9][0xbd]H[0xa3][0xde][0xe4]V[0x1f][0x94][0x9d]Mgl`[0x84]4[0xf2]M[0xb6][0x1b][0x10]M[0x1e][0xb2][0x8d]@[0xc4][0x1c][0xd9]F [0x9a][0xfb]d[0x1a]a[0x8c][0xb4]6[0x97]l#[0x10][0x3][0xb7]d[0x1b][0x81][0xc8][0xe4]d[0x1b]Aq[0xbb][0xc4][0x18][0xe9][0x96]4[0x1c])[0x19]V0F[0x9a][\r][0xc0]a[0x0]RV0[0xa6]t[0x90][0x13][0xf9]f)[0xb2]v[0xb8][0x1a][0x1b]"[0x82][0x9d][0xa2]v[0x90]1[0xa5]KN[0x8d])[0xbb][0xd9][0xcc][0xd8][0xc0][0x18]iQ)[0x85]^[0xa1][0xb0][0xf2]66D[0x14][\r][0x90]J[0x85][0xc4][0xfa][0xd1][0x18]i0[0x99]L[0x3][0x10][0xc5][0x2]y[0x6] [\r][0xe5][0x92]i[0x0][0xa2]H [0xd3][0x0]D[0xca]$[0xd3][0x0]Dq@[0xa6][0x1][0x14][0xb6][0x19][0x8d])[0x1d][0xca]5[0xa6]t([0xd7][0x18]i([0x97][0xb2]<[0x81]t"[0x2][0x85][0x6]Q[0x9a]2)[0x1d][0xda]5[0xa6]th[0xd7][0x98][0xd2]U[0xae][0xc6][0x94][0xe][0xed][0x1a]S82kh[0x8c][0xd4]}&/oP:[0xb8]l[0x8c]46[0x1c][0x92]Z[0x94][0xaa][0xe0][0x93]Y[0x99][0xaa][0xe0][0x94][0x8f]e[0xd7]UANb[0xa5]BFb[0xb1]B^[0xbe]BNfnf[0x9][0xf2][0x2]=c[0xa4][0x85][0xb3][0x94]%L[0xa4][0xa1][0xe2][0x1c][0xec][[0x1e]B2R[0x15][0xd2][0xf3][0x13]s[0x14]2[0x8b][0x15]J[0xf2][0x15][0xd2]2[0xf3]R[0x14]2[0xf3][0xd2][0xf2][0x8b]r[0x13]K2[0xf3][0xf3][0x14][0xf2]RSSP[0xdd][0x86]H[0xeb][0x94][0xb9][\r]i[0x99]-[0xb5][0xdc][0x86][0xb4][0xfa][0x96]B[0xb7]![0xca]iBn#*[0xd0][0x90][0x8e][0xdc][0xa4][0x8e]y[0x88]R[0x9c][0x8c][0x99]pc[0xa4][0x13]<[0xc8][0xd2][0x8e]h[\n]"
04:23:57.248 [main] DEBUG org.apache.http.wire --  << "P[0xc7]7[0x88].[0x3]E[0xd9][0xc6][0x4][0x91]4[0xc9][0xf1][0x16][0xd2]$[0x1]Y[0xda][0x11][0x8d][0x3][0xb2][0xb4]#[0x92][0x1c]Y[0xda])m[0x18] [\r][0xd9][0x93]e?b|[0x80][0x82]!Cc[0xa4]a{[0xb2]\[0x81]H[0x99]diG$DB[0x9][0x9b][0xd8][0xe2][0x12]i[0xe][0x80]ZF"[0xcd][\n]"
04:23:57.248 [main] DEBUG org.apache.http.wire --  << "[0x10]2[0x92][0xa8][0xc2][0x9]ih[0x9f][0x9c]@C[0x1a]|'[0xe4][0x1c]b[0x3][\r]i[0xd1]6[0xd5][0x8c]D[0xf4][0xa8]f$[0xf5]S[0xb][0xd2]x5[0xb5]\[0x89]4&[0x8d]c[0xbf][0x16][0xbc][0x9]@TjA[0x1a]3[0xa6][0x9a][0x13][0x11][0xb9][0x96]jF"[0xe2][0x86][0xbc][0xb6] [0xa5][0xc3][0xc1][0xc6][0x84][0x87][0x83][0xf1][0x8f][0xcf][0x1a]Sz[0x88][0x85]1[0xd2][0x8]1[0xe6]>&[0xe4][\r]3[0xc6][0x84][0x87][0x82][0x9][0xb9][0x15]Q[0xfa][0x93][0x19][0xdc][0x88][0xec]I[0xa6][0x1][0x88]4D[0xa6][0x1][0x14][0xa7][0x18]D[0xeb][0x83]<[0x17] [0x8d]8[0x93]i[0x0][0xa2][0x5]B[0xa6][0x1][0x88]6[0x8][0x99][0x6]P[0xda][\n]"
04:23:57.248 [main] DEBUG org.apache.http.wire --  << "A:[0xad][0x82]L[0x17]P[0x9a][0x12][0x91]F[0xd1][0xc9]t[0x1][0xa5])[0x91][0xd2]u[0xaa][0xc6]H'[[0x90]Q[0xa1][0x9b] [0x8d][0x9d][0x93][0xa5][0x1d][0x91][\n]"
04:23:57.248 [main] DEBUG org.apache.http.wire --  << "[0xc9][0xd2]Na[0x1a]4[0xa1]t[0xf5][0xbc][0x9][0xd2]x9Y)[0xc0][0x4]i[0xbc][0x9c]L[0x3](,[\r]M[0x90][0xc6][0xe0][0xc9][0x8a][0x3]DYH[0x96]vDIH[0x8e]v[0xa4]S*[0xc8][0xd2]NY[0xfa]C[0x9a]< [0xcb]v[0x8a]z[0xe6]&H[0xe3][0xfd]d[0xd9][0x8e]H8di[0xa7][0xb0][0xe8]2A[0x1a][0xe3]'[0xcb]~[0xca][0x12][0xe][0xd2][0xf8]>9[0xb6]#-[0xd4][0xa6]h[0xf4][0xc8][0x4]i[0xc1]6[0x85][0x6]![0xaa]S[\n]"
04:23:57.248 [main] DEBUG org.apache.http.wire --  << "[\r]B[0xa4]J[\n]"
04:23:57.248 [main] DEBUG org.apache.http.wire --  << "[\r]BT[0xaf]d[0x5]1"}R[0xe8][0xe]DJ%[0xcb][0x1d][0x88][0x2][0x8e][0xbc][0x12][0x1a]i179[0xf6]#[0x8d][0xf7][0x93][0xa5][0x9d][0xb2]"[0x8e][0xd2][0xb1]~[0x13][0xa4][0xb1]~[0xb2][0x9c][0x8f]H[0x8d][0xe4][0x85]>[0x85]S[0x5][0x6]&H[0x3][0xf5]d[0xba][0x0][0x91][0xfe][0xc8]4[0x80][0xd2][0x14]H[0xd9][0xe5][0xce][0xc6][0x6]&H[0xe3][0xef]$x[0x1][0x0][0x0][0x0][0xff][0xff]"
04:23:57.248 [main] DEBUG org.apache.http.wire --  << "[\r][\n]"
04:23:57.250 [main] DEBUG org.apache.http.wire --  << "1C1[\r][\n]"
04:23:57.250 [main] DEBUG org.apache.http.wire --  << "B[0xec][0xe]2A[0x1a]m'[0xd3][0x0]J[0x9b]zH[0xc3][0xea]d[0xba][0x80][0xb2][0x94]hh[0x80][0x14][0xb][0xb8]Vx[0xa0][0x4][0x19][0xa2][0xf8]$[0xd3][0xc1][0x88][0x2][0x94]L[0x3](M[0xb8][0x94][0x9e][0xbd]m[0x82]4JO[0x9e][0x17][0x90][0xc6][0xe9][0xc9]4[0x0]Q|Ri[0xbc][0xc9][0x4]i[0xc1]?5F[0xd9]L[0x90]V[0xee][0x93][0xe9]G[0xca]R[0xb6][0x81][0x9][0xd2][\n]"
04:23:57.250 [main] DEBUG org.apache.http.wire --  << "|[0xaa][0x5][0x12]"[0xf1]R[0xcd]HJ[0x93]3[0xd2][0xb1]&d[0x6]4[0xa2][0xcd]J-O![\r][0xf0][0x93][0xe7]&[0xa4][0x11]}[0xcc]m[0xfc][0xf8][0x87][0xf2]L[0x90][0xf6][0xb]S[0xcd]?[0x94][0xa6]E[0xa4][0x99]}[0xaa][0xb9][0x89][0xfa]i[0x11]i[0xd5]<[0x99][0xd1]Fi[0x9b][0x80][0xd2][0xf5][0xf2]&H[0xf3][0xf][0xe4]y[0x1]i[0xbd]<[0xb5]b[\n]"
04:23:57.250 [main] DEBUG org.apache.http.wire --  << "i[0x2][0x83]L7!zQd[0x1a]@i[0xfa]E[0x9a]3![0xd3][0x5][0x88][0xd4]J[0xa6][0x1][0x94][0x96][0x93]HG[0xbf][0x90][0xe9][0x2]D9I[0x9e][0x1][0x94][0xce][0xc8][0x98]P:#c[0x82]4#C[0xad][0xc4][0x8d]4GCf[0xa8]P[0x9a]6[0x91][0x8e]w [0xd3][0x5][0x94][0xa6]MJ[0xf][0x1a]7[0xa1][0xec][0xb2]6c[0x3][0x13][0xa4][0xcd][0x2]d[0xad]86A:[0x99][0x2][0xc7][\n]"
04:23:57.250 [main] DEBUG org.apache.http.wire --  << "i[0xfc]K[0xac]M[0x90][0xf6][0xf][0x90][0x17][0xb][0x84]w[0xf] [0xf7]C([0x9d]f1!|L[0xf][0x8a]u[0x94]&[0x11][0xc2]7[0xc9][0xa1]XGi=[0x8a]4[0x81][0x82]#6[0x90][0xac]3E[0x9a]/[0xc1][0xa1][0x1a][0x93][0xcb][0x94][0xd2][0x3][0x83]L[0x9]_g[0x8f][0xe2]^D}HVj7[0xa5]t~[0xc3][0x94][0xd2][0xd3][0x81]L[0x91][0xe6]7[0xc8][0xc]r[\n]"
04:23:57.250 [main] DEBUG org.apache.http.wire --  << "[0x93][0x88])[0x85][0xe7][0x13][0x19][0x98]"[0xcd]r[0x90][0xe7][0x5][0xa4][0xb3][0xb8][0xc9]4[0x80][0xc2][0xe1][0x17]SJ[0xb7]G[0x98]R[0xba]=[0xc2][0x14]i[0xba][0x84][0xcc]0[0xa0][0xb0]d2[0xa5]t[[0x84])[0xd2][0x94][0x9][0x99]^[0xa0][0xb0]ae[0x8a]4mB[0x9e][0xb][0x90][0xe6];[0xc8]4[0x0][0xd1][0x88]![0xaf]DB[0xda]S@[0xa6][0x1][0x94][0x96][0x7]H[0x13][0x2][0xe4][0xb9][0x0][0xba][0x82][0x1f][0x0][0x0][0x0][0xff][0xff]"
04:23:57.250 [main] DEBUG org.apache.http.wire --  << "[\r][\n]"
04:23:57.250 [main] DEBUG org.apache.http.wire --  << "6A9[\r][\n]"
04:23:57.250 [main] DEBUG org.apache.http.wire --  << "JU[0xb2]R"/[0x10][0x91]F[0xf5][0xa9]1[0x4]e[0x8a]4FN[0x1d][0xf3][0x10][0xe9][0x94]*[0xe6]![0x1d]BB^[0x80]![0x8d][0x1e][0xe7][0x96][0x16][0xe3][0xb8]s[0x3],[0x83]m[0xff][0xac])[0xa5]g)[0x9b]Rz,[0x8a])[0xd2]2n2C[0x80][0xc2]^[0xa1])[0xa5][0x83][0xc1][0xa6][0x94][0xe][0x6][0x9b]R:[0x18]l[0x8a]t[0xb2][0xb]y[0x81][0x88]4[0xf4]K[0xa6][0x1][0x88][0xf6][0x18][0x99][0x6] [0x8a]O2[\r][0xa0]pZ[0xc2][0x14]i[0xd9]6[0x99].[0xa0]4%R:[0x8e]k[0x8a][0xb4]P[0x9b]</P:jk[0x8a]4jK[0xa6][0xb](m[0xd0]![0x8d][0xfd][0x92][0xe9][0x2][0xca]R[0xa2][0xa1]1[0x85][0x87]e[0x1b][0x1a]S8[0x82]ih[0x8c]4[0x82]IN[0x18][0x18][0x1a]S:^i[0x8a]4[0xda]M[0x8e][0xb][0xc]L)[0xc]D[0x3]SJG[0xb2]M[0xcd](mNQ:[0x92]mJa:00[0xa5]0[0x1d][0x18][0x98]R[0x9c][0xe][0x8][0x1f][0x6]C`\[0x81][0xd2]#[0xcb]M)[0x1d][0xb7]6[0xa5][0xf4][0xc8]rS[0xc2]G[0xc6][0x10][\n]"
04:23:57.250 [main] DEBUG org.apache.http.wire --  << "[0x3]JS"[0xe1]Sd[0x8][0xb8][0x80][0xd2]qkSJ[0xc7][0xad]M[0x91][0xc6][0xad][0xa9][0xd2][0xf2]F[0x1a]2[0xa6][0x8e]y[0x88]8[0xa2][0x8a]yH[0xa3][0xb1]8[0xcc][0xa3][0xe4][0xa2]/S[0xa4][0xb1]Z[0x9a][0x18][0x8f]h[0xe][0xd2][0xc4]xD[0x15]M[0x13][0xe3][0x11]MI[0x9a][0x18][0x8f][0x18][0xaf][0xa1][0x89][0xf1][0x88]f([0xe][0xe3][0x91][0x7]R[0x9][0xf][0x13][0xe3]/[0x1a][0xcc][0x8][0x8f][0x1c]#YgF[0xe9]0[0xb1][0x19][0xe1]abB[0xee]E$M[0xb2]Z&f[0x94].[0xad]7[0xa3]t[0xe8][0xd9][0x8c][0xf0][0xd0]3J[0x90]#[0xd2][0x3][0x99][0x1e]F[0x14]m8[0xc]@[0xb1][0xe]1D[0x82]C5[0x81][0x8]"<[0xa8][0x8c]l[0x1d][0xd2][0x8]2[0x8e][0xd4]N[0xd2][0xd6]@3[0xa4][0xe1]\[0xea][0x98][0x87][0x8]}[0xaa][0x98][0x87]4[0xd0]I[0x1d][0xf3][0x10][0xd9][0x81]:[0xe6]![\n]"
04:23:57.250 [main] DEBUG org.apache.http.wire --  << "7[0xc7][0x9c][0xc4][0x12][0x85][0x90][0xd2][0x9c][0xcc]b[0x8c]cvB[0xf3]JJ[0xb3][0x15][0x12][0xf3][0x12][0xb3][0x15][0x8a]S[0xb3][0xf3]s[0x12]3[0x90][0xe3][0x14][0xe9]L[0x13][0xb2][0xcd]@Z[0x9d]L[0xbe][0x19][0x88][0xbe]([0xf9]f[0x10][0xac][0xaa]HK[0x9f]H[0xc7]jP%[0xbe][0x90]V[0xd0][0x92]5[0xeb]k[0x86][0xb4][0x82][0x96]:[0xe]B[0x4][0x18][0x99][0xe]"X{[0x93][0x16][0xe2][0x94][0x8e][0xf][0x9a][0x11][0x1e][0x1f]DN[0xfc]H[0x83][0x81]T[0x9]O[0xa4]U[0x98][0xd4]1[0xf][0x91][0xc1][0xa9]c[0x1e][0xa5][0xf5][0x5][0xe1]1+[0xe4][0xe0]E[0x1a][0xa0][0xa2][0x8a][0xf3][0x91][0xb6][0xf9]S[0xc7]<*[0xd7][0x17]Hc[0x8]Tq[0x1f]R[0x87][0x9e][0xac]9"3J[0xfb][0xe3]fH[0xfd]q2][0x80]h[0xcf][0x90]W[0xc2] u[0xa7][0xc9]3[0x0][0xa9];M[0xa6][0x1][0x88][0xd5][0xdf]d[0x1a][0x80][0xa8][0xda][0xc8]4[0x80][0xca][0xed][0x6][0xa4][0xa3]U[0xc9]k6R[0xba][0x2][0xcb][0x8c][0xd2][0x15]XfH+[0xb0][0xc8][0xf3][0x2][0xa5][0x9b][0xe7][0xcd][0x90][0x6][\r][0xc8]t[0x1]"V[0x9d]J[0xb3]K1[0xda]mN[0x89][0xc9][0x89][\n]"
04:23:57.250 [main] DEBUG org.apache.http.wire --  << "I[0xa5][0xd9][0xa5][\n]"
04:23:57.250 [main] DEBUG org.apache.http.wire --  << "[0x95][0xa5][0xd9][0x8a][0xc8][0xe5]*[0xd2]j,2[0xb6]S[0x99]![0xad][0xc5]"K;[0xa2]R"K;[0xa2][0xd0]%K;[0xa2]@!3[0xd8][0x11]u [0x19][0xf6][0x9b]#u[0xc1]q[0x94][0xf1]H1e[0x8e][0xd4][0x83]&[0xcb]2D[0x12]!K;[0xa2]y[0x87][0xc3][0xad][0x94][0x8c]k[0x99]#[0xf5][0xad]q[0x18][0x8f][0x12][0x14][0x14][0xc5][0xbb][0xb9][0x1]"[0xde][0xc9][\n]"
04:23:57.250 [main] DEBUG org.apache.http.wire --  << "[\n]"
04:23:57.250 [main] DEBUG org.apache.http.wire --  << "[0xca]b[0x1d][0xa9][0x9f]L[0x8e][0xed]H[0x1d]g[0xb2][0xb4]#*[0x10][0xb2][0xd2][0xbc]9[0xd2][0xc2]+[0xb2][0xec]G[0xa4]#[0xb2][0xb4]#:[0x9]di[0xa7][0xa8][0xbc]17D[0xc4]<y[0x81][0x87]4[\n]"
04:23:57.250 [main] DEBUG org.apache.http.wire --  << "@[0xa6][0x1][0x94]F[0x9f][0x11]e[0xc5][0x0][0xd2]m\[0xe4][0x84]?[0xd2][0x1][0xae]di[0xa7],[0xfa][0x90][0xe]o%[0xc7]v[0xa4][0xa1][0x9][0xb2][0xb4]#[0xda]~diG[0xc4]<Y[0xda][0x11][0xf1]N^[0xca][0xa3]t[0xdf][0xb3]9[0xd2][0x9a].2][0x80]([0xf5][0xc9]j[0xfb][0x9a]#[0x9d]HJV[0x10]"r?9[0xf6][0x1b][0x1a]S8[0xb5]mh[0x8c]4[0xb5][\r]^[0x1b][0x86][0xd1][0xce][0x3][\r][0xd1][0x82]e[0xb0][0xac][0x1a]34F[0xea][0x3][0x82][0x15][0x91][0xa4][0xdd][0xc0][0x9c][0xd2][0xe5][0xa6][0xe6]H[0xe3][0x83][0xe4][0x4][0xa0][0x81]9[0xd2]BG[0xf2][0xc]@[0x1a]5#'[0x5] [0x8d][0x99][0x91][0xa5][0x1d][0x91][0x85][0xc9][0xcb][0x1]H[0xab][0x6][0xc9][0xb2][0x1f]Q[0xf7][0x92][0x19]|[0x94][0xd5][0xbe][0x94][0xae][0x19]4[0xa7]tH[0xcf][0x1c]iH[0x8f][0xbc][0x10]@[0x1a][0xe5]#'[0x6][0x90][0x16][0xfc][0xe1]h[0xe6][0x92]4[0xc6]i[0x8e]tp*[0x99][0xfe][0xa1],F[0x91][0xd6][0xde]Q[0xc7]?[0x88]"[0x96]*[0xe6]![0x9d][0xf]J^[0x8e]C[0x1a]&$[0xd3][0x0]D[0x0][0x93][0x17]CH[0xb][0xaa][0xc8]4[0x0]Qm[0x92][0xe9][0x5]D[0xa4][0x90]g[0x0][0xd2]X&[0x99][0x6] [0x9a]Nd[0x1a]@i[0xeb][0x87][0xd2][0xe5]L[0xe6]H[0xa3][0x9f]dz[0x1][0x11][0x8d][0xe4][0xa5][0x3]Jw[0xd1][0x9a]#[0x8d]~[0x92][0xe7][0x5]J[0x17][0x13][0x99]S[0xba]c[0xd5][0x9c][0xd2][0xc3]F[0xcd][0x91][0x96][0x1f][0x91][0x19][0x6][0x88]h$[0xd3][0x0][0xc4][0xe0][0x5]y[0xe9][0x0]i[0xb8][0x93]<[0x3][0x90][0x86];[0xc9]4[0x80][0xd2][0xec][0x8c][0xb4][\n]"
04:23:57.250 [main] DEBUG org.apache.http.wire --  << "[0x8a][0xbc]@D[0xda][0xb1]J[0xa6][0x17][0x10]M)2][0x80][0xa8][0x17][0xc8]4[0x0][0xd1][0x17]&[0xd3][0x0][0x82])[0x11]y[0xc8][\r][0xe9]`Pr[0xe7][0xd4]-[0x90][0xc6];[0xc9]7[0x83][0xc2]6[0xb4][0x5][0xd2][0x11][0x9d]8[0x9a][0x18][0x94][0xc]dZ [0xad]2[0xc2]a<R[0xa8]Z [0xad][0x8][0xc2][0xa1][0x9a]2[0xc7] [0xa2][0x18][0x87][0xf1]([0x8e]A[0xd4][0xf3]8TS[0xe4][0x18][0xa4]qO[0x1c][0xc6]#;[0x6][0xe9](L[0x1c][0xaa])s[0xc][0xa2]A[0x80][0xc3]x[0x14][0xc7] 2+[0xe][0xd5][0x94]9[0x6][0x91][0x95]q[0x18][0x8f][0xe2][0x18]D[0x5][0x80]C5e[0x8e]![0x98][\n]"
04:23:57.250 [main] DEBUG org.apache.http.wire --  << "[0x90][0x1d][0x83]tn%-[0x1c][0x83][0xb4][0xbb][0x13][0x87][0xf1]([0x8e]A[0x14][0xca]d[0x97]/H[0xbb]9[0xc9]7[0x3][0x11]Cd[0x9b][0x81]4[0xd8]H[0xbe][0x19][0x88][0xb2][0x92]|3[0x10]aJV5c[0x81]4n[0x88]#[\n]"
04:23:57.250 [main] DEBUG org.apache.http.wire --  << ")J[0xae]H[0xa3][0x8a]8[0x8c]GN!H#[0x80]8TS[0xe6][0x18][0x12][0xf2][0x8e][0xa1]1[0xa5]+*,[0x90]v[0xa1][0xe2][0xf0][\r][0xb2][0xdf])[0xdd]3jA[0xe9][0x9e]Q[0xb][0xa4][0xf1][0x1f]2[0x6]O,L[0x10][0xb5][0x19]yI[0x11]i[0xf8][0x88],[0xfb][0x11][0xb1]K[0x9e][0xfd]H[0x83]Gd[0x1a][0x80]h8[0x93][0xe3][0x1]Jw[0x8b]Z [0xad]I#[0xcb]~J[0xcb][0x12][0xa4]s[0x1][0xc9][0xb2][0x1f]Q[0xcf][0x92][0xa5][0x9d][0xd2][0xf4][0x87][0xb4]O[0x94],[0xfb])MH+[0xee][0xc8][0xb1][0x1f]i[0x9][0x1e]Y[0xda][0x11][0xb5][0x11]Y[0xda][0x11]-6[0xd2][0xb5][0x1b][0x1a][0x13][0x1e]A.+[0x91][0xb6]A[0x92]n[0x99][0x81][0x5][0xd2][0x98][0x1d]Y[0xda][0x11][0x9][0x8d],[0xed][0x94][0xa6][0x13]J[0xc7][0xeb],([0xdd][0xbf]hA[0xe9][0xfe]E[0xb][0xa4][0xa9].[0xf2][0x8a]ZJ[0x7][0xfc],[0x90]jw[0xb2][0x1b]_[0x94][0xee]@[0xb4][0xa0]t[0xcc][0xcf][0x2]i[0xc0][0xc][0xd7][0x19][0xc3][0xa0]9G[0xa8][0x1c][0x96]YG[0x3][0xb][0xa4]!3[0xa8]2[0xac][0xf3][0x8e]P9[0xec]F [\n]"
04:23:57.250 [main] DEBUG org.apache.http.wire --  << "n[0xa8]2[0xd2][0x8d]@[0xe4])[0xb2][0x8d]@4[0xeb][0xc9]6[0x2][0x91]5[0xc9]5[0x2]i[0xf4][0x8d]l#[0x10][0xcd][0x8][0xb2][0x8d]@[0x14][0xe6]d[0x1b][0x81]h[\r][0x90]m[0x4][0xe1]HE.[0xd5][0x91][0xc6][0xb0]p[0xd9][0x88][0xa2][0x9c]pd!)[0xb7]D[0x1a][0xdd]"[0xc2]tK[0xa4][0x1d]u[0xc9] [0x90][0xf][0x2] F2[0x88][0x91]O&[0x8b][0xd4]|a[0x89][0xb4][0xaa][0x90]L+[0xb1]9[0x97]tg j[0xf7][0x1]u[0x6]R[0x9a][0x4][0xb9][0x3][0x9b][0xdf]H[0x17]#=4[0x10][0xe3]M[0xb8][0x92][0x12][0xc8]u[0x14][0xa5][0x14][0xb8]7P[0xd2]0RA[0xb][0xb2][0x1][0xae][0x88]"[0xab]H[0xf7]?[0xe1][0x9c]G[0xa0][0xd6][0xb1][0x4][0x8d]6[0x2][0x0][0x0][0x0][0xff][0xff]"
04:23:57.250 [main] DEBUG org.apache.http.wire --  << "[\r][\n]"
04:23:57.250 [main] DEBUG org.apache.http.wire --  << "DE[\r][\n]"
04:23:57.250 [main] DEBUG org.apache.http.wire --  << "[0x82][0x1e]iE[0xd6][0x8][0xbf]%[0xd2]:K2[\r]@[0x14][0x91]d[0x1a][0x80][0xc8][0x13]dm[0x98][0xb0][0xa4][0xf4][0x84]:KCDr[0xc0]1[0xc0]@[0xd2]r[0x5]KJ[0xd7]OZR[0xba]~[0xd2][0x12]i[0xbc][0x92][0xbc]0EZ?IV[0xc3][0xd2][0x12]i[0x5]%[0x99][0x6] [\n]"
04:23:57.250 [main] DEBUG org.apache.http.wire --  << "[0x7][0xaa]D[\n]"
04:23:57.250 [main] DEBUG org.apache.http.wire --  << "[0xd2][0xaa],[0xf2][0x1c][0x84]4TI[0xa6][0x1][0x88][0xf6][0x8][0x99][0x6] [0xb2][0x1a]U[0x82][0x4]i[0xcc][0x92]L[0x7]![0x1a]&d[0x1a][0x80]hkR[0xc5]GH+[0xd7][0xc8]s[0x10][0xe1][0xb1]F[0xd2][0x8a][0x2]J[0x7][0x13]-[0x91][0x6][0x13][0xc9][0xf4][0x11]"[0x88][0xc9]4[0x0]QK[0x91]g[0x0][0xd2]x U"[0x19]ix[0x8e]:[0xe6]![0x8a]2=Hi[0x10]Sz0[0x9a]%[0xd2][0x98][0x15]y^[0xa0]t[0x5][0x99]%[0xa5]+[0xc8],[0x91][0xc6][0xa2][0xa8][0x12][0xab]H[0x8b][0x88][0xa9]b[0x1e][0xa5][0x83]=[0x96]H[0x83]=[0xd4]q[0x10][0xa2][0x82]$/[0xce])[0x1d]v[0xb1]$s[0xd8][0x5][0x0][0x0][0x0][0xff][0xff]"
04:23:57.250 [main] DEBUG org.apache.http.wire --  << "[\r][\n]"
04:23:57.251 [main] DEBUG org.apache.http.wire --  << "44F[\r][\n]"
04:23:57.251 [main] DEBUG org.apache.http.wire --  << "[0xd2][0xa9]V[0xf2]tQ[0xb2]26[0xb0][0xa4]t[0xa9][0x95]%[0xd2]R+[0xaa][0x84])[0xd2]8[0x10]u[0xcc]CT[0x90]T1[0xf]iT[0x84][0xbc]8[0xa7]tI[0x91]%[0xd2]FJ[0xea][0xf8][0x8][0x11]Bd[0xfa][0x8]Q=Q[0xc1]A[0x86][0x6]HkU[0xc8]q[0x90][0xa1][0x1][0xd2][0xb6];2[\r]@[0xf8][0x88]<[0x3][0x90][0x16][0x95][0x90]i[0x0]b|[0x80]L[0x3](+[0x9b][0xc][\r]([0xec][0x1][0x19][0x1a] [0xf5][0x80][0xc8][0xf3][0x2][0x85]= C[0x3][0xa4]M`d[0xba][0x80][0xb2][0xac]ah[0x80][0xb4][0x8f][0x84]<[0x17]P[0xd8][0xe5]14@:0[0x9b]L[0x17] [0x6][0x7][0xc8]4[0x80][0xd2][0x94][0x88][0xb4][0xf2][0x82]<[0x17] m[0xc6][0x1][0x8d]5Q4[0xc4][0x84][0x18][0xa8]"q[0xb0][0xc9][0xd0][0x0][0xa9]kD[0xcf][0xc1]6C[0x3][0xa4].[0x15].[0x8b][0xf1][0x8f]r[0x19][0x1a] m[0x8]"3[0xe](M[0x5]H[0xdd]0[0xb2]=AivF[0xda][0xd5]C^( u[0xc4][0xc8]4[0x0]1[0x82]A[0x95][0xba][0x16]i[0xa1][0x3][0x99][0xe][0xa2]4L[0x91][0xd6]*[0x90][0xe7][0x2][0xa4][0xc5][0x6]d[0x1a][0x80][0x8]S2[\r][0xa0][0xb4][0x88]D[0xea][0xba]y[0x97]&g[0xe6][0xa5]+[0xf8][0x17][0xa5][0xe6]a[0x14]0[0x91][0x89][\n]"
04:23:57.251 [main] DEBUG org.apache.http.wire --  << "[0x8e][0xb9][0x5][0xa5]y[\n]"
04:23:57.251 [main] DEBUG org.apache.http.wire --  << "[0x99]y[0x99][\n]"
04:23:57.251 [main] DEBUG org.apache.http.wire --  << "9[0xa5][0xc9][0xa5][\n]"
04:23:57.251 [main] DEBUG org.apache.http.wire --  << "I[0x89]y[0xe9][0xa9]%%%H'm[0x18][0x1a] [0xed][0xfe]t[0xc9]W[0xc8][0xcb]/QH[0xce][0xcf]+I[0xcc][0xcc]S(([0xca]O)M.Q[0xc8],I[0xcd][0xc5]<s[0xad]$3%1[!1%[0x11][0xae].;[0xb1]$5=[0xbf]([0x13][0xd1]c04@[0xea][0xd5][0x91][0x19]Z[0x94]6[0xae][0x90][0xfa][0xa9]d[0xba][0x0]1[0xdc][0xe0][0x92][0xaf][0xe0][0x97]_[0xa2][0x10][0x0][0x9][0x18][0x8c][0x10]'.H(\[0xc6]`h[0x80][0xd4]1%[0xcf]G[0x14][0xae]B04@ZD@[0xa6][0xb][0x10]aJ[0xa6][0x1][0x94][0x16]$H[0x87].[0x91][0xe7][0x2][\n]"
04:23:57.251 [main] DEBUG org.apache.http.wire --  << "[0xfb][0xc2][0x86][0x6]HG[0x10][0x93][0xe9][0x2]J[0xb][0x12][0xa4]%[0x10]d[0xba][0x80][0xd2]h[0xa4][0xf0][0x90]$C[0x3][0xa4]]C[0xe4]y[0x81][0xc2]3[0x8e][0xc][\r]([0xec][0xa1][0x1b][0x1a] m[0xfa]![0xd3][0xb][0x94]6[0x96],)[0x8d]F[0xc2]w[0xd1][0x81]Z[0x8c][0x10][0xdf]aYIch@[0xe1][0xb1][0xc1][0x86][0x86]H[0xab][0x1c] [0xd6]`[0x14][0xce][0xf8]]`[0x88][0xb4][0xee][0x81]L[0x3]([0xcc][0x8d][0x86]H[t[0xc8]t[0x1][0x85][0xd1]hH[0xe1][0x15]r[0x86][0x86][0x94][0xe][0xa5][0x18]"M[0x8f][0x93][0x17][0x6]H[0xd3][0xe3]d[0x1a]@0[0x1a][0xc3][0x12]s[0xf2][0x8b][0x12][0xf3]@[0xed][0xa2]R[0x85][0xf4][0xc4][0xdc]T[0x85][0x92][0xd4][0xa2][0xa4][0xc4][0xcc]l[0xa4]v[0x8f]![0xe1]9[0xee]0[0xe2][0xcc]![0x18][0xa7][0xc4][0x19]CauiH[0xe1][0x95]l[0x86][0x86][0x84][0x7][0x88][0x88][0xf2][0x8][0xd2][0xce][0x1b][0x1c][0xf1]K[0x9c]1[0x14][0xe][0x98][0x19]R:Xd[0x88][0xb4][0xa1][0x87][0x1a]]3C[0xa4][0xb1]#[0xaa][0x98]Gx$[0x88][0xa8][0x80]6F[0x4]4u[0x9c][0x85]H[0xc8]T1[0xf]i[0xb0][0x87][0x92][0xf4][0x84]4f[0x82][0xc3][0x18][0x2][0xd5][0xf][0xe1][0x11][0x13][0xa2][0x82][0x9b][0xf0][0xf4]5q[0xc6] B[0x19][0x87]w[0x88]3[0x86]`[0xdf][0x8d](c[0x90]N'[0xc1][0xe1][0x1a][0x2][0x81]Kx[0x83][0x9]r[0xd1][0x8d]tx[0x8][0x99][0xd6][0x11][0xc]=d[0xeb]([0x9c][\n]"
04:23:57.251 [main] DEBUG org.apache.http.wire --  << "64$<[0x15][0x8c]b[0x1d][0xc1][\n]"
04:23:57.251 [main] DEBUG org.apache.http.wire --  << "[0x85]@`"[0x8d][0x17][0xe0][0x8][0x1e]d[0xeb]([0x9c][0x85]54$[0xdc][0xd9]E[0xb1][0x8e]R[0xdf][0x11][0x9e]cE[0xb6][0xe]i:[0x13]GX[0x10][0x8]L[0xc2]}@[0x14][0xeb]([0xf5][0x1d][0xd2][0xa1][0xb6][0xa4][0xef][0xe0]04D[0xea][0xad][0x91][0xa5][0x9d]`q@ [0xb4][0x90]fS[0xc9][0xb1][0x1f][0xa9][0xab]G[0x96]v[0xc4]j.[0xb2][0xb4]#[0x1a][0x96]diGT[0xa4]diG[0xf4][0x11][0xc9][0xd2][0x8e]HydiG[0x94][0x88]di[0xa7]l[0xbd][0x8e][0xa1]!R[0xf7][0x92][0xc][0xfb][0x8d][0x90]:[0x97]di[0xa7]p[0xc4][0xd8][0x8]i1<Y[0xc5][0x8c][0x11][0xd2][0xe1][0x12]d[0x1a][0x80]H}d[0x1a][0x80]Hd[0x1a][0x80]H[0x81]d[0x1a][0x80]H[0x83]d[0x1a]@a*4[0xa2][0xb4]skD[0xe9]:[0x1]#[0xa4][0xdb]h[0xc8][0xb][0x3][0xa4][0x95][0xd7]d[0x1a]@i [0x12][0xee]G[0xe2][0xaf]D[0x8c][0x90][0x16][0x1a][0x90][0xb9][0x1][0xce][0xd0][0x8]i[0xad][0x81]_>h[0xc] 3/[0x1d]c[0xc0][0x9]4[0x95][0x2]rKAiQA~q*[0xd2]B*C#[\n]"
04:23:57.251 [main] DEBUG org.apache.http.wire --  << "W[[0x1b][0x1a]Q[0xda][0xff]4B[0xea][0xe2][0x88]I[0xa4][0x96][0x87][0x11][0xa5][0xb][0xb][0x8c][0x8]_[0xe5][0x8d]b[0x1d][0xa5][0xa5][0x5][0xd2][0xb5]68|[0x7][0x8a][0x19][0x88][0x14][0xb6][0x1]I#c[\n]"
04:23:57.251 [main] DEBUG org.apache.http.wire --  << "[0xdb]*FH[0xd3][0xf7][0x10]k0[0xd2][0x7][0x1][0x17][0x10][0xee][0x11][0x12]2[0x80][0xd2]@[0xa4][0xf0]`[0x3]C#[\n]"
04:23:57.251 [main] DEBUG org.apache.http.wire --  << "[0x97][0xc9][0x1a][0x1a]Qx[0xf9][0xae][0xa1][0x11][0xa5]S[0xf0]F[0x94][0xf6]=[0x8d][0x90][0x16]?[0x93][0x97][0xe]([0x9d]s72[0xa5][0xb4][0xe2]C[0x9a]o&[0xcf][0xb]H[0xfb][0xce][0xc9][0xd9][0xdd]bh[0x84][0xb4][0xeb]9#[0x11];[0xc4][0x93][0xbd][0x0][0x0][0x0][0x0][0xff][0xff]"
04:23:57.251 [main] DEBUG org.apache.http.wire --  << "[\r][\n]"
04:23:57.251 [main] DEBUG org.apache.http.wire --  << "9B[\r][\n]"
04:23:57.251 [main] DEBUG org.apache.http.wire --  << "[0xc2][0x9a][0xc1])[0x9d][0xc2]4"[0xbc]s[0x9f]@[0xfe]$[0xdc][0xd5]$d[0x0][0xa5]u)[0xd2][0x14]&9[[0xc1][0xc][0x8d]([0xed][0xff][0x1a]Qxr[0xa2][0xa1][0x11][0xd2][0x2]`[0xf2][0xd2]&[0x85][0x17][0xc5][0x18][0x1a]![0xf5][0xa9][0xc9]t[0x1][0xc5][0xd1]Hi][0x85]4[0x85][0x89]k[0xb1][0x14]r[0xed][0x8c]4a9[0x80][0xb][0xe4][0x8c][0x90]V6[0xe3]r5[0xf5][0x9c][0x87][0xe2]D[0xc5][0x8a][0xcb]bP[0xce][0x85][0xca]a-}H[0xda][0xf2]mh[0x84][0xd4][0xa5][0x9e][0x97][0x92][0xb1][0x16][0x99]x\m[0x8c][0xd4][0xf][0x86]*[0xc3]0[0x82]z[0xce]C[\n]"
04:23:57.251 [main] DEBUG org.apache.http.wire --  << "qc[0xa4][0xc9]Y\[0x16][0x13][0x8]qc2[0xfb][0xd0][0xb1][0xb5]\[0x0][0x0][0x0][0x0][0xff][0xff]"
04:23:57.251 [main] DEBUG org.apache.http.wire --  << "[\r][\n]"
04:23:57.251 [main] DEBUG org.apache.http.wire --  << "A[\r][\n]"
04:23:57.251 [main] DEBUG org.apache.http.wire --  << "[0x3][0x0]v[0xd7]%[0x9e][0xac];[0x1][0x0]"
04:23:57.251 [main] DEBUG org.apache.http.wire --  << "[\r][\n]"
04:23:57.251 [main] DEBUG org.apache.http.wire --  << "0[\r][\n]"
04:23:57.251 [main] DEBUG org.apache.http.wire --  << "[\r][\n]"
04:23:57.251 [main] DEBUG io.restassured.internal.RestAssuredHttpBuilder -- Parsed data to instance of: class org.apache.http.conn.EofSensorInputStream
04:23:57.251 [main] DEBUG org.apache.http.impl.conn.BasicClientConnectionManager -- Releasing connection org.apache.http.impl.conn.ManagedClientConnectionImpl@5e0b7f58
04:23:57.251 [main] DEBUG org.apache.http.impl.conn.BasicClientConnectionManager -- Connection can be kept alive indefinitely
04:23:57.265 [main] DEBUG net.thucydides.core.steps.StepInterceptor -- STEP DONE: I GET HTTP request with valid endpoints all products categories
  &amp#27;[32mWhen &amp#27;[0m&amp#27;[32mI GET HTTP request with valid endpoints all products categories&amp#27;[0m   &amp#27;[90m# starter.stepdefinition.ProductCategoriesSteps.getHTTPRequestWithAllProductsCategories()&amp#27;[0m
04:23:57.267 [main] DEBUG net.thucydides.core.steps.StepInterceptor -- STARTING STEP: ProductCategoriesSteps.receiveResponseCode200GetAllProductsCategories - I receive valid HTTP response 200 for get all products categories
04:23:57.267 [main] DEBUG net.thucydides.core.steps.StepInterceptor -- STEP DONE: I receive valid HTTP response 200 for get all products categories
  &amp#27;[32mThen &amp#27;[0m&amp#27;[32mI receive valid HTTP response 200 for get all products categories&amp#27;[0m &amp#27;[90m# starter.stepdefinition.ProductCategoriesSteps.receiveResponseCode200GetAllProductsCategories()&amp#27;[0m
04:23:57.268 [main] INFO  -- 
  _____   ___   ___   _____     ___     _     ___   ___   ___   ___  
 |_   _| | __| / __| |_   _|   | _ \   /_\   / __| / __| | __| |   \ 
   | |   | _|  \__ \   | |     |  _/  / _ \  \__ \ \__ \ | _|  | |) |
   |_|   |___| |___/   |_|     |_|   /_/ \_\ |___/ |___/ |___| |___/ 

TC29 - Get all products categories
----------------------------------------------------------------------
]]></system-out>
  </testcase>
  <testcase name="TC30 - Get all products categories with invalid endpoints" classname="[04_Automation] - Product Categories" time="0.097">
    <system-out><![CDATA[
Scenario: TC30 - Get all products categories with invalid endpoints                         &amp#27;[90m# src/test/resources/ProductCategories.feature:37&amp#27;[0m
04:23:57.273 [main] INFO io.cucumber.core.plugin.SerenityReporter -- Running feature from file:///D:/TaksAlterra/MiniProject/MiniProject_API/src/test/resources/ProductCategories.feature
04:23:57.273 [main] WARN io.cucumber.core.plugin.SerenityReporter -- Feature from file:///D:/TaksAlterra/MiniProject/MiniProject_API/src/test/resources/ProductCategories.feature is not under the 'features' directory. Requirements report will not be correctly generated!
04:23:57.275 [main] INFO  -- 
  _____   ___   ___   _____     ___   _____     _     ___   _____   ___   ___  
 |_   _| | __| / __| |_   _|   / __| |_   _|   /_\   | _ \ |_   _| | __| |   \ 
   | |   | _|  \__ \   | |     \__ \   | |    / _ \  |   /   | |   | _|  | |) |
   |_|   |___| |___/   |_|     |___/   |_|   /_/ \_\ |_|_\   |_|   |___| |___/ 

TC30 - Get all products categories with invalid endpoints([04-automation]---product-categories;tc30---get-all-products-categories-with-invalid-endpoints)
--------------------------------------------------------------------------------
04:23:57.280 [main] DEBUG net.thucydides.core.steps.StepInterceptor -- STARTING STEP: ProductCategoriesSteps.getAllProductsCategoriesEndpoints2 - I GET all products categories endpoints 2
04:23:57.280 [main] DEBUG net.thucydides.core.steps.StepInterceptor -- STEP DONE: I GET all products categories endpoints 2
  &amp#27;[32mGiven &amp#27;[0m&amp#27;[32mI GET all products categories endpoints 2&amp#27;[0m                                           &amp#27;[90m# starter.stepdefinition.ProductCategoriesSteps.getAllProductsCategoriesEndpoints2()&amp#27;[0m
04:23:57.282 [main] DEBUG net.thucydides.core.steps.StepInterceptor -- STARTING STEP: ProductCategoriesSteps.getHTTPRequestWithInvalidEndpointsAllProductsCategories - I GET HTTP request with invalid endpoints all products categories
04:23:57.283 [main] DEBUG net.thucydides.core.steps.StepInterceptor -- STARTING STEP: ProductCategories.getHTTPRequestWithInvalidEndpointsAllProductsCategories - I GET all products categories endpoints 2
04:23:57.283 [main] DEBUG net.thucydides.core.steps.StepInterceptor -- STEP DONE: I GET all products categories endpoints 2
04:23:57.286 [main] DEBUG org.apache.http.impl.conn.BasicClientConnectionManager -- Get connection for route {s}->https://altashop-api.fly.dev:443
04:23:57.286 [main] DEBUG org.apache.http.impl.conn.DefaultClientConnectionOperator -- Connecting to altashop-api.fly.dev:443
04:23:57.336 [main] DEBUG org.apache.http.client.protocol.RequestAddCookies -- CookieSpec selected: ignoreCookies
04:23:57.336 [main] DEBUG org.apache.http.client.protocol.RequestAuthCache -- Auth cache not set in the context
04:23:57.336 [main] DEBUG org.apache.http.client.protocol.RequestTargetAuthentication -- Target auth state: UNCHALLENGED
04:23:57.336 [main] DEBUG org.apache.http.client.protocol.RequestProxyAuthentication -- Proxy auth state: UNCHALLENGED
04:23:57.336 [main] DEBUG org.apache.http.impl.client.DefaultHttpClient -- Attempt 1 to execute request
04:23:57.336 [main] DEBUG org.apache.http.impl.conn.DefaultClientConnection -- Sending request: GET /api/categorie HTTP/1.1
04:23:57.336 [main] DEBUG org.apache.http.wire --  >> "GET /api/categorie HTTP/1.1[\r][\n]"
04:23:57.336 [main] DEBUG org.apache.http.wire --  >> "Accept: */*[\r][\n]"
04:23:57.336 [main] DEBUG org.apache.http.wire --  >> "Host: altashop-api.fly.dev[\r][\n]"
04:23:57.336 [main] DEBUG org.apache.http.wire --  >> "Connection: Keep-Alive[\r][\n]"
04:23:57.336 [main] DEBUG org.apache.http.wire --  >> "User-Agent: Apache-HttpClient/4.5.13 (Java/17.0.8)[\r][\n]"
04:23:57.336 [main] DEBUG org.apache.http.wire --  >> "Accept-Encoding: gzip,deflate[\r][\n]"
04:23:57.336 [main] DEBUG org.apache.http.wire --  >> "[\r][\n]"
04:23:57.336 [main] DEBUG org.apache.http.headers -- >> GET /api/categorie HTTP/1.1
04:23:57.336 [main] DEBUG org.apache.http.headers -- >> Accept: */*
04:23:57.336 [main] DEBUG org.apache.http.headers -- >> Host: altashop-api.fly.dev
04:23:57.336 [main] DEBUG org.apache.http.headers -- >> Connection: Keep-Alive
04:23:57.336 [main] DEBUG org.apache.http.headers -- >> User-Agent: Apache-HttpClient/4.5.13 (Java/17.0.8)
04:23:57.336 [main] DEBUG org.apache.http.headers -- >> Accept-Encoding: gzip,deflate
04:23:57.361 [main] DEBUG org.apache.http.wire --  << "HTTP/1.1 404 Not Found[\r][\n]"
04:23:57.361 [main] DEBUG org.apache.http.wire --  << "date: Mon, 30 Oct 2023 21:23:58 GMT[\r][\n]"
04:23:57.361 [main] DEBUG org.apache.http.wire --  << "content-encoding: gzip[\r][\n]"
04:23:57.361 [main] DEBUG org.apache.http.wire --  << "content-type: text/plain; charset=utf-8[\r][\n]"
04:23:57.361 [main] DEBUG org.apache.http.wire --  << "transfer-encoding: chunked[\r][\n]"
04:23:57.361 [main] DEBUG org.apache.http.wire --  << "server: Fly/7328d5b5 (2023-10-27)[\r][\n]"
04:23:57.361 [main] DEBUG org.apache.http.wire --  << "via: 1.1 fly.io[\r][\n]"
04:23:57.361 [main] DEBUG org.apache.http.wire --  << "fly-request-id: 01HE17HN95C1QWZ5VYF0M95V69-sin[\r][\n]"
04:23:57.361 [main] DEBUG org.apache.http.wire --  << "[\r][\n]"
04:23:57.361 [main] DEBUG org.apache.http.impl.conn.DefaultClientConnection -- Receiving response: HTTP/1.1 404 Not Found
04:23:57.361 [main] DEBUG org.apache.http.headers -- << HTTP/1.1 404 Not Found
04:23:57.361 [main] DEBUG org.apache.http.headers -- << date: Mon, 30 Oct 2023 21:23:58 GMT
04:23:57.361 [main] DEBUG org.apache.http.headers -- << content-encoding: gzip
04:23:57.361 [main] DEBUG org.apache.http.headers -- << content-type: text/plain; charset=utf-8
04:23:57.361 [main] DEBUG org.apache.http.headers -- << transfer-encoding: chunked
04:23:57.361 [main] DEBUG org.apache.http.headers -- << server: Fly/7328d5b5 (2023-10-27)
04:23:57.361 [main] DEBUG org.apache.http.headers -- << via: 1.1 fly.io
04:23:57.361 [main] DEBUG org.apache.http.headers -- << fly-request-id: 01HE17HN95C1QWZ5VYF0M95V69-sin
04:23:57.362 [main] DEBUG org.apache.http.impl.client.DefaultHttpClient -- Connection can be kept alive indefinitely
04:23:57.362 [main] DEBUG io.restassured.internal.RestAssuredHttpBuilder -- Parsing response as: text/plain; charset=utf-8
04:23:57.362 [main] DEBUG org.apache.http.wire --  << "1E[\r][\n]"
04:23:57.362 [main] DEBUG org.apache.http.wire --  << "[0x1f][0x8b][0x8][0x0][0x0][0x0][0x0][0x0][0x4][0xff][0xcb][0xcb]/QH[0xcb]/[0xcd]K[0xe1][0x2][0x0][0xd4]I[0xfa]r[\n]"
04:23:57.362 [main] DEBUG org.apache.http.wire --  << "[0x0][0x0][0x0]"
04:23:57.362 [main] DEBUG org.apache.http.wire --  << "[\r][\n]"
04:23:57.362 [main] DEBUG org.apache.http.wire --  << "0[\r][\n]"
04:23:57.362 [main] DEBUG org.apache.http.wire --  << "[\r][\n]"
04:23:57.362 [main] DEBUG io.restassured.internal.RestAssuredHttpBuilder -- Parsed data to instance of: class org.apache.http.conn.EofSensorInputStream
04:23:57.363 [main] DEBUG org.apache.http.impl.conn.BasicClientConnectionManager -- Releasing connection org.apache.http.impl.conn.ManagedClientConnectionImpl@55f54852
04:23:57.363 [main] DEBUG org.apache.http.impl.conn.BasicClientConnectionManager -- Connection can be kept alive indefinitely
04:23:57.363 [main] DEBUG net.thucydides.core.steps.StepInterceptor -- STEP DONE: I GET HTTP request with invalid endpoints all products categories
  &amp#27;[32mWhen &amp#27;[0m&amp#27;[32mI GET HTTP request with invalid endpoints all products categories&amp#27;[0m                    &amp#27;[90m# starter.stepdefinition.ProductCategoriesSteps.getHTTPRequestWithInvalidEndpointsAllProductsCategories()&amp#27;[0m
04:23:57.364 [main] DEBUG net.thucydides.core.steps.StepInterceptor -- STARTING STEP: ProductCategoriesSteps.receiveResponseCode404ForAllProductsCategoriesWithInvalidEndpoints - I receive valid HTTP response 404 for all products categories with invalid endpoints
04:23:57.365 [main] DEBUG net.thucydides.core.steps.StepInterceptor -- STEP DONE: I receive valid HTTP response 404 for all products categories with invalid endpoints
  &amp#27;[32mThen &amp#27;[0m&amp#27;[32mI receive valid HTTP response 404 for all products categories with invalid endpoints&amp#27;[0m &amp#27;[90m# starter.stepdefinition.ProductCategoriesSteps.receiveResponseCode404ForAllProductsCategoriesWithInvalidEndpoints()&amp#27;[0m
04:23:57.365 [main] INFO  -- 
  _____   ___   ___   _____     ___     _     ___   ___   ___   ___  
 |_   _| | __| / __| |_   _|   | _ \   /_\   / __| / __| | __| |   \ 
   | |   | _|  \__ \   | |     |  _/  / _ \  \__ \ \__ \ | _|  | |) |
   |_|   |___| |___/   |_|     |_|   /_/ \_\ |___/ |___/ |___| |___/ 

TC30 - Get all products categories with invalid endpoints
----------------------------------------------------------------------
]]></system-out>
  </testcase>
  <testcase name="TC31 - Get products categories by ID" classname="[04_Automation] - Product Categories" time="0.099">
    <system-out><![CDATA[
Scenario: TC31 - Get products categories by ID         &amp#27;[90m# src/test/resources/ProductCategories.feature:42&amp#27;[0m
04:23:57.370 [main] INFO io.cucumber.core.plugin.SerenityReporter -- Running feature from file:///D:/TaksAlterra/MiniProject/MiniProject_API/src/test/resources/ProductCategories.feature
04:23:57.370 [main] WARN io.cucumber.core.plugin.SerenityReporter -- Feature from file:///D:/TaksAlterra/MiniProject/MiniProject_API/src/test/resources/ProductCategories.feature is not under the 'features' directory. Requirements report will not be correctly generated!
04:23:57.370 [main] INFO  -- 
  _____   ___   ___   _____     ___   _____     _     ___   _____   ___   ___  
 |_   _| | __| / __| |_   _|   / __| |_   _|   /_\   | _ \ |_   _| | __| |   \ 
   | |   | _|  \__ \   | |     \__ \   | |    / _ \  |   /   | |   | _|  | |) |
   |_|   |___| |___/   |_|     |___/   |_|   /_/ \_\ |_|_\   |_|   |___| |___/ 

TC31 - Get products categories by ID([04-automation]---product-categories;tc31---get-products-categories-by-id)
--------------------------------------------------------------------------------
04:23:57.374 [main] DEBUG net.thucydides.core.steps.StepInterceptor -- STARTING STEP: ProductCategoriesSteps.getProductCategoryByID - I GET products categories endpoints by ID
04:23:57.374 [main] DEBUG net.thucydides.core.steps.StepInterceptor -- STEP DONE: I GET products categories endpoints by ID
  &amp#27;[32mGiven &amp#27;[0m&amp#27;[32mI GET products categories endpoints by ID&amp#27;[0m      &amp#27;[90m# starter.stepdefinition.ProductCategoriesSteps.getProductCategoryByID()&amp#27;[0m
04:23:57.375 [main] DEBUG net.thucydides.core.steps.StepInterceptor -- STARTING STEP: ProductCategoriesSteps.getHTTPRequestProductCategoryByID - I GET HTTP request with valid ID
04:23:57.376 [main] DEBUG net.thucydides.core.steps.StepInterceptor -- STARTING STEP: ProductCategories.getHTTPRequestProductCategoryByID - I GET products categories endpoints by ID
04:23:57.376 [main] DEBUG net.thucydides.core.steps.StepInterceptor -- STEP DONE: I GET products categories endpoints by ID
04:23:57.380 [main] DEBUG org.apache.http.impl.conn.BasicClientConnectionManager -- Get connection for route {s}->https://altashop-api.fly.dev:443
04:23:57.380 [main] DEBUG org.apache.http.impl.conn.DefaultClientConnectionOperator -- Connecting to altashop-api.fly.dev:443
04:23:57.435 [main] DEBUG org.apache.http.client.protocol.RequestAddCookies -- CookieSpec selected: ignoreCookies
04:23:57.435 [main] DEBUG org.apache.http.client.protocol.RequestAuthCache -- Auth cache not set in the context
04:23:57.435 [main] DEBUG org.apache.http.client.protocol.RequestTargetAuthentication -- Target auth state: UNCHALLENGED
04:23:57.435 [main] DEBUG org.apache.http.client.protocol.RequestProxyAuthentication -- Proxy auth state: UNCHALLENGED
04:23:57.435 [main] DEBUG org.apache.http.impl.client.DefaultHttpClient -- Attempt 1 to execute request
04:23:57.435 [main] DEBUG org.apache.http.impl.conn.DefaultClientConnection -- Sending request: GET /api/categories/29729 HTTP/1.1
04:23:57.435 [main] DEBUG org.apache.http.wire --  >> "GET /api/categories/29729 HTTP/1.1[\r][\n]"
04:23:57.435 [main] DEBUG org.apache.http.wire --  >> "Accept: */*[\r][\n]"
04:23:57.435 [main] DEBUG org.apache.http.wire --  >> "Host: altashop-api.fly.dev[\r][\n]"
04:23:57.435 [main] DEBUG org.apache.http.wire --  >> "Connection: Keep-Alive[\r][\n]"
04:23:57.435 [main] DEBUG org.apache.http.wire --  >> "User-Agent: Apache-HttpClient/4.5.13 (Java/17.0.8)[\r][\n]"
04:23:57.435 [main] DEBUG org.apache.http.wire --  >> "Accept-Encoding: gzip,deflate[\r][\n]"
04:23:57.435 [main] DEBUG org.apache.http.wire --  >> "[\r][\n]"
04:23:57.435 [main] DEBUG org.apache.http.headers -- >> GET /api/categories/29729 HTTP/1.1
04:23:57.435 [main] DEBUG org.apache.http.headers -- >> Accept: */*
04:23:57.435 [main] DEBUG org.apache.http.headers -- >> Host: altashop-api.fly.dev
04:23:57.435 [main] DEBUG org.apache.http.headers -- >> Connection: Keep-Alive
04:23:57.435 [main] DEBUG org.apache.http.headers -- >> User-Agent: Apache-HttpClient/4.5.13 (Java/17.0.8)
04:23:57.435 [main] DEBUG org.apache.http.headers -- >> Accept-Encoding: gzip,deflate
04:23:57.460 [main] DEBUG org.apache.http.wire --  << "HTTP/1.1 200 OK[\r][\n]"
04:23:57.460 [main] DEBUG org.apache.http.wire --  << "content-type: application/json[\r][\n]"
04:23:57.460 [main] DEBUG org.apache.http.wire --  << "date: Mon, 30 Oct 2023 21:23:58 GMT[\r][\n]"
04:23:57.460 [main] DEBUG org.apache.http.wire --  << "content-encoding: gzip[\r][\n]"
04:23:57.460 [main] DEBUG org.apache.http.wire --  << "transfer-encoding: chunked[\r][\n]"
04:23:57.460 [main] DEBUG org.apache.http.wire --  << "server: Fly/7328d5b5 (2023-10-27)[\r][\n]"
04:23:57.460 [main] DEBUG org.apache.http.wire --  << "via: 1.1 fly.io[\r][\n]"
04:23:57.460 [main] DEBUG org.apache.http.wire --  << "fly-request-id: 01HE17HNC72D1RYX9CKPRRR400-sin[\r][\n]"
04:23:57.460 [main] DEBUG org.apache.http.wire --  << "[\r][\n]"
04:23:57.461 [main] DEBUG org.apache.http.impl.conn.DefaultClientConnection -- Receiving response: HTTP/1.1 200 OK
04:23:57.461 [main] DEBUG org.apache.http.headers -- << HTTP/1.1 200 OK
04:23:57.461 [main] DEBUG org.apache.http.headers -- << content-type: application/json
04:23:57.461 [main] DEBUG org.apache.http.headers -- << date: Mon, 30 Oct 2023 21:23:58 GMT
04:23:57.461 [main] DEBUG org.apache.http.headers -- << content-encoding: gzip
04:23:57.461 [main] DEBUG org.apache.http.headers -- << transfer-encoding: chunked
04:23:57.461 [main] DEBUG org.apache.http.headers -- << server: Fly/7328d5b5 (2023-10-27)
04:23:57.461 [main] DEBUG org.apache.http.headers -- << via: 1.1 fly.io
04:23:57.461 [main] DEBUG org.apache.http.headers -- << fly-request-id: 01HE17HNC72D1RYX9CKPRRR400-sin
04:23:57.461 [main] DEBUG org.apache.http.impl.client.DefaultHttpClient -- Connection can be kept alive indefinitely
04:23:57.461 [main] DEBUG io.restassured.internal.RestAssuredHttpBuilder -- Parsing response as: application/json
04:23:57.461 [main] DEBUG org.apache.http.wire --  << "5A[\r][\n]"
04:23:57.461 [main] DEBUG org.apache.http.wire --  << "[0x1f][0x8b][0x8][0x0][0x0][0x0][0x0][0x0][0x4][0xff][0xab]VJI,IT[0xb2][0xaa]V[0xf2]tQ[0xb2]2[0xb2]47[0xb2][0xd4]Q[0xf2]K[0xcc]MU[0xb2]RJO[0xcc][0xcd][0xcc]KW[0xd2]QrI-N.[0xca],([0xc9][0xcc][0xcf]S[0xb2]RJ[0xcb]/R[0x80]H)[0x14][0x94][0x16][0x15][0xe4][0x17][0xa7][0x16]+[0xd5][0xd6]r[0x1][0x0]9[0xb4][0x8d][0xd4]J[0x0][0x0][0x0]"
04:23:57.461 [main] DEBUG org.apache.http.wire --  << "[\r][\n]"
04:23:57.461 [main] DEBUG org.apache.http.wire --  << "0[\r][\n]"
04:23:57.461 [main] DEBUG org.apache.http.wire --  << "[\r][\n]"
04:23:57.461 [main] DEBUG io.restassured.internal.RestAssuredHttpBuilder -- Parsed data to instance of: class org.apache.http.conn.EofSensorInputStream
04:23:57.462 [main] DEBUG org.apache.http.impl.conn.BasicClientConnectionManager -- Releasing connection org.apache.http.impl.conn.ManagedClientConnectionImpl@19ce597a
04:23:57.462 [main] DEBUG org.apache.http.impl.conn.BasicClientConnectionManager -- Connection can be kept alive indefinitely
04:23:57.462 [main] DEBUG net.thucydides.core.steps.StepInterceptor -- STEP DONE: I GET HTTP request with valid ID
  &amp#27;[32mWhen &amp#27;[0m&amp#27;[32mI GET HTTP request with valid ID&amp#27;[0m                &amp#27;[90m# starter.stepdefinition.ProductCategoriesSteps.getHTTPRequestProductCategoryByID()&amp#27;[0m
04:23:57.465 [main] DEBUG net.thucydides.core.steps.StepInterceptor -- STARTING STEP: ProductCategoriesSteps.receiveResponseCode200ProductCategoryByID - I receive valid HTTP response 200 for get by ID
04:23:57.465 [main] DEBUG net.thucydides.core.steps.StepInterceptor -- STEP DONE: I receive valid HTTP response 200 for get by ID
  &amp#27;[32mThen &amp#27;[0m&amp#27;[32mI receive valid HTTP response 200 for get by ID&amp#27;[0m &amp#27;[90m# starter.stepdefinition.ProductCategoriesSteps.receiveResponseCode200ProductCategoryByID()&amp#27;[0m
04:23:57.466 [main] INFO  -- 
  _____   ___   ___   _____     ___     _     ___   ___   ___   ___  
 |_   _| | __| / __| |_   _|   | _ \   /_\   / __| / __| | __| |   \ 
   | |   | _|  \__ \   | |     |  _/  / _ \  \__ \ \__ \ | _|  | |) |
   |_|   |___| |___/   |_|     |_|   /_/ \_\ |___/ |___/ |___| |___/ 

TC31 - Get products categories by ID
----------------------------------------------------------------------
]]></system-out>
  </testcase>
  <testcase name="TC32 - Get products categories by invalid ID with character symbols" classname="[04_Automation] - Product Categories" time="0.108">
    <system-out><![CDATA[04:23:57.473 [Finalizer] DEBUG org.apache.http.impl.conn.DefaultClientConnection -- Connection 0.0.0.0:54209<->149.248.193.56:443 closed

Scenario: TC32 - Get products categories by invalid ID with character symbols         &amp#27;[90m# src/test/resources/ProductCategories.feature:47&amp#27;[0m
04:23:57.474 [Finalizer] DEBUG org.apache.http.impl.conn.DefaultClientConnection -- Connection 0.0.0.0:54208<->149.248.193.56:443 closed
04:23:57.474 [Finalizer] DEBUG org.apache.http.impl.conn.DefaultClientConnection -- Connection 0.0.0.0:54212<->149.248.193.56:443 closed
04:23:57.474 [Finalizer] DEBUG org.apache.http.impl.conn.DefaultClientConnection -- Connection 0.0.0.0:54211<->149.248.193.56:443 closed
04:23:57.475 [main] INFO io.cucumber.core.plugin.SerenityReporter -- Running feature from file:///D:/TaksAlterra/MiniProject/MiniProject_API/src/test/resources/ProductCategories.feature
04:23:57.475 [main] WARN io.cucumber.core.plugin.SerenityReporter -- Feature from file:///D:/TaksAlterra/MiniProject/MiniProject_API/src/test/resources/ProductCategories.feature is not under the 'features' directory. Requirements report will not be correctly generated!
04:23:57.475 [Finalizer] DEBUG org.apache.http.impl.conn.DefaultClientConnection -- Connection 0.0.0.0:54210<->149.248.193.56:443 closed
04:23:57.476 [main] INFO  -- 
  _____   ___   ___   _____     ___   _____     _     ___   _____   ___   ___  
 |_   _| | __| / __| |_   _|   / __| |_   _|   /_\   | _ \ |_   _| | __| |   \ 
   | |   | _|  \__ \   | |     \__ \   | |    / _ \  |   /   | |   | _|  | |) |
   |_|   |___| |___/   |_|     |___/   |_|   /_/ \_\ |_|_\   |_|   |___| |___/ 

TC32 - Get products categories by invalid ID with character symbols([04-automation]---product-categories;tc32---get-products-categories-by-invalid-id-with-character-symbols)
--------------------------------------------------------------------------------
04:23:57.479 [main] DEBUG net.thucydides.core.steps.StepInterceptor -- STARTING STEP: ProductCategoriesSteps.getProductsCategoriesEndpointsByID2 - I GET products categories endpoints by ID 2
04:23:57.480 [main] DEBUG net.thucydides.core.steps.StepInterceptor -- STEP DONE: I GET products categories endpoints by ID 2
  &amp#27;[32mGiven &amp#27;[0m&amp#27;[32mI GET products categories endpoints by ID 2&amp#27;[0m                                   &amp#27;[90m# starter.stepdefinition.ProductCategoriesSteps.getProductsCategoriesEndpointsByID2()&amp#27;[0m
04:23:57.481 [main] DEBUG net.thucydides.core.steps.StepInterceptor -- STARTING STEP: ProductCategoriesSteps.getHTTPRequestWithInvalidIDWithCharacterSysmbols - I GET HTTP request with invalid ID with character symbols
04:23:57.482 [main] DEBUG net.thucydides.core.steps.StepInterceptor -- STARTING STEP: ProductCategories.getHTTPRequestWithInvalidIDWithCharacterSysmbols - I GET products categories endpoints by ID 2
04:23:57.482 [main] DEBUG net.thucydides.core.steps.StepInterceptor -- STEP DONE: I GET products categories endpoints by ID 2
04:23:57.485 [main] DEBUG org.apache.http.impl.conn.BasicClientConnectionManager -- Get connection for route {s}->https://altashop-api.fly.dev:443
04:23:57.485 [main] DEBUG org.apache.http.impl.conn.DefaultClientConnectionOperator -- Connecting to altashop-api.fly.dev:443
04:23:57.539 [main] DEBUG org.apache.http.client.protocol.RequestAddCookies -- CookieSpec selected: ignoreCookies
04:23:57.539 [main] DEBUG org.apache.http.client.protocol.RequestAuthCache -- Auth cache not set in the context
04:23:57.539 [main] DEBUG org.apache.http.client.protocol.RequestTargetAuthentication -- Target auth state: UNCHALLENGED
04:23:57.539 [main] DEBUG org.apache.http.client.protocol.RequestProxyAuthentication -- Proxy auth state: UNCHALLENGED
04:23:57.540 [main] DEBUG org.apache.http.impl.client.DefaultHttpClient -- Attempt 1 to execute request
04:23:57.540 [main] DEBUG org.apache.http.impl.conn.DefaultClientConnection -- Sending request: GET /api/categories/-11331 HTTP/1.1
04:23:57.540 [main] DEBUG org.apache.http.wire --  >> "GET /api/categories/-11331 HTTP/1.1[\r][\n]"
04:23:57.540 [main] DEBUG org.apache.http.wire --  >> "Accept: */*[\r][\n]"
04:23:57.540 [main] DEBUG org.apache.http.wire --  >> "Host: altashop-api.fly.dev[\r][\n]"
04:23:57.540 [main] DEBUG org.apache.http.wire --  >> "Connection: Keep-Alive[\r][\n]"
04:23:57.540 [main] DEBUG org.apache.http.wire --  >> "User-Agent: Apache-HttpClient/4.5.13 (Java/17.0.8)[\r][\n]"
04:23:57.540 [main] DEBUG org.apache.http.wire --  >> "Accept-Encoding: gzip,deflate[\r][\n]"
04:23:57.540 [main] DEBUG org.apache.http.wire --  >> "[\r][\n]"
04:23:57.540 [main] DEBUG org.apache.http.headers -- >> GET /api/categories/-11331 HTTP/1.1
04:23:57.540 [main] DEBUG org.apache.http.headers -- >> Accept: */*
04:23:57.540 [main] DEBUG org.apache.http.headers -- >> Host: altashop-api.fly.dev
04:23:57.540 [main] DEBUG org.apache.http.headers -- >> Connection: Keep-Alive
04:23:57.540 [main] DEBUG org.apache.http.headers -- >> User-Agent: Apache-HttpClient/4.5.13 (Java/17.0.8)
04:23:57.540 [main] DEBUG org.apache.http.headers -- >> Accept-Encoding: gzip,deflate
04:23:57.568 [main] DEBUG org.apache.http.wire --  << "HTTP/1.1 500 Internal Server Error[\r][\n]"
04:23:57.568 [main] DEBUG org.apache.http.wire --  << "content-type: application/json[\r][\n]"
04:23:57.568 [main] DEBUG org.apache.http.wire --  << "date: Mon, 30 Oct 2023 21:23:59 GMT[\r][\n]"
04:23:57.568 [main] DEBUG org.apache.http.wire --  << "content-encoding: gzip[\r][\n]"
04:23:57.568 [main] DEBUG org.apache.http.wire --  << "transfer-encoding: chunked[\r][\n]"
04:23:57.568 [main] DEBUG org.apache.http.wire --  << "server: Fly/7328d5b5 (2023-10-27)[\r][\n]"
04:23:57.568 [main] DEBUG org.apache.http.wire --  << "via: 1.1 fly.io[\r][\n]"
04:23:57.568 [main] DEBUG org.apache.http.wire --  << "fly-request-id: 01HE17HNFH21X94N996X9S803M-sin[\r][\n]"
04:23:57.568 [main] DEBUG org.apache.http.wire --  << "[\r][\n]"
04:23:57.568 [main] DEBUG org.apache.http.impl.conn.DefaultClientConnection -- Receiving response: HTTP/1.1 500 Internal Server Error
04:23:57.568 [main] DEBUG org.apache.http.headers -- << HTTP/1.1 500 Internal Server Error
04:23:57.568 [main] DEBUG org.apache.http.headers -- << content-type: application/json
04:23:57.568 [main] DEBUG org.apache.http.headers -- << date: Mon, 30 Oct 2023 21:23:59 GMT
04:23:57.568 [main] DEBUG org.apache.http.headers -- << content-encoding: gzip
04:23:57.568 [main] DEBUG org.apache.http.headers -- << transfer-encoding: chunked
04:23:57.568 [main] DEBUG org.apache.http.headers -- << server: Fly/7328d5b5 (2023-10-27)
04:23:57.568 [main] DEBUG org.apache.http.headers -- << via: 1.1 fly.io
04:23:57.568 [main] DEBUG org.apache.http.headers -- << fly-request-id: 01HE17HNFH21X94N996X9S803M-sin
04:23:57.568 [main] DEBUG org.apache.http.impl.client.DefaultHttpClient -- Connection can be kept alive indefinitely
04:23:57.568 [main] DEBUG io.restassured.internal.RestAssuredHttpBuilder -- Parsing response as: application/json
04:23:57.568 [main] DEBUG org.apache.http.wire --  << "5C[\r][\n]"
04:23:57.568 [main] DEBUG org.apache.http.wire --  << "[0x1f][0x8b][0x8][0x0][0x0][0x0][0x0][0x0][0x4][0xff][0xab]VJ-*[0xca]/R[0xb2]R2[0xb4]01137110767[0xb0]4510[0xb2]0U[0xc8],VH/JM,I-R([0xc9]H[0xcc]S[0xc8]M[0xac][0xc8][0xcc]-[0xcd]U(K[0xcc])MUH[0xcb]/R[0xf0][0xcc]+1Q[0xaa][0xe5][0x2][0x0]]n[0xbd][0x9e]H[0x0][0x0][0x0]"
04:23:57.568 [main] DEBUG org.apache.http.wire --  << "[\r][\n]"
04:23:57.568 [main] DEBUG org.apache.http.wire --  << "0[\r][\n]"
04:23:57.568 [main] DEBUG org.apache.http.wire --  << "[\r][\n]"
04:23:57.568 [main] DEBUG io.restassured.internal.RestAssuredHttpBuilder -- Parsed data to instance of: class org.apache.http.conn.EofSensorInputStream
04:23:57.570 [main] DEBUG org.apache.http.impl.conn.BasicClientConnectionManager -- Releasing connection org.apache.http.impl.conn.ManagedClientConnectionImpl@5799b8a2
04:23:57.570 [main] DEBUG org.apache.http.impl.conn.BasicClientConnectionManager -- Connection can be kept alive indefinitely
04:23:57.570 [main] DEBUG net.thucydides.core.steps.StepInterceptor -- STEP DONE: I GET HTTP request with invalid ID with character symbols
  &amp#27;[32mWhen &amp#27;[0m&amp#27;[32mI GET HTTP request with invalid ID with character symbols&amp#27;[0m                      &amp#27;[90m# starter.stepdefinition.ProductCategoriesSteps.getHTTPRequestWithInvalidIDWithCharacterSysmbols()&amp#27;[0m
04:23:57.572 [main] DEBUG net.thucydides.core.steps.StepInterceptor -- STARTING STEP: ProductCategoriesSteps.receiveResponseCode500ForGetByInvalidIDWithCharacterSysmbols - I receive valid HTTP response 500 for get by invalid ID with character symbols
04:23:57.572 [main] DEBUG net.thucydides.core.steps.StepInterceptor -- STEP DONE: I receive valid HTTP response 500 for get by invalid ID with character symbols
  &amp#27;[32mThen &amp#27;[0m&amp#27;[32mI receive valid HTTP response 500 for get by invalid ID with character symbols&amp#27;[0m &amp#27;[90m# starter.stepdefinition.ProductCategoriesSteps.receiveResponseCode500ForGetByInvalidIDWithCharacterSysmbols()&amp#27;[0m
04:23:57.573 [main] INFO  -- 
  _____   ___   ___   _____     ___     _     ___   ___   ___   ___  
 |_   _| | __| / __| |_   _|   | _ \   /_\   / __| / __| | __| |   \ 
   | |   | _|  \__ \   | |     |  _/  / _ \  \__ \ \__ \ | _|  | |) |
   |_|   |___| |___/   |_|     |_|   /_/ \_\ |___/ |___/ |___| |___/ 

TC32 - Get products categories by invalid ID with character symbols
----------------------------------------------------------------------
]]></system-out>
  </testcase>
  <testcase name="TC33 - Get categories by invalid ID with character alphabet" classname="[04_Automation] - Product Categories" time="0.109">
    <system-out><![CDATA[
Scenario: TC33 - Get categories by invalid ID with character alphabet                  &amp#27;[90m# src/test/resources/ProductCategories.feature:52&amp#27;[0m
04:23:57.577 [main] INFO io.cucumber.core.plugin.SerenityReporter -- Running feature from file:///D:/TaksAlterra/MiniProject/MiniProject_API/src/test/resources/ProductCategories.feature
04:23:57.577 [main] WARN io.cucumber.core.plugin.SerenityReporter -- Feature from file:///D:/TaksAlterra/MiniProject/MiniProject_API/src/test/resources/ProductCategories.feature is not under the 'features' directory. Requirements report will not be correctly generated!
04:23:57.578 [main] INFO  -- 
  _____   ___   ___   _____     ___   _____     _     ___   _____   ___   ___  
 |_   _| | __| / __| |_   _|   / __| |_   _|   /_\   | _ \ |_   _| | __| |   \ 
   | |   | _|  \__ \   | |     \__ \   | |    / _ \  |   /   | |   | _|  | |) |
   |_|   |___| |___/   |_|     |___/   |_|   /_/ \_\ |_|_\   |_|   |___| |___/ 

TC33 - Get categories by invalid ID with character alphabet([04-automation]---product-categories;tc33---get-categories-by-invalid-id-with-character-alphabet)
--------------------------------------------------------------------------------
04:23:57.581 [main] DEBUG net.thucydides.core.steps.StepInterceptor -- STARTING STEP: ProductCategoriesSteps.getProductsCategoriesEndpointsByID3 - I GET products categories endpoints by ID 3
04:23:57.581 [main] DEBUG net.thucydides.core.steps.StepInterceptor -- STEP DONE: I GET products categories endpoints by ID 3
  &amp#27;[32mGiven &amp#27;[0m&amp#27;[32mI GET products categories endpoints by ID 3&amp#27;[0m                                    &amp#27;[90m# starter.stepdefinition.ProductCategoriesSteps.getProductsCategoriesEndpointsByID3()&amp#27;[0m
04:23:57.582 [main] DEBUG net.thucydides.core.steps.StepInterceptor -- STARTING STEP: ProductCategoriesSteps.getHTTPRequestWithInvalidIDWithCharacterAlphabet - I GET HTTP request with invalid ID with character alphabet
04:23:57.583 [main] DEBUG net.thucydides.core.steps.StepInterceptor -- STARTING STEP: ProductCategories.getHTTPRequestWithInvalidIDWithCharacterAlphabet - I GET products categories endpoints by ID 3
04:23:57.583 [main] DEBUG net.thucydides.core.steps.StepInterceptor -- STEP DONE: I GET products categories endpoints by ID 3
04:23:57.587 [main] DEBUG org.apache.http.impl.conn.BasicClientConnectionManager -- Get connection for route {s}->https://altashop-api.fly.dev:443
04:23:57.587 [main] DEBUG org.apache.http.impl.conn.DefaultClientConnectionOperator -- Connecting to altashop-api.fly.dev:443
04:23:57.650 [main] DEBUG org.apache.http.client.protocol.RequestAddCookies -- CookieSpec selected: ignoreCookies
04:23:57.650 [main] DEBUG org.apache.http.client.protocol.RequestAuthCache -- Auth cache not set in the context
04:23:57.650 [main] DEBUG org.apache.http.client.protocol.RequestTargetAuthentication -- Target auth state: UNCHALLENGED
04:23:57.650 [main] DEBUG org.apache.http.client.protocol.RequestProxyAuthentication -- Proxy auth state: UNCHALLENGED
04:23:57.650 [main] DEBUG org.apache.http.impl.client.DefaultHttpClient -- Attempt 1 to execute request
04:23:57.650 [main] DEBUG org.apache.http.impl.conn.DefaultClientConnection -- Sending request: GET /api/categories/satu HTTP/1.1
04:23:57.650 [main] DEBUG org.apache.http.wire --  >> "GET /api/categories/satu HTTP/1.1[\r][\n]"
04:23:57.650 [main] DEBUG org.apache.http.wire --  >> "Accept: */*[\r][\n]"
04:23:57.650 [main] DEBUG org.apache.http.wire --  >> "Host: altashop-api.fly.dev[\r][\n]"
04:23:57.650 [main] DEBUG org.apache.http.wire --  >> "Connection: Keep-Alive[\r][\n]"
04:23:57.650 [main] DEBUG org.apache.http.wire --  >> "User-Agent: Apache-HttpClient/4.5.13 (Java/17.0.8)[\r][\n]"
04:23:57.650 [main] DEBUG org.apache.http.wire --  >> "Accept-Encoding: gzip,deflate[\r][\n]"
04:23:57.650 [main] DEBUG org.apache.http.wire --  >> "[\r][\n]"
04:23:57.650 [main] DEBUG org.apache.http.headers -- >> GET /api/categories/satu HTTP/1.1
04:23:57.650 [main] DEBUG org.apache.http.headers -- >> Accept: */*
04:23:57.650 [main] DEBUG org.apache.http.headers -- >> Host: altashop-api.fly.dev
04:23:57.650 [main] DEBUG org.apache.http.headers -- >> Connection: Keep-Alive
04:23:57.650 [main] DEBUG org.apache.http.headers -- >> User-Agent: Apache-HttpClient/4.5.13 (Java/17.0.8)
04:23:57.650 [main] DEBUG org.apache.http.headers -- >> Accept-Encoding: gzip,deflate
04:23:57.675 [main] DEBUG org.apache.http.wire --  << "HTTP/1.1 400 Bad Request[\r][\n]"
04:23:57.675 [main] DEBUG org.apache.http.wire --  << "content-type: application/json[\r][\n]"
04:23:57.675 [main] DEBUG org.apache.http.wire --  << "date: Mon, 30 Oct 2023 21:23:59 GMT[\r][\n]"
04:23:57.675 [main] DEBUG org.apache.http.wire --  << "content-encoding: gzip[\r][\n]"
04:23:57.675 [main] DEBUG org.apache.http.wire --  << "transfer-encoding: chunked[\r][\n]"
04:23:57.675 [main] DEBUG org.apache.http.wire --  << "server: Fly/7328d5b5 (2023-10-27)[\r][\n]"
04:23:57.675 [main] DEBUG org.apache.http.wire --  << "via: 1.1 fly.io[\r][\n]"
04:23:57.675 [main] DEBUG org.apache.http.wire --  << "fly-request-id: 01HE17HNJZG5QPFEDYSXW2K4WE-sin[\r][\n]"
04:23:57.675 [main] DEBUG org.apache.http.wire --  << "[\r][\n]"
04:23:57.675 [main] DEBUG org.apache.http.impl.conn.DefaultClientConnection -- Receiving response: HTTP/1.1 400 Bad Request
04:23:57.675 [main] DEBUG org.apache.http.headers -- << HTTP/1.1 400 Bad Request
04:23:57.675 [main] DEBUG org.apache.http.headers -- << content-type: application/json
04:23:57.675 [main] DEBUG org.apache.http.headers -- << date: Mon, 30 Oct 2023 21:23:59 GMT
04:23:57.675 [main] DEBUG org.apache.http.headers -- << content-encoding: gzip
04:23:57.675 [main] DEBUG org.apache.http.headers -- << transfer-encoding: chunked
04:23:57.675 [main] DEBUG org.apache.http.headers -- << server: Fly/7328d5b5 (2023-10-27)
04:23:57.675 [main] DEBUG org.apache.http.headers -- << via: 1.1 fly.io
04:23:57.675 [main] DEBUG org.apache.http.headers -- << fly-request-id: 01HE17HNJZG5QPFEDYSXW2K4WE-sin
04:23:57.676 [main] DEBUG org.apache.http.impl.client.DefaultHttpClient -- Connection can be kept alive indefinitely
04:23:57.676 [main] DEBUG io.restassured.internal.RestAssuredHttpBuilder -- Parsing response as: application/json
04:23:57.676 [main] DEBUG org.apache.http.wire --  << "4F[\r][\n]"
04:23:57.676 [main] DEBUG org.apache.http.wire --  << "[0x1f][0x8b][0x8][0x0][0x0][0x0][0x0][0x0][0x4][0xff][0xab]VJ-*[0xca]/R[0xb2]R*.)J[0xce][0xcf]+[0xd3]s,[0xc9][0xcf][0xb4]R(H,*[0xce][0xcc]KW[0x88]Q*N,)[0x8d]Q[0xb2]R[0xc8][0xcc]+K[0xcc][0xc9]LQ([0xae][0xcc]+I[0xac]P[0xaa][0xe5][0x2][0x0]n[0x13][0x8b][0x82];[0x0][0x0][0x0]"
04:23:57.676 [main] DEBUG org.apache.http.wire --  << "[\r][\n]"
04:23:57.676 [main] DEBUG org.apache.http.wire --  << "0[\r][\n]"
04:23:57.676 [main] DEBUG org.apache.http.wire --  << "[\r][\n]"
04:23:57.676 [main] DEBUG io.restassured.internal.RestAssuredHttpBuilder -- Parsed data to instance of: class org.apache.http.conn.EofSensorInputStream
04:23:57.678 [main] DEBUG org.apache.http.impl.conn.BasicClientConnectionManager -- Releasing connection org.apache.http.impl.conn.ManagedClientConnectionImpl@109f95b1
04:23:57.678 [main] DEBUG org.apache.http.impl.conn.BasicClientConnectionManager -- Connection can be kept alive indefinitely
04:23:57.678 [main] DEBUG net.thucydides.core.steps.StepInterceptor -- STEP DONE: I GET HTTP request with invalid ID with character alphabet
  &amp#27;[32mWhen &amp#27;[0m&amp#27;[32mI GET HTTP request with invalid ID with character alphabet&amp#27;[0m                      &amp#27;[90m# starter.stepdefinition.ProductCategoriesSteps.getHTTPRequestWithInvalidIDWithCharacterAlphabet()&amp#27;[0m
04:23:57.681 [main] DEBUG net.thucydides.core.steps.StepInterceptor -- STARTING STEP: ProductCategoriesSteps.receiveResponseCode400ForGetByInvalidIDWithCharacterAlphabet - I receive valid HTTP response 400 for get by invalid ID with character alphabet
04:23:57.681 [main] DEBUG net.thucydides.core.steps.StepInterceptor -- STEP DONE: I receive valid HTTP response 400 for get by invalid ID with character alphabet
  &amp#27;[32mThen &amp#27;[0m&amp#27;[32mI receive valid HTTP response 400 for get by invalid ID with character alphabet&amp#27;[0m &amp#27;[90m# starter.stepdefinition.ProductCategoriesSteps.receiveResponseCode400ForGetByInvalidIDWithCharacterAlphabet()&amp#27;[0m
04:23:57.683 [main] INFO  -- 
  _____   ___   ___   _____     ___     _     ___   ___   ___   ___  
 |_   _| | __| / __| |_   _|   | _ \   /_\   / __| / __| | __| |   \ 
   | |   | _|  \__ \   | |     |  _/  / _ \  \__ \ \__ \ | _|  | |) |
   |_|   |___| |___/   |_|     |_|   /_/ \_\ |___/ |___/ |___| |___/ 

TC33 - Get categories by invalid ID with character alphabet
----------------------------------------------------------------------
]]></system-out>
  </testcase>
  <testcase name="TC34 - Delete a products categories" classname="[04_Automation] - Product Categories" time="0.107">
    <system-out><![CDATA[
Scenario: TC34 - Delete a products categories                            &amp#27;[90m# src/test/resources/ProductCategories.feature:57&amp#27;[0m
04:23:57.688 [main] INFO io.cucumber.core.plugin.SerenityReporter -- Running feature from file:///D:/TaksAlterra/MiniProject/MiniProject_API/src/test/resources/ProductCategories.feature
04:23:57.688 [main] WARN io.cucumber.core.plugin.SerenityReporter -- Feature from file:///D:/TaksAlterra/MiniProject/MiniProject_API/src/test/resources/ProductCategories.feature is not under the 'features' directory. Requirements report will not be correctly generated!
04:23:57.689 [main] INFO  -- 
  _____   ___   ___   _____     ___   _____     _     ___   _____   ___   ___  
 |_   _| | __| / __| |_   _|   / __| |_   _|   /_\   | _ \ |_   _| | __| |   \ 
   | |   | _|  \__ \   | |     \__ \   | |    / _ \  |   /   | |   | _|  | |) |
   |_|   |___| |___/   |_|     |___/   |_|   /_/ \_\ |_|_\   |_|   |___| |___/ 

TC34 - Delete a products categories([04-automation]---product-categories;tc34---delete-a-products-categories)
--------------------------------------------------------------------------------
04:23:57.693 [main] DEBUG net.thucydides.core.steps.StepInterceptor -- STARTING STEP: ProductCategoriesSteps.deleteProductCategoriesEndpoints - I DELETE a products categories endpoints
04:23:57.693 [main] DEBUG net.thucydides.core.steps.StepInterceptor -- STEP DONE: I DELETE a products categories endpoints
  &amp#27;[32mGiven &amp#27;[0m&amp#27;[32mI DELETE a products categories endpoints&amp#27;[0m                         &amp#27;[90m# starter.stepdefinition.ProductCategoriesSteps.deleteProductCategoriesEndpoints()&amp#27;[0m
04:23:57.695 [main] DEBUG net.thucydides.core.steps.StepInterceptor -- STARTING STEP: ProductCategoriesSteps.deleteHTTPRequestAProductCategory - I DELETE HTTP request with valid ID
04:23:57.695 [main] DEBUG net.thucydides.core.steps.StepInterceptor -- STARTING STEP: ProductCategories.deleteHTTPRequestAProductCategory - I DELETE a products categories endpoints
04:23:57.695 [main] DEBUG net.thucydides.core.steps.StepInterceptor -- STEP DONE: I DELETE a products categories endpoints
04:23:57.700 [main] DEBUG org.apache.http.impl.conn.BasicClientConnectionManager -- Get connection for route {s}->https://altashop-api.fly.dev:443
04:23:57.700 [main] DEBUG org.apache.http.impl.conn.DefaultClientConnectionOperator -- Connecting to altashop-api.fly.dev:443
04:23:57.757 [main] DEBUG org.apache.http.client.protocol.RequestAddCookies -- CookieSpec selected: ignoreCookies
04:23:57.757 [main] DEBUG org.apache.http.client.protocol.RequestAuthCache -- Auth cache not set in the context
04:23:57.757 [main] DEBUG org.apache.http.client.protocol.RequestTargetAuthentication -- Target auth state: UNCHALLENGED
04:23:57.757 [main] DEBUG org.apache.http.client.protocol.RequestProxyAuthentication -- Proxy auth state: UNCHALLENGED
04:23:57.757 [main] DEBUG org.apache.http.impl.client.DefaultHttpClient -- Attempt 1 to execute request
04:23:57.757 [main] DEBUG org.apache.http.impl.conn.DefaultClientConnection -- Sending request: DELETE /api/categories/11382 HTTP/1.1
04:23:57.757 [main] DEBUG org.apache.http.wire --  >> "DELETE /api/categories/11382 HTTP/1.1[\r][\n]"
04:23:57.757 [main] DEBUG org.apache.http.wire --  >> "Accept: */*[\r][\n]"
04:23:57.757 [main] DEBUG org.apache.http.wire --  >> "Host: altashop-api.fly.dev[\r][\n]"
04:23:57.757 [main] DEBUG org.apache.http.wire --  >> "Connection: Keep-Alive[\r][\n]"
04:23:57.757 [main] DEBUG org.apache.http.wire --  >> "User-Agent: Apache-HttpClient/4.5.13 (Java/17.0.8)[\r][\n]"
04:23:57.757 [main] DEBUG org.apache.http.wire --  >> "Accept-Encoding: gzip,deflate[\r][\n]"
04:23:57.757 [main] DEBUG org.apache.http.wire --  >> "[\r][\n]"
04:23:57.757 [main] DEBUG org.apache.http.headers -- >> DELETE /api/categories/11382 HTTP/1.1
04:23:57.757 [main] DEBUG org.apache.http.headers -- >> Accept: */*
04:23:57.757 [main] DEBUG org.apache.http.headers -- >> Host: altashop-api.fly.dev
04:23:57.757 [main] DEBUG org.apache.http.headers -- >> Connection: Keep-Alive
04:23:57.757 [main] DEBUG org.apache.http.headers -- >> User-Agent: Apache-HttpClient/4.5.13 (Java/17.0.8)
04:23:57.757 [main] DEBUG org.apache.http.headers -- >> Accept-Encoding: gzip,deflate
04:23:57.786 [main] DEBUG org.apache.http.wire --  << "HTTP/1.1 200 OK[\r][\n]"
04:23:57.786 [main] DEBUG org.apache.http.wire --  << "content-type: application/json[\r][\n]"
04:23:57.786 [main] DEBUG org.apache.http.wire --  << "date: Mon, 30 Oct 2023 21:23:59 GMT[\r][\n]"
04:23:57.786 [main] DEBUG org.apache.http.wire --  << "content-encoding: gzip[\r][\n]"
04:23:57.786 [main] DEBUG org.apache.http.wire --  << "transfer-encoding: chunked[\r][\n]"
04:23:57.786 [main] DEBUG org.apache.http.wire --  << "server: Fly/7328d5b5 (2023-10-27)[\r][\n]"
04:23:57.786 [main] DEBUG org.apache.http.wire --  << "via: 1.1 fly.io[\r][\n]"
04:23:57.786 [main] DEBUG org.apache.http.wire --  << "fly-request-id: 01HE17HNPBKTFDG1BG0R44DJB7-sin[\r][\n]"
04:23:57.786 [main] DEBUG org.apache.http.wire --  << "[\r][\n]"
04:23:57.786 [main] DEBUG org.apache.http.impl.conn.DefaultClientConnection -- Receiving response: HTTP/1.1 200 OK
04:23:57.786 [main] DEBUG org.apache.http.headers -- << HTTP/1.1 200 OK
04:23:57.786 [main] DEBUG org.apache.http.headers -- << content-type: application/json
04:23:57.786 [main] DEBUG org.apache.http.headers -- << date: Mon, 30 Oct 2023 21:23:59 GMT
04:23:57.786 [main] DEBUG org.apache.http.headers -- << content-encoding: gzip
04:23:57.786 [main] DEBUG org.apache.http.headers -- << transfer-encoding: chunked
04:23:57.786 [main] DEBUG org.apache.http.headers -- << server: Fly/7328d5b5 (2023-10-27)
04:23:57.786 [main] DEBUG org.apache.http.headers -- << via: 1.1 fly.io
04:23:57.786 [main] DEBUG org.apache.http.headers -- << fly-request-id: 01HE17HNPBKTFDG1BG0R44DJB7-sin
04:23:57.786 [main] DEBUG org.apache.http.impl.client.DefaultHttpClient -- Connection can be kept alive indefinitely
04:23:57.786 [main] DEBUG io.restassured.internal.RestAssuredHttpBuilder -- Parsing response as: application/json
04:23:57.786 [main] DEBUG org.apache.http.wire --  << "22[\r][\n]"
04:23:57.786 [main] DEBUG org.apache.http.wire --  << "[0x1f][0x8b][0x8][0x0][0x0][0x0][0x0][0x0][0x4][0xff][0xab]VJI,IT[0xb2][0xca]+[0xcd][0xc9][0xa9][0xe5][0x2][0x0][0xa3][0xab][0x8f]W[0xe][0x0][0x0][0x0]"
04:23:57.786 [main] DEBUG org.apache.http.wire --  << "[\r][\n]"
04:23:57.786 [main] DEBUG org.apache.http.wire --  << "0[\r][\n]"
04:23:57.786 [main] DEBUG org.apache.http.wire --  << "[\r][\n]"
04:23:57.786 [main] DEBUG io.restassured.internal.RestAssuredHttpBuilder -- Parsed data to instance of: class org.apache.http.conn.EofSensorInputStream
04:23:57.787 [main] DEBUG org.apache.http.impl.conn.BasicClientConnectionManager -- Releasing connection org.apache.http.impl.conn.ManagedClientConnectionImpl@285b63eb
04:23:57.787 [main] DEBUG org.apache.http.impl.conn.BasicClientConnectionManager -- Connection can be kept alive indefinitely
04:23:57.787 [main] DEBUG net.thucydides.core.steps.StepInterceptor -- STEP DONE: I DELETE HTTP request with valid ID
  &amp#27;[32mWhen &amp#27;[0m&amp#27;[32mI DELETE HTTP request with valid ID&amp#27;[0m                               &amp#27;[90m# starter.stepdefinition.ProductCategoriesSteps.deleteHTTPRequestAProductCategory()&amp#27;[0m
04:23:57.789 [main] DEBUG net.thucydides.core.steps.StepInterceptor -- STARTING STEP: ProductCategoriesSteps.receiveResponseCode200DeleteProductCategories - I receive valid HTTP response 200 for delete a product categories
04:23:57.790 [main] DEBUG net.thucydides.core.steps.StepInterceptor -- STEP DONE: I receive valid HTTP response 200 for delete a product categories
  &amp#27;[32mThen &amp#27;[0m&amp#27;[32mI receive valid HTTP response 200 for delete a product categories&amp#27;[0m &amp#27;[90m# starter.stepdefinition.ProductCategoriesSteps.receiveResponseCode200DeleteProductCategories()&amp#27;[0m
04:23:57.790 [main] INFO  -- 
  _____   ___   ___   _____     ___     _     ___   ___   ___   ___  
 |_   _| | __| / __| |_   _|   | _ \   /_\   / __| / __| | __| |   \ 
   | |   | _|  \__ \   | |     |  _/  / _ \  \__ \ \__ \ | _|  | |) |
   |_|   |___| |___/   |_|     |_|   /_/ \_\ |___/ |___/ |___| |___/ 

TC34 - Delete a products categories
----------------------------------------------------------------------
]]></system-out>
  </testcase>
  <testcase name="TC35 - Delete a products categories by invalid ID with character symbols" classname="[04_Automation] - Product Categories" time="0.097">
    <system-out><![CDATA[
Scenario: TC35 - Delete a products categories by invalid ID with character symbols              &amp#27;[90m# src/test/resources/ProductCategories.feature:62&amp#27;[0m
04:23:57.795 [main] INFO io.cucumber.core.plugin.SerenityReporter -- Running feature from file:///D:/TaksAlterra/MiniProject/MiniProject_API/src/test/resources/ProductCategories.feature
04:23:57.795 [main] WARN io.cucumber.core.plugin.SerenityReporter -- Feature from file:///D:/TaksAlterra/MiniProject/MiniProject_API/src/test/resources/ProductCategories.feature is not under the 'features' directory. Requirements report will not be correctly generated!
04:23:57.796 [main] INFO  -- 
  _____   ___   ___   _____     ___   _____     _     ___   _____   ___   ___  
 |_   _| | __| / __| |_   _|   / __| |_   _|   /_\   | _ \ |_   _| | __| |   \ 
   | |   | _|  \__ \   | |     \__ \   | |    / _ \  |   /   | |   | _|  | |) |
   |_|   |___| |___/   |_|     |___/   |_|   /_/ \_\ |_|_\   |_|   |___| |___/ 

TC35 - Delete a products categories by invalid ID with character symbols([04-automation]---product-categories;tc35---delete-a-products-categories-by-invalid-id-with-character-symbols)
--------------------------------------------------------------------------------
04:23:57.798 [main] DEBUG net.thucydides.core.steps.StepInterceptor -- STARTING STEP: ProductCategoriesSteps.deleteProductsCategoriesEndpointsByID - I DELETE a product categories endpoints by ID
04:23:57.799 [main] DEBUG net.thucydides.core.steps.StepInterceptor -- STEP DONE: I DELETE a product categories endpoints by ID
  &amp#27;[32mGiven &amp#27;[0m&amp#27;[32mI DELETE a product categories endpoints by ID&amp#27;[0m                                           &amp#27;[90m# starter.stepdefinition.ProductCategoriesSteps.deleteProductsCategoriesEndpointsByID()&amp#27;[0m
04:23:57.800 [main] DEBUG net.thucydides.core.steps.StepInterceptor -- STARTING STEP: ProductCategoriesSteps.deleteHTTPRequestWithInvalidIDWithCharacterSymbols - I DELETE HTTP request with invalid ID with character symbols
04:23:57.801 [main] DEBUG net.thucydides.core.steps.StepInterceptor -- STARTING STEP: ProductCategories.deleteHTTPRequestWithInvalidIDWithCharacterSymbols - I DELETE a product categories endpoints by ID
04:23:57.801 [main] DEBUG net.thucydides.core.steps.StepInterceptor -- STEP DONE: I DELETE a product categories endpoints by ID
04:23:57.805 [main] DEBUG org.apache.http.impl.conn.BasicClientConnectionManager -- Get connection for route {s}->https://altashop-api.fly.dev:443
04:23:57.805 [main] DEBUG org.apache.http.impl.conn.DefaultClientConnectionOperator -- Connecting to altashop-api.fly.dev:443
04:23:57.856 [main] DEBUG org.apache.http.client.protocol.RequestAddCookies -- CookieSpec selected: ignoreCookies
04:23:57.856 [main] DEBUG org.apache.http.client.protocol.RequestAuthCache -- Auth cache not set in the context
04:23:57.856 [main] DEBUG org.apache.http.client.protocol.RequestTargetAuthentication -- Target auth state: UNCHALLENGED
04:23:57.856 [main] DEBUG org.apache.http.client.protocol.RequestProxyAuthentication -- Proxy auth state: UNCHALLENGED
04:23:57.856 [main] DEBUG org.apache.http.impl.client.DefaultHttpClient -- Attempt 1 to execute request
04:23:57.856 [main] DEBUG org.apache.http.impl.conn.DefaultClientConnection -- Sending request: DELETE /api/categories/-11382 HTTP/1.1
04:23:57.856 [main] DEBUG org.apache.http.wire --  >> "DELETE /api/categories/-11382 HTTP/1.1[\r][\n]"
04:23:57.856 [main] DEBUG org.apache.http.wire --  >> "Accept: */*[\r][\n]"
04:23:57.856 [main] DEBUG org.apache.http.wire --  >> "Host: altashop-api.fly.dev[\r][\n]"
04:23:57.856 [main] DEBUG org.apache.http.wire --  >> "Connection: Keep-Alive[\r][\n]"
04:23:57.856 [main] DEBUG org.apache.http.wire --  >> "User-Agent: Apache-HttpClient/4.5.13 (Java/17.0.8)[\r][\n]"
04:23:57.856 [main] DEBUG org.apache.http.wire --  >> "Accept-Encoding: gzip,deflate[\r][\n]"
04:23:57.856 [main] DEBUG org.apache.http.wire --  >> "[\r][\n]"
04:23:57.856 [main] DEBUG org.apache.http.headers -- >> DELETE /api/categories/-11382 HTTP/1.1
04:23:57.856 [main] DEBUG org.apache.http.headers -- >> Accept: */*
04:23:57.856 [main] DEBUG org.apache.http.headers -- >> Host: altashop-api.fly.dev
04:23:57.856 [main] DEBUG org.apache.http.headers -- >> Connection: Keep-Alive
04:23:57.856 [main] DEBUG org.apache.http.headers -- >> User-Agent: Apache-HttpClient/4.5.13 (Java/17.0.8)
04:23:57.856 [main] DEBUG org.apache.http.headers -- >> Accept-Encoding: gzip,deflate
04:23:57.883 [main] DEBUG org.apache.http.wire --  << "HTTP/1.1 500 Internal Server Error[\r][\n]"
04:23:57.883 [main] DEBUG org.apache.http.wire --  << "content-type: application/json[\r][\n]"
04:23:57.883 [main] DEBUG org.apache.http.wire --  << "date: Mon, 30 Oct 2023 21:23:59 GMT[\r][\n]"
04:23:57.883 [main] DEBUG org.apache.http.wire --  << "content-encoding: gzip[\r][\n]"
04:23:57.883 [main] DEBUG org.apache.http.wire --  << "transfer-encoding: chunked[\r][\n]"
04:23:57.883 [main] DEBUG org.apache.http.wire --  << "server: Fly/7328d5b5 (2023-10-27)[\r][\n]"
04:23:57.883 [main] DEBUG org.apache.http.wire --  << "via: 1.1 fly.io[\r][\n]"
04:23:57.883 [main] DEBUG org.apache.http.wire --  << "fly-request-id: 01HE17HNSDVPSMTBYRSFFZ3TMT-sin[\r][\n]"
04:23:57.883 [main] DEBUG org.apache.http.wire --  << "[\r][\n]"
04:23:57.883 [main] DEBUG org.apache.http.impl.conn.DefaultClientConnection -- Receiving response: HTTP/1.1 500 Internal Server Error
04:23:57.883 [main] DEBUG org.apache.http.headers -- << HTTP/1.1 500 Internal Server Error
04:23:57.883 [main] DEBUG org.apache.http.headers -- << content-type: application/json
04:23:57.883 [main] DEBUG org.apache.http.headers -- << date: Mon, 30 Oct 2023 21:23:59 GMT
04:23:57.883 [main] DEBUG org.apache.http.headers -- << content-encoding: gzip
04:23:57.883 [main] DEBUG org.apache.http.headers -- << transfer-encoding: chunked
04:23:57.883 [main] DEBUG org.apache.http.headers -- << server: Fly/7328d5b5 (2023-10-27)
04:23:57.883 [main] DEBUG org.apache.http.headers -- << via: 1.1 fly.io
04:23:57.883 [main] DEBUG org.apache.http.headers -- << fly-request-id: 01HE17HNSDVPSMTBYRSFFZ3TMT-sin
04:23:57.883 [main] DEBUG org.apache.http.impl.client.DefaultHttpClient -- Connection can be kept alive indefinitely
04:23:57.883 [main] DEBUG io.restassured.internal.RestAssuredHttpBuilder -- Parsing response as: application/json
04:23:57.883 [main] DEBUG org.apache.http.wire --  << "5C[\r][\n]"
04:23:57.883 [main] DEBUG org.apache.http.wire --  << "[0x1f][0x8b][0x8][0x0][0x0][0x0][0x0][0x0][0x4][0xff][0xab]VJ-*[0xca]/R[0xb2]R2[0xb4]01137110767[0xb0]451026Q[0xc8],VH/JM,I-R([0xc9]H[0xcc]S[0xc8]M[0xac][0xc8][0xcc]-[0xcd]U(K[0xcc])MUH[0xcb]/R[0xf0][0xcc]+1Q[0xaa][0xe5][0x2][0x0]Q[0x15][0xe6]-H[0x0][0x0][0x0]"
04:23:57.883 [main] DEBUG org.apache.http.wire --  << "[\r][\n]"
04:23:57.883 [main] DEBUG org.apache.http.wire --  << "0[\r][\n]"
04:23:57.883 [main] DEBUG org.apache.http.wire --  << "[\r][\n]"
04:23:57.883 [main] DEBUG io.restassured.internal.RestAssuredHttpBuilder -- Parsed data to instance of: class org.apache.http.conn.EofSensorInputStream
04:23:57.884 [main] DEBUG org.apache.http.impl.conn.BasicClientConnectionManager -- Releasing connection org.apache.http.impl.conn.ManagedClientConnectionImpl@6015c745
04:23:57.884 [main] DEBUG org.apache.http.impl.conn.BasicClientConnectionManager -- Connection can be kept alive indefinitely
04:23:57.885 [main] DEBUG net.thucydides.core.steps.StepInterceptor -- STEP DONE: I DELETE HTTP request with invalid ID with character symbols
  &amp#27;[32mWhen &amp#27;[0m&amp#27;[32mI DELETE HTTP request with invalid ID with character symbols&amp#27;[0m                             &amp#27;[90m# starter.stepdefinition.ProductCategoriesSteps.deleteHTTPRequestWithInvalidIDWithCharacterSymbols()&amp#27;[0m
04:23:57.885 [main] DEBUG net.thucydides.core.steps.StepInterceptor -- STARTING STEP: ProductCategoriesSteps.receiveResponseCode500ForDeleteProductsCategoriesWithCharacterSymbols - I receive valid HTTP response 500 for delete a product categories with character symbols
04:23:57.886 [main] DEBUG net.thucydides.core.steps.StepInterceptor -- STEP DONE: I receive valid HTTP response 500 for delete a product categories with character symbols
  &amp#27;[32mThen &amp#27;[0m&amp#27;[32mI receive valid HTTP response 500 for delete a product categories with character symbols&amp#27;[0m &amp#27;[90m# starter.stepdefinition.ProductCategoriesSteps.receiveResponseCode500ForDeleteProductsCategoriesWithCharacterSymbols()&amp#27;[0m
04:23:57.887 [main] INFO  -- 
  _____   ___   ___   _____     ___     _     ___   ___   ___   ___  
 |_   _| | __| / __| |_   _|   | _ \   /_\   / __| / __| | __| |   \ 
   | |   | _|  \__ \   | |     |  _/  / _ \  \__ \ \__ \ | _|  | |) |
   |_|   |___| |___/   |_|     |_|   /_/ \_\ |___/ |___/ |___| |___/ 

TC35 - Delete a products categories by invalid ID with character symbols
----------------------------------------------------------------------
]]></system-out>
  </testcase>
  <testcase name="TC36 - Delete a categories by invalid ID with character alphabet" classname="[04_Automation] - Product Categories" time="0.092">
    <system-out><![CDATA[
Scenario: TC36 - Delete a categories by invalid ID with character alphabet                       &amp#27;[90m# src/test/resources/ProductCategories.feature:67&amp#27;[0m
04:23:57.892 [main] INFO io.cucumber.core.plugin.SerenityReporter -- Running feature from file:///D:/TaksAlterra/MiniProject/MiniProject_API/src/test/resources/ProductCategories.feature
04:23:57.892 [main] WARN io.cucumber.core.plugin.SerenityReporter -- Feature from file:///D:/TaksAlterra/MiniProject/MiniProject_API/src/test/resources/ProductCategories.feature is not under the 'features' directory. Requirements report will not be correctly generated!
04:23:57.893 [main] INFO  -- 
  _____   ___   ___   _____     ___   _____     _     ___   _____   ___   ___  
 |_   _| | __| / __| |_   _|   / __| |_   _|   /_\   | _ \ |_   _| | __| |   \ 
   | |   | _|  \__ \   | |     \__ \   | |    / _ \  |   /   | |   | _|  | |) |
   |_|   |___| |___/   |_|     |___/   |_|   /_/ \_\ |_|_\   |_|   |___| |___/ 

TC36 - Delete a categories by invalid ID with character alphabet([04-automation]---product-categories;tc36---delete-a-categories-by-invalid-id-with-character-alphabet)
--------------------------------------------------------------------------------
04:23:57.896 [main] DEBUG net.thucydides.core.steps.StepInterceptor -- STARTING STEP: ProductCategoriesSteps.deleteProducstCategoriesEndpointsByID2 - I DELETE a product categories endpoints by ID 2
04:23:57.896 [main] DEBUG net.thucydides.core.steps.StepInterceptor -- STEP DONE: I DELETE a product categories endpoints by ID 2
  &amp#27;[32mGiven &amp#27;[0m&amp#27;[32mI DELETE a product categories endpoints by ID 2&amp#27;[0m                                          &amp#27;[90m# starter.stepdefinition.ProductCategoriesSteps.deleteProducstCategoriesEndpointsByID2()&amp#27;[0m
04:23:57.897 [main] DEBUG net.thucydides.core.steps.StepInterceptor -- STARTING STEP: ProductCategoriesSteps.deleteHTTPRequestWithInvalidIDWithCharacterAlphabet - I DELETE HTTP request with invalid ID with character alphabet
04:23:57.897 [main] DEBUG net.thucydides.core.steps.StepInterceptor -- STARTING STEP: ProductCategories.deleteHTTPRequestWithInvalidIDWithCharacterAlphabet - I DELETE a product categories endpoints by ID 2
04:23:57.897 [main] DEBUG net.thucydides.core.steps.StepInterceptor -- STEP DONE: I DELETE a product categories endpoints by ID 2
04:23:57.902 [main] DEBUG org.apache.http.impl.conn.BasicClientConnectionManager -- Get connection for route {s}->https://altashop-api.fly.dev:443
04:23:57.902 [main] DEBUG org.apache.http.impl.conn.DefaultClientConnectionOperator -- Connecting to altashop-api.fly.dev:443
04:23:57.950 [main] DEBUG org.apache.http.client.protocol.RequestAddCookies -- CookieSpec selected: ignoreCookies
04:23:57.950 [main] DEBUG org.apache.http.client.protocol.RequestAuthCache -- Auth cache not set in the context
04:23:57.950 [main] DEBUG org.apache.http.client.protocol.RequestTargetAuthentication -- Target auth state: UNCHALLENGED
04:23:57.950 [main] DEBUG org.apache.http.client.protocol.RequestProxyAuthentication -- Proxy auth state: UNCHALLENGED
04:23:57.950 [main] DEBUG org.apache.http.impl.client.DefaultHttpClient -- Attempt 1 to execute request
04:23:57.950 [main] DEBUG org.apache.http.impl.conn.DefaultClientConnection -- Sending request: DELETE /api/categories/satu HTTP/1.1
04:23:57.950 [main] DEBUG org.apache.http.wire --  >> "DELETE /api/categories/satu HTTP/1.1[\r][\n]"
04:23:57.950 [main] DEBUG org.apache.http.wire --  >> "Accept: */*[\r][\n]"
04:23:57.950 [main] DEBUG org.apache.http.wire --  >> "Host: altashop-api.fly.dev[\r][\n]"
04:23:57.950 [main] DEBUG org.apache.http.wire --  >> "Connection: Keep-Alive[\r][\n]"
04:23:57.950 [main] DEBUG org.apache.http.wire --  >> "User-Agent: Apache-HttpClient/4.5.13 (Java/17.0.8)[\r][\n]"
04:23:57.950 [main] DEBUG org.apache.http.wire --  >> "Accept-Encoding: gzip,deflate[\r][\n]"
04:23:57.950 [main] DEBUG org.apache.http.wire --  >> "[\r][\n]"
04:23:57.950 [main] DEBUG org.apache.http.headers -- >> DELETE /api/categories/satu HTTP/1.1
04:23:57.950 [main] DEBUG org.apache.http.headers -- >> Accept: */*
04:23:57.950 [main] DEBUG org.apache.http.headers -- >> Host: altashop-api.fly.dev
04:23:57.950 [main] DEBUG org.apache.http.headers -- >> Connection: Keep-Alive
04:23:57.950 [main] DEBUG org.apache.http.headers -- >> User-Agent: Apache-HttpClient/4.5.13 (Java/17.0.8)
04:23:57.950 [main] DEBUG org.apache.http.headers -- >> Accept-Encoding: gzip,deflate
04:23:57.975 [main] DEBUG org.apache.http.wire --  << "HTTP/1.1 400 Bad Request[\r][\n]"
04:23:57.975 [main] DEBUG org.apache.http.wire --  << "content-type: application/json[\r][\n]"
04:23:57.975 [main] DEBUG org.apache.http.wire --  << "date: Mon, 30 Oct 2023 21:23:59 GMT[\r][\n]"
04:23:57.975 [main] DEBUG org.apache.http.wire --  << "content-encoding: gzip[\r][\n]"
04:23:57.975 [main] DEBUG org.apache.http.wire --  << "transfer-encoding: chunked[\r][\n]"
04:23:57.975 [main] DEBUG org.apache.http.wire --  << "server: Fly/7328d5b5 (2023-10-27)[\r][\n]"
04:23:57.975 [main] DEBUG org.apache.http.wire --  << "via: 1.1 fly.io[\r][\n]"
04:23:57.975 [main] DEBUG org.apache.http.wire --  << "fly-request-id: 01HE17HNW9Q3N722P6XCCGA4VB-sin[\r][\n]"
04:23:57.975 [main] DEBUG org.apache.http.wire --  << "[\r][\n]"
04:23:57.975 [main] DEBUG org.apache.http.impl.conn.DefaultClientConnection -- Receiving response: HTTP/1.1 400 Bad Request
04:23:57.975 [main] DEBUG org.apache.http.headers -- << HTTP/1.1 400 Bad Request
04:23:57.975 [main] DEBUG org.apache.http.headers -- << content-type: application/json
04:23:57.975 [main] DEBUG org.apache.http.headers -- << date: Mon, 30 Oct 2023 21:23:59 GMT
04:23:57.975 [main] DEBUG org.apache.http.headers -- << content-encoding: gzip
04:23:57.975 [main] DEBUG org.apache.http.headers -- << transfer-encoding: chunked
04:23:57.975 [main] DEBUG org.apache.http.headers -- << server: Fly/7328d5b5 (2023-10-27)
04:23:57.975 [main] DEBUG org.apache.http.headers -- << via: 1.1 fly.io
04:23:57.975 [main] DEBUG org.apache.http.headers -- << fly-request-id: 01HE17HNW9Q3N722P6XCCGA4VB-sin
04:23:57.975 [main] DEBUG org.apache.http.impl.client.DefaultHttpClient -- Connection can be kept alive indefinitely
04:23:57.976 [main] DEBUG io.restassured.internal.RestAssuredHttpBuilder -- Parsing response as: application/json
04:23:57.976 [main] DEBUG org.apache.http.wire --  << "4F[\r][\n]"
04:23:57.976 [main] DEBUG org.apache.http.wire --  << "[0x1f][0x8b][0x8][0x0][0x0][0x0][0x0][0x0][0x4][0xff][0xab]VJ-*[0xca]/R[0xb2]R*.)J[0xce][0xcf]+[0xd3]s,[0xc9][0xcf][0xb4]R(H,*[0xce][0xcc]KW[0x88]Q*N,)[0x8d]Q[0xb2]R[0xc8][0xcc]+K[0xcc][0xc9]LQ([0xae][0xcc]+I[0xac]P[0xaa][0xe5][0x2][0x0]n[0x13][0x8b][0x82];[0x0][0x0][0x0]"
04:23:57.976 [main] DEBUG org.apache.http.wire --  << "[\r][\n]"
04:23:57.976 [main] DEBUG org.apache.http.wire --  << "0[\r][\n]"
04:23:57.976 [main] DEBUG org.apache.http.wire --  << "[\r][\n]"
04:23:57.976 [main] DEBUG io.restassured.internal.RestAssuredHttpBuilder -- Parsed data to instance of: class org.apache.http.conn.EofSensorInputStream
04:23:57.976 [main] DEBUG org.apache.http.impl.conn.BasicClientConnectionManager -- Releasing connection org.apache.http.impl.conn.ManagedClientConnectionImpl@593db293
04:23:57.976 [main] DEBUG org.apache.http.impl.conn.BasicClientConnectionManager -- Connection can be kept alive indefinitely
04:23:57.976 [main] DEBUG net.thucydides.core.steps.StepInterceptor -- STEP DONE: I DELETE HTTP request with invalid ID with character alphabet
  &amp#27;[32mWhen &amp#27;[0m&amp#27;[32mI DELETE HTTP request with invalid ID with character alphabet&amp#27;[0m                             &amp#27;[90m# starter.stepdefinition.ProductCategoriesSteps.deleteHTTPRequestWithInvalidIDWithCharacterAlphabet()&amp#27;[0m
04:23:57.979 [main] DEBUG net.thucydides.core.steps.StepInterceptor -- STARTING STEP: ProductCategoriesSteps.receiveResponseCode400ForDeleteProductsCategoriesWithCharacterAlphabet - I receive valid HTTP response 400 for delete a product categories with character alphabet
04:23:57.979 [main] DEBUG net.thucydides.core.steps.StepInterceptor -- STEP DONE: I receive valid HTTP response 400 for delete a product categories with character alphabet
  &amp#27;[32mThen &amp#27;[0m&amp#27;[32mI receive valid HTTP response 400 for delete a product categories with character alphabet&amp#27;[0m &amp#27;[90m# starter.stepdefinition.ProductCategoriesSteps.receiveResponseCode400ForDeleteProductsCategoriesWithCharacterAlphabet()&amp#27;[0m
04:23:57.980 [main] INFO  -- 
  _____   ___   ___   _____     ___     _     ___   ___   ___   ___  
 |_   _| | __| / __| |_   _|   | _ \   /_\   / __| / __| | __| |   \ 
   | |   | _|  \__ \   | |     |  _/  / _ \  \__ \ \__ \ | _|  | |) |
   |_|   |___| |___/   |_|     |_|   /_/ \_\ |___/ |___/ |___| |___/ 

TC36 - Delete a categories by invalid ID with character alphabet
----------------------------------------------------------------------
]]></system-out>
  </testcase>
  <testcase name="TC37 - Get all products" classname="[05_Automation] - Product" time="1.167">
    <system-out><![CDATA[04:23:57.981 [main] INFO io.cucumber.core.plugin.SerenityReporter -- Running feature from file:///D:/TaksAlterra/MiniProject/MiniProject_API/src/test/resources/Products.feature
04:23:57.981 [main] WARN io.cucumber.core.plugin.SerenityReporter -- Feature from file:///D:/TaksAlterra/MiniProject/MiniProject_API/src/test/resources/Products.feature is not under the 'features' directory. Requirements report will not be correctly generated!
04:23:57.981 [main] DEBUG net.thucydides.core.steps.StepEventBus -- Test suite started for story net.thucydides.core.model.Story@6d4c1ca7
04:23:57.982 [main] INFO  -- Test Suite Started: [05_Automation] - Product

Scenario: TC37 - Get all products                             &amp#27;[90m# src/test/resources/Products.feature:3&amp#27;[0m
04:23:57.985 [main] INFO io.cucumber.core.plugin.SerenityReporter -- Running feature from file:///D:/TaksAlterra/MiniProject/MiniProject_API/src/test/resources/Products.feature
04:23:57.985 [main] WARN io.cucumber.core.plugin.SerenityReporter -- Feature from file:///D:/TaksAlterra/MiniProject/MiniProject_API/src/test/resources/Products.feature is not under the 'features' directory. Requirements report will not be correctly generated!
04:23:57.986 [main] INFO  -- 
  _____   ___   ___   _____     ___   _____     _     ___   _____   ___   ___  
 |_   _| | __| / __| |_   _|   / __| |_   _|   /_\   | _ \ |_   _| | __| |   \ 
   | |   | _|  \__ \   | |     \__ \   | |    / _ \  |   /   | |   | _|  | |) |
   |_|   |___| |___/   |_|     |___/   |_|   /_/ \_\ |_|_\   |_|   |___| |___/ 

TC37 - Get all products([05-automation]---product;tc37---get-all-products)
--------------------------------------------------------------------------------
04:23:58.001 [main] DEBUG net.thucydides.core.steps.StepInterceptor -- STARTING STEP: ProductsSteps.getAllProductEndpoints - I GET all products endpoints
04:23:58.001 [main] DEBUG net.thucydides.core.steps.StepInterceptor -- STEP DONE: I GET all products endpoints
  &amp#27;[32mGiven &amp#27;[0m&amp#27;[32mI GET all products endpoints&amp#27;[0m                          &amp#27;[90m# starter.stepdefinition.ProductsSteps.getAllProductEndpoints()&amp#27;[0m
04:23:58.003 [main] DEBUG net.thucydides.core.steps.StepInterceptor -- STARTING STEP: ProductsSteps.getHTTPRequestWithValidEndpointsAllProducts - I GET HTTP request with valid endpoints all products
04:23:58.003 [main] DEBUG net.thucydides.core.steps.StepInterceptor -- STARTING STEP: Products.getHTTPRequestWithValidEndpointsAllProducts - I GET all products endpoints
04:23:58.003 [main] DEBUG net.thucydides.core.steps.StepInterceptor -- STEP DONE: I GET all products endpoints
04:23:58.008 [main] DEBUG org.apache.http.impl.conn.BasicClientConnectionManager -- Get connection for route {s}->https://altashop-api.fly.dev:443
04:23:58.008 [main] DEBUG org.apache.http.impl.conn.DefaultClientConnectionOperator -- Connecting to altashop-api.fly.dev:443
04:23:58.059 [main] DEBUG org.apache.http.client.protocol.RequestAddCookies -- CookieSpec selected: ignoreCookies
04:23:58.059 [main] DEBUG org.apache.http.client.protocol.RequestAuthCache -- Auth cache not set in the context
04:23:58.059 [main] DEBUG org.apache.http.client.protocol.RequestTargetAuthentication -- Target auth state: UNCHALLENGED
04:23:58.059 [main] DEBUG org.apache.http.client.protocol.RequestProxyAuthentication -- Proxy auth state: UNCHALLENGED
04:23:58.059 [main] DEBUG org.apache.http.impl.client.DefaultHttpClient -- Attempt 1 to execute request
04:23:58.059 [main] DEBUG org.apache.http.impl.conn.DefaultClientConnection -- Sending request: GET /api/products HTTP/1.1
04:23:58.059 [main] DEBUG org.apache.http.wire --  >> "GET /api/products HTTP/1.1[\r][\n]"
04:23:58.059 [main] DEBUG org.apache.http.wire --  >> "Accept: */*[\r][\n]"
04:23:58.059 [main] DEBUG org.apache.http.wire --  >> "Host: altashop-api.fly.dev[\r][\n]"
04:23:58.059 [main] DEBUG org.apache.http.wire --  >> "Connection: Keep-Alive[\r][\n]"
04:23:58.059 [main] DEBUG org.apache.http.wire --  >> "User-Agent: Apache-HttpClient/4.5.13 (Java/17.0.8)[\r][\n]"
04:23:58.059 [main] DEBUG org.apache.http.wire --  >> "Accept-Encoding: gzip,deflate[\r][\n]"
04:23:58.059 [main] DEBUG org.apache.http.wire --  >> "[\r][\n]"
04:23:58.059 [main] DEBUG org.apache.http.headers -- >> GET /api/products HTTP/1.1
04:23:58.059 [main] DEBUG org.apache.http.headers -- >> Accept: */*
04:23:58.059 [main] DEBUG org.apache.http.headers -- >> Host: altashop-api.fly.dev
04:23:58.059 [main] DEBUG org.apache.http.headers -- >> Connection: Keep-Alive
04:23:58.059 [main] DEBUG org.apache.http.headers -- >> User-Agent: Apache-HttpClient/4.5.13 (Java/17.0.8)
04:23:58.059 [main] DEBUG org.apache.http.headers -- >> Accept-Encoding: gzip,deflate
04:23:59.110 [main] DEBUG org.apache.http.wire --  << "HTTP/1.1 200 OK[\r][\n]"
04:23:59.110 [main] DEBUG org.apache.http.wire --  << "content-type: application/json[\r][\n]"
04:23:59.110 [main] DEBUG org.apache.http.wire --  << "date: Mon, 30 Oct 2023 21:24:00 GMT[\r][\n]"
04:23:59.110 [main] DEBUG org.apache.http.wire --  << "transfer-encoding: chunked[\r][\n]"
04:23:59.110 [main] DEBUG org.apache.http.wire --  << "content-encoding: gzip[\r][\n]"
04:23:59.110 [main] DEBUG org.apache.http.wire --  << "server: Fly/7328d5b5 (2023-10-27)[\r][\n]"
04:23:59.110 [main] DEBUG org.apache.http.wire --  << "via: 1.1 fly.io[\r][\n]"
04:23:59.110 [main] DEBUG org.apache.http.wire --  << "fly-request-id: 01HE17HNZP783AJP35BRH31Q7E-sin[\r][\n]"
04:23:59.110 [main] DEBUG org.apache.http.wire --  << "[\r][\n]"
04:23:59.110 [main] DEBUG org.apache.http.impl.conn.DefaultClientConnection -- Receiving response: HTTP/1.1 200 OK
04:23:59.110 [main] DEBUG org.apache.http.headers -- << HTTP/1.1 200 OK
04:23:59.110 [main] DEBUG org.apache.http.headers -- << content-type: application/json
04:23:59.110 [main] DEBUG org.apache.http.headers -- << date: Mon, 30 Oct 2023 21:24:00 GMT
04:23:59.110 [main] DEBUG org.apache.http.headers -- << transfer-encoding: chunked
04:23:59.110 [main] DEBUG org.apache.http.headers -- << content-encoding: gzip
04:23:59.110 [main] DEBUG org.apache.http.headers -- << server: Fly/7328d5b5 (2023-10-27)
04:23:59.110 [main] DEBUG org.apache.http.headers -- << via: 1.1 fly.io
04:23:59.110 [main] DEBUG org.apache.http.headers -- << fly-request-id: 01HE17HNZP783AJP35BRH31Q7E-sin
04:23:59.110 [main] DEBUG org.apache.http.impl.client.DefaultHttpClient -- Connection can be kept alive indefinitely
04:23:59.110 [main] DEBUG io.restassured.internal.RestAssuredHttpBuilder -- Parsing response as: application/json
04:23:59.110 [main] DEBUG org.apache.http.wire --  << "119[\r][\n]"
04:23:59.110 [main] DEBUG org.apache.http.wire --  << "[0x1f][0x8b][0x8][0x0][0x0][0x0][0x0][0x0][0x4][0xff][0xaa]VJI,IT[0xb2][0x8a][0xae]V[0xf2]tQ[0xb2][0xb2]0556[0xd4]Q[0xf2]K[0xcc]MU[0xb2]RJO[0xcc][0xcd][0xcc]KW[0xd2]QrI-N.[0xca],([0xc9][0xcc][0xcf]S[0xb2]RJ[0xcb]/R[0x80]H)[0x14][0x94][0x16][0x15][0xe4][0x17][0xa7][0x16]+[0xe9]([0x5][0x14]e&[0xa7]*Y[0x19][0xe8]([0x5]%[0x96]d[0xe6][0xa5][0x17]+Y[0x19][0xea](9'[0x96][0xa4][0xa6][0xe7][0x17]e[0xa6][0x16]+YE[0xc7][0xd6][0xea] [0xac]1[0x82][[0x13][0x9c][0x9f]W[0xa9][0x10][0x10]l[0x8a]aQANb[0xa5]BFb[0xb1]B^[0xbe]BNfnf[0x9][0x92]=F[0x96][0x96]H6[0x99][0xe0][0xb3][0xc9][0x84][0x9a]6[0x99][0xe2][0xb3][0xc9][0x94]n6[0x99][0xc1]m[\n]"
04:23:59.110 [main] DEBUG org.apache.http.wire --  << "r[0x8c]r[\r][0xc2][0x8]:'W[0x85][0x10][0xf]W[0x85][0x0][0xcf]`O?[0x5]?[0x85]H[0xff][0xd0] [0x85][0x10]WG_D\[0x19][0x1b] [0xc7][0x96]1>[0x9f][0x99]S[0xc3]>S[0x14][0xfb][0xf0][0x85][0xa4][0x89][0x1][0xdc]>*[0xa4][0xe]|[0xe9][0xd0][0x4][0x91][0xdc][0xa9]`[0x13][0xbe]thbLM?[0x19][0xe0][0x89]-[0x13][0xaa][0xa6]x[0xbc]~[0xa2]j[0x8a]7[0xc2][0xe7]'D[0x8a]':[0x9e][0x0][0x0][0x0][0x0][0xff][0xff]"
04:23:59.110 [main] DEBUG org.apache.http.wire --  << "[\r][\n]"
04:23:59.110 [main] DEBUG org.apache.http.wire --  << "1EB[\r][\n]"
04:23:59.110 [main] DEBUG org.apache.http.wire --  << ""[0xaf][0xbc]0A[0xa4]u*[0xd8][0x84]7[0xed]Y[0xd2]+E[0x98]R5[0x95][0xe3]K{[0xa6]TM[0x11]xm[0xa2]j<[0xe1][0xb5][0x89]n[0xf1]dF[0xd5]x[0xc2]W[0xc2][0x9a]Q5?[0xe1][0xb]=3[0xb]j[0xa6]r|~2[0xa7]j[0xad][0x81][0xaf]42G[0xb4]^|[0x13][0xf3][0xd2][0xf3]1[0xea]_[0xb7][0xa2][0xd2][0xcc][0x12][0x85][0xf4][0xfc][0xfc][0x14]Duki[0x80]R[0xff][0xe1][0xb]3sD]A[0xb6][0xf9][0xf8]J[0x1e]sD[\r]A[0xb6][0xf9]xc[0x82]n[0xa5][0x80]9"[0x1d][0xbb]%&[0x97](8g[0xa4]&g+8[0xe6]$[0x95][0xe6]bD[\n]"
04:23:59.110 [main] DEBUG org.apache.http.wire --  << "XT[0x1]I[0x99][0x9f]s[0x88][0x82][0xa1][0x91]9"[0x8a][0xc]Q[0xa3][0x8][0xaf][0x17][0x11][0xc5][0x8f]KQbz~[0x1e]8[0xca]1[0xec][0x84][0x89]B[0x9b][0xc7]h[0x16][0xe0]M[0x3]T[0xcd]7[0xf8]l[0xb2]@[0xa4]f*[0xd4]xxmB[0xa4];*[0xd8][0x84]/z,[0x10][0xe9][0x82][\n]"
04:23:59.110 [main] DEBUG org.apache.http.wire --  << "6[0xe1][0xf5][0x13][0xdd][0xe2][0xc9][0x92][0xaa][0xe5][0x1b]>?Y[0xd2]-EX"J:[0xda][0xc6][0x93][0x19][0xa8][0xf0][0x85]vlim[0x13][0xbd]B[0xcf][0xcc][0x80][0xaa][0xf9][0x9]O[0x8a]03[0xa0]W~23[0xa0]W~23[0xa4]W~23[0xa4][[0x8a]0[0xa4][[0x8a]0[0xa4][[0x8a]0[0xa4]W[0xfb][0xdb][0xcc][0x88]n6[0x19][0xd3]-[0xed][0x19][0xd3][0xab]-ffL[0xb7][0x14]a[0x8c]h|[0xd1][0xb8],7[0xa6][idL[0xb7][0xb4]G[0xdd][0xd1]5|[0xb5][0x6]uG[0xd7][0xf0][0xda]D[0xb7][0x12][0x96]n[0xe3]xf[0xd4][0x1d][0xc7][0xc3][0x1b]zt+#L[0xe8]VFPw[0x1c][0xf]o[0xe8][0xd1][0xad][0x8c]0[0xa5][[0xad]A[0xb7][0x11]C3S[0xba][0xf5][0x0]L[0xe9][0xd6]6[0xa2][0xdb]([0xa8][0x99])[0xdd][0xf2][0x93])[0xdd][0xea]\S[0xfa][0xe5]'[0xba][0xd5][0xb9]ft[0xcb][0xb9][0xd4][0x1d]C[0xc6]W[0xee][0x99][0xd1][0xad][0xce]5[0xa3][[0x19]aF[0xb7]2[0xc2][0x8c]nu.[0xdd][0xc6][0xfa][0xcd][0xa8];[0xd6][0x8f]7[0xed][0xd1]-[0xe7]RwV[0x1][0x9f][0x9f][0xcc][0xa9]:[0xfb][0x83][0xd7]&[0xba][0xe5]\[0xa4][0x99][0xc][0x1a][0xf7][0xd4][0x90][0xe6]4hm[0x13][0xdd]r.[0xd2][0xec][0x6][0x15][0xfc][0x84]g&[0xdf][0xcc][0x9c]nu[0xae]9[0xdd]r.[0x0][0x0][0x0][0xff][0xff]"
04:23:59.110 [main] DEBUG org.apache.http.wire --  << "[\r][\n]"
04:23:59.111 [main] DEBUG org.apache.http.wire --  << "3F8[\r][\n]"
04:23:59.111 [main] DEBUG org.apache.http.wire --  << "[0xb2][0xa0][[0x9d]kA[0xb7][0x9c]K[0xb7][0xb9][0x1a]3[0xb][0xba][0xd5][0xb9][0x16]t[0xab]s-[0xe8][0x96]s[0xe9]6[0xff]dfA[0xb7]v[0xb9][0x5][0xdd][0xca][0x8][0xb][0xba][0x95][0x11]t[0x9b]S3[0xb3][0xa4][[0x19]A[0xb7][0xd9];3[0xfa][0xcd][0xde]Y[0xd2][0xad][0x8c][0xb0][0xa4]j[0x19][0x81][0xaf][0xce][0xb5][0xa4][[0xce][0xb5][0xa4][[0xce][0x5]-[0xcb][0xa5][0xcb],[0xab]9[0xdd][0xe6]s[0xcd][\r][0xe8][0x95]s[0xcd][\r][0xe8][0xd5].7[0xa7][0xdb][0xcc][0xb1][0xb9][0x1]U[0xf3][0x13][0x9e]^[0x8d]9[0xdd][0xe6][0xa8][0xcd][0xe9]6GmN[0xb7]9js[0xba][0xcd]Q[0x9b][0xd3]m[0x8e][0xda][0x9c]ns[0xd4][0xe6][0x86][0xf4]*a[0xcd][0x8d][0xe8][0xd5][0xab]17[0xa2][idD[0xaf][0xda][0xdd][0xdc][0x88]^[0xe3][0xe5][0xe6]F[0xf4][0xaa][0xdd][0xcd][0xe9][0xb6]j[0xc1][0x9c]n[0xab][0x16][0xcc][0x8d][0xe9][0x96][0xf6][0x8c][0xe9][0xd5][0xcf]5[0xa7][0xdb]J[0xc]s[0xba][0xad][0xc4]0[0xa7][0xdb]J[0xc]s[0xba][0xad][0xc4]0[0xa7][0xdb]J[0xc]s[0xba][0xad][0xc4]0[0xa7][0xdb]J[0xc]s[0x13][0xba][0xe5]\[0xba][0xad][0xc4]0[0xa7][0xdb]J[0xc]s[0x13][0xba][0xb5][0x96][0xe9][0xb6][0x12][0xc3][0x9c]n+1[0xcc]M[0xe8][0xd6][\n]"
04:23:59.111 [main] DEBUG org.apache.http.wire --  << "3[0xa1][0xd7][0x8][0x95]9[0xdd][0xd6]|[0x98][0xd3]m[0xcd][0x87][0xb9])[0xdd][0xca][0x8][0xa4]5[0x1f][0xc9][0xf9]I[0xa0][\r][0xc4][0xa8][0x9b][0x99][0x11]{?[0x90][0xf7][0xc2][0xe2][0x19][0xb5]1GZ[0xdb][0xe1][0x80][\r]`l[0x1][0xc1]n[0x5][0xbe][0x8e],[0xd2][0xa2][0xe]C"[0x1]5lE4X[0x89][0xb4][0x94][0x80]2"[0xdd][0x84]g[0x1b][0x87]9[0xd2]R[0x90][0xc4][0xa4]d[0xc][0x3][0x13][0x93][0x12][0x93][0x12][0xb1][0x87]/[0x9e][0xed][0xcc][0xe6][0xa6]t[0xcb][0xbc]t[[0xf6]aN[0xb7]e[0x1f][0xe6]t[[0xf6]aN[0xb7]e[0x1f][0xe6]t[[0xf6]aN[0xb7]e[0x1f][0xe6]f[0x88][0xfc]L[0x85][0xc9]c|[0xe5][0x15][0xdd][0x96]}[0x98][0x9b][0xd1]-[0xe7][0xd2]m1[0x86]9[0xd2]fR[0x1a][0xc7][0x13][0xdd][0x96]H[0x98]Sw[0xe1][0x2][0xbe][0xb4][0x87][0xb4]p[0xa1]$[0xb5][0xb8]D![0xb1] Q!1[0xb]T)[0xa0]V[0xf4][0x99]y[0x99][\n]"
04:23:59.111 [main] DEBUG org.apache.http.wire --  << " [0x5][0x88][0xda][0x82][0xf8][0xbd][0x98][0xe6]t[I`N[0xb7][0x95][0x4][0xe6]t[I`[0x8e][0xb4][0x92][0x0][0x14][0x3]4[0x8a]"[0xba]u[0x9c][0x90][0xa6][0xf6]i[0xe8][0x1d][0xba][0xf5]d[0x90][0xe6][0xda]i[0xe7][0x1d][0xba]M~[0x9b]#M~[0xd3][0xd0];t[0x1b][0xaf][0xa6][0xee]l4[0xbe][0x82][0xd4][0x12]12N[0xc3][0x80][0xa3][[0xb2][0xa6][0xdb]D[0xb4][0x5][0xd2]D4[0xcd][0x2][0xce][0x82]n3[0xc3][0x16][0x6][0x88][0xf1]p[0x1a]z[0x87]^[0xa5][0xb5][0x5][0xd2][0xa4]0[\r][0xbd][0x83]H[0xd6][0xb4][0xb3][0x4]i*[0x98][0x86][0x96] Ffhh[0x9][0xa2][0xf8][0xa4][0xa1]%[0xf4][0xea][0xfe]X[0xd0]m[0xee][0xd7][0x82]n;[0xa1]-[0xe8]6[0xcb]lA[0xb7]Yf[0xb]#D[0xc9]F[0xdb][0x8e][0x96][0x5][0xdd][0xe6][0xb3]-[0x8c][0xe8]V[0x90][0xd2]m[0xe6][0xdc][0x82]n3[0xe7][0x16]F[0x88]r[0x9b][0xd6])[0x2]1p[0x91][0x92][0x9a][0x97]Y[0x9c][0x8a]1[0x96]I[0xfc]i[0x97]xZq[0x16]H3[0xf4][0x9e][0x1][0x1e][0xfe]~[0xae][\n]"
04:23:59.111 [main] DEBUG org.apache.http.wire --  << "[0x86][0xa6][\n]"
04:23:59.111 [main] DEBUG org.apache.http.wire --  << "[0x1]A[0xfe][0xbe][0x8e][0x11][0x18]6[0x86][0x6][0xb8][0x7]9[0xba][0xb8]B[0x8e][0x86]tw[0xf5]s[0xf][0xf6]D[0xf4][0x8e][0x8d]L[\r][0xc0][0x0][0xe9][0x94]M[0xbc][0xf6]"[0xd6][0xc8][0xe1][0xf2][0x1f][0xe8][0x80][0xd0][0x9c][0xd4]b[0xd0][0x18]<[0xf4]4$[0xe4]!w[0xbc][0x86]#*%[0x17][0x1c][0x81]G[0x81][0xe1][0x88]R! [0xb1]([0xad]4[0x17]3j[0x12][0xf3]J2[0x15][0x92][0x12]K[0x15][0xb2]SKR[0xb3][0x11]a[0x4][0x1a]A[0x0][0xb5][0xfe][0xe0]'[0x9e][0xe2][0x19][0xca][0xb6]0FTz[0xc1][0xa9][0x5][0xa9])[0x89][\n]"
04:23:59.111 [main] DEBUG org.apache.http.wire --  << ">[0x99][0xc5]%E[0x99] [0xf3]P[0x87]*[0xa0][0xd2]9[0x10]i[0x85][0xbc][0xf4][0xd4][0xa4][0xd2][0x12][0x84][0xad]F[0xa0][0x19]![0xb8][0x95]x[0xc3][\r][0xa9]p[0xa0][0x97][0x95][0x88]^[0x4][0xd4][0x1b][0xb4][0xf7]%[0xdd]*z[0xa4]%[0x8][0x14]'[0x15]<SL[0x16]H[0xb][0x10]([0xb6][0x7]_[0xfa]@Z~@[{[0x10][0x85][0x3]m[0xed]A[0x94][0x13][0xb4][0xb5][0x87][0x8a]E[0x6][0xde][0xf8]A[0x14][0x19][0xb4][0xf5][0xf][0xa2][0x9c][0xa0][0xad]=H[0x85][0x3][0xe5][0x87]>[0xe3][\r]9[0xba][0x95][0x9]t[r`A[0xb7]%[0x7][0x16][0xa0][\n]"
04:23:59.111 [main] DEBUG org.apache.http.wire --  << "[0x86].[0x8b][0xf8]-[0xe8][0xb6][0x10][0xc0][0x82]n[0xc7]LX -9[0xa0]q[0xa3][0x12]i)[0x2][0xad]m[0xa2][[0xce][0xa5][0xdb]1[0x13][0x16]Hk[0xb]h[0x1d]z[0x88][0xc6]?[0x8d]m[0xa2][0xdb][0xdc][0xbc][0x5][0xdd][0xe6][0xe6]-[0xe8]67oA[0xb7][0xb9]y[0xb][0xa4]#[0x19]hZ[0xe3]"[0xad][0x1][0xa0][0xad]=[0x88][0x8e]4m[0xed]A[0xe4]$[0x9a][0xda]C[0xb7]C[0x1f],[0xe8][0xb6][0xce][0xc0][0x82]n[0xeb][0xc],[0xe8]v[0xe8][0x83][0x5][0xde][0x15][\r][0x0][0x0][0x0][0x0][0xff][0xff]"
04:23:59.111 [main] DEBUG org.apache.http.wire --  << "[\r][\n]"
04:23:59.111 [main] DEBUG org.apache.http.wire --  << "54A[\r][\n]"
04:23:59.111 [main] DEBUG org.apache.http.wire --  << "[0x82][0xde]WB[0x9d][0x81][0x15]sD[0x1b][0x99][0xc6]e8[0xdd][0xd6]NX[0x98][0xd3][0xad][0x95][0x8c][0xb4]J[0x83][0xd6][0xa1][0x87](!hl[0x13][0xdd][0x16][0x85]XX[0xd0][0xa9][0xff][0x8c][0xb4]$[0x84][0xa6][0xa5]+[0xd2][0x82][0x10]Z[0xc7][0x11][0xa2][0x7]Mk[0x9b][0x10][0xe5][0x3]m[0xc3][0xe][0xd1][0x12][0xa7][0xad]=[0x88][0xb2][0x81][0xb6][0xf6] Z[0xe][0xbe][0x89][0xb9][0x89]y[0xe9][\n]"
04:23:59.111 [main] DEBUG org.apache.http.wire --  << ">[0x89][0xe0][0xd1]N[0xd4]1Q|[0x85][0xb8][0xa5]%h[0xb2][0x9f][0xa8][0x11]Q[0xba][0xad]C[0xb1]@Z[0x87]B[0x85][0x94][0x87]o[0xb4][0x90]n[0x87]0X [0x1d][0xc2][0x10][0x2]Zk[0xe7][0x98]S[0x92]Z[0x84][0xb9][0xd4][0xe]_\[0xa1][0xde][0xdb][0x85]o[0x8][0x7]i=[\n]"
04:23:59.111 [main] DEBUG org.apache.http.wire --  << "[0x1d],C[0xa4]v[0x9a][f[0x9][0x9a]2[0x80][0xe][0xaf][0xd0]4k![0x9d][0xfa]@sOY[0x80][0xb2] [0xd4]ST[0xca][0xc7]x[0xd2][0xbc]%[0xd2]"[0x15][0x8a][0x83][0x10][0xaf]=[0x88][0xfa][0x83]b{[0xf0]$vK[0xa4]C[0x12]hh[0x8f][0xb9][0x1][0x96][0xc9]v[0x85]2C=C[0x8c][0xb9]Aj[0xe4]as[0x3],[0xb3][0xd3]4[0xb5][0xe][0x91][0x8b][0x15][0x14]h[0xe4]%[0xa4][0x9]VX[0xb9]NK/a[0xd9][0x9d]LS[0xeb][0x10][0xad][0x18][0xda][0x85] [0xa2][0xc6][0x87][0x85] [0x8d][0xe2][0x8a]^[Q[0xcd][\r][0xe8][0xb5]A[0xd4][0xdc][0xd0][0x8][0xd1][0x17][0xa0]R9[0x8b][0xbb]\27[0xc4]R^[0xe0][0x8e]+[0xfc]wt[0xe2][0xb5][0x6]1[0xa1][0xa6][0xa0]@[0xab][0x84]g[0x88]T[0x1a][0xd1]#[0xe8][0x10][0xc9]<[0xc2][0xc9]?[0x2][0xb3][0x88]u[0x83][0xdf][0xa3][0x8a][0x98][0xdb]7[0x1]U[0xa3]D[0xb4]d[0xcd][\r][0x91][0xca]![0x9a][0x18][0x8f][0xe8]f[0xd0][0xc2]x[0x92][0xf2][0xb][0xf9][0xe9][\n]"
04:23:59.111 [main] DEBUG org.apache.http.wire --  << "i7uPj^J"[0x96][0xdb]l]Rs2[0x93]3[0xf3]K[0x8b][0x15][0xca]R[0xd3][0x13][0xf3][0x14][0xd2]P[0xee]l[0x3]/[0x82]!j[0x9][0x8c][0xb9]![0xd2]L[0xa0]cNb[0x89]BHiN&h[0xb1][0xb]jG&4[0xaf][0xa4]4[!1/1[[0xa1]85;?'1[0x3][0x11][0xfb][0xc4]6[0x8e][0xcd][\r][0x91][0xc6][0xc4]CR[0x8b]R[0x15]|2+S[0x15][0x9c][0xf2][0xf3]1[0x17][0x93][0xe0][0xab][0xc8]1[0xd6][0xaf][0xa0]7[0x85] [0xd7][0xf5][0x1a][0x1b] [0x1f][0xf4][0xe6]T[0x9a]][0x8a]Q[0x6]8%&'*$[0x95]f[0x97]*T[0x96]f+*[0xd5]"[0xae][0xfa]57[0xa2][0xd7][0x12]vs#z[0x1d][0xa8]fn[0x84][0xd4][0xb4][0xa6]A[0xf6][0x0]_[0xcc][0xb]mL[0xd3][0xc4]x[0xc4]:[0x9][0xda][0xd6][0xc0][0xc6][0xf4]:f[0xcc][0xdc][0x18][0xa9][0x5]M[0xd8]Od[0x97]([0xc6]H[0xcb][0xc9][0x9][C[0xf0][0xde]j<u[0xa2]1[0xbd][0xce][0x18]376[0xa0][0xd3][0x90][0xa9][0xb9][0xb1]![0xa2][0xf1]B[0xe3][0xd0]C[0xaa]`|R[0xf3][0xf2][0xcb]0[0xaf][0xe8][0xcc]I,([0xc9]/@[0x14][0xbe][0x16][0xe0][0xe5][0x8e][0xc4]-I47F:=[0x83]6[0xe6]#Z[0xf]41[0x1f]i[0x89][0x7]m[0xcc]Gt[0x9c]ic>[0xa2]}B[0xb][0xf3]M[0xe8]u[0x1a][0x9e][0xb9][0x9][0xd2]"[0xe][0xda][0xb7]JM[0x90][0x96]Wd[0xa4][0xe6][0xe4][0xe4]+[0xa4][0x95][0x96][0x94][0x16]a.yM[0xce][0xc8][0xcc][0xc9][0xc9][0xcc]S[0xc8][0xcc]S[0xc8]/-R[0xa8][0xcc]/-Aj[0xa8][0x18][0x83][0xb6][0x7][0x10][0xd3]L5AZdA[0x17][0xfb][0xe8]u[0xc][0x82][0xb9][0x9][0xd2][0xa6]w[0xfa][0xf8][0x8c]^[0xa5][0xb4])[0x96][0x89]b[0x1a][0x8e]9[0x98]b[0x99]Y[0xa5][0xa9]u[0xb4][0x1f]$2[0xa5][0xd7]t[0xa7][0xb9])[0xbd]&![0xcd]M[0x91]&[0x7]au7-[0xa3][0x9][0xcb]Q[0xed]4[0xb5][0x8e][0xe][0xa9][0x2]i[0xa7]5=B[0x10][0xcb][0xc][0x14]-C[0x10]ir[0x88]V#8[0xa6]t[0xeb]J[0x9a][0xd2][0xad]+i[\n]"
04:23:59.111 [main] DEBUG org.apache.http.wire --  << "[0x1a][0xf1][0x81][0xf6][0xf5]`[0xa9][0x2][0xa3]{[0x8d][0xaf][0x13]O[0xf4][0xa0][0x81][0x19][0xbd][0xce][0xb1]67C[0x9a][0x9e][0xa1][0xb5][0x9f][0x10][0xed]LZ[0xdb][0x84]hq[0xd2][0xd8]&[0xba][0xf5][0x92][0xcc][0xc][0x11][0xe3][0xae][0xb4][0xf6][0x13][0xdd][0xe2][0x89]^g>[0x9b][0x9b][0x19]"[0xea][0xc]Z[0x87][0x1e][0xbd][0xda]~f[0xa0][0x86]=}J#[0x92][0xa6][0x16]([0x19]I1[0xc3][0xb2][0xef][0x97][0x86][0x15][0xa1][0x19][0x96][0x8d][0xb2]4[0xb5][0xe]1R@[0xab]z[0x97]n[0xf7]b[0x9b][0x9b][0x19][0xd3]k[0x84][0xc8][0x8c]^'L[0x9b][0x9b]![0xef][0xfc][0xa4][0xe5][0xb6]'s3z[0x9d]0mnF[0xaf]s[0x9f][0xcd][0xcd][0x90]6][0x86][0xe4]g[0xe7]+x[0x95]&[0xe6](x[0x97]&g[0xe6][0xa5]+[0xf8][0x17][0xa5][0xe6][0x91][0xd4]X[0xc2][0x98][0xf1]@[0x1f][0x81][0x85][0xce]x[0x18][0x1a] [0xcd][0xb0][0xe0][0xb3],2Q[0xc1]1[0xb7][0xa0][0x14]4P[0x92][0xa9][0x90]S[0x9a]\[0xaa][0x90][0x94][0x98][0x97][0x9e]ZRR[0x82]:[0xb]b[0x86]4`[0x98][0x92][0xaf][0x90][0x97]_[0xa2][0x90][0x9c][0x9f]W[0x92][0x98][0x99][0xa7][0x90][0x9c]X[0x92][0x9a][0x9e]_[0x94][0x99][0x8a]9Y[0x84][0xaf][0xdd]G[0xd0]+Hs0f[0xf4]:[0x82][0xd7][0xdc][0xc]i[0x16][0xcc]e[0x0][0xfc]I[0xb7][0x8a][0x12]i[0x0][0x95][0xb6][0x95][0xbf]9[0xbd][0x8a]DSK[0xa4][0xe][0x2][\r]W![0x99]Z"[0x1d]fD[{[0xe8][0xd4]d7[0xb5]4@4[0x5]i[0xeb]#DeO[{[0x10][0xf9][0x88][0xa6][0xf6] [0x9d]iD[{[0x10][0xcd][\n]"
04:23:59.111 [main] DEBUG org.apache.http.wire --  << "[0xda][0xda][0x83][0x98]Y[0xa5][0xad]=[0x88][0x8e][0x1b]m[0xed][0xa1]S[0xb7][0xcd][0xd4][0xd2][0x10][0xb1][0xf2][0x8c][0xa6][0xe5][0xa9][0xa9]%R[0x7][0xb1]$5[0xb7][0x0]s[0xee][0x3],[0xaa][0x90][0x9e][0x98][0x9b][0x9]^/[0x2]=[0xac][0x4]T[0xdf]"[0xad][0x4][0xc1]s[0xd4][0x87]%R[0xc7][0xb0]$1[0x3]s[0xb5][0x4]H[0x90][0x90][0xf9][0xe8][\r][0x13]DmnjI[0xb7][0x3][0xa7],[0xe9]u[0xe0][0x94][0xb9][0x1][0xdd][0x8e][0xe2][0xb1]D[0xea][0x9f][0xd1]zQ[0x90][0xa9]%[0xdd][0xce]2[0xb2][0xa4]c[0x0]"*[0x7][0x1a]gU[0xa4]En[0xb4][0xb6][0x89]n[0xc5][0xf][0xdd][0xee][0xe6][0xb1][0xa4]W[0x1f][0xcd][0xd4][0x12][0xa9][0x8f]F[0xeb]xB[0xa4]=[0x9a]V|t:[0x1a][0xc7][0x12][0xe9]^[0x1e][0xda][0xfa][0x7][0xd1]0[0xa1]q[0xc]![0xdd][0xca]C[[0x1f]![0x9a]&[0xb4][0xb5][0x7]Q2[0xd0][0xd6][0x1e]Dg[0x85][0xb6][0xf6][0xd0][0xa9][0xab][0x82]4[0x10]@[[0xff][0xd0][0xa9]D@[0xea][0xf0][0xd3][0xd4]?H[0xb7][0xf0][0xd0][0xd6][0x1e]D[0x89]@[0xfb]f[0x10][0xd2][0xe9];[0xb4][0xf5][0x14]-[\n]"
04:23:59.111 [main] DEBUG org.apache.http.wire --  << "[0x5][0x0][0x0][0x0][0x0][0xff][0xff]"
04:23:59.111 [main] DEBUG org.apache.http.wire --  << "[\r][\n]"
04:23:59.111 [main] DEBUG org.apache.http.wire --  << "553[\r][\n]"
04:23:59.111 [main] DEBUG org.apache.http.wire --  << "[0x2][0xf][0xcd]YE#[0xb7][0xc0][0x91][0x16]m[0xd1][0xd6]?t[0xca][0xac]H[0xcb][0xb4]h[0xeb][0x1f]:eV[0xa4]{wh[0xea][0x1f][0xa4][0xe5]f[0xb4][0xb5][0x7][0x91]Yik[0xf][0x9d][0xc6][0x15][0x90]F[0xd7]i[0xeb][0x1f]:U[0xde]t:[0xcf][0xc7][0x92]N[0xe7][0xf9]X"-n[0xa4]m[0xfc][0xd0][0xa9]<@:[0xcf][0x87][0xa6][0xfe]A:[0xcd][0x87][0xb6][0xf6][0xd0][0xa9]<@:[0xc9][0x87][0xb6][0xfe][0xa1]S[0xbd][0x8d][0xb4][0xd6][0x94][0xb6][0xfe][0xa1]Sc[0x1e][0xe9][0x4][0x1f][0xda][0xfa][0x87]N[0xf3][0xe][0xe6][0x88][0xf2][0x80][0xc6][0xdd]T[0xa4]3uhm[0x13][0x9d][0xf2]*[0xd2][0xa9]:4M[0xb][0x16][0x88][0xbc]J[0xeb][0x90][0xa3]S[0xed][0x8d]t[0xa3][0x13]mC[0x8e]N[0xad]y[0xb]:[0xe5]V[0xa4][0x5][0xcd][0xb4][0xef]BZ[0x1a][0xe8](AW[0xa6][0xd1][0xc1]2D[0x1a][0xa7][0x83]e[0x88]dN[0x7][0xcb][0x10]5[0x13][0x1d],C$xXQA[0xbb][0xa5]p[0xa6][0x96]H[0xbb]r[0xe9]b[0x1d]feE;[0xdf][0x99][0x19]`[0xd9]zJ;[0xeb][0xcc][\r][0x91][0xa6][0xc9][0xa8][0xbf][0x7][0xd9][0xcc][0x80]^[0x9b]N[0xcd][0xc][0xe8][0xb3][0xc6][0xc0][0xdc][0x90]^[0xb][\n]"
04:23:59.111 [main] DEBUG org.apache.http.wire --  << "[0xcd][0xc][0x90][0x16][0x88][0xd3][0xb0][0xbe]23@[0xda][0x4]I[{[0x10][0xa3][0xe][0xb0]|K[0xd2][0xaa]>b[0xb7]@[0x98][0x19][0x18]"[0xca]uZ[0xdb][0x84]([0xd4]im[0x13]f!K[0xab][0xd0]C[0xb4]+p[0xfa][0x9][0xb1][0xa1][0x9a][0x84]X[0xc1],H1|@[0x8e][0xb9][0xf4]Z[0xcc]n[0x86][0xed]\-[0xc][0x1f][0xe0][[0xcc]I|X![0x1d]b[0x83]3[0xe][0xa8]d[0x13][0xdd][0xd2][0x15][0xbd][0x96].[0x98][0x19][0x18][0x11][0x91][0xd2][0xa8][0x13]z[0xc4][0xac][0xda][0xc4][0x95][0xa6]q[0xaf]-23[0xa0]_-[0x83]|[0xf4][0x18][0x8d][0x12]3[0xd2]zu[0xf0][0x1e]jZY[0x83]h[0xf3][0x92][0x95]g[0x88];[0x14][0xc2][0xcc][0x80]^[0xb].[0xcc][0xc][0x88]Yp[0x81]+u[0xe1]^Yff[0x80]t[0xf3][0x10]Y!E|9[0x86][0xb4][0xf0][0xa1][0x2]#[0xda][0x11]NG[0xe]zC[0x1d]%g[0xc4]Zy[0xe4][0x9]93[0x3][0xa4]U[0x7]0[0x87]S[0xda]86[0xc2]g[0x1d]f;[0x82]R[0xeb][0xf0]E[0xb][0xd2]9V[0xd4][0xf2][0x1d]^[0xeb][0x10][0xf9][0x85][0xa6][0xed]>[0xa4]][0x9][0xb4][0xb5][0x7][0xd1]n[0xa1][0xad]=[0x88][0xda][0x85][0xa6][0xf6][0xd0]g)[0x82][0x99][0x1]}[0x96]"[0x98][0x19] [0xdd][0x2]D[0xdb]pC[0xf4]3hk[0xf][0xa2]t[0xa0][0xad]=t[0xeb]c[0x98]"J[0x4]X[0x1][0x84]QhS[0xa7][0xdd][0x84]t@[\r][0xad]mB[0x94][\n]"
04:23:59.111 [main] DEBUG org.apache.http.wire --  << "[0xb4][0xb6][0x9]Q.[0xd0][0xd8]&[0xfa][0xac]{03[0xa0][0xcf][0xba][0x7]3[0x3][0xa4][0xfb][0x8c]h[0x9a][0x93][0x90]n3[0xa2][0xad]=t*[0x19][0x90]n2[0xa2][0xad][0xe8]V. [0xad]|[0xa0]q[0x1e]B[0x9a][0xc3][0xa7][0xb5]M[0x88][0x99]AZ[0xdb][0x84][0xa8][0xf9]hm[0x13]"[0x85][0xd3][0xda]&[0xba][0xd5]~[0xf4][0xba][0x91][0xc7][0xcc][0x0]i>[0x9f][0xd6][0xa1]G[0xb7][0xda][0x8f][0x98][0x99]vD[0x87][0x8f][0xf8][0x1e]$[0x96][0x3][0xa9]h[0xd4]&[0xa1][0xcf][0xcc][0xba][0x99][0x1][0xbd]f[0xd6][0xcd][0xc][0xb0][0x9c][0xae]E[0xab][0xb0][0xa3][[\r]a[0x81][0x18][0xaf][0x84][0x1c][0x9][0xa9][0x10][0x92][0x91][0x99][0x97]][0x90]S[0x8a][0xb9][0xb1][0x1e][0x91][0xde][0xc]A[0x9d])"[0x8e]243@[0x9a][0xed][0xa6]i[0x9d][0x8a]4[0xd1]M[0xe3]2[0x80]^[0xb7][0xe1][0x98][0x19]`9[0x8b][0x8c]F[0xe9][0x8d]^[0xb7][0xe1][0x98][0x19] [0x1d]xF[0xeb]x[0xa2][M[0x87]t[0xe9][0xe][0xad][0xfd][0x84][0xc8][0xad][0xb4][0xb6][0x89]n5[0x1d][0xbd][0x8e]r33D[0xba]B[0x88][0xb6][0xa1]g[0x88]t&[0x4][0xad]m[0xa2]Wk[0xd8][0x90]^[0xc7][0xd3][0x99][0x19][0xd2][0xeb][0xfc]s3C[0x92][0xce]?[0xa7][0xe0]8-3C,[0xeb]PhS[0x96][0x1b]"[0x9d][0xaa]A[0xeb][0xb4]G[0xaf]2[0xc2][0x90]n[0xeb]^[0xc][0x91][0xd6][0xbd][0xd0]8[0xf4][0xe8]u[0x8c][0xa0][0x99]![0xdd][0xd6]o[0x18][0xd2][0xeb]<[\n]"
04:23:59.111 [main] DEBUG org.apache.http.wire --  << "3C[0xa4][0xf3](p[0xc6][0x13][0xa2][0xbd]Jt[0xff][0xc8][0x90]^[0xa7]D[0x98][0x91]vK[0x10]Ee[0xf][0x96][0xa3][0xfc]hT[0xf6][0x18][0xd1]k[0x1c][0x3][0xf9]Z"[0x9c][0xf1]O[0x95][0xb1]u[0xe4]%}[0xb4][0xb6][0x89]^[0xad];C[0xba][0xad][0x1d]1[0xa4][0xdb][0xda][0x11][0xe4][0xbb][0x9d]h[0x1c]OH[0xab]Th[0xd9][0xa7][0xa5][0xdf][0xda]HC[0xe4]U+[0x94][0x1f][0xb6][0x88]~![0x12]b[0xf][0xb0][0x99]![0xd2][0xb1][0x8e][0xb4][\r];D[0xef][0x8f][0xb6][0xf6] Fjhk[0xf][0xa2]l[0xa0][0xad]=[0x88]6[0x1d]m[0xed][0xa1][0xd7][0xec][0x9e]!}[0xe]%13DZ[0x9b]C[0xd3][0x90]CZ[0xd6]B[0xf3][0xab]O[0xcc][0xc][0x91]V[0x9b][0xd0][0xb8]TEZ7A[0x7]![0x9d][0xad]@[0xf][0xdb][0xe8][0xd6].BZs@[0xf]!J%Z[0xa7][0xe]DyA[0x7]![0xcd][0xd4][0xd3][0xc3]6[0xc4]<#=lC[0xd4][0x8c][0xf4][0xb0][\r][0x91]B[0xe8]a[0x1b]]S[0x9][0xd2][0xfe]x[0x1a][0xa7]~[0xa4][0xcb][0x85][0xe8][0x10][0x8a][0xe6]T-[0xad][0xf0][0xac][0x8]5D[0x9a]#[0xa6][0x87][0xbf][0x10]m[0x1b]z[0xd8][0x86]H[0x8b]4N[0x1d][0xf4][0xba][0xce][0xc8][0xcc][0x90][0x98]Yi[0xea][0xf4][0xba][0xa9];O[0x8d][0xaf]G[0x82]4OM[0xeb]x[0xa2]j[0xbe][0xc2][0xb3][0x16][0xd9][0x90]n3[0xd5][0x86]H[0xbb][0xc0]i[0x1d]z[0x88][0x9a][0x84][0xd6]6![0xca][0x9]Z[0xdb]D[0xb7]2[0x82]n[0xf3][0xe3][0x86]t[0x9b][0x1f]7[0xa4][0xdb][0xfc][0xb8]![0xdd][0xe6][0xc7][\r][0xe9]6?nH[0xaf]k[0xc1][0xcc][0xc][0xe9]6?nD[0xb7][0x19]^#[0xba][0xcd][0xf0][0x1a]![0x9d][0xfb]O[0xdb][0xd2][0xc8][0x88]n3[0xbc]Ft[0x9b][0xe1]5[0xa2][0xdb][0xc][0xaf][0x11][0xdd]fx[0x8d][0xe8]6[0xc3]kD[0xaf][0xeb][0xb4][0xcd][0x8c][0xe8]6[0xc3]kD[0xb7][0x19]^#[0xa4][0x13][0x7]h[0x9c]s[0x91][0xce][0x1c][0xa0][0xb5]M[0x88][0xb1][\n]"
04:23:59.111 [main] DEBUG org.apache.http.wire --  << "Z[0xdb]D[0xaf][0xd6][0xb2][0x11][0xdd]f[0xad][0x8d][0x88][0x99][0xb5][0xa6]J[0xff][0xc9][0x8][0xe9]6[0x5]Z[0xc7][0x13][0xbd]Z[0xcb]F[0xf4][0xba]W[0xc1][0xcc][0x88]ng [0x18][0x19]![0xee]X[0xa1]q<[0xd1]m[0x15][0x80][0x11][0xdd]V[0x1][0x18][0xd1][0xed]\[0x7]#[0xa4][0x83]}h[0x1d]O[0xf4][0xea][0xe7][0x1a][0xd1]m[0x15][0x80][0x11][0xdd]V[0x1][0x18][0xd1][0xeb][0xf2][0xb]3#[0xa4]U[0x0]4N[0x11]t;[0xbd][0xc2][0x88][0xba][0xeb][0x0][0xf0][0x8c]P[0x19]![0xad][0x3][0xa0]u[0xe8]![0xe6]; ;[0x1c]0[0xd6]>[0xe5]$[0x16]"
04:23:59.111 [main] DEBUG org.apache.http.wire --  << "[\r][\n]"
04:23:59.111 [main] DEBUG org.apache.http.wire --  << "52C[\r][\n]"
04:23:59.111 [main] DEBUG org.apache.http.wire --  << "[0x94][0xe4][0x17] V[0x8b]Y[0x18][0x80][0x1][0xd2][0xbd]E[0xc6]8O507[0xa0][0xd7][0xd5]$fFH3[0xa4]4[0xe]3[0xa4][0xbd][0xe5][0xb4][0xb6][0x89]n[0xed]IS[0xba][0xb5]'[0x91][0xce][0xb9][0xa7]u[0xe8]!V[0x9f][0xd0][0xda]&[0xba][0xd5]JH[0xa7][0xea][0xd3][0xda]O[0xa4][0x8c][0xbe][0xe6]d[0xe6]f[0x96][0x80][0xf6]DAo6#zI[0xa9][0x11][0xd2][0xf6]r[0x1a]{[0x8]i[0xda][0x9a][0xd6]6[0xd1]k[0xdb][0x81][0x11][0xd2]&s[0x95][0xea][0xbc][0xc4][0xdc][0xd4]Z[0x8c][0xf2][[0xa5]:%[0xb5]8[0x19]$Nz[0xdc][0xd0][0xad]P@[0xda]\N[0xb][0xd0][0xad] [0xa0][0xdb][0x96]r#[0xa4][0xe3][0xf4][0xc9]J[0xcd][0xc6][0xa0][0xd1]`b6)[0x1a][0x99][0x91]R[0x10]P[0xb2][0x14][0xdb][0x8]y[0x9b]|jAjJ[0xa2][0x82]OfqIQf6F[0xa2][0xe][0x86]H[0xe7]@[0xa4][0x15][0xf2][0xd2]S[0x93]JK[0x10]m[0x14]#bw`[0x1a]![0xad][0x1d] +[0x18][0x89]/[0xe8][0x90][0xce][0xbd][0xa7][0xb5]Mt[0xcb][0xb6]Hg[0xdf][0xe3][0xf4][0x13]R[0xac][0x80]6[0xb3][0x11][0x95][0xe4][0x90]V>[0xe0]4[0x97]:#A[0xc4][0xec][0x8e]'[0xcb][0x7]t[0x1b][0xf7][0xa1][0xd7][0xf9][0xf6]fFt[IaD[0xb7][0x95][0x14]F[0xd4]]I[0x81][0xaf]OG[0xb7][0x95][0x14]Ft[0xdb][0xf3]oD[0xb7][0x95][0x14]Ft[Ia[0x84][0xb4][0xe7][0x9f][0xc6]e[0xf][0xd2][0x99][0xfa][0xb4][0xb6][0x89]nU8[0xdd]VR[0x18][0xd1]m%[0x85][0x11][0xdd]VR[0x18][0xd1]m%[0x85][0x11][0xdd]VR[0x18][0xd1]m%[0x85][0x11][0xfd]VRX[0x92][0xd2][0xdf]'[0xbf]o[0x8c][0xe5][0xf2][0x1][0x8c][0x96]0u[0x9a]A[0xa0][0x96][0x19][0xf4]&[0xc][0xda][0x16]E[0xe0]n[0x7][0xd4]&[0xcf][0x82][0x8c][0xfc]<[0xcc][0xbb][0xd2]A[0xc2][0xa9]y[\n]"
04:23:59.111 [main] DEBUG org.apache.http.wire --  << "[0x16][0xd0]SV[0xa0][0xbd]V[0xb0]Fb[0x1a][0x8f][0xc6]H[0x8b]O@F[0xe1][0xb0]!/[0x95][0x2][0x1b][0xe8][0xd5][0xbf]7FZ[0xa0][0x81][0xc3]/[0x88][0xc6])[0x9]![0x84][0xe8][0xf]+[0xe0]0[0x16]"[0x8c][0x1e]D[0xc8]G[0xe7][0xe2]i[0xeb][0x18][0x93][0xb4][0x6][0x83][0xec][0xfc]aL[0xd2][0x2][0xc][\n]"
04:23:59.111 [main] DEBUG org.apache.http.wire --  << "[0xac][0xa1]W[0xed]iL[0xd2][0xea][0xb][0xf2]=D[0xb7][0xa5][0x17][0xc6]$-[0xbd][0xa0][0xc0]C[0xf4][0x1a]'7&[0xe9][0xb4][0x0][\n]"
04:23:59.111 [main] DEBUG org.apache.http.wire --  << "<[0x84][0x98][0x96][0xa1][0xc1]M)[0xc6]H+-hb<[0xa2]z[0xc4]n<[0xa2][0xd0]2[0x1][0xd5]<D[0x15][0xeb]$[0x9d]=@A[0xc8]#2;v[0xb7][0xbb][0xe5][0x17])[0xa4]'[0xe6]f[0xe6][0xa5][0x93][0xe3][0xb][0xa4][0x15][\r][0xd8][0x8d]'[0xcb]P[0xba][0xd5]GF[0xf4][0x1a]Z2[0xa6][0xdb][0xe2][0x5]c[0xba]-^06"[0x94]/(L[[0x84][0x92].9i[0x8b]nK[0x6][0x8c][0xe9][0xb6]d[0xc0][0x98]nK[0x6][0x8c][0x91][0x96][0xc]`[0xcf][0xee][0x94][0xc5]8[0xd2]e[0x17]4n[0xb6][0xd3]m[0x1e][0xdf][0x18][0xe9][0xc6][0xb][0x9a][0x4][0x19][0xa1]LBY[0x8c] [0xed]s[0xa7]q[0x8c][0x98][0xd0][0xad][0xd0]G[0xba][0x8][0x83][0x16]1[0x82][0xb4]e[0x9f]&[0xc6][0xd3][0xb6][0xd0]5[0xa1]mzBZ[0xd5]B[0x8b][0xc0]A[0xda][0xe8]O[0xe3][0xe4]J[0xb7][0x5]&[0xc6]t[`b[0x8c]t[0x9c][0x0][0x8d]C[0xf]i~[0x9c][0x96][0xc7]g[0x18][0xd3][0xe7][0xd2]ys[0x3][0xa4]cGh[0x1a]r[0xe6][0x6]&[0x88][0xb1][0xe][0x98]M[0xb4][0xbb]V[0xc7][0xdc][0x0][0xa9]8[0xa0][0x87]uH[0xc5][0x83][0x82][0x2]M[0xc6][0x6][0xcd][0x91][0xaf]R[0xa1][0x8b][0x97][0x10]]_[0xba]X[0x87][0xa8][0x1e]h[0x16][0x82]X[0xd6]8[0xd1]2[\r]"-[\n]"
04:23:59.111 [main] DEBUG org.apache.http.wire --  << "[0xa2]G[0x8]"[0x95]M[0xb4][0xb]AD.[0xa6]~5h[0x8e]|[0xee][0x16]M[0x8c][0xc7]\[0xc]@[0xc3][0xf8]G>k[0x89][0xe][0xf1]o[0x88][0xd4]<[0xa4]U[0xfc][0x1b]"[0x95][0xe2][0xd4][0xb9]b[0x1a][0xcf][0x9a]e[0xf0][0xf1][0xed][0xd0])[\n]"
04:23:59.111 [main] DEBUG org.apache.http.wire --  << "[0x1a]V[0xb6][0xe6][0x86][0xd4]]G[0x8c][0xfb][0x86]GsC[0xa4],[0x1a][0x92]Z[0x94][0xaa][0xe0][0x93]Y[0x99][0xaa][0xe0][0x94][0x9f][0x8f][0xb9][0xb0][\n]"
04:23:59.111 [main] DEBUG org.apache.http.wire --  << "[0xdf]t[0x92]![0xfa][0xc2]o[0xdc]S[0x0][0xe6][0x86]H-[0x9][0xba]Y[0x89]([0xca][0xe9]f%"g[0xd3][0xcd]JD[0x87][0x83]^V"[0x1d][0xe5]C7+[0x11];[0xbf][0xe8]f%[0xa2]CM7+[0x11][0xf3][0x16]t[0xb3][0x12]1[0x82]K7+[0x11]-:[0xba]Y[0x89]h/[0xd0][0xcd]JD[0xe9][0x3][0xab]uq7[0xc8][0xc9][0x9d][0x9f]074[0xa7][0x89][0x83][0xb4][0xc2][0x90]^[0x81][0x89][0xb4][0xb8][0x87]nV[0xd2]?c -#[0xa1][0x9b]/[0x11][0xb5][0x87]cNb[0x89]BHiN&h[0xdf][0x86]KjqrQfAIf~[0x9e][0x92][0x95]Rh^Ii[0xb6]Bb^b[0xb6]Bqjv~Nb[0x6]b[0xea][0x80][0xd8][0x15][0xcf][0xe6][0xc8][0xa7][0x80][0xd0][0xde].D[0xe1]M{[0xbb][0xe8]^j[0x93]vP[0x7][0xd9][0x85][0x8b][0x11][0xd2][0xc4][0x8][\r][0xfa]A[0xc8][0xdb][0x1a]ib<[0xdd][0xb]}#[0xa4]~[0x9][0xe1]B[0x9f][0x82][0xbd][0x11][0xe6]FH[0xe3][0xa7]t*+[0x8c][0x90][0x86]7i[0x9e][0xa7][0x90][0xee]h[0xa5][0xbd]]t[0xaf]B[0x91]w[0xb9][0xd1]+[0xf6][0x90][0xee]9[0xa5]AfC^[0xd9]C[0xb][0xe3][0x91][0xf6]9[0xd2]:=[0x18][0x9b][0xd2][0xaf]N4[0xa1][0xd7][0xbd]&[0xe6]&$[0xad]T[0xa2][0xa4]h2AZMD[0xdb]B[0xd0][0x84]^[0xe7][0xb6][0x98][0x9b][0x90][0xb4][0xda][0x88][0xb2][0xd0]C[0xa4]>[0x1a][0x87][0x1e][0xd2][0xb9]-[0xb4][0xce]S&H[0xeb][0x9c]ho[0x17][0xa2][0xed]G[0xeb][0x10]D[0xb4][0xfc]hl[0x13][0xbd]v@[0x99][0x9b][0xd0]k_[0x92][0xb9][0x9][0xbd][0xf6]%[0x99][0x9b][0xd0]k_[0x92][0xb9][0x9][0x96]}I4[0x1c][0xda]7A[0xba]0[0x14][0x96][0x0]ii[0x1d]R7[0x9c]VC[0xfb]&[0xf4][0xda]]cnB[0xaf]=/[0xe6]&H{^2Rsr[0xf2][0x15][0xd2]JKJ[0x8b]0[0xb7]:$gd[0xe6][0xe4]d[0xe6])d[0xe6])[0xe4][0x97][0x16])T[0xe6][0x97][0x96] [0xf5][0xb4][0x8d]A[0x5]6[0x11]kc[0xcd]M[0xe9]uV[0x91][0xb9])[0x96][0x89]{[0x1a]&@S[0xa4][0xb9]%:[0xa4]wS[0xa4][0xa5]H[0xb4]J[0xef][0xa6]t[0xeb]2[0x9a][0x9a] [0xfa]9[0xf4][0x8]<[0xa4][0xb5][0x8]t[0xb1][0xe]Q[0x17][0xd3],[0xae]L[0x1][0x0][0x0][0x0][0xff][0xff]"
04:23:59.111 [main] DEBUG org.apache.http.wire --  << "[\r][\n]"
04:23:59.111 [main] DEBUG org.apache.http.wire --  << "60A[\r][\n]"
04:23:59.111 [main] DEBUG org.apache.http.wire --  << "B[0x8c][0x9][0xc2][0xbc][0x84]{L[0x97][0x92]V[0xa0])R_[0x9b][0xd6]6[0x91]2NM[0x99][0x9f][0xe8][0xd5][0xb2]5[0xa5][0xeb][0x2][0xb]3c$[0xeb][0xc8]>4[0xb][0xf7][0xdc][0xa9][0x99]1[0xd2]I54[0x9c][0x80]63F[0x1a]"[0xa0][0xad]=[0x88][0xac]J[{[0x10][0xd9][0x95][0xb6][0xf6][0xd0])[0xb][0x99][0x19]Sz[0xca][0xb][0xb1][0x83][0xf5]f[0xc6]t;[0x8][0xc5][0x98]n[0x7][0xa1][0x18]S[0xf7][0xaa][0x16]|9[0x16][0xe9] [0x14][0xcf][0xe0][0x10]/[0xdd][0xd4][0xec][0xe2][0x92][0xa2][0xfc][0xb2][0xd4][0xa2][0x12][0x85][0xb2][0xd4]"[0x8c]:[0x83]J[0xed]>[0x3][0xa4]Q2[0xea][0xf][0xc2][0x99][0x19]#M[0xfc][0xd1][0xcf]Wf[0xc6]H[0xe7][0x8c][0xd0][0xd5]Z[0xc4][0x92][0x3][0xba]Z[0x8b][0x18][0xbd][0xa0][0xb6][0xb5][0x86]8[0xf]f43F[0xea][0xf6]S[0xdb]Z<[0x19][0xc5][0x84]n[0xa7]I#[0x8f][0x15]FD`[0xe4]@[0xd2][0xe7]3[0xcd]L@[0xdd]1[0xe8][0xba]0,&[0xe6][0xe5][0xe5]![0xc][0x5][0x9d][0x3]FD[0xcf][0xcd][0xcc][0x4][0xe9][0xdc]a[0x1a][0xe4]`[0x13][0xa4]]t[0xb4][0xac][0x11]M[0xe8][0xb6][0x87][0xce][0x4]i[0xf][0x1d]}fR[0xcc]L[0xe8][0xd5][0xbb]63A[0xda]lG/[0xcf][0xd1]m[0xd7][0x9d][0x9][0xd2][0xe4]2M[0xbb]8f&t;>[0xd7][0x84]n[0x1b][0xf0]L[0xe8][0xb6][0x1][0xcf][0x4]i[0x3][0x1e]M[0xcb][0xc]c[0xc4][0xf0][0x4]m[0xed][0xa1]S7[0xd4][0xcc][0x4]ip[0x8c][0x9e]u*[0xdd]v[0x2][0x9a] [\r][0xc7][0xd1]4[0xca]L[0x10][0x1d]9[0xc2]E[0x5][0xb9][0xcb]][0xcc]L[0x90][0x86][0xfb]hj[\r]m[0xd6][0xa5][0xe0][0xb9][0xb6][0xcf][0x84]n[0x17][0x13][0x9b][0x80]N[0xda][0x84]6[0x8a][0x8][0x87]![0x5][0xc3]If&X[0xc6][0x17]1[0x9a]u[0xf8][0x96][0xaf][0x13][0xdd][0x17]6AZ[0x98]O[0xaf]j[0x18]i#&[0xdd][0xac]Dd2[0xba]Y[0x89]X[0x9]L[0xeb][0xc4]B[0xaf]![0x1a][0x13][0xa4]>8[0xad][0xfd]DDE[0x86][0xe8][0x82][0x10][0x9f][0xdc][0x91][0x86]3i[0xec][0x3][0xa4][0x81]MZ[0xdb][0x84][0xe8]U[0xd3]+q#m[0xbb][0xa3][0x9b][0x95][0xf4][0xcf][0xc2]H[[0x89]h[0x1d][0x85][0x88]j[0x93][0xd6]6[0xd1][0xad][0xb0]@[0x1a][0xcf][0xa5][[0x1a]A[0x94][0x1a][0xf4][0xb2][0x92]F[0xfb][0x85]p[0xef]p33A>:<?[0xaf]R! [0xd8][0x94]F[0x8d][0x3][0xa4][0x81]r[0xba][0x85]'b[0xfe][0x84]nV[0xd2][0xbf]dA[0x1a]C[0xa7]q~'[0xe6][0xd0]o[0xea][0xb4]$[0x91]v[0xeb][0xd0][0xda]O[0xf4][0xcf][0xe6]H[0xe3][0xf4][0xf4]J[0x96]H[0xcb][0xe2][0xe8]f%[0xfd][[0x12]Hc[0xf3]t[0xf3]%[0xfd][0xf3];[0xd2]"=[0xba][0xf9][0x12][0xd1][0xa4][0xa0][0x9b][0x95][0x88][0xb6][0x5][0xdd][0xac]D[0xc][0xac][0xd1][0xcd]J[0xfa][0x97]>H'[0x8d][0xd3][0xcb][0x97]H[0xcb]![0xe9]f%[0xfd]K[0x1f][0xa4]C[0xc8][0xe9][0xe6]KD[0xe9]C[0xe3]j[0x12][0xe9][0x8c]p[0xba]y[0x8e][0xfe]%[0x0][0xd2][0xc1][0xe1]t[0xf3]%[0xdd]K[0x0]S[0xd0][\r]F[0xd0][0xa1]G:[0xf9][0xd2][0x14][0xe9]lq[0xba]Y[0x89]h[0xfc][0x7][0xe7][0xe7]e&+Pe2[0xdb][0x94]n[0x97][0xcc][0x9b]"[0x9d]a[0x8e][0xcb][0x3]Til[0x9b]"[0xdd]1O[0xcb][0xd9][0x9]S[0xd4][0xd3][0xcd][0xb1][0xc6][0x8][0x95]<D[0xf7][0x8a][0xdc][0x14][0xe9][0xa6]yz%p[0xa4]C[0xcf][0xe9]f%b[0xa9][0xf][0xdd][0xac][0xa4]{En[0x8a][0xb4][0xd7][0x90]n[0xbe]DT[0xe4]4[0xcd][0x82]H[0xcb][0x88][0xe8][0xe6]5[0xba][0xf7][0x1d]L[0x91][0xb6];[0xd2][0xcd][0x97][0x88]"[0x87][0xb6]-1S[0xa4][0xfb][0xea][0xe9][0xe5]9[0xa4][0x5]\t[0xb3][0x92][0xfe]%[0x8d][0x11][0xfd]K[0x1a][0xa4]Ult[0xb]XDIC7+[0xe9]5{i[0x8a][0xb4][0xc8][0x8d][0xc6][0xb9][0x10][0xe9][0xee]yz[0x5]#[0xfd][0x17][0xb9][0x99]"-r[0xa3][0x9b]/[0xe9][0x9f][0xb][0x91][0xe][0x9b][0xa7][0x9b]/[0xe9][0x9f][0xb][0xe9][0xb6][0xe4][0xce][0x14]i![0x1c][0x8d]s[0xa1]1[0xfd];[0xcf]Hk[0xd5][0xe8][0x95]X[0x90][0xce][0xc6][0xa7][0x9b][0x95][0xf4][0xcf][0x85]Hk[0xe4][0xe8][0xe6]K[0xfa][0xe7]B[0xa4][0xa5]st[0xf3]%[0xfd][0x1b][0xe0]H[0xcb][0xe8][0xe8][0xe6]KD[0x3][0x9c]nV[0xd2][0xbf][0xf4]AZ5H/_"-[0x1f][0xa4][0x9b][0x95][0xf4]/}[0xe8][0xbf][0x8e][0x90]n[0x9b][0xa4][0xcd][0x90]7I[0xd3]-[\n]"
04:23:59.111 [main] DEBUG org.apache.http.wire --  << "[0xe9]>xo[0x8a][0xb4][0xa0][0x90]n[0xbe][0xa4][0x9][0x80][0xb4][0xe8][0x90]^[0xbe]DZ}H7+[0xe9]_[0x2][0xd0][0x19][0xa2][0xa9][0x19][0xfd][0xdb][0x1f]H[0xcb][0x10][0xe9][0x16][0x97][0xf4]o[0x80][0xb6][0x11][0xd2]y[0x86][0xb]i[0x85]bpjAjJ[0xa2][0x82]OfqIQ&[0xe6]Q[0xf1]P[0xe9][0x1c][0x88][0xb4]B^zjRi[0x9][0xd2][0xfa]cP[0x1d]O[0xcc][0x1e]HS3[0xfa][0x97]>4Z[0xa1][0x88]g[0xe7][0xab])[0xd2][\n]"
04:23:59.111 [main] DEBUG org.apache.http.wire --  << "Ez[0xa5]X[0xfa]/U4E[0xda][0xdc]O7_[0xd2][0xbf][0xf4]AZ[0xaa]H[0x83]][0xbb][0xa6]H[0xeb][0x13][0xb1][0x1b][0x8f][0xc8]eD[0xdf][0x9f]j[0x8a][0xb4][0x14][0x91]n1C[0xff][0x8c]M[0xff]5[0x89][0xa6][0xf4]_[0x93]hjA[0xff]f[0x5][0xfd][0xd7]$[0x9a]"[0x9d][0x17]H[0xaf][0x14]K[0xff]5[0x89][0xa6]H'[0x8][0xd2][0xcd][0x97][0xf4][0xef][0xd4]X[0xd0]X[0x3][0xe9][0xac]Dz[0x5],[0xd2][0x9a]D[0x9a]N[0xd3]![0xa2])[0xd2]1[0x8d]t[0xb]M[0xc4][0xca]'[0xba]Y[0x89]hK`[0xaf]y)[0xba][0x1d][0xd6][0x14]i[0xf5]!v[0xe3][0xc9][0xa9][0xd8][0x91]n[0x91][0xa0][0xed]4[0x85][0x19][0xfd]W[0xbf][0x99][0x19][0xd0][0xbd][0xa6]33[0xa0]{[0xb2]3[0xa3][0xdb][0x9]#fH[0x93][0xaf][0xbe][0x89][0xb9][0x89]y[0xe9][\n]"
04:23:59.111 [main] DEBUG org.apache.http.wire --  << ">[0x89][0xe0]^[0x1b][0xea][0x5] [0xf8][0xd6][0xaf]YZZZ[0xea]([0x11][0xd3][0xb3]3C[0x9a]w[0xa5]q[0xd2][0xa4][0xff][0xdc][0xa7][0x19][0xd2])#t*[0x9e][0xcc][0x90][0xe6]>[0xe9]f%[0xa2][\r]O[0xe3](D[0x9a][0x91][0xa4][0xb5]M[0x88]B[0x85][0xd6]6![0xca][0x12]Z6[0x8][0xcc][0x90]Fmhk[0xf][0xdd]R[0x3][0xfd]Gh[0xcc][0xe8]?BcF[0xff][0x11][0x1a]3[0xa4][0x11][0x1a][0x1a]'~[0xba][0x1d][0xbf]h[0x86]4[0x1e]Ck?![0x6][0x81]im[0x13][0xdd];if[0xf4][0x1f]"2C:b[0x92]^5[0x1a][0xfd][0x87][0x88][0xcc][0xe8]?DdF[0xff]!"3[0xa4]!"[0x1a][0xe7][\r][0xfa][0x8f][0xc][0x99][0xd1]d[0xc8][0x8c][0xfe]#Cf[0x16][0x88]B[0x87][0xd6]Q[0x88][0x18][0x10][0xa2][0xb5]M[0x88]6[0xb][0xbd][0x8a][0x18][0xa4]q [0xba]YI[0xef][0x85][0xe6][0xe6][0x6]H[0x8d]NX[0x14][0xd2][0xf0].[0x8][0x3][0xa4][0xe6][0x19]][0xac]C4[0xdd]iu[0xbf][0x80]![0xd2][0x9a]$[0x98][0x97]hrj[0x89][0xb9]![0xdd]n204[0xa5][0xd3]*ysC[0xa4]Z[0x95][0x6][0xc7][0xf0][0x9b][0x1b]"[0xd5]g[0xf4][0xc9][0xc5][0xe6][0x86]t[0xaf][0xd8][0xcc][\r][0xe9]^[0xb1][0x99][0x1b][0xd2][0xbd]b37D[0xaa][0xd8][0xe8][0x16][0x97][0x88][0x1a][0x8e]nV"[0xaa]:[0x9a][0xe4][0x8][0xa4]{[0x8d][0xe8][0xe4]%#[0xa4]M[0xbd]t[0xb3][0x92][0xee][0x11]gD[0xf7]=[0xb0][0xe6]F[0x86]t[0x1a][0x4]37[0xa2][0xdb]M[0x94]Ft[0xdf][0x16]jn[0x84][0xb4]G[0x93][0xb6]U[0xb8][0x11][0xd2][0x86]I[0x1a][0xdb]D[0xf7]}[0x92][0xe6]Ft[0xdf][0xb4]hn[0x84]tf=[0xbd]J[0x16][0xa4]y[0x1e]zY[0x89]4[0xe1][0x83][0xc5]J[0x0][0x0][0x0][0x0][0xff][0xff]"
04:23:59.111 [main] DEBUG org.apache.http.wire --  << "[\r][\n]"
04:23:59.111 [main] DEBUG org.apache.http.wire --  << "331[\r][\n]"
04:23:59.111 [main] DEBUG org.apache.http.wire --  << "B[0xbe][0xf4][0x1d][0xdf][0x9c][0x8f][0xa1][0x1][0x8][0x10]5[0xeb]cn[0x84]t[0xb0]7[0xbd][0xac][0xa4][0xd7][0xdc][0x81][0xb9][0x11][0xdd]71[0x99][0x1b]![0xed]([0xa2]q[0xc6]G[0xda][0xd5]Ck[0x9b][0x10][0x3][\r][0xd8]g[0xc2])[0x99]h772A4[0x84][0xe8][0x95][0x4][0x91][0xfa]r[0xb4][0xf0][0x11][0xd2][0xc6][0xe]Z_[0xa8]k[0x8c]ty/[0xe1]d@[0xee][0xf1][0xeb][0xe6][0xc6]H[0xb3][0x99]4[0xb5][0x86][0x94]!{[0xf2]}[0x83][0xb4][0xa1][0x81][0xe6][0x11][0x84][0xb4][0x93][0x81][0xf6]v![0xda][0x89][0xb4][0xb7][0xb]1[0xe6]Bk[0xbb][0xe8]v[0x13][0x91][0xb9][0x9][0xd2][0xaa][0x1f]X:[0xa7][0xe1]8[0x19]xE0t[0xd3][0x0][0x1d][0xac]C>[0x12][0x8b]V[0xe3]d[0xa6]H[0xab][0x80]`^[0xa2][0xcd]8[0x99])[0xd2][0xe2][0x1f][0x98]M4[0x8c]+[0xe4]#[0xab]ho[0x9d][0x99][0x19][0xd2][0xa1]_[0xf4][0xa9][0x16][0xcd][0xcc][0x90]N[0xff][0xa2][0x9b][0x95][0x88][0x2][0x9f]nV"[0x9a]3t[0xb3][0x92][0xde][0xa3][0x14]ff[0xf4]?[0x1c][0xcc][0xc]i`[0x84][0xfa][0xad]*33[0xa4]A[0x10][0xec][0xc6][0x93][0xb1] [0xd3][0x8c][0xfe][0xe7]n[0x99]![\r][0xb1][0xd0]+[0xfd][0xd1]}[0xac][0xc5][0xcc][0xcc][0x90][0xfe][0x19][0x1b]ix[0x87]n[0x1]K[0xff][0x8c]M[0xaf][0xa1]%33[0xfa][0x9f][0x14]ef[0x84]X[0xd3]M[0xaf](D[0xba]v[0x91]nV"[0xf2][0x6][0xac]%A[0x93]&[0x92][0x99][0x19][0xdd]n[0xa2]3C[0x1a]H[0xa2][0xb1][0x9f][0x90]Fuhm[0x13][0xfd]S#[0xd2][0xa8][0xe][0xbd]R[0xa3][0x9]"5[0xd2][0xcd]JD[0x13][0x8c][0xd6]Q[0x88][0x18]\[0xa2][0xb1]M[0xa0]-[0xd4][0xd0][0xae][0x1c][0xbd][0x82][0x11]i[0x18][0x8b]nV"F[0x18][0xe8]f%b[0xa0][0x81]nV[0xd2]?[0xe3]#-[0xc5][0xa0][0x9b]/[0xe9][0x9f][0xf1]M[0x11][0x19][0x9f]n[0xbe][0xa4][0x13][0xcd][0x94]n[0x85][0xe][0xd2]@&[0xbd][0xc2][0x13]i<[0x93]nV[0xd2][0xbf][0xd0]A:[0x99][0x85][0xc6][0xf5][0x6][0xd2][0x81],[0xb4][0xb6][0x9][0xb1][0xda][0x8b]n1G[0xff]"[0x86][0xfe][0xe7][0xb0][0x98]![0xed][0xb7][0xa5]q[0x14]"[0xdd][0xf7]Ak[0x9b][0xe8]_[0x5][0xd2]}[0xc5][0x92][0x99][0x19][0xd2]p?[0xbd][0xb2][0x4][0xd2][0x16]`[0xba]YI[0xff]*[0x10][0xb4][0xed][0x94][0xbe][0xad]as[0xa4]+Fh[0x9b]7[0xcc][0x91][0xf6]V[0xd3][0xda]&D[0xcd][0x87][0xd3]&[0xc4][0xb0][0xa7][0x1]Q[0x8b]>[0xcc][0xcc][0xb1]L[0x9c]`[0x8c]?[0x90]a*[0xdd]K[0xc]s[0xfa]OX[0x98][0xd3]}[0x8d][0xa3][0x99]9[0xea][0x1d]&4[0xbc]/[0xd3][0xdc][0x0]QP[0xe0]Ln[0xf8][0x96][0x1e][0x11]}[0x8f][0xb1]9[0xfd][0xa7]'[0xcc][0x91][0xa6]'[0xe8]T[0xf0][0x9a][0x1b][0xd2]{[0xa3][0x87][0x99]9[0xd2],[0x9][0xdd]|I[0xf7][0xe][0xba]9[0xfd][0xe7]P[0xcc][0x91][0xe6]Ph[0x9c]7[0xe8]?ubN[0xff][0xa9][0x13]sCDYC[0xb7][0x84]J[0xaf]~[0xb9]9[0xdd]W[0xe5][0x9a][0x99]#-[0x4][0xa3]Wx[0xd2]}![0xb0][0x99]9[0xfd][0xe7][0xa4][0xcc][0xe9]?'eN[0xff]9)s[0xba][0xaf][0xb0]63G[0xba]9[0x85]n)[0x96][0xfe][0x85][0xe][0xfd]om1G:[0xca][0x87]^[0x1]K[0xff]+T[0xcc][0xe9][0x8c][0x90]9[0xfd][0x8f][0x11]2GZxK[0xcb][0xd3]b[0xcc][0x91]f[0x8a][0xe9][0x96]f[0xe8]>[0x19]`[0x8e]4KM/_[0x9a] [0x8a][0x1c][0x1a][0xb7][0x1b][0x91][0x16][0xd2][0xd3][0xd8]&[0xa4][0xb9][0xce][0xc8][0xc4][0xdc][0xc4][0x8c]D[0x8c][0xe1][0x83] #S[0xc4][0x8][0x82][0x11][0xf8][0xfa]WbN!3G[0x9a][0xd2][0xa4][0xb5][0x1f][0x10][0xc3][0x15]8[0xfc]@[0x9e][0x7][0x10][0x83][0xec]8[0x8c]E[0x9][0x1a]b[0x87]lL[0x11][0x3][0xe9][0xb4][0xe][0x17]D[0xae][0xa4][0xb5]Mt[0xcb][0x19]t[0x9b][0x90]3G[0x9a][0x90][0xa3]i[0xe8][0x99][0x1b] [0x9d][0xd8][0x94][0x91][0x9a][0x93][0x93][0xaf]P[0x9e]_[0x94][0x83][0x91][0xf][0xf1][0x8d][0xd6][0x18][0x82]FL[0x89][0xc8][0x95][0xe6][0x6]Hg6[0xe1][0xb1][0xb]"
04:23:59.111 [main] DEBUG org.apache.http.wire --  << "[\r][\n]"
04:23:59.111 [main] DEBUG org.apache.http.wire --  << "1BB[\r][\n]"
04:23:59.111 [main] DEBUG org.apache.http.wire --  << "[0x91]_H0[0x19]3][0xd3]p[\r][0xb7][0x1][0xd2][0x11]F[0xb0][0xe8][0xa1][0xa5]u[0x16][0x88][0xf1][0x1f]Z[0xad][0xb7]7@:<[0x88].^B[0x94]ot[0xb1][0xe]Q[0x1a][0xd1]*[0x4][\r][0x91][0xb6]k[0xc1][0xbc]DR>"v[0xd4][0xd3][0xdc][0x90]^[0xa5][0xb8][0xb9]![0xd2]B[0xb]Z[0xfb][0x89]N[0xa5][0xb8][0xb9]![0xbd]JqsC[0xba][0x95][0xe2][0x86]H[0xab])h[0x1b]OFH[0xeb][0xc][0xe8][0xd3][0xf4]57F[0xba][0x94][0x11]O[0xb5]A[0x95]*[0xca][0x18][0xa9]e[0x8f][0xc7].2[0xaa](c[0xa4][0xb][0x1f]i[0xbd][0xd1][0xcd][0x18]io4[0xcd][0xed]BJ[0x10][0xb4][0xb7][0xb]Qk[0xd0][0xde].D[0x93][0x82][0xf6]v![0xaa]'[0xda][0xdb]E[0xa0][0xa0][0x5][0x0][0x0][0x0][0xff][0xff][0xca]S[0xb2]R[0x82][0xe7]%[0xf2][0xf7][0xc6]"[0xb5][0xf5][0xe8]TN[0x98] [0x8d]=[0x6]'[0xe6][0x16][0x97][0xe6][0xa5]+8[0x1a][0x9a]`[0xd4][0xc1][0x1e][0x89]y)[0x5][0x19][0xf9]y[0xa9][\n]"
04:23:59.111 [main] DEBUG org.apache.http.wire --  << "[0xc5][0x10]U[0x88][0xdc]ld@l[[0xd6][0x4]i[0xd4][0x91][0xe][0x96]![0xc5][0x19][0xc4][0xcd]4[0xf4][0x19][0xd2]PQp~^f[0xb2]B[0x4]F[0x10]"[0x85][0x18]h[0x85][0x6]1[0x8d][0x13][0xa4][0x91]![0xaa][0x1a][0x8b][0xc8]:[0xb8][0x8c][0x85][0xa7][0xe6][0xbc]|[0x5][0xb2][0x13][0xb4][0x9]R[0xcd]@[[0x8b][0x90][0xda][0x91][0x90]*([0xad][0xb4][0xa4][0xb4]([0x15]#[0x12][0x92]32sr2[0xf3][0x14]2[0xf3][0x14][0xf2]K[0x8b][0x14]*[0xf3]KK2[0x10][0x11]c[0xc][0x9a];"*b[0x90]Z[0x93][0xf4][0xb1][0xf]1}F[0x17][0xfb][0x90]Za[0xf4][0xb1][0xf]s[0xb1][\r][\r];[0x87]&H[0xd7][0xe2][0xc1][0x9a]~4[0xb5][0xe][0x91][0xdf]h[0xd5][0x93]2A:[0xf6][0x91][0xe6]7[0x16][0x98][0x9b] [0x1d][0xc8][\r][0xb]@[0x8c][0xbc]F[0x9d]"[0x4][0xcb]9[0xdc][0xb4][0x8c]*sD[0xb][0x6][0xe6]1[0x9a]Z[0x87][0xa8][0xa4]h[0x97]2[0x10]e[0x7][0xcc]K4[0x8a]+[0xa4]#[0xa3][0xe9]Qj[0x98]"[0xad][0x99][0xa2]U[0xe8][0x99]"[0xad][0x96][0xa2]m[0xe8][0x99]"-[0x92][0xa2][0xb5]M[0x0][0x0][0x0][0x0][0xff][0xff]"
04:23:59.111 [main] DEBUG org.apache.http.wire --  << "[\r][\n]"
04:23:59.111 [main] DEBUG org.apache.http.wire --  << "13C[\r][\n]"
04:23:59.111 [main] DEBUG org.apache.http.wire --  << "[0xc2],mi[0x93]"L[0x91][0xf6]x[0xc3][0xfc]D[0xc3][0xec]d[0x8a][0xb4]|[0x87].[0xd6][0xd1]>[0xf7][0x9a]b[0xd9]sL[0xcb][0x10]DZWB[0x8f][0x10]DZ[0xe0]A[0xb3][0x1c][0x8c][0xb4][0xa2][0x3][0xe6]%[0x1a][0xa5]v[0xe4][0xfe]M~[0x1e][0xed]V[0x8b][0x9a][0x9b]"[0x1d]WGc?!-h[0xa0][0xb5]M[0x88][0xb5][0x8c][0xb4][0xb6][0x9]1[0xff][0x8][0xb3][0x89][0x96]y[\n]"
04:23:59.111 [main] DEBUG org.apache.http.wire --  << "i,[0x8e].[0xd6]![0xea]{Z[0xe5])3[0xa4]-[0x93]0/[0xd1]&O[0x99][0xd1]m4[0xdd][0xc][0xe9]By[0x97][0xfc][0xec][0x92][0xd4]"[0x5][0x8f][0xd4][0xf2][0xc4]<[0x92][0xfc]E[0xf0][0x0][0xc8]j%O[0x17]%+cC[0x3][0xa4]!@[0xef][0xd2][0xe4][0xcc][0xbc]t[0x5][0xff][0xa2]TL[0xcb]"[0x13][0x15][0x1c]s[0xb]JA=[0xd6]L[0x85][0x9c][0xd2][0xe4]R[0x85][0xa4][0xc4][0xbc][0xf4][0xd4][0x92][0x92][0x12]E[0xa5][0xda][0xd8]Z[0x1d][0x88]y[0x16][0xe6]ft[0x1b][0xa1]7[0xa3][0xdb][0xb8][0xb9][0x19][0xbd]v[0x2][0x9a][0x9b]a[0xe9][0x10][0x92][0x14][0xef]D[0xcf]C[0x99]![0xed][0x91][0xa3]q[0xce]A[0xba]/[0x9c][0xc6]6!]BEk[0x9b][0xe8][0xd5]r[0xa5][0xdb][0xfd]O[0xe6][0xc8][0xd7][0x9][0xd1]6[0xf4][0x90][0x97][0xed][0xd1][0xda]&[0xcc]n4m[0xf2][0x93]9[0xd2][0x14][0x11][0x8d][0xfd]dB[0xa7][0xb4]g[0x86][0xec]'[0xfa][0xcc][0x3][0x98][0x99]#[0xcd]~[0xd1][0xcd]J[0xc4][\n]"
04:23:59.112 [main] DEBUG org.apache.http.wire --  << "[\r][0xba]Y[0x89][0x88]B[0xba]Y[0x89]h[0xd5][0xd2][0xcd]JD[0xf3][0x96][0x80][0x95][0x0][0x0][0x0][0x0][0xff][0xff]"
04:23:59.112 [main] DEBUG org.apache.http.wire --  << "[\r][\n]"
04:23:59.112 [main] DEBUG org.apache.http.wire --  << "3AA[\r][\n]"
04:23:59.112 [main] DEBUG org.apache.http.wire --  << "[0xc2]7DG[0xb0])[0x83]h}[0x98][0x99][0xd3][0xff][0xec][0x1c]s[0xfa][0x9f][0x9d]cn[0x82][0x18][0xc7][0xa5]W[0xc0][0xd2][0xab][0xb1]efn[0x86][0xc8][0x1b]4-H[0xcd][0xcc][0xe9][0xd5][0xac]33Gjd[0xd3][0xda]Ot[0xaa][0xf0][0xcc][0xcc][0x91][0xae][0x93][0xa2]["D[0xf4]([0xe9]e%R[0x93][0x92]nV[0xd2][0xbf]>B[0x9a]F[0xa1][0x9b]/[0xe9]_[0x1f]!-[0x97][0xa5][0x9b]/[0x11][0x8b]^[0xe8]f%[0xa2][0x4][0xa0][0x9b][0x95][0x88][0xfa][0x88][0xc6][0xc5][0x1b][0xd2][0x95][0xa7][0xb4][0xb6][0x9]Q[0xd6][0xd0][0xd8]&[0xa4][0xd9]*Z[0xdb][0x84](Yhm[0x13][0xa2][0x12][0xa7]W"[0xa4][0xfb][0xf5]of[0xe6][0x16][0xf4]o[0xe0][0xd2][0xfd][0xfa]73s[0xba]_[0xff]ffN[0xf7][0xeb][0xdf][0xcc][0xcc]-[0x10]shtK[0xb1][0x88]"[0x86]^V[0xd2][0xff][0xa6]SsKD[0xa1]C7_[0xd2][0xbf][0xf4]A:[0x95][0x8b]n[0xbe][0xa4][0xe9]C[0xff][0xe3][0xb9][0xcc][0xe9]<[0x97]9[0xfd][0x8f][0xe7]2[0xb7][0xa4][0xe9][0x3]Z[0xfc]I[0xdf][0xe3][0xb9],@[0xb]t[0xe9]m%[0xdd]K[0x1f][0xb][0xa4][0xdb]O[0xe8]T[0x14]X [0x9d][0xe6]E7+[0xe9]^[0xfa]X[0xd0][0xff][0xa8]/[0xb][0xfa][0x1f][0xf5]e[0x81]t[0xd4][0x17][0xdd][0xe2][0x92][0xee][0xa5][0x8f][0x5][0xd2]r6z[0xf9][0x12]i][0x1b][0xdd][0xac][0xa4][0xe9]C[0xaf]5uf[0x16]X[0xd6][0xd4][0xd1]dn[0xcd][0xcc][0x2][0xe9][0xa8]/[0xda][0xf6][-[0xe8]v[0xc2][0x97][0x5][0xd2][0x12]A[0xba][0xa5]F[0xc4]0[\r][0xdd][0xac][0xa4][0xc9][0x82]e[0xa1]"[0x8d][0x92]%h[0x97][0x6][0x9d][0x9b]3[0xf4]?[0xe1][0xcb][0x2]i%&[0xbd]R[\r][0xd2][0x9]_4[0xce][0xef]H[0xeb]>[0xe9][0xe6]9[0xba][0xf][0x9][ m[0xae][0xa3][0x9b]/[0xe9]_[0xd6][0xd0][0xfd][0xb6]f3[0xb][0xfa][0x1f][0xec]e[0x81][0xb4][0xe2][0x96]^q[0x89][0xb4][0xf4][0x96]nV[0xd2]}[0x4][0xc7][0x2][0xe9],1[0x1a][0x17]:[0xf4]?B[0xcc][0x2]i_([0xdd][0xa2][0x90][0xee][0xf3]P[0x16]X[0x16]8[0xd3][0xa8][0xea]G[0xdd]PJ[0xbb][0x15][0xf6]f[0x16][0xf4]ZWff[0x81][0xb4][0xf4][0x8a][0xc6][0x19][0x80]n[0xd7]wY[0xd0]m[0xad][0x9c][0x5][0xbd]n}7[0xb3]0A[0x8c][0xbc][0xd0]:[0x9e][0x10]M[0x15]Z[0xdb][0x84](,hm[0x13][0xa2]aBc[0x9b][0x90]N[0xc8][0xa3][0xb5]M[0x88]a[0x6][0x9a][0xda]dn[0x80]4K[0x6][0xb3][0x89][0x86];V[0xc][0x90][0xe6][0x8e][0xe8]b[0x1d]bM[\n]"
04:23:59.112 [main] DEBUG org.apache.http.wire --  << "[0xad]v[0xac][0x18]b[0x19][0xcb][0xa0]a[0x8][0x1a]"[0x9d][0xea]M[0x87][0x10]4D[0xea]|[0xd3],[0x4][0xe9][0xb5]@[0xd0][0xdc][0xc8][0x8c]N[0xa5][0x92][0xb9][0x11][0xd2]b:X4[0xd1][0xa4][0xe5]bn[0x84][0xb4]?[0x9f]>-As#[0xfa]n[0x9d]7[0xa2][0xef][0xd6]y#[0xa4]%I[0xb4]J[0xf2][0xc6]H[\r]&[0x9a][0x9f]1[0x84][0xd4]d[0xa2][0xb9]][0xa6][0x88]n[0x9e]Oj^~Y>F[0xa2][0xcf]I,([0xc9]/@[0x1c][0x8d]ba[0x0][0x6]D[0xdd]rcn[0x8c][0xb4][0xf5][0x88][0x16][0xe6][0x9b] [0xf5][0xff]i[0x90][0x10]R[0xcf][0x9f][0xe][0x96]!5)hj[0x11]J[0x8b][0x96]z[0xa7][0x16]![0xd6][0xd7][0xd0][0xf6][0xd4][0x1f][0xd4][0x9e][0x13]V[0xf7][0xe3][0xdb][0xe1]@[0xf4][0xa6]=S[0xa4][0x85][0xff][0xb4][0xad]&L[0xb1]T}4l[0xa6][0x98]"eT[0x98][0xc7]hi[0x1d]R%H[0xab]2[0xdb][0xc][0xe9]P[0x10][0x98][0x97]0J7[0xaa][0xa4][\n]"
04:23:59.112 [main] DEBUG org.apache.http.wire --  << "3[0xa4][0x89]M[0x1a][0xdb][0x84]4[0x18]A[0x8f][0x83]U[0xcc][0x90][0xea]"\9[0x18]Q5[0x10][0x9d][0x8d][0xcc]P[0xfb][0xea][0xb4][0xcb][0xaf]f[0xf4][0xea][0xaa][0x9b][0x9b]!m|[0xc2][0x15]R[0xd4]Il[0xf4]:[0x9d][0xdd][0xdc][0xc][0xa9]q@[0xe3]dm[0x8a]R[0xff][0xd0]n4[0xcf][0xdc][0xc][0xe9]dE[0x1a][0xfb][0x9]K+[0x98]F[0xc5][0xf][0xbd][0xd6][0xaf][0x9b][0x9b]![0x9d][0xa5]M[0xe3][0xd0]CZLNk[0x9b][0xe8]4[0xc6]fn[0x86][0xb4][0xa8][0x9a][0xd6]~B[0xcc][0xfa][0xd3][0xd8]&[0xa4][0xf5][0xcc][0xb4][0xb6][0x9][0xd1]U[0xa1][0xb5]MH[0xa3]P4[0xca][0xb2][0x96][0x14][0x16]x[0xc4]]Yan[0x86][0xb4]^[0x98][0xd6][0x81]F[0xaf][0xa1][0x1a]3[0xa4][0xd5][0xc1][0xb4][0xf6][0x13]f6[0xa2]a[0xa3][0x18][0xdb][0x95][0xb6]4[0xb5][0xe])[0x99]+[0xd0]&[0x9d][0x9b][0x1b]`[0xa6]s[0x9a]z[0x9]sn[0x81][0xa6][0xd6]![0xfa][0xb7][0xb4][0xea][0xc5] [0xdf][0x98]J[0xdb][0xd4][0x8e]|k)[0xcc]&x[0xe0][0x1][0x0][0x0][0x0][0xff][0xff]"
04:23:59.112 [main] DEBUG org.apache.http.wire --  << "[\r][\n]"
04:23:59.112 [main] DEBUG org.apache.http.wire --  << "414[\r][\n]"
04:23:59.112 [main] DEBUG org.apache.http.wire --  << "J-N.[0xca],@?[0xe0][0x9a][0x92]#[0x81][0x91][0xaf][0xf][0x85][0x8e][0xa6]`[0xa4][0xc1][0xd2]<[0xf0][0x89][0xc3][0xa9])[\n]"
04:23:59.112 [main] DEBUG org.apache.http.wire --  << "[0x5]E[0xf9])[0xa5][0xc9]%[\n]"
04:23:59.112 [main] DEBUG org.apache.http.wire --  << "[0x99]yy[0xf9]e[0x89]`w[0xe8]([0x5][0x14]e&[0xa7]*Y[0x19][0x83][0x16][0xd2][0x13]sX[0xaf]9[0xd2][0x92]?[0x5][0x5][0xda][0xc5][0x18]}[0x13]![0xd2][0x88]?[0xbd][0xc2][0x11]i[0x11][0x1c][\r][0xc3][0x11]i[0xdd][0x1b],=b[0xa4][0x10][0xaa]t[0xa9][0x90]o[0x97][0xa4][0xb5]M[0xf4]jl"_[0xec]Hk?!JA[0x1a][0xdb][0x84][0xda][0xc7][0xa6]a7[0xd1][0x9c]^[0x17][0xc6][0x99][0xd3][0xed][0xb2]5ss[0x92]:[0xd9][0xe0][0x82][0xb7][0x98][0x8c][0xb1][0x1d]s[0xa4][0x13][0xd1]}[0xf3][0x93]2sR[0x15]|R[0xd3]S[0xf3]R[0x14][0x1c][0x93][0x93][0xf3]K[0xf3]J0[0xf2][0xb0]oeIFf[0xb2][0x82]G~^~[0x11][0xc2]BC[0xe2]f[0x18][0xcc][0x91][0x8e][0x5][0xa4][0x8b]u[0x88]&!=[0xac]C:~[0x9d]N[0x93][0x85][0xc8][0xc7][0xbf]@cL[0x1][0xc5][0xa7][0xb8][0xe2][0xcf]377[0xbf][0xa8]$[0x11]t[0xfd][0x19][0xb4]b6"2[\n]"
04:23:59.112 [main] DEBUG org.apache.http.wire --  << "[0x91][0x8e][0x81][0xa1][0x9b]'[0xe9]V[0xe]#[0x8d][0xe3][0xd3][0xcd]s[0x88]4J/+[0xe9]~J[0x8b][0xb9]9[0xdd][0x8f]L17[0xa7][0xff][0xf9]%[0x16]t[0xbb]O[0xd4][0x82]^[0xa3][0xbd]f[0x16]$UD[0x14][0xf4]1[0xcc],[0xe8]u:[0xad][0x99][0x5]R[0xad]G[0xd3]F[0x90][0x99][0x5]R[0x85]Gk[0x9b][0x10][0xe5][0x8][0xad]m[0xa2]S[0x13][0xd2][0xcc][0x2][0xa9]B[0xa5][0xb1][0x9f][0xb0][0x1c][0xd8]F[0xbb][0xee][0xb4][0x99][0x5][0x96]EY4[0xb5][0x8e][0x9e][0x3];f[0x16]H[0xb5]([0x8d][0xfa][0xed]f[0x16][0xf4]Z[0x2]ffaF[0xb7][0xe4][0x8e]4[0xcf]N[0xe3][0xe4][0x8e]T[0x1d][0xd3][0xda]&[0xcc][0xa4][0x87][0xd1]&[0xa5][0xc6][0xb8][0x80][0x99][0x85]9b$[0x87][0xe6]W[0xe9][0x98]Y [0xad]c[0x8b]p[0xf2][0x8f]0[0xc4][0xf0][0x94][~[0x91]Bzbnf^:[0xa2][0x9b]dB[0xe4][0xe0][0x97][0x99][0x5][0xd2],![0x1d]<C[0xaf][0x99]B3[0xb][0xa4][0xbb]w[0xe9][0xe1]/[0xc4][0xa0]9=lC$uz[0xd8][0x86][0xe8][0x14]A[0x16][0x97][0xd0][0xec]6k3[0xb][0xa4]3[0xad][0xf0][0xd8][0x85]H[0xe7][0xc4][0xde]fmf[0x81]4[0xcb][0xaa][0x87][0x91][0x85][0xa8]S. Mz[0xd2]!Z[0xb0][0xac][0xc1][0xc7][0xed]/r[0xc7]m[0xcc],,[0xe9]4[0xbf]jf[0x81]tT[0x13][0x8d][0xab][\n]"
04:23:59.112 [main] DEBUG org.apache.http.wire --  << "J[0xa7]Y[0x89]][0xd1]dfA[0xaf][0x89]V3[0xb][0xa4][0xf3][0x98]h[0xb0][0xa4][0xd6][0xcc][0x82][0xa4][0xe9]U[\n]"
04:23:59.112 [main] DEBUG org.apache.http.wire --  << "[0x92][0x1b][0xdd]:[0x17][0xa0][0x1a][0x12]zJ[0x0][0xe1][0xe4]F[0xb6][0x87],[\r]0[0x16][0xec]b[0xe4]R[0xea][0xce]g[0x99]Y"[0xcd][0xae][0xd2][0xbe][0x1c][0xb2]D:[0x8a][0x87][0x1e][0xb6]![0xd2][0x7]=l[0xc3]l[0x91][0xd3][0xb0][0xf7]d[0x89][0xe5][0x8c][0x18][0x9a]Z[0x87]hF[0xd0][0xaa][0xf7]d[0x89][0xe5][0xe0][0x16][0x9a]z[0x9][0x91]<`[0x99][0x9a][0x96][0xd6]![0x9d]4B[0xb3][0x10]D[0x9a]U[0xa5][0x8b][0x97][0x10][0x89][0x82].[0xd6]![0xd6][0x7][0xd1].[0x4][0x11][0xfd][0xb5][0x80]`S[0x8c][0xe2][0x97]*[0x8d]?K[0xe4]] [0xb4][0xbc][0xdb][0xcd][0xcc][0x12][0xe9][0xd8][0x7]X[0xc][0xd1][0xca]O[0xf4]j[0xfb]Y[0xd2][0xed][0x90][0x7]K[0xa4]C[0x1e]h[0x1d]z[0x88]~[0x13][0xad]mBd"Z[0xdb][0x84][0xc8]J[0xb4][0xb6][0x9][0xb3]$[0xa7]U*[0xc7][0xac][0xe4]id[0x13][0xea]~$[0xda]-T0[0xb3]D[0xda][0x98]H[0xe3]xB[0xdd][\n]"
04:23:59.112 [main] DEBUG org.apache.http.wire --  << "BS?![0xc6]Xh[0xed]'[0xcc]:[0x90]V)[0x82]ne[0x4][0xd2]u8[0xb4][0xe]=[0xba][0x95][0x11][0xf4]Z[0x8e]cfI[0xb7][0xf9]VK[0xba][0x9d]NaI[0xaf][0x1d]Cf[0x96]t[0x9b]C[0xb6]4[0xa5][[0x19]A[0xb7][0xd9]jK[0xba][0xcd]![[0xd2]m[0xe][0xd9][0x12][0xe9].U[0x1a][0x97]F[0xf4][0xba][0xf7][0xd4][0xcc][0x92]ns[0xc8][0x96]X&uiT?![0xad][0xc1][0xa2]q<[0xd1][0xed]*.Kz[0xdd][0xe5]jf[0x89]4=M[0xeb][0xd0][0xa3][[0x9d]K[0xb7][0xe9]pK[0xba]M[0x87]["-S[0xa3]q<[0xd1]m[0xe2][0xdd][0x92]n[0x13][0xef][0x96]X[0x8e][0x91][0xa1]Qi[0x84][0xb4][0xd0][0xe][0x16]O[0xb4][0x1c][0xdd]C[0x9a][0xe7][0xa7][0x8b]u[0x88]~([0xcd][0x86][0xc2][0x90]f[0xfb][0xe9][0xe1]%,[0xdb]ui[0x19]aH[0x97]0[0xd1].[0x4]1[0xc7]Zh[0xea]%D[0xa2][0xa0]G[0x84]!M*[0xd3],[0x4][0x91]f[0x94][0xf1][0xcc][0xf1][0xe3][0x1b][0x95]%z[0xd6][0xdf][0x12]iN[0x19][0x8f]]d[0xac]'[0xb0][0xa4][0xdb][0x1c][0xb2]%[0xdd][0xe6][0x90]-[0x91][0xe6][0x90]a[0x89][0x8d]F%9I[0xb3][0xc9][0x94][0xac][0xf5][0xb5]D[0xba][0xc1][0x7]O[\n]"
04:23:59.112 [main] DEBUG org.apache.http.wire --  << "[0xa0]RjCdV<v[0x91][0x9e][0xda][0xcc][\r][0x90]f[0x91][0xa9]m2b[0x8c][0x1f][0x8f][0xc9][0xd4][0x8][0x1f]s[0x3][0xa4][0xeb]p[0xf0][0xd8]EV[0xf8]`[0x8e][0xd8][0x91]R*[0x3][0x0][0x0][0x0][0xff][0xff]"
04:23:59.112 [main] DEBUG org.apache.http.wire --  << "[\r][\n]"
04:23:59.115 [main] DEBUG org.apache.http.wire --  << "3CE[\r][\n]"
04:23:59.115 [main] DEBUG org.apache.http.wire --  << "[0x82][0xec][0x18]%vY[0x87][0xb9][0x1][0xd2]]0[0xb0][0x8c]BS[0xeb][0x10][0xe9][0x8a]F[0xa5][0xb2][0xb9][0x1][0x96][0xc3][0x8a]h[0xe9]%,[0x97][0x94][0xd0][0xd4]:[0xc4]8+[0xed]B[0x90][0x9e]-[0x3]s[0x3][0xe4][\r][0xbe][0xd0][0x9]GZ[0x86] [0xd2]44[0xcd]B[0x10][0xa9]N[0xc5]S>P[0xa7],B[0xaa]U[0xf1][0xd8]ENY[0x84][0xa5][0x16][0xa5]e[0xc4]`Y[0xc7]DC[0xeb][0xc][0x91]j"Z[0xa5][0x3]C[0xa4][0x9b][0xda][0xe8]P[0xbc][0x1a]"[0xdd]_F[0x17][0xeb][0x10]c5[0xb4][0xb]A[0xcc][0xd9]SZ&[\n]"
04:23:59.115 [main] DEBUG org.apache.http.wire --  << "C[0xa4]En[0xb4]/[0x8b][0xc][0x91]*[0xf][0x9a][0x85] [0xbd]F>[0xcd][0x8d][0x90][0xc6][0xb9][0xa8][0xbf][0xc0][0xdf][0xdc][0xc8][0x1c][0xd1]x[0xa0][0x85][0xf1]H+[0xfa][0xe9][0xb4][0xab][0xd4][0x88][0xae][0xa3][\n]"
04:23:59.115 [main] DEBUG org.apache.http.wire --  << "[0xe6]FHk[0xd2][0xe9]P<[0x18]![0x1d][0xe5]N[0xab][0xc4]md[0x81]H[0x13][0xf4][0xf0][0x12]R[0x8f][0x9f].[0xd6]!:[0x3][0xb4][\n]"
04:23:59.115 [main] DEBUG org.apache.http.wire --  << "Ac,[0xc7][0xc5][0xd3][0xa4][0xab]ln[0x8c]t:[\r],[0xf0]([0xb0][0xc9]PG[0xc9]9[0xb1]$5=[0xbf](3[0xb5]X[0xc9]*:[0xb6]V[0xa7]Z[0xc9][0xd3]E[0xc9][0xca][0xc2][0xdc][0x18][0xe9]Lzjfe[0x13]4+![0xf6][0x19][0x1b][0x98]![\r][0xce]8[0x95]f[0x97]b[0xf8][0xca])19Q![0xa9]4[0xbb]T[0xa1][0xb2]4[Q[0xa9][0x16][0xc5][0xad][0x98][0x15][0x1c][0x86]~|[\r]E[0xa2][0xfb]z[0xc6]Hk<[0xa9][0x10][0xfe][0x6]h[0x81][0x81][0xec]'[0xea][0x9e]lc[0x8a][0xcf]&D[0xe][0xa1][0xb5][0x9f][0x10][0x1d]/[0x1a][0xd4]>[0xc6]F[0x88][0xb6][0x14]M[0x8c]G[0x94][0x93][0xb4]0[0x9e][0xa4][0x95][0x9c][0xe4]nA076F[0xc][0xf1][0x10][0x8e]m[\n]"
04:23:59.115 [main] DEBUG org.apache.http.wire --  << "[0xac]A[0xac][0xbd][0xa0]E`[0xa1][0x1e][0xe]L[0xbb][0x85]f[0xe6][0xc6]H[0x93]t4[0xd8]Jcn[0x8c]4aF[0x1b][0xf3][0x11][0x99][0x82]p|S0[0xb8]jn[0x8c][0xb4]7[0x95][0x9a]5[0x6][0xbe]B[0x12][0xcb][0xc][0x16][0x8d][\n]"
04:23:59.115 [main] DEBUG org.apache.http.wire --  << "~[0xa4][0x96]m@bQZin*[0x86]E[0x89]y%[0x99][\n]"
04:23:59.115 [main] DEBUG org.apache.http.wire --  << "I[0x89][0xa5][\n]"
04:23:59.115 [main] DEBUG org.apache.http.wire --  << "[0xd9][0xa9]%[0xa9][0xd9]([0x83][0x5][0x6][0xa0]K[0xd5][0x89]9~[0xce][0x18]i[0xa7]*[0xdd][0x2][0x91]n[0xe5]?[0xd2][0x94][0x1c][0xdd]<G[0xb7][0xe4][0x8f][0xd4]T[0xa7][0x97][0xe7][0x90][0xf6][0x98][0xd2][0xcd]JR[0xaa][0xf][0x8a][0x8a][0x13][0xa4][0x6]![0xdd]<[0x87]h[0x9f][0xd0][0xb8][0xac]D[0x1a][0x16][0xa4][0x9b][0xe7][0x10][0x8d]d:Yi[0x2]*[0xf5][0xa0][0xbb]*[0xe9]f%"}[0xd2][0xcd]JD[0xf9]I7+[0x11][0xb3][0xb]t[0xb3][0x92][0xfe][0xc9][0x7]i[0x16][0x8a]^[0xbe]D:=[0x12]2[0x11][0x90]VZRZ[0x84]Y[0xd7]'gd[0xe6][0xe4]d[0xe6])d[0xe6])[0xe4][0x97][0x16])T[0xe6][0x97][0x96]d j|p7[0x91][0x98][0xea][0xde][0x4]i!>[\r][0x9a][0xc9]&Hk[0xe2]ia<[0xd2][0xf2]t[0x9a][0x18][0x8f][0xc8][0xcb][0xf4][0x88][0xc]S,[0xa3][0xbc]4[0x1c]'7EZzJ[0xab][0x91])[0xb][0xa4][0x4][0x80][0xeb][0xc6][0x11]D[0xb2]%z[0x18][0xc4][0x1c][0xe9][0xde][\n]"
04:23:59.115 [main] DEBUG org.apache.http.wire --  << ":[0xe5]Ls[0xfa][0xf7].[0xcc][0x91]z[0x17][0xf4][0xf2]%R[0xf3][0x9f][0xb6]-[0x10]s[0xa4]qs[0xba]y[0xe][0xd1][0xbc][0xa2][0x9b][0x95][0xf4]j[0xfe][0x9b]c[0x19]E[0xc7][0xe8]!Re[0xc][0xd2][0x1c]iY[0x1e][0x8d][0xd3][0x8]R[0x13][0x9c][0xd6]6![0xda]P[0xb4][0xb6][0x9][0x91][0x8]im[0x13][0xa2][0x91]Fk[0x9b][0xe8][0x96][0xca][0x91][0x16][0xd0][0xd1][0xda]O[0x88][0xd1]V[0xda][0xda]d[0x81][0xd4]K[0xa1][0xb5]M[0x98]3[0xe3][0xb4])#,[0xb0],[0x9a][0xa0][0x95]M[0x88][0x81]^Z[0x87][0x1e][0xbd][0xca][0x8][0xb],k@h[0x15]z[0xf4]*#,[0xb0][0xac]R[0xa4][0x95][0x9f][0x10]=EZ[0xdf]Mka[0x80](%hn[0x17]Rw[0x94][0xc6])[0x1d]i[0x5][\r]-[0x7][0x9b]-[0xb0][0x1c]1D[0xa3]4[0x81][0xb4]H[0x87][0xd6]aG[0xb7][0x1c][0x85]e[0xcd]%[0x8d]B[0x8f]n[0xb3][0xce][0x16]H[0xb3][0xce]4?Q[0xcb][0xdc][0xc2][0x88]nu[0x87][0x11]R[0xab][0x8f][0xd6]7%[[0x18][0xd1]-[0x9][0xd2][0xeb][0x9c]!s[0xb][0x92]f[0xa7])[0x19][0xf7][0xb7] i[0x82][0x9a]2[0x9b][0xe8][0x96][0xfc][0x90][0xce][0x19][0xa2][0xc1]@[0x99][0x85]1[0xfd][0x12][0x1c][0xbd]z[0x1a][0x16][0xc6][0x88]V[0x4][0x8d]k[0xc][0xa4][0xfb][0x92]il[0x13][0xbd][0x8e][0xfc]1[0xb7][0xa0][0xd7][0x91]?[0xe6][0x16][0xf4]:[0xf2][0xc7][0xdc][0x2][0xf5][0x9e]f[0xac][0x17]B[0x93]1[0x96]i[0x81]4[0xe4][0x8f]k[0x88][0x94]*[0xe3]6[0x16]Hc[0xfd][0xb4][0xb5][0x8][0xf5]V[0x1][0xaa][0x5][0x14][0xea]A[0x13]X[0x8d]%+[0xa0][0x0][0x0][0x0][0x0][0xff][0xff]"
04:23:59.115 [main] DEBUG org.apache.http.wire --  << "[\r][\n]"
04:23:59.115 [main] DEBUG org.apache.http.wire --  << "93[\r][\n]"
04:23:59.115 [main] DEBUG org.apache.http.wire --  << "B_zh[0x81]:[0xe]OK[0x8b][0xe8][0xd6][0xa3]4[0xa3][[0xb9][0x89][0xb4][0x80][0x9c][0xc6][0xa5][0x19][0xdd][0xae][0xc9]F>c[0x9f][0xd6]~B[0xd4]:t[0x1a][0xa2]F[0xbb][0xbd][0x87][0x86][0xa9][0x1d]i[0xb6][0x8e][0xb6][0xe5][0xf][0xea][0x9]OX}DNA[0x8d]z[0x9c][0x13]Vc[0xa9]S[0xfe][0xa0][0x9e][0xe6]DK[0x8b][0x10][0xa9][0x8d][0xc6][0xe9][0x9a]^[0x87][0xcf][0x98][ [0xad][0x97][0xa4][0xb1][0x9f][0x90]VN[0xd2][0xd8]&[0xa4][0x89]@Z[0xdb]D[0xb7][0x11]b[0xba][0xcd]4Z [0xcd]4[0xd2]:[0xf4][0xe8]V[0x9f]#[0xad]d[0xa4][0xb5][0x9f][0xe8][0xd6][0xb7]C[0xba][0x14][0x83][0xd6]~[0xa2]q[0xb9][0x17][[0xcb][0x5][0x0][0x0][0x0][0xff][0xff]"
04:23:59.115 [main] DEBUG org.apache.http.wire --  << "[\r][\n]"
04:23:59.115 [main] DEBUG org.apache.http.wire --  << "A[\r][\n]"
04:23:59.115 [main] DEBUG org.apache.http.wire --  << "[0x3][0x0][0xe9]d1[0xca]2[0xcb][0x2][0x0]"
04:23:59.115 [main] DEBUG org.apache.http.wire --  << "[\r][\n]"
04:23:59.115 [main] DEBUG org.apache.http.wire --  << "0[\r][\n]"
04:23:59.115 [main] DEBUG org.apache.http.wire --  << "[\r][\n]"
04:23:59.115 [main] DEBUG io.restassured.internal.RestAssuredHttpBuilder -- Parsed data to instance of: class org.apache.http.conn.EofSensorInputStream
04:23:59.116 [main] DEBUG org.apache.http.impl.conn.BasicClientConnectionManager -- Releasing connection org.apache.http.impl.conn.ManagedClientConnectionImpl@709353b9
04:23:59.116 [main] DEBUG org.apache.http.impl.conn.BasicClientConnectionManager -- Connection can be kept alive indefinitely
04:23:59.127 [Finalizer] DEBUG org.apache.http.impl.conn.DefaultClientConnection -- Connection 0.0.0.0:54215<->149.248.193.56:443 closed
04:23:59.127 [Finalizer] DEBUG org.apache.http.impl.conn.DefaultClientConnection -- Connection 0.0.0.0:54214<->149.248.193.56:443 closed
04:23:59.127 [Finalizer] DEBUG org.apache.http.impl.conn.DefaultClientConnection -- Connection 0.0.0.0:54213<->149.248.193.56:443 closed
04:23:59.127 [Finalizer] DEBUG org.apache.http.impl.conn.DefaultClientConnection -- Connection 0.0.0.0:54218<->149.248.193.56:443 closed
04:23:59.128 [Finalizer] DEBUG org.apache.http.impl.conn.DefaultClientConnection -- Connection 0.0.0.0:54217<->149.248.193.56:443 closed
04:23:59.128 [Finalizer] DEBUG org.apache.http.impl.conn.DefaultClientConnection -- Connection 0.0.0.0:54216<->149.248.193.56:443 closed
04:23:59.147 [main] DEBUG net.thucydides.core.steps.StepInterceptor -- STEP DONE: I GET HTTP request with valid endpoints all products
  &amp#27;[32mWhen &amp#27;[0m&amp#27;[32mI GET HTTP request with valid endpoints all products&amp#27;[0m   &amp#27;[90m# starter.stepdefinition.ProductsSteps.getHTTPRequestWithValidEndpointsAllProducts()&amp#27;[0m
04:23:59.148 [main] DEBUG net.thucydides.core.steps.StepInterceptor -- STARTING STEP: ProductsSteps.receiveResponseCode200ForGetAllProducts - I receive valid HTTP response 200 for get all products
04:23:59.148 [main] DEBUG net.thucydides.core.steps.StepInterceptor -- STEP DONE: I receive valid HTTP response 200 for get all products
  &amp#27;[32mThen &amp#27;[0m&amp#27;[32mI receive valid HTTP response 200 for get all products&amp#27;[0m &amp#27;[90m# starter.stepdefinition.ProductsSteps.receiveResponseCode200ForGetAllProducts()&amp#27;[0m
04:23:59.149 [main] INFO  -- 
  _____   ___   ___   _____     ___     _     ___   ___   ___   ___  
 |_   _| | __| / __| |_   _|   | _ \   /_\   / __| / __| | __| |   \ 
   | |   | _|  \__ \   | |     |  _/  / _ \  \__ \ \__ \ | _|  | |) |
   |_|   |___| |___/   |_|     |_|   /_/ \_\ |___/ |___/ |___| |___/ 

TC37 - Get all products
----------------------------------------------------------------------
]]></system-out>
  </testcase>
  <testcase name="TC38 - Get all products using invalid endpoints" classname="[05_Automation] - Product" time="0.107">
    <system-out><![CDATA[
Scenario: TC38 - Get all products using invalid endpoints                             &amp#27;[90m# src/test/resources/Products.feature:8&amp#27;[0m
04:23:59.153 [main] INFO io.cucumber.core.plugin.SerenityReporter -- Running feature from file:///D:/TaksAlterra/MiniProject/MiniProject_API/src/test/resources/Products.feature
04:23:59.153 [main] WARN io.cucumber.core.plugin.SerenityReporter -- Feature from file:///D:/TaksAlterra/MiniProject/MiniProject_API/src/test/resources/Products.feature is not under the 'features' directory. Requirements report will not be correctly generated!
04:23:59.153 [main] INFO  -- 
  _____   ___   ___   _____     ___   _____     _     ___   _____   ___   ___  
 |_   _| | __| / __| |_   _|   / __| |_   _|   /_\   | _ \ |_   _| | __| |   \ 
   | |   | _|  \__ \   | |     \__ \   | |    / _ \  |   /   | |   | _|  | |) |
   |_|   |___| |___/   |_|     |___/   |_|   /_/ \_\ |_|_\   |_|   |___| |___/ 

TC38 - Get all products using invalid endpoints([05-automation]---product;tc38---get-all-products-using-invalid-endpoints)
--------------------------------------------------------------------------------
04:23:59.158 [main] DEBUG net.thucydides.core.steps.StepInterceptor -- STARTING STEP: ProductsSteps.getAllProductsEndpoints2 - I GET all products endpoints 2
04:23:59.158 [main] DEBUG net.thucydides.core.steps.StepInterceptor -- STEP DONE: I GET all products endpoints 2
  &amp#27;[32mGiven &amp#27;[0m&amp#27;[32mI GET all products endpoints 2&amp#27;[0m                                                &amp#27;[90m# starter.stepdefinition.ProductsSteps.getAllProductsEndpoints2()&amp#27;[0m
04:23:59.160 [main] DEBUG net.thucydides.core.steps.StepInterceptor -- STARTING STEP: ProductsSteps.getHTTPRequestWithInvalidEndpoints - I GET HTTP request with invalid endpoints
04:23:59.161 [main] DEBUG net.thucydides.core.steps.StepInterceptor -- STARTING STEP: Products.getHTTPRequestWithInvalidEndpoints - I GET all products endpoints 2
04:23:59.161 [main] DEBUG net.thucydides.core.steps.StepInterceptor -- STEP DONE: I GET all products endpoints 2
04:23:59.164 [main] DEBUG org.apache.http.impl.conn.BasicClientConnectionManager -- Get connection for route {s}->https://altashop-api.fly.dev:443
04:23:59.165 [main] DEBUG org.apache.http.impl.conn.DefaultClientConnectionOperator -- Connecting to altashop-api.fly.dev:443
04:23:59.223 [main] DEBUG org.apache.http.client.protocol.RequestAddCookies -- CookieSpec selected: ignoreCookies
04:23:59.223 [main] DEBUG org.apache.http.client.protocol.RequestAuthCache -- Auth cache not set in the context
04:23:59.223 [main] DEBUG org.apache.http.client.protocol.RequestTargetAuthentication -- Target auth state: UNCHALLENGED
04:23:59.223 [main] DEBUG org.apache.http.client.protocol.RequestProxyAuthentication -- Proxy auth state: UNCHALLENGED
04:23:59.223 [main] DEBUG org.apache.http.impl.client.DefaultHttpClient -- Attempt 1 to execute request
04:23:59.223 [main] DEBUG org.apache.http.impl.conn.DefaultClientConnection -- Sending request: GET /api/product HTTP/1.1
04:23:59.223 [main] DEBUG org.apache.http.wire --  >> "GET /api/product HTTP/1.1[\r][\n]"
04:23:59.224 [main] DEBUG org.apache.http.wire --  >> "Accept: */*[\r][\n]"
04:23:59.224 [main] DEBUG org.apache.http.wire --  >> "Host: altashop-api.fly.dev[\r][\n]"
04:23:59.224 [main] DEBUG org.apache.http.wire --  >> "Connection: Keep-Alive[\r][\n]"
04:23:59.224 [main] DEBUG org.apache.http.wire --  >> "User-Agent: Apache-HttpClient/4.5.13 (Java/17.0.8)[\r][\n]"
04:23:59.224 [main] DEBUG org.apache.http.wire --  >> "Accept-Encoding: gzip,deflate[\r][\n]"
04:23:59.224 [main] DEBUG org.apache.http.wire --  >> "[\r][\n]"
04:23:59.224 [main] DEBUG org.apache.http.headers -- >> GET /api/product HTTP/1.1
04:23:59.224 [main] DEBUG org.apache.http.headers -- >> Accept: */*
04:23:59.224 [main] DEBUG org.apache.http.headers -- >> Host: altashop-api.fly.dev
04:23:59.224 [main] DEBUG org.apache.http.headers -- >> Connection: Keep-Alive
04:23:59.224 [main] DEBUG org.apache.http.headers -- >> User-Agent: Apache-HttpClient/4.5.13 (Java/17.0.8)
04:23:59.224 [main] DEBUG org.apache.http.headers -- >> Accept-Encoding: gzip,deflate
04:23:59.251 [main] DEBUG org.apache.http.wire --  << "HTTP/1.1 404 Not Found[\r][\n]"
04:23:59.251 [main] DEBUG org.apache.http.wire --  << "date: Mon, 30 Oct 2023 21:24:00 GMT[\r][\n]"
04:23:59.251 [main] DEBUG org.apache.http.wire --  << "content-encoding: gzip[\r][\n]"
04:23:59.251 [main] DEBUG org.apache.http.wire --  << "content-type: text/plain; charset=utf-8[\r][\n]"
04:23:59.251 [main] DEBUG org.apache.http.wire --  << "transfer-encoding: chunked[\r][\n]"
04:23:59.251 [main] DEBUG org.apache.http.wire --  << "server: Fly/7328d5b5 (2023-10-27)[\r][\n]"
04:23:59.251 [main] DEBUG org.apache.http.wire --  << "via: 1.1 fly.io[\r][\n]"
04:23:59.251 [main] DEBUG org.apache.http.wire --  << "fly-request-id: 01HE17HQ46CC9NC11Y2J8NYKS8-sin[\r][\n]"
04:23:59.251 [main] DEBUG org.apache.http.wire --  << "[\r][\n]"
04:23:59.251 [main] DEBUG org.apache.http.impl.conn.DefaultClientConnection -- Receiving response: HTTP/1.1 404 Not Found
04:23:59.251 [main] DEBUG org.apache.http.headers -- << HTTP/1.1 404 Not Found
04:23:59.251 [main] DEBUG org.apache.http.headers -- << date: Mon, 30 Oct 2023 21:24:00 GMT
04:23:59.251 [main] DEBUG org.apache.http.headers -- << content-encoding: gzip
04:23:59.251 [main] DEBUG org.apache.http.headers -- << content-type: text/plain; charset=utf-8
04:23:59.251 [main] DEBUG org.apache.http.headers -- << transfer-encoding: chunked
04:23:59.251 [main] DEBUG org.apache.http.headers -- << server: Fly/7328d5b5 (2023-10-27)
04:23:59.251 [main] DEBUG org.apache.http.headers -- << via: 1.1 fly.io
04:23:59.251 [main] DEBUG org.apache.http.headers -- << fly-request-id: 01HE17HQ46CC9NC11Y2J8NYKS8-sin
04:23:59.252 [main] DEBUG org.apache.http.impl.client.DefaultHttpClient -- Connection can be kept alive indefinitely
04:23:59.252 [main] DEBUG io.restassured.internal.RestAssuredHttpBuilder -- Parsing response as: text/plain; charset=utf-8
04:23:59.252 [main] DEBUG org.apache.http.wire --  << "1E[\r][\n]"
04:23:59.252 [main] DEBUG org.apache.http.wire --  << "[0x1f][0x8b][0x8][0x0][0x0][0x0][0x0][0x0][0x4][0xff][0xcb][0xcb]/QH[0xcb]/[0xcd]K[0xe1][0x2][0x0][0xd4]I[0xfa]r[\n]"
04:23:59.252 [main] DEBUG org.apache.http.wire --  << "[0x0][0x0][0x0]"
04:23:59.252 [main] DEBUG org.apache.http.wire --  << "[\r][\n]"
04:23:59.252 [main] DEBUG org.apache.http.wire --  << "0[\r][\n]"
04:23:59.252 [main] DEBUG org.apache.http.wire --  << "[\r][\n]"
04:23:59.252 [main] DEBUG io.restassured.internal.RestAssuredHttpBuilder -- Parsed data to instance of: class org.apache.http.conn.EofSensorInputStream
04:23:59.252 [main] DEBUG org.apache.http.impl.conn.BasicClientConnectionManager -- Releasing connection org.apache.http.impl.conn.ManagedClientConnectionImpl@581f1f40
04:23:59.253 [main] DEBUG org.apache.http.impl.conn.BasicClientConnectionManager -- Connection can be kept alive indefinitely
04:23:59.253 [main] DEBUG net.thucydides.core.steps.StepInterceptor -- STEP DONE: I GET HTTP request with invalid endpoints
  &amp#27;[32mWhen &amp#27;[0m&amp#27;[32mI GET HTTP request with invalid endpoints&amp#27;[0m                                      &amp#27;[90m# starter.stepdefinition.ProductsSteps.getHTTPRequestWithInvalidEndpoints()&amp#27;[0m
04:23:59.254 [main] DEBUG net.thucydides.core.steps.StepInterceptor -- STARTING STEP: ProductsSteps.receiveResponseCode404ForGetAllProductUsingInvalidEndpoints - I receive valid HTTP response 404 for get all products using invalid endpoints
04:23:59.254 [main] DEBUG net.thucydides.core.steps.StepInterceptor -- STEP DONE: I receive valid HTTP response 404 for get all products using invalid endpoints
  &amp#27;[32mThen &amp#27;[0m&amp#27;[32mI receive valid HTTP response 404 for get all products using invalid endpoints&amp#27;[0m &amp#27;[90m# starter.stepdefinition.ProductsSteps.receiveResponseCode404ForGetAllProductUsingInvalidEndpoints()&amp#27;[0m
04:23:59.255 [main] INFO  -- 
  _____   ___   ___   _____     ___     _     ___   ___   ___   ___  
 |_   _| | __| / __| |_   _|   | _ \   /_\   / __| / __| | __| |   \ 
   | |   | _|  \__ \   | |     |  _/  / _ \  \__ \ \__ \ | _|  | |) |
   |_|   |___| |___/   |_|     |_|   /_/ \_\ |___/ |___/ |___| |___/ 

TC38 - Get all products using invalid endpoints
----------------------------------------------------------------------
]]></system-out>
  </testcase>
  <testcase name="TC39 - Add new products" classname="[05_Automation] - Product" time="0.109">
    <system-out><![CDATA[
Scenario: TC39 - Add new products                             &amp#27;[90m# src/test/resources/Products.feature:13&amp#27;[0m
04:23:59.261 [main] INFO io.cucumber.core.plugin.SerenityReporter -- Running feature from file:///D:/TaksAlterra/MiniProject/MiniProject_API/src/test/resources/Products.feature
04:23:59.261 [main] WARN io.cucumber.core.plugin.SerenityReporter -- Feature from file:///D:/TaksAlterra/MiniProject/MiniProject_API/src/test/resources/Products.feature is not under the 'features' directory. Requirements report will not be correctly generated!
04:23:59.262 [main] INFO  -- 
  _____   ___   ___   _____     ___   _____     _     ___   _____   ___   ___  
 |_   _| | __| / __| |_   _|   / __| |_   _|   /_\   | _ \ |_   _| | __| |   \ 
   | |   | _|  \__ \   | |     \__ \   | |    / _ \  |   /   | |   | _|  | |) |
   |_|   |___| |___/   |_|     |___/   |_|   /_/ \_\ |_|_\   |_|   |___| |___/ 

TC39 - Add new products([05-automation]---product;tc39---add-new-products)
--------------------------------------------------------------------------------
04:23:59.267 [main] DEBUG net.thucydides.core.steps.StepInterceptor -- STARTING STEP: ProductsSteps.postAddNewProductsEndpoints - I POST add new products endpoints
04:23:59.267 [main] DEBUG net.thucydides.core.steps.StepInterceptor -- STEP DONE: I POST add new products endpoints
  &amp#27;[32mGiven &amp#27;[0m&amp#27;[32mI POST add new products endpoints&amp#27;[0m                     &amp#27;[90m# starter.stepdefinition.ProductsSteps.postAddNewProductsEndpoints()&amp#27;[0m
04:23:59.269 [main] DEBUG net.thucydides.core.steps.StepInterceptor -- STARTING STEP: ProductsSteps.postHTTPRequestForAddNewProducts - I POST HTTP request for add new products
04:23:59.270 [main] DEBUG net.thucydides.core.steps.StepInterceptor -- STARTING STEP: Products.postHTTPRequestForAddNewProducts - I POST add new products endpoints
04:23:59.270 [main] DEBUG net.thucydides.core.steps.StepInterceptor -- STEP DONE: I POST add new products endpoints
04:23:59.274 [main] DEBUG org.apache.http.impl.conn.BasicClientConnectionManager -- Get connection for route {s}->https://altashop-api.fly.dev:443
04:23:59.274 [main] DEBUG org.apache.http.impl.conn.DefaultClientConnectionOperator -- Connecting to altashop-api.fly.dev:443
04:23:59.331 [main] DEBUG org.apache.http.client.protocol.RequestAddCookies -- CookieSpec selected: ignoreCookies
04:23:59.331 [main] DEBUG org.apache.http.client.protocol.RequestAuthCache -- Auth cache not set in the context
04:23:59.331 [main] DEBUG org.apache.http.client.protocol.RequestTargetAuthentication -- Target auth state: UNCHALLENGED
04:23:59.331 [main] DEBUG org.apache.http.client.protocol.RequestProxyAuthentication -- Proxy auth state: UNCHALLENGED
04:23:59.331 [main] DEBUG org.apache.http.impl.client.DefaultHttpClient -- Attempt 1 to execute request
04:23:59.331 [main] DEBUG org.apache.http.impl.conn.DefaultClientConnection -- Sending request: POST /api/products HTTP/1.1
04:23:59.331 [main] DEBUG org.apache.http.wire --  >> "POST /api/products HTTP/1.1[\r][\n]"
04:23:59.331 [main] DEBUG org.apache.http.wire --  >> "Accept: */*[\r][\n]"
04:23:59.331 [main] DEBUG org.apache.http.wire --  >> "Content-Type: application/json[\r][\n]"
04:23:59.331 [main] DEBUG org.apache.http.wire --  >> "Content-Length: 83[\r][\n]"
04:23:59.331 [main] DEBUG org.apache.http.wire --  >> "Host: altashop-api.fly.dev[\r][\n]"
04:23:59.331 [main] DEBUG org.apache.http.wire --  >> "Connection: Keep-Alive[\r][\n]"
04:23:59.331 [main] DEBUG org.apache.http.wire --  >> "User-Agent: Apache-HttpClient/4.5.13 (Java/17.0.8)[\r][\n]"
04:23:59.331 [main] DEBUG org.apache.http.wire --  >> "Accept-Encoding: gzip,deflate[\r][\n]"
04:23:59.331 [main] DEBUG org.apache.http.wire --  >> "[\r][\n]"
04:23:59.331 [main] DEBUG org.apache.http.headers -- >> POST /api/products HTTP/1.1
04:23:59.331 [main] DEBUG org.apache.http.headers -- >> Accept: */*
04:23:59.331 [main] DEBUG org.apache.http.headers -- >> Content-Type: application/json
04:23:59.331 [main] DEBUG org.apache.http.headers -- >> Content-Length: 83
04:23:59.331 [main] DEBUG org.apache.http.headers -- >> Host: altashop-api.fly.dev
04:23:59.331 [main] DEBUG org.apache.http.headers -- >> Connection: Keep-Alive
04:23:59.331 [main] DEBUG org.apache.http.headers -- >> User-Agent: Apache-HttpClient/4.5.13 (Java/17.0.8)
04:23:59.331 [main] DEBUG org.apache.http.headers -- >> Accept-Encoding: gzip,deflate
04:23:59.331 [main] DEBUG org.apache.http.wire --  >> "{"price":299,"name":"Sony PS5","description":"play has no limits","categories":[1]}"
04:23:59.359 [main] DEBUG org.apache.http.wire --  << "HTTP/1.1 200 OK[\r][\n]"
04:23:59.359 [main] DEBUG org.apache.http.wire --  << "content-type: application/json[\r][\n]"
04:23:59.359 [main] DEBUG org.apache.http.wire --  << "date: Mon, 30 Oct 2023 21:24:00 GMT[\r][\n]"
04:23:59.359 [main] DEBUG org.apache.http.wire --  << "content-encoding: gzip[\r][\n]"
04:23:59.359 [main] DEBUG org.apache.http.wire --  << "transfer-encoding: chunked[\r][\n]"
04:23:59.359 [main] DEBUG org.apache.http.wire --  << "server: Fly/7328d5b5 (2023-10-27)[\r][\n]"
04:23:59.359 [main] DEBUG org.apache.http.wire --  << "via: 1.1 fly.io[\r][\n]"
04:23:59.359 [main] DEBUG org.apache.http.wire --  << "fly-request-id: 01HE17HQ7EK515M8WF36H7WM30-sin[\r][\n]"
04:23:59.359 [main] DEBUG org.apache.http.wire --  << "[\r][\n]"
04:23:59.359 [main] DEBUG org.apache.http.impl.conn.DefaultClientConnection -- Receiving response: HTTP/1.1 200 OK
04:23:59.359 [main] DEBUG org.apache.http.headers -- << HTTP/1.1 200 OK
04:23:59.359 [main] DEBUG org.apache.http.headers -- << content-type: application/json
04:23:59.359 [main] DEBUG org.apache.http.headers -- << date: Mon, 30 Oct 2023 21:24:00 GMT
04:23:59.359 [main] DEBUG org.apache.http.headers -- << content-encoding: gzip
04:23:59.359 [main] DEBUG org.apache.http.headers -- << transfer-encoding: chunked
04:23:59.359 [main] DEBUG org.apache.http.headers -- << server: Fly/7328d5b5 (2023-10-27)
04:23:59.359 [main] DEBUG org.apache.http.headers -- << via: 1.1 fly.io
04:23:59.359 [main] DEBUG org.apache.http.headers -- << fly-request-id: 01HE17HQ7EK515M8WF36H7WM30-sin
04:23:59.359 [main] DEBUG org.apache.http.impl.client.DefaultHttpClient -- Connection can be kept alive indefinitely
04:23:59.359 [main] DEBUG io.restassured.internal.RestAssuredHttpBuilder -- Parsing response as: application/json
04:23:59.359 [main] DEBUG org.apache.http.wire --  << "87[\r][\n]"
04:23:59.359 [main] DEBUG org.apache.http.wire --  << "[0x1f][0x8b][0x8][0x0][0x0][0x0][0x0][0x0][0x4][0xff][0xab]VJI,IT[0xb2][0xaa]V[0xf2]tQ[0xb2][0xb2]0[0xb7][0xb0][0xb0][0xd4]Q[0xf2]K[0xcc]MU[0xb2]R[\n]"
04:23:59.359 [main] DEBUG org.apache.http.wire --  << "[0xce][0xcf][0xab]T[0x8][0x8]6U[0xd2]QrI-N.[0xca],([0xc9][0xcc][0xcf]S[0xb2]R*[0xc8]I[0xac]T[0xc8]H,V[0xc8][0xcb]W[0xc8][0xc9][0xcc][0xcd],)V[0xd2]Q[\n]"
04:23:59.359 [main] DEBUG org.apache.http.wire --  << "([0xca]LNU[0xb2]2[0xb2][0xb4][0xd4]Q[\n]"
04:23:59.359 [main] DEBUG org.apache.http.wire --  << "J,[0xc9][0xcc]K/V[0xb2]2[0xd0]QrN,IM[0xcf]/[0xca]L-V[0xb2][0x8a][0x8e][0xad][0xad][0xe5][0x2][0x0][0xb9]p[0xf5],s[0x0][0x0][0x0]"
04:23:59.359 [main] DEBUG org.apache.http.wire --  << "[\r][\n]"
04:23:59.359 [main] DEBUG org.apache.http.wire --  << "0[\r][\n]"
04:23:59.359 [main] DEBUG org.apache.http.wire --  << "[\r][\n]"
04:23:59.359 [main] DEBUG io.restassured.internal.RestAssuredHttpBuilder -- Parsed data to instance of: class org.apache.http.conn.EofSensorInputStream
04:23:59.361 [main] DEBUG org.apache.http.impl.conn.BasicClientConnectionManager -- Releasing connection org.apache.http.impl.conn.ManagedClientConnectionImpl@5a919251
04:23:59.361 [main] DEBUG org.apache.http.impl.conn.BasicClientConnectionManager -- Connection can be kept alive indefinitely
04:23:59.361 [main] DEBUG net.thucydides.core.steps.StepInterceptor -- STEP DONE: I POST HTTP request for add new products
  &amp#27;[32mWhen &amp#27;[0m&amp#27;[32mI POST HTTP request for add new products&amp#27;[0m               &amp#27;[90m# starter.stepdefinition.ProductsSteps.postHTTPRequestForAddNewProducts()&amp#27;[0m
04:23:59.363 [main] DEBUG net.thucydides.core.steps.StepInterceptor -- STARTING STEP: ProductsSteps.receiveResponseCode200ForAddNewProducts - I receive valid HTTP response 200 for add new products
04:23:59.364 [main] DEBUG net.thucydides.core.steps.StepInterceptor -- STEP DONE: I receive valid HTTP response 200 for add new products
  &amp#27;[32mThen &amp#27;[0m&amp#27;[32mI receive valid HTTP response 200 for add new products&amp#27;[0m &amp#27;[90m# starter.stepdefinition.ProductsSteps.receiveResponseCode200ForAddNewProducts()&amp#27;[0m
04:23:59.364 [main] INFO  -- 
  _____   ___   ___   _____     ___     _     ___   ___   ___   ___  
 |_   _| | __| / __| |_   _|   | _ \   /_\   / __| / __| | __| |   \ 
   | |   | _|  \__ \   | |     |  _/  / _ \  \__ \ \__ \ | _|  | |) |
   |_|   |___| |___/   |_|     |_|   /_/ \_\ |___/ |___/ |___| |___/ 

TC39 - Add new products
----------------------------------------------------------------------
]]></system-out>
  </testcase>
  <testcase name="TC40 - Add new products without name payload" classname="[05_Automation] - Product" time="0.108">
    <system-out><![CDATA[
Scenario: TC40 - Add new products without name payload                             &amp#27;[90m# src/test/resources/Products.feature:18&amp#27;[0m
04:23:59.367 [main] INFO io.cucumber.core.plugin.SerenityReporter -- Running feature from file:///D:/TaksAlterra/MiniProject/MiniProject_API/src/test/resources/Products.feature
04:23:59.367 [main] WARN io.cucumber.core.plugin.SerenityReporter -- Feature from file:///D:/TaksAlterra/MiniProject/MiniProject_API/src/test/resources/Products.feature is not under the 'features' directory. Requirements report will not be correctly generated!
04:23:59.368 [main] INFO  -- 
  _____   ___   ___   _____     ___   _____     _     ___   _____   ___   ___  
 |_   _| | __| / __| |_   _|   / __| |_   _|   /_\   | _ \ |_   _| | __| |   \ 
   | |   | _|  \__ \   | |     \__ \   | |    / _ \  |   /   | |   | _|  | |) |
   |_|   |___| |___/   |_|     |___/   |_|   /_/ \_\ |_|_\   |_|   |___| |___/ 

TC40 - Add new products without name payload([05-automation]---product;tc40---add-new-products-without-name-payload)
--------------------------------------------------------------------------------
04:23:59.371 [main] DEBUG net.thucydides.core.steps.StepInterceptor -- STARTING STEP: ProductsSteps.postAddNewProductsEndpoints2 - I POST add new products endpoints 2
04:23:59.371 [main] DEBUG net.thucydides.core.steps.StepInterceptor -- STEP DONE: I POST add new products endpoints 2
  &amp#27;[32mGiven &amp#27;[0m&amp#27;[32mI POST add new products endpoints 2&amp#27;[0m                                        &amp#27;[90m# starter.stepdefinition.ProductsSteps.postAddNewProductsEndpoints2()&amp#27;[0m
04:23:59.371 [main] DEBUG net.thucydides.core.steps.StepInterceptor -- STARTING STEP: ProductsSteps.postHTTPRequestForAddNewProductsWithoutNamePayload - I POST HTTP request for add new products without name payload
04:23:59.372 [main] DEBUG net.thucydides.core.steps.StepInterceptor -- STARTING STEP: Products.postHTTPRequestForAddNewProductsWithoutNamePayload - I POST add new products endpoints 2
04:23:59.372 [main] DEBUG net.thucydides.core.steps.StepInterceptor -- STEP DONE: I POST add new products endpoints 2
04:23:59.376 [main] DEBUG org.apache.http.impl.conn.BasicClientConnectionManager -- Get connection for route {s}->https://altashop-api.fly.dev:443
04:23:59.376 [main] DEBUG org.apache.http.impl.conn.DefaultClientConnectionOperator -- Connecting to altashop-api.fly.dev:443
04:23:59.441 [main] DEBUG org.apache.http.client.protocol.RequestAddCookies -- CookieSpec selected: ignoreCookies
04:23:59.441 [main] DEBUG org.apache.http.client.protocol.RequestAuthCache -- Auth cache not set in the context
04:23:59.441 [main] DEBUG org.apache.http.client.protocol.RequestTargetAuthentication -- Target auth state: UNCHALLENGED
04:23:59.441 [main] DEBUG org.apache.http.client.protocol.RequestProxyAuthentication -- Proxy auth state: UNCHALLENGED
04:23:59.441 [main] DEBUG org.apache.http.impl.client.DefaultHttpClient -- Attempt 1 to execute request
04:23:59.441 [main] DEBUG org.apache.http.impl.conn.DefaultClientConnection -- Sending request: POST /api/products HTTP/1.1
04:23:59.441 [main] DEBUG org.apache.http.wire --  >> "POST /api/products HTTP/1.1[\r][\n]"
04:23:59.441 [main] DEBUG org.apache.http.wire --  >> "Accept: */*[\r][\n]"
04:23:59.441 [main] DEBUG org.apache.http.wire --  >> "Content-Type: application/json[\r][\n]"
04:23:59.441 [main] DEBUG org.apache.http.wire --  >> "Content-Length: 65[\r][\n]"
04:23:59.441 [main] DEBUG org.apache.http.wire --  >> "Host: altashop-api.fly.dev[\r][\n]"
04:23:59.441 [main] DEBUG org.apache.http.wire --  >> "Connection: Keep-Alive[\r][\n]"
04:23:59.441 [main] DEBUG org.apache.http.wire --  >> "User-Agent: Apache-HttpClient/4.5.13 (Java/17.0.8)[\r][\n]"
04:23:59.441 [main] DEBUG org.apache.http.wire --  >> "Accept-Encoding: gzip,deflate[\r][\n]"
04:23:59.441 [main] DEBUG org.apache.http.wire --  >> "[\r][\n]"
04:23:59.441 [main] DEBUG org.apache.http.headers -- >> POST /api/products HTTP/1.1
04:23:59.441 [main] DEBUG org.apache.http.headers -- >> Accept: */*
04:23:59.441 [main] DEBUG org.apache.http.headers -- >> Content-Type: application/json
04:23:59.441 [main] DEBUG org.apache.http.headers -- >> Content-Length: 65
04:23:59.441 [main] DEBUG org.apache.http.headers -- >> Host: altashop-api.fly.dev
04:23:59.441 [main] DEBUG org.apache.http.headers -- >> Connection: Keep-Alive
04:23:59.441 [main] DEBUG org.apache.http.headers -- >> User-Agent: Apache-HttpClient/4.5.13 (Java/17.0.8)
04:23:59.441 [main] DEBUG org.apache.http.headers -- >> Accept-Encoding: gzip,deflate
04:23:59.441 [main] DEBUG org.apache.http.wire --  >> "{"price":299,"description":"play has no limits","categories":[1]}"
04:23:59.467 [main] DEBUG org.apache.http.wire --  << "HTTP/1.1 500 Internal Server Error[\r][\n]"
04:23:59.468 [main] DEBUG org.apache.http.wire --  << "content-type: application/json[\r][\n]"
04:23:59.468 [main] DEBUG org.apache.http.wire --  << "date: Mon, 30 Oct 2023 21:24:00 GMT[\r][\n]"
04:23:59.468 [main] DEBUG org.apache.http.wire --  << "content-encoding: gzip[\r][\n]"
04:23:59.468 [main] DEBUG org.apache.http.wire --  << "transfer-encoding: chunked[\r][\n]"
04:23:59.468 [main] DEBUG org.apache.http.wire --  << "server: Fly/7328d5b5 (2023-10-27)[\r][\n]"
04:23:59.468 [main] DEBUG org.apache.http.wire --  << "via: 1.1 fly.io[\r][\n]"
04:23:59.468 [main] DEBUG org.apache.http.wire --  << "fly-request-id: 01HE17HQAWBBZRKC2EVB6RC8Q3-sin[\r][\n]"
04:23:59.468 [main] DEBUG org.apache.http.wire --  << "[\r][\n]"
04:23:59.468 [main] DEBUG org.apache.http.impl.conn.DefaultClientConnection -- Receiving response: HTTP/1.1 500 Internal Server Error
04:23:59.468 [main] DEBUG org.apache.http.headers -- << HTTP/1.1 500 Internal Server Error
04:23:59.468 [main] DEBUG org.apache.http.headers -- << content-type: application/json
04:23:59.468 [main] DEBUG org.apache.http.headers -- << date: Mon, 30 Oct 2023 21:24:00 GMT
04:23:59.468 [main] DEBUG org.apache.http.headers -- << content-encoding: gzip
04:23:59.468 [main] DEBUG org.apache.http.headers -- << transfer-encoding: chunked
04:23:59.468 [main] DEBUG org.apache.http.headers -- << server: Fly/7328d5b5 (2023-10-27)
04:23:59.468 [main] DEBUG org.apache.http.headers -- << via: 1.1 fly.io
04:23:59.468 [main] DEBUG org.apache.http.headers -- << fly-request-id: 01HE17HQAWBBZRKC2EVB6RC8Q3-sin
04:23:59.468 [main] DEBUG org.apache.http.impl.client.DefaultHttpClient -- Connection can be kept alive indefinitely
04:23:59.468 [main] DEBUG io.restassured.internal.RestAssuredHttpBuilder -- Parsing response as: application/json
04:23:59.468 [main] DEBUG org.apache.http.wire --  << "80[\r][\n]"
04:23:59.468 [main] DEBUG org.apache.http.wire --  << "[0x1f][0x8b][0x8][0x0][0x0][0x0][0x0][0x0][0x4][0xff][0xab]VJ-*[0xca]/R[0xb2]Rr[\r][\n]"
04:23:59.468 [main] DEBUG org.apache.http.wire --  << "[0xf2][0xf][0xb2]R[0xc8]K-W([0xca]/WH[0xcb]/R(J[0xcd]I,[0xc9][0xcc][0xcf]S[0x88]Q*([0xca]O)M.)[0x8e]QR([0xcb][0xcc][0xcf]I,I-VH[0xce]HM[0xce]VH[0xce][0xcf]+.)J[0xcc][0xcc]+AR[0x16][0x9f][0x97][0x98][0x9b][0x1a][0xf]V[0x10][0xa3][0xa4][0xa0][0x11][0x1c][0xe8][0x13][0x1c][0xe2][0x18][0xe2][0xaa]`dljh[0xa2][0xa9]T[0xcb][0x5][0x0]5m[0xa8][0xef]x[0x0][0x0][0x0]"
04:23:59.468 [main] DEBUG org.apache.http.wire --  << "[\r][\n]"
04:23:59.469 [main] DEBUG org.apache.http.wire --  << "0[\r][\n]"
04:23:59.469 [main] DEBUG org.apache.http.wire --  << "[\r][\n]"
04:23:59.469 [main] DEBUG io.restassured.internal.RestAssuredHttpBuilder -- Parsed data to instance of: class org.apache.http.conn.EofSensorInputStream
04:23:59.469 [main] DEBUG org.apache.http.impl.conn.BasicClientConnectionManager -- Releasing connection org.apache.http.impl.conn.ManagedClientConnectionImpl@267d9cc0
04:23:59.469 [main] DEBUG org.apache.http.impl.conn.BasicClientConnectionManager -- Connection can be kept alive indefinitely
04:23:59.470 [main] DEBUG net.thucydides.core.steps.StepInterceptor -- STEP DONE: I POST HTTP request for add new products without name payload
  &amp#27;[32mWhen &amp#27;[0m&amp#27;[32mI POST HTTP request for add new products without name payload&amp#27;[0m               &amp#27;[90m# starter.stepdefinition.ProductsSteps.postHTTPRequestForAddNewProductsWithoutNamePayload()&amp#27;[0m
04:23:59.471 [main] DEBUG net.thucydides.core.steps.StepInterceptor -- STARTING STEP: ProductsSteps.receiveResponseCode500ForAddNewProductsWithoutNamePayload - I receive valid HTTP response 500 for add new products without name payload
04:23:59.472 [main] DEBUG net.thucydides.core.steps.StepInterceptor -- STEP DONE: I receive valid HTTP response 500 for add new products without name payload
  &amp#27;[32mThen &amp#27;[0m&amp#27;[32mI receive valid HTTP response 500 for add new products without name payload&amp#27;[0m &amp#27;[90m# starter.stepdefinition.ProductsSteps.receiveResponseCode500ForAddNewProductsWithoutNamePayload()&amp#27;[0m
04:23:59.473 [main] INFO  -- 
  _____   ___   ___   _____     ___     _     ___   ___   ___   ___  
 |_   _| | __| / __| |_   _|   | _ \   /_\   / __| / __| | __| |   \ 
   | |   | _|  \__ \   | |     |  _/  / _ \  \__ \ \__ \ | _|  | |) |
   |_|   |___| |___/   |_|     |_|   /_/ \_\ |___/ |___/ |___| |___/ 

TC40 - Add new products without name payload
----------------------------------------------------------------------
]]></system-out>
  </testcase>
  <testcase name="TC42 - Add new product with blank name payload" classname="[05_Automation] - Product" time="0.102">
    <system-out><![CDATA[04:23:59.479 [Finalizer] DEBUG org.apache.http.impl.conn.DefaultClientConnection -- Connection 0.0.0.0:54221<->149.248.193.56:443 closed
04:23:59.479 [Finalizer] DEBUG org.apache.http.impl.conn.DefaultClientConnection -- Connection 0.0.0.0:54219<->149.248.193.56:443 closed
04:23:59.479 [Finalizer] DEBUG org.apache.http.impl.conn.DefaultClientConnection -- Connection 0.0.0.0:54220<->149.248.193.56:443 closed

Scenario: TC42 - Add new product with blank name payload                              &amp#27;[90m# src/test/resources/Products.feature:28&amp#27;[0m
04:23:59.481 [main] INFO io.cucumber.core.plugin.SerenityReporter -- Running feature from file:///D:/TaksAlterra/MiniProject/MiniProject_API/src/test/resources/Products.feature
04:23:59.481 [main] WARN io.cucumber.core.plugin.SerenityReporter -- Feature from file:///D:/TaksAlterra/MiniProject/MiniProject_API/src/test/resources/Products.feature is not under the 'features' directory. Requirements report will not be correctly generated!
04:23:59.481 [main] INFO  -- 
  _____   ___   ___   _____     ___   _____     _     ___   _____   ___   ___  
 |_   _| | __| / __| |_   _|   / __| |_   _|   /_\   | _ \ |_   _| | __| |   \ 
   | |   | _|  \__ \   | |     \__ \   | |    / _ \  |   /   | |   | _|  | |) |
   |_|   |___| |___/   |_|     |___/   |_|   /_/ \_\ |_|_\   |_|   |___| |___/ 

TC42 - Add new product with blank name payload([05-automation]---product;tc42---add-new-product-with-blank-name-payload)
--------------------------------------------------------------------------------
04:23:59.484 [main] DEBUG net.thucydides.core.steps.StepInterceptor -- STARTING STEP: ProductsSteps.postAddNewProductsEndpoints4 - I POST add new products endpoints 4
04:23:59.485 [main] DEBUG net.thucydides.core.steps.StepInterceptor -- STEP DONE: I POST add new products endpoints 4
  &amp#27;[32mGiven &amp#27;[0m&amp#27;[32mI POST add new products endpoints 4&amp#27;[0m                                           &amp#27;[90m# starter.stepdefinition.ProductsSteps.postAddNewProductsEndpoints4()&amp#27;[0m
04:23:59.485 [main] DEBUG net.thucydides.core.steps.StepInterceptor -- STARTING STEP: ProductsSteps.postHTTPRequestForAddNewProductesWithBlankNamePayload - I POST HTTP request for add new products with blank name payload
04:23:59.486 [main] DEBUG net.thucydides.core.steps.StepInterceptor -- STARTING STEP: Products.postHTTPRequestForAddNewProductesWithBlankNamePayload - I POST add new products endpoints 4
04:23:59.486 [main] DEBUG net.thucydides.core.steps.StepInterceptor -- STEP DONE: I POST add new products endpoints 4
04:23:59.491 [main] DEBUG org.apache.http.impl.conn.BasicClientConnectionManager -- Get connection for route {s}->https://altashop-api.fly.dev:443
04:23:59.491 [main] DEBUG org.apache.http.impl.conn.DefaultClientConnectionOperator -- Connecting to altashop-api.fly.dev:443
04:23:59.543 [main] DEBUG org.apache.http.client.protocol.RequestAddCookies -- CookieSpec selected: ignoreCookies
04:23:59.543 [main] DEBUG org.apache.http.client.protocol.RequestAuthCache -- Auth cache not set in the context
04:23:59.543 [main] DEBUG org.apache.http.client.protocol.RequestTargetAuthentication -- Target auth state: UNCHALLENGED
04:23:59.543 [main] DEBUG org.apache.http.client.protocol.RequestProxyAuthentication -- Proxy auth state: UNCHALLENGED
04:23:59.543 [main] DEBUG org.apache.http.impl.client.DefaultHttpClient -- Attempt 1 to execute request
04:23:59.543 [main] DEBUG org.apache.http.impl.conn.DefaultClientConnection -- Sending request: POST /api/products HTTP/1.1
04:23:59.543 [main] DEBUG org.apache.http.wire --  >> "POST /api/products HTTP/1.1[\r][\n]"
04:23:59.543 [main] DEBUG org.apache.http.wire --  >> "Accept: */*[\r][\n]"
04:23:59.543 [main] DEBUG org.apache.http.wire --  >> "Content-Type: application/json[\r][\n]"
04:23:59.543 [main] DEBUG org.apache.http.wire --  >> "Content-Length: 75[\r][\n]"
04:23:59.543 [main] DEBUG org.apache.http.wire --  >> "Host: altashop-api.fly.dev[\r][\n]"
04:23:59.543 [main] DEBUG org.apache.http.wire --  >> "Connection: Keep-Alive[\r][\n]"
04:23:59.543 [main] DEBUG org.apache.http.wire --  >> "User-Agent: Apache-HttpClient/4.5.13 (Java/17.0.8)[\r][\n]"
04:23:59.543 [main] DEBUG org.apache.http.wire --  >> "Accept-Encoding: gzip,deflate[\r][\n]"
04:23:59.543 [main] DEBUG org.apache.http.wire --  >> "[\r][\n]"
04:23:59.543 [main] DEBUG org.apache.http.headers -- >> POST /api/products HTTP/1.1
04:23:59.543 [main] DEBUG org.apache.http.headers -- >> Accept: */*
04:23:59.543 [main] DEBUG org.apache.http.headers -- >> Content-Type: application/json
04:23:59.543 [main] DEBUG org.apache.http.headers -- >> Content-Length: 75
04:23:59.543 [main] DEBUG org.apache.http.headers -- >> Host: altashop-api.fly.dev
04:23:59.543 [main] DEBUG org.apache.http.headers -- >> Connection: Keep-Alive
04:23:59.543 [main] DEBUG org.apache.http.headers -- >> User-Agent: Apache-HttpClient/4.5.13 (Java/17.0.8)
04:23:59.543 [main] DEBUG org.apache.http.headers -- >> Accept-Encoding: gzip,deflate
04:23:59.543 [main] DEBUG org.apache.http.wire --  >> "{"price":299,"name":"","description":"play has no limits","categories":[1]}"
04:23:59.570 [main] DEBUG org.apache.http.wire --  << "HTTP/1.1 500 Internal Server Error[\r][\n]"
04:23:59.570 [main] DEBUG org.apache.http.wire --  << "content-type: application/json[\r][\n]"
04:23:59.570 [main] DEBUG org.apache.http.wire --  << "date: Mon, 30 Oct 2023 21:24:01 GMT[\r][\n]"
04:23:59.570 [main] DEBUG org.apache.http.wire --  << "content-encoding: gzip[\r][\n]"
04:23:59.570 [main] DEBUG org.apache.http.wire --  << "transfer-encoding: chunked[\r][\n]"
04:23:59.570 [main] DEBUG org.apache.http.wire --  << "server: Fly/7328d5b5 (2023-10-27)[\r][\n]"
04:23:59.570 [main] DEBUG org.apache.http.wire --  << "via: 1.1 fly.io[\r][\n]"
04:23:59.570 [main] DEBUG org.apache.http.wire --  << "fly-request-id: 01HE17HQE2XMXFA1S300V65NNV-sin[\r][\n]"
04:23:59.570 [main] DEBUG org.apache.http.wire --  << "[\r][\n]"
04:23:59.570 [main] DEBUG org.apache.http.impl.conn.DefaultClientConnection -- Receiving response: HTTP/1.1 500 Internal Server Error
04:23:59.570 [main] DEBUG org.apache.http.headers -- << HTTP/1.1 500 Internal Server Error
04:23:59.570 [main] DEBUG org.apache.http.headers -- << content-type: application/json
04:23:59.570 [main] DEBUG org.apache.http.headers -- << date: Mon, 30 Oct 2023 21:24:01 GMT
04:23:59.570 [main] DEBUG org.apache.http.headers -- << content-encoding: gzip
04:23:59.570 [main] DEBUG org.apache.http.headers -- << transfer-encoding: chunked
04:23:59.570 [main] DEBUG org.apache.http.headers -- << server: Fly/7328d5b5 (2023-10-27)
04:23:59.570 [main] DEBUG org.apache.http.headers -- << via: 1.1 fly.io
04:23:59.570 [main] DEBUG org.apache.http.headers -- << fly-request-id: 01HE17HQE2XMXFA1S300V65NNV-sin
04:23:59.570 [main] DEBUG org.apache.http.impl.client.DefaultHttpClient -- Connection can be kept alive indefinitely
04:23:59.571 [main] DEBUG io.restassured.internal.RestAssuredHttpBuilder -- Parsing response as: application/json
04:23:59.571 [main] DEBUG org.apache.http.wire --  << "80[\r][\n]"
04:23:59.571 [main] DEBUG org.apache.http.wire --  << "[0x1f][0x8b][0x8][0x0][0x0][0x0][0x0][0x0][0x4][0xff][0xab]VJ-*[0xca]/R[0xb2]Rr[\r][\n]"
04:23:59.571 [main] DEBUG org.apache.http.wire --  << "[0xf2][0xf][0xb2]R[0xc8]K-W([0xca]/WH[0xcb]/R(J[0xcd]I,[0xc9][0xcc][0xcf]S[0x88]Q*([0xca]O)M.)[0x8e]QR([0xcb][0xcc][0xcf]I,I-VH[0xce]HM[0xce]VH[0xce][0xcf]+.)J[0xcc][0xcc]+AR[0x16][0x9f][0x97][0x98][0x9b][0x1a][0xf]V[0x10][0xa3][0xa4][0xa0][0x11][0x1c][0xe8][0x13][0x1c][0xe2][0x18][0xe2][0xaa]`dljh[0xa2][0xa9]T[0xcb][0x5][0x0]5m[0xa8][0xef]x[0x0][0x0][0x0]"
04:23:59.571 [main] DEBUG org.apache.http.wire --  << "[\r][\n]"
04:23:59.571 [main] DEBUG org.apache.http.wire --  << "0[\r][\n]"
04:23:59.571 [main] DEBUG org.apache.http.wire --  << "[\r][\n]"
04:23:59.571 [main] DEBUG io.restassured.internal.RestAssuredHttpBuilder -- Parsed data to instance of: class org.apache.http.conn.EofSensorInputStream
04:23:59.572 [main] DEBUG org.apache.http.impl.conn.BasicClientConnectionManager -- Releasing connection org.apache.http.impl.conn.ManagedClientConnectionImpl@c42ee90
04:23:59.572 [main] DEBUG org.apache.http.impl.conn.BasicClientConnectionManager -- Connection can be kept alive indefinitely
04:23:59.572 [main] DEBUG net.thucydides.core.steps.StepInterceptor -- STEP DONE: I POST HTTP request for add new products with blank name payload
  &amp#27;[32mWhen &amp#27;[0m&amp#27;[32mI POST HTTP request for add new products with blank name payload&amp#27;[0m               &amp#27;[90m# starter.stepdefinition.ProductsSteps.postHTTPRequestForAddNewProductesWithBlankNamePayload()&amp#27;[0m
04:23:59.574 [main] DEBUG net.thucydides.core.steps.StepInterceptor -- STARTING STEP: ProductsSteps.receiveResponseCode500ForAddNewProductesWithBlankNamePayload - I receive valid HTTP response 500 for add new products with blank name payload
04:23:59.574 [main] DEBUG net.thucydides.core.steps.StepInterceptor -- STEP DONE: I receive valid HTTP response 500 for add new products with blank name payload
  &amp#27;[32mThen &amp#27;[0m&amp#27;[32mI receive valid HTTP response 500 for add new products with blank name payload&amp#27;[0m &amp#27;[90m# starter.stepdefinition.ProductsSteps.receiveResponseCode500ForAddNewProductesWithBlankNamePayload()&amp#27;[0m
04:23:59.575 [main] INFO  -- 
  _____   ___   ___   _____     ___     _     ___   ___   ___   ___  
 |_   _| | __| / __| |_   _|   | _ \   /_\   / __| / __| | __| |   \ 
   | |   | _|  \__ \   | |     |  _/  / _ \  \__ \ \__ \ | _|  | |) |
   |_|   |___| |___/   |_|     |_|   /_/ \_\ |___/ |___/ |___| |___/ 

TC42 - Add new product with blank name payload
----------------------------------------------------------------------
]]></system-out>
  </testcase>
  <testcase name="TC44 - Add new product with blank price payload" classname="[05_Automation] - Product" time="0.092">
    <system-out><![CDATA[
Scenario: TC44 - Add new product with blank price payload                              &amp#27;[90m# src/test/resources/Products.feature:38&amp#27;[0m
04:23:59.579 [main] INFO io.cucumber.core.plugin.SerenityReporter -- Running feature from file:///D:/TaksAlterra/MiniProject/MiniProject_API/src/test/resources/Products.feature
04:23:59.579 [main] WARN io.cucumber.core.plugin.SerenityReporter -- Feature from file:///D:/TaksAlterra/MiniProject/MiniProject_API/src/test/resources/Products.feature is not under the 'features' directory. Requirements report will not be correctly generated!
04:23:59.579 [main] INFO  -- 
  _____   ___   ___   _____     ___   _____     _     ___   _____   ___   ___  
 |_   _| | __| / __| |_   _|   / __| |_   _|   /_\   | _ \ |_   _| | __| |   \ 
   | |   | _|  \__ \   | |     \__ \   | |    / _ \  |   /   | |   | _|  | |) |
   |_|   |___| |___/   |_|     |___/   |_|   /_/ \_\ |_|_\   |_|   |___| |___/ 

TC44 - Add new product with blank price payload([05-automation]---product;tc44---add-new-product-with-blank-price-payload)
--------------------------------------------------------------------------------
04:23:59.582 [main] DEBUG net.thucydides.core.steps.StepInterceptor -- STARTING STEP: ProductsSteps.postAddNewProductsEndpoints6 - I POST add new products endpoints 6
04:23:59.582 [main] DEBUG net.thucydides.core.steps.StepInterceptor -- STEP DONE: I POST add new products endpoints 6
  &amp#27;[32mGiven &amp#27;[0m&amp#27;[32mI POST add new products endpoints 6&amp#27;[0m                                            &amp#27;[90m# starter.stepdefinition.ProductsSteps.postAddNewProductsEndpoints6()&amp#27;[0m
04:23:59.583 [main] DEBUG net.thucydides.core.steps.StepInterceptor -- STARTING STEP: ProductsSteps.postHTTPRequestForAddNewProductsWithBlankPricePayload - I POST HTTP request for add new products with blank price payload
04:23:59.584 [main] DEBUG net.thucydides.core.steps.StepInterceptor -- STARTING STEP: Products.postHTTPRequestForAddNewProductsWithBlankPricePayload - I POST add new products endpoints 6
04:23:59.584 [main] DEBUG net.thucydides.core.steps.StepInterceptor -- STEP DONE: I POST add new products endpoints 6
04:23:59.587 [main] DEBUG org.apache.http.impl.conn.BasicClientConnectionManager -- Get connection for route {s}->https://altashop-api.fly.dev:443
04:23:59.587 [main] DEBUG org.apache.http.impl.conn.DefaultClientConnectionOperator -- Connecting to altashop-api.fly.dev:443
04:23:59.636 [main] DEBUG org.apache.http.client.protocol.RequestAddCookies -- CookieSpec selected: ignoreCookies
04:23:59.636 [main] DEBUG org.apache.http.client.protocol.RequestAuthCache -- Auth cache not set in the context
04:23:59.636 [main] DEBUG org.apache.http.client.protocol.RequestTargetAuthentication -- Target auth state: UNCHALLENGED
04:23:59.636 [main] DEBUG org.apache.http.client.protocol.RequestProxyAuthentication -- Proxy auth state: UNCHALLENGED
04:23:59.636 [main] DEBUG org.apache.http.impl.client.DefaultHttpClient -- Attempt 1 to execute request
04:23:59.636 [main] DEBUG org.apache.http.impl.conn.DefaultClientConnection -- Sending request: POST /api/products HTTP/1.1
04:23:59.636 [main] DEBUG org.apache.http.wire --  >> "POST /api/products HTTP/1.1[\r][\n]"
04:23:59.636 [main] DEBUG org.apache.http.wire --  >> "Accept: */*[\r][\n]"
04:23:59.636 [main] DEBUG org.apache.http.wire --  >> "Content-Type: application/json[\r][\n]"
04:23:59.636 [main] DEBUG org.apache.http.wire --  >> "Content-Length: 82[\r][\n]"
04:23:59.636 [main] DEBUG org.apache.http.wire --  >> "Host: altashop-api.fly.dev[\r][\n]"
04:23:59.636 [main] DEBUG org.apache.http.wire --  >> "Connection: Keep-Alive[\r][\n]"
04:23:59.636 [main] DEBUG org.apache.http.wire --  >> "User-Agent: Apache-HttpClient/4.5.13 (Java/17.0.8)[\r][\n]"
04:23:59.636 [main] DEBUG org.apache.http.wire --  >> "Accept-Encoding: gzip,deflate[\r][\n]"
04:23:59.636 [main] DEBUG org.apache.http.wire --  >> "[\r][\n]"
04:23:59.636 [main] DEBUG org.apache.http.headers -- >> POST /api/products HTTP/1.1
04:23:59.636 [main] DEBUG org.apache.http.headers -- >> Accept: */*
04:23:59.636 [main] DEBUG org.apache.http.headers -- >> Content-Type: application/json
04:23:59.636 [main] DEBUG org.apache.http.headers -- >> Content-Length: 82
04:23:59.636 [main] DEBUG org.apache.http.headers -- >> Host: altashop-api.fly.dev
04:23:59.636 [main] DEBUG org.apache.http.headers -- >> Connection: Keep-Alive
04:23:59.636 [main] DEBUG org.apache.http.headers -- >> User-Agent: Apache-HttpClient/4.5.13 (Java/17.0.8)
04:23:59.636 [main] DEBUG org.apache.http.headers -- >> Accept-Encoding: gzip,deflate
04:23:59.636 [main] DEBUG org.apache.http.wire --  >> "{"price":"","name":"Sony PS5","description":"play has no limits","categories":[1]}"
04:23:59.662 [main] DEBUG org.apache.http.wire --  << "HTTP/1.1 400 Bad Request[\r][\n]"
04:23:59.662 [main] DEBUG org.apache.http.wire --  << "content-type: application/json[\r][\n]"
04:23:59.662 [main] DEBUG org.apache.http.wire --  << "date: Mon, 30 Oct 2023 21:24:01 GMT[\r][\n]"
04:23:59.662 [main] DEBUG org.apache.http.wire --  << "content-encoding: gzip[\r][\n]"
04:23:59.662 [main] DEBUG org.apache.http.wire --  << "transfer-encoding: chunked[\r][\n]"
04:23:59.662 [main] DEBUG org.apache.http.wire --  << "server: Fly/7328d5b5 (2023-10-27)[\r][\n]"
04:23:59.662 [main] DEBUG org.apache.http.wire --  << "via: 1.1 fly.io[\r][\n]"
04:23:59.662 [main] DEBUG org.apache.http.wire --  << "fly-request-id: 01HE17HQH1Q004695CV87RJDH6-sin[\r][\n]"
04:23:59.662 [main] DEBUG org.apache.http.wire --  << "[\r][\n]"
04:23:59.662 [main] DEBUG org.apache.http.impl.conn.DefaultClientConnection -- Receiving response: HTTP/1.1 400 Bad Request
04:23:59.662 [main] DEBUG org.apache.http.headers -- << HTTP/1.1 400 Bad Request
04:23:59.662 [main] DEBUG org.apache.http.headers -- << content-type: application/json
04:23:59.662 [main] DEBUG org.apache.http.headers -- << date: Mon, 30 Oct 2023 21:24:01 GMT
04:23:59.662 [main] DEBUG org.apache.http.headers -- << content-encoding: gzip
04:23:59.662 [main] DEBUG org.apache.http.headers -- << transfer-encoding: chunked
04:23:59.662 [main] DEBUG org.apache.http.headers -- << server: Fly/7328d5b5 (2023-10-27)
04:23:59.662 [main] DEBUG org.apache.http.headers -- << via: 1.1 fly.io
04:23:59.662 [main] DEBUG org.apache.http.headers -- << fly-request-id: 01HE17HQH1Q004695CV87RJDH6-sin
04:23:59.662 [main] DEBUG org.apache.http.impl.client.DefaultHttpClient -- Connection can be kept alive indefinitely
04:23:59.662 [main] DEBUG io.restassured.internal.RestAssuredHttpBuilder -- Parsing response as: application/json
04:23:59.662 [main] DEBUG org.apache.http.wire --  << "71[\r][\n]"
04:23:59.662 [main] DEBUG org.apache.http.wire --  << "[0x1f][0x8b][0x8][0x0][0x0][0x0][0x0][0x0][0x4][0xff][0xab]VJ-*[0xca]/R[0xb2]R[0xca]*[0xce][0xcf][0xb3]RHN[0xcc][0xcb][0xcb]/Q([0xcd][0xcb]M,*[0xce]H[0xcc]Q(.)[0xca][0xcc]KW[0xc8][0xcc]+[0xc9]Wp[0xcf][0x7]qK[0x93]K[0x14][0xd2]2SsR[0x14][0x2][0x8a][0xf2]SJ[0x93]K[0x9c][0x8b]R[0x13]KR[0xf5][\n]"
04:23:59.662 [main] DEBUG org.apache.http.wire --  << "[0x8a]2[0x93]S[0x15][0xf2][0xd3][0x14]J*[0xb]R[0x15]J3[0xf3]J[0x94]j[0xb9][0x0][0xd2][0x2]#[0xd6]`[0x0][0x0][0x0]"
04:23:59.662 [main] DEBUG org.apache.http.wire --  << "[\r][\n]"
04:23:59.662 [main] DEBUG org.apache.http.wire --  << "0[\r][\n]"
04:23:59.662 [main] DEBUG org.apache.http.wire --  << "[\r][\n]"
04:23:59.662 [main] DEBUG io.restassured.internal.RestAssuredHttpBuilder -- Parsed data to instance of: class org.apache.http.conn.EofSensorInputStream
04:23:59.663 [main] DEBUG org.apache.http.impl.conn.BasicClientConnectionManager -- Releasing connection org.apache.http.impl.conn.ManagedClientConnectionImpl@22b581a5
04:23:59.663 [main] DEBUG org.apache.http.impl.conn.BasicClientConnectionManager -- Connection can be kept alive indefinitely
04:23:59.663 [main] DEBUG net.thucydides.core.steps.StepInterceptor -- STEP DONE: I POST HTTP request for add new products with blank price payload
  &amp#27;[32mWhen &amp#27;[0m&amp#27;[32mI POST HTTP request for add new products with blank price payload&amp#27;[0m               &amp#27;[90m# starter.stepdefinition.ProductsSteps.postHTTPRequestForAddNewProductsWithBlankPricePayload()&amp#27;[0m
04:23:59.665 [main] DEBUG net.thucydides.core.steps.StepInterceptor -- STARTING STEP: ProductsSteps.receiveResponseCode400ForAddNewProductsWithBlankPricePayload - I receive valid HTTP response 400 for add new products with blank price payload
04:23:59.665 [main] DEBUG net.thucydides.core.steps.StepInterceptor -- STEP DONE: I receive valid HTTP response 400 for add new products with blank price payload
  &amp#27;[32mThen &amp#27;[0m&amp#27;[32mI receive valid HTTP response 400 for add new products with blank price payload&amp#27;[0m &amp#27;[90m# starter.stepdefinition.ProductsSteps.receiveResponseCode400ForAddNewProductsWithBlankPricePayload()&amp#27;[0m
04:23:59.666 [main] INFO  -- 
  _____   ___   ___   _____     ___     _     ___   ___   ___   ___  
 |_   _| | __| / __| |_   _|   | _ \   /_\   / __| / __| | __| |   \ 
   | |   | _|  \__ \   | |     |  _/  / _ \  \__ \ \__ \ | _|  | |) |
   |_|   |___| |___/   |_|     |_|   /_/ \_\ |___/ |___/ |___| |___/ 

TC44 - Add new product with blank price payload
----------------------------------------------------------------------
]]></system-out>
  </testcase>
  <testcase name="TC45 - Add new product with only space on price payload" classname="[05_Automation] - Product" time="0.096">
    <system-out><![CDATA[
Scenario: TC45 - Add new product with only space on price payload                              &amp#27;[90m# src/test/resources/Products.feature:43&amp#27;[0m
04:23:59.670 [main] INFO io.cucumber.core.plugin.SerenityReporter -- Running feature from file:///D:/TaksAlterra/MiniProject/MiniProject_API/src/test/resources/Products.feature
04:23:59.670 [main] WARN io.cucumber.core.plugin.SerenityReporter -- Feature from file:///D:/TaksAlterra/MiniProject/MiniProject_API/src/test/resources/Products.feature is not under the 'features' directory. Requirements report will not be correctly generated!
04:23:59.671 [main] INFO  -- 
  _____   ___   ___   _____     ___   _____     _     ___   _____   ___   ___  
 |_   _| | __| / __| |_   _|   / __| |_   _|   /_\   | _ \ |_   _| | __| |   \ 
   | |   | _|  \__ \   | |     \__ \   | |    / _ \  |   /   | |   | _|  | |) |
   |_|   |___| |___/   |_|     |___/   |_|   /_/ \_\ |_|_\   |_|   |___| |___/ 

TC45 - Add new product with only space on price payload([05-automation]---product;tc45---add-new-product-with-only-space-on-price-payload)
--------------------------------------------------------------------------------
04:23:59.674 [main] DEBUG net.thucydides.core.steps.StepInterceptor -- STARTING STEP: ProductsSteps.postAddNewProductsEndpoints7 - I POST add new products endpoints 7
04:23:59.674 [main] DEBUG net.thucydides.core.steps.StepInterceptor -- STEP DONE: I POST add new products endpoints 7
  &amp#27;[32mGiven &amp#27;[0m&amp#27;[32mI POST add new products endpoints 7&amp#27;[0m                                                    &amp#27;[90m# starter.stepdefinition.ProductsSteps.postAddNewProductsEndpoints7()&amp#27;[0m
04:23:59.676 [main] DEBUG net.thucydides.core.steps.StepInterceptor -- STARTING STEP: ProductsSteps.postHTTPRequestForAddNewProductsWithOnlySpaceOnPricePayload - I POST HTTP request for add new products with only space on price payload
04:23:59.676 [main] DEBUG net.thucydides.core.steps.StepInterceptor -- STARTING STEP: Products.postHTTPRequestForAddNewProductsWithOnlySpaceOnPricePayload - I POST add new products endpoints 7
04:23:59.676 [main] DEBUG net.thucydides.core.steps.StepInterceptor -- STEP DONE: I POST add new products endpoints 7
04:23:59.680 [main] DEBUG org.apache.http.impl.conn.BasicClientConnectionManager -- Get connection for route {s}->https://altashop-api.fly.dev:443
04:23:59.680 [main] DEBUG org.apache.http.impl.conn.DefaultClientConnectionOperator -- Connecting to altashop-api.fly.dev:443
04:23:59.734 [main] DEBUG org.apache.http.client.protocol.RequestAddCookies -- CookieSpec selected: ignoreCookies
04:23:59.734 [main] DEBUG org.apache.http.client.protocol.RequestAuthCache -- Auth cache not set in the context
04:23:59.734 [main] DEBUG org.apache.http.client.protocol.RequestTargetAuthentication -- Target auth state: UNCHALLENGED
04:23:59.734 [main] DEBUG org.apache.http.client.protocol.RequestProxyAuthentication -- Proxy auth state: UNCHALLENGED
04:23:59.734 [main] DEBUG org.apache.http.impl.client.DefaultHttpClient -- Attempt 1 to execute request
04:23:59.734 [main] DEBUG org.apache.http.impl.conn.DefaultClientConnection -- Sending request: POST /api/products HTTP/1.1
04:23:59.734 [main] DEBUG org.apache.http.wire --  >> "POST /api/products HTTP/1.1[\r][\n]"
04:23:59.734 [main] DEBUG org.apache.http.wire --  >> "Accept: */*[\r][\n]"
04:23:59.734 [main] DEBUG org.apache.http.wire --  >> "Content-Type: application/json[\r][\n]"
04:23:59.734 [main] DEBUG org.apache.http.wire --  >> "Content-Length: 83[\r][\n]"
04:23:59.734 [main] DEBUG org.apache.http.wire --  >> "Host: altashop-api.fly.dev[\r][\n]"
04:23:59.734 [main] DEBUG org.apache.http.wire --  >> "Connection: Keep-Alive[\r][\n]"
04:23:59.734 [main] DEBUG org.apache.http.wire --  >> "User-Agent: Apache-HttpClient/4.5.13 (Java/17.0.8)[\r][\n]"
04:23:59.734 [main] DEBUG org.apache.http.wire --  >> "Accept-Encoding: gzip,deflate[\r][\n]"
04:23:59.734 [main] DEBUG org.apache.http.wire --  >> "[\r][\n]"
04:23:59.734 [main] DEBUG org.apache.http.headers -- >> POST /api/products HTTP/1.1
04:23:59.734 [main] DEBUG org.apache.http.headers -- >> Accept: */*
04:23:59.734 [main] DEBUG org.apache.http.headers -- >> Content-Type: application/json
04:23:59.734 [main] DEBUG org.apache.http.headers -- >> Content-Length: 83
04:23:59.734 [main] DEBUG org.apache.http.headers -- >> Host: altashop-api.fly.dev
04:23:59.734 [main] DEBUG org.apache.http.headers -- >> Connection: Keep-Alive
04:23:59.734 [main] DEBUG org.apache.http.headers -- >> User-Agent: Apache-HttpClient/4.5.13 (Java/17.0.8)
04:23:59.734 [main] DEBUG org.apache.http.headers -- >> Accept-Encoding: gzip,deflate
04:23:59.734 [main] DEBUG org.apache.http.wire --  >> "{"price":" ","name":"Sony PS5","description":"play has no limits","categories":[1]}"
04:23:59.758 [main] DEBUG org.apache.http.wire --  << "HTTP/1.1 400 Bad Request[\r][\n]"
04:23:59.758 [main] DEBUG org.apache.http.wire --  << "content-type: application/json[\r][\n]"
04:23:59.758 [main] DEBUG org.apache.http.wire --  << "date: Mon, 30 Oct 2023 21:24:01 GMT[\r][\n]"
04:23:59.758 [main] DEBUG org.apache.http.wire --  << "content-encoding: gzip[\r][\n]"
04:23:59.758 [main] DEBUG org.apache.http.wire --  << "transfer-encoding: chunked[\r][\n]"
04:23:59.758 [main] DEBUG org.apache.http.wire --  << "server: Fly/7328d5b5 (2023-10-27)[\r][\n]"
04:23:59.758 [main] DEBUG org.apache.http.wire --  << "via: 1.1 fly.io[\r][\n]"
04:23:59.758 [main] DEBUG org.apache.http.wire --  << "fly-request-id: 01HE17HQM2X0Q378ZTVXXFTFPN-sin[\r][\n]"
04:23:59.758 [main] DEBUG org.apache.http.wire --  << "[\r][\n]"
04:23:59.758 [main] DEBUG org.apache.http.impl.conn.DefaultClientConnection -- Receiving response: HTTP/1.1 400 Bad Request
04:23:59.758 [main] DEBUG org.apache.http.headers -- << HTTP/1.1 400 Bad Request
04:23:59.758 [main] DEBUG org.apache.http.headers -- << content-type: application/json
04:23:59.758 [main] DEBUG org.apache.http.headers -- << date: Mon, 30 Oct 2023 21:24:01 GMT
04:23:59.758 [main] DEBUG org.apache.http.headers -- << content-encoding: gzip
04:23:59.758 [main] DEBUG org.apache.http.headers -- << transfer-encoding: chunked
04:23:59.758 [main] DEBUG org.apache.http.headers -- << server: Fly/7328d5b5 (2023-10-27)
04:23:59.758 [main] DEBUG org.apache.http.headers -- << via: 1.1 fly.io
04:23:59.758 [main] DEBUG org.apache.http.headers -- << fly-request-id: 01HE17HQM2X0Q378ZTVXXFTFPN-sin
04:23:59.758 [main] DEBUG org.apache.http.impl.client.DefaultHttpClient -- Connection can be kept alive indefinitely
04:23:59.758 [main] DEBUG io.restassured.internal.RestAssuredHttpBuilder -- Parsing response as: application/json
04:23:59.758 [main] DEBUG org.apache.http.wire --  << "71[\r][\n]"
04:23:59.758 [main] DEBUG org.apache.http.wire --  << "[0x1f][0x8b][0x8][0x0][0x0][0x0][0x0][0x0][0x4][0xff][0xab]VJ-*[0xca]/R[0xb2]R[0xca]*[0xce][0xcf][0xb3]RHN[0xcc][0xcb][0xcb]/Q([0xcd][0xcb]M,*[0xce]H[0xcc]Q(.)[0xca][0xcc]KW[0xc8][0xcc]+[0xc9]Wp[0xcf][0x7]qK[0x93]K[0x14][0xd2]2SsR[0x14][0x2][0x8a][0xf2]SJ[0x93]K[0x9c][0x8b]R[0x13]KR[0xf5][\n]"
04:23:59.758 [main] DEBUG org.apache.http.wire --  << "[0x8a]2[0x93]S[0x15][0xf2][0xd3][0x14]J*[0xb]R[0x15]J3[0xf3]J[0x94]j[0xb9][0x0][0xd2][0x2]#[0xd6]`[0x0][0x0][0x0]"
04:23:59.758 [main] DEBUG org.apache.http.wire --  << "[\r][\n]"
04:23:59.758 [main] DEBUG org.apache.http.wire --  << "0[\r][\n]"
04:23:59.758 [main] DEBUG org.apache.http.wire --  << "[\r][\n]"
04:23:59.758 [main] DEBUG io.restassured.internal.RestAssuredHttpBuilder -- Parsed data to instance of: class org.apache.http.conn.EofSensorInputStream
04:23:59.759 [main] DEBUG org.apache.http.impl.conn.BasicClientConnectionManager -- Releasing connection org.apache.http.impl.conn.ManagedClientConnectionImpl@1eff74f2
04:23:59.759 [main] DEBUG org.apache.http.impl.conn.BasicClientConnectionManager -- Connection can be kept alive indefinitely
04:23:59.759 [main] DEBUG net.thucydides.core.steps.StepInterceptor -- STEP DONE: I POST HTTP request for add new products with only space on price payload
  &amp#27;[32mWhen &amp#27;[0m&amp#27;[32mI POST HTTP request for add new products with only space on price payload&amp#27;[0m               &amp#27;[90m# starter.stepdefinition.ProductsSteps.postHTTPRequestForAddNewProductsWithOnlySpaceOnPricePayload()&amp#27;[0m
04:23:59.761 [main] DEBUG net.thucydides.core.steps.StepInterceptor -- STARTING STEP: ProductsSteps.receiveResponseCode400ForAddNewProductsWithOnlySpaceOnPricePayload - I receive valid HTTP response 400 for add new products with only space on price payload
04:23:59.762 [main] DEBUG net.thucydides.core.steps.StepInterceptor -- STEP DONE: I receive valid HTTP response 400 for add new products with only space on price payload
  &amp#27;[32mThen &amp#27;[0m&amp#27;[32mI receive valid HTTP response 400 for add new products with only space on price payload&amp#27;[0m &amp#27;[90m# starter.stepdefinition.ProductsSteps.receiveResponseCode400ForAddNewProductsWithOnlySpaceOnPricePayload()&amp#27;[0m
04:23:59.762 [main] INFO  -- 
  _____   ___   ___   _____     ___     _     ___   ___   ___   ___  
 |_   _| | __| / __| |_   _|   | _ \   /_\   / __| / __| | __| |   \ 
   | |   | _|  \__ \   | |     |  _/  / _ \  \__ \ \__ \ | _|  | |) |
   |_|   |___| |___/   |_|     |_|   /_/ \_\ |___/ |___/ |___| |___/ 

TC45 - Add new product with only space on price payload
----------------------------------------------------------------------
]]></system-out>
  </testcase>
  <testcase name="TC48 - Add new product with body parameter is empty" classname="[05_Automation] - Product" time="0.096">
    <system-out><![CDATA[
Scenario: TC48 - Add new product with body parameter is empty                              &amp#27;[90m# src/test/resources/Products.feature:58&amp#27;[0m
04:23:59.765 [main] INFO io.cucumber.core.plugin.SerenityReporter -- Running feature from file:///D:/TaksAlterra/MiniProject/MiniProject_API/src/test/resources/Products.feature
04:23:59.765 [main] WARN io.cucumber.core.plugin.SerenityReporter -- Feature from file:///D:/TaksAlterra/MiniProject/MiniProject_API/src/test/resources/Products.feature is not under the 'features' directory. Requirements report will not be correctly generated!
04:23:59.766 [main] INFO  -- 
  _____   ___   ___   _____     ___   _____     _     ___   _____   ___   ___  
 |_   _| | __| / __| |_   _|   / __| |_   _|   /_\   | _ \ |_   _| | __| |   \ 
   | |   | _|  \__ \   | |     \__ \   | |    / _ \  |   /   | |   | _|  | |) |
   |_|   |___| |___/   |_|     |___/   |_|   /_/ \_\ |_|_\   |_|   |___| |___/ 

TC48 - Add new product with body parameter is empty([05-automation]---product;tc48---add-new-product-with-body-parameter-is-empty)
--------------------------------------------------------------------------------
04:23:59.769 [main] DEBUG net.thucydides.core.steps.StepInterceptor -- STARTING STEP: ProductsSteps.postAddNewProductsEndpoints10 - I POST add new products endpoints 10
04:23:59.769 [main] DEBUG net.thucydides.core.steps.StepInterceptor -- STEP DONE: I POST add new products endpoints 10
  &amp#27;[32mGiven &amp#27;[0m&amp#27;[32mI POST add new products endpoints 10&amp#27;[0m                                               &amp#27;[90m# starter.stepdefinition.ProductsSteps.postAddNewProductsEndpoints10()&amp#27;[0m
04:23:59.770 [main] DEBUG net.thucydides.core.steps.StepInterceptor -- STARTING STEP: ProductsSteps.postHTTPRequestForAddNewProductsWithBodyParameterIsEmpty - I POST HTTP request for add new products with body parameter is empty
04:23:59.770 [main] DEBUG net.thucydides.core.steps.StepInterceptor -- STARTING STEP: Products.postHTTPRequestForAddNewProductsWithBodyParameterIsEmpty - I POST add new products endpoints 10
04:23:59.770 [main] DEBUG net.thucydides.core.steps.StepInterceptor -- STEP DONE: I POST add new products endpoints 10
04:23:59.774 [main] DEBUG org.apache.http.impl.conn.BasicClientConnectionManager -- Get connection for route {s}->https://altashop-api.fly.dev:443
04:23:59.774 [main] DEBUG org.apache.http.impl.conn.DefaultClientConnectionOperator -- Connecting to altashop-api.fly.dev:443
04:23:59.827 [main] DEBUG org.apache.http.client.protocol.RequestAddCookies -- CookieSpec selected: ignoreCookies
04:23:59.827 [main] DEBUG org.apache.http.client.protocol.RequestAuthCache -- Auth cache not set in the context
04:23:59.827 [main] DEBUG org.apache.http.client.protocol.RequestTargetAuthentication -- Target auth state: UNCHALLENGED
04:23:59.827 [main] DEBUG org.apache.http.client.protocol.RequestProxyAuthentication -- Proxy auth state: UNCHALLENGED
04:23:59.827 [main] DEBUG org.apache.http.impl.client.DefaultHttpClient -- Attempt 1 to execute request
04:23:59.827 [main] DEBUG org.apache.http.impl.conn.DefaultClientConnection -- Sending request: POST /api/products HTTP/1.1
04:23:59.827 [main] DEBUG org.apache.http.wire --  >> "POST /api/products HTTP/1.1[\r][\n]"
04:23:59.827 [main] DEBUG org.apache.http.wire --  >> "Accept: */*[\r][\n]"
04:23:59.827 [main] DEBUG org.apache.http.wire --  >> "Content-Type: application/json[\r][\n]"
04:23:59.827 [main] DEBUG org.apache.http.wire --  >> "Content-Length: 56[\r][\n]"
04:23:59.827 [main] DEBUG org.apache.http.wire --  >> "Host: altashop-api.fly.dev[\r][\n]"
04:23:59.827 [main] DEBUG org.apache.http.wire --  >> "Connection: Keep-Alive[\r][\n]"
04:23:59.827 [main] DEBUG org.apache.http.wire --  >> "User-Agent: Apache-HttpClient/4.5.13 (Java/17.0.8)[\r][\n]"
04:23:59.827 [main] DEBUG org.apache.http.wire --  >> "Accept-Encoding: gzip,deflate[\r][\n]"
04:23:59.827 [main] DEBUG org.apache.http.wire --  >> "[\r][\n]"
04:23:59.827 [main] DEBUG org.apache.http.headers -- >> POST /api/products HTTP/1.1
04:23:59.827 [main] DEBUG org.apache.http.headers -- >> Accept: */*
04:23:59.827 [main] DEBUG org.apache.http.headers -- >> Content-Type: application/json
04:23:59.827 [main] DEBUG org.apache.http.headers -- >> Content-Length: 56
04:23:59.827 [main] DEBUG org.apache.http.headers -- >> Host: altashop-api.fly.dev
04:23:59.827 [main] DEBUG org.apache.http.headers -- >> Connection: Keep-Alive
04:23:59.827 [main] DEBUG org.apache.http.headers -- >> User-Agent: Apache-HttpClient/4.5.13 (Java/17.0.8)
04:23:59.827 [main] DEBUG org.apache.http.headers -- >> Accept-Encoding: gzip,deflate
04:23:59.827 [main] DEBUG org.apache.http.wire --  >> "{"price":"","name":"","description":"","categories":[1]}"
04:23:59.853 [main] DEBUG org.apache.http.wire --  << "HTTP/1.1 400 Bad Request[\r][\n]"
04:23:59.853 [main] DEBUG org.apache.http.wire --  << "content-type: application/json[\r][\n]"
04:23:59.853 [main] DEBUG org.apache.http.wire --  << "date: Mon, 30 Oct 2023 21:24:01 GMT[\r][\n]"
04:23:59.853 [main] DEBUG org.apache.http.wire --  << "content-encoding: gzip[\r][\n]"
04:23:59.853 [main] DEBUG org.apache.http.wire --  << "transfer-encoding: chunked[\r][\n]"
04:23:59.853 [main] DEBUG org.apache.http.wire --  << "server: Fly/7328d5b5 (2023-10-27)[\r][\n]"
04:23:59.853 [main] DEBUG org.apache.http.wire --  << "via: 1.1 fly.io[\r][\n]"
04:23:59.853 [main] DEBUG org.apache.http.wire --  << "fly-request-id: 01HE17HQQ0RWBJ2SM79PQ2QZC6-sin[\r][\n]"
04:23:59.853 [main] DEBUG org.apache.http.wire --  << "[\r][\n]"
04:23:59.853 [main] DEBUG org.apache.http.impl.conn.DefaultClientConnection -- Receiving response: HTTP/1.1 400 Bad Request
04:23:59.853 [main] DEBUG org.apache.http.headers -- << HTTP/1.1 400 Bad Request
04:23:59.853 [main] DEBUG org.apache.http.headers -- << content-type: application/json
04:23:59.853 [main] DEBUG org.apache.http.headers -- << date: Mon, 30 Oct 2023 21:24:01 GMT
04:23:59.853 [main] DEBUG org.apache.http.headers -- << content-encoding: gzip
04:23:59.853 [main] DEBUG org.apache.http.headers -- << transfer-encoding: chunked
04:23:59.853 [main] DEBUG org.apache.http.headers -- << server: Fly/7328d5b5 (2023-10-27)
04:23:59.853 [main] DEBUG org.apache.http.headers -- << via: 1.1 fly.io
04:23:59.853 [main] DEBUG org.apache.http.headers -- << fly-request-id: 01HE17HQQ0RWBJ2SM79PQ2QZC6-sin
04:23:59.853 [main] DEBUG org.apache.http.impl.client.DefaultHttpClient -- Connection can be kept alive indefinitely
04:23:59.854 [main] DEBUG io.restassured.internal.RestAssuredHttpBuilder -- Parsing response as: application/json
04:23:59.854 [main] DEBUG org.apache.http.wire --  << "71[\r][\n]"
04:23:59.854 [main] DEBUG org.apache.http.wire --  << "[0x1f][0x8b][0x8][0x0][0x0][0x0][0x0][0x0][0x4][0xff][0xab]VJ-*[0xca]/R[0xb2]R[0xca]*[0xce][0xcf][0xb3]RHN[0xcc][0xcb][0xcb]/Q([0xcd][0xcb]M,*[0xce]H[0xcc]Q(.)[0xca][0xcc]KW[0xc8][0xcc]+[0xc9]Wp[0xcf][0x7]qK[0x93]K[0x14][0xd2]2SsR[0x14][0x2][0x8a][0xf2]SJ[0x93]K[0x9c][0x8b]R[0x13]KR[0xf5][\n]"
04:23:59.854 [main] DEBUG org.apache.http.wire --  << "[0x8a]2[0x93]S[0x15][0xf2][0xd3][0x14]J*[0xb]R[0x15]J3[0xf3]J[0x94]j[0xb9][0x0][0xd2][0x2]#[0xd6]`[0x0][0x0][0x0]"
04:23:59.854 [main] DEBUG org.apache.http.wire --  << "[\r][\n]"
04:23:59.854 [main] DEBUG org.apache.http.wire --  << "0[\r][\n]"
04:23:59.854 [main] DEBUG org.apache.http.wire --  << "[\r][\n]"
04:23:59.854 [main] DEBUG io.restassured.internal.RestAssuredHttpBuilder -- Parsed data to instance of: class org.apache.http.conn.EofSensorInputStream
04:23:59.855 [main] DEBUG org.apache.http.impl.conn.BasicClientConnectionManager -- Releasing connection org.apache.http.impl.conn.ManagedClientConnectionImpl@54c2cfc9
04:23:59.855 [main] DEBUG org.apache.http.impl.conn.BasicClientConnectionManager -- Connection can be kept alive indefinitely
04:23:59.855 [main] DEBUG net.thucydides.core.steps.StepInterceptor -- STEP DONE: I POST HTTP request for add new products with body parameter is empty
  &amp#27;[32mWhen &amp#27;[0m&amp#27;[32mI POST HTTP request for add new products with body parameter is empty&amp#27;[0m               &amp#27;[90m# starter.stepdefinition.ProductsSteps.postHTTPRequestForAddNewProductsWithBodyParameterIsEmpty()&amp#27;[0m
04:23:59.857 [main] DEBUG net.thucydides.core.steps.StepInterceptor -- STARTING STEP: ProductsSteps.receiveResponseCode400ForAddNewProductsWithBodyParameterIsEmpty - I receive valid HTTP response 400 for add new products with body parameter is empty
04:23:59.857 [main] DEBUG net.thucydides.core.steps.StepInterceptor -- STEP DONE: I receive valid HTTP response 400 for add new products with body parameter is empty
  &amp#27;[32mThen &amp#27;[0m&amp#27;[32mI receive valid HTTP response 400 for add new products with body parameter is empty&amp#27;[0m &amp#27;[90m# starter.stepdefinition.ProductsSteps.receiveResponseCode400ForAddNewProductsWithBodyParameterIsEmpty()&amp#27;[0m
04:23:59.859 [main] INFO  -- 
  _____   ___   ___   _____     ___     _     ___   ___   ___   ___  
 |_   _| | __| / __| |_   _|   | _ \   /_\   / __| / __| | __| |   \ 
   | |   | _|  \__ \   | |     |  _/  / _ \  \__ \ \__ \ | _|  | |) |
   |_|   |___| |___/   |_|     |_|   /_/ \_\ |___/ |___/ |___| |___/ 

TC48 - Add new product with body parameter is empty
----------------------------------------------------------------------
]]></system-out>
  </testcase>
  <testcase name="TC49 - Add new products with invalid HTTP method" classname="[05_Automation] - Product" time="0.104">
    <system-out><![CDATA[
Scenario: TC49 - Add new products with invalid HTTP method                                 &amp#27;[90m# src/test/resources/Products.feature:63&amp#27;[0m
04:23:59.865 [main] INFO io.cucumber.core.plugin.SerenityReporter -- Running feature from file:///D:/TaksAlterra/MiniProject/MiniProject_API/src/test/resources/Products.feature
04:23:59.865 [main] WARN io.cucumber.core.plugin.SerenityReporter -- Feature from file:///D:/TaksAlterra/MiniProject/MiniProject_API/src/test/resources/Products.feature is not under the 'features' directory. Requirements report will not be correctly generated!
04:23:59.867 [main] INFO  -- 
  _____   ___   ___   _____     ___   _____     _     ___   _____   ___   ___  
 |_   _| | __| / __| |_   _|   / __| |_   _|   /_\   | _ \ |_   _| | __| |   \ 
   | |   | _|  \__ \   | |     \__ \   | |    / _ \  |   /   | |   | _|  | |) |
   |_|   |___| |___/   |_|     |___/   |_|   /_/ \_\ |_|_\   |_|   |___| |___/ 

TC49 - Add new products with invalid HTTP method([05-automation]---product;tc49---add-new-products-with-invalid-http-method)
--------------------------------------------------------------------------------
04:23:59.870 [main] DEBUG net.thucydides.core.steps.StepInterceptor -- STARTING STEP: ProductsSteps.putAddNewProductsEndpoints - I PUT add new products endpoints
04:23:59.870 [main] DEBUG net.thucydides.core.steps.StepInterceptor -- STEP DONE: I PUT add new products endpoints
  &amp#27;[32mGiven &amp#27;[0m&amp#27;[32mI PUT add new products endpoints&amp#27;[0m                                                   &amp#27;[90m# starter.stepdefinition.ProductsSteps.putAddNewProductsEndpoints()&amp#27;[0m
04:23:59.871 [main] DEBUG net.thucydides.core.steps.StepInterceptor -- STARTING STEP: ProductsSteps.sendRequestForAddNewProductsWithInvalidHTTPMethod - I send request for add new products with invalid HTTP method
04:23:59.873 [main] DEBUG net.thucydides.core.steps.StepInterceptor -- STARTING STEP: Products.sendRequestForAddNewProductsWithInvalidHTTPMethod - I PUT add new products endpoints
04:23:59.873 [main] DEBUG net.thucydides.core.steps.StepInterceptor -- STEP DONE: I PUT add new products endpoints
04:23:59.877 [main] DEBUG org.apache.http.impl.conn.BasicClientConnectionManager -- Get connection for route {s}->https://altashop-api.fly.dev:443
04:23:59.877 [main] DEBUG org.apache.http.impl.conn.DefaultClientConnectionOperator -- Connecting to altashop-api.fly.dev:443
04:23:59.934 [main] DEBUG org.apache.http.client.protocol.RequestAddCookies -- CookieSpec selected: ignoreCookies
04:23:59.934 [main] DEBUG org.apache.http.client.protocol.RequestAuthCache -- Auth cache not set in the context
04:23:59.934 [main] DEBUG org.apache.http.client.protocol.RequestTargetAuthentication -- Target auth state: UNCHALLENGED
04:23:59.934 [main] DEBUG org.apache.http.client.protocol.RequestProxyAuthentication -- Proxy auth state: UNCHALLENGED
04:23:59.934 [main] DEBUG org.apache.http.impl.client.DefaultHttpClient -- Attempt 1 to execute request
04:23:59.934 [main] DEBUG org.apache.http.impl.conn.DefaultClientConnection -- Sending request: PUT /api/products HTTP/1.1
04:23:59.934 [main] DEBUG org.apache.http.wire --  >> "PUT /api/products HTTP/1.1[\r][\n]"
04:23:59.934 [main] DEBUG org.apache.http.wire --  >> "Accept: */*[\r][\n]"
04:23:59.934 [main] DEBUG org.apache.http.wire --  >> "Content-Type: application/json[\r][\n]"
04:23:59.934 [main] DEBUG org.apache.http.wire --  >> "Content-Length: 83[\r][\n]"
04:23:59.934 [main] DEBUG org.apache.http.wire --  >> "Host: altashop-api.fly.dev[\r][\n]"
04:23:59.934 [main] DEBUG org.apache.http.wire --  >> "Connection: Keep-Alive[\r][\n]"
04:23:59.934 [main] DEBUG org.apache.http.wire --  >> "User-Agent: Apache-HttpClient/4.5.13 (Java/17.0.8)[\r][\n]"
04:23:59.934 [main] DEBUG org.apache.http.wire --  >> "Accept-Encoding: gzip,deflate[\r][\n]"
04:23:59.934 [main] DEBUG org.apache.http.wire --  >> "[\r][\n]"
04:23:59.934 [main] DEBUG org.apache.http.headers -- >> PUT /api/products HTTP/1.1
04:23:59.934 [main] DEBUG org.apache.http.headers -- >> Accept: */*
04:23:59.934 [main] DEBUG org.apache.http.headers -- >> Content-Type: application/json
04:23:59.934 [main] DEBUG org.apache.http.headers -- >> Content-Length: 83
04:23:59.934 [main] DEBUG org.apache.http.headers -- >> Host: altashop-api.fly.dev
04:23:59.934 [main] DEBUG org.apache.http.headers -- >> Connection: Keep-Alive
04:23:59.934 [main] DEBUG org.apache.http.headers -- >> User-Agent: Apache-HttpClient/4.5.13 (Java/17.0.8)
04:23:59.934 [main] DEBUG org.apache.http.headers -- >> Accept-Encoding: gzip,deflate
04:23:59.934 [main] DEBUG org.apache.http.wire --  >> "{"price":299,"name":"Sony PS5","description":"play has no limits","categories":[1]}"
04:23:59.957 [main] DEBUG org.apache.http.wire --  << "HTTP/1.1 405 Method Not Allowed[\r][\n]"
04:23:59.957 [main] DEBUG org.apache.http.wire --  << "date: Mon, 30 Oct 2023 21:24:01 GMT[\r][\n]"
04:23:59.957 [main] DEBUG org.apache.http.wire --  << "content-encoding: gzip[\r][\n]"
04:23:59.957 [main] DEBUG org.apache.http.wire --  << "content-type: text/plain; charset=utf-8[\r][\n]"
04:23:59.957 [main] DEBUG org.apache.http.wire --  << "transfer-encoding: chunked[\r][\n]"
04:23:59.957 [main] DEBUG org.apache.http.wire --  << "server: Fly/7328d5b5 (2023-10-27)[\r][\n]"
04:23:59.957 [main] DEBUG org.apache.http.wire --  << "via: 1.1 fly.io[\r][\n]"
04:23:59.957 [main] DEBUG org.apache.http.wire --  << "fly-request-id: 01HE17HQTAWDTSK1CMSTF65GZJ-sin[\r][\n]"
04:23:59.957 [main] DEBUG org.apache.http.wire --  << "[\r][\n]"
04:23:59.957 [main] DEBUG org.apache.http.impl.conn.DefaultClientConnection -- Receiving response: HTTP/1.1 405 Method Not Allowed
04:23:59.957 [main] DEBUG org.apache.http.headers -- << HTTP/1.1 405 Method Not Allowed
04:23:59.957 [main] DEBUG org.apache.http.headers -- << date: Mon, 30 Oct 2023 21:24:01 GMT
04:23:59.957 [main] DEBUG org.apache.http.headers -- << content-encoding: gzip
04:23:59.957 [main] DEBUG org.apache.http.headers -- << content-type: text/plain; charset=utf-8
04:23:59.957 [main] DEBUG org.apache.http.headers -- << transfer-encoding: chunked
04:23:59.959 [main] DEBUG org.apache.http.headers -- << server: Fly/7328d5b5 (2023-10-27)
04:23:59.959 [main] DEBUG org.apache.http.headers -- << via: 1.1 fly.io
04:23:59.959 [main] DEBUG org.apache.http.headers -- << fly-request-id: 01HE17HQTAWDTSK1CMSTF65GZJ-sin
04:23:59.959 [main] DEBUG org.apache.http.impl.client.DefaultHttpClient -- Connection can be kept alive indefinitely
04:23:59.959 [main] DEBUG io.restassured.internal.RestAssuredHttpBuilder -- Parsing response as: text/plain; charset=utf-8
04:23:59.959 [main] DEBUG org.apache.http.wire --  << "27[\r][\n]"
04:23:59.959 [main] DEBUG org.apache.http.wire --  << "[0x1f][0x8b][0x8][0x0][0x0][0x0][0x0][0x0][0x4][0xff][0xcb]M-[0xc9][0xc8]OQ[0xc8][0xcb]/QH[0xcc][0xc9][0xc9]/OM[0xe1][0x2][0x0][0xe5]Yf[0xfa][0x13][0x0][0x0][0x0]"
04:23:59.959 [main] DEBUG org.apache.http.wire --  << "[\r][\n]"
04:23:59.959 [main] DEBUG org.apache.http.wire --  << "0[\r][\n]"
04:23:59.959 [main] DEBUG org.apache.http.wire --  << "[\r][\n]"
04:23:59.959 [main] DEBUG io.restassured.internal.RestAssuredHttpBuilder -- Parsed data to instance of: class org.apache.http.conn.EofSensorInputStream
04:23:59.960 [main] DEBUG org.apache.http.impl.conn.BasicClientConnectionManager -- Releasing connection org.apache.http.impl.conn.ManagedClientConnectionImpl@2b9bacb8
04:23:59.960 [main] DEBUG org.apache.http.impl.conn.BasicClientConnectionManager -- Connection can be kept alive indefinitely
04:23:59.960 [main] DEBUG net.thucydides.core.steps.StepInterceptor -- STEP DONE: I send request for add new products with invalid HTTP method
  &amp#27;[32mWhen &amp#27;[0m&amp#27;[32mI send request for add new products with invalid HTTP method&amp#27;[0m                        &amp#27;[90m# starter.stepdefinition.ProductsSteps.sendRequestForAddNewProductsWithInvalidHTTPMethod()&amp#27;[0m
04:23:59.962 [main] DEBUG net.thucydides.core.steps.StepInterceptor -- STARTING STEP: ProductsSteps.receiveResponseCode405ForAddNewProductsWithInvalidHTTPMethod - I receive valid HTTP response 405 for for add new products with invalid HTTP method
04:23:59.962 [main] DEBUG net.thucydides.core.steps.StepInterceptor -- STEP DONE: I receive valid HTTP response 405 for for add new products with invalid HTTP method
  &amp#27;[32mThen &amp#27;[0m&amp#27;[32mI receive valid HTTP response 405 for for add new products with invalid HTTP method&amp#27;[0m &amp#27;[90m# starter.stepdefinition.ProductsSteps.receiveResponseCode405ForAddNewProductsWithInvalidHTTPMethod()&amp#27;[0m
04:23:59.963 [main] INFO  -- 
  _____   ___   ___   _____     ___     _     ___   ___   ___   ___  
 |_   _| | __| / __| |_   _|   | _ \   /_\   / __| / __| | __| |   \ 
   | |   | _|  \__ \   | |     |  _/  / _ \  \__ \ \__ \ | _|  | |) |
   |_|   |___| |___/   |_|     |_|   /_/ \_\ |___/ |___/ |___| |___/ 

TC49 - Add new products with invalid HTTP method
----------------------------------------------------------------------
]]></system-out>
  </testcase>
  <testcase name="TC50 - Get products by ID" classname="[05_Automation] - Product" time="0.116">
    <system-out><![CDATA[
Scenario: TC50 - Get products by ID                             &amp#27;[90m# src/test/resources/Products.feature:68&amp#27;[0m
04:23:59.966 [main] INFO io.cucumber.core.plugin.SerenityReporter -- Running feature from file:///D:/TaksAlterra/MiniProject/MiniProject_API/src/test/resources/Products.feature
04:23:59.966 [main] WARN io.cucumber.core.plugin.SerenityReporter -- Feature from file:///D:/TaksAlterra/MiniProject/MiniProject_API/src/test/resources/Products.feature is not under the 'features' directory. Requirements report will not be correctly generated!
04:23:59.968 [main] INFO  -- 
  _____   ___   ___   _____     ___   _____     _     ___   _____   ___   ___  
 |_   _| | __| / __| |_   _|   / __| |_   _|   /_\   | _ \ |_   _| | __| |   \ 
   | |   | _|  \__ \   | |     \__ \   | |    / _ \  |   /   | |   | _|  | |) |
   |_|   |___| |___/   |_|     |___/   |_|   /_/ \_\ |_|_\   |_|   |___| |___/ 

TC50 - Get products by ID([05-automation]---product;tc50---get-products-by-id)
--------------------------------------------------------------------------------
04:23:59.971 [main] DEBUG net.thucydides.core.steps.StepInterceptor -- STARTING STEP: ProductsSteps.getProductsEndpointsByID - I GET products endpoints by ID
04:23:59.971 [main] DEBUG net.thucydides.core.steps.StepInterceptor -- STEP DONE: I GET products endpoints by ID
  &amp#27;[32mGiven &amp#27;[0m&amp#27;[32mI GET products endpoints by ID&amp#27;[0m                          &amp#27;[90m# starter.stepdefinition.ProductsSteps.getProductsEndpointsByID()&amp#27;[0m
04:23:59.974 [main] DEBUG net.thucydides.core.steps.StepInterceptor -- STARTING STEP: ProductsSteps.getHTTPRequestForProductsWithValidID - I GET HTTP request for products with valid ID
04:23:59.975 [main] DEBUG net.thucydides.core.steps.StepInterceptor -- STARTING STEP: Products.getHTTPRequestForProductsWithValidID - I GET products endpoints by ID
04:23:59.975 [main] DEBUG net.thucydides.core.steps.StepInterceptor -- STEP DONE: I GET products endpoints by ID
04:23:59.979 [main] DEBUG org.apache.http.impl.conn.BasicClientConnectionManager -- Get connection for route {s}->https://altashop-api.fly.dev:443
04:23:59.979 [main] DEBUG org.apache.http.impl.conn.DefaultClientConnectionOperator -- Connecting to altashop-api.fly.dev:443
04:24:00.043 [main] DEBUG org.apache.http.client.protocol.RequestAddCookies -- CookieSpec selected: ignoreCookies
04:24:00.043 [main] DEBUG org.apache.http.client.protocol.RequestAuthCache -- Auth cache not set in the context
04:24:00.043 [main] DEBUG org.apache.http.client.protocol.RequestTargetAuthentication -- Target auth state: UNCHALLENGED
04:24:00.043 [main] DEBUG org.apache.http.client.protocol.RequestProxyAuthentication -- Proxy auth state: UNCHALLENGED
04:24:00.043 [main] DEBUG org.apache.http.impl.client.DefaultHttpClient -- Attempt 1 to execute request
04:24:00.044 [main] DEBUG org.apache.http.impl.conn.DefaultClientConnection -- Sending request: GET /api/products/85536 HTTP/1.1
04:24:00.044 [main] DEBUG org.apache.http.wire --  >> "GET /api/products/85536 HTTP/1.1[\r][\n]"
04:24:00.044 [main] DEBUG org.apache.http.wire --  >> "Accept: */*[\r][\n]"
04:24:00.044 [main] DEBUG org.apache.http.wire --  >> "Host: altashop-api.fly.dev[\r][\n]"
04:24:00.044 [main] DEBUG org.apache.http.wire --  >> "Connection: Keep-Alive[\r][\n]"
04:24:00.044 [main] DEBUG org.apache.http.wire --  >> "User-Agent: Apache-HttpClient/4.5.13 (Java/17.0.8)[\r][\n]"
04:24:00.044 [main] DEBUG org.apache.http.wire --  >> "Accept-Encoding: gzip,deflate[\r][\n]"
04:24:00.044 [main] DEBUG org.apache.http.wire --  >> "[\r][\n]"
04:24:00.044 [main] DEBUG org.apache.http.headers -- >> GET /api/products/85536 HTTP/1.1
04:24:00.044 [main] DEBUG org.apache.http.headers -- >> Accept: */*
04:24:00.044 [main] DEBUG org.apache.http.headers -- >> Host: altashop-api.fly.dev
04:24:00.044 [main] DEBUG org.apache.http.headers -- >> Connection: Keep-Alive
04:24:00.044 [main] DEBUG org.apache.http.headers -- >> User-Agent: Apache-HttpClient/4.5.13 (Java/17.0.8)
04:24:00.044 [main] DEBUG org.apache.http.headers -- >> Accept-Encoding: gzip,deflate
04:24:00.073 [main] DEBUG org.apache.http.wire --  << "HTTP/1.1 200 OK[\r][\n]"
04:24:00.073 [main] DEBUG org.apache.http.wire --  << "content-type: application/json[\r][\n]"
04:24:00.073 [main] DEBUG org.apache.http.wire --  << "date: Mon, 30 Oct 2023 21:24:01 GMT[\r][\n]"
04:24:00.073 [main] DEBUG org.apache.http.wire --  << "content-encoding: gzip[\r][\n]"
04:24:00.073 [main] DEBUG org.apache.http.wire --  << "transfer-encoding: chunked[\r][\n]"
04:24:00.073 [main] DEBUG org.apache.http.wire --  << "server: Fly/7328d5b5 (2023-10-27)[\r][\n]"
04:24:00.073 [main] DEBUG org.apache.http.wire --  << "via: 1.1 fly.io[\r][\n]"
04:24:00.073 [main] DEBUG org.apache.http.wire --  << "fly-request-id: 01HE17HQXS9JY00PFK0PKXE6XR-sin[\r][\n]"
04:24:00.073 [main] DEBUG org.apache.http.wire --  << "[\r][\n]"
04:24:00.073 [main] DEBUG org.apache.http.impl.conn.DefaultClientConnection -- Receiving response: HTTP/1.1 200 OK
04:24:00.073 [main] DEBUG org.apache.http.headers -- << HTTP/1.1 200 OK
04:24:00.073 [main] DEBUG org.apache.http.headers -- << content-type: application/json
04:24:00.073 [main] DEBUG org.apache.http.headers -- << date: Mon, 30 Oct 2023 21:24:01 GMT
04:24:00.073 [main] DEBUG org.apache.http.headers -- << content-encoding: gzip
04:24:00.073 [main] DEBUG org.apache.http.headers -- << transfer-encoding: chunked
04:24:00.073 [main] DEBUG org.apache.http.headers -- << server: Fly/7328d5b5 (2023-10-27)
04:24:00.073 [main] DEBUG org.apache.http.headers -- << via: 1.1 fly.io
04:24:00.073 [main] DEBUG org.apache.http.headers -- << fly-request-id: 01HE17HQXS9JY00PFK0PKXE6XR-sin
04:24:00.073 [main] DEBUG org.apache.http.impl.client.DefaultHttpClient -- Connection can be kept alive indefinitely
04:24:00.073 [main] DEBUG io.restassured.internal.RestAssuredHttpBuilder -- Parsing response as: application/json
04:24:00.073 [main] DEBUG org.apache.http.wire --  << "8D[\r][\n]"
04:24:00.073 [main] DEBUG org.apache.http.wire --  << "[0x1f][0x8b][0x8][0x0][0x0][0x0][0x0][0x0][0x4][0xff][0xab]VJI,IT[0xb2][0xaa]V[0xf2]tQ[0xb2][0xb2]0556[0xd3]Q[0xf2]K[0xcc]MU[0xb2]R[\n]"
04:24:00.073 [main] DEBUG org.apache.http.wire --  << "r[0x8c]r[\r]R[0xd2]QrI-N.[0xca],([0xc9][0xcc][0xcf]S[0xb2]RrrU[0x8][0xf1]pU[0x8][0xf0][0xf7][0xc][0xf6][0xf4][0xf7]S[0xf0][0xf7]S[0x88][0xf4][0xf][\r]R[0x8]qu[0xf4]U[0xd2]Q[\n]"
04:24:00.073 [main] DEBUG org.apache.http.wire --  << "([0xca]LNU[0xb2]260[0xd0]Q[\n]"
04:24:00.073 [main] DEBUG org.apache.http.wire --  << "J,[0xc9][0xcc]K/V[0xb2]2[0xd6]QrN,IM[0xcf]/[0xca]L-V[0xb2][0x8a][0x8e][0xad][0xad][0xe5][0x2][0x0][0x92][0x17][0xfb][0xdb]y[0x0][0x0][0x0]"
04:24:00.073 [main] DEBUG org.apache.http.wire --  << "[\r][\n]"
04:24:00.073 [main] DEBUG org.apache.http.wire --  << "0[\r][\n]"
04:24:00.073 [main] DEBUG org.apache.http.wire --  << "[\r][\n]"
04:24:00.073 [main] DEBUG io.restassured.internal.RestAssuredHttpBuilder -- Parsed data to instance of: class org.apache.http.conn.EofSensorInputStream
04:24:00.074 [main] DEBUG org.apache.http.impl.conn.BasicClientConnectionManager -- Releasing connection org.apache.http.impl.conn.ManagedClientConnectionImpl@70b037ac
04:24:00.074 [main] DEBUG org.apache.http.impl.conn.BasicClientConnectionManager -- Connection can be kept alive indefinitely
04:24:00.074 [main] DEBUG net.thucydides.core.steps.StepInterceptor -- STEP DONE: I GET HTTP request for products with valid ID
  &amp#27;[32mWhen &amp#27;[0m&amp#27;[32mI GET HTTP request for products with valid ID&amp#27;[0m            &amp#27;[90m# starter.stepdefinition.ProductsSteps.getHTTPRequestForProductsWithValidID()&amp#27;[0m
04:24:00.076 [main] DEBUG net.thucydides.core.steps.StepInterceptor -- STARTING STEP: ProductsSteps.receiveResponseCode200ForProductsWithValidID - I receive valid HTTP response 200 for get products by ID
04:24:00.076 [main] DEBUG net.thucydides.core.steps.StepInterceptor -- STEP DONE: I receive valid HTTP response 200 for get products by ID
  &amp#27;[32mThen &amp#27;[0m&amp#27;[32mI receive valid HTTP response 200 for get products by ID&amp#27;[0m &amp#27;[90m# starter.stepdefinition.ProductsSteps.receiveResponseCode200ForProductsWithValidID()&amp#27;[0m
04:24:00.078 [main] INFO  -- 
  _____   ___   ___   _____     ___     _     ___   ___   ___   ___  
 |_   _| | __| / __| |_   _|   | _ \   /_\   / __| / __| | __| |   \ 
   | |   | _|  \__ \   | |     |  _/  / _ \  \__ \ \__ \ | _|  | |) |
   |_|   |___| |___/   |_|     |_|   /_/ \_\ |___/ |___/ |___| |___/ 

TC50 - Get products by ID
----------------------------------------------------------------------
]]></system-out>
  </testcase>
  <testcase name="TC51 - Get product using invalid ID with character symbols" classname="[05_Automation] - Product" time="0.101">
    <system-out><![CDATA[
Scenario: TC51 - Get product using invalid ID with character symbols                              &amp#27;[90m# src/test/resources/Products.feature:73&amp#27;[0m
04:24:00.081 [main] INFO io.cucumber.core.plugin.SerenityReporter -- Running feature from file:///D:/TaksAlterra/MiniProject/MiniProject_API/src/test/resources/Products.feature
04:24:00.081 [main] WARN io.cucumber.core.plugin.SerenityReporter -- Feature from file:///D:/TaksAlterra/MiniProject/MiniProject_API/src/test/resources/Products.feature is not under the 'features' directory. Requirements report will not be correctly generated!
04:24:00.082 [main] INFO  -- 
  _____   ___   ___   _____     ___   _____     _     ___   _____   ___   ___  
 |_   _| | __| / __| |_   _|   / __| |_   _|   /_\   | _ \ |_   _| | __| |   \ 
   | |   | _|  \__ \   | |     \__ \   | |    / _ \  |   /   | |   | _|  | |) |
   |_|   |___| |___/   |_|     |___/   |_|   /_/ \_\ |_|_\   |_|   |___| |___/ 

TC51 - Get product using invalid ID with character symbols([05-automation]---product;tc51---get-product-using-invalid-id-with-character-symbols)
--------------------------------------------------------------------------------
04:24:00.086 [main] DEBUG net.thucydides.core.steps.StepInterceptor -- STARTING STEP: ProductsSteps.getProductsEndpointsByID2 - I GET products endpoints by ID 2
04:24:00.086 [main] DEBUG net.thucydides.core.steps.StepInterceptor -- STEP DONE: I GET products endpoints by ID 2
  &amp#27;[32mGiven &amp#27;[0m&amp#27;[32mI GET products endpoints by ID 2&amp#27;[0m                                                          &amp#27;[90m# starter.stepdefinition.ProductsSteps.getProductsEndpointsByID2()&amp#27;[0m
04:24:00.087 [main] DEBUG net.thucydides.core.steps.StepInterceptor -- STARTING STEP: ProductsSteps.getHTTPRequestsForProductsUsingInvalidIDWithCharacterSysmbols - I GET HTTP request for products using invalid ID with character symbols
04:24:00.087 [main] DEBUG net.thucydides.core.steps.StepInterceptor -- STARTING STEP: Products.getHTTPRequestsForProductsUsingInvalidIDWithCharacterSysmbols - I GET products endpoints by ID 2
04:24:00.087 [main] DEBUG net.thucydides.core.steps.StepInterceptor -- STEP DONE: I GET products endpoints by ID 2
04:24:00.091 [main] DEBUG org.apache.http.impl.conn.BasicClientConnectionManager -- Get connection for route {s}->https://altashop-api.fly.dev:443
04:24:00.091 [main] DEBUG org.apache.http.impl.conn.DefaultClientConnectionOperator -- Connecting to altashop-api.fly.dev:443
04:24:00.151 [main] DEBUG org.apache.http.client.protocol.RequestAddCookies -- CookieSpec selected: ignoreCookies
04:24:00.151 [main] DEBUG org.apache.http.client.protocol.RequestAuthCache -- Auth cache not set in the context
04:24:00.151 [main] DEBUG org.apache.http.client.protocol.RequestTargetAuthentication -- Target auth state: UNCHALLENGED
04:24:00.151 [main] DEBUG org.apache.http.client.protocol.RequestProxyAuthentication -- Proxy auth state: UNCHALLENGED
04:24:00.151 [main] DEBUG org.apache.http.impl.client.DefaultHttpClient -- Attempt 1 to execute request
04:24:00.151 [main] DEBUG org.apache.http.impl.conn.DefaultClientConnection -- Sending request: GET /api/products/-11318 HTTP/1.1
04:24:00.151 [main] DEBUG org.apache.http.wire --  >> "GET /api/products/-11318 HTTP/1.1[\r][\n]"
04:24:00.151 [main] DEBUG org.apache.http.wire --  >> "Accept: */*[\r][\n]"
04:24:00.151 [main] DEBUG org.apache.http.wire --  >> "Host: altashop-api.fly.dev[\r][\n]"
04:24:00.151 [main] DEBUG org.apache.http.wire --  >> "Connection: Keep-Alive[\r][\n]"
04:24:00.151 [main] DEBUG org.apache.http.wire --  >> "User-Agent: Apache-HttpClient/4.5.13 (Java/17.0.8)[\r][\n]"
04:24:00.151 [main] DEBUG org.apache.http.wire --  >> "Accept-Encoding: gzip,deflate[\r][\n]"
04:24:00.151 [main] DEBUG org.apache.http.wire --  >> "[\r][\n]"
04:24:00.151 [main] DEBUG org.apache.http.headers -- >> GET /api/products/-11318 HTTP/1.1
04:24:00.151 [main] DEBUG org.apache.http.headers -- >> Accept: */*
04:24:00.151 [main] DEBUG org.apache.http.headers -- >> Host: altashop-api.fly.dev
04:24:00.151 [main] DEBUG org.apache.http.headers -- >> Connection: Keep-Alive
04:24:00.151 [main] DEBUG org.apache.http.headers -- >> User-Agent: Apache-HttpClient/4.5.13 (Java/17.0.8)
04:24:00.151 [main] DEBUG org.apache.http.headers -- >> Accept-Encoding: gzip,deflate
04:24:00.175 [main] DEBUG org.apache.http.wire --  << "HTTP/1.1 500 Internal Server Error[\r][\n]"
04:24:00.175 [main] DEBUG org.apache.http.wire --  << "content-type: application/json[\r][\n]"
04:24:00.175 [main] DEBUG org.apache.http.wire --  << "date: Mon, 30 Oct 2023 21:24:01 GMT[\r][\n]"
04:24:00.175 [main] DEBUG org.apache.http.wire --  << "content-encoding: gzip[\r][\n]"
04:24:00.175 [main] DEBUG org.apache.http.wire --  << "transfer-encoding: chunked[\r][\n]"
04:24:00.175 [main] DEBUG org.apache.http.wire --  << "server: Fly/7328d5b5 (2023-10-27)[\r][\n]"
04:24:00.175 [main] DEBUG org.apache.http.wire --  << "via: 1.1 fly.io[\r][\n]"
04:24:00.175 [main] DEBUG org.apache.http.wire --  << "fly-request-id: 01HE17HR133KAH4MJY354T5B65-sin[\r][\n]"
04:24:00.175 [main] DEBUG org.apache.http.wire --  << "[\r][\n]"
04:24:00.175 [main] DEBUG org.apache.http.impl.conn.DefaultClientConnection -- Receiving response: HTTP/1.1 500 Internal Server Error
04:24:00.175 [main] DEBUG org.apache.http.headers -- << HTTP/1.1 500 Internal Server Error
04:24:00.175 [main] DEBUG org.apache.http.headers -- << content-type: application/json
04:24:00.175 [main] DEBUG org.apache.http.headers -- << date: Mon, 30 Oct 2023 21:24:01 GMT
04:24:00.175 [main] DEBUG org.apache.http.headers -- << content-encoding: gzip
04:24:00.175 [main] DEBUG org.apache.http.headers -- << transfer-encoding: chunked
04:24:00.175 [main] DEBUG org.apache.http.headers -- << server: Fly/7328d5b5 (2023-10-27)
04:24:00.175 [main] DEBUG org.apache.http.headers -- << via: 1.1 fly.io
04:24:00.175 [main] DEBUG org.apache.http.headers -- << fly-request-id: 01HE17HR133KAH4MJY354T5B65-sin
04:24:00.175 [main] DEBUG org.apache.http.impl.client.DefaultHttpClient -- Connection can be kept alive indefinitely
04:24:00.176 [main] DEBUG io.restassured.internal.RestAssuredHttpBuilder -- Parsing response as: application/json
04:24:00.176 [main] DEBUG org.apache.http.wire --  << "5C[\r][\n]"
04:24:00.176 [main] DEBUG org.apache.http.wire --  << "[0x1f][0x8b][0x8][0x0][0x0][0x0][0x0][0x0][0x4][0xff][0xab]VJ-*[0xca]/R[0xb2]R2[0xb4]01137110767[0xb0]4510[0xb2][0xb4]P[0xc8],VH/JM,I-R([0xc9]H[0xcc]S[0xc8]M[0xac][0xc8][0xcc]-[0xcd]U(K[0xcc])MUH[0xcb]/R[0xf0][0xcc]+1Q[0xaa][0xe5][0x2][0x0]r[0xc0][0xb4]aH[0x0][0x0][0x0]"
04:24:00.176 [main] DEBUG org.apache.http.wire --  << "[\r][\n]"
04:24:00.176 [main] DEBUG org.apache.http.wire --  << "0[\r][\n]"
04:24:00.176 [main] DEBUG org.apache.http.wire --  << "[\r][\n]"
04:24:00.176 [main] DEBUG io.restassured.internal.RestAssuredHttpBuilder -- Parsed data to instance of: class org.apache.http.conn.EofSensorInputStream
04:24:00.176 [main] DEBUG org.apache.http.impl.conn.BasicClientConnectionManager -- Releasing connection org.apache.http.impl.conn.ManagedClientConnectionImpl@2da273b3
04:24:00.176 [main] DEBUG org.apache.http.impl.conn.BasicClientConnectionManager -- Connection can be kept alive indefinitely
04:24:00.176 [main] DEBUG net.thucydides.core.steps.StepInterceptor -- STEP DONE: I GET HTTP request for products using invalid ID with character symbols
  &amp#27;[32mWhen &amp#27;[0m&amp#27;[32mI GET HTTP request for products using invalid ID with character symbols&amp#27;[0m                    &amp#27;[90m# starter.stepdefinition.ProductsSteps.getHTTPRequestsForProductsUsingInvalidIDWithCharacterSysmbols()&amp#27;[0m
04:24:00.178 [main] DEBUG net.thucydides.core.steps.StepInterceptor -- STARTING STEP: ProductsSteps.receiveResponseCode500ForProductsUsingInvalidIDWithCharacterSysmbols - I receive valid HTTP response 500 for get products using invalid ID with character symbols
04:24:00.178 [main] DEBUG net.thucydides.core.steps.StepInterceptor -- STEP DONE: I receive valid HTTP response 500 for get products using invalid ID with character symbols
  &amp#27;[32mThen &amp#27;[0m&amp#27;[32mI receive valid HTTP response 500 for get products using invalid ID with character symbols&amp#27;[0m &amp#27;[90m# starter.stepdefinition.ProductsSteps.receiveResponseCode500ForProductsUsingInvalidIDWithCharacterSysmbols()&amp#27;[0m
04:24:00.179 [main] INFO  -- 
  _____   ___   ___   _____     ___     _     ___   ___   ___   ___  
 |_   _| | __| / __| |_   _|   | _ \   /_\   / __| / __| | __| |   \ 
   | |   | _|  \__ \   | |     |  _/  / _ \  \__ \ \__ \ | _|  | |) |
   |_|   |___| |___/   |_|     |_|   /_/ \_\ |___/ |___/ |___| |___/ 

TC51 - Get product using invalid ID with character symbols
----------------------------------------------------------------------
]]></system-out>
  </testcase>
  <testcase name="TC52 - Get categories by invalid ID with character alphabet" classname="[05_Automation] - Product" time="0.088">
    <system-out><![CDATA[
Scenario: TC52 - Get categories by invalid ID with character alphabet                              &amp#27;[90m# src/test/resources/Products.feature:78&amp#27;[0m
04:24:00.182 [main] INFO io.cucumber.core.plugin.SerenityReporter -- Running feature from file:///D:/TaksAlterra/MiniProject/MiniProject_API/src/test/resources/Products.feature
04:24:00.182 [main] WARN io.cucumber.core.plugin.SerenityReporter -- Feature from file:///D:/TaksAlterra/MiniProject/MiniProject_API/src/test/resources/Products.feature is not under the 'features' directory. Requirements report will not be correctly generated!
04:24:00.183 [main] INFO  -- 
  _____   ___   ___   _____     ___   _____     _     ___   _____   ___   ___  
 |_   _| | __| / __| |_   _|   / __| |_   _|   /_\   | _ \ |_   _| | __| |   \ 
   | |   | _|  \__ \   | |     \__ \   | |    / _ \  |   /   | |   | _|  | |) |
   |_|   |___| |___/   |_|     |___/   |_|   /_/ \_\ |_|_\   |_|   |___| |___/ 

TC52 - Get categories by invalid ID with character alphabet([05-automation]---product;tc52---get-categories-by-invalid-id-with-character-alphabet)
--------------------------------------------------------------------------------
04:24:00.186 [main] DEBUG net.thucydides.core.steps.StepInterceptor -- STARTING STEP: ProductsSteps.getProductsEndpointsbyID3 - I GET products endpoints by ID 3
04:24:00.186 [main] DEBUG net.thucydides.core.steps.StepInterceptor -- STEP DONE: I GET products endpoints by ID 3
  &amp#27;[32mGiven &amp#27;[0m&amp#27;[32mI GET products endpoints by ID 3&amp#27;[0m                                                           &amp#27;[90m# starter.stepdefinition.ProductsSteps.getProductsEndpointsbyID3()&amp#27;[0m
04:24:00.188 [main] DEBUG net.thucydides.core.steps.StepInterceptor -- STARTING STEP: ProductsSteps.getHTTPRequestsForProductsUsingInvalidIDWithCharacterAlphabet - I GET HTTP request for products using invalid ID with character alphabet
04:24:00.189 [Finalizer] DEBUG org.apache.http.impl.conn.DefaultClientConnection -- Connection 0.0.0.0:54227<->149.248.193.56:443 closed
04:24:00.189 [main] DEBUG net.thucydides.core.steps.StepInterceptor -- STARTING STEP: Products.getHTTPRequestsForProductsUsingInvalidIDWithCharacterAlphabet - I GET products endpoints by ID 3
04:24:00.189 [Finalizer] DEBUG org.apache.http.impl.conn.DefaultClientConnection -- Connection 0.0.0.0:54228<->149.248.193.56:443 closed
04:24:00.189 [main] DEBUG net.thucydides.core.steps.StepInterceptor -- STEP DONE: I GET products endpoints by ID 3
04:24:00.189 [Finalizer] DEBUG org.apache.http.impl.conn.DefaultClientConnection -- Connection 0.0.0.0:54224<->149.248.193.56:443 closed
04:24:00.189 [Finalizer] DEBUG org.apache.http.impl.conn.DefaultClientConnection -- Connection 0.0.0.0:54225<->149.248.193.56:443 closed
04:24:00.189 [Finalizer] DEBUG org.apache.http.impl.conn.DefaultClientConnection -- Connection 0.0.0.0:54226<->149.248.193.56:443 closed
04:24:00.189 [Finalizer] DEBUG org.apache.http.impl.conn.DefaultClientConnection -- Connection 0.0.0.0:54222<->149.248.193.56:443 closed
04:24:00.190 [Finalizer] DEBUG org.apache.http.impl.conn.DefaultClientConnection -- Connection 0.0.0.0:54223<->149.248.193.56:443 closed
04:24:00.192 [main] DEBUG org.apache.http.impl.conn.BasicClientConnectionManager -- Get connection for route {s}->https://altashop-api.fly.dev:443
04:24:00.192 [main] DEBUG org.apache.http.impl.conn.DefaultClientConnectionOperator -- Connecting to altashop-api.fly.dev:443
04:24:00.240 [main] DEBUG org.apache.http.client.protocol.RequestAddCookies -- CookieSpec selected: ignoreCookies
04:24:00.240 [main] DEBUG org.apache.http.client.protocol.RequestAuthCache -- Auth cache not set in the context
04:24:00.240 [main] DEBUG org.apache.http.client.protocol.RequestTargetAuthentication -- Target auth state: UNCHALLENGED
04:24:00.240 [main] DEBUG org.apache.http.client.protocol.RequestProxyAuthentication -- Proxy auth state: UNCHALLENGED
04:24:00.240 [main] DEBUG org.apache.http.impl.client.DefaultHttpClient -- Attempt 1 to execute request
04:24:00.240 [main] DEBUG org.apache.http.impl.conn.DefaultClientConnection -- Sending request: GET /api/products/satu HTTP/1.1
04:24:00.240 [main] DEBUG org.apache.http.wire --  >> "GET /api/products/satu HTTP/1.1[\r][\n]"
04:24:00.240 [main] DEBUG org.apache.http.wire --  >> "Accept: */*[\r][\n]"
04:24:00.240 [main] DEBUG org.apache.http.wire --  >> "Host: altashop-api.fly.dev[\r][\n]"
04:24:00.240 [main] DEBUG org.apache.http.wire --  >> "Connection: Keep-Alive[\r][\n]"
04:24:00.240 [main] DEBUG org.apache.http.wire --  >> "User-Agent: Apache-HttpClient/4.5.13 (Java/17.0.8)[\r][\n]"
04:24:00.240 [main] DEBUG org.apache.http.wire --  >> "Accept-Encoding: gzip,deflate[\r][\n]"
04:24:00.240 [main] DEBUG org.apache.http.wire --  >> "[\r][\n]"
04:24:00.240 [main] DEBUG org.apache.http.headers -- >> GET /api/products/satu HTTP/1.1
04:24:00.240 [main] DEBUG org.apache.http.headers -- >> Accept: */*
04:24:00.240 [main] DEBUG org.apache.http.headers -- >> Host: altashop-api.fly.dev
04:24:00.240 [main] DEBUG org.apache.http.headers -- >> Connection: Keep-Alive
04:24:00.240 [main] DEBUG org.apache.http.headers -- >> User-Agent: Apache-HttpClient/4.5.13 (Java/17.0.8)
04:24:00.240 [main] DEBUG org.apache.http.headers -- >> Accept-Encoding: gzip,deflate
04:24:00.264 [main] DEBUG org.apache.http.wire --  << "HTTP/1.1 400 Bad Request[\r][\n]"
04:24:00.264 [main] DEBUG org.apache.http.wire --  << "content-type: application/json[\r][\n]"
04:24:00.264 [main] DEBUG org.apache.http.wire --  << "date: Mon, 30 Oct 2023 21:24:01 GMT[\r][\n]"
04:24:00.264 [main] DEBUG org.apache.http.wire --  << "content-encoding: gzip[\r][\n]"
04:24:00.264 [main] DEBUG org.apache.http.wire --  << "transfer-encoding: chunked[\r][\n]"
04:24:00.264 [main] DEBUG org.apache.http.wire --  << "server: Fly/7328d5b5 (2023-10-27)[\r][\n]"
04:24:00.264 [main] DEBUG org.apache.http.wire --  << "via: 1.1 fly.io[\r][\n]"
04:24:00.264 [main] DEBUG org.apache.http.wire --  << "fly-request-id: 01HE17HR3WY5WAZ6726FTW456P-sin[\r][\n]"
04:24:00.264 [main] DEBUG org.apache.http.wire --  << "[\r][\n]"
04:24:00.264 [main] DEBUG org.apache.http.impl.conn.DefaultClientConnection -- Receiving response: HTTP/1.1 400 Bad Request
04:24:00.264 [main] DEBUG org.apache.http.headers -- << HTTP/1.1 400 Bad Request
04:24:00.264 [main] DEBUG org.apache.http.headers -- << content-type: application/json
04:24:00.264 [main] DEBUG org.apache.http.headers -- << date: Mon, 30 Oct 2023 21:24:01 GMT
04:24:00.264 [main] DEBUG org.apache.http.headers -- << content-encoding: gzip
04:24:00.264 [main] DEBUG org.apache.http.headers -- << transfer-encoding: chunked
04:24:00.264 [main] DEBUG org.apache.http.headers -- << server: Fly/7328d5b5 (2023-10-27)
04:24:00.264 [main] DEBUG org.apache.http.headers -- << via: 1.1 fly.io
04:24:00.264 [main] DEBUG org.apache.http.headers -- << fly-request-id: 01HE17HR3WY5WAZ6726FTW456P-sin
04:24:00.264 [main] DEBUG org.apache.http.impl.client.DefaultHttpClient -- Connection can be kept alive indefinitely
04:24:00.264 [main] DEBUG io.restassured.internal.RestAssuredHttpBuilder -- Parsing response as: application/json
04:24:00.264 [main] DEBUG org.apache.http.wire --  << "4F[\r][\n]"
04:24:00.264 [main] DEBUG org.apache.http.wire --  << "[0x1f][0x8b][0x8][0x0][0x0][0x0][0x0][0x0][0x4][0xff][0xab]VJ-*[0xca]/R[0xb2]R*.)J[0xce][0xcf]+[0xd3]s,[0xc9][0xcf][0xb4]R(H,*[0xce][0xcc]KW[0x88]Q*N,)[0x8d]Q[0xb2]R[0xc8][0xcc]+K[0xcc][0xc9]LQ([0xae][0xcc]+I[0xac]P[0xaa][0xe5][0x2][0x0]n[0x13][0x8b][0x82];[0x0][0x0][0x0]"
04:24:00.264 [main] DEBUG org.apache.http.wire --  << "[\r][\n]"
04:24:00.264 [main] DEBUG org.apache.http.wire --  << "0[\r][\n]"
04:24:00.264 [main] DEBUG org.apache.http.wire --  << "[\r][\n]"
04:24:00.264 [main] DEBUG io.restassured.internal.RestAssuredHttpBuilder -- Parsed data to instance of: class org.apache.http.conn.EofSensorInputStream
04:24:00.265 [main] DEBUG org.apache.http.impl.conn.BasicClientConnectionManager -- Releasing connection org.apache.http.impl.conn.ManagedClientConnectionImpl@3020f22
04:24:00.265 [main] DEBUG org.apache.http.impl.conn.BasicClientConnectionManager -- Connection can be kept alive indefinitely
04:24:00.265 [main] DEBUG net.thucydides.core.steps.StepInterceptor -- STEP DONE: I GET HTTP request for products using invalid ID with character alphabet
  &amp#27;[32mWhen &amp#27;[0m&amp#27;[32mI GET HTTP request for products using invalid ID with character alphabet&amp#27;[0m                    &amp#27;[90m# starter.stepdefinition.ProductsSteps.getHTTPRequestsForProductsUsingInvalidIDWithCharacterAlphabet()&amp#27;[0m
04:24:00.267 [main] DEBUG net.thucydides.core.steps.StepInterceptor -- STARTING STEP: ProductsSteps.receiveResponseCode400ForProductsUsingInvalidIDWithCharacterAlphabet - I receive valid HTTP response 400 for get products using invalid ID with character alphabet
04:24:00.267 [main] DEBUG net.thucydides.core.steps.StepInterceptor -- STEP DONE: I receive valid HTTP response 400 for get products using invalid ID with character alphabet
  &amp#27;[32mThen &amp#27;[0m&amp#27;[32mI receive valid HTTP response 400 for get products using invalid ID with character alphabet&amp#27;[0m &amp#27;[90m# starter.stepdefinition.ProductsSteps.receiveResponseCode400ForProductsUsingInvalidIDWithCharacterAlphabet()&amp#27;[0m
04:24:00.268 [main] INFO  -- 
  _____   ___   ___   _____     ___     _     ___   ___   ___   ___  
 |_   _| | __| / __| |_   _|   | _ \   /_\   / __| / __| | __| |   \ 
   | |   | _|  \__ \   | |     |  _/  / _ \  \__ \ \__ \ | _|  | |) |
   |_|   |___| |___/   |_|     |_|   /_/ \_\ |___/ |___/ |___| |___/ 

TC52 - Get categories by invalid ID with character alphabet
----------------------------------------------------------------------
]]></system-out>
  </testcase>
  <testcase name="TC53 - Delete a products by ID" classname="[05_Automation] - Product" time="0.099">
    <system-out><![CDATA[
Scenario: TC53 - Delete a products by ID                       &amp#27;[90m# src/test/resources/Products.feature:83&amp#27;[0m
04:24:00.271 [main] INFO io.cucumber.core.plugin.SerenityReporter -- Running feature from file:///D:/TaksAlterra/MiniProject/MiniProject_API/src/test/resources/Products.feature
04:24:00.271 [main] WARN io.cucumber.core.plugin.SerenityReporter -- Feature from file:///D:/TaksAlterra/MiniProject/MiniProject_API/src/test/resources/Products.feature is not under the 'features' directory. Requirements report will not be correctly generated!
04:24:00.272 [main] INFO  -- 
  _____   ___   ___   _____     ___   _____     _     ___   _____   ___   ___  
 |_   _| | __| / __| |_   _|   / __| |_   _|   /_\   | _ \ |_   _| | __| |   \ 
   | |   | _|  \__ \   | |     \__ \   | |    / _ \  |   /   | |   | _|  | |) |
   |_|   |___| |___/   |_|     |___/   |_|   /_/ \_\ |_|_\   |_|   |___| |___/ 

TC53 - Delete a products by ID([05-automation]---product;tc53---delete-a-products-by-id)
--------------------------------------------------------------------------------
04:24:00.277 [main] DEBUG net.thucydides.core.steps.StepInterceptor -- STARTING STEP: ProductsSteps.deleteAProductsEndpointsByID - I DELETE a products endpoints by ID
04:24:00.277 [main] DEBUG net.thucydides.core.steps.StepInterceptor -- STEP DONE: I DELETE a products endpoints by ID
  &amp#27;[32mGiven &amp#27;[0m&amp#27;[32mI DELETE a products endpoints by ID&amp#27;[0m                    &amp#27;[90m# starter.stepdefinition.ProductsSteps.deleteAProductsEndpointsByID()&amp#27;[0m
04:24:00.279 [main] DEBUG net.thucydides.core.steps.StepInterceptor -- STARTING STEP: ProductsSteps.deleteHTTPRequestForAProductsWithValidID - I DELETE HTTP request for a products with valid ID
04:24:00.279 [main] DEBUG net.thucydides.core.steps.StepInterceptor -- STARTING STEP: Products.deleteHTTPRequestForAProductsWithValidID - I DELETE a products endpoints by ID
04:24:00.279 [main] DEBUG net.thucydides.core.steps.StepInterceptor -- STEP DONE: I DELETE a products endpoints by ID
04:24:00.282 [main] DEBUG org.apache.http.impl.conn.BasicClientConnectionManager -- Get connection for route {s}->https://altashop-api.fly.dev:443
04:24:00.282 [main] DEBUG org.apache.http.impl.conn.DefaultClientConnectionOperator -- Connecting to altashop-api.fly.dev:443
04:24:00.336 [main] DEBUG org.apache.http.client.protocol.RequestAddCookies -- CookieSpec selected: ignoreCookies
04:24:00.336 [main] DEBUG org.apache.http.client.protocol.RequestAuthCache -- Auth cache not set in the context
04:24:00.336 [main] DEBUG org.apache.http.client.protocol.RequestTargetAuthentication -- Target auth state: UNCHALLENGED
04:24:00.336 [main] DEBUG org.apache.http.client.protocol.RequestProxyAuthentication -- Proxy auth state: UNCHALLENGED
04:24:00.336 [main] DEBUG org.apache.http.impl.client.DefaultHttpClient -- Attempt 1 to execute request
04:24:00.336 [main] DEBUG org.apache.http.impl.conn.DefaultClientConnection -- Sending request: DELETE /api/products/11286 HTTP/1.1
04:24:00.336 [main] DEBUG org.apache.http.wire --  >> "DELETE /api/products/11286 HTTP/1.1[\r][\n]"
04:24:00.336 [main] DEBUG org.apache.http.wire --  >> "Accept: */*[\r][\n]"
04:24:00.336 [main] DEBUG org.apache.http.wire --  >> "Host: altashop-api.fly.dev[\r][\n]"
04:24:00.336 [main] DEBUG org.apache.http.wire --  >> "Connection: Keep-Alive[\r][\n]"
04:24:00.336 [main] DEBUG org.apache.http.wire --  >> "User-Agent: Apache-HttpClient/4.5.13 (Java/17.0.8)[\r][\n]"
04:24:00.336 [main] DEBUG org.apache.http.wire --  >> "Accept-Encoding: gzip,deflate[\r][\n]"
04:24:00.336 [main] DEBUG org.apache.http.wire --  >> "[\r][\n]"
04:24:00.336 [main] DEBUG org.apache.http.headers -- >> DELETE /api/products/11286 HTTP/1.1
04:24:00.336 [main] DEBUG org.apache.http.headers -- >> Accept: */*
04:24:00.336 [main] DEBUG org.apache.http.headers -- >> Host: altashop-api.fly.dev
04:24:00.336 [main] DEBUG org.apache.http.headers -- >> Connection: Keep-Alive
04:24:00.336 [main] DEBUG org.apache.http.headers -- >> User-Agent: Apache-HttpClient/4.5.13 (Java/17.0.8)
04:24:00.336 [main] DEBUG org.apache.http.headers -- >> Accept-Encoding: gzip,deflate
04:24:00.362 [main] DEBUG org.apache.http.wire --  << "HTTP/1.1 200 OK[\r][\n]"
04:24:00.362 [main] DEBUG org.apache.http.wire --  << "content-type: application/json[\r][\n]"
04:24:00.363 [main] DEBUG org.apache.http.wire --  << "date: Mon, 30 Oct 2023 21:24:01 GMT[\r][\n]"
04:24:00.363 [main] DEBUG org.apache.http.wire --  << "content-encoding: gzip[\r][\n]"
04:24:00.363 [main] DEBUG org.apache.http.wire --  << "transfer-encoding: chunked[\r][\n]"
04:24:00.363 [main] DEBUG org.apache.http.wire --  << "server: Fly/7328d5b5 (2023-10-27)[\r][\n]"
04:24:00.363 [main] DEBUG org.apache.http.wire --  << "via: 1.1 fly.io[\r][\n]"
04:24:00.363 [main] DEBUG org.apache.http.wire --  << "fly-request-id: 01HE17HR6W0991ZTVSERKMMM2W-sin[\r][\n]"
04:24:00.363 [main] DEBUG org.apache.http.wire --  << "[\r][\n]"
04:24:00.363 [main] DEBUG org.apache.http.impl.conn.DefaultClientConnection -- Receiving response: HTTP/1.1 200 OK
04:24:00.363 [main] DEBUG org.apache.http.headers -- << HTTP/1.1 200 OK
04:24:00.363 [main] DEBUG org.apache.http.headers -- << content-type: application/json
04:24:00.363 [main] DEBUG org.apache.http.headers -- << date: Mon, 30 Oct 2023 21:24:01 GMT
04:24:00.363 [main] DEBUG org.apache.http.headers -- << content-encoding: gzip
04:24:00.363 [main] DEBUG org.apache.http.headers -- << transfer-encoding: chunked
04:24:00.363 [main] DEBUG org.apache.http.headers -- << server: Fly/7328d5b5 (2023-10-27)
04:24:00.363 [main] DEBUG org.apache.http.headers -- << via: 1.1 fly.io
04:24:00.363 [main] DEBUG org.apache.http.headers -- << fly-request-id: 01HE17HR6W0991ZTVSERKMMM2W-sin
04:24:00.363 [main] DEBUG org.apache.http.impl.client.DefaultHttpClient -- Connection can be kept alive indefinitely
04:24:00.363 [main] DEBUG io.restassured.internal.RestAssuredHttpBuilder -- Parsing response as: application/json
04:24:00.363 [main] DEBUG org.apache.http.wire --  << "22[\r][\n]"
04:24:00.363 [main] DEBUG org.apache.http.wire --  << "[0x1f][0x8b][0x8][0x0][0x0][0x0][0x0][0x0][0x4][0xff][0xab]VJI,IT[0xb2][0xca]+[0xcd][0xc9][0xa9][0xe5][0x2][0x0][0xa3][0xab][0x8f]W[0xe][0x0][0x0][0x0]"
04:24:00.363 [main] DEBUG org.apache.http.wire --  << "[\r][\n]"
04:24:00.363 [main] DEBUG org.apache.http.wire --  << "0[\r][\n]"
04:24:00.363 [main] DEBUG org.apache.http.wire --  << "[\r][\n]"
04:24:00.363 [main] DEBUG io.restassured.internal.RestAssuredHttpBuilder -- Parsed data to instance of: class org.apache.http.conn.EofSensorInputStream
04:24:00.363 [main] DEBUG org.apache.http.impl.conn.BasicClientConnectionManager -- Releasing connection org.apache.http.impl.conn.ManagedClientConnectionImpl@5ec75178
04:24:00.363 [main] DEBUG org.apache.http.impl.conn.BasicClientConnectionManager -- Connection can be kept alive indefinitely
04:24:00.364 [main] DEBUG net.thucydides.core.steps.StepInterceptor -- STEP DONE: I DELETE HTTP request for a products with valid ID
  &amp#27;[32mWhen &amp#27;[0m&amp#27;[32mI DELETE HTTP request for a products with valid ID&amp#27;[0m      &amp#27;[90m# starter.stepdefinition.ProductsSteps.deleteHTTPRequestForAProductsWithValidID()&amp#27;[0m
04:24:00.366 [main] DEBUG net.thucydides.core.steps.StepInterceptor -- STARTING STEP: ProductsSteps.receiveResponseCode200ForDeleteAProducts - I receive valid HTTP response 200 for delete a products
04:24:00.366 [main] DEBUG net.thucydides.core.steps.StepInterceptor -- STEP DONE: I receive valid HTTP response 200 for delete a products
  &amp#27;[32mThen &amp#27;[0m&amp#27;[32mI receive valid HTTP response 200 for delete a products&amp#27;[0m &amp#27;[90m# starter.stepdefinition.ProductsSteps.receiveResponseCode200ForDeleteAProducts()&amp#27;[0m
04:24:00.367 [main] INFO  -- 
  _____   ___   ___   _____     ___     _     ___   ___   ___   ___  
 |_   _| | __| / __| |_   _|   | _ \   /_\   / __| / __| | __| |   \ 
   | |   | _|  \__ \   | |     |  _/  / _ \  \__ \ \__ \ | _|  | |) |
   |_|   |___| |___/   |_|     |_|   /_/ \_\ |___/ |___/ |___| |___/ 

TC53 - Delete a products by ID
----------------------------------------------------------------------
]]></system-out>
  </testcase>
  <testcase name="TC54 - Delete a products using invalid ID with character symbols" classname="[05_Automation] - Product" time="0.097">
    <system-out><![CDATA[
Scenario: TC54 - Delete a products using invalid ID with character symbols                      &amp#27;[90m# src/test/resources/Products.feature:88&amp#27;[0m
04:24:00.370 [main] INFO io.cucumber.core.plugin.SerenityReporter -- Running feature from file:///D:/TaksAlterra/MiniProject/MiniProject_API/src/test/resources/Products.feature
04:24:00.370 [main] WARN io.cucumber.core.plugin.SerenityReporter -- Feature from file:///D:/TaksAlterra/MiniProject/MiniProject_API/src/test/resources/Products.feature is not under the 'features' directory. Requirements report will not be correctly generated!
04:24:00.371 [main] INFO  -- 
  _____   ___   ___   _____     ___   _____     _     ___   _____   ___   ___  
 |_   _| | __| / __| |_   _|   / __| |_   _|   /_\   | _ \ |_   _| | __| |   \ 
   | |   | _|  \__ \   | |     \__ \   | |    / _ \  |   /   | |   | _|  | |) |
   |_|   |___| |___/   |_|     |___/   |_|   /_/ \_\ |_|_\   |_|   |___| |___/ 

TC54 - Delete a products using invalid ID with character symbols([05-automation]---product;tc54---delete-a-products-using-invalid-id-with-character-symbols)
--------------------------------------------------------------------------------
04:24:00.374 [main] DEBUG net.thucydides.core.steps.StepInterceptor -- STARTING STEP: ProductsSteps.deleteAProductsEndpointsByID2 - I DELETE a products endpoints by ID 2
04:24:00.374 [main] DEBUG net.thucydides.core.steps.StepInterceptor -- STEP DONE: I DELETE a products endpoints by ID 2
  &amp#27;[32mGiven &amp#27;[0m&amp#27;[32mI DELETE a products endpoints by ID 2&amp#27;[0m                                                   &amp#27;[90m# starter.stepdefinition.ProductsSteps.deleteAProductsEndpointsByID2()&amp#27;[0m
04:24:00.375 [main] DEBUG net.thucydides.core.steps.StepInterceptor -- STARTING STEP: ProductsSteps.deleteHTTPRequestForAProductsUsingInvalidIDWithCharacterSymbols - I DELETE HTTP request for a products using invalid ID with character symbols
04:24:00.375 [main] DEBUG net.thucydides.core.steps.StepInterceptor -- STARTING STEP: Products.deleteHTTPRequestForAProductsUsingInvalidIDWithCharacterSymbols - I DELETE a products endpoints by ID 2
04:24:00.375 [main] DEBUG net.thucydides.core.steps.StepInterceptor -- STEP DONE: I DELETE a products endpoints by ID 2
04:24:00.379 [main] DEBUG org.apache.http.impl.conn.BasicClientConnectionManager -- Get connection for route {s}->https://altashop-api.fly.dev:443
04:24:00.379 [main] DEBUG org.apache.http.impl.conn.DefaultClientConnectionOperator -- Connecting to altashop-api.fly.dev:443
04:24:00.429 [main] DEBUG org.apache.http.client.protocol.RequestAddCookies -- CookieSpec selected: ignoreCookies
04:24:00.429 [main] DEBUG org.apache.http.client.protocol.RequestAuthCache -- Auth cache not set in the context
04:24:00.429 [main] DEBUG org.apache.http.client.protocol.RequestTargetAuthentication -- Target auth state: UNCHALLENGED
04:24:00.429 [main] DEBUG org.apache.http.client.protocol.RequestProxyAuthentication -- Proxy auth state: UNCHALLENGED
04:24:00.429 [main] DEBUG org.apache.http.impl.client.DefaultHttpClient -- Attempt 1 to execute request
04:24:00.429 [main] DEBUG org.apache.http.impl.conn.DefaultClientConnection -- Sending request: DELETE /api/products/-11286 HTTP/1.1
04:24:00.429 [main] DEBUG org.apache.http.wire --  >> "DELETE /api/products/-11286 HTTP/1.1[\r][\n]"
04:24:00.429 [main] DEBUG org.apache.http.wire --  >> "Accept: */*[\r][\n]"
04:24:00.429 [main] DEBUG org.apache.http.wire --  >> "Host: altashop-api.fly.dev[\r][\n]"
04:24:00.429 [main] DEBUG org.apache.http.wire --  >> "Connection: Keep-Alive[\r][\n]"
04:24:00.429 [main] DEBUG org.apache.http.wire --  >> "User-Agent: Apache-HttpClient/4.5.13 (Java/17.0.8)[\r][\n]"
04:24:00.429 [main] DEBUG org.apache.http.wire --  >> "Accept-Encoding: gzip,deflate[\r][\n]"
04:24:00.429 [main] DEBUG org.apache.http.wire --  >> "[\r][\n]"
04:24:00.429 [main] DEBUG org.apache.http.headers -- >> DELETE /api/products/-11286 HTTP/1.1
04:24:00.429 [main] DEBUG org.apache.http.headers -- >> Accept: */*
04:24:00.429 [main] DEBUG org.apache.http.headers -- >> Host: altashop-api.fly.dev
04:24:00.429 [main] DEBUG org.apache.http.headers -- >> Connection: Keep-Alive
04:24:00.429 [main] DEBUG org.apache.http.headers -- >> User-Agent: Apache-HttpClient/4.5.13 (Java/17.0.8)
04:24:00.429 [main] DEBUG org.apache.http.headers -- >> Accept-Encoding: gzip,deflate
04:24:00.459 [main] DEBUG org.apache.http.wire --  << "HTTP/1.1 500 Internal Server Error[\r][\n]"
04:24:00.459 [main] DEBUG org.apache.http.wire --  << "content-type: application/json[\r][\n]"
04:24:00.459 [main] DEBUG org.apache.http.wire --  << "date: Mon, 30 Oct 2023 21:24:01 GMT[\r][\n]"
04:24:00.459 [main] DEBUG org.apache.http.wire --  << "content-encoding: gzip[\r][\n]"
04:24:00.459 [main] DEBUG org.apache.http.wire --  << "transfer-encoding: chunked[\r][\n]"
04:24:00.459 [main] DEBUG org.apache.http.wire --  << "server: Fly/7328d5b5 (2023-10-27)[\r][\n]"
04:24:00.459 [main] DEBUG org.apache.http.wire --  << "via: 1.1 fly.io[\r][\n]"
04:24:00.459 [main] DEBUG org.apache.http.wire --  << "fly-request-id: 01HE17HR9YRY9MJ9NQVSFSZB5Z-sin[\r][\n]"
04:24:00.459 [main] DEBUG org.apache.http.wire --  << "[\r][\n]"
04:24:00.459 [main] DEBUG org.apache.http.impl.conn.DefaultClientConnection -- Receiving response: HTTP/1.1 500 Internal Server Error
04:24:00.459 [main] DEBUG org.apache.http.headers -- << HTTP/1.1 500 Internal Server Error
04:24:00.459 [main] DEBUG org.apache.http.headers -- << content-type: application/json
04:24:00.459 [main] DEBUG org.apache.http.headers -- << date: Mon, 30 Oct 2023 21:24:01 GMT
04:24:00.459 [main] DEBUG org.apache.http.headers -- << content-encoding: gzip
04:24:00.459 [main] DEBUG org.apache.http.headers -- << transfer-encoding: chunked
04:24:00.459 [main] DEBUG org.apache.http.headers -- << server: Fly/7328d5b5 (2023-10-27)
04:24:00.459 [main] DEBUG org.apache.http.headers -- << via: 1.1 fly.io
04:24:00.459 [main] DEBUG org.apache.http.headers -- << fly-request-id: 01HE17HR9YRY9MJ9NQVSFSZB5Z-sin
04:24:00.460 [main] DEBUG org.apache.http.impl.client.DefaultHttpClient -- Connection can be kept alive indefinitely
04:24:00.460 [main] DEBUG io.restassured.internal.RestAssuredHttpBuilder -- Parsing response as: application/json
04:24:00.460 [main] DEBUG org.apache.http.wire --  << "5C[\r][\n]"
04:24:00.460 [main] DEBUG org.apache.http.wire --  << "[0x1f][0x8b][0x8][0x0][0x0][0x0][0x0][0x0][0x4][0xff][0xab]VJ-*[0xca]/R[0xb2]R2[0xb4]01137110767[0xb0]451066P[0xc8],VH/JM,I-R([0xc9]H[0xcc]S[0xc8]M[0xac][0xc8][0xcc]-[0xcd]U(K[0xcc])MUH[0xcb]/R[0xf0][0xcc]+1Q[0xaa][0xe5][0x2][0x0][0xb0][0xe0]NIH[0x0][0x0][0x0]"
04:24:00.460 [main] DEBUG org.apache.http.wire --  << "[\r][\n]"
04:24:00.460 [main] DEBUG org.apache.http.wire --  << "0[\r][\n]"
04:24:00.460 [main] DEBUG org.apache.http.wire --  << "[\r][\n]"
04:24:00.460 [main] DEBUG io.restassured.internal.RestAssuredHttpBuilder -- Parsed data to instance of: class org.apache.http.conn.EofSensorInputStream
04:24:00.461 [main] DEBUG org.apache.http.impl.conn.BasicClientConnectionManager -- Releasing connection org.apache.http.impl.conn.ManagedClientConnectionImpl@4821e1a3
04:24:00.461 [main] DEBUG org.apache.http.impl.conn.BasicClientConnectionManager -- Connection can be kept alive indefinitely
04:24:00.461 [main] DEBUG net.thucydides.core.steps.StepInterceptor -- STEP DONE: I DELETE HTTP request for a products using invalid ID with character symbols
  &amp#27;[32mWhen &amp#27;[0m&amp#27;[32mI DELETE HTTP request for a products using invalid ID with character symbols&amp#27;[0m             &amp#27;[90m# starter.stepdefinition.ProductsSteps.deleteHTTPRequestForAProductsUsingInvalidIDWithCharacterSymbols()&amp#27;[0m
04:24:00.462 [main] DEBUG net.thucydides.core.steps.StepInterceptor -- STARTING STEP: ProductsSteps.receiveResponseCode500ForAProductsUsingInvalidIDWithCharacterSymbols - I receive valid HTTP response 500 for a products using invalid ID with character symbols
04:24:00.463 [main] DEBUG net.thucydides.core.steps.StepInterceptor -- STEP DONE: I receive valid HTTP response 500 for a products using invalid ID with character symbols
  &amp#27;[32mThen &amp#27;[0m&amp#27;[32mI receive valid HTTP response 500 for a products using invalid ID with character symbols&amp#27;[0m &amp#27;[90m# starter.stepdefinition.ProductsSteps.receiveResponseCode500ForAProductsUsingInvalidIDWithCharacterSymbols()&amp#27;[0m
04:24:00.464 [main] INFO  -- 
  _____   ___   ___   _____     ___     _     ___   ___   ___   ___  
 |_   _| | __| / __| |_   _|   | _ \   /_\   / __| / __| | __| |   \ 
   | |   | _|  \__ \   | |     |  _/  / _ \  \__ \ \__ \ | _|  | |) |
   |_|   |___| |___/   |_|     |_|   /_/ \_\ |___/ |___/ |___| |___/ 

TC54 - Delete a products using invalid ID with character symbols
----------------------------------------------------------------------
]]></system-out>
  </testcase>
  <testcase name="TC55 - Delete a products using invalid ID with character alphabet" classname="[05_Automation] - Product" time="0.106">
    <system-out><![CDATA[
Scenario: TC55 - Delete a products using invalid ID with character alphabet                      &amp#27;[90m# src/test/resources/Products.feature:93&amp#27;[0m
04:24:00.467 [main] INFO io.cucumber.core.plugin.SerenityReporter -- Running feature from file:///D:/TaksAlterra/MiniProject/MiniProject_API/src/test/resources/Products.feature
04:24:00.467 [main] WARN io.cucumber.core.plugin.SerenityReporter -- Feature from file:///D:/TaksAlterra/MiniProject/MiniProject_API/src/test/resources/Products.feature is not under the 'features' directory. Requirements report will not be correctly generated!
04:24:00.468 [main] INFO  -- 
  _____   ___   ___   _____     ___   _____     _     ___   _____   ___   ___  
 |_   _| | __| / __| |_   _|   / __| |_   _|   /_\   | _ \ |_   _| | __| |   \ 
   | |   | _|  \__ \   | |     \__ \   | |    / _ \  |   /   | |   | _|  | |) |
   |_|   |___| |___/   |_|     |___/   |_|   /_/ \_\ |_|_\   |_|   |___| |___/ 

TC55 - Delete a products using invalid ID with character alphabet([05-automation]---product;tc55---delete-a-products-using-invalid-id-with-character-alphabet)
--------------------------------------------------------------------------------
04:24:00.471 [main] DEBUG net.thucydides.core.steps.StepInterceptor -- STARTING STEP: ProductsSteps.deleteAProductsEndpointsByID3 - I DELETE a products endpoints by ID 3
04:24:00.471 [main] DEBUG net.thucydides.core.steps.StepInterceptor -- STEP DONE: I DELETE a products endpoints by ID 3
  &amp#27;[32mGiven &amp#27;[0m&amp#27;[32mI DELETE a products endpoints by ID 3&amp#27;[0m                                                    &amp#27;[90m# starter.stepdefinition.ProductsSteps.deleteAProductsEndpointsByID3()&amp#27;[0m
04:24:00.472 [main] DEBUG net.thucydides.core.steps.StepInterceptor -- STARTING STEP: ProductsSteps.deleteHTTPRequestForAProductsUsingInvalidIDWithCharacterAlphabet - I DELETE HTTP request for a products using invalid ID with character alphabet
04:24:00.473 [main] DEBUG net.thucydides.core.steps.StepInterceptor -- STARTING STEP: Products.deleteHTTPRequestForAProductsUsingInvalidIDWithCharacterAlphabet - I DELETE a products endpoints by ID 3
04:24:00.473 [main] DEBUG net.thucydides.core.steps.StepInterceptor -- STEP DONE: I DELETE a products endpoints by ID 3
04:24:00.476 [main] DEBUG org.apache.http.impl.conn.BasicClientConnectionManager -- Get connection for route {s}->https://altashop-api.fly.dev:443
04:24:00.476 [main] DEBUG org.apache.http.impl.conn.DefaultClientConnectionOperator -- Connecting to altashop-api.fly.dev:443
04:24:00.539 [main] DEBUG org.apache.http.client.protocol.RequestAddCookies -- CookieSpec selected: ignoreCookies
04:24:00.539 [main] DEBUG org.apache.http.client.protocol.RequestAuthCache -- Auth cache not set in the context
04:24:00.539 [main] DEBUG org.apache.http.client.protocol.RequestTargetAuthentication -- Target auth state: UNCHALLENGED
04:24:00.539 [main] DEBUG org.apache.http.client.protocol.RequestProxyAuthentication -- Proxy auth state: UNCHALLENGED
04:24:00.539 [main] DEBUG org.apache.http.impl.client.DefaultHttpClient -- Attempt 1 to execute request
04:24:00.539 [main] DEBUG org.apache.http.impl.conn.DefaultClientConnection -- Sending request: DELETE /api/products/satu HTTP/1.1
04:24:00.539 [main] DEBUG org.apache.http.wire --  >> "DELETE /api/products/satu HTTP/1.1[\r][\n]"
04:24:00.539 [main] DEBUG org.apache.http.wire --  >> "Accept: */*[\r][\n]"
04:24:00.539 [main] DEBUG org.apache.http.wire --  >> "Host: altashop-api.fly.dev[\r][\n]"
04:24:00.539 [main] DEBUG org.apache.http.wire --  >> "Connection: Keep-Alive[\r][\n]"
04:24:00.539 [main] DEBUG org.apache.http.wire --  >> "User-Agent: Apache-HttpClient/4.5.13 (Java/17.0.8)[\r][\n]"
04:24:00.539 [main] DEBUG org.apache.http.wire --  >> "Accept-Encoding: gzip,deflate[\r][\n]"
04:24:00.539 [main] DEBUG org.apache.http.wire --  >> "[\r][\n]"
04:24:00.539 [main] DEBUG org.apache.http.headers -- >> DELETE /api/products/satu HTTP/1.1
04:24:00.539 [main] DEBUG org.apache.http.headers -- >> Accept: */*
04:24:00.539 [main] DEBUG org.apache.http.headers -- >> Host: altashop-api.fly.dev
04:24:00.539 [main] DEBUG org.apache.http.headers -- >> Connection: Keep-Alive
04:24:00.539 [main] DEBUG org.apache.http.headers -- >> User-Agent: Apache-HttpClient/4.5.13 (Java/17.0.8)
04:24:00.539 [main] DEBUG org.apache.http.headers -- >> Accept-Encoding: gzip,deflate
04:24:00.564 [main] DEBUG org.apache.http.wire --  << "HTTP/1.1 400 Bad Request[\r][\n]"
04:24:00.564 [main] DEBUG org.apache.http.wire --  << "content-type: application/json[\r][\n]"
04:24:00.564 [main] DEBUG org.apache.http.wire --  << "date: Mon, 30 Oct 2023 21:24:02 GMT[\r][\n]"
04:24:00.564 [main] DEBUG org.apache.http.wire --  << "content-encoding: gzip[\r][\n]"
04:24:00.564 [main] DEBUG org.apache.http.wire --  << "transfer-encoding: chunked[\r][\n]"
04:24:00.564 [main] DEBUG org.apache.http.wire --  << "server: Fly/7328d5b5 (2023-10-27)[\r][\n]"
04:24:00.564 [main] DEBUG org.apache.http.wire --  << "via: 1.1 fly.io[\r][\n]"
04:24:00.564 [main] DEBUG org.apache.http.wire --  << "fly-request-id: 01HE17HRD7P48GKQ28K102BH6A-sin[\r][\n]"
04:24:00.564 [main] DEBUG org.apache.http.wire --  << "[\r][\n]"
04:24:00.564 [main] DEBUG org.apache.http.impl.conn.DefaultClientConnection -- Receiving response: HTTP/1.1 400 Bad Request
04:24:00.564 [main] DEBUG org.apache.http.headers -- << HTTP/1.1 400 Bad Request
04:24:00.564 [main] DEBUG org.apache.http.headers -- << content-type: application/json
04:24:00.564 [main] DEBUG org.apache.http.headers -- << date: Mon, 30 Oct 2023 21:24:02 GMT
04:24:00.564 [main] DEBUG org.apache.http.headers -- << content-encoding: gzip
04:24:00.564 [main] DEBUG org.apache.http.headers -- << transfer-encoding: chunked
04:24:00.564 [main] DEBUG org.apache.http.headers -- << server: Fly/7328d5b5 (2023-10-27)
04:24:00.564 [main] DEBUG org.apache.http.headers -- << via: 1.1 fly.io
04:24:00.564 [main] DEBUG org.apache.http.headers -- << fly-request-id: 01HE17HRD7P48GKQ28K102BH6A-sin
04:24:00.564 [main] DEBUG org.apache.http.impl.client.DefaultHttpClient -- Connection can be kept alive indefinitely
04:24:00.564 [main] DEBUG io.restassured.internal.RestAssuredHttpBuilder -- Parsing response as: application/json
04:24:00.564 [main] DEBUG org.apache.http.wire --  << "4F[\r][\n]"
04:24:00.564 [main] DEBUG org.apache.http.wire --  << "[0x1f][0x8b][0x8][0x0][0x0][0x0][0x0][0x0][0x4][0xff][0xab]VJ-*[0xca]/R[0xb2]R*.)J[0xce][0xcf]+[0xd3]s,[0xc9][0xcf][0xb4]R(H,*[0xce][0xcc]KW[0x88]Q*N,)[0x8d]Q[0xb2]R[0xc8][0xcc]+K[0xcc][0xc9]LQ([0xae][0xcc]+I[0xac]P[0xaa][0xe5][0x2][0x0]n[0x13][0x8b][0x82];[0x0][0x0][0x0]"
04:24:00.564 [main] DEBUG org.apache.http.wire --  << "[\r][\n]"
04:24:00.564 [main] DEBUG org.apache.http.wire --  << "0[\r][\n]"
04:24:00.564 [main] DEBUG org.apache.http.wire --  << "[\r][\n]"
04:24:00.564 [main] DEBUG io.restassured.internal.RestAssuredHttpBuilder -- Parsed data to instance of: class org.apache.http.conn.EofSensorInputStream
04:24:00.565 [main] DEBUG org.apache.http.impl.conn.BasicClientConnectionManager -- Releasing connection org.apache.http.impl.conn.ManagedClientConnectionImpl@33c590
04:24:00.565 [main] DEBUG org.apache.http.impl.conn.BasicClientConnectionManager -- Connection can be kept alive indefinitely
04:24:00.565 [main] DEBUG net.thucydides.core.steps.StepInterceptor -- STEP DONE: I DELETE HTTP request for a products using invalid ID with character alphabet
  &amp#27;[32mWhen &amp#27;[0m&amp#27;[32mI DELETE HTTP request for a products using invalid ID with character alphabet&amp#27;[0m             &amp#27;[90m# starter.stepdefinition.ProductsSteps.deleteHTTPRequestForAProductsUsingInvalidIDWithCharacterAlphabet()&amp#27;[0m
04:24:00.567 [main] DEBUG net.thucydides.core.steps.StepInterceptor -- STARTING STEP: ProductsSteps.receiveResponseCode400ForAProductsUsingInvalidIDWithCharacterAlphabet - I receive valid HTTP response 400 for a products using invalid ID with character alphabet
04:24:00.568 [main] DEBUG net.thucydides.core.steps.StepInterceptor -- STEP DONE: I receive valid HTTP response 400 for a products using invalid ID with character alphabet
  &amp#27;[32mThen &amp#27;[0m&amp#27;[32mI receive valid HTTP response 400 for a products using invalid ID with character alphabet&amp#27;[0m &amp#27;[90m# starter.stepdefinition.ProductsSteps.receiveResponseCode400ForAProductsUsingInvalidIDWithCharacterAlphabet()&amp#27;[0m
04:24:00.569 [main] INFO  -- 
  _____   ___   ___   _____     ___     _     ___   ___   ___   ___  
 |_   _| | __| / __| |_   _|   | _ \   /_\   / __| / __| | __| |   \ 
   | |   | _|  \__ \   | |     |  _/  / _ \  \__ \ \__ \ | _|  | |) |
   |_|   |___| |___/   |_|     |_|   /_/ \_\ |___/ |___/ |___| |___/ 

TC55 - Delete a products using invalid ID with character alphabet
----------------------------------------------------------------------
]]></system-out>
  </testcase>
  <testcase name="TC65 - Give products ratings" classname="[07_Automation] - Ratings" time="0.116">
    <system-out><![CDATA[04:24:00.570 [main] INFO io.cucumber.core.plugin.SerenityReporter -- Running feature from file:///D:/TaksAlterra/MiniProject/MiniProject_API/src/test/resources/Ratings.feature
04:24:00.570 [main] WARN io.cucumber.core.plugin.SerenityReporter -- Feature from file:///D:/TaksAlterra/MiniProject/MiniProject_API/src/test/resources/Ratings.feature is not under the 'features' directory. Requirements report will not be correctly generated!
04:24:00.570 [main] DEBUG net.thucydides.core.steps.StepEventBus -- Test suite started for story net.thucydides.core.model.Story@f34dfc64
04:24:00.571 [main] INFO  -- Test Suite Started: [07_Automation] - Ratings

Scenario: TC65 - Give products ratings                             &amp#27;[90m# src/test/resources/Ratings.feature:3&amp#27;[0m
04:24:00.574 [main] INFO io.cucumber.core.plugin.SerenityReporter -- Running feature from file:///D:/TaksAlterra/MiniProject/MiniProject_API/src/test/resources/Ratings.feature
04:24:00.574 [main] WARN io.cucumber.core.plugin.SerenityReporter -- Feature from file:///D:/TaksAlterra/MiniProject/MiniProject_API/src/test/resources/Ratings.feature is not under the 'features' directory. Requirements report will not be correctly generated!
04:24:00.575 [main] INFO  -- 
  _____   ___   ___   _____     ___   _____     _     ___   _____   ___   ___  
 |_   _| | __| / __| |_   _|   / __| |_   _|   /_\   | _ \ |_   _| | __| |   \ 
   | |   | _|  \__ \   | |     \__ \   | |    / _ \  |   /   | |   | _|  | |) |
   |_|   |___| |___/   |_|     |___/   |_|   /_/ \_\ |_|_\   |_|   |___| |___/ 

TC65 - Give products ratings([07-automation]---ratings;tc65---give-products-ratings)
--------------------------------------------------------------------------------
04:24:00.585 [main] DEBUG net.thucydides.core.steps.StepInterceptor -- STARTING STEP: RatingsSteps.postGiveProductsRatingsEndpoints - I POST give products ratings endpoints
04:24:00.585 [main] DEBUG net.thucydides.core.steps.StepInterceptor -- STEP DONE: I POST give products ratings endpoints
  &amp#27;[32mGiven &amp#27;[0m&amp#27;[32mI POST give products ratings endpoints&amp#27;[0m                     &amp#27;[90m# starter.stepdefinition.RatingsSteps.postGiveProductsRatingsEndpoints()&amp#27;[0m
04:24:00.587 [main] DEBUG net.thucydides.core.steps.StepInterceptor -- STARTING STEP: RatingsSteps.postHTTPRequestForGiveProductsRatings - I POST HTTP request for give products ratings
04:24:00.587 [main] DEBUG net.thucydides.core.steps.StepInterceptor -- STARTING STEP: Ratings.postHTTPRequestForGiveProductsRatings - I POST give products ratings endpoints
04:24:00.587 [main] DEBUG net.thucydides.core.steps.StepInterceptor -- STEP DONE: I POST give products ratings endpoints
04:24:00.592 [main] DEBUG org.apache.http.impl.conn.BasicClientConnectionManager -- Get connection for route {s}->https://altashop-api.fly.dev:443
04:24:00.592 [main] DEBUG org.apache.http.impl.conn.DefaultClientConnectionOperator -- Connecting to altashop-api.fly.dev:443
04:24:00.643 [main] DEBUG org.apache.http.client.protocol.RequestAddCookies -- CookieSpec selected: ignoreCookies
04:24:00.643 [main] DEBUG org.apache.http.client.protocol.RequestAuthCache -- Auth cache not set in the context
04:24:00.643 [main] DEBUG org.apache.http.client.protocol.RequestProxyAuthentication -- Proxy auth state: UNCHALLENGED
04:24:00.643 [main] DEBUG org.apache.http.impl.client.DefaultHttpClient -- Attempt 1 to execute request
04:24:00.643 [main] DEBUG org.apache.http.impl.conn.DefaultClientConnection -- Sending request: POST /api/products/85536/ratings HTTP/1.1
04:24:00.643 [main] DEBUG org.apache.http.wire --  >> "POST /api/products/85536/ratings HTTP/1.1[\r][\n]"
04:24:00.643 [main] DEBUG org.apache.http.wire --  >> "Content-Type: application/json[\r][\n]"
04:24:00.643 [main] DEBUG org.apache.http.wire --  >> "Authorization: Bearer eyJhbGciOiJIUzI1NiIsInR5cCI6IkpXVCJ9.eyJGdWxsbmFtZSI6IldpeWFuIEhlcnJhIEhlcnZpYW5hIiwiRW1haWwiOiJ3aXlhbjEyM0BnbWFpbC5jb20ifQ.Rsm7iH_obOaXakAORv2RniUWUxeZfBjkK8S8HtuLly8[\r][\n]"
04:24:00.643 [main] DEBUG org.apache.http.wire --  >> "Accept: */*[\r][\n]"
04:24:00.643 [main] DEBUG org.apache.http.wire --  >> "Content-Length: 0[\r][\n]"
04:24:00.643 [main] DEBUG org.apache.http.wire --  >> "Host: altashop-api.fly.dev[\r][\n]"
04:24:00.643 [main] DEBUG org.apache.http.wire --  >> "Connection: Keep-Alive[\r][\n]"
04:24:00.643 [main] DEBUG org.apache.http.wire --  >> "User-Agent: Apache-HttpClient/4.5.13 (Java/17.0.8)[\r][\n]"
04:24:00.643 [main] DEBUG org.apache.http.wire --  >> "Accept-Encoding: gzip,deflate[\r][\n]"
04:24:00.643 [main] DEBUG org.apache.http.wire --  >> "[\r][\n]"
04:24:00.643 [main] DEBUG org.apache.http.headers -- >> POST /api/products/85536/ratings HTTP/1.1
04:24:00.643 [main] DEBUG org.apache.http.headers -- >> Content-Type: application/json
04:24:00.643 [main] DEBUG org.apache.http.headers -- >> Authorization: Bearer eyJhbGciOiJIUzI1NiIsInR5cCI6IkpXVCJ9.eyJGdWxsbmFtZSI6IldpeWFuIEhlcnJhIEhlcnZpYW5hIiwiRW1haWwiOiJ3aXlhbjEyM0BnbWFpbC5jb20ifQ.Rsm7iH_obOaXakAORv2RniUWUxeZfBjkK8S8HtuLly8
04:24:00.643 [main] DEBUG org.apache.http.headers -- >> Accept: */*
04:24:00.643 [main] DEBUG org.apache.http.headers -- >> Content-Length: 0
04:24:00.643 [main] DEBUG org.apache.http.headers -- >> Host: altashop-api.fly.dev
04:24:00.643 [main] DEBUG org.apache.http.headers -- >> Connection: Keep-Alive
04:24:00.643 [main] DEBUG org.apache.http.headers -- >> User-Agent: Apache-HttpClient/4.5.13 (Java/17.0.8)
04:24:00.643 [main] DEBUG org.apache.http.headers -- >> Accept-Encoding: gzip,deflate
04:24:00.682 [main] DEBUG org.apache.http.wire --  << "HTTP/1.1 200 OK[\r][\n]"
04:24:00.682 [main] DEBUG org.apache.http.wire --  << "content-type: application/json[\r][\n]"
04:24:00.682 [main] DEBUG org.apache.http.wire --  << "date: Mon, 30 Oct 2023 21:24:02 GMT[\r][\n]"
04:24:00.682 [main] DEBUG org.apache.http.wire --  << "content-encoding: gzip[\r][\n]"
04:24:00.682 [main] DEBUG org.apache.http.wire --  << "transfer-encoding: chunked[\r][\n]"
04:24:00.682 [main] DEBUG org.apache.http.wire --  << "server: Fly/7328d5b5 (2023-10-27)[\r][\n]"
04:24:00.682 [main] DEBUG org.apache.http.wire --  << "via: 1.1 fly.io[\r][\n]"
04:24:00.682 [main] DEBUG org.apache.http.wire --  << "fly-request-id: 01HE17HRGGVTQKHK1KJ7CJPSA0-sin[\r][\n]"
04:24:00.682 [main] DEBUG org.apache.http.wire --  << "[\r][\n]"
04:24:00.682 [main] DEBUG org.apache.http.impl.conn.DefaultClientConnection -- Receiving response: HTTP/1.1 200 OK
04:24:00.682 [main] DEBUG org.apache.http.headers -- << HTTP/1.1 200 OK
04:24:00.682 [main] DEBUG org.apache.http.headers -- << content-type: application/json
04:24:00.682 [main] DEBUG org.apache.http.headers -- << date: Mon, 30 Oct 2023 21:24:02 GMT
04:24:00.682 [main] DEBUG org.apache.http.headers -- << content-encoding: gzip
04:24:00.682 [main] DEBUG org.apache.http.headers -- << transfer-encoding: chunked
04:24:00.682 [main] DEBUG org.apache.http.headers -- << server: Fly/7328d5b5 (2023-10-27)
04:24:00.682 [main] DEBUG org.apache.http.headers -- << via: 1.1 fly.io
04:24:00.682 [main] DEBUG org.apache.http.headers -- << fly-request-id: 01HE17HRGGVTQKHK1KJ7CJPSA0-sin
04:24:00.682 [main] DEBUG org.apache.http.impl.client.DefaultHttpClient -- Connection can be kept alive indefinitely
04:24:00.682 [main] DEBUG io.restassured.internal.RestAssuredHttpBuilder -- Parsing response as: application/json
04:24:00.682 [main] DEBUG org.apache.http.wire --  << "8D[\r][\n]"
04:24:00.682 [main] DEBUG org.apache.http.wire --  << "[0x1f][0x8b][0x8][0x0][0x0][0x0][0x0][0x0][0x4][0xff][0xab]VJI,IT[0xb2][0xaa]V[0xf2]tQ[0xb2][0xb2]0556[0xd3]Q[0xf2]K[0xcc]MU[0xb2]R[\n]"
04:24:00.682 [main] DEBUG org.apache.http.wire --  << "r[0x8c]r[\r]R[0xd2]QrI-N.[0xca],([0xc9][0xcc][0xcf]S[0xb2]RrrU[0x8][0xf1]pU[0x8][0xf0][0xf7][0xc][0xf6][0xf4][0xf7]S[0xf0][0xf7]S[0x88][0xf4][0xf][\r]R[0x8]qu[0xf4]U[0xd2]Q[\n]"
04:24:00.682 [main] DEBUG org.apache.http.wire --  << "([0xca]LNU[0xb2]260[0xd0]Q[\n]"
04:24:00.682 [main] DEBUG org.apache.http.wire --  << "J,[0xc9][0xcc]K/V[0xb2]2[0xd6]QrN,IM[0xcf]/[0xca]L-V[0xb2][0x8a][0x8e][0xad][0xad][0xe5][0x2][0x0][0x92][0x17][0xfb][0xdb]y[0x0][0x0][0x0]"
04:24:00.682 [main] DEBUG org.apache.http.wire --  << "[\r][\n]"
04:24:00.682 [main] DEBUG org.apache.http.wire --  << "0[\r][\n]"
04:24:00.682 [main] DEBUG org.apache.http.wire --  << "[\r][\n]"
04:24:00.682 [main] DEBUG io.restassured.internal.RestAssuredHttpBuilder -- Parsed data to instance of: class org.apache.http.conn.EofSensorInputStream
04:24:00.682 [main] DEBUG org.apache.http.impl.conn.BasicClientConnectionManager -- Releasing connection org.apache.http.impl.conn.ManagedClientConnectionImpl@5c516cab
04:24:00.682 [main] DEBUG org.apache.http.impl.conn.BasicClientConnectionManager -- Connection can be kept alive indefinitely
04:24:00.683 [main] DEBUG net.thucydides.core.steps.StepInterceptor -- STEP DONE: I POST HTTP request for give products ratings
  &amp#27;[32mWhen &amp#27;[0m&amp#27;[32mI POST HTTP request for give products ratings&amp#27;[0m               &amp#27;[90m# starter.stepdefinition.RatingsSteps.postHTTPRequestForGiveProductsRatings()&amp#27;[0m
04:24:00.685 [main] DEBUG net.thucydides.core.steps.StepInterceptor -- STARTING STEP: RatingsSteps.receiveValidHTTPResponse200ForGiveProductsRatings - I receive valid HTTP response 200 for give products ratings
04:24:00.685 [main] DEBUG net.thucydides.core.steps.StepInterceptor -- STEP DONE: I receive valid HTTP response 200 for give products ratings
  &amp#27;[32mThen &amp#27;[0m&amp#27;[32mI receive valid HTTP response 200 for give products ratings&amp#27;[0m &amp#27;[90m# starter.stepdefinition.RatingsSteps.receiveValidHTTPResponse200ForGiveProductsRatings()&amp#27;[0m
04:24:00.686 [main] INFO  -- 
  _____   ___   ___   _____     ___     _     ___   ___   ___   ___  
 |_   _| | __| / __| |_   _|   | _ \   /_\   / __| / __| | __| |   \ 
   | |   | _|  \__ \   | |     |  _/  / _ \  \__ \ \__ \ | _|  | |) |
   |_|   |___| |___/   |_|     |_|   /_/ \_\ |___/ |___/ |___| |___/ 

TC65 - Give products ratings
----------------------------------------------------------------------
]]></system-out>
  </testcase>
  <testcase name="TC66 - Give product ratings without setting token" classname="[07_Automation] - Ratings" time="0.091">
    <system-out><![CDATA[
Scenario: TC66 - Give product ratings without setting token                              &amp#27;[90m# src/test/resources/Ratings.feature:8&amp#27;[0m
04:24:00.690 [main] INFO io.cucumber.core.plugin.SerenityReporter -- Running feature from file:///D:/TaksAlterra/MiniProject/MiniProject_API/src/test/resources/Ratings.feature
04:24:00.690 [main] WARN io.cucumber.core.plugin.SerenityReporter -- Feature from file:///D:/TaksAlterra/MiniProject/MiniProject_API/src/test/resources/Ratings.feature is not under the 'features' directory. Requirements report will not be correctly generated!
04:24:00.691 [main] INFO  -- 
  _____   ___   ___   _____     ___   _____     _     ___   _____   ___   ___  
 |_   _| | __| / __| |_   _|   / __| |_   _|   /_\   | _ \ |_   _| | __| |   \ 
   | |   | _|  \__ \   | |     \__ \   | |    / _ \  |   /   | |   | _|  | |) |
   |_|   |___| |___/   |_|     |___/   |_|   /_/ \_\ |_|_\   |_|   |___| |___/ 

TC66 - Give product ratings without setting token([07-automation]---ratings;tc66---give-product-ratings-without-setting-token)
--------------------------------------------------------------------------------
04:24:00.694 [main] DEBUG net.thucydides.core.steps.StepInterceptor -- STARTING STEP: RatingsSteps.postGiveProductsRatingsEndpoints2 - I POST give products ratings endpoints 2
04:24:00.695 [main] DEBUG net.thucydides.core.steps.StepInterceptor -- STEP DONE: I POST give products ratings endpoints 2
  &amp#27;[32mGiven &amp#27;[0m&amp#27;[32mI POST give products ratings endpoints 2&amp#27;[0m                                         &amp#27;[90m# starter.stepdefinition.RatingsSteps.postGiveProductsRatingsEndpoints2()&amp#27;[0m
04:24:00.695 [main] DEBUG net.thucydides.core.steps.StepInterceptor -- STARTING STEP: RatingsSteps.postHTTPRequestForGiveProductsRatingsWithoutSettingToken - I POST HTTP request for give products ratings without setting token
04:24:00.696 [main] DEBUG net.thucydides.core.steps.StepInterceptor -- STARTING STEP: Ratings.postHTTPRequestForGiveProductsRatingsWithoutSettingToken - I POST give products ratings endpoints 2
04:24:00.696 [main] DEBUG net.thucydides.core.steps.StepInterceptor -- STEP DONE: I POST give products ratings endpoints 2
04:24:00.699 [main] DEBUG org.apache.http.impl.conn.BasicClientConnectionManager -- Get connection for route {s}->https://altashop-api.fly.dev:443
04:24:00.699 [main] DEBUG org.apache.http.impl.conn.DefaultClientConnectionOperator -- Connecting to altashop-api.fly.dev:443
04:24:00.748 [main] DEBUG org.apache.http.client.protocol.RequestAddCookies -- CookieSpec selected: ignoreCookies
04:24:00.748 [main] DEBUG org.apache.http.client.protocol.RequestAuthCache -- Auth cache not set in the context
04:24:00.748 [main] DEBUG org.apache.http.client.protocol.RequestTargetAuthentication -- Target auth state: UNCHALLENGED
04:24:00.748 [main] DEBUG org.apache.http.client.protocol.RequestProxyAuthentication -- Proxy auth state: UNCHALLENGED
04:24:00.748 [main] DEBUG org.apache.http.impl.client.DefaultHttpClient -- Attempt 1 to execute request
04:24:00.748 [main] DEBUG org.apache.http.impl.conn.DefaultClientConnection -- Sending request: POST /api/products/11672/ratings HTTP/1.1
04:24:00.748 [main] DEBUG org.apache.http.wire --  >> "POST /api/products/11672/ratings HTTP/1.1[\r][\n]"
04:24:00.748 [main] DEBUG org.apache.http.wire --  >> "Content-Type: application/json[\r][\n]"
04:24:00.748 [main] DEBUG org.apache.http.wire --  >> "Accept: */*[\r][\n]"
04:24:00.748 [main] DEBUG org.apache.http.wire --  >> "Content-Length: 0[\r][\n]"
04:24:00.748 [main] DEBUG org.apache.http.wire --  >> "Host: altashop-api.fly.dev[\r][\n]"
04:24:00.748 [main] DEBUG org.apache.http.wire --  >> "Connection: Keep-Alive[\r][\n]"
04:24:00.748 [main] DEBUG org.apache.http.wire --  >> "User-Agent: Apache-HttpClient/4.5.13 (Java/17.0.8)[\r][\n]"
04:24:00.748 [main] DEBUG org.apache.http.wire --  >> "Accept-Encoding: gzip,deflate[\r][\n]"
04:24:00.748 [main] DEBUG org.apache.http.wire --  >> "[\r][\n]"
04:24:00.748 [main] DEBUG org.apache.http.headers -- >> POST /api/products/11672/ratings HTTP/1.1
04:24:00.748 [main] DEBUG org.apache.http.headers -- >> Content-Type: application/json
04:24:00.748 [main] DEBUG org.apache.http.headers -- >> Accept: */*
04:24:00.748 [main] DEBUG org.apache.http.headers -- >> Content-Length: 0
04:24:00.748 [main] DEBUG org.apache.http.headers -- >> Host: altashop-api.fly.dev
04:24:00.748 [main] DEBUG org.apache.http.headers -- >> Connection: Keep-Alive
04:24:00.748 [main] DEBUG org.apache.http.headers -- >> User-Agent: Apache-HttpClient/4.5.13 (Java/17.0.8)
04:24:00.748 [main] DEBUG org.apache.http.headers -- >> Accept-Encoding: gzip,deflate
04:24:00.772 [main] DEBUG org.apache.http.wire --  << "HTTP/1.1 401 Unauthorized[\r][\n]"
04:24:00.772 [main] DEBUG org.apache.http.wire --  << "content-type: application/json[\r][\n]"
04:24:00.772 [main] DEBUG org.apache.http.wire --  << "date: Mon, 30 Oct 2023 21:24:02 GMT[\r][\n]"
04:24:00.772 [main] DEBUG org.apache.http.wire --  << "content-encoding: gzip[\r][\n]"
04:24:00.772 [main] DEBUG org.apache.http.wire --  << "transfer-encoding: chunked[\r][\n]"
04:24:00.772 [main] DEBUG org.apache.http.wire --  << "server: Fly/7328d5b5 (2023-10-27)[\r][\n]"
04:24:00.772 [main] DEBUG org.apache.http.wire --  << "via: 1.1 fly.io[\r][\n]"
04:24:00.772 [main] DEBUG org.apache.http.wire --  << "fly-request-id: 01HE17HRKRBDHCB2NDJQM98D0H-sin[\r][\n]"
04:24:00.772 [main] DEBUG org.apache.http.wire --  << "[\r][\n]"
04:24:00.772 [main] DEBUG org.apache.http.impl.conn.DefaultClientConnection -- Receiving response: HTTP/1.1 401 Unauthorized
04:24:00.772 [main] DEBUG org.apache.http.headers -- << HTTP/1.1 401 Unauthorized
04:24:00.772 [main] DEBUG org.apache.http.headers -- << content-type: application/json
04:24:00.772 [main] DEBUG org.apache.http.headers -- << date: Mon, 30 Oct 2023 21:24:02 GMT
04:24:00.772 [main] DEBUG org.apache.http.headers -- << content-encoding: gzip
04:24:00.772 [main] DEBUG org.apache.http.headers -- << transfer-encoding: chunked
04:24:00.772 [main] DEBUG org.apache.http.headers -- << server: Fly/7328d5b5 (2023-10-27)
04:24:00.772 [main] DEBUG org.apache.http.headers -- << via: 1.1 fly.io
04:24:00.772 [main] DEBUG org.apache.http.headers -- << fly-request-id: 01HE17HRKRBDHCB2NDJQM98D0H-sin
04:24:00.772 [main] DEBUG org.apache.http.impl.client.DefaultHttpClient -- Connection can be kept alive indefinitely
04:24:00.772 [main] DEBUG org.apache.http.impl.client.DefaultHttpClient -- Authentication required
04:24:00.772 [main] DEBUG org.apache.http.impl.client.DefaultHttpClient -- altashop-api.fly.dev:443 requested authentication
04:24:00.772 [main] DEBUG org.apache.http.impl.client.DefaultHttpClient -- Response contains no authentication challenges
04:24:00.772 [main] DEBUG io.restassured.internal.RestAssuredHttpBuilder -- Parsing response as: application/json
04:24:00.772 [main] DEBUG org.apache.http.wire --  << "2D[\r][\n]"
04:24:00.772 [main] DEBUG org.apache.http.wire --  << "[0x1f][0x8b][0x8][0x0][0x0][0x0][0x0][0x0][0x4][0xff][0xab]VJ-*[0xca]/R[0xb2]R*[0xcd]K,-[0xc9][0xc8]/[0xca][0xac]JMQ[0xaa][0xe5][0x2][0x0]@[0x17]da[0x19][0x0][0x0][0x0]"
04:24:00.772 [main] DEBUG org.apache.http.wire --  << "[\r][\n]"
04:24:00.773 [main] DEBUG org.apache.http.wire --  << "0[\r][\n]"
04:24:00.773 [main] DEBUG org.apache.http.wire --  << "[\r][\n]"
04:24:00.773 [main] DEBUG io.restassured.internal.RestAssuredHttpBuilder -- Parsed data to instance of: class org.apache.http.conn.EofSensorInputStream
04:24:00.773 [main] DEBUG org.apache.http.impl.conn.BasicClientConnectionManager -- Releasing connection org.apache.http.impl.conn.ManagedClientConnectionImpl@3d8c3d0a
04:24:00.773 [main] DEBUG org.apache.http.impl.conn.BasicClientConnectionManager -- Connection can be kept alive indefinitely
04:24:00.774 [main] DEBUG net.thucydides.core.steps.StepInterceptor -- STEP DONE: I POST HTTP request for give products ratings without setting token
  &amp#27;[32mWhen &amp#27;[0m&amp#27;[32mI POST HTTP request for give products ratings without setting token&amp#27;[0m               &amp#27;[90m# starter.stepdefinition.RatingsSteps.postHTTPRequestForGiveProductsRatingsWithoutSettingToken()&amp#27;[0m
04:24:00.776 [main] DEBUG net.thucydides.core.steps.StepInterceptor -- STARTING STEP: RatingsSteps.receiveResponseCode401ForGiveProductsRatingsWithoutSettingToken - I receive valid HTTP response 401 for give products ratings without setting token
04:24:00.776 [main] DEBUG net.thucydides.core.steps.StepInterceptor -- STEP DONE: I receive valid HTTP response 401 for give products ratings without setting token
  &amp#27;[32mThen &amp#27;[0m&amp#27;[32mI receive valid HTTP response 401 for give products ratings without setting token&amp#27;[0m &amp#27;[90m# starter.stepdefinition.RatingsSteps.receiveResponseCode401ForGiveProductsRatingsWithoutSettingToken()&amp#27;[0m
04:24:00.777 [main] INFO  -- 
  _____   ___   ___   _____     ___     _     ___   ___   ___   ___  
 |_   _| | __| / __| |_   _|   | _ \   /_\   / __| / __| | __| |   \ 
   | |   | _|  \__ \   | |     |  _/  / _ \  \__ \ \__ \ | _|  | |) |
   |_|   |___| |___/   |_|     |_|   /_/ \_\ |___/ |___/ |___| |___/ 

TC66 - Give product ratings without setting token
----------------------------------------------------------------------
]]></system-out>
  </testcase>
  <testcase name="TC68 - Give products ratings with unavailable" classname="[07_Automation] - Ratings" time="0.093">
    <system-out><![CDATA[
Scenario: TC68 - Give products ratings with unavailable                             &amp#27;[90m# src/test/resources/Ratings.feature:18&amp#27;[0m
04:24:00.781 [main] INFO io.cucumber.core.plugin.SerenityReporter -- Running feature from file:///D:/TaksAlterra/MiniProject/MiniProject_API/src/test/resources/Ratings.feature
04:24:00.781 [main] WARN io.cucumber.core.plugin.SerenityReporter -- Feature from file:///D:/TaksAlterra/MiniProject/MiniProject_API/src/test/resources/Ratings.feature is not under the 'features' directory. Requirements report will not be correctly generated!
04:24:00.782 [main] INFO  -- 
  _____   ___   ___   _____     ___   _____     _     ___   _____   ___   ___  
 |_   _| | __| / __| |_   _|   / __| |_   _|   /_\   | _ \ |_   _| | __| |   \ 
   | |   | _|  \__ \   | |     \__ \   | |    / _ \  |   /   | |   | _|  | |) |
   |_|   |___| |___/   |_|     |___/   |_|   /_/ \_\ |_|_\   |_|   |___| |___/ 

TC68 - Give products ratings with unavailable([07-automation]---ratings;tc68---give-products-ratings-with-unavailable)
--------------------------------------------------------------------------------
04:24:00.785 [main] DEBUG net.thucydides.core.steps.StepInterceptor -- STARTING STEP: RatingsSteps.postGiveProductsRatingsEndpoints4 - I POST give products ratings endpoints 4
04:24:00.785 [main] DEBUG net.thucydides.core.steps.StepInterceptor -- STEP DONE: I POST give products ratings endpoints 4
  &amp#27;[32mGiven &amp#27;[0m&amp#27;[32mI POST give products ratings endpoints 4&amp#27;[0m                                    &amp#27;[90m# starter.stepdefinition.RatingsSteps.postGiveProductsRatingsEndpoints4()&amp#27;[0m
04:24:00.786 [main] DEBUG net.thucydides.core.steps.StepInterceptor -- STARTING STEP: RatingsSteps.postHTTPRequestForGiveProductsRatingsWithUnavailable - I POST HTTP request for give products ratings with unavailable
04:24:00.787 [main] DEBUG net.thucydides.core.steps.StepInterceptor -- STARTING STEP: Ratings.postHTTPRequestForGiveProductsRatingsWithUnavailable - I POST give products ratings endpoints 4
04:24:00.787 [main] DEBUG net.thucydides.core.steps.StepInterceptor -- STEP DONE: I POST give products ratings endpoints 4
04:24:00.790 [main] DEBUG org.apache.http.impl.conn.BasicClientConnectionManager -- Get connection for route {s}->https://altashop-api.fly.dev:443
04:24:00.790 [main] DEBUG org.apache.http.impl.conn.DefaultClientConnectionOperator -- Connecting to altashop-api.fly.dev:443
04:24:00.841 [main] DEBUG org.apache.http.client.protocol.RequestAddCookies -- CookieSpec selected: ignoreCookies
04:24:00.841 [main] DEBUG org.apache.http.client.protocol.RequestAuthCache -- Auth cache not set in the context
04:24:00.841 [main] DEBUG org.apache.http.client.protocol.RequestProxyAuthentication -- Proxy auth state: UNCHALLENGED
04:24:00.841 [main] DEBUG org.apache.http.impl.client.DefaultHttpClient -- Attempt 1 to execute request
04:24:00.841 [main] DEBUG org.apache.http.impl.conn.DefaultClientConnection -- Sending request: POST /api/products/2/ratings HTTP/1.1
04:24:00.841 [main] DEBUG org.apache.http.wire --  >> "POST /api/products/2/ratings HTTP/1.1[\r][\n]"
04:24:00.841 [main] DEBUG org.apache.http.wire --  >> "Content-Type: application/json[\r][\n]"
04:24:00.841 [main] DEBUG org.apache.http.wire --  >> "Authorization: Bearer eyJhbGciOiJIUzI1NiIsInR5cCI6IkpXVCJ9.eyJGdWxsbmFtZSI6IldpeWFuIEhlcnJhIEhlcnZpYW5hIiwiRW1haWwiOiJ3aXlhbkBtYWlsLmNvbSJ9.NPXYoUbe7TJtZoFcbm-zZ2v4Arez-S9PaYhOwdAKxZI[\r][\n]"
04:24:00.841 [main] DEBUG org.apache.http.wire --  >> "Accept: */*[\r][\n]"
04:24:00.841 [main] DEBUG org.apache.http.wire --  >> "Content-Length: 0[\r][\n]"
04:24:00.841 [main] DEBUG org.apache.http.wire --  >> "Host: altashop-api.fly.dev[\r][\n]"
04:24:00.841 [main] DEBUG org.apache.http.wire --  >> "Connection: Keep-Alive[\r][\n]"
04:24:00.841 [main] DEBUG org.apache.http.wire --  >> "User-Agent: Apache-HttpClient/4.5.13 (Java/17.0.8)[\r][\n]"
04:24:00.841 [main] DEBUG org.apache.http.wire --  >> "Accept-Encoding: gzip,deflate[\r][\n]"
04:24:00.841 [main] DEBUG org.apache.http.wire --  >> "[\r][\n]"
04:24:00.841 [main] DEBUG org.apache.http.headers -- >> POST /api/products/2/ratings HTTP/1.1
04:24:00.841 [main] DEBUG org.apache.http.headers -- >> Content-Type: application/json
04:24:00.841 [main] DEBUG org.apache.http.headers -- >> Authorization: Bearer eyJhbGciOiJIUzI1NiIsInR5cCI6IkpXVCJ9.eyJGdWxsbmFtZSI6IldpeWFuIEhlcnJhIEhlcnZpYW5hIiwiRW1haWwiOiJ3aXlhbkBtYWlsLmNvbSJ9.NPXYoUbe7TJtZoFcbm-zZ2v4Arez-S9PaYhOwdAKxZI
04:24:00.841 [main] DEBUG org.apache.http.headers -- >> Accept: */*
04:24:00.841 [main] DEBUG org.apache.http.headers -- >> Content-Length: 0
04:24:00.841 [main] DEBUG org.apache.http.headers -- >> Host: altashop-api.fly.dev
04:24:00.841 [main] DEBUG org.apache.http.headers -- >> Connection: Keep-Alive
04:24:00.841 [main] DEBUG org.apache.http.headers -- >> User-Agent: Apache-HttpClient/4.5.13 (Java/17.0.8)
04:24:00.841 [main] DEBUG org.apache.http.headers -- >> Accept-Encoding: gzip,deflate
04:24:00.866 [main] DEBUG org.apache.http.wire --  << "HTTP/1.1 401 Unauthorized[\r][\n]"
04:24:00.866 [main] DEBUG org.apache.http.wire --  << "content-type: application/json[\r][\n]"
04:24:00.866 [main] DEBUG org.apache.http.wire --  << "date: Mon, 30 Oct 2023 21:24:02 GMT[\r][\n]"
04:24:00.866 [main] DEBUG org.apache.http.wire --  << "content-encoding: gzip[\r][\n]"
04:24:00.866 [main] DEBUG org.apache.http.wire --  << "transfer-encoding: chunked[\r][\n]"
04:24:00.866 [main] DEBUG org.apache.http.wire --  << "server: Fly/7328d5b5 (2023-10-27)[\r][\n]"
04:24:00.866 [main] DEBUG org.apache.http.wire --  << "via: 1.1 fly.io[\r][\n]"
04:24:00.866 [main] DEBUG org.apache.http.wire --  << "fly-request-id: 01HE17HRPM9K9Z1TVREF66HNEV-sin[\r][\n]"
04:24:00.866 [main] DEBUG org.apache.http.wire --  << "[\r][\n]"
04:24:00.866 [main] DEBUG org.apache.http.impl.conn.DefaultClientConnection -- Receiving response: HTTP/1.1 401 Unauthorized
04:24:00.866 [main] DEBUG org.apache.http.headers -- << HTTP/1.1 401 Unauthorized
04:24:00.866 [main] DEBUG org.apache.http.headers -- << content-type: application/json
04:24:00.866 [main] DEBUG org.apache.http.headers -- << date: Mon, 30 Oct 2023 21:24:02 GMT
04:24:00.867 [main] DEBUG org.apache.http.headers -- << content-encoding: gzip
04:24:00.867 [main] DEBUG org.apache.http.headers -- << transfer-encoding: chunked
04:24:00.867 [main] DEBUG org.apache.http.headers -- << server: Fly/7328d5b5 (2023-10-27)
04:24:00.867 [main] DEBUG org.apache.http.headers -- << via: 1.1 fly.io
04:24:00.867 [main] DEBUG org.apache.http.headers -- << fly-request-id: 01HE17HRPM9K9Z1TVREF66HNEV-sin
04:24:00.867 [main] DEBUG org.apache.http.impl.client.DefaultHttpClient -- Connection can be kept alive indefinitely
04:24:00.867 [main] DEBUG org.apache.http.impl.client.DefaultHttpClient -- Authentication required
04:24:00.867 [main] DEBUG org.apache.http.impl.client.DefaultHttpClient -- altashop-api.fly.dev:443 requested authentication
04:24:00.867 [main] DEBUG org.apache.http.impl.client.DefaultHttpClient -- Response contains no authentication challenges
04:24:00.867 [main] DEBUG io.restassured.internal.RestAssuredHttpBuilder -- Parsing response as: application/json
04:24:00.867 [main] DEBUG org.apache.http.wire --  << "31[\r][\n]"
04:24:00.867 [main] DEBUG org.apache.http.wire --  << "[0x1f][0x8b][0x8][0x0][0x0][0x0][0x0][0x0][0x4][0xff][0xab]VJ-*[0xca]/R[0xb2]R*JM[0xce]/JQ[0xc8][0xcb]/QH[0xcb]/[0xcd]KQ[0xaa][0xe5][0x2][0x0]6`[0x14][0x2][0x1d][0x0][0x0][0x0]"
04:24:00.867 [main] DEBUG org.apache.http.wire --  << "[\r][\n]"
04:24:00.867 [main] DEBUG org.apache.http.wire --  << "0[\r][\n]"
04:24:00.867 [main] DEBUG org.apache.http.wire --  << "[\r][\n]"
04:24:00.867 [main] DEBUG io.restassured.internal.RestAssuredHttpBuilder -- Parsed data to instance of: class org.apache.http.conn.EofSensorInputStream
04:24:00.867 [main] DEBUG org.apache.http.impl.conn.BasicClientConnectionManager -- Releasing connection org.apache.http.impl.conn.ManagedClientConnectionImpl@2762bd70
04:24:00.867 [main] DEBUG org.apache.http.impl.conn.BasicClientConnectionManager -- Connection can be kept alive indefinitely
04:24:00.869 [main] DEBUG net.thucydides.core.steps.StepInterceptor -- STEP DONE: I POST HTTP request for give products ratings with unavailable
  &amp#27;[32mWhen &amp#27;[0m&amp#27;[32mI POST HTTP request for give products ratings with unavailable&amp#27;[0m               &amp#27;[90m# starter.stepdefinition.RatingsSteps.postHTTPRequestForGiveProductsRatingsWithUnavailable()&amp#27;[0m
04:24:00.870 [main] DEBUG net.thucydides.core.steps.StepInterceptor -- STARTING STEP: RatingsSteps.receiveResponseCode401ForGiveProductsRatingsWithUnavailable - I receive valid HTTP response 401 for give products ratings with unavailable
04:24:00.870 [main] DEBUG net.thucydides.core.steps.StepInterceptor -- STEP DONE: I receive valid HTTP response 401 for give products ratings with unavailable
  &amp#27;[32mThen &amp#27;[0m&amp#27;[32mI receive valid HTTP response 401 for give products ratings with unavailable&amp#27;[0m &amp#27;[90m# starter.stepdefinition.RatingsSteps.receiveResponseCode401ForGiveProductsRatingsWithUnavailable()&amp#27;[0m
04:24:00.871 [main] INFO  -- 
  _____   ___   ___   _____     ___     _     ___   ___   ___   ___  
 |_   _| | __| / __| |_   _|   | _ \   /_\   / __| / __| | __| |   \ 
   | |   | _|  \__ \   | |     |  _/  / _ \  \__ \ \__ \ | _|  | |) |
   |_|   |___| |___/   |_|     |_|   /_/ \_\ |___/ |___/ |___| |___/ 

TC68 - Give products ratings with unavailable
----------------------------------------------------------------------
]]></system-out>
  </testcase>
  <testcase name="TC69 - Give products ratings with invalid HTTP method" classname="[07_Automation] - Ratings" time="0.099">
    <system-out><![CDATA[
Scenario: TC69 - Give products ratings with invalid HTTP method                             &amp#27;[90m# src/test/resources/Ratings.feature:23&amp#27;[0m
04:24:00.874 [main] INFO io.cucumber.core.plugin.SerenityReporter -- Running feature from file:///D:/TaksAlterra/MiniProject/MiniProject_API/src/test/resources/Ratings.feature
04:24:00.874 [main] WARN io.cucumber.core.plugin.SerenityReporter -- Feature from file:///D:/TaksAlterra/MiniProject/MiniProject_API/src/test/resources/Ratings.feature is not under the 'features' directory. Requirements report will not be correctly generated!
04:24:00.874 [main] INFO  -- 
  _____   ___   ___   _____     ___   _____     _     ___   _____   ___   ___  
 |_   _| | __| / __| |_   _|   / __| |_   _|   /_\   | _ \ |_   _| | __| |   \ 
   | |   | _|  \__ \   | |     \__ \   | |    / _ \  |   /   | |   | _|  | |) |
   |_|   |___| |___/   |_|     |___/   |_|   /_/ \_\ |_|_\   |_|   |___| |___/ 

TC69 - Give products ratings with invalid HTTP method([07-automation]---ratings;tc69---give-products-ratings-with-invalid-http-method)
--------------------------------------------------------------------------------
04:24:00.878 [main] DEBUG net.thucydides.core.steps.StepInterceptor -- STARTING STEP: RatingsSteps.putGiveProductsRatingsEndpoints - I set PUT give products ratings endpoints
04:24:00.878 [main] DEBUG net.thucydides.core.steps.StepInterceptor -- STEP DONE: I set PUT give products ratings endpoints
  &amp#27;[32mGiven &amp#27;[0m&amp#27;[32mI set PUT give products ratings endpoints&amp#27;[0m                                           &amp#27;[90m# starter.stepdefinition.RatingsSteps.putGiveProductsRatingsEndpoints()&amp#27;[0m
04:24:00.880 [main] DEBUG net.thucydides.core.steps.StepInterceptor -- STARTING STEP: RatingsSteps.sendHTTPRequestForGiveProductsRatingsWithInvalidHTTPMethod - I send HTTP request for give products ratings with invalid HTTP method
04:24:00.880 [main] DEBUG net.thucydides.core.steps.StepInterceptor -- STARTING STEP: Ratings.sendHTTPRequestForGiveProductsRatingsWithInvalidHTTPMethod - I set PUT give products ratings endpoints
04:24:00.880 [main] DEBUG net.thucydides.core.steps.StepInterceptor -- STEP DONE: I set PUT give products ratings endpoints
04:24:00.883 [main] DEBUG org.apache.http.impl.conn.BasicClientConnectionManager -- Get connection for route {s}->https://altashop-api.fly.dev:443
04:24:00.883 [main] DEBUG org.apache.http.impl.conn.DefaultClientConnectionOperator -- Connecting to altashop-api.fly.dev:443
04:24:00.942 [main] DEBUG org.apache.http.client.protocol.RequestAddCookies -- CookieSpec selected: ignoreCookies
04:24:00.942 [main] DEBUG org.apache.http.client.protocol.RequestAuthCache -- Auth cache not set in the context
04:24:00.942 [main] DEBUG org.apache.http.client.protocol.RequestTargetAuthentication -- Target auth state: UNCHALLENGED
04:24:00.942 [main] DEBUG org.apache.http.client.protocol.RequestProxyAuthentication -- Proxy auth state: UNCHALLENGED
04:24:00.942 [main] DEBUG org.apache.http.impl.client.DefaultHttpClient -- Attempt 1 to execute request
04:24:00.942 [main] DEBUG org.apache.http.impl.conn.DefaultClientConnection -- Sending request: PUT /api/products/11672/ratings HTTP/1.1
04:24:00.942 [main] DEBUG org.apache.http.wire --  >> "PUT /api/products/11672/ratings HTTP/1.1[\r][\n]"
04:24:00.942 [main] DEBUG org.apache.http.wire --  >> "Content-Type: application/json[\r][\n]"
04:24:00.942 [main] DEBUG org.apache.http.wire --  >> "Accept: */*[\r][\n]"
04:24:00.942 [main] DEBUG org.apache.http.wire --  >> "Content-Length: 0[\r][\n]"
04:24:00.942 [main] DEBUG org.apache.http.wire --  >> "Host: altashop-api.fly.dev[\r][\n]"
04:24:00.942 [main] DEBUG org.apache.http.wire --  >> "Connection: Keep-Alive[\r][\n]"
04:24:00.942 [main] DEBUG org.apache.http.wire --  >> "User-Agent: Apache-HttpClient/4.5.13 (Java/17.0.8)[\r][\n]"
04:24:00.942 [main] DEBUG org.apache.http.wire --  >> "Accept-Encoding: gzip,deflate[\r][\n]"
04:24:00.942 [main] DEBUG org.apache.http.wire --  >> "[\r][\n]"
04:24:00.942 [main] DEBUG org.apache.http.headers -- >> PUT /api/products/11672/ratings HTTP/1.1
04:24:00.942 [main] DEBUG org.apache.http.headers -- >> Content-Type: application/json
04:24:00.942 [main] DEBUG org.apache.http.headers -- >> Accept: */*
04:24:00.942 [main] DEBUG org.apache.http.headers -- >> Content-Length: 0
04:24:00.942 [main] DEBUG org.apache.http.headers -- >> Host: altashop-api.fly.dev
04:24:00.942 [main] DEBUG org.apache.http.headers -- >> Connection: Keep-Alive
04:24:00.942 [main] DEBUG org.apache.http.headers -- >> User-Agent: Apache-HttpClient/4.5.13 (Java/17.0.8)
04:24:00.942 [main] DEBUG org.apache.http.headers -- >> Accept-Encoding: gzip,deflate
04:24:00.966 [main] DEBUG org.apache.http.wire --  << "HTTP/1.1 405 Method Not Allowed[\r][\n]"
04:24:00.966 [main] DEBUG org.apache.http.wire --  << "date: Mon, 30 Oct 2023 21:24:02 GMT[\r][\n]"
04:24:00.966 [main] DEBUG org.apache.http.wire --  << "content-encoding: gzip[\r][\n]"
04:24:00.966 [main] DEBUG org.apache.http.wire --  << "content-type: text/plain; charset=utf-8[\r][\n]"
04:24:00.966 [main] DEBUG org.apache.http.wire --  << "transfer-encoding: chunked[\r][\n]"
04:24:00.966 [main] DEBUG org.apache.http.wire --  << "server: Fly/7328d5b5 (2023-10-27)[\r][\n]"
04:24:00.966 [main] DEBUG org.apache.http.wire --  << "via: 1.1 fly.io[\r][\n]"
04:24:00.966 [main] DEBUG org.apache.http.wire --  << "fly-request-id: 01HE17HRSTNQ44NWZN29QJSH2C-sin[\r][\n]"
04:24:00.966 [main] DEBUG org.apache.http.wire --  << "[\r][\n]"
04:24:00.966 [main] DEBUG org.apache.http.impl.conn.DefaultClientConnection -- Receiving response: HTTP/1.1 405 Method Not Allowed
04:24:00.966 [main] DEBUG org.apache.http.headers -- << HTTP/1.1 405 Method Not Allowed
04:24:00.966 [main] DEBUG org.apache.http.headers -- << date: Mon, 30 Oct 2023 21:24:02 GMT
04:24:00.966 [main] DEBUG org.apache.http.headers -- << content-encoding: gzip
04:24:00.966 [main] DEBUG org.apache.http.headers -- << content-type: text/plain; charset=utf-8
04:24:00.966 [main] DEBUG org.apache.http.headers -- << transfer-encoding: chunked
04:24:00.966 [main] DEBUG org.apache.http.headers -- << server: Fly/7328d5b5 (2023-10-27)
04:24:00.966 [main] DEBUG org.apache.http.headers -- << via: 1.1 fly.io
04:24:00.966 [main] DEBUG org.apache.http.headers -- << fly-request-id: 01HE17HRSTNQ44NWZN29QJSH2C-sin
04:24:00.966 [main] DEBUG org.apache.http.impl.client.DefaultHttpClient -- Connection can be kept alive indefinitely
04:24:00.966 [main] DEBUG io.restassured.internal.RestAssuredHttpBuilder -- Parsing response as: text/plain; charset=utf-8
04:24:00.966 [main] DEBUG org.apache.http.wire --  << "27[\r][\n]"
04:24:00.966 [main] DEBUG org.apache.http.wire --  << "[0x1f][0x8b][0x8][0x0][0x0][0x0][0x0][0x0][0x4][0xff][0xcb]M-[0xc9][0xc8]OQ[0xc8][0xcb]/QH[0xcc][0xc9][0xc9]/OM[0xe1][0x2][0x0][0xe5]Yf[0xfa][0x13][0x0][0x0][0x0]"
04:24:00.966 [main] DEBUG org.apache.http.wire --  << "[\r][\n]"
04:24:00.966 [main] DEBUG org.apache.http.wire --  << "0[\r][\n]"
04:24:00.966 [main] DEBUG org.apache.http.wire --  << "[\r][\n]"
04:24:00.966 [main] DEBUG io.restassured.internal.RestAssuredHttpBuilder -- Parsed data to instance of: class org.apache.http.conn.EofSensorInputStream
04:24:00.967 [main] DEBUG org.apache.http.impl.conn.BasicClientConnectionManager -- Releasing connection org.apache.http.impl.conn.ManagedClientConnectionImpl@6f8c6694
04:24:00.967 [main] DEBUG org.apache.http.impl.conn.BasicClientConnectionManager -- Connection can be kept alive indefinitely
04:24:00.967 [main] DEBUG net.thucydides.core.steps.StepInterceptor -- STEP DONE: I send HTTP request for give products ratings with invalid HTTP method
  &amp#27;[32mWhen &amp#27;[0m&amp#27;[32mI send HTTP request for give products ratings with invalid HTTP method&amp#27;[0m               &amp#27;[90m# starter.stepdefinition.RatingsSteps.sendHTTPRequestForGiveProductsRatingsWithInvalidHTTPMethod()&amp#27;[0m
04:24:00.969 [main] DEBUG net.thucydides.core.steps.StepInterceptor -- STARTING STEP: RatingsSteps.receiveResponseCode405ForGiveProductsRatingsWithInvalidHTTPMethod - I receive valid HTTP response 405 for give products ratings with invalid HTTP method
04:24:00.969 [main] DEBUG net.thucydides.core.steps.StepInterceptor -- STEP DONE: I receive valid HTTP response 405 for give products ratings with invalid HTTP method
  &amp#27;[32mThen &amp#27;[0m&amp#27;[32mI receive valid HTTP response 405 for give products ratings with invalid HTTP method&amp#27;[0m &amp#27;[90m# starter.stepdefinition.RatingsSteps.receiveResponseCode405ForGiveProductsRatingsWithInvalidHTTPMethod()&amp#27;[0m
04:24:00.970 [main] INFO  -- 
  _____   ___   ___   _____     ___     _     ___   ___   ___   ___  
 |_   _| | __| / __| |_   _|   | _ \   /_\   / __| / __| | __| |   \ 
   | |   | _|  \__ \   | |     |  _/  / _ \  \__ \ \__ \ | _|  | |) |
   |_|   |___| |___/   |_|     |_|   /_/ \_\ |___/ |___/ |___| |___/ 

TC69 - Give products ratings with invalid HTTP method
----------------------------------------------------------------------
]]></system-out>
  </testcase>
  <testcase name="TC70 - Get products ratings" classname="[07_Automation] - Ratings" time="0.094">
    <system-out><![CDATA[
Scenario: TC70 - Get products ratings                             &amp#27;[90m# src/test/resources/Ratings.feature:28&amp#27;[0m
04:24:00.976 [Finalizer] DEBUG org.apache.http.impl.conn.DefaultClientConnection -- Connection 0.0.0.0:54234<->149.248.193.56:443 closed
04:24:00.976 [main] INFO io.cucumber.core.plugin.SerenityReporter -- Running feature from file:///D:/TaksAlterra/MiniProject/MiniProject_API/src/test/resources/Ratings.feature
04:24:00.976 [main] WARN io.cucumber.core.plugin.SerenityReporter -- Feature from file:///D:/TaksAlterra/MiniProject/MiniProject_API/src/test/resources/Ratings.feature is not under the 'features' directory. Requirements report will not be correctly generated!
04:24:00.977 [Finalizer] DEBUG org.apache.http.impl.conn.DefaultClientConnection -- Connection 0.0.0.0:54235<->149.248.193.56:443 closed
04:24:00.977 [Finalizer] DEBUG org.apache.http.impl.conn.DefaultClientConnection -- Connection 0.0.0.0:54236<->149.248.193.56:443 closed
04:24:00.977 [Finalizer] DEBUG org.apache.http.impl.conn.DefaultClientConnection -- Connection 0.0.0.0:54231<->149.248.193.56:443 closed
04:24:00.977 [Finalizer] DEBUG org.apache.http.impl.conn.DefaultClientConnection -- Connection 0.0.0.0:54232<->149.248.193.56:443 closed
04:24:00.977 [Finalizer] DEBUG org.apache.http.impl.conn.DefaultClientConnection -- Connection 0.0.0.0:54233<->149.248.193.56:443 closed
04:24:00.977 [Finalizer] DEBUG org.apache.http.impl.conn.DefaultClientConnection -- Connection 0.0.0.0:54229<->149.248.193.56:443 closed
04:24:00.978 [Finalizer] DEBUG org.apache.http.impl.conn.DefaultClientConnection -- Connection 0.0.0.0:54230<->149.248.193.56:443 closed
04:24:00.978 [main] INFO  -- 
  _____   ___   ___   _____     ___   _____     _     ___   _____   ___   ___  
 |_   _| | __| / __| |_   _|   / __| |_   _|   /_\   | _ \ |_   _| | __| |   \ 
   | |   | _|  \__ \   | |     \__ \   | |    / _ \  |   /   | |   | _|  | |) |
   |_|   |___| |___/   |_|     |___/   |_|   /_/ \_\ |_|_\   |_|   |___| |___/ 

TC70 - Get products ratings([07-automation]---ratings;tc70---get-products-ratings)
--------------------------------------------------------------------------------
04:24:00.981 [main] DEBUG net.thucydides.core.steps.StepInterceptor -- STARTING STEP: RatingsSteps.getProductsRatingsEndpoints - I GET products ratings endpoints
04:24:00.981 [main] DEBUG net.thucydides.core.steps.StepInterceptor -- STEP DONE: I GET products ratings endpoints
  &amp#27;[32mGiven &amp#27;[0m&amp#27;[32mI GET products ratings endpoints&amp#27;[0m                          &amp#27;[90m# starter.stepdefinition.RatingsSteps.getProductsRatingsEndpoints()&amp#27;[0m
04:24:00.982 [main] DEBUG net.thucydides.core.steps.StepInterceptor -- STARTING STEP: RatingsSteps.getHTTPRequestForProductsRatings - I GET HTTP request for products ratings
04:24:00.982 [main] DEBUG net.thucydides.core.steps.StepInterceptor -- STARTING STEP: Ratings.getHTTPRequestForProductsRatings - I GET products ratings endpoints
04:24:00.982 [main] DEBUG net.thucydides.core.steps.StepInterceptor -- STEP DONE: I GET products ratings endpoints
04:24:00.985 [main] DEBUG org.apache.http.impl.conn.BasicClientConnectionManager -- Get connection for route {s}->https://altashop-api.fly.dev:443
04:24:00.985 [main] DEBUG org.apache.http.impl.conn.DefaultClientConnectionOperator -- Connecting to altashop-api.fly.dev:443
04:24:01.034 [main] DEBUG org.apache.http.client.protocol.RequestAddCookies -- CookieSpec selected: ignoreCookies
04:24:01.034 [main] DEBUG org.apache.http.client.protocol.RequestAuthCache -- Auth cache not set in the context
04:24:01.034 [main] DEBUG org.apache.http.client.protocol.RequestProxyAuthentication -- Proxy auth state: UNCHALLENGED
04:24:01.034 [main] DEBUG org.apache.http.impl.client.DefaultHttpClient -- Attempt 1 to execute request
04:24:01.034 [main] DEBUG org.apache.http.impl.conn.DefaultClientConnection -- Sending request: GET /api/products/11672/ratings HTTP/1.1
04:24:01.034 [main] DEBUG org.apache.http.wire --  >> "GET /api/products/11672/ratings HTTP/1.1[\r][\n]"
04:24:01.034 [main] DEBUG org.apache.http.wire --  >> "Authorization: Bearer eyJhbGciOiJIUzI1NiIsInR5cCI6IkpXVCJ9.eyJGdWxsbmFtZSI6IldpeWFuIEhlcnJhIEhlcnZpYW5hIiwiRW1haWwiOiJ3aXlhbkBtYWlsLmNvbSJ9.NPXYoUbe7TJtZoFcbm-zZ2v4Arez-S9PaYhOwdAKxZI[\r][\n]"
04:24:01.034 [main] DEBUG org.apache.http.wire --  >> "Accept: */*[\r][\n]"
04:24:01.034 [main] DEBUG org.apache.http.wire --  >> "Host: altashop-api.fly.dev[\r][\n]"
04:24:01.034 [main] DEBUG org.apache.http.wire --  >> "Connection: Keep-Alive[\r][\n]"
04:24:01.034 [main] DEBUG org.apache.http.wire --  >> "User-Agent: Apache-HttpClient/4.5.13 (Java/17.0.8)[\r][\n]"
04:24:01.034 [main] DEBUG org.apache.http.wire --  >> "Accept-Encoding: gzip,deflate[\r][\n]"
04:24:01.034 [main] DEBUG org.apache.http.wire --  >> "[\r][\n]"
04:24:01.034 [main] DEBUG org.apache.http.headers -- >> GET /api/products/11672/ratings HTTP/1.1
04:24:01.034 [main] DEBUG org.apache.http.headers -- >> Authorization: Bearer eyJhbGciOiJIUzI1NiIsInR5cCI6IkpXVCJ9.eyJGdWxsbmFtZSI6IldpeWFuIEhlcnJhIEhlcnZpYW5hIiwiRW1haWwiOiJ3aXlhbkBtYWlsLmNvbSJ9.NPXYoUbe7TJtZoFcbm-zZ2v4Arez-S9PaYhOwdAKxZI
04:24:01.034 [main] DEBUG org.apache.http.headers -- >> Accept: */*
04:24:01.034 [main] DEBUG org.apache.http.headers -- >> Host: altashop-api.fly.dev
04:24:01.034 [main] DEBUG org.apache.http.headers -- >> Connection: Keep-Alive
04:24:01.034 [main] DEBUG org.apache.http.headers -- >> User-Agent: Apache-HttpClient/4.5.13 (Java/17.0.8)
04:24:01.034 [main] DEBUG org.apache.http.headers -- >> Accept-Encoding: gzip,deflate
04:24:01.060 [main] DEBUG org.apache.http.wire --  << "HTTP/1.1 200 OK[\r][\n]"
04:24:01.060 [main] DEBUG org.apache.http.wire --  << "content-type: application/json[\r][\n]"
04:24:01.060 [main] DEBUG org.apache.http.wire --  << "date: Mon, 30 Oct 2023 21:24:02 GMT[\r][\n]"
04:24:01.060 [main] DEBUG org.apache.http.wire --  << "content-encoding: gzip[\r][\n]"
04:24:01.060 [main] DEBUG org.apache.http.wire --  << "transfer-encoding: chunked[\r][\n]"
04:24:01.060 [main] DEBUG org.apache.http.wire --  << "server: Fly/7328d5b5 (2023-10-27)[\r][\n]"
04:24:01.060 [main] DEBUG org.apache.http.wire --  << "via: 1.1 fly.io[\r][\n]"
04:24:01.060 [main] DEBUG org.apache.http.wire --  << "fly-request-id: 01HE17HRWP55GWSJNTJFYM7BA7-sin[\r][\n]"
04:24:01.060 [main] DEBUG org.apache.http.wire --  << "[\r][\n]"
04:24:01.060 [main] DEBUG org.apache.http.impl.conn.DefaultClientConnection -- Receiving response: HTTP/1.1 200 OK
04:24:01.060 [main] DEBUG org.apache.http.headers -- << HTTP/1.1 200 OK
04:24:01.060 [main] DEBUG org.apache.http.headers -- << content-type: application/json
04:24:01.060 [main] DEBUG org.apache.http.headers -- << date: Mon, 30 Oct 2023 21:24:02 GMT
04:24:01.060 [main] DEBUG org.apache.http.headers -- << content-encoding: gzip
04:24:01.060 [main] DEBUG org.apache.http.headers -- << transfer-encoding: chunked
04:24:01.060 [main] DEBUG org.apache.http.headers -- << server: Fly/7328d5b5 (2023-10-27)
04:24:01.060 [main] DEBUG org.apache.http.headers -- << via: 1.1 fly.io
04:24:01.060 [main] DEBUG org.apache.http.headers -- << fly-request-id: 01HE17HRWP55GWSJNTJFYM7BA7-sin
04:24:01.060 [main] DEBUG org.apache.http.impl.client.DefaultHttpClient -- Connection can be kept alive indefinitely
04:24:01.060 [main] DEBUG io.restassured.internal.RestAssuredHttpBuilder -- Parsing response as: application/json
04:24:01.060 [main] DEBUG org.apache.http.wire --  << "1F[\r][\n]"
04:24:01.060 [main] DEBUG org.apache.http.wire --  << "[0x1f][0x8b][0x8][0x0][0x0][0x0][0x0][0x0][0x4][0xff][0xab]VJI,IT[0xb2]2[0xa8][0xe5][0x2][0x0]h[0x80][0xd5]A[0xb][0x0][0x0][0x0]"
04:24:01.060 [main] DEBUG org.apache.http.wire --  << "[\r][\n]"
04:24:01.060 [main] DEBUG org.apache.http.wire --  << "0[\r][\n]"
04:24:01.060 [main] DEBUG org.apache.http.wire --  << "[\r][\n]"
04:24:01.060 [main] DEBUG io.restassured.internal.RestAssuredHttpBuilder -- Parsed data to instance of: class org.apache.http.conn.EofSensorInputStream
04:24:01.061 [main] DEBUG org.apache.http.impl.conn.BasicClientConnectionManager -- Releasing connection org.apache.http.impl.conn.ManagedClientConnectionImpl@68c9cf93
04:24:01.061 [main] DEBUG org.apache.http.impl.conn.BasicClientConnectionManager -- Connection can be kept alive indefinitely
04:24:01.061 [main] DEBUG net.thucydides.core.steps.StepInterceptor -- STEP DONE: I GET HTTP request for products ratings
  &amp#27;[32mWhen &amp#27;[0m&amp#27;[32mI GET HTTP request for products ratings&amp#27;[0m                    &amp#27;[90m# starter.stepdefinition.RatingsSteps.getHTTPRequestForProductsRatings()&amp#27;[0m
04:24:01.063 [main] DEBUG net.thucydides.core.steps.StepInterceptor -- STARTING STEP: RatingsSteps.receiveResponseCode200ForProductsRatings - I receive valid HTTP response 200 for get products ratings
04:24:01.063 [main] DEBUG net.thucydides.core.steps.StepInterceptor -- STEP DONE: I receive valid HTTP response 200 for get products ratings
  &amp#27;[32mThen &amp#27;[0m&amp#27;[32mI receive valid HTTP response 200 for get products ratings&amp#27;[0m &amp#27;[90m# starter.stepdefinition.RatingsSteps.receiveResponseCode200ForProductsRatings()&amp#27;[0m
04:24:01.064 [main] INFO  -- 
  _____   ___   ___   _____     ___     _     ___   ___   ___   ___  
 |_   _| | __| / __| |_   _|   | _ \   /_\   / __| / __| | __| |   \ 
   | |   | _|  \__ \   | |     |  _/  / _ \  \__ \ \__ \ | _|  | |) |
   |_|   |___| |___/   |_|     |_|   /_/ \_\ |___/ |___/ |___| |___/ 

TC70 - Get products ratings
----------------------------------------------------------------------
]]></system-out>
  </testcase>
  <testcase name="TC71 - Get product rating using invalid product ID with character symbols" classname="[07_Automation] - Ratings" time="0.091">
    <system-out><![CDATA[
Scenario: TC71 - Get product rating using invalid product ID with character symbols                               &amp#27;[90m# src/test/resources/Ratings.feature:33&amp#27;[0m
04:24:01.067 [main] INFO io.cucumber.core.plugin.SerenityReporter -- Running feature from file:///D:/TaksAlterra/MiniProject/MiniProject_API/src/test/resources/Ratings.feature
04:24:01.067 [main] WARN io.cucumber.core.plugin.SerenityReporter -- Feature from file:///D:/TaksAlterra/MiniProject/MiniProject_API/src/test/resources/Ratings.feature is not under the 'features' directory. Requirements report will not be correctly generated!
04:24:01.068 [main] INFO  -- 
  _____   ___   ___   _____     ___   _____     _     ___   _____   ___   ___  
 |_   _| | __| / __| |_   _|   / __| |_   _|   /_\   | _ \ |_   _| | __| |   \ 
   | |   | _|  \__ \   | |     \__ \   | |    / _ \  |   /   | |   | _|  | |) |
   |_|   |___| |___/   |_|     |___/   |_|   /_/ \_\ |_|_\   |_|   |___| |___/ 

TC71 - Get product rating using invalid product ID with character symbols([07-automation]---ratings;tc71---get-product-rating-using-invalid-product-id-with-character-symbols)
--------------------------------------------------------------------------------
04:24:01.071 [main] DEBUG net.thucydides.core.steps.StepInterceptor -- STARTING STEP: RatingsSteps.getProductsRatingsEndpointsByID - I GET products ratings endpoints by ID
04:24:01.071 [main] DEBUG net.thucydides.core.steps.StepInterceptor -- STEP DONE: I GET products ratings endpoints by ID
  &amp#27;[32mGiven &amp#27;[0m&amp#27;[32mI GET products ratings endpoints by ID&amp#27;[0m                                                                    &amp#27;[90m# starter.stepdefinition.RatingsSteps.getProductsRatingsEndpointsByID()&amp#27;[0m
04:24:01.072 [main] DEBUG net.thucydides.core.steps.StepInterceptor -- STARTING STEP: RatingsSteps.getHTTPRequestForProductsRatingsUsingInvalidProductsIDWithCharacterSymbols - I GET HTTP request for products ratings using invalid products ID with character symbols
04:24:01.073 [main] DEBUG net.thucydides.core.steps.StepInterceptor -- STARTING STEP: Ratings.getHTTPRequestForProductsRatingsUsingInvalidProductsIDWithCharacterSymbols - I GET products ratings endpoints by ID
04:24:01.073 [main] DEBUG net.thucydides.core.steps.StepInterceptor -- STEP DONE: I GET products ratings endpoints by ID
04:24:01.076 [main] DEBUG org.apache.http.impl.conn.BasicClientConnectionManager -- Get connection for route {s}->https://altashop-api.fly.dev:443
04:24:01.076 [main] DEBUG org.apache.http.impl.conn.DefaultClientConnectionOperator -- Connecting to altashop-api.fly.dev:443
04:24:01.127 [main] DEBUG org.apache.http.client.protocol.RequestAddCookies -- CookieSpec selected: ignoreCookies
04:24:01.127 [main] DEBUG org.apache.http.client.protocol.RequestAuthCache -- Auth cache not set in the context
04:24:01.127 [main] DEBUG org.apache.http.client.protocol.RequestProxyAuthentication -- Proxy auth state: UNCHALLENGED
04:24:01.127 [main] DEBUG org.apache.http.impl.client.DefaultHttpClient -- Attempt 1 to execute request
04:24:01.127 [main] DEBUG org.apache.http.impl.conn.DefaultClientConnection -- Sending request: GET /api/products/-11672/ratings HTTP/1.1
04:24:01.127 [main] DEBUG org.apache.http.wire --  >> "GET /api/products/-11672/ratings HTTP/1.1[\r][\n]"
04:24:01.127 [main] DEBUG org.apache.http.wire --  >> "Authorization: Bearer eyJhbGciOiJIUzI1NiIsInR5cCI6IkpXVCJ9.eyJGdWxsbmFtZSI6IldpeWFuIEhlcnJhIEhlcnZpYW5hIiwiRW1haWwiOiJ3aXlhbkBtYWlsLmNvbSJ9.NPXYoUbe7TJtZoFcbm-zZ2v4Arez-S9PaYhOwdAKxZI[\r][\n]"
04:24:01.127 [main] DEBUG org.apache.http.wire --  >> "Accept: */*[\r][\n]"
04:24:01.127 [main] DEBUG org.apache.http.wire --  >> "Host: altashop-api.fly.dev[\r][\n]"
04:24:01.127 [main] DEBUG org.apache.http.wire --  >> "Connection: Keep-Alive[\r][\n]"
04:24:01.127 [main] DEBUG org.apache.http.wire --  >> "User-Agent: Apache-HttpClient/4.5.13 (Java/17.0.8)[\r][\n]"
04:24:01.127 [main] DEBUG org.apache.http.wire --  >> "Accept-Encoding: gzip,deflate[\r][\n]"
04:24:01.127 [main] DEBUG org.apache.http.wire --  >> "[\r][\n]"
04:24:01.127 [main] DEBUG org.apache.http.headers -- >> GET /api/products/-11672/ratings HTTP/1.1
04:24:01.127 [main] DEBUG org.apache.http.headers -- >> Authorization: Bearer eyJhbGciOiJIUzI1NiIsInR5cCI6IkpXVCJ9.eyJGdWxsbmFtZSI6IldpeWFuIEhlcnJhIEhlcnZpYW5hIiwiRW1haWwiOiJ3aXlhbkBtYWlsLmNvbSJ9.NPXYoUbe7TJtZoFcbm-zZ2v4Arez-S9PaYhOwdAKxZI
04:24:01.127 [main] DEBUG org.apache.http.headers -- >> Accept: */*
04:24:01.127 [main] DEBUG org.apache.http.headers -- >> Host: altashop-api.fly.dev
04:24:01.127 [main] DEBUG org.apache.http.headers -- >> Connection: Keep-Alive
04:24:01.127 [main] DEBUG org.apache.http.headers -- >> User-Agent: Apache-HttpClient/4.5.13 (Java/17.0.8)
04:24:01.127 [main] DEBUG org.apache.http.headers -- >> Accept-Encoding: gzip,deflate
04:24:01.151 [main] DEBUG org.apache.http.wire --  << "HTTP/1.1 500 Internal Server Error[\r][\n]"
04:24:01.151 [main] DEBUG org.apache.http.wire --  << "content-type: application/json[\r][\n]"
04:24:01.151 [main] DEBUG org.apache.http.wire --  << "date: Mon, 30 Oct 2023 21:24:02 GMT[\r][\n]"
04:24:01.151 [main] DEBUG org.apache.http.wire --  << "content-encoding: gzip[\r][\n]"
04:24:01.151 [main] DEBUG org.apache.http.wire --  << "transfer-encoding: chunked[\r][\n]"
04:24:01.151 [main] DEBUG org.apache.http.wire --  << "server: Fly/7328d5b5 (2023-10-27)[\r][\n]"
04:24:01.151 [main] DEBUG org.apache.http.wire --  << "via: 1.1 fly.io[\r][\n]"
04:24:01.151 [main] DEBUG org.apache.http.wire --  << "fly-request-id: 01HE17HRZKTQR8407AF89RZP1R-sin[\r][\n]"
04:24:01.151 [main] DEBUG org.apache.http.wire --  << "[\r][\n]"
04:24:01.151 [main] DEBUG org.apache.http.impl.conn.DefaultClientConnection -- Receiving response: HTTP/1.1 500 Internal Server Error
04:24:01.151 [main] DEBUG org.apache.http.headers -- << HTTP/1.1 500 Internal Server Error
04:24:01.151 [main] DEBUG org.apache.http.headers -- << content-type: application/json
04:24:01.151 [main] DEBUG org.apache.http.headers -- << date: Mon, 30 Oct 2023 21:24:02 GMT
04:24:01.151 [main] DEBUG org.apache.http.headers -- << content-encoding: gzip
04:24:01.151 [main] DEBUG org.apache.http.headers -- << transfer-encoding: chunked
04:24:01.151 [main] DEBUG org.apache.http.headers -- << server: Fly/7328d5b5 (2023-10-27)
04:24:01.151 [main] DEBUG org.apache.http.headers -- << via: 1.1 fly.io
04:24:01.151 [main] DEBUG org.apache.http.headers -- << fly-request-id: 01HE17HRZKTQR8407AF89RZP1R-sin
04:24:01.152 [main] DEBUG org.apache.http.impl.client.DefaultHttpClient -- Connection can be kept alive indefinitely
04:24:01.152 [main] DEBUG io.restassured.internal.RestAssuredHttpBuilder -- Parsing response as: application/json
04:24:01.152 [main] DEBUG org.apache.http.wire --  << "5C[\r][\n]"
04:24:01.152 [main] DEBUG org.apache.http.wire --  << "[0x1f][0x8b][0x8][0x0][0x0][0x0][0x0][0x0][0x4][0xff][0xab]VJ-*[0xca]/R[0xb2]R2[0xb4]01137110767[0xb0]45[0xb6][0xb4]41Q[0xc8],VH/JM,I-R([0xc9]H[0xcc]S[0xc8]M[0xac][0xc8][0xcc]-[0xcd]U(K[0xcc])MUH[0xcb]/R[0xf0][0xcc]+1Q[0xaa][0xe5][0x2][0x0][0xbe][0xee]j*H[0x0][0x0][0x0]"
04:24:01.152 [main] DEBUG org.apache.http.wire --  << "[\r][\n]"
04:24:01.152 [main] DEBUG org.apache.http.wire --  << "0[\r][\n]"
04:24:01.152 [main] DEBUG org.apache.http.wire --  << "[\r][\n]"
04:24:01.152 [main] DEBUG io.restassured.internal.RestAssuredHttpBuilder -- Parsed data to instance of: class org.apache.http.conn.EofSensorInputStream
04:24:01.153 [main] DEBUG org.apache.http.impl.conn.BasicClientConnectionManager -- Releasing connection org.apache.http.impl.conn.ManagedClientConnectionImpl@1f9af742
04:24:01.153 [main] DEBUG org.apache.http.impl.conn.BasicClientConnectionManager -- Connection can be kept alive indefinitely
04:24:01.153 [main] DEBUG net.thucydides.core.steps.StepInterceptor -- STEP DONE: I GET HTTP request for products ratings using invalid products ID with character symbols
  &amp#27;[32mWhen &amp#27;[0m&amp#27;[32mI GET HTTP request for products ratings using invalid products ID with character symbols&amp#27;[0m                   &amp#27;[90m# starter.stepdefinition.RatingsSteps.getHTTPRequestForProductsRatingsUsingInvalidProductsIDWithCharacterSymbols()&amp#27;[0m
04:24:01.154 [main] DEBUG net.thucydides.core.steps.StepInterceptor -- STARTING STEP: RatingsSteps.receiveResponseCode500ForProductsRatingsUsingInvalidProductsIDWithCharacterSymbols - I receive valid HTTP response 500 for get products ratings using invalid product ID with character symbols
04:24:01.154 [main] DEBUG net.thucydides.core.steps.StepInterceptor -- STEP DONE: I receive valid HTTP response 500 for get products ratings using invalid product ID with character symbols
  &amp#27;[32mThen &amp#27;[0m&amp#27;[32mI receive valid HTTP response 500 for get products ratings using invalid product ID with character symbols&amp#27;[0m &amp#27;[90m# starter.stepdefinition.RatingsSteps.receiveResponseCode500ForProductsRatingsUsingInvalidProductsIDWithCharacterSymbols()&amp#27;[0m
04:24:01.155 [main] INFO  -- 
  _____   ___   ___   _____     ___     _     ___   ___   ___   ___  
 |_   _| | __| / __| |_   _|   | _ \   /_\   / __| / __| | __| |   \ 
   | |   | _|  \__ \   | |     |  _/  / _ \  \__ \ \__ \ | _|  | |) |
   |_|   |___| |___/   |_|     |_|   /_/ \_\ |___/ |___/ |___| |___/ 

TC71 - Get product rating using invalid product ID with character symbols
----------------------------------------------------------------------
]]></system-out>
  </testcase>
  <testcase name="TC72 - Get product rating using invalid product id with character alphabet" classname="[07_Automation] - Ratings" time="0.088">
    <system-out><![CDATA[
Scenario: TC72 - Get product rating using invalid product id with character alphabet                               &amp#27;[90m# src/test/resources/Ratings.feature:38&amp#27;[0m
04:24:01.159 [main] INFO io.cucumber.core.plugin.SerenityReporter -- Running feature from file:///D:/TaksAlterra/MiniProject/MiniProject_API/src/test/resources/Ratings.feature
04:24:01.159 [main] WARN io.cucumber.core.plugin.SerenityReporter -- Feature from file:///D:/TaksAlterra/MiniProject/MiniProject_API/src/test/resources/Ratings.feature is not under the 'features' directory. Requirements report will not be correctly generated!
04:24:01.159 [main] INFO  -- 
  _____   ___   ___   _____     ___   _____     _     ___   _____   ___   ___  
 |_   _| | __| / __| |_   _|   / __| |_   _|   /_\   | _ \ |_   _| | __| |   \ 
   | |   | _|  \__ \   | |     \__ \   | |    / _ \  |   /   | |   | _|  | |) |
   |_|   |___| |___/   |_|     |___/   |_|   /_/ \_\ |_|_\   |_|   |___| |___/ 

TC72 - Get product rating using invalid product id with character alphabet([07-automation]---ratings;tc72---get-product-rating-using-invalid-product-id-with-character-alphabet)
--------------------------------------------------------------------------------
04:24:01.163 [main] DEBUG net.thucydides.core.steps.StepInterceptor -- STARTING STEP: RatingsSteps.getProductsRatingsEndpointsByID2 - I GET products ratings endpoints by ID 2
04:24:01.163 [main] DEBUG net.thucydides.core.steps.StepInterceptor -- STEP DONE: I GET products ratings endpoints by ID 2
  &amp#27;[32mGiven &amp#27;[0m&amp#27;[32mI GET products ratings endpoints by ID 2&amp#27;[0m                                                                   &amp#27;[90m# starter.stepdefinition.RatingsSteps.getProductsRatingsEndpointsByID2()&amp#27;[0m
04:24:01.165 [main] DEBUG net.thucydides.core.steps.StepInterceptor -- STARTING STEP: RatingsSteps.getHTTPRequestForProductsRatingsUsingInvalidProductsIDWithCharacterAlphabet - I GET HTTP request for products ratings using invalid products ID with character alphabet
04:24:01.165 [main] DEBUG net.thucydides.core.steps.StepInterceptor -- STARTING STEP: Ratings.getHTTPRequestForProductsRatingsUsingInvalidProductsIDWithCharacterAlphabet - I GET products ratings endpoints by ID 2
04:24:01.165 [main] DEBUG net.thucydides.core.steps.StepInterceptor -- STEP DONE: I GET products ratings endpoints by ID 2
04:24:01.168 [main] DEBUG org.apache.http.impl.conn.BasicClientConnectionManager -- Get connection for route {s}->https://altashop-api.fly.dev:443
04:24:01.168 [main] DEBUG org.apache.http.impl.conn.DefaultClientConnectionOperator -- Connecting to altashop-api.fly.dev:443
04:24:01.215 [main] DEBUG org.apache.http.client.protocol.RequestAddCookies -- CookieSpec selected: ignoreCookies
04:24:01.215 [main] DEBUG org.apache.http.client.protocol.RequestAuthCache -- Auth cache not set in the context
04:24:01.215 [main] DEBUG org.apache.http.client.protocol.RequestProxyAuthentication -- Proxy auth state: UNCHALLENGED
04:24:01.215 [main] DEBUG org.apache.http.impl.client.DefaultHttpClient -- Attempt 1 to execute request
04:24:01.215 [main] DEBUG org.apache.http.impl.conn.DefaultClientConnection -- Sending request: GET /api/products/satu/ratings HTTP/1.1
04:24:01.215 [main] DEBUG org.apache.http.wire --  >> "GET /api/products/satu/ratings HTTP/1.1[\r][\n]"
04:24:01.215 [main] DEBUG org.apache.http.wire --  >> "Authorization: Bearer eyJhbGciOiJIUzI1NiIsInR5cCI6IkpXVCJ9.eyJGdWxsbmFtZSI6IldpeWFuIEhlcnJhIEhlcnZpYW5hIiwiRW1haWwiOiJ3aXlhbkBtYWlsLmNvbSJ9.NPXYoUbe7TJtZoFcbm-zZ2v4Arez-S9PaYhOwdAKxZI[\r][\n]"
04:24:01.215 [main] DEBUG org.apache.http.wire --  >> "Accept: */*[\r][\n]"
04:24:01.215 [main] DEBUG org.apache.http.wire --  >> "Host: altashop-api.fly.dev[\r][\n]"
04:24:01.215 [main] DEBUG org.apache.http.wire --  >> "Connection: Keep-Alive[\r][\n]"
04:24:01.215 [main] DEBUG org.apache.http.wire --  >> "User-Agent: Apache-HttpClient/4.5.13 (Java/17.0.8)[\r][\n]"
04:24:01.215 [main] DEBUG org.apache.http.wire --  >> "Accept-Encoding: gzip,deflate[\r][\n]"
04:24:01.215 [main] DEBUG org.apache.http.wire --  >> "[\r][\n]"
04:24:01.215 [main] DEBUG org.apache.http.headers -- >> GET /api/products/satu/ratings HTTP/1.1
04:24:01.215 [main] DEBUG org.apache.http.headers -- >> Authorization: Bearer eyJhbGciOiJIUzI1NiIsInR5cCI6IkpXVCJ9.eyJGdWxsbmFtZSI6IldpeWFuIEhlcnJhIEhlcnZpYW5hIiwiRW1haWwiOiJ3aXlhbkBtYWlsLmNvbSJ9.NPXYoUbe7TJtZoFcbm-zZ2v4Arez-S9PaYhOwdAKxZI
04:24:01.215 [main] DEBUG org.apache.http.headers -- >> Accept: */*
04:24:01.215 [main] DEBUG org.apache.http.headers -- >> Host: altashop-api.fly.dev
04:24:01.215 [main] DEBUG org.apache.http.headers -- >> Connection: Keep-Alive
04:24:01.215 [main] DEBUG org.apache.http.headers -- >> User-Agent: Apache-HttpClient/4.5.13 (Java/17.0.8)
04:24:01.215 [main] DEBUG org.apache.http.headers -- >> Accept-Encoding: gzip,deflate
04:24:01.239 [main] DEBUG org.apache.http.wire --  << "HTTP/1.1 400 Bad Request[\r][\n]"
04:24:01.239 [main] DEBUG org.apache.http.wire --  << "content-type: application/json[\r][\n]"
04:24:01.239 [main] DEBUG org.apache.http.wire --  << "date: Mon, 30 Oct 2023 21:24:02 GMT[\r][\n]"
04:24:01.239 [main] DEBUG org.apache.http.wire --  << "content-encoding: gzip[\r][\n]"
04:24:01.239 [main] DEBUG org.apache.http.wire --  << "transfer-encoding: chunked[\r][\n]"
04:24:01.239 [main] DEBUG org.apache.http.wire --  << "server: Fly/7328d5b5 (2023-10-27)[\r][\n]"
04:24:01.239 [main] DEBUG org.apache.http.wire --  << "via: 1.1 fly.io[\r][\n]"
04:24:01.239 [main] DEBUG org.apache.http.wire --  << "fly-request-id: 01HE17HS2BS2CZS9CPNCB273Q6-sin[\r][\n]"
04:24:01.239 [main] DEBUG org.apache.http.wire --  << "[\r][\n]"
04:24:01.239 [main] DEBUG org.apache.http.impl.conn.DefaultClientConnection -- Receiving response: HTTP/1.1 400 Bad Request
04:24:01.239 [main] DEBUG org.apache.http.headers -- << HTTP/1.1 400 Bad Request
04:24:01.239 [main] DEBUG org.apache.http.headers -- << content-type: application/json
04:24:01.239 [main] DEBUG org.apache.http.headers -- << date: Mon, 30 Oct 2023 21:24:02 GMT
04:24:01.239 [main] DEBUG org.apache.http.headers -- << content-encoding: gzip
04:24:01.239 [main] DEBUG org.apache.http.headers -- << transfer-encoding: chunked
04:24:01.239 [main] DEBUG org.apache.http.headers -- << server: Fly/7328d5b5 (2023-10-27)
04:24:01.239 [main] DEBUG org.apache.http.headers -- << via: 1.1 fly.io
04:24:01.239 [main] DEBUG org.apache.http.headers -- << fly-request-id: 01HE17HS2BS2CZS9CPNCB273Q6-sin
04:24:01.239 [main] DEBUG org.apache.http.impl.client.DefaultHttpClient -- Connection can be kept alive indefinitely
04:24:01.239 [main] DEBUG io.restassured.internal.RestAssuredHttpBuilder -- Parsing response as: application/json
04:24:01.239 [main] DEBUG org.apache.http.wire --  << "4F[\r][\n]"
04:24:01.240 [main] DEBUG org.apache.http.wire --  << "[0x1f][0x8b][0x8][0x0][0x0][0x0][0x0][0x0][0x4][0xff][0xab]VJ-*[0xca]/R[0xb2]R*.)J[0xce][0xcf]+[0xd3]s,[0xc9][0xcf][0xb4]R(H,*[0xce][0xcc]KW[0x88]Q*N,)[0x8d]Q[0xb2]R[0xc8][0xcc]+K[0xcc][0xc9]LQ([0xae][0xcc]+I[0xac]P[0xaa][0xe5][0x2][0x0]n[0x13][0x8b][0x82];[0x0][0x0][0x0]"
04:24:01.240 [main] DEBUG org.apache.http.wire --  << "[\r][\n]"
04:24:01.240 [main] DEBUG org.apache.http.wire --  << "0[\r][\n]"
04:24:01.240 [main] DEBUG org.apache.http.wire --  << "[\r][\n]"
04:24:01.240 [main] DEBUG io.restassured.internal.RestAssuredHttpBuilder -- Parsed data to instance of: class org.apache.http.conn.EofSensorInputStream
04:24:01.240 [main] DEBUG org.apache.http.impl.conn.BasicClientConnectionManager -- Releasing connection org.apache.http.impl.conn.ManagedClientConnectionImpl@3c51dec5
04:24:01.240 [main] DEBUG org.apache.http.impl.conn.BasicClientConnectionManager -- Connection can be kept alive indefinitely
04:24:01.240 [main] DEBUG net.thucydides.core.steps.StepInterceptor -- STEP DONE: I GET HTTP request for products ratings using invalid products ID with character alphabet
  &amp#27;[32mWhen &amp#27;[0m&amp#27;[32mI GET HTTP request for products ratings using invalid products ID with character alphabet&amp#27;[0m                   &amp#27;[90m# starter.stepdefinition.RatingsSteps.getHTTPRequestForProductsRatingsUsingInvalidProductsIDWithCharacterAlphabet()&amp#27;[0m
04:24:01.243 [main] DEBUG net.thucydides.core.steps.StepInterceptor -- STARTING STEP: RatingsSteps.receiveResponseCode400ForProductsRatingsUsingInvalidProductsIDWithCharacterAlphabet - I receive valid HTTP response 400 for get products ratings using invalid product ID with character alphabet
04:24:01.243 [main] DEBUG net.thucydides.core.steps.StepInterceptor -- STEP DONE: I receive valid HTTP response 400 for get products ratings using invalid product ID with character alphabet
  &amp#27;[32mThen &amp#27;[0m&amp#27;[32mI receive valid HTTP response 400 for get products ratings using invalid product ID with character alphabet&amp#27;[0m &amp#27;[90m# starter.stepdefinition.RatingsSteps.receiveResponseCode400ForProductsRatingsUsingInvalidProductsIDWithCharacterAlphabet()&amp#27;[0m
04:24:01.244 [main] INFO  -- 
  _____   ___   ___   _____     ___     _     ___   ___   ___   ___  
 |_   _| | __| / __| |_   _|   | _ \   /_\   / __| / __| | __| |   \ 
   | |   | _|  \__ \   | |     |  _/  / _ \  \__ \ \__ \ | _|  | |) |
   |_|   |___| |___/   |_|     |_|   /_/ \_\ |___/ |___/ |___| |___/ 

TC72 - Get product rating using invalid product id with character alphabet
----------------------------------------------------------------------
]]></system-out>
  </testcase>
  <testcase name="TC01 - Register using valid format fullname, email and password" classname="[01_Automation] - Register" time="0.161">
    <failure type="java.lang.AssertionError"><![CDATA[java.lang.AssertionError: 
1 expectation failed.
Expected status code <200> but was <400>.

]]></failure>
    <system-out><![CDATA[04:24:01.244 [main] INFO io.cucumber.core.plugin.SerenityReporter -- Running feature from file:///D:/TaksAlterra/MiniProject/MiniProject_API/src/test/resources/Register.feature
04:24:01.244 [main] WARN io.cucumber.core.plugin.SerenityReporter -- Feature from file:///D:/TaksAlterra/MiniProject/MiniProject_API/src/test/resources/Register.feature is not under the 'features' directory. Requirements report will not be correctly generated!
04:24:01.245 [main] DEBUG net.thucydides.core.steps.StepEventBus -- Test suite started for story net.thucydides.core.model.Story@7a445946
04:24:01.245 [main] INFO  -- Test Suite Started: [01_Automation] - Register

Scenario: TC01 - Register using valid format fullname, email and password &amp#27;[90m# src/test/resources/Register.feature:3&amp#27;[0m
04:24:01.250 [main] INFO io.cucumber.core.plugin.SerenityReporter -- Running feature from file:///D:/TaksAlterra/MiniProject/MiniProject_API/src/test/resources/Register.feature
04:24:01.250 [main] WARN io.cucumber.core.plugin.SerenityReporter -- Feature from file:///D:/TaksAlterra/MiniProject/MiniProject_API/src/test/resources/Register.feature is not under the 'features' directory. Requirements report will not be correctly generated!
04:24:01.250 [main] INFO  -- 
  _____   ___   ___   _____     ___   _____     _     ___   _____   ___   ___  
 |_   _| | __| / __| |_   _|   / __| |_   _|   /_\   | _ \ |_   _| | __| |   \ 
   | |   | _|  \__ \   | |     \__ \   | |    / _ \  |   /   | |   | _|  | |) |
   |_|   |___| |___/   |_|     |___/   |_|   /_/ \_\ |_|_\   |_|   |___| |___/ 

TC01 - Register using valid format fullname, email and password([01-automation]---register;tc01---register-using-valid-format-fullname--email-and-password)
--------------------------------------------------------------------------------
04:24:01.260 [main] DEBUG net.thucydides.core.steps.StepInterceptor -- STARTING STEP: RegisterSteps.postRegisterEndpoints - I POST register endpoints
04:24:01.260 [main] DEBUG net.thucydides.core.steps.StepInterceptor -- STEP DONE: I POST register endpoints
  &amp#27;[32mGiven &amp#27;[0m&amp#27;[32mI POST register endpoints&amp#27;[0m                                         &amp#27;[90m# starter.stepdefinition.RegisterSteps.postRegisterEndpoints()&amp#27;[0m
04:24:01.261 [main] DEBUG net.thucydides.core.steps.StepInterceptor -- STARTING STEP: RegisterSteps.postHTTPRequestForRegister - I POST HTTP request for register using valid data
04:24:01.262 [main] DEBUG net.thucydides.core.steps.StepInterceptor -- STARTING STEP: Register.postHTTPRequestForRegister - I POST register endpoints
04:24:01.262 [main] DEBUG net.thucydides.core.steps.StepInterceptor -- STEP DONE: I POST register endpoints
04:24:01.266 [main] DEBUG org.apache.http.impl.conn.BasicClientConnectionManager -- Get connection for route {s}->https://altashop-api.fly.dev:443
04:24:01.266 [main] DEBUG org.apache.http.impl.conn.DefaultClientConnectionOperator -- Connecting to altashop-api.fly.dev:443
04:24:01.313 [main] DEBUG org.apache.http.client.protocol.RequestAddCookies -- CookieSpec selected: ignoreCookies
04:24:01.313 [main] DEBUG org.apache.http.client.protocol.RequestAuthCache -- Auth cache not set in the context
04:24:01.313 [main] DEBUG org.apache.http.client.protocol.RequestTargetAuthentication -- Target auth state: UNCHALLENGED
04:24:01.313 [main] DEBUG org.apache.http.client.protocol.RequestProxyAuthentication -- Proxy auth state: UNCHALLENGED
04:24:01.313 [main] DEBUG org.apache.http.impl.client.DefaultHttpClient -- Attempt 1 to execute request
04:24:01.313 [main] DEBUG org.apache.http.impl.conn.DefaultClientConnection -- Sending request: POST /api/auth/register HTTP/1.1
04:24:01.313 [main] DEBUG org.apache.http.wire --  >> "POST /api/auth/register HTTP/1.1[\r][\n]"
04:24:01.313 [main] DEBUG org.apache.http.wire --  >> "Accept: */*[\r][\n]"
04:24:01.313 [main] DEBUG org.apache.http.wire --  >> "Content-Type: application/json[\r][\n]"
04:24:01.313 [main] DEBUG org.apache.http.wire --  >> "Content-Length: 84[\r][\n]"
04:24:01.313 [main] DEBUG org.apache.http.wire --  >> "Host: altashop-api.fly.dev[\r][\n]"
04:24:01.313 [main] DEBUG org.apache.http.wire --  >> "Connection: Keep-Alive[\r][\n]"
04:24:01.313 [main] DEBUG org.apache.http.wire --  >> "User-Agent: Apache-HttpClient/4.5.13 (Java/17.0.8)[\r][\n]"
04:24:01.313 [main] DEBUG org.apache.http.wire --  >> "Accept-Encoding: gzip,deflate[\r][\n]"
04:24:01.313 [main] DEBUG org.apache.http.wire --  >> "[\r][\n]"
04:24:01.313 [main] DEBUG org.apache.http.headers -- >> POST /api/auth/register HTTP/1.1
04:24:01.313 [main] DEBUG org.apache.http.headers -- >> Accept: */*
04:24:01.313 [main] DEBUG org.apache.http.headers -- >> Content-Type: application/json
04:24:01.313 [main] DEBUG org.apache.http.headers -- >> Content-Length: 84
04:24:01.313 [main] DEBUG org.apache.http.headers -- >> Host: altashop-api.fly.dev
04:24:01.313 [main] DEBUG org.apache.http.headers -- >> Connection: Keep-Alive
04:24:01.313 [main] DEBUG org.apache.http.headers -- >> User-Agent: Apache-HttpClient/4.5.13 (Java/17.0.8)
04:24:01.313 [main] DEBUG org.apache.http.headers -- >> Accept-Encoding: gzip,deflate
04:24:01.313 [main] DEBUG org.apache.http.wire --  >> "{"password":"wiyan123","fullname":"Wiyan Herra Herviana","email":"wiyan2@gmail.com"}"
04:24:01.340 [main] DEBUG org.apache.http.wire --  << "HTTP/1.1 400 Bad Request[\r][\n]"
04:24:01.340 [main] DEBUG org.apache.http.wire --  << "content-type: application/json[\r][\n]"
04:24:01.340 [main] DEBUG org.apache.http.wire --  << "date: Mon, 30 Oct 2023 21:24:02 GMT[\r][\n]"
04:24:01.340 [main] DEBUG org.apache.http.wire --  << "content-encoding: gzip[\r][\n]"
04:24:01.340 [main] DEBUG org.apache.http.wire --  << "transfer-encoding: chunked[\r][\n]"
04:24:01.340 [main] DEBUG org.apache.http.wire --  << "server: Fly/7328d5b5 (2023-10-27)[\r][\n]"
04:24:01.340 [main] DEBUG org.apache.http.wire --  << "via: 1.1 fly.io[\r][\n]"
04:24:01.340 [main] DEBUG org.apache.http.wire --  << "fly-request-id: 01HE17HS5ENY1DHQ4M6KR8TW6Q-sin[\r][\n]"
04:24:01.340 [main] DEBUG org.apache.http.wire --  << "[\r][\n]"
04:24:01.340 [main] DEBUG org.apache.http.impl.conn.DefaultClientConnection -- Receiving response: HTTP/1.1 400 Bad Request
04:24:01.340 [main] DEBUG org.apache.http.headers -- << HTTP/1.1 400 Bad Request
04:24:01.340 [main] DEBUG org.apache.http.headers -- << content-type: application/json
04:24:01.340 [main] DEBUG org.apache.http.headers -- << date: Mon, 30 Oct 2023 21:24:02 GMT
04:24:01.340 [main] DEBUG org.apache.http.headers -- << content-encoding: gzip
04:24:01.340 [main] DEBUG org.apache.http.headers -- << transfer-encoding: chunked
04:24:01.340 [main] DEBUG org.apache.http.headers -- << server: Fly/7328d5b5 (2023-10-27)
04:24:01.340 [main] DEBUG org.apache.http.headers -- << via: 1.1 fly.io
04:24:01.340 [main] DEBUG org.apache.http.headers -- << fly-request-id: 01HE17HS5ENY1DHQ4M6KR8TW6Q-sin
04:24:01.340 [main] DEBUG org.apache.http.impl.client.DefaultHttpClient -- Connection can be kept alive indefinitely
04:24:01.340 [main] DEBUG io.restassured.internal.RestAssuredHttpBuilder -- Parsing response as: application/json
04:24:01.340 [main] DEBUG org.apache.http.wire --  << "7B[\r][\n]"
04:24:01.340 [main] DEBUG org.apache.http.wire --  << "[0x1f][0x8b][0x8][0x0][0x0][0x0][0x0][0x0][0x4][0xff][0xab]VJ-*[0xca]/R[0xb2]Rr[\r][\n]"
04:24:01.340 [main] DEBUG org.apache.http.wire --  << "[0xf2][0xf][0xb2]RH)-[0xc8][0xc9]LN,IU[0xc8]N[0xad]T(K[0xcc])MU([0xcb][0xcc][0xcf]I,I-V([0xcd][0xcb],,MUH[0xce][0xcf]+.)J[0xcc][0xcc]+Q[0x88]Q*-N-*[0x8e]O[0xcd]M[0xcc][0xcc][0x89][0xcf]N[0xad][0x8c]QR[0xd0][0x8][0xe][0xf4][0x9][0xe]q[0xc]qU02650[0xd5]T[0xaa][0xe5][0x2][0x0][0x1a]G[0x13]pg[0x0][0x0][0x0]"
04:24:01.340 [main] DEBUG org.apache.http.wire --  << "[\r][\n]"
04:24:01.340 [main] DEBUG org.apache.http.wire --  << "0[\r][\n]"
04:24:01.340 [main] DEBUG org.apache.http.wire --  << "[\r][\n]"
04:24:01.340 [main] DEBUG io.restassured.internal.RestAssuredHttpBuilder -- Parsed data to instance of: class org.apache.http.conn.EofSensorInputStream
04:24:01.341 [main] DEBUG org.apache.http.impl.conn.BasicClientConnectionManager -- Releasing connection org.apache.http.impl.conn.ManagedClientConnectionImpl@54422189
04:24:01.341 [main] DEBUG org.apache.http.impl.conn.BasicClientConnectionManager -- Connection can be kept alive indefinitely
04:24:01.341 [main] DEBUG net.thucydides.core.steps.StepInterceptor -- STEP DONE: I POST HTTP request for register using valid data
  &amp#27;[32mWhen &amp#27;[0m&amp#27;[32mI POST HTTP request for register using valid data&amp#27;[0m                  &amp#27;[90m# starter.stepdefinition.RegisterSteps.postHTTPRequestForRegister()&amp#27;[0m
04:24:01.343 [main] DEBUG net.thucydides.core.steps.StepInterceptor -- STARTING STEP: RegisterSteps.receiveResponseCode200ForRegister - I receive valid HTTP response 200 for register
  &amp#27;[31mThen &amp#27;[0m&amp#27;[31mI receive valid HTTP response 200 for register&amp#27;[0m                     &amp#27;[90m# starter.stepdefinition.RegisterSteps.receiveResponseCode200ForRegister()&amp#27;[0m
      &amp#27;[31mjava.lang.AssertionError: 1 expectation failed.
Expected status code <200> but was <400>.

	at java.base/jdk.internal.reflect.NativeConstructorAccessorImpl.newInstance0(Native Method)
	at java.base/jdk.internal.reflect.NativeConstructorAccessorImpl.newInstance(NativeConstructorAccessorImpl.java:77)
	at java.base/jdk.internal.reflect.DelegatingConstructorAccessorImpl.newInstance(DelegatingConstructorAccessorImpl.java:45)
	at java.base/java.lang.reflect.Constructor.newInstanceWithCaller(Constructor.java:499)
	at java.base/java.lang.reflect.Constructor.newInstance(Constructor.java:480)
	at org.codehaus.groovy.reflection.CachedConstructor.invoke(CachedConstructor.java:73)
	at org.codehaus.groovy.runtime.callsite.ConstructorSite$ConstructorSiteNoUnwrapNoCoerce.callConstructor(ConstructorSite.java:108)
	at org.codehaus.groovy.runtime.callsite.CallSiteArray.defaultCallConstructor(CallSiteArray.java:57)
	at org.codehaus.groovy.runtime.callsite.AbstractCallSite.callConstructor(AbstractCallSite.java:263)
	at org.codehaus.groovy.runtime.callsite.AbstractCallSite.callConstructor(AbstractCallSite.java:277)
	at io.restassured.internal.ResponseSpecificationImpl$HamcrestAssertionClosure.validate(ResponseSpecificationImpl.groovy:512)
	at io.restassured.internal.ResponseSpecificationImpl$HamcrestAssertionClosure$validate$1.call(Unknown Source)
	at io.restassured.internal.ResponseSpecificationImpl.validateResponseIfRequired(ResponseSpecificationImpl.groovy:696)
	at io.restassured.internal.ResponseSpecificationImpl.this$2$validateResponseIfRequired(ResponseSpecificationImpl.groovy)
	at jdk.internal.reflect.GeneratedMethodAccessor144.invoke(Unknown Source)
	at java.base/jdk.internal.reflect.DelegatingMethodAccessorImpl.invoke(DelegatingMethodAccessorImpl.java:43)
	at java.base/java.lang.reflect.Method.invoke(Method.java:568)
	at org.codehaus.groovy.runtime.callsite.PlainObjectMetaMethodSite.doInvoke(PlainObjectMetaMethodSite.java:43)
	at org.codehaus.groovy.runtime.callsite.PogoMetaMethodSite$PogoCachedMethodSiteNoUnwrapNoCoerce.invoke(PogoMetaMethodSite.java:198)
	at org.codehaus.groovy.runtime.callsite.PogoMetaMethodSite.callCurrent(PogoMetaMethodSite.java:62)
	at org.codehaus.groovy.runtime.callsite.AbstractCallSite.callCurrent(AbstractCallSite.java:185)
	at io.restassured.internal.ResponseSpecificationImpl.statusCode(ResponseSpecificationImpl.groovy:135)
	at io.restassured.specification.ResponseSpecification$statusCode$0.callCurrent(Unknown Source)
	at io.restassured.internal.ResponseSpecificationImpl.statusCode(ResponseSpecificationImpl.groovy:143)
	at io.restassured.internal.ValidatableResponseOptionsImpl.statusCode(ValidatableResponseOptionsImpl.java:89)
	at MiniProject.API@1.0-SNAPSHOT/starter.API.Register.lambda$receiveResponseCode200ForRegister$0(Register.java:33)
	at net.serenitybdd.rest.SerenityRest.restAssuredThat(SerenityRest.java:626)
	at MiniProject.API@1.0-SNAPSHOT/starter.API.Register.receiveResponseCode200ForRegister(Register.java:33)
	at MiniProject.API@1.0-SNAPSHOT/starter.API.Register$ByteBuddy$YAGtiPuh.receiveResponseCode200ForRegister$accessor$wLrSsotu(Unknown Source)
	at java.base/jdk.internal.reflect.NativeMethodAccessorImpl.invoke0(Native Method)
	at java.base/jdk.internal.reflect.NativeMethodAccessorImpl.invoke(NativeMethodAccessorImpl.java:77)
	at java.base/jdk.internal.reflect.DelegatingMethodAccessorImpl.invoke(DelegatingMethodAccessorImpl.java:43)
	at java.base/java.lang.reflect.Method.invoke(Method.java:568)
	at net.thucydides.core.steps.StepInterceptor.invokeMethod(StepInterceptor.java:518)
	at net.thucydides.core.steps.StepInterceptor.executeTestStepMethod(StepInterceptor.java:498)
	at net.thucydides.core.steps.StepInterceptor.runTestStep(StepInterceptor.java:472)
	at net.thucydides.core.steps.StepInterceptor.runOrSkipMethod(StepInterceptor.java:211)
	at net.thucydides.core.steps.StepInterceptor.testStepResult(StepInterceptor.java:198)
	at net.thucydides.core.steps.StepInterceptor.intercept(StepInterceptor.java:86)
	at net.thucydides.core.steps.ProxyConfiguration$InterceptorDispatcher.intercept(ProxyConfiguration.java:51)
	at MiniProject.API@1.0-SNAPSHOT/starter.API.Register$ByteBuddy$YAGtiPuh.receiveResponseCode200ForRegister(Unknown Source)
	at MiniProject.API@1.0-SNAPSHOT/starter.stepdefinition.RegisterSteps.receiveResponseCode200ForRegister(RegisterSteps.java:25)
	at âœ½.I receive valid HTTP response 200 for register(file:///D:/TaksAlterra/MiniProject/MiniProject_API/src/test/resources/Register.feature:6)
&amp#27;[0m
04:24:01.369 [main] ERROR  -- 
  _____   ___   ___   _____     ___     _     ___   _      ___   ___  
 |_   _| | __| / __| |_   _|   | __|   /_\   |_ _| | |    | __| |   \ 
   | |   | _|  \__ \   | |     | _|   / _ \   | |  | |__  | _|  | |) |
   |_|   |___| |___/   |_|     |_|   /_/ \_\ |___| |____| |___| |___/ 

TC01 - Register using valid format fullname, email and password
-----------------------------------------------------------------------
04:24:01.369 [main] DEBUG  -- RELATED ISSUES: 
04:24:01.405 [main] ERROR  --     Test failed at step: I receive valid HTTP response 200 for register
04:24:01.405 [main] ERROR  --     1 expectation failed.Expected status code <200> but was <400>.
]]></system-out>
  </testcase>
  <testcase name="TC02 - Register without using fullname" classname="[01_Automation] - Register" time="0.105">
    <system-out><![CDATA[
Scenario: TC02 - Register without using fullname                             &amp#27;[90m# src/test/resources/Register.feature:8&amp#27;[0m
04:24:01.416 [main] INFO io.cucumber.core.plugin.SerenityReporter -- Running feature from file:///D:/TaksAlterra/MiniProject/MiniProject_API/src/test/resources/Register.feature
04:24:01.416 [main] WARN io.cucumber.core.plugin.SerenityReporter -- Feature from file:///D:/TaksAlterra/MiniProject/MiniProject_API/src/test/resources/Register.feature is not under the 'features' directory. Requirements report will not be correctly generated!
04:24:01.418 [main] INFO  -- 
  _____   ___   ___   _____     ___   _____     _     ___   _____   ___   ___  
 |_   _| | __| / __| |_   _|   / __| |_   _|   /_\   | _ \ |_   _| | __| |   \ 
   | |   | _|  \__ \   | |     \__ \   | |    / _ \  |   /   | |   | _|  | |) |
   |_|   |___| |___/   |_|     |___/   |_|   /_/ \_\ |_|_\   |_|   |___| |___/ 

TC02 - Register without using fullname([01-automation]---register;tc02---register-without-using-fullname)
--------------------------------------------------------------------------------
04:24:01.421 [main] DEBUG net.thucydides.core.steps.StepInterceptor -- STARTING STEP: RegisterSteps.postRegisterEndpoints2 - I POST register endpoints 2
04:24:01.422 [main] DEBUG net.thucydides.core.steps.StepInterceptor -- STEP DONE: I POST register endpoints 2
  &amp#27;[32mGiven &amp#27;[0m&amp#27;[32mI POST register endpoints 2&amp#27;[0m                                          &amp#27;[90m# starter.stepdefinition.RegisterSteps.postRegisterEndpoints2()&amp#27;[0m
04:24:01.423 [main] DEBUG net.thucydides.core.steps.StepInterceptor -- STARTING STEP: RegisterSteps.postHTTPRequestForRegisterWithoutUsingFullname - I POST HTTP request for register without using fullname
04:24:01.424 [main] DEBUG net.thucydides.core.steps.StepInterceptor -- STARTING STEP: Register.postHTTPRequestForRegisterWithoutUsingFullname - I POST register endpoints 2
04:24:01.424 [main] DEBUG net.thucydides.core.steps.StepInterceptor -- STEP DONE: I POST register endpoints 2
04:24:01.430 [main] DEBUG org.apache.http.impl.conn.BasicClientConnectionManager -- Get connection for route {s}->https://altashop-api.fly.dev:443
04:24:01.430 [main] DEBUG org.apache.http.impl.conn.DefaultClientConnectionOperator -- Connecting to altashop-api.fly.dev:443
04:24:01.486 [main] DEBUG org.apache.http.client.protocol.RequestAddCookies -- CookieSpec selected: ignoreCookies
04:24:01.486 [main] DEBUG org.apache.http.client.protocol.RequestAuthCache -- Auth cache not set in the context
04:24:01.486 [main] DEBUG org.apache.http.client.protocol.RequestTargetAuthentication -- Target auth state: UNCHALLENGED
04:24:01.486 [main] DEBUG org.apache.http.client.protocol.RequestProxyAuthentication -- Proxy auth state: UNCHALLENGED
04:24:01.486 [main] DEBUG org.apache.http.impl.client.DefaultHttpClient -- Attempt 1 to execute request
04:24:01.486 [main] DEBUG org.apache.http.impl.conn.DefaultClientConnection -- Sending request: POST /api/auth/register HTTP/1.1
04:24:01.486 [main] DEBUG org.apache.http.wire --  >> "POST /api/auth/register HTTP/1.1[\r][\n]"
04:24:01.486 [main] DEBUG org.apache.http.wire --  >> "Accept: */*[\r][\n]"
04:24:01.486 [main] DEBUG org.apache.http.wire --  >> "Content-Type: application/json[\r][\n]"
04:24:01.486 [main] DEBUG org.apache.http.wire --  >> "Content-Length: 66[\r][\n]"
04:24:01.486 [main] DEBUG org.apache.http.wire --  >> "Host: altashop-api.fly.dev[\r][\n]"
04:24:01.486 [main] DEBUG org.apache.http.wire --  >> "Connection: Keep-Alive[\r][\n]"
04:24:01.486 [main] DEBUG org.apache.http.wire --  >> "User-Agent: Apache-HttpClient/4.5.13 (Java/17.0.8)[\r][\n]"
04:24:01.486 [main] DEBUG org.apache.http.wire --  >> "Accept-Encoding: gzip,deflate[\r][\n]"
04:24:01.486 [main] DEBUG org.apache.http.wire --  >> "[\r][\n]"
04:24:01.486 [main] DEBUG org.apache.http.headers -- >> POST /api/auth/register HTTP/1.1
04:24:01.486 [main] DEBUG org.apache.http.headers -- >> Accept: */*
04:24:01.486 [main] DEBUG org.apache.http.headers -- >> Content-Type: application/json
04:24:01.486 [main] DEBUG org.apache.http.headers -- >> Content-Length: 66
04:24:01.486 [main] DEBUG org.apache.http.headers -- >> Host: altashop-api.fly.dev
04:24:01.486 [main] DEBUG org.apache.http.headers -- >> Connection: Keep-Alive
04:24:01.486 [main] DEBUG org.apache.http.headers -- >> User-Agent: Apache-HttpClient/4.5.13 (Java/17.0.8)
04:24:01.486 [main] DEBUG org.apache.http.headers -- >> Accept-Encoding: gzip,deflate
04:24:01.486 [main] DEBUG org.apache.http.wire --  >> "{"password":"wiyan123","fullname":"","email":"wiyan123@gmail.com"}"
04:24:01.512 [main] DEBUG org.apache.http.wire --  << "HTTP/1.1 400 Bad Request[\r][\n]"
04:24:01.512 [main] DEBUG org.apache.http.wire --  << "content-type: application/json[\r][\n]"
04:24:01.512 [main] DEBUG org.apache.http.wire --  << "date: Mon, 30 Oct 2023 21:24:03 GMT[\r][\n]"
04:24:01.512 [main] DEBUG org.apache.http.wire --  << "content-encoding: gzip[\r][\n]"
04:24:01.512 [main] DEBUG org.apache.http.wire --  << "transfer-encoding: chunked[\r][\n]"
04:24:01.512 [main] DEBUG org.apache.http.wire --  << "server: Fly/7328d5b5 (2023-10-27)[\r][\n]"
04:24:01.512 [main] DEBUG org.apache.http.wire --  << "via: 1.1 fly.io[\r][\n]"
04:24:01.512 [main] DEBUG org.apache.http.wire --  << "fly-request-id: 01HE17HSAVF88F2PY00939HP0N-sin[\r][\n]"
04:24:01.512 [main] DEBUG org.apache.http.wire --  << "[\r][\n]"
04:24:01.512 [main] DEBUG org.apache.http.impl.conn.DefaultClientConnection -- Receiving response: HTTP/1.1 400 Bad Request
04:24:01.512 [main] DEBUG org.apache.http.headers -- << HTTP/1.1 400 Bad Request
04:24:01.512 [main] DEBUG org.apache.http.headers -- << content-type: application/json
04:24:01.512 [main] DEBUG org.apache.http.headers -- << date: Mon, 30 Oct 2023 21:24:03 GMT
04:24:01.512 [main] DEBUG org.apache.http.headers -- << content-encoding: gzip
04:24:01.512 [main] DEBUG org.apache.http.headers -- << transfer-encoding: chunked
04:24:01.512 [main] DEBUG org.apache.http.headers -- << server: Fly/7328d5b5 (2023-10-27)
04:24:01.512 [main] DEBUG org.apache.http.headers -- << via: 1.1 fly.io
04:24:01.512 [main] DEBUG org.apache.http.headers -- << fly-request-id: 01HE17HSAVF88F2PY00939HP0N-sin
04:24:01.512 [main] DEBUG org.apache.http.impl.client.DefaultHttpClient -- Connection can be kept alive indefinitely
04:24:01.512 [main] DEBUG io.restassured.internal.RestAssuredHttpBuilder -- Parsing response as: application/json
04:24:01.512 [main] DEBUG org.apache.http.wire --  << "35[\r][\n]"
04:24:01.512 [main] DEBUG org.apache.http.wire --  << "[0x1f][0x8b][0x8][0x0][0x0][0x0][0x0][0x0][0x4][0xff][0xab]VJ-*[0xca]/R[0xb2]RJ+[0xcd][0xc9][0xc9]K[0xcc]MU[0xc8],V(J-,[0xcd],JMQ[0xaa][0xe5][0x2][0x0]ok4[0xc9]![0x0][0x0][0x0]"
04:24:01.512 [main] DEBUG org.apache.http.wire --  << "[\r][\n]"
04:24:01.512 [main] DEBUG org.apache.http.wire --  << "0[\r][\n]"
04:24:01.512 [main] DEBUG org.apache.http.wire --  << "[\r][\n]"
04:24:01.512 [main] DEBUG io.restassured.internal.RestAssuredHttpBuilder -- Parsed data to instance of: class org.apache.http.conn.EofSensorInputStream
04:24:01.513 [main] DEBUG org.apache.http.impl.conn.BasicClientConnectionManager -- Releasing connection org.apache.http.impl.conn.ManagedClientConnectionImpl@3d8d926f
04:24:01.513 [main] DEBUG org.apache.http.impl.conn.BasicClientConnectionManager -- Connection can be kept alive indefinitely
04:24:01.513 [main] DEBUG net.thucydides.core.steps.StepInterceptor -- STEP DONE: I POST HTTP request for register without using fullname
  &amp#27;[32mWhen &amp#27;[0m&amp#27;[32mI POST HTTP request for register without using fullname&amp#27;[0m               &amp#27;[90m# starter.stepdefinition.RegisterSteps.postHTTPRequestForRegisterWithoutUsingFullname()&amp#27;[0m
04:24:01.514 [main] DEBUG net.thucydides.core.steps.StepInterceptor -- STARTING STEP: RegisterSteps.receiveResponseCode400ForRegisterWithoutUsingFullname - I receive valid HTTP response 400 for register without using fullname
04:24:01.515 [main] DEBUG net.thucydides.core.steps.StepInterceptor -- STEP DONE: I receive valid HTTP response 400 for register without using fullname
  &amp#27;[32mThen &amp#27;[0m&amp#27;[32mI receive valid HTTP response 400 for register without using fullname&amp#27;[0m &amp#27;[90m# starter.stepdefinition.RegisterSteps.receiveResponseCode400ForRegisterWithoutUsingFullname()&amp#27;[0m
04:24:01.515 [main] INFO  -- 
  _____   ___   ___   _____     ___     _     ___   ___   ___   ___  
 |_   _| | __| / __| |_   _|   | _ \   /_\   / __| / __| | __| |   \ 
   | |   | _|  \__ \   | |     |  _/  / _ \  \__ \ \__ \ | _|  | |) |
   |_|   |___| |___/   |_|     |_|   /_/ \_\ |___/ |___/ |___| |___/ 

TC02 - Register without using fullname
----------------------------------------------------------------------
]]></system-out>
  </testcase>
  <testcase name="TC03 - Register without using email" classname="[01_Automation] - Register" time="0.116">
    <system-out><![CDATA[
Scenario: TC03 - Register without using email                             &amp#27;[90m# src/test/resources/Register.feature:13&amp#27;[0m
04:24:01.521 [main] INFO io.cucumber.core.plugin.SerenityReporter -- Running feature from file:///D:/TaksAlterra/MiniProject/MiniProject_API/src/test/resources/Register.feature
04:24:01.521 [main] WARN io.cucumber.core.plugin.SerenityReporter -- Feature from file:///D:/TaksAlterra/MiniProject/MiniProject_API/src/test/resources/Register.feature is not under the 'features' directory. Requirements report will not be correctly generated!
04:24:01.522 [main] INFO  -- 
  _____   ___   ___   _____     ___   _____     _     ___   _____   ___   ___  
 |_   _| | __| / __| |_   _|   / __| |_   _|   /_\   | _ \ |_   _| | __| |   \ 
   | |   | _|  \__ \   | |     \__ \   | |    / _ \  |   /   | |   | _|  | |) |
   |_|   |___| |___/   |_|     |___/   |_|   /_/ \_\ |_|_\   |_|   |___| |___/ 

TC03 - Register without using email([01-automation]---register;tc03---register-without-using-email)
--------------------------------------------------------------------------------
04:24:01.525 [main] DEBUG net.thucydides.core.steps.StepInterceptor -- STARTING STEP: RegisterSteps.postRegisterEndpoints3 - I POST register endpoints 3
04:24:01.525 [main] DEBUG net.thucydides.core.steps.StepInterceptor -- STEP DONE: I POST register endpoints 3
  &amp#27;[32mGiven &amp#27;[0m&amp#27;[32mI POST register endpoints 3&amp#27;[0m                                       &amp#27;[90m# starter.stepdefinition.RegisterSteps.postRegisterEndpoints3()&amp#27;[0m
04:24:01.528 [main] DEBUG net.thucydides.core.steps.StepInterceptor -- STARTING STEP: RegisterSteps.postHTTPRequestForRegisterWithoutUsingEmail - I POST HTTP request for register without using email
04:24:01.528 [main] DEBUG net.thucydides.core.steps.StepInterceptor -- STARTING STEP: Register.postHTTPRequestForRegisterWithoutUsingEmail - I POST register endpoints 3
04:24:01.528 [main] DEBUG net.thucydides.core.steps.StepInterceptor -- STEP DONE: I POST register endpoints 3
04:24:01.532 [main] DEBUG org.apache.http.impl.conn.BasicClientConnectionManager -- Get connection for route {s}->https://altashop-api.fly.dev:443
04:24:01.533 [main] DEBUG org.apache.http.impl.conn.DefaultClientConnectionOperator -- Connecting to altashop-api.fly.dev:443
04:24:01.596 [main] DEBUG org.apache.http.client.protocol.RequestAddCookies -- CookieSpec selected: ignoreCookies
04:24:01.597 [main] DEBUG org.apache.http.client.protocol.RequestAuthCache -- Auth cache not set in the context
04:24:01.597 [main] DEBUG org.apache.http.client.protocol.RequestTargetAuthentication -- Target auth state: UNCHALLENGED
04:24:01.597 [main] DEBUG org.apache.http.client.protocol.RequestProxyAuthentication -- Proxy auth state: UNCHALLENGED
04:24:01.597 [main] DEBUG org.apache.http.impl.client.DefaultHttpClient -- Attempt 1 to execute request
04:24:01.597 [main] DEBUG org.apache.http.impl.conn.DefaultClientConnection -- Sending request: POST /api/auth/register HTTP/1.1
04:24:01.597 [main] DEBUG org.apache.http.wire --  >> "POST /api/auth/register HTTP/1.1[\r][\n]"
04:24:01.597 [main] DEBUG org.apache.http.wire --  >> "Accept: */*[\r][\n]"
04:24:01.597 [main] DEBUG org.apache.http.wire --  >> "Content-Type: application/json[\r][\n]"
04:24:01.597 [main] DEBUG org.apache.http.wire --  >> "Content-Length: 68[\r][\n]"
04:24:01.597 [main] DEBUG org.apache.http.wire --  >> "Host: altashop-api.fly.dev[\r][\n]"
04:24:01.597 [main] DEBUG org.apache.http.wire --  >> "Connection: Keep-Alive[\r][\n]"
04:24:01.597 [main] DEBUG org.apache.http.wire --  >> "User-Agent: Apache-HttpClient/4.5.13 (Java/17.0.8)[\r][\n]"
04:24:01.597 [main] DEBUG org.apache.http.wire --  >> "Accept-Encoding: gzip,deflate[\r][\n]"
04:24:01.597 [main] DEBUG org.apache.http.wire --  >> "[\r][\n]"
04:24:01.597 [main] DEBUG org.apache.http.headers -- >> POST /api/auth/register HTTP/1.1
04:24:01.597 [main] DEBUG org.apache.http.headers -- >> Accept: */*
04:24:01.597 [main] DEBUG org.apache.http.headers -- >> Content-Type: application/json
04:24:01.597 [main] DEBUG org.apache.http.headers -- >> Content-Length: 68
04:24:01.597 [main] DEBUG org.apache.http.headers -- >> Host: altashop-api.fly.dev
04:24:01.597 [main] DEBUG org.apache.http.headers -- >> Connection: Keep-Alive
04:24:01.597 [main] DEBUG org.apache.http.headers -- >> User-Agent: Apache-HttpClient/4.5.13 (Java/17.0.8)
04:24:01.597 [main] DEBUG org.apache.http.headers -- >> Accept-Encoding: gzip,deflate
04:24:01.597 [main] DEBUG org.apache.http.wire --  >> "{"password":"wiyan123","fullname":"Wiyan Herra Herviana","email":""}"
04:24:01.627 [main] DEBUG org.apache.http.wire --  << "HTTP/1.1 400 Bad Request[\r][\n]"
04:24:01.627 [main] DEBUG org.apache.http.wire --  << "content-type: application/json[\r][\n]"
04:24:01.627 [main] DEBUG org.apache.http.wire --  << "date: Mon, 30 Oct 2023 21:24:03 GMT[\r][\n]"
04:24:01.627 [main] DEBUG org.apache.http.wire --  << "content-encoding: gzip[\r][\n]"
04:24:01.627 [main] DEBUG org.apache.http.wire --  << "transfer-encoding: chunked[\r][\n]"
04:24:01.627 [main] DEBUG org.apache.http.wire --  << "server: Fly/7328d5b5 (2023-10-27)[\r][\n]"
04:24:01.627 [main] DEBUG org.apache.http.wire --  << "via: 1.1 fly.io[\r][\n]"
04:24:01.627 [main] DEBUG org.apache.http.wire --  << "fly-request-id: 01HE17HSEB629NZ6XB8TCYK3WN-sin[\r][\n]"
04:24:01.627 [main] DEBUG org.apache.http.wire --  << "[\r][\n]"
04:24:01.627 [main] DEBUG org.apache.http.impl.conn.DefaultClientConnection -- Receiving response: HTTP/1.1 400 Bad Request
04:24:01.627 [main] DEBUG org.apache.http.headers -- << HTTP/1.1 400 Bad Request
04:24:01.627 [main] DEBUG org.apache.http.headers -- << content-type: application/json
04:24:01.627 [main] DEBUG org.apache.http.headers -- << date: Mon, 30 Oct 2023 21:24:03 GMT
04:24:01.627 [main] DEBUG org.apache.http.headers -- << content-encoding: gzip
04:24:01.627 [main] DEBUG org.apache.http.headers -- << transfer-encoding: chunked
04:24:01.627 [main] DEBUG org.apache.http.headers -- << server: Fly/7328d5b5 (2023-10-27)
04:24:01.627 [main] DEBUG org.apache.http.headers -- << via: 1.1 fly.io
04:24:01.627 [main] DEBUG org.apache.http.headers -- << fly-request-id: 01HE17HSEB629NZ6XB8TCYK3WN-sin
04:24:01.627 [main] DEBUG org.apache.http.impl.client.DefaultHttpClient -- Connection can be kept alive indefinitely
04:24:01.627 [main] DEBUG io.restassured.internal.RestAssuredHttpBuilder -- Parsing response as: application/json
04:24:01.627 [main] DEBUG org.apache.http.wire --  << "32[\r][\n]"
04:24:01.627 [main] DEBUG org.apache.http.wire --  << "[0x1f][0x8b][0x8][0x0][0x0][0x0][0x0][0x0][0x4][0xff][0xab]VJ-*[0xca]/R[0xb2]RJ[0xcd]M[0xcc][0xcc]Q[0xc8],V(J-,[0xcd],JMQ[0xaa][0xe5][0x2][0x0]&[0xe3][0xaa]j[0x1e][0x0][0x0][0x0]"
04:24:01.627 [main] DEBUG org.apache.http.wire --  << "[\r][\n]"
04:24:01.627 [main] DEBUG org.apache.http.wire --  << "0[\r][\n]"
04:24:01.627 [main] DEBUG org.apache.http.wire --  << "[\r][\n]"
04:24:01.627 [main] DEBUG io.restassured.internal.RestAssuredHttpBuilder -- Parsed data to instance of: class org.apache.http.conn.EofSensorInputStream
04:24:01.628 [main] DEBUG org.apache.http.impl.conn.BasicClientConnectionManager -- Releasing connection org.apache.http.impl.conn.ManagedClientConnectionImpl@1509dade
04:24:01.628 [main] DEBUG org.apache.http.impl.conn.BasicClientConnectionManager -- Connection can be kept alive indefinitely
04:24:01.629 [main] DEBUG net.thucydides.core.steps.StepInterceptor -- STEP DONE: I POST HTTP request for register without using email
  &amp#27;[32mWhen &amp#27;[0m&amp#27;[32mI POST HTTP request for register without using email&amp#27;[0m               &amp#27;[90m# starter.stepdefinition.RegisterSteps.postHTTPRequestForRegisterWithoutUsingEmail()&amp#27;[0m
04:24:01.630 [main] DEBUG net.thucydides.core.steps.StepInterceptor -- STARTING STEP: RegisterSteps.receiveResponseCode400ForRegisterWithoutUsingEmail - I receive valid HTTP response 400 for register without using email
04:24:01.631 [main] DEBUG net.thucydides.core.steps.StepInterceptor -- STEP DONE: I receive valid HTTP response 400 for register without using email
  &amp#27;[32mThen &amp#27;[0m&amp#27;[32mI receive valid HTTP response 400 for register without using email&amp#27;[0m &amp#27;[90m# starter.stepdefinition.RegisterSteps.receiveResponseCode400ForRegisterWithoutUsingEmail()&amp#27;[0m
04:24:01.631 [main] INFO  -- 
  _____   ___   ___   _____     ___     _     ___   ___   ___   ___  
 |_   _| | __| / __| |_   _|   | _ \   /_\   / __| / __| | __| |   \ 
   | |   | _|  \__ \   | |     |  _/  / _ \  \__ \ \__ \ | _|  | |) |
   |_|   |___| |___/   |_|     |_|   /_/ \_\ |___/ |___/ |___| |___/ 

TC03 - Register without using email
----------------------------------------------------------------------
]]></system-out>
  </testcase>
  <testcase name="TC04 - Register without using password" classname="[01_Automation] - Register" time="0.1">
    <system-out><![CDATA[
Scenario: TC04 - Register without using password                             &amp#27;[90m# src/test/resources/Register.feature:18&amp#27;[0m
04:24:01.635 [main] INFO io.cucumber.core.plugin.SerenityReporter -- Running feature from file:///D:/TaksAlterra/MiniProject/MiniProject_API/src/test/resources/Register.feature
04:24:01.635 [main] WARN io.cucumber.core.plugin.SerenityReporter -- Feature from file:///D:/TaksAlterra/MiniProject/MiniProject_API/src/test/resources/Register.feature is not under the 'features' directory. Requirements report will not be correctly generated!
04:24:01.635 [main] INFO  -- 
  _____   ___   ___   _____     ___   _____     _     ___   _____   ___   ___  
 |_   _| | __| / __| |_   _|   / __| |_   _|   /_\   | _ \ |_   _| | __| |   \ 
   | |   | _|  \__ \   | |     \__ \   | |    / _ \  |   /   | |   | _|  | |) |
   |_|   |___| |___/   |_|     |___/   |_|   /_/ \_\ |_|_\   |_|   |___| |___/ 

TC04 - Register without using password([01-automation]---register;tc04---register-without-using-password)
--------------------------------------------------------------------------------
04:24:01.639 [main] DEBUG net.thucydides.core.steps.StepInterceptor -- STARTING STEP: RegisterSteps.postRegisterEndpoints4 - I POST register endpoints 4
04:24:01.639 [main] DEBUG net.thucydides.core.steps.StepInterceptor -- STEP DONE: I POST register endpoints 4
  &amp#27;[32mGiven &amp#27;[0m&amp#27;[32mI POST register endpoints 4&amp#27;[0m                                          &amp#27;[90m# starter.stepdefinition.RegisterSteps.postRegisterEndpoints4()&amp#27;[0m
04:24:01.640 [main] DEBUG net.thucydides.core.steps.StepInterceptor -- STARTING STEP: RegisterSteps.postHTTPRequestForRegisterWithoutUsingPassword - I POST HTTP request for register without using password
04:24:01.641 [main] DEBUG net.thucydides.core.steps.StepInterceptor -- STARTING STEP: Register.postHTTPRequestForRegisterWithoutUsingPassword - I POST register endpoints 4
04:24:01.641 [main] DEBUG net.thucydides.core.steps.StepInterceptor -- STEP DONE: I POST register endpoints 4
04:24:01.645 [main] DEBUG org.apache.http.impl.conn.BasicClientConnectionManager -- Get connection for route {s}->https://altashop-api.fly.dev:443
04:24:01.645 [main] DEBUG org.apache.http.impl.conn.DefaultClientConnectionOperator -- Connecting to altashop-api.fly.dev:443
04:24:01.704 [main] DEBUG org.apache.http.client.protocol.RequestAddCookies -- CookieSpec selected: ignoreCookies
04:24:01.704 [main] DEBUG org.apache.http.client.protocol.RequestAuthCache -- Auth cache not set in the context
04:24:01.704 [main] DEBUG org.apache.http.client.protocol.RequestTargetAuthentication -- Target auth state: UNCHALLENGED
04:24:01.704 [main] DEBUG org.apache.http.client.protocol.RequestProxyAuthentication -- Proxy auth state: UNCHALLENGED
04:24:01.704 [main] DEBUG org.apache.http.impl.client.DefaultHttpClient -- Attempt 1 to execute request
04:24:01.704 [main] DEBUG org.apache.http.impl.conn.DefaultClientConnection -- Sending request: POST /api/auth/register HTTP/1.1
04:24:01.704 [main] DEBUG org.apache.http.wire --  >> "POST /api/auth/register HTTP/1.1[\r][\n]"
04:24:01.704 [main] DEBUG org.apache.http.wire --  >> "Accept: */*[\r][\n]"
04:24:01.704 [main] DEBUG org.apache.http.wire --  >> "Content-Type: application/json[\r][\n]"
04:24:01.704 [main] DEBUG org.apache.http.wire --  >> "Content-Length: 78[\r][\n]"
04:24:01.704 [main] DEBUG org.apache.http.wire --  >> "Host: altashop-api.fly.dev[\r][\n]"
04:24:01.704 [main] DEBUG org.apache.http.wire --  >> "Connection: Keep-Alive[\r][\n]"
04:24:01.704 [main] DEBUG org.apache.http.wire --  >> "User-Agent: Apache-HttpClient/4.5.13 (Java/17.0.8)[\r][\n]"
04:24:01.704 [main] DEBUG org.apache.http.wire --  >> "Accept-Encoding: gzip,deflate[\r][\n]"
04:24:01.704 [main] DEBUG org.apache.http.wire --  >> "[\r][\n]"
04:24:01.704 [main] DEBUG org.apache.http.headers -- >> POST /api/auth/register HTTP/1.1
04:24:01.704 [main] DEBUG org.apache.http.headers -- >> Accept: */*
04:24:01.704 [main] DEBUG org.apache.http.headers -- >> Content-Type: application/json
04:24:01.704 [main] DEBUG org.apache.http.headers -- >> Content-Length: 78
04:24:01.704 [main] DEBUG org.apache.http.headers -- >> Host: altashop-api.fly.dev
04:24:01.704 [main] DEBUG org.apache.http.headers -- >> Connection: Keep-Alive
04:24:01.704 [main] DEBUG org.apache.http.headers -- >> User-Agent: Apache-HttpClient/4.5.13 (Java/17.0.8)
04:24:01.704 [main] DEBUG org.apache.http.headers -- >> Accept-Encoding: gzip,deflate
04:24:01.704 [main] DEBUG org.apache.http.wire --  >> "{"password":"","fullname":"Wiyan Herra Herviana","email":"wiyan123@gmail.com"}"
04:24:01.727 [main] DEBUG org.apache.http.wire --  << "HTTP/1.1 400 Bad Request[\r][\n]"
04:24:01.727 [main] DEBUG org.apache.http.wire --  << "content-type: application/json[\r][\n]"
04:24:01.727 [main] DEBUG org.apache.http.wire --  << "date: Mon, 30 Oct 2023 21:24:03 GMT[\r][\n]"
04:24:01.727 [main] DEBUG org.apache.http.wire --  << "content-encoding: gzip[\r][\n]"
04:24:01.727 [main] DEBUG org.apache.http.wire --  << "transfer-encoding: chunked[\r][\n]"
04:24:01.727 [main] DEBUG org.apache.http.wire --  << "server: Fly/7328d5b5 (2023-10-27)[\r][\n]"
04:24:01.727 [main] DEBUG org.apache.http.wire --  << "via: 1.1 fly.io[\r][\n]"
04:24:01.727 [main] DEBUG org.apache.http.wire --  << "fly-request-id: 01HE17HSHM2FVEBTB5YYEJTD6Q-sin[\r][\n]"
04:24:01.727 [main] DEBUG org.apache.http.wire --  << "[\r][\n]"
04:24:01.727 [main] DEBUG org.apache.http.impl.conn.DefaultClientConnection -- Receiving response: HTTP/1.1 400 Bad Request
04:24:01.727 [main] DEBUG org.apache.http.headers -- << HTTP/1.1 400 Bad Request
04:24:01.727 [main] DEBUG org.apache.http.headers -- << content-type: application/json
04:24:01.727 [main] DEBUG org.apache.http.headers -- << date: Mon, 30 Oct 2023 21:24:03 GMT
04:24:01.727 [main] DEBUG org.apache.http.headers -- << content-encoding: gzip
04:24:01.727 [main] DEBUG org.apache.http.headers -- << transfer-encoding: chunked
04:24:01.727 [main] DEBUG org.apache.http.headers -- << server: Fly/7328d5b5 (2023-10-27)
04:24:01.727 [main] DEBUG org.apache.http.headers -- << via: 1.1 fly.io
04:24:01.727 [main] DEBUG org.apache.http.headers -- << fly-request-id: 01HE17HSHM2FVEBTB5YYEJTD6Q-sin
04:24:01.727 [main] DEBUG org.apache.http.impl.client.DefaultHttpClient -- Connection can be kept alive indefinitely
04:24:01.727 [main] DEBUG io.restassured.internal.RestAssuredHttpBuilder -- Parsing response as: application/json
04:24:01.727 [main] DEBUG org.apache.http.wire --  << "35[\r][\n]"
04:24:01.727 [main] DEBUG org.apache.http.wire --  << "[0x1f][0x8b][0x8][0x0][0x0][0x0][0x0][0x0][0x4][0xff][0xab]VJ-*[0xca]/R[0xb2]R*H,..[0xcf]/JQ[0xc8],V(J-,[0xcd],JMQ[0xaa][0xe5][0x2][0x0][0xb9][0x8f][0xe5][0xe0]![0x0][0x0][0x0]"
04:24:01.727 [main] DEBUG org.apache.http.wire --  << "[\r][\n]"
04:24:01.727 [main] DEBUG org.apache.http.wire --  << "0[\r][\n]"
04:24:01.727 [main] DEBUG org.apache.http.wire --  << "[\r][\n]"
04:24:01.727 [main] DEBUG io.restassured.internal.RestAssuredHttpBuilder -- Parsed data to instance of: class org.apache.http.conn.EofSensorInputStream
04:24:01.729 [main] DEBUG org.apache.http.impl.conn.BasicClientConnectionManager -- Releasing connection org.apache.http.impl.conn.ManagedClientConnectionImpl@3266c7cf
04:24:01.729 [main] DEBUG org.apache.http.impl.conn.BasicClientConnectionManager -- Connection can be kept alive indefinitely
04:24:01.729 [main] DEBUG net.thucydides.core.steps.StepInterceptor -- STEP DONE: I POST HTTP request for register without using password
  &amp#27;[32mWhen &amp#27;[0m&amp#27;[32mI POST HTTP request for register without using password&amp#27;[0m               &amp#27;[90m# starter.stepdefinition.RegisterSteps.postHTTPRequestForRegisterWithoutUsingPassword()&amp#27;[0m
04:24:01.731 [main] DEBUG net.thucydides.core.steps.StepInterceptor -- STARTING STEP: RegisterSteps.receiveResponseCode400ForRegisterWithoutUsingPassword - I receive valid HTTP response 400 for register without using password
04:24:01.731 [main] DEBUG net.thucydides.core.steps.StepInterceptor -- STEP DONE: I receive valid HTTP response 400 for register without using password
  &amp#27;[32mThen &amp#27;[0m&amp#27;[32mI receive valid HTTP response 400 for register without using password&amp#27;[0m &amp#27;[90m# starter.stepdefinition.RegisterSteps.receiveResponseCode400ForRegisterWithoutUsingPassword()&amp#27;[0m
04:24:01.732 [main] INFO  -- 
  _____   ___   ___   _____     ___     _     ___   ___   ___   ___  
 |_   _| | __| / __| |_   _|   | _ \   /_\   / __| / __| | __| |   \ 
   | |   | _|  \__ \   | |     |  _/  / _ \  \__ \ \__ \ | _|  | |) |
   |_|   |___| |___/   |_|     |_|   /_/ \_\ |___/ |___/ |___| |___/ 

TC04 - Register without using password
----------------------------------------------------------------------
]]></system-out>
  </testcase>
  <testcase name="TC08 - Register with existed account" classname="[01_Automation] - Register" time="0.099">
    <system-out><![CDATA[04:24:01.738 [Finalizer] DEBUG org.apache.http.impl.conn.DefaultClientConnection -- Connection 0.0.0.0:54242<->149.248.193.56:443 closed

Scenario: TC08 - Register with existed account                             &amp#27;[90m# src/test/resources/Register.feature:38&amp#27;[0m
04:24:01.739 [Finalizer] DEBUG org.apache.http.impl.conn.DefaultClientConnection -- Connection 0.0.0.0:54243<->149.248.193.56:443 closed
04:24:01.739 [Finalizer] DEBUG org.apache.http.impl.conn.DefaultClientConnection -- Connection 0.0.0.0:54239<->149.248.193.56:443 closed
04:24:01.739 [Finalizer] DEBUG org.apache.http.impl.conn.DefaultClientConnection -- Connection 0.0.0.0:54240<->149.248.193.56:443 closed
04:24:01.739 [Finalizer] DEBUG org.apache.http.impl.conn.DefaultClientConnection -- Connection 0.0.0.0:54241<->149.248.193.56:443 closed
04:24:01.739 [Finalizer] DEBUG org.apache.http.impl.conn.DefaultClientConnection -- Connection 0.0.0.0:54237<->149.248.193.56:443 closed
04:24:01.739 [Finalizer] DEBUG org.apache.http.impl.conn.DefaultClientConnection -- Connection 0.0.0.0:54238<->149.248.193.56:443 closed
04:24:01.739 [main] INFO io.cucumber.core.plugin.SerenityReporter -- Running feature from file:///D:/TaksAlterra/MiniProject/MiniProject_API/src/test/resources/Register.feature
04:24:01.739 [main] WARN io.cucumber.core.plugin.SerenityReporter -- Feature from file:///D:/TaksAlterra/MiniProject/MiniProject_API/src/test/resources/Register.feature is not under the 'features' directory. Requirements report will not be correctly generated!
04:24:01.740 [main] INFO  -- 
  _____   ___   ___   _____     ___   _____     _     ___   _____   ___   ___  
 |_   _| | __| / __| |_   _|   / __| |_   _|   /_\   | _ \ |_   _| | __| |   \ 
   | |   | _|  \__ \   | |     \__ \   | |    / _ \  |   /   | |   | _|  | |) |
   |_|   |___| |___/   |_|     |___/   |_|   /_/ \_\ |_|_\   |_|   |___| |___/ 

TC08 - Register with existed account([01-automation]---register;tc08---register-with-existed-account)
--------------------------------------------------------------------------------
04:24:01.743 [main] DEBUG net.thucydides.core.steps.StepInterceptor -- STARTING STEP: RegisterSteps.postRegisterEndpoints8 - I POST register endpoints 8
04:24:01.743 [main] DEBUG net.thucydides.core.steps.StepInterceptor -- STEP DONE: I POST register endpoints 8
  &amp#27;[32mGiven &amp#27;[0m&amp#27;[32mI POST register endpoints 8&amp#27;[0m                                        &amp#27;[90m# starter.stepdefinition.RegisterSteps.postRegisterEndpoints8()&amp#27;[0m
04:24:01.745 [main] DEBUG net.thucydides.core.steps.StepInterceptor -- STARTING STEP: RegisterSteps.postHTTPRequestForRegisterWithExistedAccount - I POST HTTP request for register with existed account
04:24:01.745 [main] DEBUG net.thucydides.core.steps.StepInterceptor -- STARTING STEP: Register.postHTTPRequestForRegisterWithExistedAccount - I POST register endpoints 8
04:24:01.745 [main] DEBUG net.thucydides.core.steps.StepInterceptor -- STEP DONE: I POST register endpoints 8
04:24:01.748 [main] DEBUG org.apache.http.impl.conn.BasicClientConnectionManager -- Get connection for route {s}->https://altashop-api.fly.dev:443
04:24:01.748 [main] DEBUG org.apache.http.impl.conn.DefaultClientConnectionOperator -- Connecting to altashop-api.fly.dev:443
04:24:01.797 [main] DEBUG org.apache.http.client.protocol.RequestAddCookies -- CookieSpec selected: ignoreCookies
04:24:01.797 [main] DEBUG org.apache.http.client.protocol.RequestAuthCache -- Auth cache not set in the context
04:24:01.797 [main] DEBUG org.apache.http.client.protocol.RequestTargetAuthentication -- Target auth state: UNCHALLENGED
04:24:01.797 [main] DEBUG org.apache.http.client.protocol.RequestProxyAuthentication -- Proxy auth state: UNCHALLENGED
04:24:01.797 [main] DEBUG org.apache.http.impl.client.DefaultHttpClient -- Attempt 1 to execute request
04:24:01.797 [main] DEBUG org.apache.http.impl.conn.DefaultClientConnection -- Sending request: POST /api/auth/register HTTP/1.1
04:24:01.797 [main] DEBUG org.apache.http.wire --  >> "POST /api/auth/register HTTP/1.1[\r][\n]"
04:24:01.797 [main] DEBUG org.apache.http.wire --  >> "Accept: */*[\r][\n]"
04:24:01.797 [main] DEBUG org.apache.http.wire --  >> "Content-Type: application/json[\r][\n]"
04:24:01.797 [main] DEBUG org.apache.http.wire --  >> "Content-Length: 86[\r][\n]"
04:24:01.797 [main] DEBUG org.apache.http.wire --  >> "Host: altashop-api.fly.dev[\r][\n]"
04:24:01.797 [main] DEBUG org.apache.http.wire --  >> "Connection: Keep-Alive[\r][\n]"
04:24:01.797 [main] DEBUG org.apache.http.wire --  >> "User-Agent: Apache-HttpClient/4.5.13 (Java/17.0.8)[\r][\n]"
04:24:01.797 [main] DEBUG org.apache.http.wire --  >> "Accept-Encoding: gzip,deflate[\r][\n]"
04:24:01.797 [main] DEBUG org.apache.http.wire --  >> "[\r][\n]"
04:24:01.797 [main] DEBUG org.apache.http.headers -- >> POST /api/auth/register HTTP/1.1
04:24:01.797 [main] DEBUG org.apache.http.headers -- >> Accept: */*
04:24:01.797 [main] DEBUG org.apache.http.headers -- >> Content-Type: application/json
04:24:01.797 [main] DEBUG org.apache.http.headers -- >> Content-Length: 86
04:24:01.797 [main] DEBUG org.apache.http.headers -- >> Host: altashop-api.fly.dev
04:24:01.797 [main] DEBUG org.apache.http.headers -- >> Connection: Keep-Alive
04:24:01.797 [main] DEBUG org.apache.http.headers -- >> User-Agent: Apache-HttpClient/4.5.13 (Java/17.0.8)
04:24:01.797 [main] DEBUG org.apache.http.headers -- >> Accept-Encoding: gzip,deflate
04:24:01.797 [main] DEBUG org.apache.http.wire --  >> "{"password":"Vieta2021","fullname":"Naura Vieta Hafla","email":"naurahafla@gmail.com"}"
04:24:01.825 [main] DEBUG org.apache.http.wire --  << "HTTP/1.1 400 Bad Request[\r][\n]"
04:24:01.825 [main] DEBUG org.apache.http.wire --  << "content-type: application/json[\r][\n]"
04:24:01.825 [main] DEBUG org.apache.http.wire --  << "date: Mon, 30 Oct 2023 21:24:03 GMT[\r][\n]"
04:24:01.825 [main] DEBUG org.apache.http.wire --  << "content-encoding: gzip[\r][\n]"
04:24:01.825 [main] DEBUG org.apache.http.wire --  << "transfer-encoding: chunked[\r][\n]"
04:24:01.825 [main] DEBUG org.apache.http.wire --  << "server: Fly/7328d5b5 (2023-10-27)[\r][\n]"
04:24:01.825 [main] DEBUG org.apache.http.wire --  << "via: 1.1 fly.io[\r][\n]"
04:24:01.825 [main] DEBUG org.apache.http.wire --  << "fly-request-id: 01HE17HSMHD2A9XK63GZK5VXTH-sin[\r][\n]"
04:24:01.825 [main] DEBUG org.apache.http.wire --  << "[\r][\n]"
04:24:01.825 [main] DEBUG org.apache.http.impl.conn.DefaultClientConnection -- Receiving response: HTTP/1.1 400 Bad Request
04:24:01.825 [main] DEBUG org.apache.http.headers -- << HTTP/1.1 400 Bad Request
04:24:01.825 [main] DEBUG org.apache.http.headers -- << content-type: application/json
04:24:01.825 [main] DEBUG org.apache.http.headers -- << date: Mon, 30 Oct 2023 21:24:03 GMT
04:24:01.825 [main] DEBUG org.apache.http.headers -- << content-encoding: gzip
04:24:01.826 [main] DEBUG org.apache.http.headers -- << transfer-encoding: chunked
04:24:01.826 [main] DEBUG org.apache.http.headers -- << server: Fly/7328d5b5 (2023-10-27)
04:24:01.826 [main] DEBUG org.apache.http.headers -- << via: 1.1 fly.io
04:24:01.826 [main] DEBUG org.apache.http.headers -- << fly-request-id: 01HE17HSMHD2A9XK63GZK5VXTH-sin
04:24:01.826 [main] DEBUG org.apache.http.impl.client.DefaultHttpClient -- Connection can be kept alive indefinitely
04:24:01.826 [main] DEBUG io.restassured.internal.RestAssuredHttpBuilder -- Parsing response as: application/json
04:24:01.826 [main] DEBUG org.apache.http.wire --  << "7B[\r][\n]"
04:24:01.826 [main] DEBUG org.apache.http.wire --  << "[0x1f][0x8b][0x8][0x0][0x0][0x0][0x0][0x0][0x4][0xff][0xab]VJ-*[0xca]/R[0xb2]Rr[\r][\n]"
04:24:01.826 [main] DEBUG org.apache.http.wire --  << "[0xf2][0xf][0xb2]RH)-[0xc8][0xc9]LN,IU[0xc8]N[0xad]T(K[0xcc])MU([0xcb][0xcc][0xcf]I,I-V([0xcd][0xcb],,MUH[0xce][0xcf]+.)J[0xcc][0xcc]+Q[0x88]Q*-N-*[0x8e]O[0xcd]M[0xcc][0xcc][0x89][0xcf]N[0xad][0x8c]QR[0xd0][0x8][0xe][0xf4][0x9][0xe]q[0xc]qU02650[0xd5]T[0xaa][0xe5][0x2][0x0][0x1a]G[0x13]pg[0x0][0x0][0x0]"
04:24:01.826 [main] DEBUG org.apache.http.wire --  << "[\r][\n]"
04:24:01.826 [main] DEBUG org.apache.http.wire --  << "0[\r][\n]"
04:24:01.826 [main] DEBUG org.apache.http.wire --  << "[\r][\n]"
04:24:01.826 [main] DEBUG io.restassured.internal.RestAssuredHttpBuilder -- Parsed data to instance of: class org.apache.http.conn.EofSensorInputStream
04:24:01.826 [main] DEBUG org.apache.http.impl.conn.BasicClientConnectionManager -- Releasing connection org.apache.http.impl.conn.ManagedClientConnectionImpl@1e0d70db
04:24:01.827 [main] DEBUG org.apache.http.impl.conn.BasicClientConnectionManager -- Connection can be kept alive indefinitely
04:24:01.827 [main] DEBUG net.thucydides.core.steps.StepInterceptor -- STEP DONE: I POST HTTP request for register with existed account
  &amp#27;[32mWhen &amp#27;[0m&amp#27;[32mI POST HTTP request for register with existed account&amp#27;[0m               &amp#27;[90m# starter.stepdefinition.RegisterSteps.postHTTPRequestForRegisterWithExistedAccount()&amp#27;[0m
04:24:01.830 [main] DEBUG net.thucydides.core.steps.StepInterceptor -- STARTING STEP: RegisterSteps.receiveResponseCode400ForRegisterWithExistedAccount - I receive valid HTTP response 400 for register with existed account
04:24:01.830 [main] DEBUG net.thucydides.core.steps.StepInterceptor -- STEP DONE: I receive valid HTTP response 400 for register with existed account
  &amp#27;[32mThen &amp#27;[0m&amp#27;[32mI receive valid HTTP response 400 for register with existed account&amp#27;[0m &amp#27;[90m# starter.stepdefinition.RegisterSteps.receiveResponseCode400ForRegisterWithExistedAccount()&amp#27;[0m
04:24:01.831 [main] INFO  -- 
  _____   ___   ___   _____     ___     _     ___   ___   ___   ___  
 |_   _| | __| / __| |_   _|   | _ \   /_\   / __| / __| | __| |   \ 
   | |   | _|  \__ \   | |     |  _/  / _ \  \__ \ \__ \ | _|  | |) |
   |_|   |___| |___/   |_|     |_|   /_/ \_\ |___/ |___/ |___| |___/ 

TC08 - Register with existed account
----------------------------------------------------------------------
]]></system-out>
  </testcase>
  <testcase name="TC09 - Register with invalid payload format" classname="[01_Automation] - Register" time="0.102">
    <system-out><![CDATA[
Scenario: TC09 - Register with invalid payload format                             &amp#27;[90m# src/test/resources/Register.feature:43&amp#27;[0m
04:24:01.834 [main] INFO io.cucumber.core.plugin.SerenityReporter -- Running feature from file:///D:/TaksAlterra/MiniProject/MiniProject_API/src/test/resources/Register.feature
04:24:01.834 [main] WARN io.cucumber.core.plugin.SerenityReporter -- Feature from file:///D:/TaksAlterra/MiniProject/MiniProject_API/src/test/resources/Register.feature is not under the 'features' directory. Requirements report will not be correctly generated!
04:24:01.835 [main] INFO  -- 
  _____   ___   ___   _____     ___   _____     _     ___   _____   ___   ___  
 |_   _| | __| / __| |_   _|   / __| |_   _|   /_\   | _ \ |_   _| | __| |   \ 
   | |   | _|  \__ \   | |     \__ \   | |    / _ \  |   /   | |   | _|  | |) |
   |_|   |___| |___/   |_|     |___/   |_|   /_/ \_\ |_|_\   |_|   |___| |___/ 

TC09 - Register with invalid payload format([01-automation]---register;tc09---register-with-invalid-payload-format)
--------------------------------------------------------------------------------
04:24:01.838 [main] DEBUG net.thucydides.core.steps.StepInterceptor -- STARTING STEP: RegisterSteps.postRegisterEndpoints9 - I POST register endpoints 9
04:24:01.838 [main] DEBUG net.thucydides.core.steps.StepInterceptor -- STEP DONE: I POST register endpoints 9
  &amp#27;[32mGiven &amp#27;[0m&amp#27;[32mI POST register endpoints 9&amp#27;[0m                                               &amp#27;[90m# starter.stepdefinition.RegisterSteps.postRegisterEndpoints9()&amp#27;[0m
04:24:01.839 [main] DEBUG net.thucydides.core.steps.StepInterceptor -- STARTING STEP: RegisterSteps.postHTTPRequestForRegisterWithInvalidPayloadFormat - I POST HTTP request for register with invalid payload format
04:24:01.840 [main] DEBUG net.thucydides.core.steps.StepInterceptor -- STARTING STEP: Register.postHTTPRequestForRegisterWithInvalidPayloadFormat - I POST register endpoints 9
04:24:01.840 [main] DEBUG net.thucydides.core.steps.StepInterceptor -- STEP DONE: I POST register endpoints 9
04:24:01.843 [main] DEBUG org.apache.http.impl.conn.BasicClientConnectionManager -- Get connection for route {s}->https://altashop-api.fly.dev:443
04:24:01.843 [main] DEBUG org.apache.http.impl.conn.DefaultClientConnectionOperator -- Connecting to altashop-api.fly.dev:443
04:24:01.905 [main] DEBUG org.apache.http.client.protocol.RequestAddCookies -- CookieSpec selected: ignoreCookies
04:24:01.905 [main] DEBUG org.apache.http.client.protocol.RequestAuthCache -- Auth cache not set in the context
04:24:01.905 [main] DEBUG org.apache.http.client.protocol.RequestTargetAuthentication -- Target auth state: UNCHALLENGED
04:24:01.905 [main] DEBUG org.apache.http.client.protocol.RequestProxyAuthentication -- Proxy auth state: UNCHALLENGED
04:24:01.905 [main] DEBUG org.apache.http.impl.client.DefaultHttpClient -- Attempt 1 to execute request
04:24:01.905 [main] DEBUG org.apache.http.impl.conn.DefaultClientConnection -- Sending request: POST /api/auth/register HTTP/1.1
04:24:01.905 [main] DEBUG org.apache.http.wire --  >> "POST /api/auth/register HTTP/1.1[\r][\n]"
04:24:01.905 [main] DEBUG org.apache.http.wire --  >> "Accept: */*[\r][\n]"
04:24:01.905 [main] DEBUG org.apache.http.wire --  >> "Content-Type: application/json[\r][\n]"
04:24:01.905 [main] DEBUG org.apache.http.wire --  >> "Content-Length: 80[\r][\n]"
04:24:01.905 [main] DEBUG org.apache.http.wire --  >> "Host: altashop-api.fly.dev[\r][\n]"
04:24:01.905 [main] DEBUG org.apache.http.wire --  >> "Connection: Keep-Alive[\r][\n]"
04:24:01.905 [main] DEBUG org.apache.http.wire --  >> "User-Agent: Apache-HttpClient/4.5.13 (Java/17.0.8)[\r][\n]"
04:24:01.905 [main] DEBUG org.apache.http.wire --  >> "Accept-Encoding: gzip,deflate[\r][\n]"
04:24:01.905 [main] DEBUG org.apache.http.wire --  >> "[\r][\n]"
04:24:01.905 [main] DEBUG org.apache.http.headers -- >> POST /api/auth/register HTTP/1.1
04:24:01.905 [main] DEBUG org.apache.http.headers -- >> Accept: */*
04:24:01.905 [main] DEBUG org.apache.http.headers -- >> Content-Type: application/json
04:24:01.905 [main] DEBUG org.apache.http.headers -- >> Content-Length: 80
04:24:01.905 [main] DEBUG org.apache.http.headers -- >> Host: altashop-api.fly.dev
04:24:01.905 [main] DEBUG org.apache.http.headers -- >> Connection: Keep-Alive
04:24:01.905 [main] DEBUG org.apache.http.headers -- >> User-Agent: Apache-HttpClient/4.5.13 (Java/17.0.8)
04:24:01.905 [main] DEBUG org.apache.http.headers -- >> Accept-Encoding: gzip,deflate
04:24:01.905 [main] DEBUG org.apache.http.wire --  >> "{"fullnme":"Wiyan Herra Herviana","mail":"wiyan123@gmail.com","pass":"wiyan123"}"
04:24:01.930 [main] DEBUG org.apache.http.wire --  << "HTTP/1.1 400 Bad Request[\r][\n]"
04:24:01.930 [main] DEBUG org.apache.http.wire --  << "content-type: application/json[\r][\n]"
04:24:01.930 [main] DEBUG org.apache.http.wire --  << "date: Mon, 30 Oct 2023 21:24:03 GMT[\r][\n]"
04:24:01.930 [main] DEBUG org.apache.http.wire --  << "content-encoding: gzip[\r][\n]"
04:24:01.930 [main] DEBUG org.apache.http.wire --  << "transfer-encoding: chunked[\r][\n]"
04:24:01.930 [main] DEBUG org.apache.http.wire --  << "server: Fly/7328d5b5 (2023-10-27)[\r][\n]"
04:24:01.930 [main] DEBUG org.apache.http.wire --  << "via: 1.1 fly.io[\r][\n]"
04:24:01.930 [main] DEBUG org.apache.http.wire --  << "fly-request-id: 01HE17HSQXHBQ78H77P8FZKJDN-sin[\r][\n]"
04:24:01.930 [main] DEBUG org.apache.http.wire --  << "[\r][\n]"
04:24:01.930 [main] DEBUG org.apache.http.impl.conn.DefaultClientConnection -- Receiving response: HTTP/1.1 400 Bad Request
04:24:01.930 [main] DEBUG org.apache.http.headers -- << HTTP/1.1 400 Bad Request
04:24:01.930 [main] DEBUG org.apache.http.headers -- << content-type: application/json
04:24:01.930 [main] DEBUG org.apache.http.headers -- << date: Mon, 30 Oct 2023 21:24:03 GMT
04:24:01.930 [main] DEBUG org.apache.http.headers -- << content-encoding: gzip
04:24:01.930 [main] DEBUG org.apache.http.headers -- << transfer-encoding: chunked
04:24:01.930 [main] DEBUG org.apache.http.headers -- << server: Fly/7328d5b5 (2023-10-27)
04:24:01.930 [main] DEBUG org.apache.http.headers -- << via: 1.1 fly.io
04:24:01.930 [main] DEBUG org.apache.http.headers -- << fly-request-id: 01HE17HSQXHBQ78H77P8FZKJDN-sin
04:24:01.930 [main] DEBUG org.apache.http.impl.client.DefaultHttpClient -- Connection can be kept alive indefinitely
04:24:01.930 [main] DEBUG io.restassured.internal.RestAssuredHttpBuilder -- Parsing response as: application/json
04:24:01.930 [main] DEBUG org.apache.http.wire --  << "32[\r][\n]"
04:24:01.930 [main] DEBUG org.apache.http.wire --  << "[0x1f][0x8b][0x8][0x0][0x0][0x0][0x0][0x0][0x4][0xff][0xab]VJ-*[0xca]/R[0xb2]RJ[0xcd]M[0xcc][0xcc]Q[0xc8],V(J-,[0xcd],JMQ[0xaa][0xe5][0x2][0x0]&[0xe3][0xaa]j[0x1e][0x0][0x0][0x0]"
04:24:01.930 [main] DEBUG org.apache.http.wire --  << "[\r][\n]"
04:24:01.930 [main] DEBUG org.apache.http.wire --  << "0[\r][\n]"
04:24:01.930 [main] DEBUG org.apache.http.wire --  << "[\r][\n]"
04:24:01.930 [main] DEBUG io.restassured.internal.RestAssuredHttpBuilder -- Parsed data to instance of: class org.apache.http.conn.EofSensorInputStream
04:24:01.931 [main] DEBUG org.apache.http.impl.conn.BasicClientConnectionManager -- Releasing connection org.apache.http.impl.conn.ManagedClientConnectionImpl@28f33810
04:24:01.931 [main] DEBUG org.apache.http.impl.conn.BasicClientConnectionManager -- Connection can be kept alive indefinitely
04:24:01.931 [main] DEBUG net.thucydides.core.steps.StepInterceptor -- STEP DONE: I POST HTTP request for register with invalid payload format
  &amp#27;[32mWhen &amp#27;[0m&amp#27;[32mI POST HTTP request for register with invalid payload format&amp#27;[0m               &amp#27;[90m# starter.stepdefinition.RegisterSteps.postHTTPRequestForRegisterWithInvalidPayloadFormat()&amp#27;[0m
04:24:01.932 [main] DEBUG net.thucydides.core.steps.StepInterceptor -- STARTING STEP: RegisterSteps.receiveResponseCode400ForRegisterWithInvalidPayloadFormat - I receive valid HTTP response 400 for register with invalid payload format
04:24:01.932 [main] DEBUG net.thucydides.core.steps.StepInterceptor -- STEP DONE: I receive valid HTTP response 400 for register with invalid payload format
  &amp#27;[32mThen &amp#27;[0m&amp#27;[32mI receive valid HTTP response 400 for register with invalid payload format&amp#27;[0m &amp#27;[90m# starter.stepdefinition.RegisterSteps.receiveResponseCode400ForRegisterWithInvalidPayloadFormat()&amp#27;[0m
04:24:01.933 [main] INFO  -- 
  _____   ___   ___   _____     ___     _     ___   ___   ___   ___  
 |_   _| | __| / __| |_   _|   | _ \   /_\   / __| / __| | __| |   \ 
   | |   | _|  \__ \   | |     |  _/  / _ \  \__ \ \__ \ | _|  | |) |
   |_|   |___| |___/   |_|     |_|   /_/ \_\ |___/ |___/ |___| |___/ 

TC09 - Register with invalid payload format
----------------------------------------------------------------------
]]></system-out>
  </testcase>
  <testcase name="TC10 - Register without any payload" classname="[01_Automation] - Register" time="0.098">
    <system-out><![CDATA[
Scenario: TC10 - Register without any payload                             &amp#27;[90m# src/test/resources/Register.feature:48&amp#27;[0m
04:24:01.937 [main] INFO io.cucumber.core.plugin.SerenityReporter -- Running feature from file:///D:/TaksAlterra/MiniProject/MiniProject_API/src/test/resources/Register.feature
04:24:01.937 [main] WARN io.cucumber.core.plugin.SerenityReporter -- Feature from file:///D:/TaksAlterra/MiniProject/MiniProject_API/src/test/resources/Register.feature is not under the 'features' directory. Requirements report will not be correctly generated!
04:24:01.938 [main] INFO  -- 
  _____   ___   ___   _____     ___   _____     _     ___   _____   ___   ___  
 |_   _| | __| / __| |_   _|   / __| |_   _|   /_\   | _ \ |_   _| | __| |   \ 
   | |   | _|  \__ \   | |     \__ \   | |    / _ \  |   /   | |   | _|  | |) |
   |_|   |___| |___/   |_|     |___/   |_|   /_/ \_\ |_|_\   |_|   |___| |___/ 

TC10 - Register without any payload([01-automation]---register;tc10---register-without-any-payload)
--------------------------------------------------------------------------------
04:24:01.942 [main] DEBUG net.thucydides.core.steps.StepInterceptor -- STARTING STEP: RegisterSteps.postRegisterEndpoints10 - I POST register endpoints 10
04:24:01.942 [main] DEBUG net.thucydides.core.steps.StepInterceptor -- STEP DONE: I POST register endpoints 10
  &amp#27;[32mGiven &amp#27;[0m&amp#27;[32mI POST register endpoints 10&amp#27;[0m                                      &amp#27;[90m# starter.stepdefinition.RegisterSteps.postRegisterEndpoints10()&amp#27;[0m
04:24:01.943 [main] DEBUG net.thucydides.core.steps.StepInterceptor -- STARTING STEP: RegisterSteps.postHTTPRequestForRegisterWithoutAnyPayload - I POST HTTP request for register without any payload
04:24:01.944 [main] DEBUG net.thucydides.core.steps.StepInterceptor -- STARTING STEP: Register.postHTTPRequestForRegisterWithoutAnyPayload - I POST register endpoints 10
04:24:01.945 [main] DEBUG net.thucydides.core.steps.StepInterceptor -- STEP DONE: I POST register endpoints 10
04:24:01.948 [main] DEBUG org.apache.http.impl.conn.BasicClientConnectionManager -- Get connection for route {s}->https://altashop-api.fly.dev:443
04:24:01.948 [main] DEBUG org.apache.http.impl.conn.DefaultClientConnectionOperator -- Connecting to altashop-api.fly.dev:443
04:24:01.998 [main] DEBUG org.apache.http.client.protocol.RequestAddCookies -- CookieSpec selected: ignoreCookies
04:24:01.998 [main] DEBUG org.apache.http.client.protocol.RequestAuthCache -- Auth cache not set in the context
04:24:01.998 [main] DEBUG org.apache.http.client.protocol.RequestTargetAuthentication -- Target auth state: UNCHALLENGED
04:24:01.998 [main] DEBUG org.apache.http.client.protocol.RequestProxyAuthentication -- Proxy auth state: UNCHALLENGED
04:24:01.998 [main] DEBUG org.apache.http.impl.client.DefaultHttpClient -- Attempt 1 to execute request
04:24:01.998 [main] DEBUG org.apache.http.impl.conn.DefaultClientConnection -- Sending request: POST /api/auth/register HTTP/1.1
04:24:01.998 [main] DEBUG org.apache.http.wire --  >> "POST /api/auth/register HTTP/1.1[\r][\n]"
04:24:01.998 [main] DEBUG org.apache.http.wire --  >> "Accept: */*[\r][\n]"
04:24:01.998 [main] DEBUG org.apache.http.wire --  >> "Content-Type: application/json[\r][\n]"
04:24:01.998 [main] DEBUG org.apache.http.wire --  >> "Content-Length: 2[\r][\n]"
04:24:01.998 [main] DEBUG org.apache.http.wire --  >> "Host: altashop-api.fly.dev[\r][\n]"
04:24:01.998 [main] DEBUG org.apache.http.wire --  >> "Connection: Keep-Alive[\r][\n]"
04:24:01.998 [main] DEBUG org.apache.http.wire --  >> "User-Agent: Apache-HttpClient/4.5.13 (Java/17.0.8)[\r][\n]"
04:24:01.998 [main] DEBUG org.apache.http.wire --  >> "Accept-Encoding: gzip,deflate[\r][\n]"
04:24:01.998 [main] DEBUG org.apache.http.wire --  >> "[\r][\n]"
04:24:01.998 [main] DEBUG org.apache.http.headers -- >> POST /api/auth/register HTTP/1.1
04:24:01.998 [main] DEBUG org.apache.http.headers -- >> Accept: */*
04:24:01.998 [main] DEBUG org.apache.http.headers -- >> Content-Type: application/json
04:24:01.998 [main] DEBUG org.apache.http.headers -- >> Content-Length: 2
04:24:01.998 [main] DEBUG org.apache.http.headers -- >> Host: altashop-api.fly.dev
04:24:01.998 [main] DEBUG org.apache.http.headers -- >> Connection: Keep-Alive
04:24:01.998 [main] DEBUG org.apache.http.headers -- >> User-Agent: Apache-HttpClient/4.5.13 (Java/17.0.8)
04:24:01.998 [main] DEBUG org.apache.http.headers -- >> Accept-Encoding: gzip,deflate
04:24:01.998 [main] DEBUG org.apache.http.wire --  >> "{}"
04:24:02.025 [main] DEBUG org.apache.http.wire --  << "HTTP/1.1 400 Bad Request[\r][\n]"
04:24:02.026 [main] DEBUG org.apache.http.wire --  << "content-type: application/json[\r][\n]"
04:24:02.026 [main] DEBUG org.apache.http.wire --  << "date: Mon, 30 Oct 2023 21:24:03 GMT[\r][\n]"
04:24:02.026 [main] DEBUG org.apache.http.wire --  << "content-encoding: gzip[\r][\n]"
04:24:02.026 [main] DEBUG org.apache.http.wire --  << "transfer-encoding: chunked[\r][\n]"
04:24:02.026 [main] DEBUG org.apache.http.wire --  << "server: Fly/7328d5b5 (2023-10-27)[\r][\n]"
04:24:02.026 [main] DEBUG org.apache.http.wire --  << "via: 1.1 fly.io[\r][\n]"
04:24:02.026 [main] DEBUG org.apache.http.wire --  << "fly-request-id: 01HE17HSTW89FPE83JW443GJSA-sin[\r][\n]"
04:24:02.026 [main] DEBUG org.apache.http.wire --  << "[\r][\n]"
04:24:02.026 [main] DEBUG org.apache.http.impl.conn.DefaultClientConnection -- Receiving response: HTTP/1.1 400 Bad Request
04:24:02.026 [main] DEBUG org.apache.http.headers -- << HTTP/1.1 400 Bad Request
04:24:02.026 [main] DEBUG org.apache.http.headers -- << content-type: application/json
04:24:02.026 [main] DEBUG org.apache.http.headers -- << date: Mon, 30 Oct 2023 21:24:03 GMT
04:24:02.026 [main] DEBUG org.apache.http.headers -- << content-encoding: gzip
04:24:02.026 [main] DEBUG org.apache.http.headers -- << transfer-encoding: chunked
04:24:02.026 [main] DEBUG org.apache.http.headers -- << server: Fly/7328d5b5 (2023-10-27)
04:24:02.026 [main] DEBUG org.apache.http.headers -- << via: 1.1 fly.io
04:24:02.026 [main] DEBUG org.apache.http.headers -- << fly-request-id: 01HE17HSTW89FPE83JW443GJSA-sin
04:24:02.026 [main] DEBUG org.apache.http.impl.client.DefaultHttpClient -- Connection can be kept alive indefinitely
04:24:02.026 [main] DEBUG io.restassured.internal.RestAssuredHttpBuilder -- Parsing response as: application/json
04:24:02.026 [main] DEBUG org.apache.http.wire --  << "32[\r][\n]"
04:24:02.026 [main] DEBUG org.apache.http.wire --  << "[0x1f][0x8b][0x8][0x0][0x0][0x0][0x0][0x0][0x4][0xff][0xab]VJ-*[0xca]/R[0xb2]RJ[0xcd]M[0xcc][0xcc]Q[0xc8],V(J-,[0xcd],JMQ[0xaa][0xe5][0x2][0x0]&[0xe3][0xaa]j[0x1e][0x0][0x0][0x0]"
04:24:02.026 [main] DEBUG org.apache.http.wire --  << "[\r][\n]"
04:24:02.026 [main] DEBUG org.apache.http.wire --  << "0[\r][\n]"
04:24:02.026 [main] DEBUG org.apache.http.wire --  << "[\r][\n]"
04:24:02.026 [main] DEBUG io.restassured.internal.RestAssuredHttpBuilder -- Parsed data to instance of: class org.apache.http.conn.EofSensorInputStream
04:24:02.027 [main] DEBUG org.apache.http.impl.conn.BasicClientConnectionManager -- Releasing connection org.apache.http.impl.conn.ManagedClientConnectionImpl@4a0b1701
04:24:02.027 [main] DEBUG org.apache.http.impl.conn.BasicClientConnectionManager -- Connection can be kept alive indefinitely
04:24:02.027 [main] DEBUG net.thucydides.core.steps.StepInterceptor -- STEP DONE: I POST HTTP request for register without any payload
  &amp#27;[32mWhen &amp#27;[0m&amp#27;[32mI POST HTTP request for register without any payload&amp#27;[0m               &amp#27;[90m# starter.stepdefinition.RegisterSteps.postHTTPRequestForRegisterWithoutAnyPayload()&amp#27;[0m
04:24:02.028 [main] DEBUG net.thucydides.core.steps.StepInterceptor -- STARTING STEP: RegisterSteps.receiveResponseCode400ForRegisterWithoutAnyPayload - I receive valid HTTP response 400 for register without any payload
04:24:02.028 [main] DEBUG net.thucydides.core.steps.StepInterceptor -- STEP DONE: I receive valid HTTP response 400 for register without any payload
  &amp#27;[32mThen &amp#27;[0m&amp#27;[32mI receive valid HTTP response 400 for register without any payload&amp#27;[0m &amp#27;[90m# starter.stepdefinition.RegisterSteps.receiveResponseCode400ForRegisterWithoutAnyPayload()&amp#27;[0m
04:24:02.030 [main] INFO  -- 
  _____   ___   ___   _____     ___     _     ___   ___   ___   ___  
 |_   _| | __| / __| |_   _|   | _ \   /_\   / __| / __| | __| |   \ 
   | |   | _|  \__ \   | |     |  _/  / _ \  \__ \ \__ \ | _|  | |) |
   |_|   |___| |___/   |_|     |_|   /_/ \_\ |___/ |___/ |___| |___/ 

TC10 - Register without any payload
----------------------------------------------------------------------
]]></system-out>
  </testcase>
  <testcase name="TC11 - Register with body parameter is empty" classname="[01_Automation] - Register" time="0.103">
    <system-out><![CDATA[
Scenario: TC11 - Register with body parameter is empty                             &amp#27;[90m# src/test/resources/Register.feature:53&amp#27;[0m
04:24:02.033 [main] INFO io.cucumber.core.plugin.SerenityReporter -- Running feature from file:///D:/TaksAlterra/MiniProject/MiniProject_API/src/test/resources/Register.feature
04:24:02.033 [main] WARN io.cucumber.core.plugin.SerenityReporter -- Feature from file:///D:/TaksAlterra/MiniProject/MiniProject_API/src/test/resources/Register.feature is not under the 'features' directory. Requirements report will not be correctly generated!
04:24:02.034 [main] INFO  -- 
  _____   ___   ___   _____     ___   _____     _     ___   _____   ___   ___  
 |_   _| | __| / __| |_   _|   / __| |_   _|   /_\   | _ \ |_   _| | __| |   \ 
   | |   | _|  \__ \   | |     \__ \   | |    / _ \  |   /   | |   | _|  | |) |
   |_|   |___| |___/   |_|     |___/   |_|   /_/ \_\ |_|_\   |_|   |___| |___/ 

TC11 - Register with body parameter is empty([01-automation]---register;tc11---register-with-body-parameter-is-empty)
--------------------------------------------------------------------------------
04:24:02.037 [main] DEBUG net.thucydides.core.steps.StepInterceptor -- STARTING STEP: RegisterSteps.postRegisterEndpoints11 - I POST register endpoints 11
04:24:02.037 [main] DEBUG net.thucydides.core.steps.StepInterceptor -- STEP DONE: I POST register endpoints 11
  &amp#27;[32mGiven &amp#27;[0m&amp#27;[32mI POST register endpoints 11&amp#27;[0m                                               &amp#27;[90m# starter.stepdefinition.RegisterSteps.postRegisterEndpoints11()&amp#27;[0m
04:24:02.038 [main] DEBUG net.thucydides.core.steps.StepInterceptor -- STARTING STEP: RegisterSteps.postHTTPRequestForRegisterWithBodyParameterIsEmpty - I POST HTTP request for register with body parameter is empty
04:24:02.040 [main] DEBUG net.thucydides.core.steps.StepInterceptor -- STARTING STEP: Register.postHTTPRequestForRegisterWithBodyParameterIsEmpty - I POST register endpoints 11
04:24:02.040 [main] DEBUG net.thucydides.core.steps.StepInterceptor -- STEP DONE: I POST register endpoints 11
04:24:02.042 [main] DEBUG org.apache.http.impl.conn.BasicClientConnectionManager -- Get connection for route {s}->https://altashop-api.fly.dev:443
04:24:02.043 [main] DEBUG org.apache.http.impl.conn.DefaultClientConnectionOperator -- Connecting to altashop-api.fly.dev:443
04:24:02.105 [main] DEBUG org.apache.http.client.protocol.RequestAddCookies -- CookieSpec selected: ignoreCookies
04:24:02.105 [main] DEBUG org.apache.http.client.protocol.RequestAuthCache -- Auth cache not set in the context
04:24:02.105 [main] DEBUG org.apache.http.client.protocol.RequestTargetAuthentication -- Target auth state: UNCHALLENGED
04:24:02.105 [main] DEBUG org.apache.http.client.protocol.RequestProxyAuthentication -- Proxy auth state: UNCHALLENGED
04:24:02.105 [main] DEBUG org.apache.http.impl.client.DefaultHttpClient -- Attempt 1 to execute request
04:24:02.105 [main] DEBUG org.apache.http.impl.conn.DefaultClientConnection -- Sending request: POST /api/auth/register HTTP/1.1
04:24:02.105 [main] DEBUG org.apache.http.wire --  >> "POST /api/auth/register HTTP/1.1[\r][\n]"
04:24:02.105 [main] DEBUG org.apache.http.wire --  >> "Accept: */*[\r][\n]"
04:24:02.105 [main] DEBUG org.apache.http.wire --  >> "Content-Type: application/json[\r][\n]"
04:24:02.105 [main] DEBUG org.apache.http.wire --  >> "Content-Length: 40[\r][\n]"
04:24:02.105 [main] DEBUG org.apache.http.wire --  >> "Host: altashop-api.fly.dev[\r][\n]"
04:24:02.105 [main] DEBUG org.apache.http.wire --  >> "Connection: Keep-Alive[\r][\n]"
04:24:02.105 [main] DEBUG org.apache.http.wire --  >> "User-Agent: Apache-HttpClient/4.5.13 (Java/17.0.8)[\r][\n]"
04:24:02.105 [main] DEBUG org.apache.http.wire --  >> "Accept-Encoding: gzip,deflate[\r][\n]"
04:24:02.105 [main] DEBUG org.apache.http.wire --  >> "[\r][\n]"
04:24:02.105 [main] DEBUG org.apache.http.headers -- >> POST /api/auth/register HTTP/1.1
04:24:02.105 [main] DEBUG org.apache.http.headers -- >> Accept: */*
04:24:02.105 [main] DEBUG org.apache.http.headers -- >> Content-Type: application/json
04:24:02.105 [main] DEBUG org.apache.http.headers -- >> Content-Length: 40
04:24:02.105 [main] DEBUG org.apache.http.headers -- >> Host: altashop-api.fly.dev
04:24:02.105 [main] DEBUG org.apache.http.headers -- >> Connection: Keep-Alive
04:24:02.105 [main] DEBUG org.apache.http.headers -- >> User-Agent: Apache-HttpClient/4.5.13 (Java/17.0.8)
04:24:02.105 [main] DEBUG org.apache.http.headers -- >> Accept-Encoding: gzip,deflate
04:24:02.105 [main] DEBUG org.apache.http.wire --  >> "{"password":"","fullname":"","email":""}"
04:24:02.130 [main] DEBUG org.apache.http.wire --  << "HTTP/1.1 400 Bad Request[\r][\n]"
04:24:02.130 [main] DEBUG org.apache.http.wire --  << "content-type: application/json[\r][\n]"
04:24:02.130 [main] DEBUG org.apache.http.wire --  << "date: Mon, 30 Oct 2023 21:24:03 GMT[\r][\n]"
04:24:02.130 [main] DEBUG org.apache.http.wire --  << "content-encoding: gzip[\r][\n]"
04:24:02.130 [main] DEBUG org.apache.http.wire --  << "transfer-encoding: chunked[\r][\n]"
04:24:02.130 [main] DEBUG org.apache.http.wire --  << "server: Fly/7328d5b5 (2023-10-27)[\r][\n]"
04:24:02.130 [main] DEBUG org.apache.http.wire --  << "via: 1.1 fly.io[\r][\n]"
04:24:02.130 [main] DEBUG org.apache.http.wire --  << "fly-request-id: 01HE17HSY6AW0YYSYZRTEJ76MN-sin[\r][\n]"
04:24:02.130 [main] DEBUG org.apache.http.wire --  << "[\r][\n]"
04:24:02.130 [main] DEBUG org.apache.http.impl.conn.DefaultClientConnection -- Receiving response: HTTP/1.1 400 Bad Request
04:24:02.130 [main] DEBUG org.apache.http.headers -- << HTTP/1.1 400 Bad Request
04:24:02.130 [main] DEBUG org.apache.http.headers -- << content-type: application/json
04:24:02.130 [main] DEBUG org.apache.http.headers -- << date: Mon, 30 Oct 2023 21:24:03 GMT
04:24:02.130 [main] DEBUG org.apache.http.headers -- << content-encoding: gzip
04:24:02.130 [main] DEBUG org.apache.http.headers -- << transfer-encoding: chunked
04:24:02.130 [main] DEBUG org.apache.http.headers -- << server: Fly/7328d5b5 (2023-10-27)
04:24:02.130 [main] DEBUG org.apache.http.headers -- << via: 1.1 fly.io
04:24:02.130 [main] DEBUG org.apache.http.headers -- << fly-request-id: 01HE17HSY6AW0YYSYZRTEJ76MN-sin
04:24:02.130 [main] DEBUG org.apache.http.impl.client.DefaultHttpClient -- Connection can be kept alive indefinitely
04:24:02.130 [main] DEBUG io.restassured.internal.RestAssuredHttpBuilder -- Parsing response as: application/json
04:24:02.130 [main] DEBUG org.apache.http.wire --  << "32[\r][\n]"
04:24:02.130 [main] DEBUG org.apache.http.wire --  << "[0x1f][0x8b][0x8][0x0][0x0][0x0][0x0][0x0][0x4][0xff][0xab]VJ-*[0xca]/R[0xb2]RJ[0xcd]M[0xcc][0xcc]Q[0xc8],V(J-,[0xcd],JMQ[0xaa][0xe5][0x2][0x0]&[0xe3][0xaa]j[0x1e][0x0][0x0][0x0]"
04:24:02.130 [main] DEBUG org.apache.http.wire --  << "[\r][\n]"
04:24:02.130 [main] DEBUG org.apache.http.wire --  << "0[\r][\n]"
04:24:02.130 [main] DEBUG org.apache.http.wire --  << "[\r][\n]"
04:24:02.130 [main] DEBUG io.restassured.internal.RestAssuredHttpBuilder -- Parsed data to instance of: class org.apache.http.conn.EofSensorInputStream
04:24:02.131 [main] DEBUG org.apache.http.impl.conn.BasicClientConnectionManager -- Releasing connection org.apache.http.impl.conn.ManagedClientConnectionImpl@7aead7d9
04:24:02.131 [main] DEBUG org.apache.http.impl.conn.BasicClientConnectionManager -- Connection can be kept alive indefinitely
04:24:02.131 [main] DEBUG net.thucydides.core.steps.StepInterceptor -- STEP DONE: I POST HTTP request for register with body parameter is empty
  &amp#27;[32mWhen &amp#27;[0m&amp#27;[32mI POST HTTP request for register with body parameter is empty&amp#27;[0m               &amp#27;[90m# starter.stepdefinition.RegisterSteps.postHTTPRequestForRegisterWithBodyParameterIsEmpty()&amp#27;[0m
04:24:02.133 [main] DEBUG net.thucydides.core.steps.StepInterceptor -- STARTING STEP: RegisterSteps.receiveResponseCode400ForRegisterWithBodyParameterIsEmpty - I receive valid HTTP response 400 for register with body parameter is empty
04:24:02.134 [main] DEBUG net.thucydides.core.steps.StepInterceptor -- STEP DONE: I receive valid HTTP response 400 for register with body parameter is empty
  &amp#27;[32mThen &amp#27;[0m&amp#27;[32mI receive valid HTTP response 400 for register with body parameter is empty&amp#27;[0m &amp#27;[90m# starter.stepdefinition.RegisterSteps.receiveResponseCode400ForRegisterWithBodyParameterIsEmpty()&amp#27;[0m
04:24:02.134 [main] INFO  -- 
  _____   ___   ___   _____     ___     _     ___   ___   ___   ___  
 |_   _| | __| / __| |_   _|   | _ \   /_\   / __| / __| | __| |   \ 
   | |   | _|  \__ \   | |     |  _/  / _ \  \__ \ \__ \ | _|  | |) |
   |_|   |___| |___/   |_|     |_|   /_/ \_\ |___/ |___/ |___| |___/ 

TC11 - Register with body parameter is empty
----------------------------------------------------------------------
]]></system-out>
  </testcase>
  <testcase name="TC12 - Register with invalid HTTP method" classname="[01_Automation] - Register" time="0.093">
    <system-out><![CDATA[
Scenario: TC12 - Register with invalid HTTP method                             &amp#27;[90m# src/test/resources/Register.feature:58&amp#27;[0m
04:24:02.137 [main] INFO io.cucumber.core.plugin.SerenityReporter -- Running feature from file:///D:/TaksAlterra/MiniProject/MiniProject_API/src/test/resources/Register.feature
04:24:02.137 [main] WARN io.cucumber.core.plugin.SerenityReporter -- Feature from file:///D:/TaksAlterra/MiniProject/MiniProject_API/src/test/resources/Register.feature is not under the 'features' directory. Requirements report will not be correctly generated!
04:24:02.138 [main] INFO  -- 
  _____   ___   ___   _____     ___   _____     _     ___   _____   ___   ___  
 |_   _| | __| / __| |_   _|   / __| |_   _|   /_\   | _ \ |_   _| | __| |   \ 
   | |   | _|  \__ \   | |     \__ \   | |    / _ \  |   /   | |   | _|  | |) |
   |_|   |___| |___/   |_|     |___/   |_|   /_/ \_\ |_|_\   |_|   |___| |___/ 

TC12 - Register with invalid HTTP method([01-automation]---register;tc12---register-with-invalid-http-method)
--------------------------------------------------------------------------------
04:24:02.140 [main] DEBUG net.thucydides.core.steps.StepInterceptor -- STARTING STEP: RegisterSteps.putRegisterEndpoints - I PUT register endpoints
04:24:02.140 [main] DEBUG net.thucydides.core.steps.StepInterceptor -- STEP DONE: I PUT register endpoints
  &amp#27;[32mGiven &amp#27;[0m&amp#27;[32mI PUT register endpoints&amp#27;[0m                                               &amp#27;[90m# starter.stepdefinition.RegisterSteps.putRegisterEndpoints()&amp#27;[0m
04:24:02.141 [main] DEBUG net.thucydides.core.steps.StepInterceptor -- STARTING STEP: RegisterSteps.putRequestForRegisterWithInvalidHTTPMethod - I send request for register with invalid HTTP method
04:24:02.141 [main] DEBUG net.thucydides.core.steps.StepInterceptor -- STARTING STEP: Register.putRequestForRegisterWithInvalidHTTPMethod - I PUT register endpoints
04:24:02.142 [main] DEBUG net.thucydides.core.steps.StepInterceptor -- STEP DONE: I PUT register endpoints
04:24:02.144 [main] DEBUG org.apache.http.impl.conn.BasicClientConnectionManager -- Get connection for route {s}->https://altashop-api.fly.dev:443
04:24:02.144 [main] DEBUG org.apache.http.impl.conn.DefaultClientConnectionOperator -- Connecting to altashop-api.fly.dev:443
04:24:02.197 [main] DEBUG org.apache.http.client.protocol.RequestAddCookies -- CookieSpec selected: ignoreCookies
04:24:02.197 [main] DEBUG org.apache.http.client.protocol.RequestAuthCache -- Auth cache not set in the context
04:24:02.197 [main] DEBUG org.apache.http.client.protocol.RequestTargetAuthentication -- Target auth state: UNCHALLENGED
04:24:02.197 [main] DEBUG org.apache.http.client.protocol.RequestProxyAuthentication -- Proxy auth state: UNCHALLENGED
04:24:02.197 [main] DEBUG org.apache.http.impl.client.DefaultHttpClient -- Attempt 1 to execute request
04:24:02.197 [main] DEBUG org.apache.http.impl.conn.DefaultClientConnection -- Sending request: PUT /api/auth/register HTTP/1.1
04:24:02.197 [main] DEBUG org.apache.http.wire --  >> "PUT /api/auth/register HTTP/1.1[\r][\n]"
04:24:02.197 [main] DEBUG org.apache.http.wire --  >> "Accept: */*[\r][\n]"
04:24:02.197 [main] DEBUG org.apache.http.wire --  >> "Content-Type: application/json[\r][\n]"
04:24:02.197 [main] DEBUG org.apache.http.wire --  >> "Content-Length: 86[\r][\n]"
04:24:02.197 [main] DEBUG org.apache.http.wire --  >> "Host: altashop-api.fly.dev[\r][\n]"
04:24:02.197 [main] DEBUG org.apache.http.wire --  >> "Connection: Keep-Alive[\r][\n]"
04:24:02.197 [main] DEBUG org.apache.http.wire --  >> "User-Agent: Apache-HttpClient/4.5.13 (Java/17.0.8)[\r][\n]"
04:24:02.197 [main] DEBUG org.apache.http.wire --  >> "Accept-Encoding: gzip,deflate[\r][\n]"
04:24:02.197 [main] DEBUG org.apache.http.wire --  >> "[\r][\n]"
04:24:02.197 [main] DEBUG org.apache.http.headers -- >> PUT /api/auth/register HTTP/1.1
04:24:02.197 [main] DEBUG org.apache.http.headers -- >> Accept: */*
04:24:02.197 [main] DEBUG org.apache.http.headers -- >> Content-Type: application/json
04:24:02.197 [main] DEBUG org.apache.http.headers -- >> Content-Length: 86
04:24:02.197 [main] DEBUG org.apache.http.headers -- >> Host: altashop-api.fly.dev
04:24:02.197 [main] DEBUG org.apache.http.headers -- >> Connection: Keep-Alive
04:24:02.197 [main] DEBUG org.apache.http.headers -- >> User-Agent: Apache-HttpClient/4.5.13 (Java/17.0.8)
04:24:02.197 [main] DEBUG org.apache.http.headers -- >> Accept-Encoding: gzip,deflate
04:24:02.197 [main] DEBUG org.apache.http.wire --  >> "{"password":"wiyan123","fullname":"Wiyan Herra Herviana","email":"wiyan123@gmail.com"}"
04:24:02.222 [main] DEBUG org.apache.http.wire --  << "HTTP/1.1 405 Method Not Allowed[\r][\n]"
04:24:02.222 [main] DEBUG org.apache.http.wire --  << "date: Mon, 30 Oct 2023 21:24:03 GMT[\r][\n]"
04:24:02.222 [main] DEBUG org.apache.http.wire --  << "content-encoding: gzip[\r][\n]"
04:24:02.222 [main] DEBUG org.apache.http.wire --  << "content-type: text/plain; charset=utf-8[\r][\n]"
04:24:02.222 [main] DEBUG org.apache.http.wire --  << "transfer-encoding: chunked[\r][\n]"
04:24:02.222 [main] DEBUG org.apache.http.wire --  << "server: Fly/7328d5b5 (2023-10-27)[\r][\n]"
04:24:02.222 [main] DEBUG org.apache.http.wire --  << "via: 1.1 fly.io[\r][\n]"
04:24:02.222 [main] DEBUG org.apache.http.wire --  << "fly-request-id: 01HE17HT12BH7TRKXKRGQGVEGE-sin[\r][\n]"
04:24:02.222 [main] DEBUG org.apache.http.wire --  << "[\r][\n]"
04:24:02.222 [main] DEBUG org.apache.http.impl.conn.DefaultClientConnection -- Receiving response: HTTP/1.1 405 Method Not Allowed
04:24:02.222 [main] DEBUG org.apache.http.headers -- << HTTP/1.1 405 Method Not Allowed
04:24:02.222 [main] DEBUG org.apache.http.headers -- << date: Mon, 30 Oct 2023 21:24:03 GMT
04:24:02.222 [main] DEBUG org.apache.http.headers -- << content-encoding: gzip
04:24:02.222 [main] DEBUG org.apache.http.headers -- << content-type: text/plain; charset=utf-8
04:24:02.222 [main] DEBUG org.apache.http.headers -- << transfer-encoding: chunked
04:24:02.223 [main] DEBUG org.apache.http.headers -- << server: Fly/7328d5b5 (2023-10-27)
04:24:02.223 [main] DEBUG org.apache.http.headers -- << via: 1.1 fly.io
04:24:02.223 [main] DEBUG org.apache.http.headers -- << fly-request-id: 01HE17HT12BH7TRKXKRGQGVEGE-sin
04:24:02.223 [main] DEBUG org.apache.http.impl.client.DefaultHttpClient -- Connection can be kept alive indefinitely
04:24:02.223 [main] DEBUG io.restassured.internal.RestAssuredHttpBuilder -- Parsing response as: text/plain; charset=utf-8
04:24:02.223 [main] DEBUG org.apache.http.wire --  << "27[\r][\n]"
04:24:02.223 [main] DEBUG org.apache.http.wire --  << "[0x1f][0x8b][0x8][0x0][0x0][0x0][0x0][0x0][0x4][0xff][0xcb]M-[0xc9][0xc8]OQ[0xc8][0xcb]/QH[0xcc][0xc9][0xc9]/OM[0xe1][0x2][0x0][0xe5]Yf[0xfa][0x13][0x0][0x0][0x0]"
04:24:02.223 [main] DEBUG org.apache.http.wire --  << "[\r][\n]"
04:24:02.223 [main] DEBUG org.apache.http.wire --  << "0[\r][\n]"
04:24:02.223 [main] DEBUG org.apache.http.wire --  << "[\r][\n]"
04:24:02.223 [main] DEBUG io.restassured.internal.RestAssuredHttpBuilder -- Parsed data to instance of: class org.apache.http.conn.EofSensorInputStream
04:24:02.224 [main] DEBUG org.apache.http.impl.conn.BasicClientConnectionManager -- Releasing connection org.apache.http.impl.conn.ManagedClientConnectionImpl@1e295ef1
04:24:02.224 [main] DEBUG org.apache.http.impl.conn.BasicClientConnectionManager -- Connection can be kept alive indefinitely
04:24:02.224 [main] DEBUG net.thucydides.core.steps.StepInterceptor -- STEP DONE: I send request for register with invalid HTTP method
  &amp#27;[32mWhen &amp#27;[0m&amp#27;[32mI send request for register with invalid HTTP method&amp#27;[0m                    &amp#27;[90m# starter.stepdefinition.RegisterSteps.putRequestForRegisterWithInvalidHTTPMethod()&amp#27;[0m
04:24:02.226 [main] DEBUG net.thucydides.core.steps.StepInterceptor -- STARTING STEP: RegisterSteps.receiveResponseCode405ForRegisterWithInvalidHTTPMethod - I receive valid HTTP response 405 for register with invalid HTTP method
04:24:02.226 [main] DEBUG net.thucydides.core.steps.StepInterceptor -- STEP DONE: I receive valid HTTP response 405 for register with invalid HTTP method
  &amp#27;[32mThen &amp#27;[0m&amp#27;[32mI receive valid HTTP response 405 for register with invalid HTTP method&amp#27;[0m &amp#27;[90m# starter.stepdefinition.RegisterSteps.receiveResponseCode405ForRegisterWithInvalidHTTPMethod()&amp#27;[0m
04:24:02.227 [main] INFO  -- 
  _____   ___   ___   _____     ___     _     ___   ___   ___   ___  
 |_   _| | __| / __| |_   _|   | _ \   /_\   / __| / __| | __| |   \ 
   | |   | _|  \__ \   | |     |  _/  / _ \  \__ \ \__ \ | _|  | |) |
   |_|   |___| |___/   |_|     |_|   /_/ \_\ |___/ |___/ |___| |___/ 

TC12 - Register with invalid HTTP method
----------------------------------------------------------------------
]]></system-out>
  </testcase>
  <testcase name="TC22 - Get user information" classname="[03_Automation] - User Information" time="0.091">
    <system-out><![CDATA[04:24:02.227 [main] INFO io.cucumber.core.plugin.SerenityReporter -- Running feature from file:///D:/TaksAlterra/MiniProject/MiniProject_API/src/test/resources/UserInformation.feature
04:24:02.227 [main] WARN io.cucumber.core.plugin.SerenityReporter -- Feature from file:///D:/TaksAlterra/MiniProject/MiniProject_API/src/test/resources/UserInformation.feature is not under the 'features' directory. Requirements report will not be correctly generated!
04:24:02.229 [main] DEBUG net.thucydides.core.steps.StepEventBus -- Test suite started for story net.thucydides.core.model.Story@18f4b3f3
04:24:02.229 [main] INFO  -- Test Suite Started: [03_Automation] - User Information

Scenario: TC22 - Get user information                         &amp#27;[90m# src/test/resources/UserInformation.feature:3&amp#27;[0m
04:24:02.231 [main] INFO io.cucumber.core.plugin.SerenityReporter -- Running feature from file:///D:/TaksAlterra/MiniProject/MiniProject_API/src/test/resources/UserInformation.feature
04:24:02.231 [main] WARN io.cucumber.core.plugin.SerenityReporter -- Feature from file:///D:/TaksAlterra/MiniProject/MiniProject_API/src/test/resources/UserInformation.feature is not under the 'features' directory. Requirements report will not be correctly generated!
04:24:02.233 [main] INFO  -- 
  _____   ___   ___   _____     ___   _____     _     ___   _____   ___   ___  
 |_   _| | __| / __| |_   _|   / __| |_   _|   /_\   | _ \ |_   _| | __| |   \ 
   | |   | _|  \__ \   | |     \__ \   | |    / _ \  |   /   | |   | _|  | |) |
   |_|   |___| |___/   |_|     |___/   |_|   /_/ \_\ |_|_\   |_|   |___| |___/ 

TC22 - Get user information([03-automation]---user-information;tc22---get-user-information)
--------------------------------------------------------------------------------
04:24:02.239 [main] DEBUG net.thucydides.core.steps.StepInterceptor -- STARTING STEP: UserInformationSteps.getUserInformationEndpoints - I GET user information endpoints
04:24:02.239 [main] DEBUG net.thucydides.core.steps.StepInterceptor -- STEP DONE: I GET user information endpoints
  &amp#27;[32mGiven &amp#27;[0m&amp#27;[32mI GET user information endpoints&amp#27;[0m                      &amp#27;[90m# starter.stepdefinition.UserInformationSteps.getUserInformationEndpoints()&amp#27;[0m
04:24:02.240 [main] DEBUG net.thucydides.core.steps.StepInterceptor -- STARTING STEP: UserInformationSteps.getHTTPRequestUserInformation - I GET HTTP request with valid token
04:24:02.240 [main] DEBUG net.thucydides.core.steps.StepInterceptor -- STARTING STEP: UserInformation.getHTTPRequestUserInformation - I GET user information endpoints
04:24:02.240 [main] DEBUG net.thucydides.core.steps.StepInterceptor -- STEP DONE: I GET user information endpoints
04:24:02.244 [main] DEBUG org.apache.http.impl.conn.BasicClientConnectionManager -- Get connection for route {s}->https://altashop-api.fly.dev:443
04:24:02.244 [main] DEBUG org.apache.http.impl.conn.DefaultClientConnectionOperator -- Connecting to altashop-api.fly.dev:443
04:24:02.291 [main] DEBUG org.apache.http.client.protocol.RequestAddCookies -- CookieSpec selected: ignoreCookies
04:24:02.291 [main] DEBUG org.apache.http.client.protocol.RequestAuthCache -- Auth cache not set in the context
04:24:02.291 [main] DEBUG org.apache.http.client.protocol.RequestProxyAuthentication -- Proxy auth state: UNCHALLENGED
04:24:02.291 [main] DEBUG org.apache.http.impl.client.DefaultHttpClient -- Attempt 1 to execute request
04:24:02.291 [main] DEBUG org.apache.http.impl.conn.DefaultClientConnection -- Sending request: GET /api/auth/info HTTP/1.1
04:24:02.291 [main] DEBUG org.apache.http.wire --  >> "GET /api/auth/info HTTP/1.1[\r][\n]"
04:24:02.291 [main] DEBUG org.apache.http.wire --  >> "Authorization: Bearer eyJhbGciOiJIUzI1NiIsInR5cCI6IkpXVCJ9.eyJGdWxsbmFtZSI6IldpeWFuIEhlcnJhIEhlcnZpYW5hIiwiRW1haWwiOiJ3aXlhbjEyM0BnbWFpbC5jb20ifQ.Rsm7iH_obOaXakAORv2RniUWUxeZfBjkK8S8HtuLly8[\r][\n]"
04:24:02.291 [main] DEBUG org.apache.http.wire --  >> "Accept: */*[\r][\n]"
04:24:02.291 [main] DEBUG org.apache.http.wire --  >> "Host: altashop-api.fly.dev[\r][\n]"
04:24:02.291 [main] DEBUG org.apache.http.wire --  >> "Connection: Keep-Alive[\r][\n]"
04:24:02.291 [main] DEBUG org.apache.http.wire --  >> "User-Agent: Apache-HttpClient/4.5.13 (Java/17.0.8)[\r][\n]"
04:24:02.291 [main] DEBUG org.apache.http.wire --  >> "Accept-Encoding: gzip,deflate[\r][\n]"
04:24:02.291 [main] DEBUG org.apache.http.wire --  >> "[\r][\n]"
04:24:02.291 [main] DEBUG org.apache.http.headers -- >> GET /api/auth/info HTTP/1.1
04:24:02.291 [main] DEBUG org.apache.http.headers -- >> Authorization: Bearer eyJhbGciOiJIUzI1NiIsInR5cCI6IkpXVCJ9.eyJGdWxsbmFtZSI6IldpeWFuIEhlcnJhIEhlcnZpYW5hIiwiRW1haWwiOiJ3aXlhbjEyM0BnbWFpbC5jb20ifQ.Rsm7iH_obOaXakAORv2RniUWUxeZfBjkK8S8HtuLly8
04:24:02.291 [main] DEBUG org.apache.http.headers -- >> Accept: */*
04:24:02.291 [main] DEBUG org.apache.http.headers -- >> Host: altashop-api.fly.dev
04:24:02.291 [main] DEBUG org.apache.http.headers -- >> Connection: Keep-Alive
04:24:02.291 [main] DEBUG org.apache.http.headers -- >> User-Agent: Apache-HttpClient/4.5.13 (Java/17.0.8)
04:24:02.291 [main] DEBUG org.apache.http.headers -- >> Accept-Encoding: gzip,deflate
04:24:02.315 [main] DEBUG org.apache.http.wire --  << "HTTP/1.1 200 OK[\r][\n]"
04:24:02.315 [main] DEBUG org.apache.http.wire --  << "content-type: application/json[\r][\n]"
04:24:02.315 [main] DEBUG org.apache.http.wire --  << "date: Mon, 30 Oct 2023 21:24:03 GMT[\r][\n]"
04:24:02.315 [main] DEBUG org.apache.http.wire --  << "content-encoding: gzip[\r][\n]"
04:24:02.315 [main] DEBUG org.apache.http.wire --  << "transfer-encoding: chunked[\r][\n]"
04:24:02.315 [main] DEBUG org.apache.http.wire --  << "server: Fly/7328d5b5 (2023-10-27)[\r][\n]"
04:24:02.315 [main] DEBUG org.apache.http.wire --  << "via: 1.1 fly.io[\r][\n]"
04:24:02.315 [main] DEBUG org.apache.http.wire --  << "fly-request-id: 01HE17HT3YCVE4W3Q5DM5Q1E62-sin[\r][\n]"
04:24:02.315 [main] DEBUG org.apache.http.wire --  << "[\r][\n]"
04:24:02.315 [main] DEBUG org.apache.http.impl.conn.DefaultClientConnection -- Receiving response: HTTP/1.1 200 OK
04:24:02.315 [main] DEBUG org.apache.http.headers -- << HTTP/1.1 200 OK
04:24:02.315 [main] DEBUG org.apache.http.headers -- << content-type: application/json
04:24:02.315 [main] DEBUG org.apache.http.headers -- << date: Mon, 30 Oct 2023 21:24:03 GMT
04:24:02.315 [main] DEBUG org.apache.http.headers -- << content-encoding: gzip
04:24:02.315 [main] DEBUG org.apache.http.headers -- << transfer-encoding: chunked
04:24:02.315 [main] DEBUG org.apache.http.headers -- << server: Fly/7328d5b5 (2023-10-27)
04:24:02.315 [main] DEBUG org.apache.http.headers -- << via: 1.1 fly.io
04:24:02.315 [main] DEBUG org.apache.http.headers -- << fly-request-id: 01HE17HT3YCVE4W3Q5DM5Q1E62-sin
04:24:02.315 [main] DEBUG org.apache.http.impl.client.DefaultHttpClient -- Connection can be kept alive indefinitely
04:24:02.315 [main] DEBUG io.restassured.internal.RestAssuredHttpBuilder -- Parsing response as: application/json
04:24:02.315 [main] DEBUG org.apache.http.wire --  << "6F[\r][\n]"
04:24:02.315 [main] DEBUG org.apache.http.wire --  << "[0x1f][0x8b][0x8][0x0][0x0][0x0][0x0][0x0][0x4][0xff][0xab]VJI,IT[0xb2][0xaa]V[0xf2]tQ[0xb2]2[0xb2]476[0xd7]Qr+[0xcd][0xc9][0xc9]K[0xcc]MU[0xb2]R[\n]"
04:24:02.315 [main] DEBUG org.apache.http.wire --  << "[0xcf][0xac]L[0xcc]S[0xf0]H-*J[0x4][0x91]e[0x99][0x89]y[0x89]J:J[0xae][0xb9][0x89][0x99]9JVJ[0xe5] iC#c[0x87]t[0x90][0x80]^r~[0xae][0x92][0x8e]R@bqqy~Q[\n]"
04:24:02.315 [main] DEBUG org.apache.http.wire --  << "[0x92][0xbc]Rm-[0x17][0x0][0xaf]ye[0x92]k[0x0][0x0][0x0]"
04:24:02.315 [main] DEBUG org.apache.http.wire --  << "[\r][\n]"
04:24:02.315 [main] DEBUG org.apache.http.wire --  << "0[\r][\n]"
04:24:02.315 [main] DEBUG org.apache.http.wire --  << "[\r][\n]"
04:24:02.315 [main] DEBUG io.restassured.internal.RestAssuredHttpBuilder -- Parsed data to instance of: class org.apache.http.conn.EofSensorInputStream
04:24:02.316 [main] DEBUG org.apache.http.impl.conn.BasicClientConnectionManager -- Releasing connection org.apache.http.impl.conn.ManagedClientConnectionImpl@1192d1f5
04:24:02.316 [main] DEBUG org.apache.http.impl.conn.BasicClientConnectionManager -- Connection can be kept alive indefinitely
04:24:02.317 [main] DEBUG net.thucydides.core.steps.StepInterceptor -- STEP DONE: I GET HTTP request with valid token
  &amp#27;[32mWhen &amp#27;[0m&amp#27;[32mI GET HTTP request with valid token&amp#27;[0m                    &amp#27;[90m# starter.stepdefinition.UserInformationSteps.getHTTPRequestUserInformation()&amp#27;[0m
04:24:02.318 [main] DEBUG net.thucydides.core.steps.StepInterceptor -- STARTING STEP: UserInformationSteps.receiveResponseCode200UserInformation - I receive valid HTTP response 200 for user information
04:24:02.319 [main] DEBUG net.thucydides.core.steps.StepInterceptor -- STEP DONE: I receive valid HTTP response 200 for user information
  &amp#27;[32mThen &amp#27;[0m&amp#27;[32mI receive valid HTTP response 200 for user information&amp#27;[0m &amp#27;[90m# starter.stepdefinition.UserInformationSteps.receiveResponseCode200UserInformation()&amp#27;[0m
04:24:02.319 [main] INFO  -- 
  _____   ___   ___   _____     ___     _     ___   ___   ___   ___  
 |_   _| | __| / __| |_   _|   | _ \   /_\   / __| / __| | __| |   \ 
   | |   | _|  \__ \   | |     |  _/  / _ \  \__ \ \__ \ | _|  | |) |
   |_|   |___| |___/   |_|     |_|   /_/ \_\ |___/ |___/ |___| |___/ 

TC22 - Get user information
----------------------------------------------------------------------
]]></system-out>
  </testcase>
  <testcase name="TC23 - Get user information without token" classname="[03_Automation] - User Information" time="0.093">
    <system-out><![CDATA[
Scenario: TC23 - Get user information without token                         &amp#27;[90m# src/test/resources/UserInformation.feature:8&amp#27;[0m
04:24:02.325 [main] INFO io.cucumber.core.plugin.SerenityReporter -- Running feature from file:///D:/TaksAlterra/MiniProject/MiniProject_API/src/test/resources/UserInformation.feature
04:24:02.325 [main] WARN io.cucumber.core.plugin.SerenityReporter -- Feature from file:///D:/TaksAlterra/MiniProject/MiniProject_API/src/test/resources/UserInformation.feature is not under the 'features' directory. Requirements report will not be correctly generated!
04:24:02.326 [main] INFO  -- 
  _____   ___   ___   _____     ___   _____     _     ___   _____   ___   ___  
 |_   _| | __| / __| |_   _|   / __| |_   _|   /_\   | _ \ |_   _| | __| |   \ 
   | |   | _|  \__ \   | |     \__ \   | |    / _ \  |   /   | |   | _|  | |) |
   |_|   |___| |___/   |_|     |___/   |_|   /_/ \_\ |_|_\   |_|   |___| |___/ 

TC23 - Get user information without token([03-automation]---user-information;tc23---get-user-information-without-token)
--------------------------------------------------------------------------------
04:24:02.329 [main] DEBUG net.thucydides.core.steps.StepInterceptor -- STARTING STEP: UserInformationSteps.getUserInformationEndpoints2 - I GET user information endpoints 2
04:24:02.329 [main] DEBUG net.thucydides.core.steps.StepInterceptor -- STEP DONE: I GET user information endpoints 2
  &amp#27;[32mGiven &amp#27;[0m&amp#27;[32mI GET user information endpoints 2&amp#27;[0m                                  &amp#27;[90m# starter.stepdefinition.UserInformationSteps.getUserInformationEndpoints2()&amp#27;[0m
04:24:02.331 [main] DEBUG net.thucydides.core.steps.StepInterceptor -- STARTING STEP: UserInformationSteps.getHTTPRequestForUserInformationWithoutToken - I GET HTTP request for user information without token
04:24:02.332 [main] DEBUG net.thucydides.core.steps.StepInterceptor -- STARTING STEP: UserInformation.getHTTPRequestForUserInformationWithoutToken - I GET user information endpoints
04:24:02.332 [main] DEBUG net.thucydides.core.steps.StepInterceptor -- STEP DONE: I GET user information endpoints
04:24:02.334 [main] DEBUG org.apache.http.impl.conn.BasicClientConnectionManager -- Get connection for route {s}->https://altashop-api.fly.dev:443
04:24:02.334 [main] DEBUG org.apache.http.impl.conn.DefaultClientConnectionOperator -- Connecting to altashop-api.fly.dev:443
04:24:02.383 [main] DEBUG org.apache.http.client.protocol.RequestAddCookies -- CookieSpec selected: ignoreCookies
04:24:02.383 [main] DEBUG org.apache.http.client.protocol.RequestAuthCache -- Auth cache not set in the context
04:24:02.383 [main] DEBUG org.apache.http.client.protocol.RequestTargetAuthentication -- Target auth state: UNCHALLENGED
04:24:02.383 [main] DEBUG org.apache.http.client.protocol.RequestProxyAuthentication -- Proxy auth state: UNCHALLENGED
04:24:02.383 [main] DEBUG org.apache.http.impl.client.DefaultHttpClient -- Attempt 1 to execute request
04:24:02.383 [main] DEBUG org.apache.http.impl.conn.DefaultClientConnection -- Sending request: GET /api/auth/info HTTP/1.1
04:24:02.383 [main] DEBUG org.apache.http.wire --  >> "GET /api/auth/info HTTP/1.1[\r][\n]"
04:24:02.383 [main] DEBUG org.apache.http.wire --  >> "Accept: */*[\r][\n]"
04:24:02.383 [main] DEBUG org.apache.http.wire --  >> "Host: altashop-api.fly.dev[\r][\n]"
04:24:02.383 [main] DEBUG org.apache.http.wire --  >> "Connection: Keep-Alive[\r][\n]"
04:24:02.383 [main] DEBUG org.apache.http.wire --  >> "User-Agent: Apache-HttpClient/4.5.13 (Java/17.0.8)[\r][\n]"
04:24:02.383 [main] DEBUG org.apache.http.wire --  >> "Accept-Encoding: gzip,deflate[\r][\n]"
04:24:02.383 [main] DEBUG org.apache.http.wire --  >> "[\r][\n]"
04:24:02.383 [main] DEBUG org.apache.http.headers -- >> GET /api/auth/info HTTP/1.1
04:24:02.383 [main] DEBUG org.apache.http.headers -- >> Accept: */*
04:24:02.383 [main] DEBUG org.apache.http.headers -- >> Host: altashop-api.fly.dev
04:24:02.383 [main] DEBUG org.apache.http.headers -- >> Connection: Keep-Alive
04:24:02.383 [main] DEBUG org.apache.http.headers -- >> User-Agent: Apache-HttpClient/4.5.13 (Java/17.0.8)
04:24:02.383 [main] DEBUG org.apache.http.headers -- >> Accept-Encoding: gzip,deflate
04:24:02.408 [main] DEBUG org.apache.http.wire --  << "HTTP/1.1 401 Unauthorized[\r][\n]"
04:24:02.408 [main] DEBUG org.apache.http.wire --  << "content-type: application/json[\r][\n]"
04:24:02.408 [main] DEBUG org.apache.http.wire --  << "date: Mon, 30 Oct 2023 21:24:03 GMT[\r][\n]"
04:24:02.408 [main] DEBUG org.apache.http.wire --  << "content-encoding: gzip[\r][\n]"
04:24:02.408 [main] DEBUG org.apache.http.wire --  << "transfer-encoding: chunked[\r][\n]"
04:24:02.408 [main] DEBUG org.apache.http.wire --  << "server: Fly/7328d5b5 (2023-10-27)[\r][\n]"
04:24:02.408 [main] DEBUG org.apache.http.wire --  << "via: 1.1 fly.io[\r][\n]"
04:24:02.408 [main] DEBUG org.apache.http.wire --  << "fly-request-id: 01HE17HT6W1K3G8V4JG484H8D0-sin[\r][\n]"
04:24:02.408 [main] DEBUG org.apache.http.wire --  << "[\r][\n]"
04:24:02.408 [main] DEBUG org.apache.http.impl.conn.DefaultClientConnection -- Receiving response: HTTP/1.1 401 Unauthorized
04:24:02.408 [main] DEBUG org.apache.http.headers -- << HTTP/1.1 401 Unauthorized
04:24:02.408 [main] DEBUG org.apache.http.headers -- << content-type: application/json
04:24:02.408 [main] DEBUG org.apache.http.headers -- << date: Mon, 30 Oct 2023 21:24:03 GMT
04:24:02.408 [main] DEBUG org.apache.http.headers -- << content-encoding: gzip
04:24:02.408 [main] DEBUG org.apache.http.headers -- << transfer-encoding: chunked
04:24:02.408 [main] DEBUG org.apache.http.headers -- << server: Fly/7328d5b5 (2023-10-27)
04:24:02.408 [main] DEBUG org.apache.http.headers -- << via: 1.1 fly.io
04:24:02.408 [main] DEBUG org.apache.http.headers -- << fly-request-id: 01HE17HT6W1K3G8V4JG484H8D0-sin
04:24:02.408 [main] DEBUG org.apache.http.impl.client.DefaultHttpClient -- Connection can be kept alive indefinitely
04:24:02.408 [main] DEBUG org.apache.http.impl.client.DefaultHttpClient -- Authentication required
04:24:02.408 [main] DEBUG org.apache.http.impl.client.DefaultHttpClient -- altashop-api.fly.dev:443 requested authentication
04:24:02.408 [main] DEBUG org.apache.http.impl.client.DefaultHttpClient -- Response contains no authentication challenges
04:24:02.408 [main] DEBUG io.restassured.internal.RestAssuredHttpBuilder -- Parsing response as: application/json
04:24:02.408 [main] DEBUG org.apache.http.wire --  << "2D[\r][\n]"
04:24:02.408 [main] DEBUG org.apache.http.wire --  << "[0x1f][0x8b][0x8][0x0][0x0][0x0][0x0][0x0][0x4][0xff][0xab]VJ-*[0xca]/R[0xb2]R*[0xcd]K,-[0xc9][0xc8]/[0xca][0xac]JMQ[0xaa][0xe5][0x2][0x0]@[0x17]da[0x19][0x0][0x0][0x0]"
04:24:02.409 [main] DEBUG org.apache.http.wire --  << "[\r][\n]"
04:24:02.409 [main] DEBUG org.apache.http.wire --  << "0[\r][\n]"
04:24:02.409 [main] DEBUG org.apache.http.wire --  << "[\r][\n]"
04:24:02.409 [main] DEBUG io.restassured.internal.RestAssuredHttpBuilder -- Parsed data to instance of: class org.apache.http.conn.EofSensorInputStream
04:24:02.409 [main] DEBUG org.apache.http.impl.conn.BasicClientConnectionManager -- Releasing connection org.apache.http.impl.conn.ManagedClientConnectionImpl@4fad5e7
04:24:02.409 [main] DEBUG org.apache.http.impl.conn.BasicClientConnectionManager -- Connection can be kept alive indefinitely
04:24:02.409 [main] DEBUG net.thucydides.core.steps.StepInterceptor -- STEP DONE: I GET HTTP request for user information without token
  &amp#27;[32mWhen &amp#27;[0m&amp#27;[32mI GET HTTP request for user information without token&amp#27;[0m                &amp#27;[90m# starter.stepdefinition.UserInformationSteps.getHTTPRequestForUserInformationWithoutToken()&amp#27;[0m
04:24:02.412 [main] DEBUG net.thucydides.core.steps.StepInterceptor -- STARTING STEP: UserInformationSteps.receiveResponseCode401ForUserInformationWithoutToken - I receive valid HTTP response 401 for user information without token
04:24:02.412 [main] DEBUG net.thucydides.core.steps.StepInterceptor -- STEP DONE: I receive valid HTTP response 401 for user information without token
  &amp#27;[32mThen &amp#27;[0m&amp#27;[32mI receive valid HTTP response 401 for user information without token&amp#27;[0m &amp#27;[90m# starter.stepdefinition.UserInformationSteps.receiveResponseCode401ForUserInformationWithoutToken()&amp#27;[0m
04:24:02.413 [main] INFO  -- 
  _____   ___   ___   _____     ___     _     ___   ___   ___   ___  
 |_   _| | __| / __| |_   _|   | _ \   /_\   / __| / __| | __| |   \ 
   | |   | _|  \__ \   | |     |  _/  / _ \  \__ \ \__ \ | _|  | |) |
   |_|   |___| |___/   |_|     |_|   /_/ \_\ |___/ |___/ |___| |___/ 

TC23 - Get user information without token
----------------------------------------------------------------------
]]></system-out>
  </testcase>
</testsuite>