<?xml version="1.0" encoding="UTF-8"?>
<testsuite xmlns:xsi="http://www.w3.org/2001/XMLSchema-instance" xsi:noNamespaceSchemaLocation="https://maven.apache.org/surefire/maven-failsafe-plugin/xsd/failsafe-test-report-3.0.xsd" version="3.0" name="starter.CucumberTestSuite" time="18.273" tests="68" errors="0" skipped="0" failures="0">
  <properties>
    <property name="java.specification.version" value="17"/>
    <property name="sun.cpu.isalist" value="amd64"/>
    <property name="sun.jnu.encoding" value="Cp1252"/>
    <property name="java.class.path" value="D:\TaksAlterra\MiniProject\MiniProject_API\target\test-classes;C:\Users\Lenovo\.m2\repository\net\serenity-bdd\serenity-core\3.6.12\serenity-core-3.6.12.jar;C:\Users\Lenovo\.m2\repository\net\serenity-bdd\serenity-model\3.6.12\serenity-model-3.6.12.jar;C:\Users\Lenovo\.m2\repository\org\apache\commons\commons-text\1.10.0\commons-text-1.10.0.jar;C:\Users\Lenovo\.m2\repository\commons-net\commons-net\3.9.0\commons-net-3.9.0.jar;C:\Users\Lenovo\.m2\repository\com\google\guava\guava\31.1-jre\guava-31.1-jre.jar;C:\Users\Lenovo\.m2\repository\com\google\guava\failureaccess\1.0.1\failureaccess-1.0.1.jar;C:\Users\Lenovo\.m2\repository\com\google\guava\listenablefuture\9999.0-empty-to-avoid-conflict-with-guava\listenablefuture-9999.0-empty-to-avoid-conflict-with-guava.jar;C:\Users\Lenovo\.m2\repository\com\google\code\findbugs\jsr305\3.0.2\jsr305-3.0.2.jar;C:\Users\Lenovo\.m2\repository\org\checkerframework\checker-qual\3.12.0\checker-qual-3.12.0.jar;C:\Users\Lenovo\.m2\repository\com\google\errorprone\error_prone_annotations\2.11.0\error_prone_annotations-2.11.0.jar;C:\Users\Lenovo\.m2\repository\com\google\j2objc\j2objc-annotations\1.3\j2objc-annotations-1.3.jar;C:\Users\Lenovo\.m2\repository\com\google\inject\guice\5.1.0\guice-5.1.0.jar;C:\Users\Lenovo\.m2\repository\javax\inject\javax.inject\1\javax.inject-1.jar;C:\Users\Lenovo\.m2\repository\aopalliance\aopalliance\1.0\aopalliance-1.0.jar;C:\Users\Lenovo\.m2\repository\org\jsoup\jsoup\1.14.3\jsoup-1.14.3.jar;C:\Users\Lenovo\.m2\repository\com\thoughtworks\xstream\xstream\1.4.20\xstream-1.4.20.jar;C:\Users\Lenovo\.m2\repository\io\github\x-stream\mxparser\1.2.2\mxparser-1.2.2.jar;C:\Users\Lenovo\.m2\repository\xmlpull\xmlpull\1.1.3.1\xmlpull-1.1.3.1.jar;C:\Users\Lenovo\.m2\repository\com\typesafe\config\1.4.2\config-1.4.2.jar;C:\Users\Lenovo\.m2\repository\org\imgscalr\imgscalr-lib\4.2\imgscalr-lib-4.2.jar;C:\Users\Lenovo\.m2\repository\org\awaitility\awaitility\4.2.0\awaitility-4.2.0.jar;C:\Users\Lenovo\.m2\repository\org\freemarker\freemarker\2.3.31\freemarker-2.3.31.jar;C:\Users\Lenovo\.m2\repository\io\github\classgraph\classgraph\4.8.138\classgraph-4.8.138.jar;C:\Users\Lenovo\.m2\repository\net\sourceforge\jexcelapi\jxl\2.6.12\jxl-2.6.12.jar;C:\Users\Lenovo\.m2\repository\net\bytebuddy\byte-buddy-agent\1.12.22\byte-buddy-agent-1.12.22.jar;C:\Users\Lenovo\.m2\repository\org\objenesis\objenesis\3.1\objenesis-3.1.jar;C:\Users\Lenovo\.m2\repository\net\serenity-bdd\serenity-reports\3.6.12\serenity-reports-3.6.12.jar;C:\Users\Lenovo\.m2\repository\net\serenity-bdd\serenity-stats\3.6.12\serenity-stats-3.6.12.jar;C:\Users\Lenovo\.m2\repository\net\serenity-bdd\serenity-reports-configuration\3.6.12\serenity-reports-configuration-3.6.12.jar;C:\Users\Lenovo\.m2\repository\com\vladsch\flexmark\flexmark-all\0.34.30\flexmark-all-0.34.30.jar;C:\Users\Lenovo\.m2\repository\com\vladsch\flexmark\flexmark\0.34.30\flexmark-0.34.30.jar;C:\Users\Lenovo\.m2\repository\com\vladsch\flexmark\flexmark-ext-abbreviation\0.34.30\flexmark-ext-abbreviation-0.34.30.jar;C:\Users\Lenovo\.m2\repository\com\vladsch\flexmark\flexmark-ext-admonition\0.34.30\flexmark-ext-admonition-0.34.30.jar;C:\Users\Lenovo\.m2\repository\com\vladsch\flexmark\flexmark-ext-anchorlink\0.34.30\flexmark-ext-anchorlink-0.34.30.jar;C:\Users\Lenovo\.m2\repository\com\vladsch\flexmark\flexmark-ext-aside\0.34.30\flexmark-ext-aside-0.34.30.jar;C:\Users\Lenovo\.m2\repository\com\vladsch\flexmark\flexmark-ext-attributes\0.34.30\flexmark-ext-attributes-0.34.30.jar;C:\Users\Lenovo\.m2\repository\com\vladsch\flexmark\flexmark-ext-autolink\0.34.30\flexmark-ext-autolink-0.34.30.jar;C:\Users\Lenovo\.m2\repository\org\nibor\autolink\autolink\0.6.0\autolink-0.6.0.jar;C:\Users\Lenovo\.m2\repository\com\vladsch\flexmark\flexmark-ext-definition\0.34.30\flexmark-ext-definition-0.34.30.jar;C:\Users\Lenovo\.m2\repository\com\vladsch\flexmark\flexmark-ext-emoji\0.34.30\flexmark-ext-emoji-0.34.30.jar;C:\Users\Lenovo\.m2\repository\com\vladsch\flexmark\flexmark-ext-enumerated-reference\0.34.30\flexmark-ext-enumerated-reference-0.34.30.jar;C:\Users\Lenovo\.m2\repository\com\vladsch\flexmark\flexmark-ext-escaped-character\0.34.30\flexmark-ext-escaped-character-0.34.30.jar;C:\Users\Lenovo\.m2\repository\com\vladsch\flexmark\flexmark-ext-footnotes\0.34.30\flexmark-ext-footnotes-0.34.30.jar;C:\Users\Lenovo\.m2\repository\com\vladsch\flexmark\flexmark-ext-gfm-issues\0.34.30\flexmark-ext-gfm-issues-0.34.30.jar;C:\Users\Lenovo\.m2\repository\com\vladsch\flexmark\flexmark-ext-gfm-strikethrough\0.34.30\flexmark-ext-gfm-strikethrough-0.34.30.jar;C:\Users\Lenovo\.m2\repository\com\vladsch\flexmark\flexmark-ext-gfm-tables\0.34.30\flexmark-ext-gfm-tables-0.34.30.jar;C:\Users\Lenovo\.m2\repository\com\vladsch\flexmark\flexmark-ext-gfm-tasklist\0.34.30\flexmark-ext-gfm-tasklist-0.34.30.jar;C:\Users\Lenovo\.m2\repository\com\vladsch\flexmark\flexmark-ext-gfm-users\0.34.30\flexmark-ext-gfm-users-0.34.30.jar;C:\Users\Lenovo\.m2\repository\com\vladsch\flexmark\flexmark-ext-gitlab\0.34.30\flexmark-ext-gitlab-0.34.30.jar;C:\Users\Lenovo\.m2\repository\com\vladsch\flexmark\flexmark-ext-jekyll-front-matter\0.34.30\flexmark-ext-jekyll-front-matter-0.34.30.jar;C:\Users\Lenovo\.m2\repository\com\vladsch\flexmark\flexmark-ext-jekyll-tag\0.34.30\flexmark-ext-jekyll-tag-0.34.30.jar;C:\Users\Lenovo\.m2\repository\com\vladsch\flexmark\flexmark-ext-media-tags\0.34.30\flexmark-ext-media-tags-0.34.30.jar;C:\Users\Lenovo\.m2\repository\com\vladsch\flexmark\flexmark-test-util\0.34.30\flexmark-test-util-0.34.30.jar;C:\Users\Lenovo\.m2\repository\com\vladsch\flexmark\flexmark-ext-ins\0.34.30\flexmark-ext-ins-0.34.30.jar;C:\Users\Lenovo\.m2\repository\com\vladsch\flexmark\flexmark-ext-xwiki-macros\0.34.30\flexmark-ext-xwiki-macros-0.34.30.jar;C:\Users\Lenovo\.m2\repository\com\vladsch\flexmark\flexmark-ext-superscript\0.34.30\flexmark-ext-superscript-0.34.30.jar;C:\Users\Lenovo\.m2\repository\com\vladsch\flexmark\flexmark-ext-tables\0.34.30\flexmark-ext-tables-0.34.30.jar;C:\Users\Lenovo\.m2\repository\com\vladsch\flexmark\flexmark-ext-toc\0.34.30\flexmark-ext-toc-0.34.30.jar;C:\Users\Lenovo\.m2\repository\com\vladsch\flexmark\flexmark-ext-typographic\0.34.30\flexmark-ext-typographic-0.34.30.jar;C:\Users\Lenovo\.m2\repository\com\vladsch\flexmark\flexmark-ext-wikilink\0.34.30\flexmark-ext-wikilink-0.34.30.jar;C:\Users\Lenovo\.m2\repository\com\vladsch\flexmark\flexmark-ext-yaml-front-matter\0.34.30\flexmark-ext-yaml-front-matter-0.34.30.jar;C:\Users\Lenovo\.m2\repository\com\vladsch\flexmark\flexmark-ext-youtube-embedded\0.34.30\flexmark-ext-youtube-embedded-0.34.30.jar;C:\Users\Lenovo\.m2\repository\com\vladsch\flexmark\flexmark-formatter\0.34.30\flexmark-formatter-0.34.30.jar;C:\Users\Lenovo\.m2\repository\com\vladsch\flexmark\flexmark-html-parser\0.34.30\flexmark-html-parser-0.34.30.jar;C:\Users\Lenovo\.m2\repository\com\vladsch\flexmark\flexmark-jira-converter\0.34.30\flexmark-jira-converter-0.34.30.jar;C:\Users\Lenovo\.m2\repository\com\vladsch\flexmark\flexmark-pdf-converter\0.34.30\flexmark-pdf-converter-0.34.30.jar;C:\Users\Lenovo\.m2\repository\com\openhtmltopdf\openhtmltopdf-core\0.0.1-RC13\openhtmltopdf-core-0.0.1-RC13.jar;C:\Users\Lenovo\.m2\repository\com\openhtmltopdf\openhtmltopdf-pdfbox\0.0.1-RC13\openhtmltopdf-pdfbox-0.0.1-RC13.jar;C:\Users\Lenovo\.m2\repository\org\apache\pdfbox\pdfbox\2.0.8\pdfbox-2.0.8.jar;C:\Users\Lenovo\.m2\repository\org\apache\pdfbox\fontbox\2.0.8\fontbox-2.0.8.jar;C:\Users\Lenovo\.m2\repository\org\apache\pdfbox\xmpbox\2.0.8\xmpbox-2.0.8.jar;C:\Users\Lenovo\.m2\repository\de\rototor\pdfbox\graphics2d\0.12\graphics2d-0.12.jar;C:\Users\Lenovo\.m2\repository\com\openhtmltopdf\openhtmltopdf-rtl-support\0.0.1-RC13\openhtmltopdf-rtl-support-0.0.1-RC13.jar;C:\Users\Lenovo\.m2\repository\com\ibm\icu\icu4j\59.1\icu4j-59.1.jar;C:\Users\Lenovo\.m2\repository\com\openhtmltopdf\openhtmltopdf-jsoup-dom-converter\0.0.1-RC13\openhtmltopdf-jsoup-dom-converter-0.0.1-RC13.jar;C:\Users\Lenovo\.m2\repository\com\vladsch\flexmark\flexmark-profile-pegdown\0.34.30\flexmark-profile-pegdown-0.34.30.jar;C:\Users\Lenovo\.m2\repository\com\vladsch\flexmark\flexmark-util\0.34.30\flexmark-util-0.34.30.jar;C:\Users\Lenovo\.m2\repository\com\vladsch\flexmark\flexmark-youtrack-converter\0.34.30\flexmark-youtrack-converter-0.34.30.jar;C:\Users\Lenovo\.m2\repository\es\nitaur\markdown\txtmark\0.16\txtmark-0.16.jar;C:\Users\Lenovo\.m2\repository\net\serenity-bdd\serenity-report-resources\3.6.12\serenity-report-resources-3.6.12.jar;C:\Users\Lenovo\.m2\repository\com\google\code\gson\gson\2.9.0\gson-2.9.0.jar;C:\Users\Lenovo\.m2\repository\com\fasterxml\jackson\core\jackson-core\2.14.2\jackson-core-2.14.2.jar;C:\Users\Lenovo\.m2\repository\com\fasterxml\jackson\core\jackson-databind\2.14.2\jackson-databind-2.14.2.jar;C:\Users\Lenovo\.m2\repository\com\fasterxml\jackson\core\jackson-annotations\2.14.2\jackson-annotations-2.14.2.jar;C:\Users\Lenovo\.m2\repository\commons-codec\commons-codec\1.15\commons-codec-1.15.jar;C:\Users\Lenovo\.m2\repository\commons-io\commons-io\2.11.0\commons-io-2.11.0.jar;C:\Users\Lenovo\.m2\repository\org\apache\httpcomponents\httpclient\4.5.13\httpclient-4.5.13.jar;C:\Users\Lenovo\.m2\repository\org\apache\httpcomponents\httpcore\4.4.13\httpcore-4.4.13.jar;C:\Users\Lenovo\.m2\repository\commons-logging\commons-logging\1.2\commons-logging-1.2.jar;C:\Users\Lenovo\.m2\repository\org\seleniumhq\selenium\selenium-java\4.8.0\selenium-java-4.8.0.jar;C:\Users\Lenovo\.m2\repository\org\seleniumhq\selenium\selenium-devtools-v107\4.8.0\selenium-devtools-v107-4.8.0.jar;C:\Users\Lenovo\.m2\repository\org\seleniumhq\selenium\selenium-devtools-v108\4.8.0\selenium-devtools-v108-4.8.0.jar;C:\Users\Lenovo\.m2\repository\org\seleniumhq\selenium\selenium-devtools-v109\4.8.0\selenium-devtools-v109-4.8.0.jar;C:\Users\Lenovo\.m2\repository\org\seleniumhq\selenium\selenium-devtools-v85\4.8.0\selenium-devtools-v85-4.8.0.jar;C:\Users\Lenovo\.m2\repository\org\seleniumhq\selenium\selenium-remote-driver\4.8.0\selenium-remote-driver-4.8.0.jar;C:\Users\Lenovo\.m2\repository\io\netty\netty-buffer\4.1.87.Final\netty-buffer-4.1.87.Final.jar;C:\Users\Lenovo\.m2\repository\io\netty\netty-codec-http\4.1.87.Final\netty-codec-http-4.1.87.Final.jar;C:\Users\Lenovo\.m2\repository\io\netty\netty-codec\4.1.87.Final\netty-codec-4.1.87.Final.jar;C:\Users\Lenovo\.m2\repository\io\netty\netty-handler\4.1.87.Final\netty-handler-4.1.87.Final.jar;C:\Users\Lenovo\.m2\repository\io\netty\netty-common\4.1.87.Final\netty-common-4.1.87.Final.jar;C:\Users\Lenovo\.m2\repository\io\netty\netty-transport-classes-epoll\4.1.87.Final\netty-transport-classes-epoll-4.1.87.Final.jar;C:\Users\Lenovo\.m2\repository\io\netty\netty-transport-classes-kqueue\4.1.87.Final\netty-transport-classes-kqueue-4.1.87.Final.jar;C:\Users\Lenovo\.m2\repository\io\netty\netty-transport-native-epoll\4.1.87.Final\netty-transport-native-epoll-4.1.87.Final.jar;C:\Users\Lenovo\.m2\repository\io\netty\netty-transport-native-kqueue\4.1.87.Final\netty-transport-native-kqueue-4.1.87.Final.jar;C:\Users\Lenovo\.m2\repository\io\netty\netty-transport-native-unix-common\4.1.87.Final\netty-transport-native-unix-common-4.1.87.Final.jar;C:\Users\Lenovo\.m2\repository\io\netty\netty-transport\4.1.87.Final\netty-transport-4.1.87.Final.jar;C:\Users\Lenovo\.m2\repository\io\netty\netty-resolver\4.1.87.Final\netty-resolver-4.1.87.Final.jar;C:\Users\Lenovo\.m2\repository\io\opentelemetry\opentelemetry-api\1.22.0\opentelemetry-api-1.22.0.jar;C:\Users\Lenovo\.m2\repository\io\opentelemetry\opentelemetry-context\1.22.0\opentelemetry-context-1.22.0.jar;C:\Users\Lenovo\.m2\repository\io\opentelemetry\opentelemetry-exporter-logging\1.22.0\opentelemetry-exporter-logging-1.22.0.jar;C:\Users\Lenovo\.m2\repository\io\opentelemetry\opentelemetry-sdk-metrics\1.22.0\opentelemetry-sdk-metrics-1.22.0.jar;C:\Users\Lenovo\.m2\repository\io\opentelemetry\opentelemetry-sdk-logs\1.22.0-alpha\opentelemetry-sdk-logs-1.22.0-alpha.jar;C:\Users\Lenovo\.m2\repository\io\opentelemetry\opentelemetry-api-logs\1.22.0-alpha\opentelemetry-api-logs-1.22.0-alpha.jar;C:\Users\Lenovo\.m2\repository\io\opentelemetry\opentelemetry-sdk-common\1.22.0\opentelemetry-sdk-common-1.22.0.jar;C:\Users\Lenovo\.m2\repository\io\opentelemetry\opentelemetry-sdk-extension-autoconfigure-spi\1.22.0\opentelemetry-sdk-extension-autoconfigure-spi-1.22.0.jar;C:\Users\Lenovo\.m2\repository\io\opentelemetry\opentelemetry-sdk-extension-autoconfigure\1.22.0-alpha\opentelemetry-sdk-extension-autoconfigure-1.22.0-alpha.jar;C:\Users\Lenovo\.m2\repository\io\opentelemetry\opentelemetry-sdk-trace\1.22.0\opentelemetry-sdk-trace-1.22.0.jar;C:\Users\Lenovo\.m2\repository\io\opentelemetry\opentelemetry-sdk\1.22.0\opentelemetry-sdk-1.22.0.jar;C:\Users\Lenovo\.m2\repository\io\opentelemetry\opentelemetry-semconv\1.22.0-alpha\opentelemetry-semconv-1.22.0-alpha.jar;C:\Users\Lenovo\.m2\repository\io\ous\jtoml\2.0.0\jtoml-2.0.0.jar;C:\Users\Lenovo\.m2\repository\org\apache\commons\commons-exec\1.3\commons-exec-1.3.jar;C:\Users\Lenovo\.m2\repository\org\asynchttpclient\async-http-client\2.12.3\async-http-client-2.12.3.jar;C:\Users\Lenovo\.m2\repository\org\asynchttpclient\async-http-client-netty-utils\2.12.3\async-http-client-netty-utils-2.12.3.jar;C:\Users\Lenovo\.m2\repository\io\netty\netty-codec-socks\4.1.60.Final\netty-codec-socks-4.1.60.Final.jar;C:\Users\Lenovo\.m2\repository\io\netty\netty-handler-proxy\4.1.60.Final\netty-handler-proxy-4.1.60.Final.jar;C:\Users\Lenovo\.m2\repository\io\netty\netty-transport-native-epoll\4.1.60.Final\netty-transport-native-epoll-4.1.60.Final-linux-x86_64.jar;C:\Users\Lenovo\.m2\repository\io\netty\netty-transport-native-kqueue\4.1.60.Final\netty-transport-native-kqueue-4.1.60.Final-osx-x86_64.jar;C:\Users\Lenovo\.m2\repository\org\reactivestreams\reactive-streams\1.0.3\reactive-streams-1.0.3.jar;C:\Users\Lenovo\.m2\repository\com\typesafe\netty\netty-reactive-streams\2.0.4\netty-reactive-streams-2.0.4.jar;C:\Users\Lenovo\.m2\repository\org\seleniumhq\selenium\selenium-manager\4.8.0\selenium-manager-4.8.0.jar;C:\Users\Lenovo\.m2\repository\org\seleniumhq\selenium\selenium-safari-driver\4.8.0\selenium-safari-driver-4.8.0.jar;C:\Users\Lenovo\.m2\repository\org\seleniumhq\selenium\selenium-api\4.8.0\selenium-api-4.8.0.jar;C:\Users\Lenovo\.m2\repository\org\seleniumhq\selenium\selenium-support\4.8.0\selenium-support-4.8.0.jar;C:\Users\Lenovo\.m2\repository\com\google\auto\service\auto-service-annotations\1.0.1\auto-service-annotations-1.0.1.jar;C:\Users\Lenovo\.m2\repository\com\google\auto\service\auto-service\1.0.1\auto-service-1.0.1.jar;C:\Users\Lenovo\.m2\repository\com\google\auto\auto-common\1.2\auto-common-1.2.jar;C:\Users\Lenovo\.m2\repository\org\seleniumhq\selenium\selenium-json\4.8.0\selenium-json-4.8.0.jar;C:\Users\Lenovo\.m2\repository\org\seleniumhq\selenium\selenium-chrome-driver\4.8.0\selenium-chrome-driver-4.8.0.jar;C:\Users\Lenovo\.m2\repository\org\seleniumhq\selenium\selenium-chromium-driver\4.8.0\selenium-chromium-driver-4.8.0.jar;C:\Users\Lenovo\.m2\repository\org\seleniumhq\selenium\selenium-firefox-driver\4.8.0\selenium-firefox-driver-4.8.0.jar;C:\Users\Lenovo\.m2\repository\org\seleniumhq\selenium\selenium-http\4.8.0\selenium-http-4.8.0.jar;C:\Users\Lenovo\.m2\repository\dev\failsafe\failsafe\3.3.0\failsafe-3.3.0.jar;C:\Users\Lenovo\.m2\repository\org\seleniumhq\selenium\selenium-edge-driver\4.8.0\selenium-edge-driver-4.8.0.jar;C:\Users\Lenovo\.m2\repository\org\seleniumhq\selenium\selenium-ie-driver\4.8.0\selenium-ie-driver-4.8.0.jar;C:\Users\Lenovo\.m2\repository\org\projectlombok\lombok\1.18.20\lombok-1.18.20.jar;C:\Users\Lenovo\.m2\repository\io\appium\java-client\8.3.0\java-client-8.3.0.jar;C:\Users\Lenovo\.m2\repository\commons-validator\commons-validator\1.7\commons-validator-1.7.jar;C:\Users\Lenovo\.m2\repository\commons-digester\commons-digester\2.1\commons-digester-2.1.jar;C:\Users\Lenovo\.m2\repository\org\apache\groovy\groovy\4.0.6\groovy-4.0.6.jar;C:\Users\Lenovo\.m2\repository\net\sf\opencsv\opencsv\2.0\opencsv-2.0.jar;C:\Users\Lenovo\.m2\repository\commons-beanutils\commons-beanutils\1.9.4\commons-beanutils-1.9.4.jar;C:\Users\Lenovo\.m2\repository\org\apache\commons\commons-lang3\3.12.0\commons-lang3-3.12.0.jar;C:\Users\Lenovo\.m2\repository\commons-collections\commons-collections\3.2.2\commons-collections-3.2.2.jar;C:\Users\Lenovo\.m2\repository\org\fluentlenium\fluentlenium-core\0.10.2\fluentlenium-core-0.10.2.jar;C:\Users\Lenovo\.m2\repository\io\github\bonigarcia\webdrivermanager\5.3.0\webdrivermanager-5.3.0.jar;C:\Users\Lenovo\.m2\repository\com\github\docker-java\docker-java\3.2.13\docker-java-3.2.13.jar;C:\Users\Lenovo\.m2\repository\com\github\docker-java\docker-java-core\3.2.13\docker-java-core-3.2.13.jar;C:\Users\Lenovo\.m2\repository\com\github\docker-java\docker-java-api\3.2.13\docker-java-api-3.2.13.jar;C:\Users\Lenovo\.m2\repository\org\apache\commons\commons-compress\1.21\commons-compress-1.21.jar;C:\Users\Lenovo\.m2\repository\org\bouncycastle\bcpkix-jdk15on\1.64\bcpkix-jdk15on-1.64.jar;C:\Users\Lenovo\.m2\repository\org\bouncycastle\bcprov-jdk15on\1.64\bcprov-jdk15on-1.64.jar;C:\Users\Lenovo\.m2\repository\org\slf4j\jcl-over-slf4j\1.7.30\jcl-over-slf4j-1.7.30.jar;C:\Users\Lenovo\.m2\repository\com\github\docker-java\docker-java-transport-httpclient5\3.2.13\docker-java-transport-httpclient5-3.2.13.jar;C:\Users\Lenovo\.m2\repository\com\github\docker-java\docker-java-transport\3.2.13\docker-java-transport-3.2.13.jar;C:\Users\Lenovo\.m2\repository\net\java\dev\jna\jna\5.8.0\jna-5.8.0.jar;C:\Users\Lenovo\.m2\repository\org\brotli\dec\0.1.2\dec-0.1.2.jar;C:\Users\Lenovo\.m2\repository\org\apache\httpcomponents\client5\httpclient5\5.1.3\httpclient5-5.1.3.jar;C:\Users\Lenovo\.m2\repository\org\apache\httpcomponents\core5\httpcore5\5.1.3\httpcore5-5.1.3.jar;C:\Users\Lenovo\.m2\repository\org\apache\httpcomponents\core5\httpcore5-h2\5.1.3\httpcore5-h2-5.1.3.jar;C:\Users\Lenovo\.m2\repository\com\jhlabs\filters\2.0.235\filters-2.0.235.jar;C:\Users\Lenovo\.m2\repository\com\paulhammant\ngwebdriver\1.1.6\ngwebdriver-1.1.6.jar;C:\Users\Lenovo\.m2\repository\joda-time\joda-time\2.8.2\joda-time-2.8.2.jar;C:\Users\Lenovo\.m2\repository\org\hamcrest\hamcrest\2.2\hamcrest-2.2.jar;C:\Users\Lenovo\.m2\repository\com\google\jimfs\jimfs\1.2\jimfs-1.2.jar;C:\Users\Lenovo\.m2\repository\org\mockito\mockito-core\3.3.3\mockito-core-3.3.3.jar;C:\Users\Lenovo\.m2\repository\javax\xml\bind\jaxb-api\2.3.1\jaxb-api-2.3.1.jar;C:\Users\Lenovo\.m2\repository\javax\activation\javax.activation-api\1.2.0\javax.activation-api-1.2.0.jar;C:\Users\Lenovo\.m2\repository\com\sun\xml\bind\jaxb-core\2.3.0.1\jaxb-core-2.3.0.1.jar;C:\Users\Lenovo\.m2\repository\com\sun\xml\bind\jaxb-impl\2.3.3\jaxb-impl-2.3.3.jar;C:\Users\Lenovo\.m2\repository\jakarta\xml\bind\jakarta.xml.bind-api\2.3.3\jakarta.xml.bind-api-2.3.3.jar;C:\Users\Lenovo\.m2\repository\com\sun\activation\jakarta.activation\1.2.2\jakarta.activation-1.2.2.jar;C:\Users\Lenovo\.m2\repository\javax\activation\activation\1.1.1\activation-1.1.1.jar;C:\Users\Lenovo\.m2\repository\net\serenity-bdd\serenity-rest-assured\3.6.12\serenity-rest-assured-3.6.12.jar;C:\Users\Lenovo\.m2\repository\io\rest-assured\rest-assured\5.2.0\rest-assured-5.2.0.jar;C:\Users\Lenovo\.m2\repository\org\apache\httpcomponents\httpmime\4.5.13\httpmime-4.5.13.jar;C:\Users\Lenovo\.m2\repository\org\ccil\cowan\tagsoup\tagsoup\1.2.1\tagsoup-1.2.1.jar;C:\Users\Lenovo\.m2\repository\io\rest-assured\json-path\5.2.0\json-path-5.2.0.jar;C:\Users\Lenovo\.m2\repository\io\rest-assured\rest-assured-common\5.2.0\rest-assured-common-5.2.0.jar;C:\Users\Lenovo\.m2\repository\io\rest-assured\xml-path\5.2.0\xml-path-5.2.0.jar;C:\Users\Lenovo\.m2\repository\org\apache\groovy\groovy-json\4.0.6\groovy-json-4.0.6.jar;C:\Users\Lenovo\.m2\repository\org\apache\groovy\groovy-xml\4.0.6\groovy-xml-4.0.6.jar;C:\Users\Lenovo\.m2\repository\org\opentest4j\opentest4j\1.2.0\opentest4j-1.2.0.jar;C:\Users\Lenovo\.m2\repository\net\serenity-bdd\serenity-cucumber\3.6.12\serenity-cucumber-3.6.12.jar;C:\Users\Lenovo\.m2\repository\io\cucumber\cucumber-core\7.11.0\cucumber-core-7.11.0.jar;C:\Users\Lenovo\.m2\repository\io\cucumber\cucumber-gherkin\7.11.0\cucumber-gherkin-7.11.0.jar;C:\Users\Lenovo\.m2\repository\io\cucumber\cucumber-gherkin-messages\7.11.0\cucumber-gherkin-messages-7.11.0.jar;C:\Users\Lenovo\.m2\repository\io\cucumber\gherkin\26.0.3\gherkin-26.0.3.jar;C:\Users\Lenovo\.m2\repository\io\cucumber\messages\21.0.1\messages-21.0.1.jar;C:\Users\Lenovo\.m2\repository\io\cucumber\tag-expressions\5.0.1\tag-expressions-5.0.1.jar;C:\Users\Lenovo\.m2\repository\io\cucumber\cucumber-expressions\16.1.1\cucumber-expressions-16.1.1.jar;C:\Users\Lenovo\.m2\repository\io\cucumber\datatable\7.11.0\datatable-7.11.0.jar;C:\Users\Lenovo\.m2\repository\io\cucumber\cucumber-plugin\7.11.0\cucumber-plugin-7.11.0.jar;C:\Users\Lenovo\.m2\repository\io\cucumber\docstring\7.11.0\docstring-7.11.0.jar;C:\Users\Lenovo\.m2\repository\io\cucumber\html-formatter\20.2.1\html-formatter-20.2.1.jar;C:\Users\Lenovo\.m2\repository\io\cucumber\junit-xml-formatter\0.1.0\junit-xml-formatter-0.1.0.jar;C:\Users\Lenovo\.m2\repository\io\cucumber\ci-environment\9.1.0\ci-environment-9.1.0.jar;C:\Users\Lenovo\.m2\repository\io\cucumber\cucumber-java\7.11.0\cucumber-java-7.11.0.jar;C:\Users\Lenovo\.m2\repository\io\cucumber\cucumber-junit\7.11.0\cucumber-junit-7.11.0.jar;C:\Users\Lenovo\.m2\repository\org\apache\commons\commons-csv\1.5\commons-csv-1.5.jar;C:\Users\Lenovo\.m2\repository\net\serenity-bdd\serenity-screenplay\3.6.12\serenity-screenplay-3.6.12.jar;C:\Users\Lenovo\.m2\repository\net\serenity-bdd\serenity-screenplay-webdriver\3.6.12\serenity-screenplay-webdriver-3.6.12.jar;C:\Users\Lenovo\.m2\repository\net\serenity-bdd\serenity-ensure\3.6.12\serenity-ensure-3.6.12.jar;C:\Users\Lenovo\.m2\repository\net\serenity-bdd\serenity-junit\3.6.12\serenity-junit-3.6.12.jar;C:\Users\Lenovo\.m2\repository\org\jetbrains\kotlin\kotlin-stdlib\1.7.21\kotlin-stdlib-1.7.21.jar;C:\Users\Lenovo\.m2\repository\org\jetbrains\kotlin\kotlin-stdlib-common\1.7.21\kotlin-stdlib-common-1.7.21.jar;C:\Users\Lenovo\.m2\repository\org\jetbrains\annotations\13.0\annotations-13.0.jar;C:\Users\Lenovo\.m2\repository\org\junit\platform\junit-platform-launcher\1.9.2\junit-platform-launcher-1.9.2.jar;C:\Users\Lenovo\.m2\repository\org\junit\platform\junit-platform-engine\1.9.2\junit-platform-engine-1.9.2.jar;C:\Users\Lenovo\.m2\repository\org\junit\platform\junit-platform-commons\1.9.2\junit-platform-commons-1.9.2.jar;C:\Users\Lenovo\.m2\repository\org\apiguardian\apiguardian-api\1.1.2\apiguardian-api-1.1.2.jar;C:\Users\Lenovo\.m2\repository\org\junit\jupiter\junit-jupiter-engine\5.9.2\junit-jupiter-engine-5.9.2.jar;C:\Users\Lenovo\.m2\repository\org\junit\jupiter\junit-jupiter-api\5.9.2\junit-jupiter-api-5.9.2.jar;C:\Users\Lenovo\.m2\repository\org\junit\vintage\junit-vintage-engine\5.9.2\junit-vintage-engine-5.9.2.jar;C:\Users\Lenovo\.m2\repository\junit\junit\4.13.2\junit-4.13.2.jar;C:\Users\Lenovo\.m2\repository\org\hamcrest\hamcrest-core\1.3\hamcrest-core-1.3.jar;C:\Users\Lenovo\.m2\repository\ch\qos\logback\logback-classic\1.4.6\logback-classic-1.4.6.jar;C:\Users\Lenovo\.m2\repository\ch\qos\logback\logback-core\1.4.6\logback-core-1.4.6.jar;C:\Users\Lenovo\.m2\repository\org\slf4j\slf4j-api\2.0.4\slf4j-api-2.0.4.jar;C:\Users\Lenovo\.m2\repository\org\assertj\assertj-core\3.24.2\assertj-core-3.24.2.jar;C:\Users\Lenovo\.m2\repository\net\bytebuddy\byte-buddy\1.12.21\byte-buddy-1.12.21.jar;C:\Users\Lenovo\.m2\repository\com\googlecode\json-simple\json-simple\1.1.1\json-simple-1.1.1.jar;C:\Users\Lenovo\.m2\repository\org\testng\testng\7.7.0\testng-7.7.0.jar;C:\Users\Lenovo\.m2\repository\com\beust\jcommander\1.82\jcommander-1.82.jar;C:\Users\Lenovo\.m2\repository\org\webjars\jquery\3.6.1\jquery-3.6.1.jar;"/>
    <property name="java.vm.vendor" value="Oracle Corporation"/>
    <property name="sun.arch.data.model" value="64"/>
    <property name="user.variant" value=""/>
    <property name="java.vendor.url" value="https://java.oracle.com/"/>
    <property name="user.timezone" value="Asia/Bangkok"/>
    <property name="os.name" value="Windows 11"/>
    <property name="java.vm.specification.version" value="17"/>
    <property name="sun.java.launcher" value="SUN_STANDARD"/>
    <property name="user.country" value="US"/>
    <property name="sun.boot.library.path" value="C:\Program Files\Java\jdk-17\bin"/>
    <property name="sun.java.command" value="org.apache.maven.surefire.booter.ForkedBooter C:\Users\Lenovo\AppData\Local\Temp\surefire6588223163441666391 2023-11-03T01-27-56_474-jvmRun1 surefire6435700849901685247tmp surefire_03211718008658863555tmp"/>
    <property name="jdk.debug" value="release"/>
    <property name="surefire.test.class.path" value="D:\TaksAlterra\MiniProject\MiniProject_API\target\test-classes;C:\Users\Lenovo\.m2\repository\net\serenity-bdd\serenity-core\3.6.12\serenity-core-3.6.12.jar;C:\Users\Lenovo\.m2\repository\net\serenity-bdd\serenity-model\3.6.12\serenity-model-3.6.12.jar;C:\Users\Lenovo\.m2\repository\org\apache\commons\commons-text\1.10.0\commons-text-1.10.0.jar;C:\Users\Lenovo\.m2\repository\commons-net\commons-net\3.9.0\commons-net-3.9.0.jar;C:\Users\Lenovo\.m2\repository\com\google\guava\guava\31.1-jre\guava-31.1-jre.jar;C:\Users\Lenovo\.m2\repository\com\google\guava\failureaccess\1.0.1\failureaccess-1.0.1.jar;C:\Users\Lenovo\.m2\repository\com\google\guava\listenablefuture\9999.0-empty-to-avoid-conflict-with-guava\listenablefuture-9999.0-empty-to-avoid-conflict-with-guava.jar;C:\Users\Lenovo\.m2\repository\com\google\code\findbugs\jsr305\3.0.2\jsr305-3.0.2.jar;C:\Users\Lenovo\.m2\repository\org\checkerframework\checker-qual\3.12.0\checker-qual-3.12.0.jar;C:\Users\Lenovo\.m2\repository\com\google\errorprone\error_prone_annotations\2.11.0\error_prone_annotations-2.11.0.jar;C:\Users\Lenovo\.m2\repository\com\google\j2objc\j2objc-annotations\1.3\j2objc-annotations-1.3.jar;C:\Users\Lenovo\.m2\repository\com\google\inject\guice\5.1.0\guice-5.1.0.jar;C:\Users\Lenovo\.m2\repository\javax\inject\javax.inject\1\javax.inject-1.jar;C:\Users\Lenovo\.m2\repository\aopalliance\aopalliance\1.0\aopalliance-1.0.jar;C:\Users\Lenovo\.m2\repository\org\jsoup\jsoup\1.14.3\jsoup-1.14.3.jar;C:\Users\Lenovo\.m2\repository\com\thoughtworks\xstream\xstream\1.4.20\xstream-1.4.20.jar;C:\Users\Lenovo\.m2\repository\io\github\x-stream\mxparser\1.2.2\mxparser-1.2.2.jar;C:\Users\Lenovo\.m2\repository\xmlpull\xmlpull\1.1.3.1\xmlpull-1.1.3.1.jar;C:\Users\Lenovo\.m2\repository\com\typesafe\config\1.4.2\config-1.4.2.jar;C:\Users\Lenovo\.m2\repository\org\imgscalr\imgscalr-lib\4.2\imgscalr-lib-4.2.jar;C:\Users\Lenovo\.m2\repository\org\awaitility\awaitility\4.2.0\awaitility-4.2.0.jar;C:\Users\Lenovo\.m2\repository\org\freemarker\freemarker\2.3.31\freemarker-2.3.31.jar;C:\Users\Lenovo\.m2\repository\io\github\classgraph\classgraph\4.8.138\classgraph-4.8.138.jar;C:\Users\Lenovo\.m2\repository\net\sourceforge\jexcelapi\jxl\2.6.12\jxl-2.6.12.jar;C:\Users\Lenovo\.m2\repository\net\bytebuddy\byte-buddy-agent\1.12.22\byte-buddy-agent-1.12.22.jar;C:\Users\Lenovo\.m2\repository\org\objenesis\objenesis\3.1\objenesis-3.1.jar;C:\Users\Lenovo\.m2\repository\net\serenity-bdd\serenity-reports\3.6.12\serenity-reports-3.6.12.jar;C:\Users\Lenovo\.m2\repository\net\serenity-bdd\serenity-stats\3.6.12\serenity-stats-3.6.12.jar;C:\Users\Lenovo\.m2\repository\net\serenity-bdd\serenity-reports-configuration\3.6.12\serenity-reports-configuration-3.6.12.jar;C:\Users\Lenovo\.m2\repository\com\vladsch\flexmark\flexmark-all\0.34.30\flexmark-all-0.34.30.jar;C:\Users\Lenovo\.m2\repository\com\vladsch\flexmark\flexmark\0.34.30\flexmark-0.34.30.jar;C:\Users\Lenovo\.m2\repository\com\vladsch\flexmark\flexmark-ext-abbreviation\0.34.30\flexmark-ext-abbreviation-0.34.30.jar;C:\Users\Lenovo\.m2\repository\com\vladsch\flexmark\flexmark-ext-admonition\0.34.30\flexmark-ext-admonition-0.34.30.jar;C:\Users\Lenovo\.m2\repository\com\vladsch\flexmark\flexmark-ext-anchorlink\0.34.30\flexmark-ext-anchorlink-0.34.30.jar;C:\Users\Lenovo\.m2\repository\com\vladsch\flexmark\flexmark-ext-aside\0.34.30\flexmark-ext-aside-0.34.30.jar;C:\Users\Lenovo\.m2\repository\com\vladsch\flexmark\flexmark-ext-attributes\0.34.30\flexmark-ext-attributes-0.34.30.jar;C:\Users\Lenovo\.m2\repository\com\vladsch\flexmark\flexmark-ext-autolink\0.34.30\flexmark-ext-autolink-0.34.30.jar;C:\Users\Lenovo\.m2\repository\org\nibor\autolink\autolink\0.6.0\autolink-0.6.0.jar;C:\Users\Lenovo\.m2\repository\com\vladsch\flexmark\flexmark-ext-definition\0.34.30\flexmark-ext-definition-0.34.30.jar;C:\Users\Lenovo\.m2\repository\com\vladsch\flexmark\flexmark-ext-emoji\0.34.30\flexmark-ext-emoji-0.34.30.jar;C:\Users\Lenovo\.m2\repository\com\vladsch\flexmark\flexmark-ext-enumerated-reference\0.34.30\flexmark-ext-enumerated-reference-0.34.30.jar;C:\Users\Lenovo\.m2\repository\com\vladsch\flexmark\flexmark-ext-escaped-character\0.34.30\flexmark-ext-escaped-character-0.34.30.jar;C:\Users\Lenovo\.m2\repository\com\vladsch\flexmark\flexmark-ext-footnotes\0.34.30\flexmark-ext-footnotes-0.34.30.jar;C:\Users\Lenovo\.m2\repository\com\vladsch\flexmark\flexmark-ext-gfm-issues\0.34.30\flexmark-ext-gfm-issues-0.34.30.jar;C:\Users\Lenovo\.m2\repository\com\vladsch\flexmark\flexmark-ext-gfm-strikethrough\0.34.30\flexmark-ext-gfm-strikethrough-0.34.30.jar;C:\Users\Lenovo\.m2\repository\com\vladsch\flexmark\flexmark-ext-gfm-tables\0.34.30\flexmark-ext-gfm-tables-0.34.30.jar;C:\Users\Lenovo\.m2\repository\com\vladsch\flexmark\flexmark-ext-gfm-tasklist\0.34.30\flexmark-ext-gfm-tasklist-0.34.30.jar;C:\Users\Lenovo\.m2\repository\com\vladsch\flexmark\flexmark-ext-gfm-users\0.34.30\flexmark-ext-gfm-users-0.34.30.jar;C:\Users\Lenovo\.m2\repository\com\vladsch\flexmark\flexmark-ext-gitlab\0.34.30\flexmark-ext-gitlab-0.34.30.jar;C:\Users\Lenovo\.m2\repository\com\vladsch\flexmark\flexmark-ext-jekyll-front-matter\0.34.30\flexmark-ext-jekyll-front-matter-0.34.30.jar;C:\Users\Lenovo\.m2\repository\com\vladsch\flexmark\flexmark-ext-jekyll-tag\0.34.30\flexmark-ext-jekyll-tag-0.34.30.jar;C:\Users\Lenovo\.m2\repository\com\vladsch\flexmark\flexmark-ext-media-tags\0.34.30\flexmark-ext-media-tags-0.34.30.jar;C:\Users\Lenovo\.m2\repository\com\vladsch\flexmark\flexmark-test-util\0.34.30\flexmark-test-util-0.34.30.jar;C:\Users\Lenovo\.m2\repository\com\vladsch\flexmark\flexmark-ext-ins\0.34.30\flexmark-ext-ins-0.34.30.jar;C:\Users\Lenovo\.m2\repository\com\vladsch\flexmark\flexmark-ext-xwiki-macros\0.34.30\flexmark-ext-xwiki-macros-0.34.30.jar;C:\Users\Lenovo\.m2\repository\com\vladsch\flexmark\flexmark-ext-superscript\0.34.30\flexmark-ext-superscript-0.34.30.jar;C:\Users\Lenovo\.m2\repository\com\vladsch\flexmark\flexmark-ext-tables\0.34.30\flexmark-ext-tables-0.34.30.jar;C:\Users\Lenovo\.m2\repository\com\vladsch\flexmark\flexmark-ext-toc\0.34.30\flexmark-ext-toc-0.34.30.jar;C:\Users\Lenovo\.m2\repository\com\vladsch\flexmark\flexmark-ext-typographic\0.34.30\flexmark-ext-typographic-0.34.30.jar;C:\Users\Lenovo\.m2\repository\com\vladsch\flexmark\flexmark-ext-wikilink\0.34.30\flexmark-ext-wikilink-0.34.30.jar;C:\Users\Lenovo\.m2\repository\com\vladsch\flexmark\flexmark-ext-yaml-front-matter\0.34.30\flexmark-ext-yaml-front-matter-0.34.30.jar;C:\Users\Lenovo\.m2\repository\com\vladsch\flexmark\flexmark-ext-youtube-embedded\0.34.30\flexmark-ext-youtube-embedded-0.34.30.jar;C:\Users\Lenovo\.m2\repository\com\vladsch\flexmark\flexmark-formatter\0.34.30\flexmark-formatter-0.34.30.jar;C:\Users\Lenovo\.m2\repository\com\vladsch\flexmark\flexmark-html-parser\0.34.30\flexmark-html-parser-0.34.30.jar;C:\Users\Lenovo\.m2\repository\com\vladsch\flexmark\flexmark-jira-converter\0.34.30\flexmark-jira-converter-0.34.30.jar;C:\Users\Lenovo\.m2\repository\com\vladsch\flexmark\flexmark-pdf-converter\0.34.30\flexmark-pdf-converter-0.34.30.jar;C:\Users\Lenovo\.m2\repository\com\openhtmltopdf\openhtmltopdf-core\0.0.1-RC13\openhtmltopdf-core-0.0.1-RC13.jar;C:\Users\Lenovo\.m2\repository\com\openhtmltopdf\openhtmltopdf-pdfbox\0.0.1-RC13\openhtmltopdf-pdfbox-0.0.1-RC13.jar;C:\Users\Lenovo\.m2\repository\org\apache\pdfbox\pdfbox\2.0.8\pdfbox-2.0.8.jar;C:\Users\Lenovo\.m2\repository\org\apache\pdfbox\fontbox\2.0.8\fontbox-2.0.8.jar;C:\Users\Lenovo\.m2\repository\org\apache\pdfbox\xmpbox\2.0.8\xmpbox-2.0.8.jar;C:\Users\Lenovo\.m2\repository\de\rototor\pdfbox\graphics2d\0.12\graphics2d-0.12.jar;C:\Users\Lenovo\.m2\repository\com\openhtmltopdf\openhtmltopdf-rtl-support\0.0.1-RC13\openhtmltopdf-rtl-support-0.0.1-RC13.jar;C:\Users\Lenovo\.m2\repository\com\ibm\icu\icu4j\59.1\icu4j-59.1.jar;C:\Users\Lenovo\.m2\repository\com\openhtmltopdf\openhtmltopdf-jsoup-dom-converter\0.0.1-RC13\openhtmltopdf-jsoup-dom-converter-0.0.1-RC13.jar;C:\Users\Lenovo\.m2\repository\com\vladsch\flexmark\flexmark-profile-pegdown\0.34.30\flexmark-profile-pegdown-0.34.30.jar;C:\Users\Lenovo\.m2\repository\com\vladsch\flexmark\flexmark-util\0.34.30\flexmark-util-0.34.30.jar;C:\Users\Lenovo\.m2\repository\com\vladsch\flexmark\flexmark-youtrack-converter\0.34.30\flexmark-youtrack-converter-0.34.30.jar;C:\Users\Lenovo\.m2\repository\es\nitaur\markdown\txtmark\0.16\txtmark-0.16.jar;C:\Users\Lenovo\.m2\repository\net\serenity-bdd\serenity-report-resources\3.6.12\serenity-report-resources-3.6.12.jar;C:\Users\Lenovo\.m2\repository\com\google\code\gson\gson\2.9.0\gson-2.9.0.jar;C:\Users\Lenovo\.m2\repository\com\fasterxml\jackson\core\jackson-core\2.14.2\jackson-core-2.14.2.jar;C:\Users\Lenovo\.m2\repository\com\fasterxml\jackson\core\jackson-databind\2.14.2\jackson-databind-2.14.2.jar;C:\Users\Lenovo\.m2\repository\com\fasterxml\jackson\core\jackson-annotations\2.14.2\jackson-annotations-2.14.2.jar;C:\Users\Lenovo\.m2\repository\commons-codec\commons-codec\1.15\commons-codec-1.15.jar;C:\Users\Lenovo\.m2\repository\commons-io\commons-io\2.11.0\commons-io-2.11.0.jar;C:\Users\Lenovo\.m2\repository\org\apache\httpcomponents\httpclient\4.5.13\httpclient-4.5.13.jar;C:\Users\Lenovo\.m2\repository\org\apache\httpcomponents\httpcore\4.4.13\httpcore-4.4.13.jar;C:\Users\Lenovo\.m2\repository\commons-logging\commons-logging\1.2\commons-logging-1.2.jar;C:\Users\Lenovo\.m2\repository\org\seleniumhq\selenium\selenium-java\4.8.0\selenium-java-4.8.0.jar;C:\Users\Lenovo\.m2\repository\org\seleniumhq\selenium\selenium-devtools-v107\4.8.0\selenium-devtools-v107-4.8.0.jar;C:\Users\Lenovo\.m2\repository\org\seleniumhq\selenium\selenium-devtools-v108\4.8.0\selenium-devtools-v108-4.8.0.jar;C:\Users\Lenovo\.m2\repository\org\seleniumhq\selenium\selenium-devtools-v109\4.8.0\selenium-devtools-v109-4.8.0.jar;C:\Users\Lenovo\.m2\repository\org\seleniumhq\selenium\selenium-devtools-v85\4.8.0\selenium-devtools-v85-4.8.0.jar;C:\Users\Lenovo\.m2\repository\org\seleniumhq\selenium\selenium-remote-driver\4.8.0\selenium-remote-driver-4.8.0.jar;C:\Users\Lenovo\.m2\repository\io\netty\netty-buffer\4.1.87.Final\netty-buffer-4.1.87.Final.jar;C:\Users\Lenovo\.m2\repository\io\netty\netty-codec-http\4.1.87.Final\netty-codec-http-4.1.87.Final.jar;C:\Users\Lenovo\.m2\repository\io\netty\netty-codec\4.1.87.Final\netty-codec-4.1.87.Final.jar;C:\Users\Lenovo\.m2\repository\io\netty\netty-handler\4.1.87.Final\netty-handler-4.1.87.Final.jar;C:\Users\Lenovo\.m2\repository\io\netty\netty-common\4.1.87.Final\netty-common-4.1.87.Final.jar;C:\Users\Lenovo\.m2\repository\io\netty\netty-transport-classes-epoll\4.1.87.Final\netty-transport-classes-epoll-4.1.87.Final.jar;C:\Users\Lenovo\.m2\repository\io\netty\netty-transport-classes-kqueue\4.1.87.Final\netty-transport-classes-kqueue-4.1.87.Final.jar;C:\Users\Lenovo\.m2\repository\io\netty\netty-transport-native-epoll\4.1.87.Final\netty-transport-native-epoll-4.1.87.Final.jar;C:\Users\Lenovo\.m2\repository\io\netty\netty-transport-native-kqueue\4.1.87.Final\netty-transport-native-kqueue-4.1.87.Final.jar;C:\Users\Lenovo\.m2\repository\io\netty\netty-transport-native-unix-common\4.1.87.Final\netty-transport-native-unix-common-4.1.87.Final.jar;C:\Users\Lenovo\.m2\repository\io\netty\netty-transport\4.1.87.Final\netty-transport-4.1.87.Final.jar;C:\Users\Lenovo\.m2\repository\io\netty\netty-resolver\4.1.87.Final\netty-resolver-4.1.87.Final.jar;C:\Users\Lenovo\.m2\repository\io\opentelemetry\opentelemetry-api\1.22.0\opentelemetry-api-1.22.0.jar;C:\Users\Lenovo\.m2\repository\io\opentelemetry\opentelemetry-context\1.22.0\opentelemetry-context-1.22.0.jar;C:\Users\Lenovo\.m2\repository\io\opentelemetry\opentelemetry-exporter-logging\1.22.0\opentelemetry-exporter-logging-1.22.0.jar;C:\Users\Lenovo\.m2\repository\io\opentelemetry\opentelemetry-sdk-metrics\1.22.0\opentelemetry-sdk-metrics-1.22.0.jar;C:\Users\Lenovo\.m2\repository\io\opentelemetry\opentelemetry-sdk-logs\1.22.0-alpha\opentelemetry-sdk-logs-1.22.0-alpha.jar;C:\Users\Lenovo\.m2\repository\io\opentelemetry\opentelemetry-api-logs\1.22.0-alpha\opentelemetry-api-logs-1.22.0-alpha.jar;C:\Users\Lenovo\.m2\repository\io\opentelemetry\opentelemetry-sdk-common\1.22.0\opentelemetry-sdk-common-1.22.0.jar;C:\Users\Lenovo\.m2\repository\io\opentelemetry\opentelemetry-sdk-extension-autoconfigure-spi\1.22.0\opentelemetry-sdk-extension-autoconfigure-spi-1.22.0.jar;C:\Users\Lenovo\.m2\repository\io\opentelemetry\opentelemetry-sdk-extension-autoconfigure\1.22.0-alpha\opentelemetry-sdk-extension-autoconfigure-1.22.0-alpha.jar;C:\Users\Lenovo\.m2\repository\io\opentelemetry\opentelemetry-sdk-trace\1.22.0\opentelemetry-sdk-trace-1.22.0.jar;C:\Users\Lenovo\.m2\repository\io\opentelemetry\opentelemetry-sdk\1.22.0\opentelemetry-sdk-1.22.0.jar;C:\Users\Lenovo\.m2\repository\io\opentelemetry\opentelemetry-semconv\1.22.0-alpha\opentelemetry-semconv-1.22.0-alpha.jar;C:\Users\Lenovo\.m2\repository\io\ous\jtoml\2.0.0\jtoml-2.0.0.jar;C:\Users\Lenovo\.m2\repository\org\apache\commons\commons-exec\1.3\commons-exec-1.3.jar;C:\Users\Lenovo\.m2\repository\org\asynchttpclient\async-http-client\2.12.3\async-http-client-2.12.3.jar;C:\Users\Lenovo\.m2\repository\org\asynchttpclient\async-http-client-netty-utils\2.12.3\async-http-client-netty-utils-2.12.3.jar;C:\Users\Lenovo\.m2\repository\io\netty\netty-codec-socks\4.1.60.Final\netty-codec-socks-4.1.60.Final.jar;C:\Users\Lenovo\.m2\repository\io\netty\netty-handler-proxy\4.1.60.Final\netty-handler-proxy-4.1.60.Final.jar;C:\Users\Lenovo\.m2\repository\io\netty\netty-transport-native-epoll\4.1.60.Final\netty-transport-native-epoll-4.1.60.Final-linux-x86_64.jar;C:\Users\Lenovo\.m2\repository\io\netty\netty-transport-native-kqueue\4.1.60.Final\netty-transport-native-kqueue-4.1.60.Final-osx-x86_64.jar;C:\Users\Lenovo\.m2\repository\org\reactivestreams\reactive-streams\1.0.3\reactive-streams-1.0.3.jar;C:\Users\Lenovo\.m2\repository\com\typesafe\netty\netty-reactive-streams\2.0.4\netty-reactive-streams-2.0.4.jar;C:\Users\Lenovo\.m2\repository\org\seleniumhq\selenium\selenium-manager\4.8.0\selenium-manager-4.8.0.jar;C:\Users\Lenovo\.m2\repository\org\seleniumhq\selenium\selenium-safari-driver\4.8.0\selenium-safari-driver-4.8.0.jar;C:\Users\Lenovo\.m2\repository\org\seleniumhq\selenium\selenium-api\4.8.0\selenium-api-4.8.0.jar;C:\Users\Lenovo\.m2\repository\org\seleniumhq\selenium\selenium-support\4.8.0\selenium-support-4.8.0.jar;C:\Users\Lenovo\.m2\repository\com\google\auto\service\auto-service-annotations\1.0.1\auto-service-annotations-1.0.1.jar;C:\Users\Lenovo\.m2\repository\com\google\auto\service\auto-service\1.0.1\auto-service-1.0.1.jar;C:\Users\Lenovo\.m2\repository\com\google\auto\auto-common\1.2\auto-common-1.2.jar;C:\Users\Lenovo\.m2\repository\org\seleniumhq\selenium\selenium-json\4.8.0\selenium-json-4.8.0.jar;C:\Users\Lenovo\.m2\repository\org\seleniumhq\selenium\selenium-chrome-driver\4.8.0\selenium-chrome-driver-4.8.0.jar;C:\Users\Lenovo\.m2\repository\org\seleniumhq\selenium\selenium-chromium-driver\4.8.0\selenium-chromium-driver-4.8.0.jar;C:\Users\Lenovo\.m2\repository\org\seleniumhq\selenium\selenium-firefox-driver\4.8.0\selenium-firefox-driver-4.8.0.jar;C:\Users\Lenovo\.m2\repository\org\seleniumhq\selenium\selenium-http\4.8.0\selenium-http-4.8.0.jar;C:\Users\Lenovo\.m2\repository\dev\failsafe\failsafe\3.3.0\failsafe-3.3.0.jar;C:\Users\Lenovo\.m2\repository\org\seleniumhq\selenium\selenium-edge-driver\4.8.0\selenium-edge-driver-4.8.0.jar;C:\Users\Lenovo\.m2\repository\org\seleniumhq\selenium\selenium-ie-driver\4.8.0\selenium-ie-driver-4.8.0.jar;C:\Users\Lenovo\.m2\repository\org\projectlombok\lombok\1.18.20\lombok-1.18.20.jar;C:\Users\Lenovo\.m2\repository\io\appium\java-client\8.3.0\java-client-8.3.0.jar;C:\Users\Lenovo\.m2\repository\commons-validator\commons-validator\1.7\commons-validator-1.7.jar;C:\Users\Lenovo\.m2\repository\commons-digester\commons-digester\2.1\commons-digester-2.1.jar;C:\Users\Lenovo\.m2\repository\org\apache\groovy\groovy\4.0.6\groovy-4.0.6.jar;C:\Users\Lenovo\.m2\repository\net\sf\opencsv\opencsv\2.0\opencsv-2.0.jar;C:\Users\Lenovo\.m2\repository\commons-beanutils\commons-beanutils\1.9.4\commons-beanutils-1.9.4.jar;C:\Users\Lenovo\.m2\repository\org\apache\commons\commons-lang3\3.12.0\commons-lang3-3.12.0.jar;C:\Users\Lenovo\.m2\repository\commons-collections\commons-collections\3.2.2\commons-collections-3.2.2.jar;C:\Users\Lenovo\.m2\repository\org\fluentlenium\fluentlenium-core\0.10.2\fluentlenium-core-0.10.2.jar;C:\Users\Lenovo\.m2\repository\io\github\bonigarcia\webdrivermanager\5.3.0\webdrivermanager-5.3.0.jar;C:\Users\Lenovo\.m2\repository\com\github\docker-java\docker-java\3.2.13\docker-java-3.2.13.jar;C:\Users\Lenovo\.m2\repository\com\github\docker-java\docker-java-core\3.2.13\docker-java-core-3.2.13.jar;C:\Users\Lenovo\.m2\repository\com\github\docker-java\docker-java-api\3.2.13\docker-java-api-3.2.13.jar;C:\Users\Lenovo\.m2\repository\org\apache\commons\commons-compress\1.21\commons-compress-1.21.jar;C:\Users\Lenovo\.m2\repository\org\bouncycastle\bcpkix-jdk15on\1.64\bcpkix-jdk15on-1.64.jar;C:\Users\Lenovo\.m2\repository\org\bouncycastle\bcprov-jdk15on\1.64\bcprov-jdk15on-1.64.jar;C:\Users\Lenovo\.m2\repository\org\slf4j\jcl-over-slf4j\1.7.30\jcl-over-slf4j-1.7.30.jar;C:\Users\Lenovo\.m2\repository\com\github\docker-java\docker-java-transport-httpclient5\3.2.13\docker-java-transport-httpclient5-3.2.13.jar;C:\Users\Lenovo\.m2\repository\com\github\docker-java\docker-java-transport\3.2.13\docker-java-transport-3.2.13.jar;C:\Users\Lenovo\.m2\repository\net\java\dev\jna\jna\5.8.0\jna-5.8.0.jar;C:\Users\Lenovo\.m2\repository\org\brotli\dec\0.1.2\dec-0.1.2.jar;C:\Users\Lenovo\.m2\repository\org\apache\httpcomponents\client5\httpclient5\5.1.3\httpclient5-5.1.3.jar;C:\Users\Lenovo\.m2\repository\org\apache\httpcomponents\core5\httpcore5\5.1.3\httpcore5-5.1.3.jar;C:\Users\Lenovo\.m2\repository\org\apache\httpcomponents\core5\httpcore5-h2\5.1.3\httpcore5-h2-5.1.3.jar;C:\Users\Lenovo\.m2\repository\com\jhlabs\filters\2.0.235\filters-2.0.235.jar;C:\Users\Lenovo\.m2\repository\com\paulhammant\ngwebdriver\1.1.6\ngwebdriver-1.1.6.jar;C:\Users\Lenovo\.m2\repository\joda-time\joda-time\2.8.2\joda-time-2.8.2.jar;C:\Users\Lenovo\.m2\repository\org\hamcrest\hamcrest\2.2\hamcrest-2.2.jar;C:\Users\Lenovo\.m2\repository\com\google\jimfs\jimfs\1.2\jimfs-1.2.jar;C:\Users\Lenovo\.m2\repository\org\mockito\mockito-core\3.3.3\mockito-core-3.3.3.jar;C:\Users\Lenovo\.m2\repository\javax\xml\bind\jaxb-api\2.3.1\jaxb-api-2.3.1.jar;C:\Users\Lenovo\.m2\repository\javax\activation\javax.activation-api\1.2.0\javax.activation-api-1.2.0.jar;C:\Users\Lenovo\.m2\repository\com\sun\xml\bind\jaxb-core\2.3.0.1\jaxb-core-2.3.0.1.jar;C:\Users\Lenovo\.m2\repository\com\sun\xml\bind\jaxb-impl\2.3.3\jaxb-impl-2.3.3.jar;C:\Users\Lenovo\.m2\repository\jakarta\xml\bind\jakarta.xml.bind-api\2.3.3\jakarta.xml.bind-api-2.3.3.jar;C:\Users\Lenovo\.m2\repository\com\sun\activation\jakarta.activation\1.2.2\jakarta.activation-1.2.2.jar;C:\Users\Lenovo\.m2\repository\javax\activation\activation\1.1.1\activation-1.1.1.jar;C:\Users\Lenovo\.m2\repository\net\serenity-bdd\serenity-rest-assured\3.6.12\serenity-rest-assured-3.6.12.jar;C:\Users\Lenovo\.m2\repository\io\rest-assured\rest-assured\5.2.0\rest-assured-5.2.0.jar;C:\Users\Lenovo\.m2\repository\org\apache\httpcomponents\httpmime\4.5.13\httpmime-4.5.13.jar;C:\Users\Lenovo\.m2\repository\org\ccil\cowan\tagsoup\tagsoup\1.2.1\tagsoup-1.2.1.jar;C:\Users\Lenovo\.m2\repository\io\rest-assured\json-path\5.2.0\json-path-5.2.0.jar;C:\Users\Lenovo\.m2\repository\io\rest-assured\rest-assured-common\5.2.0\rest-assured-common-5.2.0.jar;C:\Users\Lenovo\.m2\repository\io\rest-assured\xml-path\5.2.0\xml-path-5.2.0.jar;C:\Users\Lenovo\.m2\repository\org\apache\groovy\groovy-json\4.0.6\groovy-json-4.0.6.jar;C:\Users\Lenovo\.m2\repository\org\apache\groovy\groovy-xml\4.0.6\groovy-xml-4.0.6.jar;C:\Users\Lenovo\.m2\repository\org\opentest4j\opentest4j\1.2.0\opentest4j-1.2.0.jar;C:\Users\Lenovo\.m2\repository\net\serenity-bdd\serenity-cucumber\3.6.12\serenity-cucumber-3.6.12.jar;C:\Users\Lenovo\.m2\repository\io\cucumber\cucumber-core\7.11.0\cucumber-core-7.11.0.jar;C:\Users\Lenovo\.m2\repository\io\cucumber\cucumber-gherkin\7.11.0\cucumber-gherkin-7.11.0.jar;C:\Users\Lenovo\.m2\repository\io\cucumber\cucumber-gherkin-messages\7.11.0\cucumber-gherkin-messages-7.11.0.jar;C:\Users\Lenovo\.m2\repository\io\cucumber\gherkin\26.0.3\gherkin-26.0.3.jar;C:\Users\Lenovo\.m2\repository\io\cucumber\messages\21.0.1\messages-21.0.1.jar;C:\Users\Lenovo\.m2\repository\io\cucumber\tag-expressions\5.0.1\tag-expressions-5.0.1.jar;C:\Users\Lenovo\.m2\repository\io\cucumber\cucumber-expressions\16.1.1\cucumber-expressions-16.1.1.jar;C:\Users\Lenovo\.m2\repository\io\cucumber\datatable\7.11.0\datatable-7.11.0.jar;C:\Users\Lenovo\.m2\repository\io\cucumber\cucumber-plugin\7.11.0\cucumber-plugin-7.11.0.jar;C:\Users\Lenovo\.m2\repository\io\cucumber\docstring\7.11.0\docstring-7.11.0.jar;C:\Users\Lenovo\.m2\repository\io\cucumber\html-formatter\20.2.1\html-formatter-20.2.1.jar;C:\Users\Lenovo\.m2\repository\io\cucumber\junit-xml-formatter\0.1.0\junit-xml-formatter-0.1.0.jar;C:\Users\Lenovo\.m2\repository\io\cucumber\ci-environment\9.1.0\ci-environment-9.1.0.jar;C:\Users\Lenovo\.m2\repository\io\cucumber\cucumber-java\7.11.0\cucumber-java-7.11.0.jar;C:\Users\Lenovo\.m2\repository\io\cucumber\cucumber-junit\7.11.0\cucumber-junit-7.11.0.jar;C:\Users\Lenovo\.m2\repository\org\apache\commons\commons-csv\1.5\commons-csv-1.5.jar;C:\Users\Lenovo\.m2\repository\net\serenity-bdd\serenity-screenplay\3.6.12\serenity-screenplay-3.6.12.jar;C:\Users\Lenovo\.m2\repository\net\serenity-bdd\serenity-screenplay-webdriver\3.6.12\serenity-screenplay-webdriver-3.6.12.jar;C:\Users\Lenovo\.m2\repository\net\serenity-bdd\serenity-ensure\3.6.12\serenity-ensure-3.6.12.jar;C:\Users\Lenovo\.m2\repository\net\serenity-bdd\serenity-junit\3.6.12\serenity-junit-3.6.12.jar;C:\Users\Lenovo\.m2\repository\org\jetbrains\kotlin\kotlin-stdlib\1.7.21\kotlin-stdlib-1.7.21.jar;C:\Users\Lenovo\.m2\repository\org\jetbrains\kotlin\kotlin-stdlib-common\1.7.21\kotlin-stdlib-common-1.7.21.jar;C:\Users\Lenovo\.m2\repository\org\jetbrains\annotations\13.0\annotations-13.0.jar;C:\Users\Lenovo\.m2\repository\org\junit\platform\junit-platform-launcher\1.9.2\junit-platform-launcher-1.9.2.jar;C:\Users\Lenovo\.m2\repository\org\junit\platform\junit-platform-engine\1.9.2\junit-platform-engine-1.9.2.jar;C:\Users\Lenovo\.m2\repository\org\junit\platform\junit-platform-commons\1.9.2\junit-platform-commons-1.9.2.jar;C:\Users\Lenovo\.m2\repository\org\apiguardian\apiguardian-api\1.1.2\apiguardian-api-1.1.2.jar;C:\Users\Lenovo\.m2\repository\org\junit\jupiter\junit-jupiter-engine\5.9.2\junit-jupiter-engine-5.9.2.jar;C:\Users\Lenovo\.m2\repository\org\junit\jupiter\junit-jupiter-api\5.9.2\junit-jupiter-api-5.9.2.jar;C:\Users\Lenovo\.m2\repository\org\junit\vintage\junit-vintage-engine\5.9.2\junit-vintage-engine-5.9.2.jar;C:\Users\Lenovo\.m2\repository\junit\junit\4.13.2\junit-4.13.2.jar;C:\Users\Lenovo\.m2\repository\org\hamcrest\hamcrest-core\1.3\hamcrest-core-1.3.jar;C:\Users\Lenovo\.m2\repository\ch\qos\logback\logback-classic\1.4.6\logback-classic-1.4.6.jar;C:\Users\Lenovo\.m2\repository\ch\qos\logback\logback-core\1.4.6\logback-core-1.4.6.jar;C:\Users\Lenovo\.m2\repository\org\slf4j\slf4j-api\2.0.4\slf4j-api-2.0.4.jar;C:\Users\Lenovo\.m2\repository\org\assertj\assertj-core\3.24.2\assertj-core-3.24.2.jar;C:\Users\Lenovo\.m2\repository\net\bytebuddy\byte-buddy\1.12.21\byte-buddy-1.12.21.jar;C:\Users\Lenovo\.m2\repository\com\googlecode\json-simple\json-simple\1.1.1\json-simple-1.1.1.jar;C:\Users\Lenovo\.m2\repository\org\testng\testng\7.7.0\testng-7.7.0.jar;C:\Users\Lenovo\.m2\repository\com\beust\jcommander\1.82\jcommander-1.82.jar;C:\Users\Lenovo\.m2\repository\org\webjars\jquery\3.6.1\jquery-3.6.1.jar;"/>
    <property name="sun.cpu.endian" value="little"/>
    <property name="user.home" value="C:\Users\Lenovo"/>
    <property name="user.language" value="en"/>
    <property name="java.specification.vendor" value="Oracle Corporation"/>
    <property name="jdk.module.path" value="D:\TaksAlterra\MiniProject\MiniProject_API\target\MiniProject_API-1.0-SNAPSHOT.jar"/>
    <property name="java.version.date" value="2023-07-18"/>
    <property name="java.home" value="C:\Program Files\Java\jdk-17"/>
    <property name="file.separator" value="\"/>
    <property name="basedir" value="D:\TaksAlterra\MiniProject\MiniProject_API"/>
    <property name="java.vm.compressedOopsMode" value="Zero based"/>
    <property name="line.separator" value="&#10;"/>
    <property name="java.vm.specification.vendor" value="Oracle Corporation"/>
    <property name="java.specification.name" value="Java Platform API Specification"/>
    <property name="surefire.real.class.path" value="C:\Users\Lenovo\.m2\repository\org\apache\maven\surefire\surefire-booter\3.0.0-M5\surefire-booter-3.0.0-M5.jar;C:\Users\Lenovo\.m2\repository\org\apache\maven\surefire\surefire-api\3.0.0-M5\surefire-api-3.0.0-M5.jar;C:\Users\Lenovo\.m2\repository\org\apache\maven\surefire\surefire-logger-api\3.0.0-M5\surefire-logger-api-3.0.0-M5.jar;C:\Users\Lenovo\.m2\repository\org\apache\maven\surefire\surefire-shared-utils\3.0.0-M4\surefire-shared-utils-3.0.0-M4.jar;C:\Users\Lenovo\.m2\repository\org\apache\maven\surefire\surefire-extensions-spi\3.0.0-M5\surefire-extensions-spi-3.0.0-M5.jar;D:\TaksAlterra\MiniProject\MiniProject_API\target\test-classes;C:\Users\Lenovo\.m2\repository\net\serenity-bdd\serenity-core\3.6.12\serenity-core-3.6.12.jar;C:\Users\Lenovo\.m2\repository\net\serenity-bdd\serenity-model\3.6.12\serenity-model-3.6.12.jar;C:\Users\Lenovo\.m2\repository\org\apache\commons\commons-text\1.10.0\commons-text-1.10.0.jar;C:\Users\Lenovo\.m2\repository\commons-net\commons-net\3.9.0\commons-net-3.9.0.jar;C:\Users\Lenovo\.m2\repository\com\google\guava\guava\31.1-jre\guava-31.1-jre.jar;C:\Users\Lenovo\.m2\repository\com\google\guava\failureaccess\1.0.1\failureaccess-1.0.1.jar;C:\Users\Lenovo\.m2\repository\com\google\guava\listenablefuture\9999.0-empty-to-avoid-conflict-with-guava\listenablefuture-9999.0-empty-to-avoid-conflict-with-guava.jar;C:\Users\Lenovo\.m2\repository\com\google\code\findbugs\jsr305\3.0.2\jsr305-3.0.2.jar;C:\Users\Lenovo\.m2\repository\org\checkerframework\checker-qual\3.12.0\checker-qual-3.12.0.jar;C:\Users\Lenovo\.m2\repository\com\google\errorprone\error_prone_annotations\2.11.0\error_prone_annotations-2.11.0.jar;C:\Users\Lenovo\.m2\repository\com\google\j2objc\j2objc-annotations\1.3\j2objc-annotations-1.3.jar;C:\Users\Lenovo\.m2\repository\com\google\inject\guice\5.1.0\guice-5.1.0.jar;C:\Users\Lenovo\.m2\repository\javax\inject\javax.inject\1\javax.inject-1.jar;C:\Users\Lenovo\.m2\repository\aopalliance\aopalliance\1.0\aopalliance-1.0.jar;C:\Users\Lenovo\.m2\repository\org\jsoup\jsoup\1.14.3\jsoup-1.14.3.jar;C:\Users\Lenovo\.m2\repository\com\thoughtworks\xstream\xstream\1.4.20\xstream-1.4.20.jar;C:\Users\Lenovo\.m2\repository\io\github\x-stream\mxparser\1.2.2\mxparser-1.2.2.jar;C:\Users\Lenovo\.m2\repository\xmlpull\xmlpull\1.1.3.1\xmlpull-1.1.3.1.jar;C:\Users\Lenovo\.m2\repository\com\typesafe\config\1.4.2\config-1.4.2.jar;C:\Users\Lenovo\.m2\repository\org\imgscalr\imgscalr-lib\4.2\imgscalr-lib-4.2.jar;C:\Users\Lenovo\.m2\repository\org\awaitility\awaitility\4.2.0\awaitility-4.2.0.jar;C:\Users\Lenovo\.m2\repository\org\freemarker\freemarker\2.3.31\freemarker-2.3.31.jar;C:\Users\Lenovo\.m2\repository\io\github\classgraph\classgraph\4.8.138\classgraph-4.8.138.jar;C:\Users\Lenovo\.m2\repository\net\sourceforge\jexcelapi\jxl\2.6.12\jxl-2.6.12.jar;C:\Users\Lenovo\.m2\repository\net\bytebuddy\byte-buddy-agent\1.12.22\byte-buddy-agent-1.12.22.jar;C:\Users\Lenovo\.m2\repository\org\objenesis\objenesis\3.1\objenesis-3.1.jar;C:\Users\Lenovo\.m2\repository\net\serenity-bdd\serenity-reports\3.6.12\serenity-reports-3.6.12.jar;C:\Users\Lenovo\.m2\repository\net\serenity-bdd\serenity-stats\3.6.12\serenity-stats-3.6.12.jar;C:\Users\Lenovo\.m2\repository\net\serenity-bdd\serenity-reports-configuration\3.6.12\serenity-reports-configuration-3.6.12.jar;C:\Users\Lenovo\.m2\repository\com\vladsch\flexmark\flexmark-all\0.34.30\flexmark-all-0.34.30.jar;C:\Users\Lenovo\.m2\repository\com\vladsch\flexmark\flexmark\0.34.30\flexmark-0.34.30.jar;C:\Users\Lenovo\.m2\repository\com\vladsch\flexmark\flexmark-ext-abbreviation\0.34.30\flexmark-ext-abbreviation-0.34.30.jar;C:\Users\Lenovo\.m2\repository\com\vladsch\flexmark\flexmark-ext-admonition\0.34.30\flexmark-ext-admonition-0.34.30.jar;C:\Users\Lenovo\.m2\repository\com\vladsch\flexmark\flexmark-ext-anchorlink\0.34.30\flexmark-ext-anchorlink-0.34.30.jar;C:\Users\Lenovo\.m2\repository\com\vladsch\flexmark\flexmark-ext-aside\0.34.30\flexmark-ext-aside-0.34.30.jar;C:\Users\Lenovo\.m2\repository\com\vladsch\flexmark\flexmark-ext-attributes\0.34.30\flexmark-ext-attributes-0.34.30.jar;C:\Users\Lenovo\.m2\repository\com\vladsch\flexmark\flexmark-ext-autolink\0.34.30\flexmark-ext-autolink-0.34.30.jar;C:\Users\Lenovo\.m2\repository\org\nibor\autolink\autolink\0.6.0\autolink-0.6.0.jar;C:\Users\Lenovo\.m2\repository\com\vladsch\flexmark\flexmark-ext-definition\0.34.30\flexmark-ext-definition-0.34.30.jar;C:\Users\Lenovo\.m2\repository\com\vladsch\flexmark\flexmark-ext-emoji\0.34.30\flexmark-ext-emoji-0.34.30.jar;C:\Users\Lenovo\.m2\repository\com\vladsch\flexmark\flexmark-ext-enumerated-reference\0.34.30\flexmark-ext-enumerated-reference-0.34.30.jar;C:\Users\Lenovo\.m2\repository\com\vladsch\flexmark\flexmark-ext-escaped-character\0.34.30\flexmark-ext-escaped-character-0.34.30.jar;C:\Users\Lenovo\.m2\repository\com\vladsch\flexmark\flexmark-ext-footnotes\0.34.30\flexmark-ext-footnotes-0.34.30.jar;C:\Users\Lenovo\.m2\repository\com\vladsch\flexmark\flexmark-ext-gfm-issues\0.34.30\flexmark-ext-gfm-issues-0.34.30.jar;C:\Users\Lenovo\.m2\repository\com\vladsch\flexmark\flexmark-ext-gfm-strikethrough\0.34.30\flexmark-ext-gfm-strikethrough-0.34.30.jar;C:\Users\Lenovo\.m2\repository\com\vladsch\flexmark\flexmark-ext-gfm-tables\0.34.30\flexmark-ext-gfm-tables-0.34.30.jar;C:\Users\Lenovo\.m2\repository\com\vladsch\flexmark\flexmark-ext-gfm-tasklist\0.34.30\flexmark-ext-gfm-tasklist-0.34.30.jar;C:\Users\Lenovo\.m2\repository\com\vladsch\flexmark\flexmark-ext-gfm-users\0.34.30\flexmark-ext-gfm-users-0.34.30.jar;C:\Users\Lenovo\.m2\repository\com\vladsch\flexmark\flexmark-ext-gitlab\0.34.30\flexmark-ext-gitlab-0.34.30.jar;C:\Users\Lenovo\.m2\repository\com\vladsch\flexmark\flexmark-ext-jekyll-front-matter\0.34.30\flexmark-ext-jekyll-front-matter-0.34.30.jar;C:\Users\Lenovo\.m2\repository\com\vladsch\flexmark\flexmark-ext-jekyll-tag\0.34.30\flexmark-ext-jekyll-tag-0.34.30.jar;C:\Users\Lenovo\.m2\repository\com\vladsch\flexmark\flexmark-ext-media-tags\0.34.30\flexmark-ext-media-tags-0.34.30.jar;C:\Users\Lenovo\.m2\repository\com\vladsch\flexmark\flexmark-test-util\0.34.30\flexmark-test-util-0.34.30.jar;C:\Users\Lenovo\.m2\repository\com\vladsch\flexmark\flexmark-ext-ins\0.34.30\flexmark-ext-ins-0.34.30.jar;C:\Users\Lenovo\.m2\repository\com\vladsch\flexmark\flexmark-ext-xwiki-macros\0.34.30\flexmark-ext-xwiki-macros-0.34.30.jar;C:\Users\Lenovo\.m2\repository\com\vladsch\flexmark\flexmark-ext-superscript\0.34.30\flexmark-ext-superscript-0.34.30.jar;C:\Users\Lenovo\.m2\repository\com\vladsch\flexmark\flexmark-ext-tables\0.34.30\flexmark-ext-tables-0.34.30.jar;C:\Users\Lenovo\.m2\repository\com\vladsch\flexmark\flexmark-ext-toc\0.34.30\flexmark-ext-toc-0.34.30.jar;C:\Users\Lenovo\.m2\repository\com\vladsch\flexmark\flexmark-ext-typographic\0.34.30\flexmark-ext-typographic-0.34.30.jar;C:\Users\Lenovo\.m2\repository\com\vladsch\flexmark\flexmark-ext-wikilink\0.34.30\flexmark-ext-wikilink-0.34.30.jar;C:\Users\Lenovo\.m2\repository\com\vladsch\flexmark\flexmark-ext-yaml-front-matter\0.34.30\flexmark-ext-yaml-front-matter-0.34.30.jar;C:\Users\Lenovo\.m2\repository\com\vladsch\flexmark\flexmark-ext-youtube-embedded\0.34.30\flexmark-ext-youtube-embedded-0.34.30.jar;C:\Users\Lenovo\.m2\repository\com\vladsch\flexmark\flexmark-formatter\0.34.30\flexmark-formatter-0.34.30.jar;C:\Users\Lenovo\.m2\repository\com\vladsch\flexmark\flexmark-html-parser\0.34.30\flexmark-html-parser-0.34.30.jar;C:\Users\Lenovo\.m2\repository\com\vladsch\flexmark\flexmark-jira-converter\0.34.30\flexmark-jira-converter-0.34.30.jar;C:\Users\Lenovo\.m2\repository\com\vladsch\flexmark\flexmark-pdf-converter\0.34.30\flexmark-pdf-converter-0.34.30.jar;C:\Users\Lenovo\.m2\repository\com\openhtmltopdf\openhtmltopdf-core\0.0.1-RC13\openhtmltopdf-core-0.0.1-RC13.jar;C:\Users\Lenovo\.m2\repository\com\openhtmltopdf\openhtmltopdf-pdfbox\0.0.1-RC13\openhtmltopdf-pdfbox-0.0.1-RC13.jar;C:\Users\Lenovo\.m2\repository\org\apache\pdfbox\pdfbox\2.0.8\pdfbox-2.0.8.jar;C:\Users\Lenovo\.m2\repository\org\apache\pdfbox\fontbox\2.0.8\fontbox-2.0.8.jar;C:\Users\Lenovo\.m2\repository\org\apache\pdfbox\xmpbox\2.0.8\xmpbox-2.0.8.jar;C:\Users\Lenovo\.m2\repository\de\rototor\pdfbox\graphics2d\0.12\graphics2d-0.12.jar;C:\Users\Lenovo\.m2\repository\com\openhtmltopdf\openhtmltopdf-rtl-support\0.0.1-RC13\openhtmltopdf-rtl-support-0.0.1-RC13.jar;C:\Users\Lenovo\.m2\repository\com\ibm\icu\icu4j\59.1\icu4j-59.1.jar;C:\Users\Lenovo\.m2\repository\com\openhtmltopdf\openhtmltopdf-jsoup-dom-converter\0.0.1-RC13\openhtmltopdf-jsoup-dom-converter-0.0.1-RC13.jar;C:\Users\Lenovo\.m2\repository\com\vladsch\flexmark\flexmark-profile-pegdown\0.34.30\flexmark-profile-pegdown-0.34.30.jar;C:\Users\Lenovo\.m2\repository\com\vladsch\flexmark\flexmark-util\0.34.30\flexmark-util-0.34.30.jar;C:\Users\Lenovo\.m2\repository\com\vladsch\flexmark\flexmark-youtrack-converter\0.34.30\flexmark-youtrack-converter-0.34.30.jar;C:\Users\Lenovo\.m2\repository\es\nitaur\markdown\txtmark\0.16\txtmark-0.16.jar;C:\Users\Lenovo\.m2\repository\net\serenity-bdd\serenity-report-resources\3.6.12\serenity-report-resources-3.6.12.jar;C:\Users\Lenovo\.m2\repository\com\google\code\gson\gson\2.9.0\gson-2.9.0.jar;C:\Users\Lenovo\.m2\repository\com\fasterxml\jackson\core\jackson-core\2.14.2\jackson-core-2.14.2.jar;C:\Users\Lenovo\.m2\repository\com\fasterxml\jackson\core\jackson-databind\2.14.2\jackson-databind-2.14.2.jar;C:\Users\Lenovo\.m2\repository\com\fasterxml\jackson\core\jackson-annotations\2.14.2\jackson-annotations-2.14.2.jar;C:\Users\Lenovo\.m2\repository\commons-codec\commons-codec\1.15\commons-codec-1.15.jar;C:\Users\Lenovo\.m2\repository\commons-io\commons-io\2.11.0\commons-io-2.11.0.jar;C:\Users\Lenovo\.m2\repository\org\apache\httpcomponents\httpclient\4.5.13\httpclient-4.5.13.jar;C:\Users\Lenovo\.m2\repository\org\apache\httpcomponents\httpcore\4.4.13\httpcore-4.4.13.jar;C:\Users\Lenovo\.m2\repository\commons-logging\commons-logging\1.2\commons-logging-1.2.jar;C:\Users\Lenovo\.m2\repository\org\seleniumhq\selenium\selenium-java\4.8.0\selenium-java-4.8.0.jar;C:\Users\Lenovo\.m2\repository\org\seleniumhq\selenium\selenium-devtools-v107\4.8.0\selenium-devtools-v107-4.8.0.jar;C:\Users\Lenovo\.m2\repository\org\seleniumhq\selenium\selenium-devtools-v108\4.8.0\selenium-devtools-v108-4.8.0.jar;C:\Users\Lenovo\.m2\repository\org\seleniumhq\selenium\selenium-devtools-v109\4.8.0\selenium-devtools-v109-4.8.0.jar;C:\Users\Lenovo\.m2\repository\org\seleniumhq\selenium\selenium-devtools-v85\4.8.0\selenium-devtools-v85-4.8.0.jar;C:\Users\Lenovo\.m2\repository\org\seleniumhq\selenium\selenium-remote-driver\4.8.0\selenium-remote-driver-4.8.0.jar;C:\Users\Lenovo\.m2\repository\io\netty\netty-buffer\4.1.87.Final\netty-buffer-4.1.87.Final.jar;C:\Users\Lenovo\.m2\repository\io\netty\netty-codec-http\4.1.87.Final\netty-codec-http-4.1.87.Final.jar;C:\Users\Lenovo\.m2\repository\io\netty\netty-codec\4.1.87.Final\netty-codec-4.1.87.Final.jar;C:\Users\Lenovo\.m2\repository\io\netty\netty-handler\4.1.87.Final\netty-handler-4.1.87.Final.jar;C:\Users\Lenovo\.m2\repository\io\netty\netty-common\4.1.87.Final\netty-common-4.1.87.Final.jar;C:\Users\Lenovo\.m2\repository\io\netty\netty-transport-classes-epoll\4.1.87.Final\netty-transport-classes-epoll-4.1.87.Final.jar;C:\Users\Lenovo\.m2\repository\io\netty\netty-transport-classes-kqueue\4.1.87.Final\netty-transport-classes-kqueue-4.1.87.Final.jar;C:\Users\Lenovo\.m2\repository\io\netty\netty-transport-native-epoll\4.1.87.Final\netty-transport-native-epoll-4.1.87.Final.jar;C:\Users\Lenovo\.m2\repository\io\netty\netty-transport-native-kqueue\4.1.87.Final\netty-transport-native-kqueue-4.1.87.Final.jar;C:\Users\Lenovo\.m2\repository\io\netty\netty-transport-native-unix-common\4.1.87.Final\netty-transport-native-unix-common-4.1.87.Final.jar;C:\Users\Lenovo\.m2\repository\io\netty\netty-transport\4.1.87.Final\netty-transport-4.1.87.Final.jar;C:\Users\Lenovo\.m2\repository\io\netty\netty-resolver\4.1.87.Final\netty-resolver-4.1.87.Final.jar;C:\Users\Lenovo\.m2\repository\io\opentelemetry\opentelemetry-api\1.22.0\opentelemetry-api-1.22.0.jar;C:\Users\Lenovo\.m2\repository\io\opentelemetry\opentelemetry-context\1.22.0\opentelemetry-context-1.22.0.jar;C:\Users\Lenovo\.m2\repository\io\opentelemetry\opentelemetry-exporter-logging\1.22.0\opentelemetry-exporter-logging-1.22.0.jar;C:\Users\Lenovo\.m2\repository\io\opentelemetry\opentelemetry-sdk-metrics\1.22.0\opentelemetry-sdk-metrics-1.22.0.jar;C:\Users\Lenovo\.m2\repository\io\opentelemetry\opentelemetry-sdk-logs\1.22.0-alpha\opentelemetry-sdk-logs-1.22.0-alpha.jar;C:\Users\Lenovo\.m2\repository\io\opentelemetry\opentelemetry-api-logs\1.22.0-alpha\opentelemetry-api-logs-1.22.0-alpha.jar;C:\Users\Lenovo\.m2\repository\io\opentelemetry\opentelemetry-sdk-common\1.22.0\opentelemetry-sdk-common-1.22.0.jar;C:\Users\Lenovo\.m2\repository\io\opentelemetry\opentelemetry-sdk-extension-autoconfigure-spi\1.22.0\opentelemetry-sdk-extension-autoconfigure-spi-1.22.0.jar;C:\Users\Lenovo\.m2\repository\io\opentelemetry\opentelemetry-sdk-extension-autoconfigure\1.22.0-alpha\opentelemetry-sdk-extension-autoconfigure-1.22.0-alpha.jar;C:\Users\Lenovo\.m2\repository\io\opentelemetry\opentelemetry-sdk-trace\1.22.0\opentelemetry-sdk-trace-1.22.0.jar;C:\Users\Lenovo\.m2\repository\io\opentelemetry\opentelemetry-sdk\1.22.0\opentelemetry-sdk-1.22.0.jar;C:\Users\Lenovo\.m2\repository\io\opentelemetry\opentelemetry-semconv\1.22.0-alpha\opentelemetry-semconv-1.22.0-alpha.jar;C:\Users\Lenovo\.m2\repository\io\ous\jtoml\2.0.0\jtoml-2.0.0.jar;C:\Users\Lenovo\.m2\repository\org\apache\commons\commons-exec\1.3\commons-exec-1.3.jar;C:\Users\Lenovo\.m2\repository\org\asynchttpclient\async-http-client\2.12.3\async-http-client-2.12.3.jar;C:\Users\Lenovo\.m2\repository\org\asynchttpclient\async-http-client-netty-utils\2.12.3\async-http-client-netty-utils-2.12.3.jar;C:\Users\Lenovo\.m2\repository\io\netty\netty-codec-socks\4.1.60.Final\netty-codec-socks-4.1.60.Final.jar;C:\Users\Lenovo\.m2\repository\io\netty\netty-handler-proxy\4.1.60.Final\netty-handler-proxy-4.1.60.Final.jar;C:\Users\Lenovo\.m2\repository\io\netty\netty-transport-native-epoll\4.1.60.Final\netty-transport-native-epoll-4.1.60.Final-linux-x86_64.jar;C:\Users\Lenovo\.m2\repository\io\netty\netty-transport-native-kqueue\4.1.60.Final\netty-transport-native-kqueue-4.1.60.Final-osx-x86_64.jar;C:\Users\Lenovo\.m2\repository\org\reactivestreams\reactive-streams\1.0.3\reactive-streams-1.0.3.jar;C:\Users\Lenovo\.m2\repository\com\typesafe\netty\netty-reactive-streams\2.0.4\netty-reactive-streams-2.0.4.jar;C:\Users\Lenovo\.m2\repository\org\seleniumhq\selenium\selenium-manager\4.8.0\selenium-manager-4.8.0.jar;C:\Users\Lenovo\.m2\repository\org\seleniumhq\selenium\selenium-safari-driver\4.8.0\selenium-safari-driver-4.8.0.jar;C:\Users\Lenovo\.m2\repository\org\seleniumhq\selenium\selenium-api\4.8.0\selenium-api-4.8.0.jar;C:\Users\Lenovo\.m2\repository\org\seleniumhq\selenium\selenium-support\4.8.0\selenium-support-4.8.0.jar;C:\Users\Lenovo\.m2\repository\com\google\auto\service\auto-service-annotations\1.0.1\auto-service-annotations-1.0.1.jar;C:\Users\Lenovo\.m2\repository\com\google\auto\service\auto-service\1.0.1\auto-service-1.0.1.jar;C:\Users\Lenovo\.m2\repository\com\google\auto\auto-common\1.2\auto-common-1.2.jar;C:\Users\Lenovo\.m2\repository\org\seleniumhq\selenium\selenium-json\4.8.0\selenium-json-4.8.0.jar;C:\Users\Lenovo\.m2\repository\org\seleniumhq\selenium\selenium-chrome-driver\4.8.0\selenium-chrome-driver-4.8.0.jar;C:\Users\Lenovo\.m2\repository\org\seleniumhq\selenium\selenium-chromium-driver\4.8.0\selenium-chromium-driver-4.8.0.jar;C:\Users\Lenovo\.m2\repository\org\seleniumhq\selenium\selenium-firefox-driver\4.8.0\selenium-firefox-driver-4.8.0.jar;C:\Users\Lenovo\.m2\repository\org\seleniumhq\selenium\selenium-http\4.8.0\selenium-http-4.8.0.jar;C:\Users\Lenovo\.m2\repository\dev\failsafe\failsafe\3.3.0\failsafe-3.3.0.jar;C:\Users\Lenovo\.m2\repository\org\seleniumhq\selenium\selenium-edge-driver\4.8.0\selenium-edge-driver-4.8.0.jar;C:\Users\Lenovo\.m2\repository\org\seleniumhq\selenium\selenium-ie-driver\4.8.0\selenium-ie-driver-4.8.0.jar;C:\Users\Lenovo\.m2\repository\org\projectlombok\lombok\1.18.20\lombok-1.18.20.jar;C:\Users\Lenovo\.m2\repository\io\appium\java-client\8.3.0\java-client-8.3.0.jar;C:\Users\Lenovo\.m2\repository\commons-validator\commons-validator\1.7\commons-validator-1.7.jar;C:\Users\Lenovo\.m2\repository\commons-digester\commons-digester\2.1\commons-digester-2.1.jar;C:\Users\Lenovo\.m2\repository\org\apache\groovy\groovy\4.0.6\groovy-4.0.6.jar;C:\Users\Lenovo\.m2\repository\net\sf\opencsv\opencsv\2.0\opencsv-2.0.jar;C:\Users\Lenovo\.m2\repository\commons-beanutils\commons-beanutils\1.9.4\commons-beanutils-1.9.4.jar;C:\Users\Lenovo\.m2\repository\org\apache\commons\commons-lang3\3.12.0\commons-lang3-3.12.0.jar;C:\Users\Lenovo\.m2\repository\commons-collections\commons-collections\3.2.2\commons-collections-3.2.2.jar;C:\Users\Lenovo\.m2\repository\org\fluentlenium\fluentlenium-core\0.10.2\fluentlenium-core-0.10.2.jar;C:\Users\Lenovo\.m2\repository\io\github\bonigarcia\webdrivermanager\5.3.0\webdrivermanager-5.3.0.jar;C:\Users\Lenovo\.m2\repository\com\github\docker-java\docker-java\3.2.13\docker-java-3.2.13.jar;C:\Users\Lenovo\.m2\repository\com\github\docker-java\docker-java-core\3.2.13\docker-java-core-3.2.13.jar;C:\Users\Lenovo\.m2\repository\com\github\docker-java\docker-java-api\3.2.13\docker-java-api-3.2.13.jar;C:\Users\Lenovo\.m2\repository\org\apache\commons\commons-compress\1.21\commons-compress-1.21.jar;C:\Users\Lenovo\.m2\repository\org\bouncycastle\bcpkix-jdk15on\1.64\bcpkix-jdk15on-1.64.jar;C:\Users\Lenovo\.m2\repository\org\bouncycastle\bcprov-jdk15on\1.64\bcprov-jdk15on-1.64.jar;C:\Users\Lenovo\.m2\repository\org\slf4j\jcl-over-slf4j\1.7.30\jcl-over-slf4j-1.7.30.jar;C:\Users\Lenovo\.m2\repository\com\github\docker-java\docker-java-transport-httpclient5\3.2.13\docker-java-transport-httpclient5-3.2.13.jar;C:\Users\Lenovo\.m2\repository\com\github\docker-java\docker-java-transport\3.2.13\docker-java-transport-3.2.13.jar;C:\Users\Lenovo\.m2\repository\net\java\dev\jna\jna\5.8.0\jna-5.8.0.jar;C:\Users\Lenovo\.m2\repository\org\brotli\dec\0.1.2\dec-0.1.2.jar;C:\Users\Lenovo\.m2\repository\org\apache\httpcomponents\client5\httpclient5\5.1.3\httpclient5-5.1.3.jar;C:\Users\Lenovo\.m2\repository\org\apache\httpcomponents\core5\httpcore5\5.1.3\httpcore5-5.1.3.jar;C:\Users\Lenovo\.m2\repository\org\apache\httpcomponents\core5\httpcore5-h2\5.1.3\httpcore5-h2-5.1.3.jar;C:\Users\Lenovo\.m2\repository\com\jhlabs\filters\2.0.235\filters-2.0.235.jar;C:\Users\Lenovo\.m2\repository\com\paulhammant\ngwebdriver\1.1.6\ngwebdriver-1.1.6.jar;C:\Users\Lenovo\.m2\repository\joda-time\joda-time\2.8.2\joda-time-2.8.2.jar;C:\Users\Lenovo\.m2\repository\org\hamcrest\hamcrest\2.2\hamcrest-2.2.jar;C:\Users\Lenovo\.m2\repository\com\google\jimfs\jimfs\1.2\jimfs-1.2.jar;C:\Users\Lenovo\.m2\repository\org\mockito\mockito-core\3.3.3\mockito-core-3.3.3.jar;C:\Users\Lenovo\.m2\repository\javax\xml\bind\jaxb-api\2.3.1\jaxb-api-2.3.1.jar;C:\Users\Lenovo\.m2\repository\javax\activation\javax.activation-api\1.2.0\javax.activation-api-1.2.0.jar;C:\Users\Lenovo\.m2\repository\com\sun\xml\bind\jaxb-core\2.3.0.1\jaxb-core-2.3.0.1.jar;C:\Users\Lenovo\.m2\repository\com\sun\xml\bind\jaxb-impl\2.3.3\jaxb-impl-2.3.3.jar;C:\Users\Lenovo\.m2\repository\jakarta\xml\bind\jakarta.xml.bind-api\2.3.3\jakarta.xml.bind-api-2.3.3.jar;C:\Users\Lenovo\.m2\repository\com\sun\activation\jakarta.activation\1.2.2\jakarta.activation-1.2.2.jar;C:\Users\Lenovo\.m2\repository\javax\activation\activation\1.1.1\activation-1.1.1.jar;C:\Users\Lenovo\.m2\repository\net\serenity-bdd\serenity-rest-assured\3.6.12\serenity-rest-assured-3.6.12.jar;C:\Users\Lenovo\.m2\repository\io\rest-assured\rest-assured\5.2.0\rest-assured-5.2.0.jar;C:\Users\Lenovo\.m2\repository\org\apache\httpcomponents\httpmime\4.5.13\httpmime-4.5.13.jar;C:\Users\Lenovo\.m2\repository\org\ccil\cowan\tagsoup\tagsoup\1.2.1\tagsoup-1.2.1.jar;C:\Users\Lenovo\.m2\repository\io\rest-assured\json-path\5.2.0\json-path-5.2.0.jar;C:\Users\Lenovo\.m2\repository\io\rest-assured\rest-assured-common\5.2.0\rest-assured-common-5.2.0.jar;C:\Users\Lenovo\.m2\repository\io\rest-assured\xml-path\5.2.0\xml-path-5.2.0.jar;C:\Users\Lenovo\.m2\repository\org\apache\groovy\groovy-json\4.0.6\groovy-json-4.0.6.jar;C:\Users\Lenovo\.m2\repository\org\apache\groovy\groovy-xml\4.0.6\groovy-xml-4.0.6.jar;C:\Users\Lenovo\.m2\repository\org\opentest4j\opentest4j\1.2.0\opentest4j-1.2.0.jar;C:\Users\Lenovo\.m2\repository\net\serenity-bdd\serenity-cucumber\3.6.12\serenity-cucumber-3.6.12.jar;C:\Users\Lenovo\.m2\repository\io\cucumber\cucumber-core\7.11.0\cucumber-core-7.11.0.jar;C:\Users\Lenovo\.m2\repository\io\cucumber\cucumber-gherkin\7.11.0\cucumber-gherkin-7.11.0.jar;C:\Users\Lenovo\.m2\repository\io\cucumber\cucumber-gherkin-messages\7.11.0\cucumber-gherkin-messages-7.11.0.jar;C:\Users\Lenovo\.m2\repository\io\cucumber\gherkin\26.0.3\gherkin-26.0.3.jar;C:\Users\Lenovo\.m2\repository\io\cucumber\messages\21.0.1\messages-21.0.1.jar;C:\Users\Lenovo\.m2\repository\io\cucumber\tag-expressions\5.0.1\tag-expressions-5.0.1.jar;C:\Users\Lenovo\.m2\repository\io\cucumber\cucumber-expressions\16.1.1\cucumber-expressions-16.1.1.jar;C:\Users\Lenovo\.m2\repository\io\cucumber\datatable\7.11.0\datatable-7.11.0.jar;C:\Users\Lenovo\.m2\repository\io\cucumber\cucumber-plugin\7.11.0\cucumber-plugin-7.11.0.jar;C:\Users\Lenovo\.m2\repository\io\cucumber\docstring\7.11.0\docstring-7.11.0.jar;C:\Users\Lenovo\.m2\repository\io\cucumber\html-formatter\20.2.1\html-formatter-20.2.1.jar;C:\Users\Lenovo\.m2\repository\io\cucumber\junit-xml-formatter\0.1.0\junit-xml-formatter-0.1.0.jar;C:\Users\Lenovo\.m2\repository\io\cucumber\ci-environment\9.1.0\ci-environment-9.1.0.jar;C:\Users\Lenovo\.m2\repository\io\cucumber\cucumber-java\7.11.0\cucumber-java-7.11.0.jar;C:\Users\Lenovo\.m2\repository\io\cucumber\cucumber-junit\7.11.0\cucumber-junit-7.11.0.jar;C:\Users\Lenovo\.m2\repository\org\apache\commons\commons-csv\1.5\commons-csv-1.5.jar;C:\Users\Lenovo\.m2\repository\net\serenity-bdd\serenity-screenplay\3.6.12\serenity-screenplay-3.6.12.jar;C:\Users\Lenovo\.m2\repository\net\serenity-bdd\serenity-screenplay-webdriver\3.6.12\serenity-screenplay-webdriver-3.6.12.jar;C:\Users\Lenovo\.m2\repository\net\serenity-bdd\serenity-ensure\3.6.12\serenity-ensure-3.6.12.jar;C:\Users\Lenovo\.m2\repository\net\serenity-bdd\serenity-junit\3.6.12\serenity-junit-3.6.12.jar;C:\Users\Lenovo\.m2\repository\org\jetbrains\kotlin\kotlin-stdlib\1.7.21\kotlin-stdlib-1.7.21.jar;C:\Users\Lenovo\.m2\repository\org\jetbrains\kotlin\kotlin-stdlib-common\1.7.21\kotlin-stdlib-common-1.7.21.jar;C:\Users\Lenovo\.m2\repository\org\jetbrains\annotations\13.0\annotations-13.0.jar;C:\Users\Lenovo\.m2\repository\org\junit\platform\junit-platform-launcher\1.9.2\junit-platform-launcher-1.9.2.jar;C:\Users\Lenovo\.m2\repository\org\junit\platform\junit-platform-engine\1.9.2\junit-platform-engine-1.9.2.jar;C:\Users\Lenovo\.m2\repository\org\junit\platform\junit-platform-commons\1.9.2\junit-platform-commons-1.9.2.jar;C:\Users\Lenovo\.m2\repository\org\apiguardian\apiguardian-api\1.1.2\apiguardian-api-1.1.2.jar;C:\Users\Lenovo\.m2\repository\org\junit\jupiter\junit-jupiter-engine\5.9.2\junit-jupiter-engine-5.9.2.jar;C:\Users\Lenovo\.m2\repository\org\junit\jupiter\junit-jupiter-api\5.9.2\junit-jupiter-api-5.9.2.jar;C:\Users\Lenovo\.m2\repository\org\junit\vintage\junit-vintage-engine\5.9.2\junit-vintage-engine-5.9.2.jar;C:\Users\Lenovo\.m2\repository\junit\junit\4.13.2\junit-4.13.2.jar;C:\Users\Lenovo\.m2\repository\org\hamcrest\hamcrest-core\1.3\hamcrest-core-1.3.jar;C:\Users\Lenovo\.m2\repository\ch\qos\logback\logback-classic\1.4.6\logback-classic-1.4.6.jar;C:\Users\Lenovo\.m2\repository\ch\qos\logback\logback-core\1.4.6\logback-core-1.4.6.jar;C:\Users\Lenovo\.m2\repository\org\slf4j\slf4j-api\2.0.4\slf4j-api-2.0.4.jar;C:\Users\Lenovo\.m2\repository\org\assertj\assertj-core\3.24.2\assertj-core-3.24.2.jar;C:\Users\Lenovo\.m2\repository\net\bytebuddy\byte-buddy\1.12.21\byte-buddy-1.12.21.jar;C:\Users\Lenovo\.m2\repository\com\googlecode\json-simple\json-simple\1.1.1\json-simple-1.1.1.jar;C:\Users\Lenovo\.m2\repository\org\testng\testng\7.7.0\testng-7.7.0.jar;C:\Users\Lenovo\.m2\repository\com\beust\jcommander\1.82\jcommander-1.82.jar;C:\Users\Lenovo\.m2\repository\org\webjars\jquery\3.6.1\jquery-3.6.1.jar;C:\Users\Lenovo\.m2\repository\org\apache\maven\surefire\surefire-junit-platform\3.0.0-M5\surefire-junit-platform-3.0.0-M5.jar;C:\Users\Lenovo\.m2\repository\org\apache\maven\surefire\common-java5\3.0.0-M5\common-java5-3.0.0-M5.jar"/>
    <property name="user.script" value=""/>
    <property name="sun.management.compiler" value="HotSpot 64-Bit Tiered Compilers"/>
    <property name="java.runtime.version" value="17.0.8+9-LTS-211"/>
    <property name="user.name" value="Lenovo"/>
    <property name="path.separator" value=";"/>
    <property name="os.version" value="10.0"/>
    <property name="java.runtime.name" value="Java(TM) SE Runtime Environment"/>
    <property name="file.encoding" value="Cp1252"/>
    <property name="webdriver.base.url" value=""/>
    <property name="java.vm.name" value="Java HotSpot(TM) 64-Bit Server VM"/>
    <property name="localRepository" value="C:\Users\Lenovo\.m2\repository"/>
    <property name="java.vendor.url.bug" value="https://bugreport.java.com/bugreport/"/>
    <property name="java.io.tmpdir" value="C:\Users\Lenovo\AppData\Local\Temp\"/>
    <property name="java.version" value="17.0.8"/>
    <property name="user.dir" value="D:\TaksAlterra\MiniProject\MiniProject_API"/>
    <property name="os.arch" value="amd64"/>
    <property name="java.vm.specification.name" value="Java Virtual Machine Specification"/>
    <property name="sun.os.patch.level" value=""/>
    <property name="native.encoding" value="Cp1252"/>
    <property name="java.library.path" value="C:\Program Files\Java\jdk-17\bin;C:\WINDOWS\Sun\Java\bin;C:\WINDOWS\system32;C:\WINDOWS;C:\Program Files\Python311\Scripts\;C:\Program Files\Python311\;C:\Program Files\Common Files\Oracle\Java\javapath;C:\WINDOWS\system32;C:\WINDOWS;C:\WINDOWS\System32\Wbem;C:\WINDOWS\System32\WindowsPowerShell\v1.0\;C:\WINDOWS\System32\OpenSSH\;C:\Program Files\Microsoft VS Code\bin;C:\Program Files\Cloudflare\Cloudflare WARP\;C:\mingw32\bin;C:\Program Files\nodejs\;C:\Program Files\Git\cmd;C:\xampp\php;C:\composer;C:\Program Files\Java\jdk-17\bin;D:\maven\apache-maven-3.9.4\bin;C:\Users\Lenovo\AppData\Roaming\npm;C:\Program Files\Genymobile\Genymotion\tools;C:\Users\Lenovo\AppData\Local\Microsoft\WindowsApps;;C:\Users\Lenovo\AppData\Local\spicetify;C:\Users\Lenovo\AppData\Roaming\npm;C:\Users\Lenovo\AppData\Roaming\Composer\vendor\bin;."/>
    <property name="java.vm.info" value="mixed mode"/>
    <property name="java.vendor" value="Oracle Corporation"/>
    <property name="java.vm.version" value="17.0.8+9-LTS-211"/>
    <property name="sun.io.unicode.encoding" value="UnicodeLittle"/>
    <property name="java.class.version" value="61.0"/>
  </properties>
  <testcase name="TC73 - Get comment products valid endpoints" classname="[08_Automation] - Comment" time="3.778">
    <system-out><![CDATA[01:28:00.362 [main] DEBUG net.thucydides.core.guice.Injectors -- Created injector for module net.thucydides.core.guice.ThucydidesModule
01:28:00.672 [main] INFO io.cucumber.core.plugin.SerenityReporter -- Running feature from file:///D:/TaksAlterra/MiniProject/MiniProject_API/src/test/resources/Comment.feature
01:28:00.672 [main] WARN io.cucumber.core.plugin.SerenityReporter -- Feature from file:///D:/TaksAlterra/MiniProject/MiniProject_API/src/test/resources/Comment.feature is not under the 'features' directory. Requirements report will not be correctly generated!
01:28:00.851 [main] DEBUG net.thucydides.core.guice.Injectors -- Created injector for module net.thucydides.core.guice.webdriver.WebDriverModule
01:28:00.885 [main] INFO  -- 

-------------------------------------------------------------------------------------
     _______. _______ .______       _______ .__   __.  __  .___________.____    ____ 
    /       ||   ____||   _  \     |   ____||  \ |  | |  | |           |\   \  /   / 
   |   (----`|  |__   |  |_)  |    |  |__   |   \|  | |  | `---|  |----` \   \/   /  
    \   \    |   __|  |      /     |   __|  |  . `  | |  |     |  |       \_    _/   
.----)   |   |  |____ |  |\  \----.|  |____ |  |\   | |  |     |  |         |  |     
|_______/    |_______|| _| `._____||_______||__| \__| |__|     |__|         |__|    
                                                                                     
 News and tutorials at http://www.serenity-bdd.info                                  
 Documentation at https://wakaleo.gitbooks.io/the-serenity-book/content/             
 Join the Serenity Community on Gitter: https://gitter.im/serenity-bdd/serenity-core 
 Serenity BDD Support and Training at http://serenity-bdd.info/#/trainingandsupport  
-------------------------------------------------------------------------------------

01:28:00.889 [main] DEBUG net.thucydides.core.steps.StepEventBus -- Test suite started for story net.thucydides.core.model.Story@67ab0f63
01:28:00.891 [main] INFO  -- Test Suite Started: [08_Automation] - Comment
01:28:00.904 [main] INFO io.cucumber.core.plugin.SerenityReporter -- Running feature from file:///D:/TaksAlterra/MiniProject/MiniProject_API/src/test/resources/Login.feature
01:28:00.904 [main] WARN io.cucumber.core.plugin.SerenityReporter -- Feature from file:///D:/TaksAlterra/MiniProject/MiniProject_API/src/test/resources/Login.feature is not under the 'features' directory. Requirements report will not be correctly generated!
01:28:00.912 [main] DEBUG net.thucydides.core.steps.StepEventBus -- Test suite started for story net.thucydides.core.model.Story@9ac5c9a9
01:28:00.913 [main] INFO  -- Test Suite Started: [02_Automation] - Login
01:28:00.914 [main] INFO io.cucumber.core.plugin.SerenityReporter -- Running feature from file:///D:/TaksAlterra/MiniProject/MiniProject_API/src/test/resources/Orders.feature
01:28:00.914 [main] WARN io.cucumber.core.plugin.SerenityReporter -- Feature from file:///D:/TaksAlterra/MiniProject/MiniProject_API/src/test/resources/Orders.feature is not under the 'features' directory. Requirements report will not be correctly generated!
01:28:00.919 [main] DEBUG net.thucydides.core.steps.StepEventBus -- Test suite started for story net.thucydides.core.model.Story@d9dd1d4b
01:28:00.920 [main] INFO  -- Test Suite Started: [06_Automation] - Orders
01:28:00.920 [main] INFO io.cucumber.core.plugin.SerenityReporter -- Running feature from file:///D:/TaksAlterra/MiniProject/MiniProject_API/src/test/resources/ProductCategories.feature
01:28:00.920 [main] WARN io.cucumber.core.plugin.SerenityReporter -- Feature from file:///D:/TaksAlterra/MiniProject/MiniProject_API/src/test/resources/ProductCategories.feature is not under the 'features' directory. Requirements report will not be correctly generated!
01:28:00.923 [main] DEBUG net.thucydides.core.steps.StepEventBus -- Test suite started for story net.thucydides.core.model.Story@97399b2e
01:28:00.925 [main] INFO  -- Test Suite Started: [04_Automation] - Product Categories
01:28:00.925 [main] INFO io.cucumber.core.plugin.SerenityReporter -- Running feature from file:///D:/TaksAlterra/MiniProject/MiniProject_API/src/test/resources/Products.feature
01:28:00.925 [main] WARN io.cucumber.core.plugin.SerenityReporter -- Feature from file:///D:/TaksAlterra/MiniProject/MiniProject_API/src/test/resources/Products.feature is not under the 'features' directory. Requirements report will not be correctly generated!
01:28:00.928 [main] DEBUG net.thucydides.core.steps.StepEventBus -- Test suite started for story net.thucydides.core.model.Story@6d4c1ca7
01:28:00.928 [main] INFO  -- Test Suite Started: [05_Automation] - Product
01:28:00.928 [main] INFO io.cucumber.core.plugin.SerenityReporter -- Running feature from file:///D:/TaksAlterra/MiniProject/MiniProject_API/src/test/resources/Ratings.feature
01:28:00.928 [main] WARN io.cucumber.core.plugin.SerenityReporter -- Feature from file:///D:/TaksAlterra/MiniProject/MiniProject_API/src/test/resources/Ratings.feature is not under the 'features' directory. Requirements report will not be correctly generated!
01:28:00.931 [main] DEBUG net.thucydides.core.steps.StepEventBus -- Test suite started for story net.thucydides.core.model.Story@f34dfc64
01:28:00.931 [main] INFO  -- Test Suite Started: [07_Automation] - Ratings
01:28:00.931 [main] INFO io.cucumber.core.plugin.SerenityReporter -- Running feature from file:///D:/TaksAlterra/MiniProject/MiniProject_API/src/test/resources/Register.feature
01:28:00.931 [main] WARN io.cucumber.core.plugin.SerenityReporter -- Feature from file:///D:/TaksAlterra/MiniProject/MiniProject_API/src/test/resources/Register.feature is not under the 'features' directory. Requirements report will not be correctly generated!
01:28:00.935 [main] DEBUG net.thucydides.core.steps.StepEventBus -- Test suite started for story net.thucydides.core.model.Story@7a445946
01:28:00.935 [main] INFO  -- Test Suite Started: [01_Automation] - Register
01:28:00.935 [main] INFO io.cucumber.core.plugin.SerenityReporter -- Running feature from file:///D:/TaksAlterra/MiniProject/MiniProject_API/src/test/resources/UserInformation.feature
01:28:00.935 [main] WARN io.cucumber.core.plugin.SerenityReporter -- Feature from file:///D:/TaksAlterra/MiniProject/MiniProject_API/src/test/resources/UserInformation.feature is not under the 'features' directory. Requirements report will not be correctly generated!
01:28:00.937 [main] DEBUG net.thucydides.core.steps.StepEventBus -- Test suite started for story net.thucydides.core.model.Story@18f4b3f3
01:28:00.937 [main] INFO  -- Test Suite Started: [03_Automation] - User Information
01:28:00.938 [main] INFO io.cucumber.core.plugin.SerenityReporter -- Running feature from file:///D:/TaksAlterra/MiniProject/MiniProject_API/src/test/resources/Comment.feature
01:28:00.938 [main] WARN io.cucumber.core.plugin.SerenityReporter -- Feature from file:///D:/TaksAlterra/MiniProject/MiniProject_API/src/test/resources/Comment.feature is not under the 'features' directory. Requirements report will not be correctly generated!
01:28:00.939 [main] DEBUG net.thucydides.core.steps.StepEventBus -- Test suite started for story net.thucydides.core.model.Story@67ab0f63
01:28:00.940 [main] INFO  -- Test Suite Started: [08_Automation] - Comment

Scenario: TC73 - Get comment products valid endpoints           &amp#27;[90m# src/test/resources/Comment.feature:3&amp#27;[0m
01:28:01.070 [main] INFO io.cucumber.core.plugin.SerenityReporter -- Running feature from file:///D:/TaksAlterra/MiniProject/MiniProject_API/src/test/resources/Comment.feature
01:28:01.070 [main] WARN io.cucumber.core.plugin.SerenityReporter -- Feature from file:///D:/TaksAlterra/MiniProject/MiniProject_API/src/test/resources/Comment.feature is not under the 'features' directory. Requirements report will not be correctly generated!
01:28:01.228 [main] INFO  -- 
  _____   ___   ___   _____     ___   _____     _     ___   _____   ___   ___  
 |_   _| | __| / __| |_   _|   / __| |_   _|   /_\   | _ \ |_   _| | __| |   \ 
   | |   | _|  \__ \   | |     \__ \   | |    / _ \  |   /   | |   | _|  | |) |
   |_|   |___| |___/   |_|     |___/   |_|   /_/ \_\ |_|_\   |_|   |___| |___/ 

TC73 - Get comment products valid endpoints([08-automation]---comment;tc73---get-comment-products-valid-endpoints)
--------------------------------------------------------------------------------
01:28:01.723 [main] DEBUG net.thucydides.core.steps.StepInterceptor -- STARTING STEP: CommentSteps.getCommentProductsEndpoints - I GET comment products endpoints
01:28:01.724 [main] DEBUG net.thucydides.core.steps.StepInterceptor -- STEP DONE: I GET comment products endpoints
  &amp#27;[32mGiven &amp#27;[0m&amp#27;[32mI GET comment products endpoints&amp#27;[0m                        &amp#27;[90m# starter.stepdefinition.CommentSteps.getCommentProductsEndpoints()&amp#27;[0m
01:28:01.737 [main] DEBUG net.thucydides.core.steps.StepInterceptor -- STARTING STEP: CommentSteps.getHTTPRequestWithValidDataForCommentsProducts - I GET HTTP request with valid data for comments products
01:28:03.506 [main] DEBUG net.thucydides.core.steps.StepInterceptor -- STARTING STEP: Comment.getHTTPRequestWithValidDataForCommentsProducts - I GET comment products endpoints
01:28:03.506 [main] DEBUG net.thucydides.core.steps.StepInterceptor -- STEP DONE: I GET comment products endpoints
01:28:04.174 [main] DEBUG org.apache.http.impl.conn.BasicClientConnectionManager -- Get connection for route {s}->https://altashop-api.fly.dev:443
01:28:04.220 [main] DEBUG org.apache.http.impl.conn.DefaultClientConnectionOperator -- Connecting to altashop-api.fly.dev:443
01:28:04.488 [main] DEBUG org.apache.http.client.protocol.RequestAddCookies -- CookieSpec selected: ignoreCookies
01:28:04.488 [main] DEBUG org.apache.http.client.protocol.RequestAuthCache -- Auth cache not set in the context
01:28:04.488 [main] DEBUG org.apache.http.client.protocol.RequestProxyAuthentication -- Proxy auth state: UNCHALLENGED
01:28:04.490 [main] DEBUG org.apache.http.impl.client.DefaultHttpClient -- Attempt 1 to execute request
01:28:04.490 [main] DEBUG org.apache.http.impl.conn.DefaultClientConnection -- Sending request: GET /api/products/2/comments HTTP/1.1
01:28:04.490 [main] DEBUG org.apache.http.wire --  >> "GET /api/products/2/comments HTTP/1.1[\r][\n]"
01:28:04.490 [main] DEBUG org.apache.http.wire --  >> "Authorization: Bearer eyJhbGciOiJIUzI1NiIsInR5cCI6IkpXVCJ9.eyJGdWxsbmFtZSI6Ik5hdXJhIFZpZXRhIEhhZmxhIiwiRW1haWwiOiJuYXVyYWhhZmxhQGdtYWlsLmNvbSJ9.s7o8kacM5c5L7fMRQwNBVTO4m2AeQS4Fu9QSdP9ASbA[\r][\n]"
01:28:04.490 [main] DEBUG org.apache.http.wire --  >> "Accept: */*[\r][\n]"
01:28:04.490 [main] DEBUG org.apache.http.wire --  >> "Host: altashop-api.fly.dev[\r][\n]"
01:28:04.491 [main] DEBUG org.apache.http.wire --  >> "Connection: Keep-Alive[\r][\n]"
01:28:04.491 [main] DEBUG org.apache.http.wire --  >> "User-Agent: Apache-HttpClient/4.5.13 (Java/17.0.8)[\r][\n]"
01:28:04.491 [main] DEBUG org.apache.http.wire --  >> "Accept-Encoding: gzip,deflate[\r][\n]"
01:28:04.491 [main] DEBUG org.apache.http.wire --  >> "[\r][\n]"
01:28:04.491 [main] DEBUG org.apache.http.headers -- >> GET /api/products/2/comments HTTP/1.1
01:28:04.491 [main] DEBUG org.apache.http.headers -- >> Authorization: Bearer eyJhbGciOiJIUzI1NiIsInR5cCI6IkpXVCJ9.eyJGdWxsbmFtZSI6Ik5hdXJhIFZpZXRhIEhhZmxhIiwiRW1haWwiOiJuYXVyYWhhZmxhQGdtYWlsLmNvbSJ9.s7o8kacM5c5L7fMRQwNBVTO4m2AeQS4Fu9QSdP9ASbA
01:28:04.491 [main] DEBUG org.apache.http.headers -- >> Accept: */*
01:28:04.491 [main] DEBUG org.apache.http.headers -- >> Host: altashop-api.fly.dev
01:28:04.491 [main] DEBUG org.apache.http.headers -- >> Connection: Keep-Alive
01:28:04.491 [main] DEBUG org.apache.http.headers -- >> User-Agent: Apache-HttpClient/4.5.13 (Java/17.0.8)
01:28:04.491 [main] DEBUG org.apache.http.headers -- >> Accept-Encoding: gzip,deflate
01:28:04.527 [main] DEBUG org.apache.http.wire --  << "HTTP/1.1 200 OK[\r][\n]"
01:28:04.528 [main] DEBUG org.apache.http.wire --  << "content-type: application/json[\r][\n]"
01:28:04.528 [main] DEBUG org.apache.http.wire --  << "date: Thu, 02 Nov 2023 18:28:06 GMT[\r][\n]"
01:28:04.528 [main] DEBUG org.apache.http.wire --  << "transfer-encoding: chunked[\r][\n]"
01:28:04.528 [main] DEBUG org.apache.http.wire --  << "content-encoding: gzip[\r][\n]"
01:28:04.528 [main] DEBUG org.apache.http.wire --  << "server: Fly/7328d5b5 (2023-10-27)[\r][\n]"
01:28:04.528 [main] DEBUG org.apache.http.wire --  << "via: 1.1 fly.io[\r][\n]"
01:28:04.528 [main] DEBUG org.apache.http.wire --  << "fly-request-id: 01HE8MNRSNCM5M0FHCF2B5ZZ4P-sin[\r][\n]"
01:28:04.528 [main] DEBUG org.apache.http.wire --  << "[\r][\n]"
01:28:04.528 [main] DEBUG org.apache.http.impl.conn.DefaultClientConnection -- Receiving response: HTTP/1.1 200 OK
01:28:04.528 [main] DEBUG org.apache.http.headers -- << HTTP/1.1 200 OK
01:28:04.528 [main] DEBUG org.apache.http.headers -- << content-type: application/json
01:28:04.528 [main] DEBUG org.apache.http.headers -- << date: Thu, 02 Nov 2023 18:28:06 GMT
01:28:04.528 [main] DEBUG org.apache.http.headers -- << transfer-encoding: chunked
01:28:04.528 [main] DEBUG org.apache.http.headers -- << content-encoding: gzip
01:28:04.528 [main] DEBUG org.apache.http.headers -- << server: Fly/7328d5b5 (2023-10-27)
01:28:04.528 [main] DEBUG org.apache.http.headers -- << via: 1.1 fly.io
01:28:04.528 [main] DEBUG org.apache.http.headers -- << fly-request-id: 01HE8MNRSNCM5M0FHCF2B5ZZ4P-sin
01:28:04.534 [main] DEBUG org.apache.http.impl.client.DefaultHttpClient -- Connection can be kept alive indefinitely
01:28:04.536 [main] DEBUG io.restassured.internal.RestAssuredHttpBuilder -- Parsing response as: application/json
01:28:04.536 [main] DEBUG org.apache.http.wire --  << "F3[\r][\n]"
01:28:04.537 [main] DEBUG org.apache.http.wire --  << "[0x1f][0x8b][0x8][0x0][0x0][0x0][0x0][0x0][0x4][0xff][0xaa]VJI,IT[0xb2][0x8a][0xae]V[0xf2]tQ[0xb2]244[0xb3]4[0xd7]Qr[0xce][0xcf]+I[0xcd]+Q[0xb2]R*[0xc9]HUHO[0xcc]M-VH,JUH/JM,Q[0xc8][0xcc]K[0xce])M[0xc9][0xcc]KWp/J[0xcc]S[0x8])-[0xca],[0xce][0xcd]W0WH*-Q(NL[0xc9][0xa9]Tp[0xf]1Q[0xc8],V[0xc8]-M[0xce]PHJ-)I-R[0xd2]Q[\n]"
01:28:04.537 [main] DEBUG org.apache.http.wire --  << "-N-R[0xb2][0xca]+[0xcd][0xc9][0xd1]Q[\n]"
01:28:04.537 [main] DEBUG org.apache.http.wire --  << "([0xca]O)M.[0x81]q[0x9d][0xf3]ss[0xc1][0x16][0x82]dku`[0x8e]174[0x19]D[0x8e]12[0x18]L[0x8e]1[0x1c]L[0x8e]1[0x1a]L[0x8e]1[0x1e]D[0x8e]1[0x1e]L[0x8e]1[0x19]L[0xd1]d2[0x98]B[0xc6]r[0x10][0xe5]&[0xb][0xa3]A[0x14]2[0x16]F[0x83][0xa8][0x4][0xb6]02[0x1d]<Y[0xdb][0xc2][0xc8]l09f[0x10][0xd5][0xda][0x16]F[0x16][0x83](d[0x8c][0x7]Q[0xad]mal9[0x88]B[0xc6][0x84][0xec][0x90][0x1][0x0][0x0][0x0][0xff][0xff]"
01:28:04.537 [main] DEBUG org.apache.http.wire --  << "[\r][\n]"
01:28:04.537 [main] DEBUG org.apache.http.wire --  << "151[\r][\n]"
01:28:04.537 [main] DEBUG org.apache.http.wire --  << "[0xa2]~K[0xcf][0xc2]d0[0x95][0xc0][0x83][0xa9][0xa2][0xb4]0[0x19]L%[0xb0][0xc9]`*[0xf4]L[0x7]SEi:[0x98]B[0xc6][0xc]%k'[0x92][0xd5][0xf9][0xb2]0C[0xc9][0x92][\n]"
01:28:04.537 [main] DEBUG org.apache.http.wire --  << "[0xe4][0x19]b1[0x98][0xea][0x2][0x8b]ATKZ[0x1a][0xa0][0xc4][0x91]_j[0xb9]BQjNjbq[0xaa]B[0x1][0xb4]sLN[0x97][0xd9][0xd2][0x0]%[0xd6][0xc0][0xfd][0xec]l[0x5][0xa7][0xc4][0xa2]R[0xb2][0xe2][0xcf][0xd2]p[0x10]5[0xb9],[\r][0x7]Q[0x1e][0xb3]4[0x1c]L[0x89][0xc9]p[0x10]e3[0xcb][0xc1]4Pbi[0x84][0x92][0x1f][0x6]v<[0xcb][0xd2]h[0x10][0xf5][0xc0]-M[0x6]S[0x2]6[0x19]D-cKS[0x94][0xa2]y[0x80][0xd3][0x8c][0xe9]`*[0x81]M[0x7]S[0x9a]1[0x1d]Li[0xc6]l0em[0xb3]A[0xd4]2[0xb6]4[0x1b]D[0x1d][0x18]K[0xb3][0xc1][0x94][0x9b][0xcc][0x6]S{[0xc6]l05![0xcc][0x6]S[0xd6]6[0x1f]L[0xd5][0x81][0xf9]`j[0xcf][0x98][0xf][0xa6]B[0xcf]|0[0x15]z[0xe6][0x83][0xa9][0xd0]3[0x1f]L[0x85][0x9e][0xf9]`*[0xf4][0xcc][0x7]S{[0xc6]|0[0x15]z[0x16][0x83][0xa9][0xd0][0xb3][0x18]L[0xb9][0xc9]r0[0x95]3[0x96][0x83]*d[0x6]S9c9[0x98][0xca][0x99][0xc1][0xb4][0xaa][0xc6][0xd2]r[0xf0][0xb4][0xf4][0x8c][0xc][0xc][0x6]O[0xa1]gd`8x[0xb2][0xb6][0x91][0xc1] [0x1a]z52[0x18]DC[0xaf]F[0x6][0x83]h[0xe8][0xd5][0xc8]`[0x10][\r][0xbd][0x1a][0x19][0x18][0xe][0xa6][0xdc]4[0x88][0xc6][0x81][0x8d][0xc][0x6][0xd1]8[0xb0][0x91][0xc1] [0x1a][0x7]62 }[0xbd][0x11][0x0][0x0][0x0][0xff][0xff]"
01:28:04.537 [main] DEBUG org.apache.http.wire --  << "[\r][\n]"
01:28:04.537 [main] DEBUG org.apache.http.wire --  << "74[\r][\n]"
01:28:04.537 [main] DEBUG org.apache.http.wire --  << "[0xa2][0xd9][0x8a]O#[0x83]A[0xb4][0xde][0xc8][0xc8]`[0x10][0xad]722[0x18]D[0xeb][0x8d][0x8c][0xc][0x8c][0x6]O[0xbf][0xc9][0xc8]`[0x10][0xad]7220[0x1a]L%[0xb0][0xf1][0xe0]i[0x90][0x1b][0x19][0xc][0xa2][0xc5]OF[0x6][0x83]h[0xf1][0x93][0x91][0xc1] Z[0xfc]dd0[0x88][0x16][0xe6][0x1a][0x19][0xc][0xa2][0xc5]OF[0x6]&[0x83])7[\r][0xa2][0x95]XF[0x6][0x83]h*[0xd9][0xc8][0xc0]d0uo[0x7][0xd1][0xbc][0xb6][0x91][0xc1] [0x9a][0xd7]620[0xa5][0xff]D[0x6][0x0][0x0][0x0][0xff][0xff]"
01:28:04.537 [main] DEBUG org.apache.http.wire --  << "[\r][\n]"
01:28:04.537 [main] DEBUG org.apache.http.wire --  << "4A[\r][\n]"
01:28:04.537 [main] DEBUG org.apache.http.wire --  << "[0x2]-[0xbe][0xc5][0xb6][0xd1][0xc8][0xc8][0xc0]t[0xf0]Ld[0x18][0x19][0xc][0xa2]u[0x8d]F[0x6][0xa6][0x83]g[0x80][0xd1][0xc8]`[0x10][0xad][0x85]02@][0x1f]9[0xa0][0xab]D[0x8c][0xc][0x6][0xd1]T[0xb2][0x91][0xc1] [0x9a]J62[0x18]DS[0xc9]F[0x6][0x83]h*[0xd9][0xc8][0x80]jS[0xc9][0x0][0x0][0x0][0x0][0xff][0xff]"
01:28:04.538 [main] DEBUG org.apache.http.wire --  << "[\r][\n]"
01:28:04.538 [main] DEBUG org.apache.http.wire --  << "6F[\r][\n]"
01:28:04.538 [main] DEBUG org.apache.http.wire --  << "[0xa2]|[0xab][0xa7][0x91][0xc1] [0x9a]J62[0x18]DS[0xc9]F[0x6][0x83]h*[0xd9][0xc8]`[0x10]M%[0x1b][0x19][0xc][0xa2][0xa9]d#[0x83]A4[0x95]ld`>[0x98][0xda][0xc0][0x83]h^[0xdb][0xc8]`[0x10][0xcd]k[0x1b][0x19]X[0xc][0xa6]6[0xb0][0xc5]`[0x9a][0xfc][0x1a]D3[0xfe]F[0x6][0x16][0x83][0xa8][0xe3]o8[0x98]F[0xc8][\r][0x7][0xd3][0x8][0xb9][0xe1]`[0x1a]z5[0x1c]D[0xfb]N[0x8d][0xc][0x8d][0x7]Q9ch<[0xe0]}m[0x0][0x0][0x0][0x0][0xff][0xff]"
01:28:04.538 [main] DEBUG org.apache.http.wire --  << "[\r][\n]"
01:28:04.538 [main] DEBUG org.apache.http.wire --  << "40[\r][\n]"
01:28:04.538 [main] DEBUG org.apache.http.wire --  << "[0x82][0x9f]0bd8[0x88][0xe]h024[0x1e]D}mC[0xd3]A[0xd4][0x84]0D[0xdd][0xd0]8[0xb0]}m[0xc3]A[0xb4][0xba][0xde][0xc8]p[0x10]-h72[0x1c]L[0xed][0x19]C[0x8b][0xc1]T[0xce][0xc][0xaa]&[0x84][0x5][0x8d][0x96][0xc6][0x1][0x0][0x0][0x0][0xff][0xff]"
01:28:04.538 [main] DEBUG org.apache.http.wire --  << "[\r][\n]"
01:28:04.538 [main] DEBUG org.apache.http.wire --  << "3C[\r][\n]"
01:28:04.538 [main] DEBUG org.apache.http.wire --  << ""c[0xc3][0xaa][0x91][0x91][0xc1] *[0xf4][0x8c][0xc][0x6]U[0xc8][0xc][0xa2]Iv[0xa3][0xc1][0xb4]N[0xcf][0xc8]p[0xf0],N622[0x1c]D[0xe5][0x8c][0xd1]`Z[0xc1]h4[0x98]V0[0x1a][\r][0xa6][0x15][0x8c]F[0xa4]-[0x1a][0x4][0x0][0x0][0x0][0xff][0xff]"
01:28:04.538 [main] DEBUG org.apache.http.wire --  << "[\r][\n]"
01:28:04.538 [main] DEBUG org.apache.http.wire --  << "69[\r][\n]"
01:28:04.538 [main] DEBUG org.apache.http.wire --  << "[0xa2][0xe9]){FF[0x83]i[0xd1][0xa0][0xd1]`Z[0xa7]g4[0x98][0x96]9[0x19][0xf][0xa6][0xac]m<[0x98]F![0x8c][0x7]S[0xc7][0xdf]x0[0xf5][0xb5][0x8d][0x7][0xd3][0x2]0c[0xe3]A[0xd4][0x9e]16[0x1e]D[0xdd][[0xe3][0xc1][0xb4]J[0xc4]x0-[0xcc]0[0x1e]D[0xc7]*[0x19][0x19][0xf][0xa6]![0x11][0xe3]At[0xfa][0x81][0x91][0xf1]`Z[0xb]a<[0x88][0x8e]b02[0x1e]D[0xa7][0x1f][0x18][0x19][0xd3]i[0x8e][0x12][0x0][0x0][0x0][0xff][0xff]"
01:28:04.538 [main] DEBUG org.apache.http.wire --  << "[\r][\n]"
01:28:04.538 [main] DEBUG org.apache.http.wire --  << "45[\r][\n]"
01:28:04.538 [main] DEBUG org.apache.http.wire --  << "[0x82][0x9e]_[0x5]=[0xeb][0x19][0xfb][0xe1][0xce]F[0xc6][0x83]iZ[0xd0]x0M[0xb][0x1a][0xf][0xa6][0xc9]/[0xe3]At[0x82][0x9b][0x91][0xb1][0xe5] [0xea][0xf8][0x1b][0xf][0xa2]S[0x83][0x8d][0x8c][0x7][0xd1][0xae]d#c[0xcb]A4aj<[0x88]6[0x2][0x1b][0x19]S[0xb4][0xf7][0x16][0x0][0x0][0x0][0xff][0xff]"
01:28:04.538 [main] DEBUG org.apache.http.wire --  << "[\r][\n]"
01:28:04.538 [main] DEBUG org.apache.http.wire --  << "6B[\r][\n]"
01:28:04.538 [main] DEBUG org.apache.http.wire --  << "[0xa2][0xee][0xf1][0xfa]F&[0xa8]G[0x10][0xe][0xec][0xac][0x8a][0x9][0xea][0xc1][0x85][0x3][0xed][0x98]A4[0xe]lb0[0x88][0xba]*&[0x83]i[0x1c][0xd8][0xc4]p[0x10][0xcd]k[0x9b][0xc][0xa6]q`[0x93][0xc1]4Xd2[0x98][0xc6][0x81]M[0x6][0xd3]8[0xb0][0xc9]`[0x1a][0x7]6[0x19]LC[0xaf]&[0x83]i[0x8b][0xb4][0xc9]`[0x1a][0xed]4[0x19]Lk[0xae]L[0x6][0xd3][0x8][0xb9][0xc9]`[0xda][0x8]l2[0x98][0x16][0x80][0x99][0x18][0xc][0xc8][0xda]N[0x0][0x0][0x0][0x0][0xff][0xff]"
01:28:04.538 [main] DEBUG org.apache.http.wire --  << "[\r][\n]"
01:28:04.540 [main] DEBUG org.apache.http.wire --  << "69[\r][\n]"
01:28:04.540 [main] DEBUG org.apache.http.wire --  << "[0xc2]z[0xab][0x93][0x91][0x89][0xc1] [0xea][0x1d][0x98][0xc][0xa6][0xd5]h&[0x83]i[0x1][0x98][0xc9]`[0x9a];0[0x19]Ls[0x7]&[0x83]i[0xee][0xc0]d0[0xed]d7[0x19]L;[0xd9]M[0x6][0xd3]Nv[0x93][0xc1][0xb4][0x93][0xdd]d0m[0x1e]7[0x19]L[0x9b][0xc7]M[0x6][0xd3]L[0x9c][0xc9]`[0xda][0xaf]m2[0x98][0xb6]H[0x9b][0xc][0xa6]-[0xd2]&[0x83]iW[0xb2][0xc9]`[0x9a]05[0x19]L[0x13][0xa6]&[0x84]'L[0x1][0x0][0x0][0x0][0xff][0xff]"
01:28:04.540 [main] DEBUG org.apache.http.wire --  << "[\r][\n]"
01:28:04.540 [main] DEBUG org.apache.http.wire --  << "F9[\r][\n]"
01:28:04.540 [main] DEBUG org.apache.http.wire --  << "[0xa2][0xdb][0xcd][0xa6]F&[0x83]i[0xc2][0xd4]d0M[0x98][0x9a][0xc][0xa6][0x9]S[0x93][0xc1][0xb4][0xba][0xde][0x4]u[[0xbd]g^[0xa6]BbJbNb[0x86]B2[0xa4][0xa3][0xa5][0x90][0x97][0x9f][0x9b]Z[0xa4]`D[0xd6]:l[0x13][0xd4][0xad][0xe9]T7[0x1d]e[0xa4][0x96][0xea][0xa6][0xa3]to[0xa9]n:J[0x95][0xea][0xa6][0xa3][0xac][0x8a][0xa2][0xb6][0xe9][0xa8][0x9b]:[0xa9]n:[0xca]ag[0xd4]6[0x1d]u~[0x95][0xea][0xa6][0xd3]4[0xcd][0xa0][0xce][0x80]R[0xdd][0xed]4M3[0x96]([0xb1]:[0xb0]3q[0xa6][0x83]i[0x8e][0xd2]t0[0xcd]Q[0x9a][0x1a][0xc][0xa2]}[0x7][0xa6][0x83]i[0x80][0xd1]t0m)2[0x1d]L[0xa3][0x9d][0xa6][0x83]i[0x8a][0xc7]t0M[0xf1][0x98][0xe][0xa6]SpM[0x7][0xd3]Y[0xaf][0xa6][0x83]iu[0xbd][0xe9]`[0x1a][0xae]7[0x1d]L[0xc3][0xf5][0xa6][0x83]i[0xe8][0xd5]t[0x10][0xdd][0xa0]ld:[0x98][0xc6][0x81]M[0x7][0xd3]8[0xb0][0xe9]`[0x1a][0x7]6[0x1d]L[0xe3][0xc0][0xa6][0x83]i[0xe8][0xd5]t0[0xed][0xc8]0[0x1d]L[0xf3][0xda][0xa6][0x83]i[0xb3][0x95][0xe9]`:K[0xc4][0xd4]x[0x10][0xad]`4[0x85][0x9e][0x9c][0xc][0x0][0x0][0x0][0xff][0xff]"
01:28:04.540 [main] DEBUG org.apache.http.wire --  << "[\r][\n]"
01:28:04.540 [main] DEBUG org.apache.http.wire --  << "6D[\r][\n]"
01:28:04.540 [main] DEBUG org.apache.http.wire --  << "*I[0xcd]+Q[0xb2]R[0x1a][0xe0][0x1e][0xe5]`:[0x1f][0xd8]t0[0xcd]7[0x99][0xe][0xa6])[0x1e][0xd3][0xc1]4[0xc5]c:[0x98]N[0xc1]5[0x1d]L[0xf3]M[0xa6][0x83]i[0xbe][0xc9]t[0x10]]Old:[0x98]&[0xbf]L[0x7][0xd3][0xe4][0x97][0xe9]`[0x9a][0xfc]2[0x1d]L[0x93]_[0xa6][0x83][0xe9]h)[0xd3][0xc1]4[0x13]g:[0x98]f[0xe2]L[0x7][0xd3]i[0xdb][0xa6]f([0x93][0x1][0x3][0xdc][0xb8]B[0x9d][0xa3][0x1c]h[0xc7]P8[0x91][0x1][0x0][0x0][0x0][0xff][0xff]"
01:28:04.540 [main] DEBUG org.apache.http.wire --  << "[\r][\n]"
01:28:04.540 [main] DEBUG org.apache.http.wire --  << "AD[\r][\n]"
01:28:04.540 [main] DEBUG org.apache.http.wire --  << "JL[0xc9][0xa9]Tp[0xa7][0xce][0x1][0xd7][0xa6][0xa8][0xf3][0xab][0x3][0x1c]2[0x83][0xe9][0xe8]o[0xd3][0xc1]t[0xf4][0xb7][0xe9]`:[0xfa][0xdb]t0[0x1d][0xfd]m:[0x98][0x8e][0xfe]6[0x1d]LG[0x9b][0xe][0xa6]m[0xf5][0xa6][0xa8]GSy[0xe6][0xd9][0xd4][0x2]e[0x3]6[0xd5]MG[0x99][0xd2][0xa4][0xba][0xe9]([0xeb]8[0x6][0xb8][0x4][0x1e]Lg0[0x9a]Z[0xc][0xa6]&[0xc4]`:p[0xc0][0xd4]b05![0x6][0xd3][0xe9][0x7][0xa6][0x83][0xe9][0xc0][0x1][0xd3]At[\r][0xba][0x91][0x19][0xea][0xf2][0x3]*[0x97]bf[0x6][0x83]([0xaf][0x9a][\r][0xa6][0xad][0xe9]f[0x83]ig[0xaf][0xd9]`[0xda]'o6[0x98][0xce]K5[0x1b]L[0x9b][0xf6][0xcd][0x6][0xd3][0xa6]}[0xb3][0xc1][0xb4]i[0xdf][0xcc]p[0x10][0x9d][0xcb]l6[0xb0]'[0x8][0x0][0x0][0x0][0x0][0xff][0xff]"
01:28:04.540 [main] DEBUG org.apache.http.wire --  << "[\r][\n]"
01:28:04.540 [main] DEBUG org.apache.http.wire --  << "6C[\r][\n]"
01:28:04.541 [main] DEBUG org.apache.http.wire --  << "[0xca]C[0xb9]3[0xc0]l0]?o6[0x98]N[0x10]0[0x1b]L'[0xc9][0x9a][\r][0xa6][0xeb][0xe7][0xcd][0x6][0xd3][0xc2];[0xb3][0xc1][0xb4][0xf0][0xce]l0-[0xbc]3[0x1b]L[0x7]=[0x98][\r][0xa6][0x83][0x1e][0xcc]P[0x97]$R[0xbb]Q;[0x98]Nn0[0x1b]L[0xb][0x1e][0xcd][0x6][0xd3]r[0x1b][0xb3][0xc1][0xb4][0xdc][0xc6]l0-[0x5]5[0x1b]Lk[0xcc][0x6][0xd3][0xba]T[0xb3][0xc1]t[0x8c][0x84][0xd9]`Z[0x15]eF[0xb3]3-[0x0][0x0][0x0][0x0][0xff][0xff]"
01:28:04.541 [main] DEBUG org.apache.http.wire --  << "[\r][\n]"
01:28:04.541 [main] DEBUG org.apache.http.wire --  << "41[\r][\n]"
01:28:04.541 [main] DEBUG org.apache.http.wire --  << "R[\n]"
01:28:04.541 [main] DEBUG org.apache.http.wire --  << "-N-[0x82]4[[0x89]=[0x8d][0xd5]l0[0x9d]iaf<[0x88]F[0xdd][0xcc][0x6][0xd3]Zf[0xb3][0xc1][0xb4]|[0xd8]l0-[0xeb]3[0x1b]Lk[0x99][0xcd][0x6][0xd3][0x1a]C[0xb3][0xc1][0xb4][0xc6][0xd0]l0[0xad]e6#q[0xc1]#[0x0][0x0][0x0][0xff][0xff]"
01:28:04.541 [main] DEBUG org.apache.http.wire --  << "[\r][\n]"
01:28:04.546 [main] DEBUG org.apache.http.wire --  << "A1[\r][\n]"
01:28:04.546 [main] DEBUG org.apache.http.wire --  << "[0xca]S[0x8])-[0xca],[0xce][0xcd]W0[0xa7][0xfe]i[0xac]f[0x83]i[0x8d][0xa1][0xd9]`ZTb6[0x98][0x16][0x95][0x98][\r][0xa6][0xfb][0xe4][0xcd][0x6][0xd3]j[0x5]3[0xd4][0xb9][0xe1][0x81][0x9d]_5[0x1b]LW[0x11][0x9a][\r][0xa6][0xab][0x8][0xcd][0x6][0xd3][0xe9][0xf2]f[0xa8][0xfb][0xe4][0x7]6[0xcd][0x98][0xf][0xa6][0xc9][0x0][0xf3][0xc1]4[0x19]`>[0x98]&[0x3][0xcc][0x7][0xd3]d[0x80][0xf9]`[0x9a]t4[0x1f]L3[0x13][0xe6][0x83]if[0xc2]|0[0xcd]L[0x98][0xf][0xa6][0x99][0x9][0xf3][0xc1]4[0x19]`>[0x98][0xc6][0x81][0xcd][0x7][0xd3]8[0xb0][0xf9]`[0x1a][0x7]6[0x1f]LC[0xaf][0xe6][0x83]i[0xe8][0xd5]|0[\r][0xbd][0x9a][0xf][0xa6][0xa1]W[0xf3][0xc1]4[0xf4]jN[0xd9][0xd0]+[0x0][0x0][0x0][0xff][0xff]"
01:28:04.546 [main] DEBUG org.apache.http.wire --  << "[\r][\n]"
01:28:04.547 [main] DEBUG org.apache.http.wire --  << "C8[\r][\n]"
01:28:04.547 [main] DEBUG org.apache.http.wire --  << "[0xa2][0xee][0xce][0x0][0xf3][0xc1]4[0xda]i>[0x98][0x8e][0x13]6[0x1f]LgZ[0x98][0xf][0xa6]q`[0xf3][0xc1]4[0xe]l>[0x98][0xc6][0x81][0xcd][0x7][0xd3]8[0xb0][0xf9]`:z[0xc4]|0[0x1d][0xb0]a>[0x98][0x6][0xa5][0xcd][0x7][0xd3]i[0x1f][0xe6][0x83]i[0x84][0xdc]|0[0x8d][0x90][0x9b][0xf][0xa6]#[0x1][0xcc][0x7][0xd3]p[0xbd][0xf9]`:[0x12][0xc0]|0[0x1d][0x9]`>[0x98][0x8e][0x4]0[0x1f]LG[0x2][0x98][0xf][0xa6]#[0x1][0xcc][0xcd]P[0xf6][0x95][\r][0xf0]8[0xf0]`:[0x9f][0xc0]|0[0x9d]O`>[0x98][0xce]'0[0x1f]L[0xe7][0x13][0x98][0xf][0xa6][0xf3][0x9][0xcc][0x7][0xd3][0xf9][0x4][0xe6][0x83]i*[0xd9]|0m|7[0x1f]L;[0xaa][0xcd][0x7][0xd3][0xec][0xad][0xf9]`[0x9a][0xa3]4[0xb7][0x18]D[0xfb][0x86][0xcd][0x7][0xd3]V][0xf3][0xc1][0xb4]U[0xd7]|0[0xed][0x8e]5[0xa7][0xe9][0xd9][0xf5][0xe6][0xa8]{o[0xa9][0xb3][0x18]?[0xb6][0x96][0xb][0x0][0x0][0x0][0xff][0xff]"
01:28:04.547 [main] DEBUG org.apache.http.wire --  << "[\r][\n]"
01:28:04.547 [main] DEBUG org.apache.http.wire --  << "A[\r][\n]"
01:28:04.547 [main] DEBUG org.apache.http.wire --  << "[0x3][0x0]^[0x85]f[0xd2][0xe][0xda][0x0][0x0]"
01:28:04.547 [main] DEBUG org.apache.http.wire --  << "[\r][\n]"
01:28:04.547 [main] DEBUG org.apache.http.wire --  << "0[\r][\n]"
01:28:04.547 [main] DEBUG org.apache.http.wire --  << "[\r][\n]"
01:28:04.547 [main] DEBUG io.restassured.internal.RestAssuredHttpBuilder -- Parsed data to instance of: class org.apache.http.conn.EofSensorInputStream
01:28:04.588 [main] DEBUG org.apache.http.impl.conn.BasicClientConnectionManager -- Releasing connection org.apache.http.impl.conn.ManagedClientConnectionImpl@2890e479
01:28:04.589 [main] DEBUG org.apache.http.impl.conn.BasicClientConnectionManager -- Connection can be kept alive indefinitely
01:28:04.669 [main] DEBUG net.thucydides.core.steps.StepInterceptor -- STEP DONE: I GET HTTP request with valid data for comments products
  &amp#27;[32mWhen &amp#27;[0m&amp#27;[32mI GET HTTP request with valid data for comments products&amp#27;[0m &amp#27;[90m# starter.stepdefinition.CommentSteps.getHTTPRequestWithValidDataForCommentsProducts()&amp#27;[0m
01:28:04.678 [main] DEBUG net.thucydides.core.steps.StepInterceptor -- STARTING STEP: CommentSteps.receiveResponseCode200ForCommentsProducts - I receive valid HTTP response 200 for comments products
01:28:04.702 [main] DEBUG net.thucydides.core.steps.StepInterceptor -- STEP DONE: I receive valid HTTP response 200 for comments products
  &amp#27;[32mThen &amp#27;[0m&amp#27;[32mI receive valid HTTP response 200 for comments products&amp#27;[0m  &amp#27;[90m# starter.stepdefinition.CommentSteps.receiveResponseCode200ForCommentsProducts()&amp#27;[0m
01:28:04.708 [main] INFO  -- 
  _____   ___   ___   _____     ___     _     ___   ___   ___   ___  
 |_   _| | __| / __| |_   _|   | _ \   /_\   / __| / __| | __| |   \ 
   | |   | _|  \__ \   | |     |  _/  / _ \  \__ \ \__ \ | _|  | |) |
   |_|   |___| |___/   |_|     |_|   /_/ \_\ |___/ |___/ |___| |___/ 

TC73 - Get comment products valid endpoints
----------------------------------------------------------------------
]]></system-out>
  </testcase>
  <testcase name="TC74 - Get comment for products invalid endpoints" classname="[08_Automation] - Comment" time="0.182">
    <system-out><![CDATA[
Scenario: TC74 - Get comment for products invalid endpoints                            &amp#27;[90m# src/test/resources/Comment.feature:8&amp#27;[0m
01:28:04.744 [main] INFO io.cucumber.core.plugin.SerenityReporter -- Running feature from file:///D:/TaksAlterra/MiniProject/MiniProject_API/src/test/resources/Comment.feature
01:28:04.744 [main] WARN io.cucumber.core.plugin.SerenityReporter -- Feature from file:///D:/TaksAlterra/MiniProject/MiniProject_API/src/test/resources/Comment.feature is not under the 'features' directory. Requirements report will not be correctly generated!
01:28:04.749 [main] INFO  -- 
  _____   ___   ___   _____     ___   _____     _     ___   _____   ___   ___  
 |_   _| | __| / __| |_   _|   / __| |_   _|   /_\   | _ \ |_   _| | __| |   \ 
   | |   | _|  \__ \   | |     \__ \   | |    / _ \  |   /   | |   | _|  | |) |
   |_|   |___| |___/   |_|     |___/   |_|   /_/ \_\ |_|_\   |_|   |___| |___/ 

TC74 - Get comment for products invalid endpoints([08-automation]---comment;tc74---get-comment-for-products-invalid-endpoints)
--------------------------------------------------------------------------------
01:28:04.764 [main] DEBUG net.thucydides.core.steps.StepInterceptor -- STARTING STEP: CommentSteps.getCommentProductsEndpoints2 - I GET comment products endpoints 2
01:28:04.764 [main] DEBUG net.thucydides.core.steps.StepInterceptor -- STEP DONE: I GET comment products endpoints 2
  &amp#27;[32mGiven &amp#27;[0m&amp#27;[32mI GET comment products endpoints 2&amp#27;[0m                                             &amp#27;[90m# starter.stepdefinition.CommentSteps.getCommentProductsEndpoints2()&amp#27;[0m
01:28:04.769 [main] DEBUG net.thucydides.core.steps.StepInterceptor -- STARTING STEP: CommentSteps.getHTTPRequestForCommentProductsUsingInvalidEndpoints - I GET HTTP request for comments products using invalid endpoints
01:28:04.771 [main] DEBUG net.thucydides.core.steps.StepInterceptor -- STARTING STEP: Comment.getHTTPRequestForCommentProductsUsingInvalidEndpoints - I GET comment products endpoints 2
01:28:04.771 [main] DEBUG net.thucydides.core.steps.StepInterceptor -- STEP DONE: I GET comment products endpoints 2
01:28:04.795 [main] DEBUG org.apache.http.impl.conn.BasicClientConnectionManager -- Get connection for route {s}->https://altashop-api.fly.dev:443
01:28:04.795 [main] DEBUG org.apache.http.impl.conn.DefaultClientConnectionOperator -- Connecting to altashop-api.fly.dev:443
01:28:04.857 [main] DEBUG org.apache.http.client.protocol.RequestAddCookies -- CookieSpec selected: ignoreCookies
01:28:04.857 [main] DEBUG org.apache.http.client.protocol.RequestAuthCache -- Auth cache not set in the context
01:28:04.857 [main] DEBUG org.apache.http.client.protocol.RequestProxyAuthentication -- Proxy auth state: UNCHALLENGED
01:28:04.857 [main] DEBUG org.apache.http.impl.client.DefaultHttpClient -- Attempt 1 to execute request
01:28:04.857 [main] DEBUG org.apache.http.impl.conn.DefaultClientConnection -- Sending request: GET /api/products/2/comment HTTP/1.1
01:28:04.857 [main] DEBUG org.apache.http.wire --  >> "GET /api/products/2/comment HTTP/1.1[\r][\n]"
01:28:04.857 [main] DEBUG org.apache.http.wire --  >> "Authorization: Bearer eyJhbGciOiJIUzI1NiIsInR5cCI6IkpXVCJ9.eyJGdWxsbmFtZSI6Ik5hdXJhIFZpZXRhIEhhZmxhIiwiRW1haWwiOiJuYXVyYWhhZmxhQGdtYWlsLmNvbSJ9.s7o8kacM5c5L7fMRQwNBVTO4m2AeQS4Fu9QSdP9ASbA[\r][\n]"
01:28:04.857 [main] DEBUG org.apache.http.wire --  >> "Accept: */*[\r][\n]"
01:28:04.857 [main] DEBUG org.apache.http.wire --  >> "Host: altashop-api.fly.dev[\r][\n]"
01:28:04.857 [main] DEBUG org.apache.http.wire --  >> "Connection: Keep-Alive[\r][\n]"
01:28:04.857 [main] DEBUG org.apache.http.wire --  >> "User-Agent: Apache-HttpClient/4.5.13 (Java/17.0.8)[\r][\n]"
01:28:04.857 [main] DEBUG org.apache.http.wire --  >> "Accept-Encoding: gzip,deflate[\r][\n]"
01:28:04.857 [main] DEBUG org.apache.http.wire --  >> "[\r][\n]"
01:28:04.857 [main] DEBUG org.apache.http.headers -- >> GET /api/products/2/comment HTTP/1.1
01:28:04.857 [main] DEBUG org.apache.http.headers -- >> Authorization: Bearer eyJhbGciOiJIUzI1NiIsInR5cCI6IkpXVCJ9.eyJGdWxsbmFtZSI6Ik5hdXJhIFZpZXRhIEhhZmxhIiwiRW1haWwiOiJuYXVyYWhhZmxhQGdtYWlsLmNvbSJ9.s7o8kacM5c5L7fMRQwNBVTO4m2AeQS4Fu9QSdP9ASbA
01:28:04.857 [main] DEBUG org.apache.http.headers -- >> Accept: */*
01:28:04.857 [main] DEBUG org.apache.http.headers -- >> Host: altashop-api.fly.dev
01:28:04.857 [main] DEBUG org.apache.http.headers -- >> Connection: Keep-Alive
01:28:04.857 [main] DEBUG org.apache.http.headers -- >> User-Agent: Apache-HttpClient/4.5.13 (Java/17.0.8)
01:28:04.857 [main] DEBUG org.apache.http.headers -- >> Accept-Encoding: gzip,deflate
01:28:04.883 [main] DEBUG org.apache.http.wire --  << "HTTP/1.1 404 Not Found[\r][\n]"
01:28:04.884 [main] DEBUG org.apache.http.wire --  << "date: Thu, 02 Nov 2023 18:28:06 GMT[\r][\n]"
01:28:04.884 [main] DEBUG org.apache.http.wire --  << "content-encoding: gzip[\r][\n]"
01:28:04.884 [main] DEBUG org.apache.http.wire --  << "content-type: text/plain; charset=utf-8[\r][\n]"
01:28:04.884 [main] DEBUG org.apache.http.wire --  << "transfer-encoding: chunked[\r][\n]"
01:28:04.884 [main] DEBUG org.apache.http.wire --  << "server: Fly/7328d5b5 (2023-10-27)[\r][\n]"
01:28:04.884 [main] DEBUG org.apache.http.wire --  << "via: 1.1 fly.io[\r][\n]"
01:28:04.884 [main] DEBUG org.apache.http.wire --  << "fly-request-id: 01HE8MNS55JP6CZA7SJV8WGQ03-sin[\r][\n]"
01:28:04.884 [main] DEBUG org.apache.http.wire --  << "[\r][\n]"
01:28:04.884 [main] DEBUG org.apache.http.impl.conn.DefaultClientConnection -- Receiving response: HTTP/1.1 404 Not Found
01:28:04.884 [main] DEBUG org.apache.http.headers -- << HTTP/1.1 404 Not Found
01:28:04.884 [main] DEBUG org.apache.http.headers -- << date: Thu, 02 Nov 2023 18:28:06 GMT
01:28:04.884 [main] DEBUG org.apache.http.headers -- << content-encoding: gzip
01:28:04.884 [main] DEBUG org.apache.http.headers -- << content-type: text/plain; charset=utf-8
01:28:04.884 [main] DEBUG org.apache.http.headers -- << transfer-encoding: chunked
01:28:04.884 [main] DEBUG org.apache.http.headers -- << server: Fly/7328d5b5 (2023-10-27)
01:28:04.884 [main] DEBUG org.apache.http.headers -- << via: 1.1 fly.io
01:28:04.884 [main] DEBUG org.apache.http.headers -- << fly-request-id: 01HE8MNS55JP6CZA7SJV8WGQ03-sin
01:28:04.884 [main] DEBUG org.apache.http.impl.client.DefaultHttpClient -- Connection can be kept alive indefinitely
01:28:04.884 [main] DEBUG io.restassured.internal.RestAssuredHttpBuilder -- Parsing response as: text/plain; charset=utf-8
01:28:04.884 [main] DEBUG org.apache.http.wire --  << "1E[\r][\n]"
01:28:04.884 [main] DEBUG org.apache.http.wire --  << "[0x1f][0x8b][0x8][0x0][0x0][0x0][0x0][0x0][0x4][0xff][0xcb][0xcb]/QH[0xcb]/[0xcd]K[0xe1][0x2][0x0][0xd4]I[0xfa]r[\n]"
01:28:04.884 [main] DEBUG org.apache.http.wire --  << "[0x0][0x0][0x0]"
01:28:04.885 [main] DEBUG org.apache.http.wire --  << "[\r][\n]"
01:28:04.885 [main] DEBUG org.apache.http.wire --  << "0[\r][\n]"
01:28:04.885 [main] DEBUG org.apache.http.wire --  << "[\r][\n]"
01:28:04.885 [main] DEBUG io.restassured.internal.RestAssuredHttpBuilder -- Parsed data to instance of: class org.apache.http.conn.EofSensorInputStream
01:28:04.892 [main] DEBUG org.apache.http.impl.conn.BasicClientConnectionManager -- Releasing connection org.apache.http.impl.conn.ManagedClientConnectionImpl@45539bd8
01:28:04.892 [main] DEBUG org.apache.http.impl.conn.BasicClientConnectionManager -- Connection can be kept alive indefinitely
01:28:04.893 [main] DEBUG net.thucydides.core.steps.StepInterceptor -- STEP DONE: I GET HTTP request for comments products using invalid endpoints
  &amp#27;[32mWhen &amp#27;[0m&amp#27;[32mI GET HTTP request for comments products using invalid endpoints&amp#27;[0m                &amp#27;[90m# starter.stepdefinition.CommentSteps.getHTTPRequestForCommentProductsUsingInvalidEndpoints()&amp#27;[0m
01:28:04.897 [main] DEBUG net.thucydides.core.steps.StepInterceptor -- STARTING STEP: CommentSteps.receiveResponseCode404ForCommentProductsUsingInvalidEndpoints - I receive valid HTTP response 404 for comments products using invalid endpoints
01:28:04.898 [main] DEBUG net.thucydides.core.steps.StepInterceptor -- STEP DONE: I receive valid HTTP response 404 for comments products using invalid endpoints
  &amp#27;[32mThen &amp#27;[0m&amp#27;[32mI receive valid HTTP response 404 for comments products using invalid endpoints&amp#27;[0m &amp#27;[90m# starter.stepdefinition.CommentSteps.receiveResponseCode404ForCommentProductsUsingInvalidEndpoints()&amp#27;[0m
01:28:04.901 [main] INFO  -- 
  _____   ___   ___   _____     ___     _     ___   ___   ___   ___  
 |_   _| | __| / __| |_   _|   | _ \   /_\   / __| / __| | __| |   \ 
   | |   | _|  \__ \   | |     |  _/  / _ \  \__ \ \__ \ | _|  | |) |
   |_|   |___| |___/   |_|     |_|   /_/ \_\ |___/ |___/ |___| |___/ 

TC74 - Get comment for products invalid endpoints
----------------------------------------------------------------------
]]></system-out>
  </testcase>
  <testcase name="TC75 - Create a comment for products" classname="[08_Automation] - Comment" time="0.198">
    <system-out><![CDATA[
Scenario: TC75 - Create a comment for products                       &amp#27;[90m# src/test/resources/Comment.feature:13&amp#27;[0m
01:28:04.922 [main] INFO io.cucumber.core.plugin.SerenityReporter -- Running feature from file:///D:/TaksAlterra/MiniProject/MiniProject_API/src/test/resources/Comment.feature
01:28:04.923 [main] WARN io.cucumber.core.plugin.SerenityReporter -- Feature from file:///D:/TaksAlterra/MiniProject/MiniProject_API/src/test/resources/Comment.feature is not under the 'features' directory. Requirements report will not be correctly generated!
01:28:04.924 [main] INFO  -- 
  _____   ___   ___   _____     ___   _____     _     ___   _____   ___   ___  
 |_   _| | __| / __| |_   _|   / __| |_   _|   /_\   | _ \ |_   _| | __| |   \ 
   | |   | _|  \__ \   | |     \__ \   | |    / _ \  |   /   | |   | _|  | |) |
   |_|   |___| |___/   |_|     |___/   |_|   /_/ \_\ |_|_\   |_|   |___| |___/ 

TC75 - Create a comment for products([08-automation]---comment;tc75---create-a-comment-for-products)
--------------------------------------------------------------------------------
01:28:04.933 [main] DEBUG net.thucydides.core.steps.StepInterceptor -- STARTING STEP: CommentSteps.postCreateCommentForProductsEndpoints - I POST create a comment for products endpoints
01:28:04.933 [main] DEBUG net.thucydides.core.steps.StepInterceptor -- STEP DONE: I POST create a comment for products endpoints
  &amp#27;[32mGiven &amp#27;[0m&amp#27;[32mI POST create a comment for products endpoints&amp#27;[0m               &amp#27;[90m# starter.stepdefinition.CommentSteps.postCreateCommentForProductsEndpoints()&amp#27;[0m
01:28:04.936 [main] DEBUG net.thucydides.core.steps.StepInterceptor -- STARTING STEP: CommentSteps.postHTTPRequestCreateCommentForProducts - I POST HTTP request create a comment for products
01:28:04.943 [main] DEBUG net.thucydides.core.steps.StepInterceptor -- STARTING STEP: Comment.postHTTPRequestCreateCommentForProducts - I POST create a comment for products endpoints
01:28:04.944 [main] DEBUG net.thucydides.core.steps.StepInterceptor -- STEP DONE: I POST create a comment for products endpoints
01:28:04.995 [main] DEBUG org.apache.http.impl.conn.BasicClientConnectionManager -- Get connection for route {s}->https://altashop-api.fly.dev:443
01:28:04.995 [main] DEBUG org.apache.http.impl.conn.DefaultClientConnectionOperator -- Connecting to altashop-api.fly.dev:443
01:28:05.057 [main] DEBUG org.apache.http.client.protocol.RequestAddCookies -- CookieSpec selected: ignoreCookies
01:28:05.057 [main] DEBUG org.apache.http.client.protocol.RequestAuthCache -- Auth cache not set in the context
01:28:05.057 [main] DEBUG org.apache.http.client.protocol.RequestProxyAuthentication -- Proxy auth state: UNCHALLENGED
01:28:05.057 [main] DEBUG org.apache.http.impl.client.DefaultHttpClient -- Attempt 1 to execute request
01:28:05.057 [main] DEBUG org.apache.http.impl.conn.DefaultClientConnection -- Sending request: POST /api/products/2/comments HTTP/1.1
01:28:05.057 [main] DEBUG org.apache.http.wire --  >> "POST /api/products/2/comments HTTP/1.1[\r][\n]"
01:28:05.057 [main] DEBUG org.apache.http.wire --  >> "Authorization: Bearer eyJhbGciOiJIUzI1NiIsInR5cCI6IkpXVCJ9.eyJGdWxsbmFtZSI6Ik5hdXJhIFZpZXRhIEhhZmxhIiwiRW1haWwiOiJuYXVyYWhhZmxhQGdtYWlsLmNvbSJ9.s7o8kacM5c5L7fMRQwNBVTO4m2AeQS4Fu9QSdP9ASbA[\r][\n]"
01:28:05.057 [main] DEBUG org.apache.http.wire --  >> "Accept: */*[\r][\n]"
01:28:05.057 [main] DEBUG org.apache.http.wire --  >> "Content-Type: application/json[\r][\n]"
01:28:05.057 [main] DEBUG org.apache.http.wire --  >> "Content-Length: 87[\r][\n]"
01:28:05.057 [main] DEBUG org.apache.http.wire --  >> "Host: altashop-api.fly.dev[\r][\n]"
01:28:05.059 [main] DEBUG org.apache.http.wire --  >> "Connection: Keep-Alive[\r][\n]"
01:28:05.059 [main] DEBUG org.apache.http.wire --  >> "User-Agent: Apache-HttpClient/4.5.13 (Java/17.0.8)[\r][\n]"
01:28:05.059 [main] DEBUG org.apache.http.wire --  >> "Accept-Encoding: gzip,deflate[\r][\n]"
01:28:05.059 [main] DEBUG org.apache.http.wire --  >> "[\r][\n]"
01:28:05.059 [main] DEBUG org.apache.http.headers -- >> POST /api/products/2/comments HTTP/1.1
01:28:05.059 [main] DEBUG org.apache.http.headers -- >> Authorization: Bearer eyJhbGciOiJIUzI1NiIsInR5cCI6IkpXVCJ9.eyJGdWxsbmFtZSI6Ik5hdXJhIFZpZXRhIEhhZmxhIiwiRW1haWwiOiJuYXVyYWhhZmxhQGdtYWlsLmNvbSJ9.s7o8kacM5c5L7fMRQwNBVTO4m2AeQS4Fu9QSdP9ASbA
01:28:05.059 [main] DEBUG org.apache.http.headers -- >> Accept: */*
01:28:05.059 [main] DEBUG org.apache.http.headers -- >> Content-Type: application/json
01:28:05.059 [main] DEBUG org.apache.http.headers -- >> Content-Length: 87
01:28:05.059 [main] DEBUG org.apache.http.headers -- >> Host: altashop-api.fly.dev
01:28:05.059 [main] DEBUG org.apache.http.headers -- >> Connection: Keep-Alive
01:28:05.059 [main] DEBUG org.apache.http.headers -- >> User-Agent: Apache-HttpClient/4.5.13 (Java/17.0.8)
01:28:05.059 [main] DEBUG org.apache.http.headers -- >> Accept-Encoding: gzip,deflate
01:28:05.059 [main] DEBUG org.apache.http.wire --  >> "{"content":"the games are great including Gran Turismo 7 but sadly GT4 is much better"}"
01:28:05.090 [main] DEBUG org.apache.http.wire --  << "HTTP/1.1 200 OK[\r][\n]"
01:28:05.090 [main] DEBUG org.apache.http.wire --  << "content-type: application/json[\r][\n]"
01:28:05.090 [main] DEBUG org.apache.http.wire --  << "date: Thu, 02 Nov 2023 18:28:06 GMT[\r][\n]"
01:28:05.090 [main] DEBUG org.apache.http.wire --  << "content-encoding: gzip[\r][\n]"
01:28:05.090 [main] DEBUG org.apache.http.wire --  << "transfer-encoding: chunked[\r][\n]"
01:28:05.090 [main] DEBUG org.apache.http.wire --  << "server: Fly/7328d5b5 (2023-10-27)[\r][\n]"
01:28:05.090 [main] DEBUG org.apache.http.wire --  << "via: 1.1 fly.io[\r][\n]"
01:28:05.090 [main] DEBUG org.apache.http.wire --  << "fly-request-id: 01HE8MNSBEKAAYE8SWYQSM8762-sin[\r][\n]"
01:28:05.090 [main] DEBUG org.apache.http.wire --  << "[\r][\n]"
01:28:05.090 [main] DEBUG org.apache.http.impl.conn.DefaultClientConnection -- Receiving response: HTTP/1.1 200 OK
01:28:05.090 [main] DEBUG org.apache.http.headers -- << HTTP/1.1 200 OK
01:28:05.090 [main] DEBUG org.apache.http.headers -- << content-type: application/json
01:28:05.090 [main] DEBUG org.apache.http.headers -- << date: Thu, 02 Nov 2023 18:28:06 GMT
01:28:05.090 [main] DEBUG org.apache.http.headers -- << content-encoding: gzip
01:28:05.090 [main] DEBUG org.apache.http.headers -- << transfer-encoding: chunked
01:28:05.090 [main] DEBUG org.apache.http.headers -- << server: Fly/7328d5b5 (2023-10-27)
01:28:05.090 [main] DEBUG org.apache.http.headers -- << via: 1.1 fly.io
01:28:05.090 [main] DEBUG org.apache.http.headers -- << fly-request-id: 01HE8MNSBEKAAYE8SWYQSM8762-sin
01:28:05.091 [main] DEBUG org.apache.http.impl.client.DefaultHttpClient -- Connection can be kept alive indefinitely
01:28:05.091 [main] DEBUG io.restassured.internal.RestAssuredHttpBuilder -- Parsing response as: application/json
01:28:05.091 [main] DEBUG org.apache.http.wire --  << "9E[\r][\n]"
01:28:05.091 [main] DEBUG org.apache.http.wire --  << "[0x1f][0x8b][0x8][0x0][0x0][0x0][0x0][0x0][0x4][0xff][0xab]VJI,IT[0xb2][0xaa]V[0xf2]tQ[0xb2]242[0xb7]4[0xd5]Qr[0xce][0xcf]+I[0xcd]+Q[0xb2]R*[0xc9]HUHO[0xcc]M-VH,JUH/JM,Q[0xc8][0xcc]K[0xce])M[0xc9][0xcc]KWp/J[0xcc]S[0x8])-[0xca],[0xce][0xcd]W0WH*-Q(NL[0xc9][0xa9]Tp[0xf]1Q[0xc8],V[0xc8]-M[0xce]PHJ-)I-R[0xd2]Q[\n]"
01:28:05.091 [main] DEBUG org.apache.http.wire --  << "-N-R[0xb2][0xca]+[0xcd][0xc9][0xd1]Q[\n]"
01:28:05.091 [main] DEBUG org.apache.http.wire --  << "([0xca]O)M.[0x81]q[0x9d][0xf3]ss[0xc1][0x16][0x82]dkk[0xb9][0x0][0xc9][0x8]4v[0x96][0x0][0x0][0x0]"
01:28:05.091 [main] DEBUG org.apache.http.wire --  << "[\r][\n]"
01:28:05.091 [main] DEBUG org.apache.http.wire --  << "0[\r][\n]"
01:28:05.091 [main] DEBUG org.apache.http.wire --  << "[\r][\n]"
01:28:05.091 [main] DEBUG io.restassured.internal.RestAssuredHttpBuilder -- Parsed data to instance of: class org.apache.http.conn.EofSensorInputStream
01:28:05.093 [main] DEBUG org.apache.http.impl.conn.BasicClientConnectionManager -- Releasing connection org.apache.http.impl.conn.ManagedClientConnectionImpl@3dd591b9
01:28:05.093 [main] DEBUG org.apache.http.impl.conn.BasicClientConnectionManager -- Connection can be kept alive indefinitely
01:28:05.094 [main] DEBUG net.thucydides.core.steps.StepInterceptor -- STEP DONE: I POST HTTP request create a comment for products
  &amp#27;[32mWhen &amp#27;[0m&amp#27;[32mI POST HTTP request create a comment for products&amp#27;[0m             &amp#27;[90m# starter.stepdefinition.CommentSteps.postHTTPRequestCreateCommentForProducts()&amp#27;[0m
01:28:05.097 [main] DEBUG net.thucydides.core.steps.StepInterceptor -- STARTING STEP: CommentSteps.receiveResponseCode200ForCreateCommentProducts - I receive valid HTTP response 200 for create comment products
01:28:05.098 [main] DEBUG net.thucydides.core.steps.StepInterceptor -- STEP DONE: I receive valid HTTP response 200 for create comment products
  &amp#27;[32mThen &amp#27;[0m&amp#27;[32mI receive valid HTTP response 200 for create comment products&amp#27;[0m &amp#27;[90m# starter.stepdefinition.CommentSteps.receiveResponseCode200ForCreateCommentProducts()&amp#27;[0m
01:28:05.100 [main] INFO  -- 
  _____   ___   ___   _____     ___     _     ___   ___   ___   ___  
 |_   _| | __| / __| |_   _|   | _ \   /_\   / __| / __| | __| |   \ 
   | |   | _|  \__ \   | |     |  _/  / _ \  \__ \ \__ \ | _|  | |) |
   |_|   |___| |___/   |_|     |_|   /_/ \_\ |___/ |___/ |___| |___/ 

TC75 - Create a comment for products
----------------------------------------------------------------------
]]></system-out>
  </testcase>
  <testcase name="TC76 - Create a comment product invalid by ID with character symbols" classname="[08_Automation] - Comment" time="0.157">
    <system-out><![CDATA[
Scenario: TC76 - Create a comment product invalid by ID with character symbols                     &amp#27;[90m# src/test/resources/Comment.feature:18&amp#27;[0m
01:28:05.119 [main] INFO io.cucumber.core.plugin.SerenityReporter -- Running feature from file:///D:/TaksAlterra/MiniProject/MiniProject_API/src/test/resources/Comment.feature
01:28:05.119 [main] WARN io.cucumber.core.plugin.SerenityReporter -- Feature from file:///D:/TaksAlterra/MiniProject/MiniProject_API/src/test/resources/Comment.feature is not under the 'features' directory. Requirements report will not be correctly generated!
01:28:05.123 [main] INFO  -- 
  _____   ___   ___   _____     ___   _____     _     ___   _____   ___   ___  
 |_   _| | __| / __| |_   _|   / __| |_   _|   /_\   | _ \ |_   _| | __| |   \ 
   | |   | _|  \__ \   | |     \__ \   | |    / _ \  |   /   | |   | _|  | |) |
   |_|   |___| |___/   |_|     |___/   |_|   /_/ \_\ |_|_\   |_|   |___| |___/ 

TC76 - Create a comment product invalid by ID with character symbols([08-automation]---comment;tc76---create-a-comment-product-invalid-by-id-with-character-symbols)
--------------------------------------------------------------------------------
01:28:05.132 [main] DEBUG net.thucydides.core.steps.StepInterceptor -- STARTING STEP: CommentSteps.postCreateCommentForProductsEndpointsByID - I POST create a comment for products endpoints by ID
01:28:05.132 [main] DEBUG net.thucydides.core.steps.StepInterceptor -- STEP DONE: I POST create a comment for products endpoints by ID
  &amp#27;[32mGiven &amp#27;[0m&amp#27;[32mI POST create a comment for products endpoints by ID&amp#27;[0m                                       &amp#27;[90m# starter.stepdefinition.CommentSteps.postCreateCommentForProductsEndpointsByID()&amp#27;[0m
01:28:05.135 [main] DEBUG net.thucydides.core.steps.StepInterceptor -- STARTING STEP: CommentSteps.postHTTPRequestForCommentProductsInvalidByIDWithCharacterSymbols - I POST HTTP request for comment products invalid by ID with character symbols
01:28:05.138 [main] DEBUG net.thucydides.core.steps.StepInterceptor -- STARTING STEP: Comment.postHTTPRequestForCommentProductsInvalidByIDWithCharacterSymbols - I POST create a comment for products endpoints by ID
01:28:05.138 [main] DEBUG net.thucydides.core.steps.StepInterceptor -- STEP DONE: I POST create a comment for products endpoints by ID
01:28:05.160 [main] DEBUG org.apache.http.impl.conn.BasicClientConnectionManager -- Get connection for route {s}->https://altashop-api.fly.dev:443
01:28:05.160 [main] DEBUG org.apache.http.impl.conn.DefaultClientConnectionOperator -- Connecting to altashop-api.fly.dev:443
01:28:05.219 [main] DEBUG org.apache.http.client.protocol.RequestAddCookies -- CookieSpec selected: ignoreCookies
01:28:05.219 [main] DEBUG org.apache.http.client.protocol.RequestAuthCache -- Auth cache not set in the context
01:28:05.219 [main] DEBUG org.apache.http.client.protocol.RequestProxyAuthentication -- Proxy auth state: UNCHALLENGED
01:28:05.219 [main] DEBUG org.apache.http.impl.client.DefaultHttpClient -- Attempt 1 to execute request
01:28:05.219 [main] DEBUG org.apache.http.impl.conn.DefaultClientConnection -- Sending request: POST /api/products/-2/comments HTTP/1.1
01:28:05.219 [main] DEBUG org.apache.http.wire --  >> "POST /api/products/-2/comments HTTP/1.1[\r][\n]"
01:28:05.219 [main] DEBUG org.apache.http.wire --  >> "Authorization: Bearer eyJhbGciOiJIUzI1NiIsInR5cCI6IkpXVCJ9.eyJGdWxsbmFtZSI6Ik5hdXJhIFZpZXRhIEhhZmxhIiwiRW1haWwiOiJuYXVyYWhhZmxhQGdtYWlsLmNvbSJ9.s7o8kacM5c5L7fMRQwNBVTO4m2AeQS4Fu9QSdP9ASbA[\r][\n]"
01:28:05.219 [main] DEBUG org.apache.http.wire --  >> "Accept: */*[\r][\n]"
01:28:05.219 [main] DEBUG org.apache.http.wire --  >> "Content-Type: application/json[\r][\n]"
01:28:05.219 [main] DEBUG org.apache.http.wire --  >> "Content-Length: 87[\r][\n]"
01:28:05.219 [main] DEBUG org.apache.http.wire --  >> "Host: altashop-api.fly.dev[\r][\n]"
01:28:05.219 [main] DEBUG org.apache.http.wire --  >> "Connection: Keep-Alive[\r][\n]"
01:28:05.219 [main] DEBUG org.apache.http.wire --  >> "User-Agent: Apache-HttpClient/4.5.13 (Java/17.0.8)[\r][\n]"
01:28:05.219 [main] DEBUG org.apache.http.wire --  >> "Accept-Encoding: gzip,deflate[\r][\n]"
01:28:05.219 [main] DEBUG org.apache.http.wire --  >> "[\r][\n]"
01:28:05.219 [main] DEBUG org.apache.http.headers -- >> POST /api/products/-2/comments HTTP/1.1
01:28:05.220 [main] DEBUG org.apache.http.headers -- >> Authorization: Bearer eyJhbGciOiJIUzI1NiIsInR5cCI6IkpXVCJ9.eyJGdWxsbmFtZSI6Ik5hdXJhIFZpZXRhIEhhZmxhIiwiRW1haWwiOiJuYXVyYWhhZmxhQGdtYWlsLmNvbSJ9.s7o8kacM5c5L7fMRQwNBVTO4m2AeQS4Fu9QSdP9ASbA
01:28:05.220 [main] DEBUG org.apache.http.headers -- >> Accept: */*
01:28:05.220 [main] DEBUG org.apache.http.headers -- >> Content-Type: application/json
01:28:05.220 [main] DEBUG org.apache.http.headers -- >> Content-Length: 87
01:28:05.220 [main] DEBUG org.apache.http.headers -- >> Host: altashop-api.fly.dev
01:28:05.220 [main] DEBUG org.apache.http.headers -- >> Connection: Keep-Alive
01:28:05.220 [main] DEBUG org.apache.http.headers -- >> User-Agent: Apache-HttpClient/4.5.13 (Java/17.0.8)
01:28:05.220 [main] DEBUG org.apache.http.headers -- >> Accept-Encoding: gzip,deflate
01:28:05.220 [main] DEBUG org.apache.http.wire --  >> "{"content":"the games are great including Gran Turismo 7 but sadly GT4 is much better"}"
01:28:05.247 [main] DEBUG org.apache.http.wire --  << "HTTP/1.1 500 Internal Server Error[\r][\n]"
01:28:05.247 [main] DEBUG org.apache.http.wire --  << "content-type: application/json[\r][\n]"
01:28:05.248 [main] DEBUG org.apache.http.wire --  << "date: Thu, 02 Nov 2023 18:28:06 GMT[\r][\n]"
01:28:05.248 [main] DEBUG org.apache.http.wire --  << "content-encoding: gzip[\r][\n]"
01:28:05.248 [main] DEBUG org.apache.http.wire --  << "transfer-encoding: chunked[\r][\n]"
01:28:05.248 [main] DEBUG org.apache.http.wire --  << "server: Fly/7328d5b5 (2023-10-27)[\r][\n]"
01:28:05.248 [main] DEBUG org.apache.http.wire --  << "via: 1.1 fly.io[\r][\n]"
01:28:05.248 [main] DEBUG org.apache.http.wire --  << "fly-request-id: 01HE8MNSGF3V92H91GTPWCSPJE-sin[\r][\n]"
01:28:05.248 [main] DEBUG org.apache.http.wire --  << "[\r][\n]"
01:28:05.248 [main] DEBUG org.apache.http.impl.conn.DefaultClientConnection -- Receiving response: HTTP/1.1 500 Internal Server Error
01:28:05.248 [main] DEBUG org.apache.http.headers -- << HTTP/1.1 500 Internal Server Error
01:28:05.248 [main] DEBUG org.apache.http.headers -- << content-type: application/json
01:28:05.248 [main] DEBUG org.apache.http.headers -- << date: Thu, 02 Nov 2023 18:28:06 GMT
01:28:05.248 [main] DEBUG org.apache.http.headers -- << content-encoding: gzip
01:28:05.248 [main] DEBUG org.apache.http.headers -- << transfer-encoding: chunked
01:28:05.248 [main] DEBUG org.apache.http.headers -- << server: Fly/7328d5b5 (2023-10-27)
01:28:05.248 [main] DEBUG org.apache.http.headers -- << via: 1.1 fly.io
01:28:05.248 [main] DEBUG org.apache.http.headers -- << fly-request-id: 01HE8MNSGF3V92H91GTPWCSPJE-sin
01:28:05.248 [main] DEBUG org.apache.http.impl.client.DefaultHttpClient -- Connection can be kept alive indefinitely
01:28:05.248 [main] DEBUG io.restassured.internal.RestAssuredHttpBuilder -- Parsing response as: application/json
01:28:05.248 [main] DEBUG org.apache.http.wire --  << "5C[\r][\n]"
01:28:05.248 [main] DEBUG org.apache.http.wire --  << "[0x1f][0x8b][0x8][0x0][0x0][0x0][0x0][0x0][0x4][0xff][0xab]VJ-*[0xca]/R[0xb2]R2[0xb4]01137110767[0xb0]455434Q[0xc8],VH/JM,I-R([0xc9]H[0xcc]S[0xc8]M[0xac][0xc8][0xcc]-[0xcd]U(K[0xcc])MUH[0xcb]/R[0xf0][0xcc]+1Q[0xaa][0xe5][0x2][0x0][0x90]^[0xcd][0x8c]H[0x0][0x0][0x0]"
01:28:05.248 [main] DEBUG org.apache.http.wire --  << "[\r][\n]"
01:28:05.249 [main] DEBUG org.apache.http.wire --  << "0[\r][\n]"
01:28:05.249 [main] DEBUG org.apache.http.wire --  << "[\r][\n]"
01:28:05.249 [main] DEBUG io.restassured.internal.RestAssuredHttpBuilder -- Parsed data to instance of: class org.apache.http.conn.EofSensorInputStream
01:28:05.251 [main] DEBUG org.apache.http.impl.conn.BasicClientConnectionManager -- Releasing connection org.apache.http.impl.conn.ManagedClientConnectionImpl@24b8a393
01:28:05.251 [main] DEBUG org.apache.http.impl.conn.BasicClientConnectionManager -- Connection can be kept alive indefinitely
01:28:05.251 [main] DEBUG net.thucydides.core.steps.StepInterceptor -- STEP DONE: I POST HTTP request for comment products invalid by ID with character symbols
  &amp#27;[32mWhen &amp#27;[0m&amp#27;[32mI POST HTTP request for comment products invalid by ID with character symbols&amp#27;[0m               &amp#27;[90m# starter.stepdefinition.CommentSteps.postHTTPRequestForCommentProductsInvalidByIDWithCharacterSymbols()&amp#27;[0m
01:28:05.254 [main] DEBUG net.thucydides.core.steps.StepInterceptor -- STARTING STEP: CommentSteps.receiveResponseCode401ForCommentProductsInvalidByIDWithCharacterSymbols - I receive valid HTTP response 500 for comment products invalid by ID with character symbols
01:28:05.256 [main] DEBUG net.thucydides.core.steps.StepInterceptor -- STEP DONE: I receive valid HTTP response 500 for comment products invalid by ID with character symbols
  &amp#27;[32mThen &amp#27;[0m&amp#27;[32mI receive valid HTTP response 500 for comment products invalid by ID with character symbols&amp#27;[0m &amp#27;[90m# starter.stepdefinition.CommentSteps.receiveResponseCode401ForCommentProductsInvalidByIDWithCharacterSymbols()&amp#27;[0m
01:28:05.257 [main] INFO  -- 
  _____   ___   ___   _____     ___     _     ___   ___   ___   ___  
 |_   _| | __| / __| |_   _|   | _ \   /_\   / __| / __| | __| |   \ 
   | |   | _|  \__ \   | |     |  _/  / _ \  \__ \ \__ \ | _|  | |) |
   |_|   |___| |___/   |_|     |_|   /_/ \_\ |___/ |___/ |___| |___/ 

TC76 - Create a comment product invalid by ID with character symbols
----------------------------------------------------------------------
]]></system-out>
  </testcase>
  <testcase name="TC77 - Create a comment product invalid by ID with character alphabet" classname="[08_Automation] - Comment" time="0.15">
    <system-out><![CDATA[
Scenario: TC77 - Create a comment product invalid by ID with character alphabet                     &amp#27;[90m# src/test/resources/Comment.feature:23&amp#27;[0m
01:28:05.272 [main] INFO io.cucumber.core.plugin.SerenityReporter -- Running feature from file:///D:/TaksAlterra/MiniProject/MiniProject_API/src/test/resources/Comment.feature
01:28:05.273 [main] WARN io.cucumber.core.plugin.SerenityReporter -- Feature from file:///D:/TaksAlterra/MiniProject/MiniProject_API/src/test/resources/Comment.feature is not under the 'features' directory. Requirements report will not be correctly generated!
01:28:05.278 [main] INFO  -- 
  _____   ___   ___   _____     ___   _____     _     ___   _____   ___   ___  
 |_   _| | __| / __| |_   _|   / __| |_   _|   /_\   | _ \ |_   _| | __| |   \ 
   | |   | _|  \__ \   | |     \__ \   | |    / _ \  |   /   | |   | _|  | |) |
   |_|   |___| |___/   |_|     |___/   |_|   /_/ \_\ |_|_\   |_|   |___| |___/ 

TC77 - Create a comment product invalid by ID with character alphabet([08-automation]---comment;tc77---create-a-comment-product-invalid-by-id-with-character-alphabet)
--------------------------------------------------------------------------------
01:28:05.296 [main] DEBUG net.thucydides.core.steps.StepInterceptor -- STARTING STEP: CommentSteps.postCreateCommentForProductsEndpointsByID2 - I POST create a comment for products endpoints by ID 2
01:28:05.296 [main] DEBUG net.thucydides.core.steps.StepInterceptor -- STEP DONE: I POST create a comment for products endpoints by ID 2
  &amp#27;[32mGiven &amp#27;[0m&amp#27;[32mI POST create a comment for products endpoints by ID 2&amp#27;[0m                                      &amp#27;[90m# starter.stepdefinition.CommentSteps.postCreateCommentForProductsEndpointsByID2()&amp#27;[0m
01:28:05.300 [main] DEBUG net.thucydides.core.steps.StepInterceptor -- STARTING STEP: CommentSteps.postHTTPRequestForCommentProductsInvalidByIDWithCharacterAlphabet - I POST HTTP request for comment products invalid by ID with character alphabet
01:28:05.302 [main] DEBUG net.thucydides.core.steps.StepInterceptor -- STARTING STEP: Comment.postHTTPRequestForCommentProductsInvalidByIDWithCharacterAlphabet - I POST create a comment for products endpoints by ID 2
01:28:05.302 [main] DEBUG net.thucydides.core.steps.StepInterceptor -- STEP DONE: I POST create a comment for products endpoints by ID 2
01:28:05.312 [main] DEBUG org.apache.http.impl.conn.BasicClientConnectionManager -- Get connection for route {s}->https://altashop-api.fly.dev:443
01:28:05.312 [main] DEBUG org.apache.http.impl.conn.DefaultClientConnectionOperator -- Connecting to altashop-api.fly.dev:443
01:28:05.367 [main] DEBUG org.apache.http.client.protocol.RequestAddCookies -- CookieSpec selected: ignoreCookies
01:28:05.368 [main] DEBUG org.apache.http.client.protocol.RequestAuthCache -- Auth cache not set in the context
01:28:05.368 [main] DEBUG org.apache.http.client.protocol.RequestProxyAuthentication -- Proxy auth state: UNCHALLENGED
01:28:05.368 [main] DEBUG org.apache.http.impl.client.DefaultHttpClient -- Attempt 1 to execute request
01:28:05.368 [main] DEBUG org.apache.http.impl.conn.DefaultClientConnection -- Sending request: POST /api/products/dua/comments HTTP/1.1
01:28:05.368 [main] DEBUG org.apache.http.wire --  >> "POST /api/products/dua/comments HTTP/1.1[\r][\n]"
01:28:05.368 [main] DEBUG org.apache.http.wire --  >> "Authorization: Bearer eyJhbGciOiJIUzI1NiIsInR5cCI6IkpXVCJ9.eyJGdWxsbmFtZSI6Ik5hdXJhIFZpZXRhIEhhZmxhIiwiRW1haWwiOiJuYXVyYWhhZmxhQGdtYWlsLmNvbSJ9.s7o8kacM5c5L7fMRQwNBVTO4m2AeQS4Fu9QSdP9ASbA[\r][\n]"
01:28:05.368 [main] DEBUG org.apache.http.wire --  >> "Accept: */*[\r][\n]"
01:28:05.368 [main] DEBUG org.apache.http.wire --  >> "Content-Type: application/json[\r][\n]"
01:28:05.368 [main] DEBUG org.apache.http.wire --  >> "Content-Length: 87[\r][\n]"
01:28:05.368 [main] DEBUG org.apache.http.wire --  >> "Host: altashop-api.fly.dev[\r][\n]"
01:28:05.368 [main] DEBUG org.apache.http.wire --  >> "Connection: Keep-Alive[\r][\n]"
01:28:05.368 [main] DEBUG org.apache.http.wire --  >> "User-Agent: Apache-HttpClient/4.5.13 (Java/17.0.8)[\r][\n]"
01:28:05.368 [main] DEBUG org.apache.http.wire --  >> "Accept-Encoding: gzip,deflate[\r][\n]"
01:28:05.368 [main] DEBUG org.apache.http.wire --  >> "[\r][\n]"
01:28:05.368 [main] DEBUG org.apache.http.headers -- >> POST /api/products/dua/comments HTTP/1.1
01:28:05.368 [main] DEBUG org.apache.http.headers -- >> Authorization: Bearer eyJhbGciOiJIUzI1NiIsInR5cCI6IkpXVCJ9.eyJGdWxsbmFtZSI6Ik5hdXJhIFZpZXRhIEhhZmxhIiwiRW1haWwiOiJuYXVyYWhhZmxhQGdtYWlsLmNvbSJ9.s7o8kacM5c5L7fMRQwNBVTO4m2AeQS4Fu9QSdP9ASbA
01:28:05.368 [main] DEBUG org.apache.http.headers -- >> Accept: */*
01:28:05.368 [main] DEBUG org.apache.http.headers -- >> Content-Type: application/json
01:28:05.368 [main] DEBUG org.apache.http.headers -- >> Content-Length: 87
01:28:05.368 [main] DEBUG org.apache.http.headers -- >> Host: altashop-api.fly.dev
01:28:05.368 [main] DEBUG org.apache.http.headers -- >> Connection: Keep-Alive
01:28:05.368 [main] DEBUG org.apache.http.headers -- >> User-Agent: Apache-HttpClient/4.5.13 (Java/17.0.8)
01:28:05.368 [main] DEBUG org.apache.http.headers -- >> Accept-Encoding: gzip,deflate
01:28:05.368 [main] DEBUG org.apache.http.wire --  >> "{"content":"the games are great including Gran Turismo 7 but sadly GT4 is much better"}"
01:28:05.397 [main] DEBUG org.apache.http.wire --  << "HTTP/1.1 400 Bad Request[\r][\n]"
01:28:05.397 [main] DEBUG org.apache.http.wire --  << "content-type: application/json[\r][\n]"
01:28:05.397 [main] DEBUG org.apache.http.wire --  << "date: Thu, 02 Nov 2023 18:28:06 GMT[\r][\n]"
01:28:05.397 [main] DEBUG org.apache.http.wire --  << "content-encoding: gzip[\r][\n]"
01:28:05.397 [main] DEBUG org.apache.http.wire --  << "transfer-encoding: chunked[\r][\n]"
01:28:05.397 [main] DEBUG org.apache.http.wire --  << "server: Fly/7328d5b5 (2023-10-27)[\r][\n]"
01:28:05.397 [main] DEBUG org.apache.http.wire --  << "via: 1.1 fly.io[\r][\n]"
01:28:05.397 [main] DEBUG org.apache.http.wire --  << "fly-request-id: 01HE8MNSN237JV31GN34R60CVG-sin[\r][\n]"
01:28:05.397 [main] DEBUG org.apache.http.wire --  << "[\r][\n]"
01:28:05.397 [main] DEBUG org.apache.http.impl.conn.DefaultClientConnection -- Receiving response: HTTP/1.1 400 Bad Request
01:28:05.397 [main] DEBUG org.apache.http.headers -- << HTTP/1.1 400 Bad Request
01:28:05.397 [main] DEBUG org.apache.http.headers -- << content-type: application/json
01:28:05.397 [main] DEBUG org.apache.http.headers -- << date: Thu, 02 Nov 2023 18:28:06 GMT
01:28:05.397 [main] DEBUG org.apache.http.headers -- << content-encoding: gzip
01:28:05.397 [main] DEBUG org.apache.http.headers -- << transfer-encoding: chunked
01:28:05.397 [main] DEBUG org.apache.http.headers -- << server: Fly/7328d5b5 (2023-10-27)
01:28:05.397 [main] DEBUG org.apache.http.headers -- << via: 1.1 fly.io
01:28:05.397 [main] DEBUG org.apache.http.headers -- << fly-request-id: 01HE8MNSN237JV31GN34R60CVG-sin
01:28:05.399 [main] DEBUG org.apache.http.impl.client.DefaultHttpClient -- Connection can be kept alive indefinitely
01:28:05.399 [main] DEBUG io.restassured.internal.RestAssuredHttpBuilder -- Parsing response as: application/json
01:28:05.399 [main] DEBUG org.apache.http.wire --  << "4E[\r][\n]"
01:28:05.399 [main] DEBUG org.apache.http.wire --  << "[0x1f][0x8b][0x8][0x0][0x0][0x0][0x0][0x0][0x4][0xff][0xab]VJ-*[0xca]/R[0xb2]R*.)J[0xce][0xcf]+[0xd3]s,[0xc9][0xcf][0xb4]R(H,*[0xce][0xcc]KW[0x88]QJ)M[0x8c]Q[0xb2]R[0xc8][0xcc]+K[0xcc][0xc9]LQ([0xae][0xcc]+I[0xac]P[0xaa][0xe5][0x2][0x0][0xd1][0xc0]5[0xfb]:[0x0][0x0][0x0]"
01:28:05.399 [main] DEBUG org.apache.http.wire --  << "[\r][\n]"
01:28:05.399 [main] DEBUG org.apache.http.wire --  << "0[\r][\n]"
01:28:05.399 [main] DEBUG org.apache.http.wire --  << "[\r][\n]"
01:28:05.399 [main] DEBUG io.restassured.internal.RestAssuredHttpBuilder -- Parsed data to instance of: class org.apache.http.conn.EofSensorInputStream
01:28:05.401 [main] DEBUG org.apache.http.impl.conn.BasicClientConnectionManager -- Releasing connection org.apache.http.impl.conn.ManagedClientConnectionImpl@58068b40
01:28:05.401 [main] DEBUG org.apache.http.impl.conn.BasicClientConnectionManager -- Connection can be kept alive indefinitely
01:28:05.402 [main] DEBUG net.thucydides.core.steps.StepInterceptor -- STEP DONE: I POST HTTP request for comment products invalid by ID with character alphabet
  &amp#27;[32mWhen &amp#27;[0m&amp#27;[32mI POST HTTP request for comment products invalid by ID with character alphabet&amp#27;[0m               &amp#27;[90m# starter.stepdefinition.CommentSteps.postHTTPRequestForCommentProductsInvalidByIDWithCharacterAlphabet()&amp#27;[0m
01:28:05.405 [main] DEBUG net.thucydides.core.steps.StepInterceptor -- STARTING STEP: CommentSteps.receiveResponseCode400ForCommentProductsInvalidByIDWithCharacterAlphabet - I receive valid HTTP response 400 for comment products invalid by ID with character alphabet
01:28:05.406 [main] DEBUG net.thucydides.core.steps.StepInterceptor -- STEP DONE: I receive valid HTTP response 400 for comment products invalid by ID with character alphabet
  &amp#27;[32mThen &amp#27;[0m&amp#27;[32mI receive valid HTTP response 400 for comment products invalid by ID with character alphabet&amp#27;[0m &amp#27;[90m# starter.stepdefinition.CommentSteps.receiveResponseCode400ForCommentProductsInvalidByIDWithCharacterAlphabet()&amp#27;[0m
01:28:05.407 [main] INFO  -- 
  _____   ___   ___   _____     ___     _     ___   ___   ___   ___  
 |_   _| | __| / __| |_   _|   | _ \   /_\   / __| / __| | __| |   \ 
   | |   | _|  \__ \   | |     |  _/  / _ \  \__ \ \__ \ | _|  | |) |
   |_|   |___| |___/   |_|     |_|   /_/ \_\ |___/ |___/ |___| |___/ 

TC77 - Create a comment product invalid by ID with character alphabet
----------------------------------------------------------------------
]]></system-out>
  </testcase>
  <testcase name="TC78 - Create a comment for products with body parameter is empty" classname="[08_Automation] - Comment" time="0.135">
    <system-out><![CDATA[
Scenario: TC78 - Create a comment for products with body parameter is empty                &amp#27;[90m# src/test/resources/Comment.feature:28&amp#27;[0m
01:28:05.416 [main] INFO io.cucumber.core.plugin.SerenityReporter -- Running feature from file:///D:/TaksAlterra/MiniProject/MiniProject_API/src/test/resources/Comment.feature
01:28:05.416 [main] WARN io.cucumber.core.plugin.SerenityReporter -- Feature from file:///D:/TaksAlterra/MiniProject/MiniProject_API/src/test/resources/Comment.feature is not under the 'features' directory. Requirements report will not be correctly generated!
01:28:05.419 [main] INFO  -- 
  _____   ___   ___   _____     ___   _____     _     ___   _____   ___   ___  
 |_   _| | __| / __| |_   _|   / __| |_   _|   /_\   | _ \ |_   _| | __| |   \ 
   | |   | _|  \__ \   | |     \__ \   | |    / _ \  |   /   | |   | _|  | |) |
   |_|   |___| |___/   |_|     |___/   |_|   /_/ \_\ |_|_\   |_|   |___| |___/ 

TC78 - Create a comment for products with body parameter is empty([08-automation]---comment;tc78---create-a-comment-for-products-with-body-parameter-is-empty)
--------------------------------------------------------------------------------
01:28:05.426 [main] DEBUG net.thucydides.core.steps.StepInterceptor -- STARTING STEP: CommentSteps.postCreateCommentForProductsEndpoints2 - I POST create a comment for products endpoints 2
01:28:05.428 [main] DEBUG net.thucydides.core.steps.StepInterceptor -- STEP DONE: I POST create a comment for products endpoints 2
  &amp#27;[32mGiven &amp#27;[0m&amp#27;[32mI POST create a comment for products endpoints 2&amp#27;[0m                                   &amp#27;[90m# starter.stepdefinition.CommentSteps.postCreateCommentForProductsEndpoints2()&amp#27;[0m
01:28:05.434 [main] DEBUG net.thucydides.core.steps.StepInterceptor -- STARTING STEP: CommentSteps.postHTTPRequestForCommentProductsWithBodyParameterIsEmpty - I POST HTTP request for comment products with body parameter is empty
01:28:05.436 [main] DEBUG net.thucydides.core.steps.StepInterceptor -- STARTING STEP: Comment.postHTTPRequestForCommentProductsWithBodyParameterIsEmpty - I POST create a comment for products endpoints 2
01:28:05.436 [main] DEBUG net.thucydides.core.steps.StepInterceptor -- STEP DONE: I POST create a comment for products endpoints 2
01:28:05.450 [main] DEBUG org.apache.http.impl.conn.BasicClientConnectionManager -- Get connection for route {s}->https://altashop-api.fly.dev:443
01:28:05.450 [main] DEBUG org.apache.http.impl.conn.DefaultClientConnectionOperator -- Connecting to altashop-api.fly.dev:443
01:28:05.508 [main] DEBUG org.apache.http.client.protocol.RequestAddCookies -- CookieSpec selected: ignoreCookies
01:28:05.508 [main] DEBUG org.apache.http.client.protocol.RequestAuthCache -- Auth cache not set in the context
01:28:05.508 [main] DEBUG org.apache.http.client.protocol.RequestProxyAuthentication -- Proxy auth state: UNCHALLENGED
01:28:05.508 [main] DEBUG org.apache.http.impl.client.DefaultHttpClient -- Attempt 1 to execute request
01:28:05.508 [main] DEBUG org.apache.http.impl.conn.DefaultClientConnection -- Sending request: POST /api/products/2/comments HTTP/1.1
01:28:05.508 [main] DEBUG org.apache.http.wire --  >> "POST /api/products/2/comments HTTP/1.1[\r][\n]"
01:28:05.509 [main] DEBUG org.apache.http.wire --  >> "Authorization: Bearer eyJhbGciOiJIUzI1NiIsInR5cCI6IkpXVCJ9.eyJGdWxsbmFtZSI6Ik5hdXJhIFZpZXRhIEhhZmxhIiwiRW1haWwiOiJuYXVyYWhhZmxhQGdtYWlsLmNvbSJ9.s7o8kacM5c5L7fMRQwNBVTO4m2AeQS4Fu9QSdP9ASbA)[\r][\n]"
01:28:05.509 [main] DEBUG org.apache.http.wire --  >> "Accept: */*[\r][\n]"
01:28:05.509 [main] DEBUG org.apache.http.wire --  >> "Content-Type: application/json[\r][\n]"
01:28:05.509 [main] DEBUG org.apache.http.wire --  >> "Content-Length: 2[\r][\n]"
01:28:05.509 [main] DEBUG org.apache.http.wire --  >> "Host: altashop-api.fly.dev[\r][\n]"
01:28:05.509 [main] DEBUG org.apache.http.wire --  >> "Connection: Keep-Alive[\r][\n]"
01:28:05.509 [main] DEBUG org.apache.http.wire --  >> "User-Agent: Apache-HttpClient/4.5.13 (Java/17.0.8)[\r][\n]"
01:28:05.509 [main] DEBUG org.apache.http.wire --  >> "Accept-Encoding: gzip,deflate[\r][\n]"
01:28:05.509 [main] DEBUG org.apache.http.wire --  >> "[\r][\n]"
01:28:05.509 [main] DEBUG org.apache.http.headers -- >> POST /api/products/2/comments HTTP/1.1
01:28:05.509 [main] DEBUG org.apache.http.headers -- >> Authorization: Bearer eyJhbGciOiJIUzI1NiIsInR5cCI6IkpXVCJ9.eyJGdWxsbmFtZSI6Ik5hdXJhIFZpZXRhIEhhZmxhIiwiRW1haWwiOiJuYXVyYWhhZmxhQGdtYWlsLmNvbSJ9.s7o8kacM5c5L7fMRQwNBVTO4m2AeQS4Fu9QSdP9ASbA)
01:28:05.509 [main] DEBUG org.apache.http.headers -- >> Accept: */*
01:28:05.509 [main] DEBUG org.apache.http.headers -- >> Content-Type: application/json
01:28:05.509 [main] DEBUG org.apache.http.headers -- >> Content-Length: 2
01:28:05.509 [main] DEBUG org.apache.http.headers -- >> Host: altashop-api.fly.dev
01:28:05.509 [main] DEBUG org.apache.http.headers -- >> Connection: Keep-Alive
01:28:05.509 [main] DEBUG org.apache.http.headers -- >> User-Agent: Apache-HttpClient/4.5.13 (Java/17.0.8)
01:28:05.509 [main] DEBUG org.apache.http.headers -- >> Accept-Encoding: gzip,deflate
01:28:05.509 [main] DEBUG org.apache.http.wire --  >> "{}"
01:28:05.534 [main] DEBUG org.apache.http.wire --  << "HTTP/1.1 401 Unauthorized[\r][\n]"
01:28:05.534 [main] DEBUG org.apache.http.wire --  << "content-type: application/json[\r][\n]"
01:28:05.534 [main] DEBUG org.apache.http.wire --  << "date: Thu, 02 Nov 2023 18:28:07 GMT[\r][\n]"
01:28:05.534 [main] DEBUG org.apache.http.wire --  << "content-encoding: gzip[\r][\n]"
01:28:05.534 [main] DEBUG org.apache.http.wire --  << "transfer-encoding: chunked[\r][\n]"
01:28:05.534 [main] DEBUG org.apache.http.wire --  << "server: Fly/7328d5b5 (2023-10-27)[\r][\n]"
01:28:05.534 [main] DEBUG org.apache.http.wire --  << "via: 1.1 fly.io[\r][\n]"
01:28:05.534 [main] DEBUG org.apache.http.wire --  << "fly-request-id: 01HE8MNSSGNXTD5MRBAXHFHP5C-sin[\r][\n]"
01:28:05.534 [main] DEBUG org.apache.http.wire --  << "[\r][\n]"
01:28:05.534 [main] DEBUG org.apache.http.impl.conn.DefaultClientConnection -- Receiving response: HTTP/1.1 401 Unauthorized
01:28:05.534 [main] DEBUG org.apache.http.headers -- << HTTP/1.1 401 Unauthorized
01:28:05.534 [main] DEBUG org.apache.http.headers -- << content-type: application/json
01:28:05.534 [main] DEBUG org.apache.http.headers -- << date: Thu, 02 Nov 2023 18:28:07 GMT
01:28:05.534 [main] DEBUG org.apache.http.headers -- << content-encoding: gzip
01:28:05.534 [main] DEBUG org.apache.http.headers -- << transfer-encoding: chunked
01:28:05.534 [main] DEBUG org.apache.http.headers -- << server: Fly/7328d5b5 (2023-10-27)
01:28:05.534 [main] DEBUG org.apache.http.headers -- << via: 1.1 fly.io
01:28:05.534 [main] DEBUG org.apache.http.headers -- << fly-request-id: 01HE8MNSSGNXTD5MRBAXHFHP5C-sin
01:28:05.534 [main] DEBUG org.apache.http.impl.client.DefaultHttpClient -- Connection can be kept alive indefinitely
01:28:05.534 [main] DEBUG org.apache.http.impl.client.DefaultHttpClient -- Authentication required
01:28:05.534 [main] DEBUG org.apache.http.impl.client.DefaultHttpClient -- altashop-api.fly.dev:443 requested authentication
01:28:05.534 [main] DEBUG org.apache.http.impl.client.DefaultHttpClient -- Response contains no authentication challenges
01:28:05.535 [main] DEBUG io.restassured.internal.RestAssuredHttpBuilder -- Parsing response as: application/json
01:28:05.535 [main] DEBUG org.apache.http.wire --  << "45[\r][\n]"
01:28:05.535 [main] DEBUG org.apache.http.wire --  << "[0x1f][0x8b][0x8][0x0][0x0][0x0][0x0][0x0][0x4][0xff][0xab]VJ-*[0xca]/R[0xb2]R[0xca][0xcc][0xc9]IMO[0xcc]QHJ,N53QHI,ITH,Q[0xc8][0xcc]+(-QH[0xaa],IU01V[0xaa][0xe5][0x2][0x0]W[0xa1][0x99][0xe4]1[0x0][0x0][0x0]"
01:28:05.535 [main] DEBUG org.apache.http.wire --  << "[\r][\n]"
01:28:05.536 [main] DEBUG org.apache.http.wire --  << "0[\r][\n]"
01:28:05.536 [main] DEBUG org.apache.http.wire --  << "[\r][\n]"
01:28:05.536 [main] DEBUG io.restassured.internal.RestAssuredHttpBuilder -- Parsed data to instance of: class org.apache.http.conn.EofSensorInputStream
01:28:05.536 [main] DEBUG org.apache.http.impl.conn.BasicClientConnectionManager -- Releasing connection org.apache.http.impl.conn.ManagedClientConnectionImpl@434a8938
01:28:05.537 [main] DEBUG org.apache.http.impl.conn.BasicClientConnectionManager -- Connection can be kept alive indefinitely
01:28:05.537 [main] DEBUG net.thucydides.core.steps.StepInterceptor -- STEP DONE: I POST HTTP request for comment products with body parameter is empty
  &amp#27;[32mWhen &amp#27;[0m&amp#27;[32mI POST HTTP request for comment products with body parameter is empty&amp#27;[0m               &amp#27;[90m# starter.stepdefinition.CommentSteps.postHTTPRequestForCommentProductsWithBodyParameterIsEmpty()&amp#27;[0m
01:28:05.541 [main] DEBUG net.thucydides.core.steps.StepInterceptor -- STARTING STEP: CommentSteps.receiveResponseCode401ForCommentProductsWithBodyParameterIsEmpty - I receive valid HTTP response 401 for comment products with body parameter is empty
01:28:05.541 [main] DEBUG net.thucydides.core.steps.StepInterceptor -- STEP DONE: I receive valid HTTP response 401 for comment products with body parameter is empty
  &amp#27;[32mThen &amp#27;[0m&amp#27;[32mI receive valid HTTP response 401 for comment products with body parameter is empty&amp#27;[0m &amp#27;[90m# starter.stepdefinition.CommentSteps.receiveResponseCode401ForCommentProductsWithBodyParameterIsEmpty()&amp#27;[0m
01:28:05.543 [main] INFO  -- 
  _____   ___   ___   _____     ___     _     ___   ___   ___   ___  
 |_   _| | __| / __| |_   _|   | _ \   /_\   / __| / __| | __| |   \ 
   | |   | _|  \__ \   | |     |  _/  / _ \  \__ \ \__ \ | _|  | |) |
   |_|   |___| |___/   |_|     |_|   /_/ \_\ |___/ |___/ |___| |___/ 

TC78 - Create a comment for products with body parameter is empty
----------------------------------------------------------------------
]]></system-out>
  </testcase>
  <testcase name="TC13 - Login valid account" classname="[02_Automation] - Login" time="0.282">
    <system-out><![CDATA[01:28:05.547 [main] INFO io.cucumber.core.plugin.SerenityReporter -- Running feature from file:///D:/TaksAlterra/MiniProject/MiniProject_API/src/test/resources/Login.feature
01:28:05.547 [main] WARN io.cucumber.core.plugin.SerenityReporter -- Feature from file:///D:/TaksAlterra/MiniProject/MiniProject_API/src/test/resources/Login.feature is not under the 'features' directory. Requirements report will not be correctly generated!
01:28:05.549 [main] DEBUG net.thucydides.core.steps.StepEventBus -- Test suite started for story net.thucydides.core.model.Story@9ac5c9a9
01:28:05.550 [main] INFO  -- Test Suite Started: [02_Automation] - Login

Scenario: TC13 - Login valid account                  &amp#27;[90m# src/test/resources/Login.feature:3&amp#27;[0m
01:28:05.569 [main] INFO io.cucumber.core.plugin.SerenityReporter -- Running feature from file:///D:/TaksAlterra/MiniProject/MiniProject_API/src/test/resources/Login.feature
01:28:05.569 [Finalizer] DEBUG org.apache.http.impl.conn.DefaultClientConnection -- Connection 0.0.0.0:55343<->149.248.193.56:443 closed
01:28:05.569 [main] WARN io.cucumber.core.plugin.SerenityReporter -- Feature from file:///D:/TaksAlterra/MiniProject/MiniProject_API/src/test/resources/Login.feature is not under the 'features' directory. Requirements report will not be correctly generated!
01:28:05.570 [Finalizer] DEBUG org.apache.http.impl.conn.DefaultClientConnection -- Connection 0.0.0.0:55342<->149.248.193.56:443 closed
01:28:05.570 [Finalizer] DEBUG org.apache.http.impl.conn.DefaultClientConnection -- Connection 0.0.0.0:55341<->149.248.193.56:443 closed
01:28:05.570 [Finalizer] DEBUG org.apache.http.impl.conn.DefaultClientConnection -- Connection 0.0.0.0:55344<->149.248.193.56:443 closed
01:28:05.571 [main] INFO  -- 
  _____   ___   ___   _____     ___   _____     _     ___   _____   ___   ___  
 |_   _| | __| / __| |_   _|   / __| |_   _|   /_\   | _ \ |_   _| | __| |   \ 
   | |   | _|  \__ \   | |     \__ \   | |    / _ \  |   /   | |   | _|  | |) |
   |_|   |___| |___/   |_|     |___/   |_|   /_/ \_\ |_|_\   |_|   |___| |___/ 

TC13 - Login valid account([02-automation]---login;tc13---login-valid-account)
--------------------------------------------------------------------------------
01:28:05.600 [main] DEBUG net.thucydides.core.steps.StepInterceptor -- STARTING STEP: LoginSteps.postLoginEndpoints - I POST login endpoints
01:28:05.600 [main] DEBUG net.thucydides.core.steps.StepInterceptor -- STEP DONE: I POST login endpoints
  &amp#27;[32mGiven &amp#27;[0m&amp#27;[32mI POST login endpoints&amp#27;[0m                        &amp#27;[90m# starter.stepdefinition.LoginSteps.postLoginEndpoints()&amp#27;[0m
01:28:05.604 [main] DEBUG net.thucydides.core.steps.StepInterceptor -- STARTING STEP: LoginSteps.postHTTPRequestForLogin - I POST HTTP request for login using valid data
01:28:05.606 [main] DEBUG net.thucydides.core.steps.StepInterceptor -- STARTING STEP: Login.postHTTPRequestForLogin - I POST login endpoints
01:28:05.606 [main] DEBUG net.thucydides.core.steps.StepInterceptor -- STEP DONE: I POST login endpoints
01:28:05.619 [main] DEBUG org.apache.http.impl.conn.BasicClientConnectionManager -- Get connection for route {s}->https://altashop-api.fly.dev:443
01:28:05.620 [main] DEBUG org.apache.http.impl.conn.DefaultClientConnectionOperator -- Connecting to altashop-api.fly.dev:443
01:28:05.795 [main] DEBUG org.apache.http.client.protocol.RequestAddCookies -- CookieSpec selected: ignoreCookies
01:28:05.795 [main] DEBUG org.apache.http.client.protocol.RequestAuthCache -- Auth cache not set in the context
01:28:05.795 [main] DEBUG org.apache.http.client.protocol.RequestTargetAuthentication -- Target auth state: UNCHALLENGED
01:28:05.795 [main] DEBUG org.apache.http.client.protocol.RequestProxyAuthentication -- Proxy auth state: UNCHALLENGED
01:28:05.795 [main] DEBUG org.apache.http.impl.client.DefaultHttpClient -- Attempt 1 to execute request
01:28:05.795 [main] DEBUG org.apache.http.impl.conn.DefaultClientConnection -- Sending request: POST /api/auth/login HTTP/1.1
01:28:05.795 [main] DEBUG org.apache.http.wire --  >> "POST /api/auth/login HTTP/1.1[\r][\n]"
01:28:05.795 [main] DEBUG org.apache.http.wire --  >> "Accept: */*[\r][\n]"
01:28:05.795 [main] DEBUG org.apache.http.wire --  >> "Content-Type: application/json[\r][\n]"
01:28:05.795 [main] DEBUG org.apache.http.wire --  >> "Content-Length: 56[\r][\n]"
01:28:05.795 [main] DEBUG org.apache.http.wire --  >> "Host: altashop-api.fly.dev[\r][\n]"
01:28:05.795 [main] DEBUG org.apache.http.wire --  >> "Connection: Keep-Alive[\r][\n]"
01:28:05.795 [main] DEBUG org.apache.http.wire --  >> "User-Agent: Apache-HttpClient/4.5.13 (Java/17.0.8)[\r][\n]"
01:28:05.795 [main] DEBUG org.apache.http.wire --  >> "Accept-Encoding: gzip,deflate[\r][\n]"
01:28:05.795 [main] DEBUG org.apache.http.wire --  >> "[\r][\n]"
01:28:05.795 [main] DEBUG org.apache.http.headers -- >> POST /api/auth/login HTTP/1.1
01:28:05.795 [main] DEBUG org.apache.http.headers -- >> Accept: */*
01:28:05.795 [main] DEBUG org.apache.http.headers -- >> Content-Type: application/json
01:28:05.795 [main] DEBUG org.apache.http.headers -- >> Content-Length: 56
01:28:05.795 [main] DEBUG org.apache.http.headers -- >> Host: altashop-api.fly.dev
01:28:05.795 [main] DEBUG org.apache.http.headers -- >> Connection: Keep-Alive
01:28:05.795 [main] DEBUG org.apache.http.headers -- >> User-Agent: Apache-HttpClient/4.5.13 (Java/17.0.8)
01:28:05.795 [main] DEBUG org.apache.http.headers -- >> Accept-Encoding: gzip,deflate
01:28:05.795 [main] DEBUG org.apache.http.wire --  >> "{"password":"Sezzle2021","email":"tasyafangg@gmail.com"}"
01:28:05.822 [main] DEBUG org.apache.http.wire --  << "HTTP/1.1 200 OK[\r][\n]"
01:28:05.822 [main] DEBUG org.apache.http.wire --  << "content-type: application/json[\r][\n]"
01:28:05.822 [main] DEBUG org.apache.http.wire --  << "date: Thu, 02 Nov 2023 18:28:07 GMT[\r][\n]"
01:28:05.822 [main] DEBUG org.apache.http.wire --  << "content-encoding: gzip[\r][\n]"
01:28:05.822 [main] DEBUG org.apache.http.wire --  << "transfer-encoding: chunked[\r][\n]"
01:28:05.822 [main] DEBUG org.apache.http.wire --  << "server: Fly/7328d5b5 (2023-10-27)[\r][\n]"
01:28:05.822 [main] DEBUG org.apache.http.wire --  << "via: 1.1 fly.io[\r][\n]"
01:28:05.822 [main] DEBUG org.apache.http.wire --  << "fly-request-id: 01HE8MNT2FFVAH9C89ZS2MPF4T-sin[\r][\n]"
01:28:05.822 [main] DEBUG org.apache.http.wire --  << "[\r][\n]"
01:28:05.822 [main] DEBUG org.apache.http.impl.conn.DefaultClientConnection -- Receiving response: HTTP/1.1 200 OK
01:28:05.822 [main] DEBUG org.apache.http.headers -- << HTTP/1.1 200 OK
01:28:05.822 [main] DEBUG org.apache.http.headers -- << content-type: application/json
01:28:05.822 [main] DEBUG org.apache.http.headers -- << date: Thu, 02 Nov 2023 18:28:07 GMT
01:28:05.822 [main] DEBUG org.apache.http.headers -- << content-encoding: gzip
01:28:05.822 [main] DEBUG org.apache.http.headers -- << transfer-encoding: chunked
01:28:05.822 [main] DEBUG org.apache.http.headers -- << server: Fly/7328d5b5 (2023-10-27)
01:28:05.822 [main] DEBUG org.apache.http.headers -- << via: 1.1 fly.io
01:28:05.822 [main] DEBUG org.apache.http.headers -- << fly-request-id: 01HE8MNT2FFVAH9C89ZS2MPF4T-sin
01:28:05.822 [main] DEBUG org.apache.http.impl.client.DefaultHttpClient -- Connection can be kept alive indefinitely
01:28:05.822 [main] DEBUG io.restassured.internal.RestAssuredHttpBuilder -- Parsing response as: application/json
01:28:05.822 [main] DEBUG org.apache.http.wire --  << "C6[\r][\n]"
01:28:05.822 [main] DEBUG org.apache.http.wire --  << "[0x1f][0x8b][0x8][0x0][0x0][0x0][0x0][0x0][0x4][0xff][0xab]VJI,IT[0xb2]RJ[0xad][0xf4][0xca]HrO[0xce][0xf4][0xcf][0xf4][0xf2][0xc][0xad][0xf2]4[0xf4][0xcb][0xf4],[0xf6][0xcc][0xb]2Mv[0xf6]4[0xf3][0xcc].[0x88][0x8]s[0xf6][0xb2][0xd4]K[0xad][0xf4]rO[0x9][0xaf](N[0xca]u+[0x89][\n]"
01:28:05.822 [main] DEBUG org.apache.http.wire --  << "[0xf6]4[0xf3][0xcc][0x9][0xca]H6[0xce][0xc9][0xf0]t[0x8d]*H[0xf1][0xf0]*[0x88][0xc]vrJ[0xca]M[0xc9]K[0xce]u+H[0xca][0xcd][0xce][0xf4]q[0xf6]rK[\n]"
01:28:05.823 [main] DEBUG org.apache.http.wire --  << "w+H[0x2][0x19][0x92][0x7]Q[0x1b][0x95][0xeb]V[0x1a]e[0x94][0xe2][0x18]ed[0x98][0x91][0x18]^^[0x1a]idY[0xe2][0x99]g[0xa0]g[0x92][0x19]Xjn[0xe0][0xe2]d[0x98][0x91][0x9d][0xe1][0x18][0xe0][0x99][0xe2]kRT[0xe0][0x9f][0x1b]d[0x11][0x9a][0x91][0xe8]U[0x1e][0xe1][0x98][0x94][0x1b][0xe9]g[0x18][0xe9]QUV[0x92][0x98][0xae]T[0xcb][0x5][0x0]ZM[0xc9]i[0xb8][0x0][0x0][0x0]"
01:28:05.823 [main] DEBUG org.apache.http.wire --  << "[\r][\n]"
01:28:05.823 [main] DEBUG org.apache.http.wire --  << "0[\r][\n]"
01:28:05.823 [main] DEBUG org.apache.http.wire --  << "[\r][\n]"
01:28:05.823 [main] DEBUG io.restassured.internal.RestAssuredHttpBuilder -- Parsed data to instance of: class org.apache.http.conn.EofSensorInputStream
01:28:05.824 [main] DEBUG org.apache.http.impl.conn.BasicClientConnectionManager -- Releasing connection org.apache.http.impl.conn.ManagedClientConnectionImpl@1760e688
01:28:05.824 [main] DEBUG org.apache.http.impl.conn.BasicClientConnectionManager -- Connection can be kept alive indefinitely
01:28:05.824 [main] DEBUG net.thucydides.core.steps.StepInterceptor -- STEP DONE: I POST HTTP request for login using valid data
  &amp#27;[32mWhen &amp#27;[0m&amp#27;[32mI POST HTTP request for login using valid data&amp#27;[0m &amp#27;[90m# starter.stepdefinition.LoginSteps.postHTTPRequestForLogin()&amp#27;[0m
01:28:05.827 [main] DEBUG net.thucydides.core.steps.StepInterceptor -- STARTING STEP: LoginSteps.receiveResponseCode200ForLogin - I receive valid HTTP response 200 for login
01:28:05.828 [main] DEBUG net.thucydides.core.steps.StepInterceptor -- STEP DONE: I receive valid HTTP response 200 for login
  &amp#27;[32mThen &amp#27;[0m&amp#27;[32mI receive valid HTTP response 200 for login&amp#27;[0m    &amp#27;[90m# starter.stepdefinition.LoginSteps.receiveResponseCode200ForLogin()&amp#27;[0m
01:28:05.831 [main] INFO  -- 
  _____   ___   ___   _____     ___     _     ___   ___   ___   ___  
 |_   _| | __| / __| |_   _|   | _ \   /_\   / __| / __| | __| |   \ 
   | |   | _|  \__ \   | |     |  _/  / _ \  \__ \ \__ \ | _|  | |) |
   |_|   |___| |___/   |_|     |_|   /_/ \_\ |___/ |___/ |___| |___/ 

TC13 - Login valid account
----------------------------------------------------------------------
]]></system-out>
  </testcase>
  <testcase name="TC14 - Login using valid account but empty email" classname="[02_Automation] - Login" time="0.129">
    <system-out><![CDATA[
Scenario: TC14 - Login using valid account but empty email                             &amp#27;[90m# src/test/resources/Login.feature:8&amp#27;[0m
01:28:05.836 [main] INFO io.cucumber.core.plugin.SerenityReporter -- Running feature from file:///D:/TaksAlterra/MiniProject/MiniProject_API/src/test/resources/Login.feature
01:28:05.837 [main] WARN io.cucumber.core.plugin.SerenityReporter -- Feature from file:///D:/TaksAlterra/MiniProject/MiniProject_API/src/test/resources/Login.feature is not under the 'features' directory. Requirements report will not be correctly generated!
01:28:05.839 [main] INFO  -- 
  _____   ___   ___   _____     ___   _____     _     ___   _____   ___   ___  
 |_   _| | __| / __| |_   _|   / __| |_   _|   /_\   | _ \ |_   _| | __| |   \ 
   | |   | _|  \__ \   | |     \__ \   | |    / _ \  |   /   | |   | _|  | |) |
   |_|   |___| |___/   |_|     |___/   |_|   /_/ \_\ |_|_\   |_|   |___| |___/ 

TC14 - Login using valid account but empty email([02-automation]---login;tc14---login-using-valid-account-but-empty-email)
--------------------------------------------------------------------------------
01:28:05.845 [main] DEBUG net.thucydides.core.steps.StepInterceptor -- STARTING STEP: LoginSteps.postLoginEndpoints2 - I POST login endpoints 2
01:28:05.845 [main] DEBUG net.thucydides.core.steps.StepInterceptor -- STEP DONE: I POST login endpoints 2
  &amp#27;[32mGiven &amp#27;[0m&amp#27;[32mI POST login endpoints 2&amp#27;[0m                                                       &amp#27;[90m# starter.stepdefinition.LoginSteps.postLoginEndpoints2()&amp#27;[0m
01:28:05.849 [main] DEBUG net.thucydides.core.steps.StepInterceptor -- STARTING STEP: LoginSteps.postHTTPRequestForLoginUsingValidAccountButEmptyEmail - I POST HTTP request for login using valid account but empty email
01:28:05.851 [main] DEBUG net.thucydides.core.steps.StepInterceptor -- STARTING STEP: Login.postHTTPRequestForLoginUsingValidAccountButEmptyEmail - I POST login endpoints 2
01:28:05.851 [main] DEBUG net.thucydides.core.steps.StepInterceptor -- STEP DONE: I POST login endpoints 2
01:28:05.861 [main] DEBUG org.apache.http.impl.conn.BasicClientConnectionManager -- Get connection for route {s}->https://altashop-api.fly.dev:443
01:28:05.861 [main] DEBUG org.apache.http.impl.conn.DefaultClientConnectionOperator -- Connecting to altashop-api.fly.dev:443
01:28:05.923 [main] DEBUG org.apache.http.client.protocol.RequestAddCookies -- CookieSpec selected: ignoreCookies
01:28:05.923 [main] DEBUG org.apache.http.client.protocol.RequestAuthCache -- Auth cache not set in the context
01:28:05.923 [main] DEBUG org.apache.http.client.protocol.RequestTargetAuthentication -- Target auth state: UNCHALLENGED
01:28:05.923 [main] DEBUG org.apache.http.client.protocol.RequestProxyAuthentication -- Proxy auth state: UNCHALLENGED
01:28:05.923 [main] DEBUG org.apache.http.impl.client.DefaultHttpClient -- Attempt 1 to execute request
01:28:05.923 [main] DEBUG org.apache.http.impl.conn.DefaultClientConnection -- Sending request: POST /api/auth/login HTTP/1.1
01:28:05.923 [main] DEBUG org.apache.http.wire --  >> "POST /api/auth/login HTTP/1.1[\r][\n]"
01:28:05.923 [main] DEBUG org.apache.http.wire --  >> "Accept: */*[\r][\n]"
01:28:05.923 [main] DEBUG org.apache.http.wire --  >> "Content-Type: application/json[\r][\n]"
01:28:05.923 [main] DEBUG org.apache.http.wire --  >> "Content-Length: 36[\r][\n]"
01:28:05.923 [main] DEBUG org.apache.http.wire --  >> "Host: altashop-api.fly.dev[\r][\n]"
01:28:05.923 [main] DEBUG org.apache.http.wire --  >> "Connection: Keep-Alive[\r][\n]"
01:28:05.923 [main] DEBUG org.apache.http.wire --  >> "User-Agent: Apache-HttpClient/4.5.13 (Java/17.0.8)[\r][\n]"
01:28:05.923 [main] DEBUG org.apache.http.wire --  >> "Accept-Encoding: gzip,deflate[\r][\n]"
01:28:05.923 [main] DEBUG org.apache.http.wire --  >> "[\r][\n]"
01:28:05.923 [main] DEBUG org.apache.http.headers -- >> POST /api/auth/login HTTP/1.1
01:28:05.923 [main] DEBUG org.apache.http.headers -- >> Accept: */*
01:28:05.923 [main] DEBUG org.apache.http.headers -- >> Content-Type: application/json
01:28:05.923 [main] DEBUG org.apache.http.headers -- >> Content-Length: 36
01:28:05.923 [main] DEBUG org.apache.http.headers -- >> Host: altashop-api.fly.dev
01:28:05.923 [main] DEBUG org.apache.http.headers -- >> Connection: Keep-Alive
01:28:05.923 [main] DEBUG org.apache.http.headers -- >> User-Agent: Apache-HttpClient/4.5.13 (Java/17.0.8)
01:28:05.923 [main] DEBUG org.apache.http.headers -- >> Accept-Encoding: gzip,deflate
01:28:05.923 [main] DEBUG org.apache.http.wire --  >> "{"password":"Sezzle2021","email":""}"
01:28:05.948 [main] DEBUG org.apache.http.wire --  << "HTTP/1.1 400 Bad Request[\r][\n]"
01:28:05.948 [main] DEBUG org.apache.http.wire --  << "content-type: application/json[\r][\n]"
01:28:05.948 [main] DEBUG org.apache.http.wire --  << "date: Thu, 02 Nov 2023 18:28:07 GMT[\r][\n]"
01:28:05.948 [main] DEBUG org.apache.http.wire --  << "content-encoding: gzip[\r][\n]"
01:28:05.948 [main] DEBUG org.apache.http.wire --  << "transfer-encoding: chunked[\r][\n]"
01:28:05.948 [main] DEBUG org.apache.http.wire --  << "server: Fly/7328d5b5 (2023-10-27)[\r][\n]"
01:28:05.948 [main] DEBUG org.apache.http.wire --  << "via: 1.1 fly.io[\r][\n]"
01:28:05.948 [main] DEBUG org.apache.http.wire --  << "fly-request-id: 01HE8MNT6EBS6FB7Q4CGRB9HMH-sin[\r][\n]"
01:28:05.948 [main] DEBUG org.apache.http.wire --  << "[\r][\n]"
01:28:05.948 [main] DEBUG org.apache.http.impl.conn.DefaultClientConnection -- Receiving response: HTTP/1.1 400 Bad Request
01:28:05.948 [main] DEBUG org.apache.http.headers -- << HTTP/1.1 400 Bad Request
01:28:05.948 [main] DEBUG org.apache.http.headers -- << content-type: application/json
01:28:05.948 [main] DEBUG org.apache.http.headers -- << date: Thu, 02 Nov 2023 18:28:07 GMT
01:28:05.948 [main] DEBUG org.apache.http.headers -- << content-encoding: gzip
01:28:05.948 [main] DEBUG org.apache.http.headers -- << transfer-encoding: chunked
01:28:05.948 [main] DEBUG org.apache.http.headers -- << server: Fly/7328d5b5 (2023-10-27)
01:28:05.948 [main] DEBUG org.apache.http.headers -- << via: 1.1 fly.io
01:28:05.948 [main] DEBUG org.apache.http.headers -- << fly-request-id: 01HE8MNT6EBS6FB7Q4CGRB9HMH-sin
01:28:05.948 [main] DEBUG org.apache.http.impl.client.DefaultHttpClient -- Connection can be kept alive indefinitely
01:28:05.948 [main] DEBUG io.restassured.internal.RestAssuredHttpBuilder -- Parsing response as: application/json
01:28:05.948 [main] DEBUG org.apache.http.wire --  << "32[\r][\n]"
01:28:05.948 [main] DEBUG org.apache.http.wire --  << "[0x1f][0x8b][0x8][0x0][0x0][0x0][0x0][0x0][0x4][0xff][0xab]VJ-*[0xca]/R[0xb2]RJ[0xcd]M[0xcc][0xcc]Q[0xc8],V(J-,[0xcd],JMQ[0xaa][0xe5][0x2][0x0]&[0xe3][0xaa]j[0x1e][0x0][0x0][0x0]"
01:28:05.948 [main] DEBUG org.apache.http.wire --  << "[\r][\n]"
01:28:05.948 [main] DEBUG org.apache.http.wire --  << "0[\r][\n]"
01:28:05.948 [main] DEBUG org.apache.http.wire --  << "[\r][\n]"
01:28:05.948 [main] DEBUG io.restassured.internal.RestAssuredHttpBuilder -- Parsed data to instance of: class org.apache.http.conn.EofSensorInputStream
01:28:05.950 [main] DEBUG org.apache.http.impl.conn.BasicClientConnectionManager -- Releasing connection org.apache.http.impl.conn.ManagedClientConnectionImpl@79fcd194
01:28:05.951 [main] DEBUG org.apache.http.impl.conn.BasicClientConnectionManager -- Connection can be kept alive indefinitely
01:28:05.951 [main] DEBUG net.thucydides.core.steps.StepInterceptor -- STEP DONE: I POST HTTP request for login using valid account but empty email
  &amp#27;[32mWhen &amp#27;[0m&amp#27;[32mI POST HTTP request for login using valid account but empty email&amp#27;[0m               &amp#27;[90m# starter.stepdefinition.LoginSteps.postHTTPRequestForLoginUsingValidAccountButEmptyEmail()&amp#27;[0m
01:28:05.956 [main] DEBUG net.thucydides.core.steps.StepInterceptor -- STARTING STEP: LoginSteps.receiveResponseCode400ForLoginUsingValidAccountButEmptyEmail - I receive valid HTTP response 400 for login using valid account but empty email
01:28:05.958 [main] DEBUG net.thucydides.core.steps.StepInterceptor -- STEP DONE: I receive valid HTTP response 400 for login using valid account but empty email
  &amp#27;[32mThen &amp#27;[0m&amp#27;[32mI receive valid HTTP response 400 for login using valid account but empty email&amp#27;[0m &amp#27;[90m# starter.stepdefinition.LoginSteps.receiveResponseCode400ForLoginUsingValidAccountButEmptyEmail()&amp#27;[0m
01:28:05.960 [main] INFO  -- 
  _____   ___   ___   _____     ___     _     ___   ___   ___   ___  
 |_   _| | __| / __| |_   _|   | _ \   /_\   / __| / __| | __| |   \ 
   | |   | _|  \__ \   | |     |  _/  / _ \  \__ \ \__ \ | _|  | |) |
   |_|   |___| |___/   |_|     |_|   /_/ \_\ |___/ |___/ |___| |___/ 

TC14 - Login using valid account but empty email
----------------------------------------------------------------------
]]></system-out>
  </testcase>
  <testcase name="TC15 - Login using valid account but empty password" classname="[02_Automation] - Login" time="0.126">
    <system-out><![CDATA[
Scenario: TC15 - Login using valid account but empty password                             &amp#27;[90m# src/test/resources/Login.feature:13&amp#27;[0m
01:28:05.968 [main] INFO io.cucumber.core.plugin.SerenityReporter -- Running feature from file:///D:/TaksAlterra/MiniProject/MiniProject_API/src/test/resources/Login.feature
01:28:05.968 [main] WARN io.cucumber.core.plugin.SerenityReporter -- Feature from file:///D:/TaksAlterra/MiniProject/MiniProject_API/src/test/resources/Login.feature is not under the 'features' directory. Requirements report will not be correctly generated!
01:28:05.970 [main] INFO  -- 
  _____   ___   ___   _____     ___   _____     _     ___   _____   ___   ___  
 |_   _| | __| / __| |_   _|   / __| |_   _|   /_\   | _ \ |_   _| | __| |   \ 
   | |   | _|  \__ \   | |     \__ \   | |    / _ \  |   /   | |   | _|  | |) |
   |_|   |___| |___/   |_|     |___/   |_|   /_/ \_\ |_|_\   |_|   |___| |___/ 

TC15 - Login using valid account but empty password([02-automation]---login;tc15---login-using-valid-account-but-empty-password)
--------------------------------------------------------------------------------
01:28:05.975 [main] DEBUG net.thucydides.core.steps.StepInterceptor -- STARTING STEP: LoginSteps.postLoginEndpoints3 - I POST login endpoints 3
01:28:05.975 [main] DEBUG net.thucydides.core.steps.StepInterceptor -- STEP DONE: I POST login endpoints 3
  &amp#27;[32mGiven &amp#27;[0m&amp#27;[32mI POST login endpoints 3&amp#27;[0m                                                          &amp#27;[90m# starter.stepdefinition.LoginSteps.postLoginEndpoints3()&amp#27;[0m
01:28:05.977 [main] DEBUG net.thucydides.core.steps.StepInterceptor -- STARTING STEP: LoginSteps.postHTTPRequestForLoginUsingValidAccountButEmptyPassword - I POST HTTP request for login using valid account but empty password
01:28:05.979 [main] DEBUG net.thucydides.core.steps.StepInterceptor -- STARTING STEP: Login.postHTTPRequestForLoginUsingValidAccountButEmptyPassword - I POST login endpoints 3
01:28:05.979 [main] DEBUG net.thucydides.core.steps.StepInterceptor -- STEP DONE: I POST login endpoints 3
01:28:05.994 [main] DEBUG org.apache.http.impl.conn.BasicClientConnectionManager -- Get connection for route {s}->https://altashop-api.fly.dev:443
01:28:05.994 [main] DEBUG org.apache.http.impl.conn.DefaultClientConnectionOperator -- Connecting to altashop-api.fly.dev:443
01:28:06.050 [main] DEBUG org.apache.http.client.protocol.RequestAddCookies -- CookieSpec selected: ignoreCookies
01:28:06.051 [main] DEBUG org.apache.http.client.protocol.RequestAuthCache -- Auth cache not set in the context
01:28:06.051 [main] DEBUG org.apache.http.client.protocol.RequestTargetAuthentication -- Target auth state: UNCHALLENGED
01:28:06.051 [main] DEBUG org.apache.http.client.protocol.RequestProxyAuthentication -- Proxy auth state: UNCHALLENGED
01:28:06.051 [main] DEBUG org.apache.http.impl.client.DefaultHttpClient -- Attempt 1 to execute request
01:28:06.051 [main] DEBUG org.apache.http.impl.conn.DefaultClientConnection -- Sending request: POST /api/auth/login HTTP/1.1
01:28:06.051 [main] DEBUG org.apache.http.wire --  >> "POST /api/auth/login HTTP/1.1[\r][\n]"
01:28:06.051 [main] DEBUG org.apache.http.wire --  >> "Accept: */*[\r][\n]"
01:28:06.051 [main] DEBUG org.apache.http.wire --  >> "Content-Type: application/json[\r][\n]"
01:28:06.051 [main] DEBUG org.apache.http.wire --  >> "Content-Length: 46[\r][\n]"
01:28:06.051 [main] DEBUG org.apache.http.wire --  >> "Host: altashop-api.fly.dev[\r][\n]"
01:28:06.051 [main] DEBUG org.apache.http.wire --  >> "Connection: Keep-Alive[\r][\n]"
01:28:06.051 [main] DEBUG org.apache.http.wire --  >> "User-Agent: Apache-HttpClient/4.5.13 (Java/17.0.8)[\r][\n]"
01:28:06.051 [main] DEBUG org.apache.http.wire --  >> "Accept-Encoding: gzip,deflate[\r][\n]"
01:28:06.051 [main] DEBUG org.apache.http.wire --  >> "[\r][\n]"
01:28:06.051 [main] DEBUG org.apache.http.headers -- >> POST /api/auth/login HTTP/1.1
01:28:06.051 [main] DEBUG org.apache.http.headers -- >> Accept: */*
01:28:06.051 [main] DEBUG org.apache.http.headers -- >> Content-Type: application/json
01:28:06.051 [main] DEBUG org.apache.http.headers -- >> Content-Length: 46
01:28:06.051 [main] DEBUG org.apache.http.headers -- >> Host: altashop-api.fly.dev
01:28:06.051 [main] DEBUG org.apache.http.headers -- >> Connection: Keep-Alive
01:28:06.051 [main] DEBUG org.apache.http.headers -- >> User-Agent: Apache-HttpClient/4.5.13 (Java/17.0.8)
01:28:06.051 [main] DEBUG org.apache.http.headers -- >> Accept-Encoding: gzip,deflate
01:28:06.051 [main] DEBUG org.apache.http.wire --  >> "{"password":"","email":"tasyafangg@gmail.com"}"
01:28:06.076 [main] DEBUG org.apache.http.wire --  << "HTTP/1.1 400 Bad Request[\r][\n]"
01:28:06.077 [main] DEBUG org.apache.http.wire --  << "content-type: application/json[\r][\n]"
01:28:06.077 [main] DEBUG org.apache.http.wire --  << "date: Thu, 02 Nov 2023 18:28:07 GMT[\r][\n]"
01:28:06.077 [main] DEBUG org.apache.http.wire --  << "content-encoding: gzip[\r][\n]"
01:28:06.077 [main] DEBUG org.apache.http.wire --  << "transfer-encoding: chunked[\r][\n]"
01:28:06.077 [main] DEBUG org.apache.http.wire --  << "server: Fly/7328d5b5 (2023-10-27)[\r][\n]"
01:28:06.077 [main] DEBUG org.apache.http.wire --  << "via: 1.1 fly.io[\r][\n]"
01:28:06.077 [main] DEBUG org.apache.http.wire --  << "fly-request-id: 01HE8MNTAECK4KXT7JB0HZ40PB-sin[\r][\n]"
01:28:06.077 [main] DEBUG org.apache.http.wire --  << "[\r][\n]"
01:28:06.077 [main] DEBUG org.apache.http.impl.conn.DefaultClientConnection -- Receiving response: HTTP/1.1 400 Bad Request
01:28:06.077 [main] DEBUG org.apache.http.headers -- << HTTP/1.1 400 Bad Request
01:28:06.077 [main] DEBUG org.apache.http.headers -- << content-type: application/json
01:28:06.077 [main] DEBUG org.apache.http.headers -- << date: Thu, 02 Nov 2023 18:28:07 GMT
01:28:06.077 [main] DEBUG org.apache.http.headers -- << content-encoding: gzip
01:28:06.077 [main] DEBUG org.apache.http.headers -- << transfer-encoding: chunked
01:28:06.077 [main] DEBUG org.apache.http.headers -- << server: Fly/7328d5b5 (2023-10-27)
01:28:06.077 [main] DEBUG org.apache.http.headers -- << via: 1.1 fly.io
01:28:06.077 [main] DEBUG org.apache.http.headers -- << fly-request-id: 01HE8MNTAECK4KXT7JB0HZ40PB-sin
01:28:06.077 [main] DEBUG org.apache.http.impl.client.DefaultHttpClient -- Connection can be kept alive indefinitely
01:28:06.078 [main] DEBUG io.restassured.internal.RestAssuredHttpBuilder -- Parsing response as: application/json
01:28:06.078 [main] DEBUG org.apache.http.wire --  << "35[\r][\n]"
01:28:06.078 [main] DEBUG org.apache.http.wire --  << "[0x1f][0x8b][0x8][0x0][0x0][0x0][0x0][0x0][0x4][0xff][0xab]VJ-*[0xca]/R[0xb2]R*H,..[0xcf]/JQ[0xc8],V(J-,[0xcd],JMQ[0xaa][0xe5][0x2][0x0][0xb9][0x8f][0xe5][0xe0]![0x0][0x0][0x0]"
01:28:06.078 [main] DEBUG org.apache.http.wire --  << "[\r][\n]"
01:28:06.078 [main] DEBUG org.apache.http.wire --  << "0[\r][\n]"
01:28:06.078 [main] DEBUG org.apache.http.wire --  << "[\r][\n]"
01:28:06.078 [main] DEBUG io.restassured.internal.RestAssuredHttpBuilder -- Parsed data to instance of: class org.apache.http.conn.EofSensorInputStream
01:28:06.081 [main] DEBUG org.apache.http.impl.conn.BasicClientConnectionManager -- Releasing connection org.apache.http.impl.conn.ManagedClientConnectionImpl@afb7b03
01:28:06.081 [main] DEBUG org.apache.http.impl.conn.BasicClientConnectionManager -- Connection can be kept alive indefinitely
01:28:06.083 [main] DEBUG net.thucydides.core.steps.StepInterceptor -- STEP DONE: I POST HTTP request for login using valid account but empty password
  &amp#27;[32mWhen &amp#27;[0m&amp#27;[32mI POST HTTP request for login using valid account but empty password&amp#27;[0m               &amp#27;[90m# starter.stepdefinition.LoginSteps.postHTTPRequestForLoginUsingValidAccountButEmptyPassword()&amp#27;[0m
01:28:06.085 [main] DEBUG net.thucydides.core.steps.StepInterceptor -- STARTING STEP: LoginSteps.receiveResponseCode400ForLoginUsingValidAccountButEmptyPassword - I receive valid HTTP response 400 for login using valid account but empty password
01:28:06.085 [main] DEBUG net.thucydides.core.steps.StepInterceptor -- STEP DONE: I receive valid HTTP response 400 for login using valid account but empty password
  &amp#27;[32mThen &amp#27;[0m&amp#27;[32mI receive valid HTTP response 400 for login using valid account but empty password&amp#27;[0m &amp#27;[90m# starter.stepdefinition.LoginSteps.receiveResponseCode400ForLoginUsingValidAccountButEmptyPassword()&amp#27;[0m
01:28:06.086 [main] INFO  -- 
  _____   ___   ___   _____     ___     _     ___   ___   ___   ___  
 |_   _| | __| / __| |_   _|   | _ \   /_\   / __| / __| | __| |   \ 
   | |   | _|  \__ \   | |     |  _/  / _ \  \__ \ \__ \ | _|  | |) |
   |_|   |___| |___/   |_|     |_|   /_/ \_\ |___/ |___/ |___| |___/ 

TC15 - Login using valid account but empty password
----------------------------------------------------------------------
]]></system-out>
  </testcase>
  <testcase name="TC16 - Login with valid account but change email with password and password with email" classname="[02_Automation] - Login" time="0.121">
    <system-out><![CDATA[
Scenario: TC16 - Login with valid account but change email with password and password with email                             &amp#27;[90m# src/test/resources/Login.feature:18&amp#27;[0m
01:28:06.093 [main] INFO io.cucumber.core.plugin.SerenityReporter -- Running feature from file:///D:/TaksAlterra/MiniProject/MiniProject_API/src/test/resources/Login.feature
01:28:06.093 [main] WARN io.cucumber.core.plugin.SerenityReporter -- Feature from file:///D:/TaksAlterra/MiniProject/MiniProject_API/src/test/resources/Login.feature is not under the 'features' directory. Requirements report will not be correctly generated!
01:28:06.094 [main] INFO  -- 
  _____   ___   ___   _____     ___   _____     _     ___   _____   ___   ___  
 |_   _| | __| / __| |_   _|   / __| |_   _|   /_\   | _ \ |_   _| | __| |   \ 
   | |   | _|  \__ \   | |     \__ \   | |    / _ \  |   /   | |   | _|  | |) |
   |_|   |___| |___/   |_|     |___/   |_|   /_/ \_\ |_|_\   |_|   |___| |___/ 

TC16 - Login with valid account but change email with password and password with email([02-automation]---login;tc16---login-with-valid-account-but-change-email-with-password-and-password-with-email)
--------------------------------------------------------------------------------
01:28:06.102 [main] DEBUG net.thucydides.core.steps.StepInterceptor -- STARTING STEP: LoginSteps.postLoginEndpoint4 - I POST login endpoints 4
01:28:06.102 [main] DEBUG net.thucydides.core.steps.StepInterceptor -- STEP DONE: I POST login endpoints 4
  &amp#27;[32mGiven &amp#27;[0m&amp#27;[32mI POST login endpoints 4&amp#27;[0m                                                                                             &amp#27;[90m# starter.stepdefinition.LoginSteps.postLoginEndpoint4()&amp#27;[0m
01:28:06.105 [main] DEBUG net.thucydides.core.steps.StepInterceptor -- STARTING STEP: LoginSteps.postHTTPRequestForLoginWithValidAccoutButChangeEmailWithPasswordAndPasswordWithEmail - I POST HTTP request for login with valid account but change email with password and password with email
01:28:06.106 [main] DEBUG net.thucydides.core.steps.StepInterceptor -- STARTING STEP: Login.postHTTPRequestForLoginWithValidAccoutButChangeEmailWithPasswordAndPasswordWithEmail - I POST login endpoints 4
01:28:06.107 [main] DEBUG net.thucydides.core.steps.StepInterceptor -- STEP DONE: I POST login endpoints 4
01:28:06.120 [main] DEBUG org.apache.http.impl.conn.BasicClientConnectionManager -- Get connection for route {s}->https://altashop-api.fly.dev:443
01:28:06.120 [main] DEBUG org.apache.http.impl.conn.DefaultClientConnectionOperator -- Connecting to altashop-api.fly.dev:443
01:28:06.174 [main] DEBUG org.apache.http.client.protocol.RequestAddCookies -- CookieSpec selected: ignoreCookies
01:28:06.174 [main] DEBUG org.apache.http.client.protocol.RequestAuthCache -- Auth cache not set in the context
01:28:06.174 [main] DEBUG org.apache.http.client.protocol.RequestTargetAuthentication -- Target auth state: UNCHALLENGED
01:28:06.174 [main] DEBUG org.apache.http.client.protocol.RequestProxyAuthentication -- Proxy auth state: UNCHALLENGED
01:28:06.174 [main] DEBUG org.apache.http.impl.client.DefaultHttpClient -- Attempt 1 to execute request
01:28:06.174 [main] DEBUG org.apache.http.impl.conn.DefaultClientConnection -- Sending request: POST /api/auth/login HTTP/1.1
01:28:06.174 [main] DEBUG org.apache.http.wire --  >> "POST /api/auth/login HTTP/1.1[\r][\n]"
01:28:06.174 [main] DEBUG org.apache.http.wire --  >> "Accept: */*[\r][\n]"
01:28:06.174 [main] DEBUG org.apache.http.wire --  >> "Content-Type: application/json[\r][\n]"
01:28:06.174 [main] DEBUG org.apache.http.wire --  >> "Content-Length: 56[\r][\n]"
01:28:06.174 [main] DEBUG org.apache.http.wire --  >> "Host: altashop-api.fly.dev[\r][\n]"
01:28:06.174 [main] DEBUG org.apache.http.wire --  >> "Connection: Keep-Alive[\r][\n]"
01:28:06.174 [main] DEBUG org.apache.http.wire --  >> "User-Agent: Apache-HttpClient/4.5.13 (Java/17.0.8)[\r][\n]"
01:28:06.174 [main] DEBUG org.apache.http.wire --  >> "Accept-Encoding: gzip,deflate[\r][\n]"
01:28:06.174 [main] DEBUG org.apache.http.wire --  >> "[\r][\n]"
01:28:06.174 [main] DEBUG org.apache.http.headers -- >> POST /api/auth/login HTTP/1.1
01:28:06.174 [main] DEBUG org.apache.http.headers -- >> Accept: */*
01:28:06.174 [main] DEBUG org.apache.http.headers -- >> Content-Type: application/json
01:28:06.174 [main] DEBUG org.apache.http.headers -- >> Content-Length: 56
01:28:06.174 [main] DEBUG org.apache.http.headers -- >> Host: altashop-api.fly.dev
01:28:06.174 [main] DEBUG org.apache.http.headers -- >> Connection: Keep-Alive
01:28:06.174 [main] DEBUG org.apache.http.headers -- >> User-Agent: Apache-HttpClient/4.5.13 (Java/17.0.8)
01:28:06.174 [main] DEBUG org.apache.http.headers -- >> Accept-Encoding: gzip,deflate
01:28:06.174 [main] DEBUG org.apache.http.wire --  >> "{"password":"tasyafangg@gmail.com","email":"Sezzle2021"}"
01:28:06.200 [main] DEBUG org.apache.http.wire --  << "HTTP/1.1 400 Bad Request[\r][\n]"
01:28:06.200 [main] DEBUG org.apache.http.wire --  << "content-type: application/json[\r][\n]"
01:28:06.200 [main] DEBUG org.apache.http.wire --  << "date: Thu, 02 Nov 2023 18:28:07 GMT[\r][\n]"
01:28:06.200 [main] DEBUG org.apache.http.wire --  << "content-encoding: gzip[\r][\n]"
01:28:06.200 [main] DEBUG org.apache.http.wire --  << "transfer-encoding: chunked[\r][\n]"
01:28:06.200 [main] DEBUG org.apache.http.wire --  << "server: Fly/7328d5b5 (2023-10-27)[\r][\n]"
01:28:06.200 [main] DEBUG org.apache.http.wire --  << "via: 1.1 fly.io[\r][\n]"
01:28:06.200 [main] DEBUG org.apache.http.wire --  << "fly-request-id: 01HE8MNTE9K0SHF6F3X5P1DTMS-sin[\r][\n]"
01:28:06.200 [main] DEBUG org.apache.http.wire --  << "[\r][\n]"
01:28:06.200 [main] DEBUG org.apache.http.impl.conn.DefaultClientConnection -- Receiving response: HTTP/1.1 400 Bad Request
01:28:06.200 [main] DEBUG org.apache.http.headers -- << HTTP/1.1 400 Bad Request
01:28:06.200 [main] DEBUG org.apache.http.headers -- << content-type: application/json
01:28:06.200 [main] DEBUG org.apache.http.headers -- << date: Thu, 02 Nov 2023 18:28:07 GMT
01:28:06.200 [main] DEBUG org.apache.http.headers -- << content-encoding: gzip
01:28:06.200 [main] DEBUG org.apache.http.headers -- << transfer-encoding: chunked
01:28:06.200 [main] DEBUG org.apache.http.headers -- << server: Fly/7328d5b5 (2023-10-27)
01:28:06.200 [main] DEBUG org.apache.http.headers -- << via: 1.1 fly.io
01:28:06.200 [main] DEBUG org.apache.http.headers -- << fly-request-id: 01HE8MNTE9K0SHF6F3X5P1DTMS-sin
01:28:06.201 [main] DEBUG org.apache.http.impl.client.DefaultHttpClient -- Connection can be kept alive indefinitely
01:28:06.201 [main] DEBUG io.restassured.internal.RestAssuredHttpBuilder -- Parsing response as: application/json
01:28:06.201 [main] DEBUG org.apache.http.wire --  << "31[\r][\n]"
01:28:06.201 [main] DEBUG org.apache.http.wire --  << "[0x1f][0x8b][0x8][0x0][0x0][0x0][0x0][0x0][0x4][0xff][0xab]VJ-*[0xca]/R[0xb2]R*JM[0xce]/JQ[0xc8][0xcb]/QH[0xcb]/[0xcd]KQ[0xaa][0xe5][0x2][0x0]6`[0x14][0x2][0x1d][0x0][0x0][0x0]"
01:28:06.201 [main] DEBUG org.apache.http.wire --  << "[\r][\n]"
01:28:06.201 [main] DEBUG org.apache.http.wire --  << "0[\r][\n]"
01:28:06.201 [main] DEBUG org.apache.http.wire --  << "[\r][\n]"
01:28:06.201 [main] DEBUG io.restassured.internal.RestAssuredHttpBuilder -- Parsed data to instance of: class org.apache.http.conn.EofSensorInputStream
01:28:06.202 [main] DEBUG org.apache.http.impl.conn.BasicClientConnectionManager -- Releasing connection org.apache.http.impl.conn.ManagedClientConnectionImpl@50013a15
01:28:06.202 [main] DEBUG org.apache.http.impl.conn.BasicClientConnectionManager -- Connection can be kept alive indefinitely
01:28:06.203 [main] DEBUG net.thucydides.core.steps.StepInterceptor -- STEP DONE: I POST HTTP request for login with valid account but change email with password and password with email
  &amp#27;[32mWhen &amp#27;[0m&amp#27;[32mI POST HTTP request for login with valid account but change email with password and password with email&amp#27;[0m               &amp#27;[90m# starter.stepdefinition.LoginSteps.postHTTPRequestForLoginWithValidAccoutButChangeEmailWithPasswordAndPasswordWithEmail()&amp#27;[0m
01:28:06.205 [main] DEBUG net.thucydides.core.steps.StepInterceptor -- STARTING STEP: LoginSteps.receiveResponseCode400ForLoginWithValidAccoutButChangeEmailWithPasswordAndPasswordWithEmail - I receive valid HTTP response 400 for login with valid account but change email with password and password with email
01:28:06.206 [main] DEBUG net.thucydides.core.steps.StepInterceptor -- STEP DONE: I receive valid HTTP response 400 for login with valid account but change email with password and password with email
  &amp#27;[32mThen &amp#27;[0m&amp#27;[32mI receive valid HTTP response 400 for login with valid account but change email with password and password with email&amp#27;[0m &amp#27;[90m# starter.stepdefinition.LoginSteps.receiveResponseCode400ForLoginWithValidAccoutButChangeEmailWithPasswordAndPasswordWithEmail()&amp#27;[0m
01:28:06.208 [main] INFO  -- 
  _____   ___   ___   _____     ___     _     ___   ___   ___   ___  
 |_   _| | __| / __| |_   _|   | _ \   /_\   / __| / __| | __| |   \ 
   | |   | _|  \__ \   | |     |  _/  / _ \  \__ \ \__ \ | _|  | |) |
   |_|   |___| |___/   |_|     |_|   /_/ \_\ |___/ |___/ |___| |___/ 

TC16 - Login with valid account but change email with password and password with email
----------------------------------------------------------------------
]]></system-out>
  </testcase>
  <testcase name="TC17 - Login with valid account but change the email payload with fullname" classname="[02_Automation] - Login" time="0.11">
    <system-out><![CDATA[
Scenario: TC17 - Login with valid account but change the email payload with fullname                             &amp#27;[90m# src/test/resources/Login.feature:23&amp#27;[0m
01:28:06.213 [main] INFO io.cucumber.core.plugin.SerenityReporter -- Running feature from file:///D:/TaksAlterra/MiniProject/MiniProject_API/src/test/resources/Login.feature
01:28:06.213 [main] WARN io.cucumber.core.plugin.SerenityReporter -- Feature from file:///D:/TaksAlterra/MiniProject/MiniProject_API/src/test/resources/Login.feature is not under the 'features' directory. Requirements report will not be correctly generated!
01:28:06.214 [main] INFO  -- 
  _____   ___   ___   _____     ___   _____     _     ___   _____   ___   ___  
 |_   _| | __| / __| |_   _|   / __| |_   _|   /_\   | _ \ |_   _| | __| |   \ 
   | |   | _|  \__ \   | |     \__ \   | |    / _ \  |   /   | |   | _|  | |) |
   |_|   |___| |___/   |_|     |___/   |_|   /_/ \_\ |_|_\   |_|   |___| |___/ 

TC17 - Login with valid account but change the email payload with fullname([02-automation]---login;tc17---login-with-valid-account-but-change-the-email-payload-with-fullname)
--------------------------------------------------------------------------------
01:28:06.219 [main] DEBUG net.thucydides.core.steps.StepInterceptor -- STARTING STEP: LoginSteps.postLoginEndpoints5 - I POST login endpoints 5
01:28:06.220 [main] DEBUG net.thucydides.core.steps.StepInterceptor -- STEP DONE: I POST login endpoints 5
  &amp#27;[32mGiven &amp#27;[0m&amp#27;[32mI POST login endpoints 5&amp#27;[0m                                                                                 &amp#27;[90m# starter.stepdefinition.LoginSteps.postLoginEndpoints5()&amp#27;[0m
01:28:06.221 [main] DEBUG net.thucydides.core.steps.StepInterceptor -- STARTING STEP: LoginSteps.postHTTPRequestForLoginWithValidAccountButChangeTheEmailPayloadWithFullname - I POST HTTP request for login with valid account but change the email payload with fullname
01:28:06.223 [main] DEBUG net.thucydides.core.steps.StepInterceptor -- STARTING STEP: Login.postHTTPRequestForLoginWithValidAccountButChangeTheEmailPayloadWithFullname - I POST login endpoints 5
01:28:06.223 [main] DEBUG net.thucydides.core.steps.StepInterceptor -- STEP DONE: I POST login endpoints 5
01:28:06.234 [main] DEBUG org.apache.http.impl.conn.BasicClientConnectionManager -- Get connection for route {s}->https://altashop-api.fly.dev:443
01:28:06.234 [main] DEBUG org.apache.http.impl.conn.DefaultClientConnectionOperator -- Connecting to altashop-api.fly.dev:443
01:28:06.285 [main] DEBUG org.apache.http.client.protocol.RequestAddCookies -- CookieSpec selected: ignoreCookies
01:28:06.285 [main] DEBUG org.apache.http.client.protocol.RequestAuthCache -- Auth cache not set in the context
01:28:06.285 [main] DEBUG org.apache.http.client.protocol.RequestTargetAuthentication -- Target auth state: UNCHALLENGED
01:28:06.285 [main] DEBUG org.apache.http.client.protocol.RequestProxyAuthentication -- Proxy auth state: UNCHALLENGED
01:28:06.285 [main] DEBUG org.apache.http.impl.client.DefaultHttpClient -- Attempt 1 to execute request
01:28:06.285 [main] DEBUG org.apache.http.impl.conn.DefaultClientConnection -- Sending request: POST /api/auth/login HTTP/1.1
01:28:06.285 [main] DEBUG org.apache.http.wire --  >> "POST /api/auth/login HTTP/1.1[\r][\n]"
01:28:06.285 [main] DEBUG org.apache.http.wire --  >> "Accept: */*[\r][\n]"
01:28:06.285 [main] DEBUG org.apache.http.wire --  >> "Content-Type: application/json[\r][\n]"
01:28:06.285 [main] DEBUG org.apache.http.wire --  >> "Content-Length: 58[\r][\n]"
01:28:06.285 [main] DEBUG org.apache.http.wire --  >> "Host: altashop-api.fly.dev[\r][\n]"
01:28:06.285 [main] DEBUG org.apache.http.wire --  >> "Connection: Keep-Alive[\r][\n]"
01:28:06.285 [main] DEBUG org.apache.http.wire --  >> "User-Agent: Apache-HttpClient/4.5.13 (Java/17.0.8)[\r][\n]"
01:28:06.285 [main] DEBUG org.apache.http.wire --  >> "Accept-Encoding: gzip,deflate[\r][\n]"
01:28:06.285 [main] DEBUG org.apache.http.wire --  >> "[\r][\n]"
01:28:06.285 [main] DEBUG org.apache.http.headers -- >> POST /api/auth/login HTTP/1.1
01:28:06.285 [main] DEBUG org.apache.http.headers -- >> Accept: */*
01:28:06.285 [main] DEBUG org.apache.http.headers -- >> Content-Type: application/json
01:28:06.285 [main] DEBUG org.apache.http.headers -- >> Content-Length: 58
01:28:06.285 [main] DEBUG org.apache.http.headers -- >> Host: altashop-api.fly.dev
01:28:06.285 [main] DEBUG org.apache.http.headers -- >> Connection: Keep-Alive
01:28:06.285 [main] DEBUG org.apache.http.headers -- >> User-Agent: Apache-HttpClient/4.5.13 (Java/17.0.8)
01:28:06.285 [main] DEBUG org.apache.http.headers -- >> Accept-Encoding: gzip,deflate
01:28:06.285 [main] DEBUG org.apache.http.wire --  >> "{"password":"Sezzle2021","email":"Tasya Fitria Anggraini"}"
01:28:06.311 [main] DEBUG org.apache.http.wire --  << "HTTP/1.1 400 Bad Request[\r][\n]"
01:28:06.311 [main] DEBUG org.apache.http.wire --  << "content-type: application/json[\r][\n]"
01:28:06.311 [main] DEBUG org.apache.http.wire --  << "date: Thu, 02 Nov 2023 18:28:07 GMT[\r][\n]"
01:28:06.312 [main] DEBUG org.apache.http.wire --  << "content-encoding: gzip[\r][\n]"
01:28:06.312 [main] DEBUG org.apache.http.wire --  << "transfer-encoding: chunked[\r][\n]"
01:28:06.312 [main] DEBUG org.apache.http.wire --  << "server: Fly/7328d5b5 (2023-10-27)[\r][\n]"
01:28:06.312 [main] DEBUG org.apache.http.wire --  << "via: 1.1 fly.io[\r][\n]"
01:28:06.312 [main] DEBUG org.apache.http.wire --  << "fly-request-id: 01HE8MNTHR3E2VZSJA4DMFAZNN-sin[\r][\n]"
01:28:06.312 [main] DEBUG org.apache.http.wire --  << "[\r][\n]"
01:28:06.312 [main] DEBUG org.apache.http.impl.conn.DefaultClientConnection -- Receiving response: HTTP/1.1 400 Bad Request
01:28:06.312 [main] DEBUG org.apache.http.headers -- << HTTP/1.1 400 Bad Request
01:28:06.312 [main] DEBUG org.apache.http.headers -- << content-type: application/json
01:28:06.312 [main] DEBUG org.apache.http.headers -- << date: Thu, 02 Nov 2023 18:28:07 GMT
01:28:06.312 [main] DEBUG org.apache.http.headers -- << content-encoding: gzip
01:28:06.312 [main] DEBUG org.apache.http.headers -- << transfer-encoding: chunked
01:28:06.312 [main] DEBUG org.apache.http.headers -- << server: Fly/7328d5b5 (2023-10-27)
01:28:06.312 [main] DEBUG org.apache.http.headers -- << via: 1.1 fly.io
01:28:06.312 [main] DEBUG org.apache.http.headers -- << fly-request-id: 01HE8MNTHR3E2VZSJA4DMFAZNN-sin
01:28:06.312 [main] DEBUG org.apache.http.impl.client.DefaultHttpClient -- Connection can be kept alive indefinitely
01:28:06.312 [main] DEBUG io.restassured.internal.RestAssuredHttpBuilder -- Parsing response as: application/json
01:28:06.312 [main] DEBUG org.apache.http.wire --  << "31[\r][\n]"
01:28:06.312 [main] DEBUG org.apache.http.wire --  << "[0x1f][0x8b][0x8][0x0][0x0][0x0][0x0][0x0][0x4][0xff][0xab]VJ-*[0xca]/R[0xb2]R*JM[0xce]/JQ[0xc8][0xcb]/QH[0xcb]/[0xcd]KQ[0xaa][0xe5][0x2][0x0]6`[0x14][0x2][0x1d][0x0][0x0][0x0]"
01:28:06.312 [main] DEBUG org.apache.http.wire --  << "[\r][\n]"
01:28:06.312 [main] DEBUG org.apache.http.wire --  << "0[\r][\n]"
01:28:06.312 [main] DEBUG org.apache.http.wire --  << "[\r][\n]"
01:28:06.312 [main] DEBUG io.restassured.internal.RestAssuredHttpBuilder -- Parsed data to instance of: class org.apache.http.conn.EofSensorInputStream
01:28:06.313 [main] DEBUG org.apache.http.impl.conn.BasicClientConnectionManager -- Releasing connection org.apache.http.impl.conn.ManagedClientConnectionImpl@7df5549e
01:28:06.313 [main] DEBUG org.apache.http.impl.conn.BasicClientConnectionManager -- Connection can be kept alive indefinitely
01:28:06.314 [main] DEBUG net.thucydides.core.steps.StepInterceptor -- STEP DONE: I POST HTTP request for login with valid account but change the email payload with fullname
  &amp#27;[32mWhen &amp#27;[0m&amp#27;[32mI POST HTTP request for login with valid account but change the email payload with fullname&amp#27;[0m               &amp#27;[90m# starter.stepdefinition.LoginSteps.postHTTPRequestForLoginWithValidAccountButChangeTheEmailPayloadWithFullname()&amp#27;[0m
01:28:06.316 [main] DEBUG net.thucydides.core.steps.StepInterceptor -- STARTING STEP: LoginSteps.receiveResponseCode400ForLoginWithValidAccountButChangeTheEmailPayloadWithFullname - I receive valid HTTP response 400 for login with valid account but change the email payload with fullname
01:28:06.316 [main] DEBUG net.thucydides.core.steps.StepInterceptor -- STEP DONE: I receive valid HTTP response 400 for login with valid account but change the email payload with fullname
  &amp#27;[32mThen &amp#27;[0m&amp#27;[32mI receive valid HTTP response 400 for login with valid account but change the email payload with fullname&amp#27;[0m &amp#27;[90m# starter.stepdefinition.LoginSteps.receiveResponseCode400ForLoginWithValidAccountButChangeTheEmailPayloadWithFullname()&amp#27;[0m
01:28:06.317 [main] INFO  -- 
  _____   ___   ___   _____     ___     _     ___   ___   ___   ___  
 |_   _| | __| / __| |_   _|   | _ \   /_\   / __| / __| | __| |   \ 
   | |   | _|  \__ \   | |     |  _/  / _ \  \__ \ \__ \ | _|  | |) |
   |_|   |___| |___/   |_|     |_|   /_/ \_\ |___/ |___/ |___| |___/ 

TC17 - Login with valid account but change the email payload with fullname
----------------------------------------------------------------------
]]></system-out>
  </testcase>
  <testcase name="TC18 - Login without payload" classname="[02_Automation] - Login" time="0.106">
    <system-out><![CDATA[
Scenario: TC18 - Login without payload                             &amp#27;[90m# src/test/resources/Login.feature:28&amp#27;[0m
01:28:06.321 [main] INFO io.cucumber.core.plugin.SerenityReporter -- Running feature from file:///D:/TaksAlterra/MiniProject/MiniProject_API/src/test/resources/Login.feature
01:28:06.321 [main] WARN io.cucumber.core.plugin.SerenityReporter -- Feature from file:///D:/TaksAlterra/MiniProject/MiniProject_API/src/test/resources/Login.feature is not under the 'features' directory. Requirements report will not be correctly generated!
01:28:06.323 [main] INFO  -- 
  _____   ___   ___   _____     ___   _____     _     ___   _____   ___   ___  
 |_   _| | __| / __| |_   _|   / __| |_   _|   /_\   | _ \ |_   _| | __| |   \ 
   | |   | _|  \__ \   | |     \__ \   | |    / _ \  |   /   | |   | _|  | |) |
   |_|   |___| |___/   |_|     |___/   |_|   /_/ \_\ |_|_\   |_|   |___| |___/ 

TC18 - Login without payload([02-automation]---login;tc18---login-without-payload)
--------------------------------------------------------------------------------
01:28:06.327 [main] DEBUG net.thucydides.core.steps.StepInterceptor -- STARTING STEP: LoginSteps.postLoginEndpoints6 - I POST login endpoints 6
01:28:06.327 [main] DEBUG net.thucydides.core.steps.StepInterceptor -- STEP DONE: I POST login endpoints 6
  &amp#27;[32mGiven &amp#27;[0m&amp#27;[32mI POST login endpoints 6&amp#27;[0m                                   &amp#27;[90m# starter.stepdefinition.LoginSteps.postLoginEndpoints6()&amp#27;[0m
01:28:06.328 [main] DEBUG net.thucydides.core.steps.StepInterceptor -- STARTING STEP: LoginSteps.postHTTPRequestForLoginWithoutPayload - I POST HTTP request for login without payload
01:28:06.330 [main] DEBUG net.thucydides.core.steps.StepInterceptor -- STARTING STEP: Login.postHTTPRequestForLoginWithoutPayload - I POST login endpoints 6
01:28:06.330 [main] DEBUG net.thucydides.core.steps.StepInterceptor -- STEP DONE: I POST login endpoints 6
01:28:06.336 [main] DEBUG org.apache.http.impl.conn.BasicClientConnectionManager -- Get connection for route {s}->https://altashop-api.fly.dev:443
01:28:06.336 [main] DEBUG org.apache.http.impl.conn.DefaultClientConnectionOperator -- Connecting to altashop-api.fly.dev:443
01:28:06.392 [main] DEBUG org.apache.http.client.protocol.RequestAddCookies -- CookieSpec selected: ignoreCookies
01:28:06.392 [main] DEBUG org.apache.http.client.protocol.RequestAuthCache -- Auth cache not set in the context
01:28:06.392 [main] DEBUG org.apache.http.client.protocol.RequestTargetAuthentication -- Target auth state: UNCHALLENGED
01:28:06.392 [main] DEBUG org.apache.http.client.protocol.RequestProxyAuthentication -- Proxy auth state: UNCHALLENGED
01:28:06.392 [main] DEBUG org.apache.http.impl.client.DefaultHttpClient -- Attempt 1 to execute request
01:28:06.392 [main] DEBUG org.apache.http.impl.conn.DefaultClientConnection -- Sending request: POST /api/auth/login HTTP/1.1
01:28:06.392 [main] DEBUG org.apache.http.wire --  >> "POST /api/auth/login HTTP/1.1[\r][\n]"
01:28:06.392 [main] DEBUG org.apache.http.wire --  >> "Accept: */*[\r][\n]"
01:28:06.392 [main] DEBUG org.apache.http.wire --  >> "Content-Type: application/json[\r][\n]"
01:28:06.392 [main] DEBUG org.apache.http.wire --  >> "Content-Length: 2[\r][\n]"
01:28:06.392 [main] DEBUG org.apache.http.wire --  >> "Host: altashop-api.fly.dev[\r][\n]"
01:28:06.392 [main] DEBUG org.apache.http.wire --  >> "Connection: Keep-Alive[\r][\n]"
01:28:06.392 [main] DEBUG org.apache.http.wire --  >> "User-Agent: Apache-HttpClient/4.5.13 (Java/17.0.8)[\r][\n]"
01:28:06.392 [main] DEBUG org.apache.http.wire --  >> "Accept-Encoding: gzip,deflate[\r][\n]"
01:28:06.392 [main] DEBUG org.apache.http.wire --  >> "[\r][\n]"
01:28:06.392 [main] DEBUG org.apache.http.headers -- >> POST /api/auth/login HTTP/1.1
01:28:06.392 [main] DEBUG org.apache.http.headers -- >> Accept: */*
01:28:06.392 [main] DEBUG org.apache.http.headers -- >> Content-Type: application/json
01:28:06.392 [main] DEBUG org.apache.http.headers -- >> Content-Length: 2
01:28:06.392 [main] DEBUG org.apache.http.headers -- >> Host: altashop-api.fly.dev
01:28:06.392 [main] DEBUG org.apache.http.headers -- >> Connection: Keep-Alive
01:28:06.392 [main] DEBUG org.apache.http.headers -- >> User-Agent: Apache-HttpClient/4.5.13 (Java/17.0.8)
01:28:06.392 [main] DEBUG org.apache.http.headers -- >> Accept-Encoding: gzip,deflate
01:28:06.392 [main] DEBUG org.apache.http.wire --  >> "{}"
01:28:06.418 [main] DEBUG org.apache.http.wire --  << "HTTP/1.1 400 Bad Request[\r][\n]"
01:28:06.418 [main] DEBUG org.apache.http.wire --  << "content-type: application/json[\r][\n]"
01:28:06.418 [main] DEBUG org.apache.http.wire --  << "date: Thu, 02 Nov 2023 18:28:07 GMT[\r][\n]"
01:28:06.418 [main] DEBUG org.apache.http.wire --  << "content-encoding: gzip[\r][\n]"
01:28:06.418 [main] DEBUG org.apache.http.wire --  << "transfer-encoding: chunked[\r][\n]"
01:28:06.418 [main] DEBUG org.apache.http.wire --  << "server: Fly/7328d5b5 (2023-10-27)[\r][\n]"
01:28:06.418 [main] DEBUG org.apache.http.wire --  << "via: 1.1 fly.io[\r][\n]"
01:28:06.418 [main] DEBUG org.apache.http.wire --  << "fly-request-id: 01HE8MNTN3XCP2T1KPZFR9DYR6-sin[\r][\n]"
01:28:06.418 [main] DEBUG org.apache.http.wire --  << "[\r][\n]"
01:28:06.418 [main] DEBUG org.apache.http.impl.conn.DefaultClientConnection -- Receiving response: HTTP/1.1 400 Bad Request
01:28:06.418 [main] DEBUG org.apache.http.headers -- << HTTP/1.1 400 Bad Request
01:28:06.418 [main] DEBUG org.apache.http.headers -- << content-type: application/json
01:28:06.418 [main] DEBUG org.apache.http.headers -- << date: Thu, 02 Nov 2023 18:28:07 GMT
01:28:06.418 [main] DEBUG org.apache.http.headers -- << content-encoding: gzip
01:28:06.418 [main] DEBUG org.apache.http.headers -- << transfer-encoding: chunked
01:28:06.418 [main] DEBUG org.apache.http.headers -- << server: Fly/7328d5b5 (2023-10-27)
01:28:06.418 [main] DEBUG org.apache.http.headers -- << via: 1.1 fly.io
01:28:06.418 [main] DEBUG org.apache.http.headers -- << fly-request-id: 01HE8MNTN3XCP2T1KPZFR9DYR6-sin
01:28:06.418 [main] DEBUG org.apache.http.impl.client.DefaultHttpClient -- Connection can be kept alive indefinitely
01:28:06.418 [main] DEBUG io.restassured.internal.RestAssuredHttpBuilder -- Parsing response as: application/json
01:28:06.418 [main] DEBUG org.apache.http.wire --  << "32[\r][\n]"
01:28:06.418 [main] DEBUG org.apache.http.wire --  << "[0x1f][0x8b][0x8][0x0][0x0][0x0][0x0][0x0][0x4][0xff][0xab]VJ-*[0xca]/R[0xb2]RJ[0xcd]M[0xcc][0xcc]Q[0xc8],V(J-,[0xcd],JMQ[0xaa][0xe5][0x2][0x0]&[0xe3][0xaa]j[0x1e][0x0][0x0][0x0]"
01:28:06.418 [main] DEBUG org.apache.http.wire --  << "[\r][\n]"
01:28:06.418 [main] DEBUG org.apache.http.wire --  << "0[\r][\n]"
01:28:06.418 [main] DEBUG org.apache.http.wire --  << "[\r][\n]"
01:28:06.418 [main] DEBUG io.restassured.internal.RestAssuredHttpBuilder -- Parsed data to instance of: class org.apache.http.conn.EofSensorInputStream
01:28:06.420 [main] DEBUG org.apache.http.impl.conn.BasicClientConnectionManager -- Releasing connection org.apache.http.impl.conn.ManagedClientConnectionImpl@47374fa5
01:28:06.420 [main] DEBUG org.apache.http.impl.conn.BasicClientConnectionManager -- Connection can be kept alive indefinitely
01:28:06.421 [main] DEBUG net.thucydides.core.steps.StepInterceptor -- STEP DONE: I POST HTTP request for login without payload
  &amp#27;[32mWhen &amp#27;[0m&amp#27;[32mI POST HTTP request for login without payload&amp#27;[0m               &amp#27;[90m# starter.stepdefinition.LoginSteps.postHTTPRequestForLoginWithoutPayload()&amp#27;[0m
01:28:06.423 [main] DEBUG net.thucydides.core.steps.StepInterceptor -- STARTING STEP: LoginSteps.receiveResponseCode400ForLoginWithoutPayload - I receive valid HTTP response 400 for login without payload
01:28:06.423 [main] DEBUG net.thucydides.core.steps.StepInterceptor -- STEP DONE: I receive valid HTTP response 400 for login without payload
  &amp#27;[32mThen &amp#27;[0m&amp#27;[32mI receive valid HTTP response 400 for login without payload&amp#27;[0m &amp#27;[90m# starter.stepdefinition.LoginSteps.receiveResponseCode400ForLoginWithoutPayload()&amp#27;[0m
01:28:06.423 [main] INFO  -- 
  _____   ___   ___   _____     ___     _     ___   ___   ___   ___  
 |_   _| | __| / __| |_   _|   | _ \   /_\   / __| / __| | __| |   \ 
   | |   | _|  \__ \   | |     |  _/  / _ \  \__ \ \__ \ | _|  | |) |
   |_|   |___| |___/   |_|     |_|   /_/ \_\ |___/ |___/ |___| |___/ 

TC18 - Login without payload
----------------------------------------------------------------------
]]></system-out>
  </testcase>
  <testcase name="TC19 - Login with invalid format payload" classname="[02_Automation] - Login" time="0.12">
    <system-out><![CDATA[
Scenario: TC19 - Login with invalid format payload                             &amp#27;[90m# src/test/resources/Login.feature:33&amp#27;[0m
01:28:06.428 [main] INFO io.cucumber.core.plugin.SerenityReporter -- Running feature from file:///D:/TaksAlterra/MiniProject/MiniProject_API/src/test/resources/Login.feature
01:28:06.428 [main] WARN io.cucumber.core.plugin.SerenityReporter -- Feature from file:///D:/TaksAlterra/MiniProject/MiniProject_API/src/test/resources/Login.feature is not under the 'features' directory. Requirements report will not be correctly generated!
01:28:06.431 [main] INFO  -- 
  _____   ___   ___   _____     ___   _____     _     ___   _____   ___   ___  
 |_   _| | __| / __| |_   _|   / __| |_   _|   /_\   | _ \ |_   _| | __| |   \ 
   | |   | _|  \__ \   | |     \__ \   | |    / _ \  |   /   | |   | _|  | |) |
   |_|   |___| |___/   |_|     |___/   |_|   /_/ \_\ |_|_\   |_|   |___| |___/ 

TC19 - Login with invalid format payload([02-automation]---login;tc19---login-with-invalid-format-payload)
--------------------------------------------------------------------------------
01:28:06.440 [main] DEBUG net.thucydides.core.steps.StepInterceptor -- STARTING STEP: LoginSteps.postLoginEndpoints7 - I POST login endpoints 7
01:28:06.440 [main] DEBUG net.thucydides.core.steps.StepInterceptor -- STEP DONE: I POST login endpoints 7
  &amp#27;[32mGiven &amp#27;[0m&amp#27;[32mI POST login endpoints 7&amp#27;[0m                                               &amp#27;[90m# starter.stepdefinition.LoginSteps.postLoginEndpoints7()&amp#27;[0m
01:28:06.442 [main] DEBUG net.thucydides.core.steps.StepInterceptor -- STARTING STEP: LoginSteps.postHTTPRequestForLoginWithInvalidFormatPayload - I POST HTTP request for login with invalid format payload
01:28:06.443 [main] DEBUG net.thucydides.core.steps.StepInterceptor -- STARTING STEP: Login.postHTTPRequestForLoginWithInvalidFormatPayload - I POST login endpoints 7
01:28:06.443 [main] DEBUG net.thucydides.core.steps.StepInterceptor -- STEP DONE: I POST login endpoints 7
01:28:06.451 [main] DEBUG org.apache.http.impl.conn.BasicClientConnectionManager -- Get connection for route {s}->https://altashop-api.fly.dev:443
01:28:06.453 [main] DEBUG org.apache.http.impl.conn.DefaultClientConnectionOperator -- Connecting to altashop-api.fly.dev:443
01:28:06.513 [main] DEBUG org.apache.http.client.protocol.RequestAddCookies -- CookieSpec selected: ignoreCookies
01:28:06.513 [main] DEBUG org.apache.http.client.protocol.RequestAuthCache -- Auth cache not set in the context
01:28:06.513 [main] DEBUG org.apache.http.client.protocol.RequestTargetAuthentication -- Target auth state: UNCHALLENGED
01:28:06.513 [main] DEBUG org.apache.http.client.protocol.RequestProxyAuthentication -- Proxy auth state: UNCHALLENGED
01:28:06.513 [main] DEBUG org.apache.http.impl.client.DefaultHttpClient -- Attempt 1 to execute request
01:28:06.513 [main] DEBUG org.apache.http.impl.conn.DefaultClientConnection -- Sending request: POST /api/auth/login HTTP/1.1
01:28:06.514 [main] DEBUG org.apache.http.wire --  >> "POST /api/auth/login HTTP/1.1[\r][\n]"
01:28:06.514 [main] DEBUG org.apache.http.wire --  >> "Accept: */*[\r][\n]"
01:28:06.514 [main] DEBUG org.apache.http.wire --  >> "Content-Type: application/json[\r][\n]"
01:28:06.514 [main] DEBUG org.apache.http.wire --  >> "Content-Length: 51[\r][\n]"
01:28:06.514 [main] DEBUG org.apache.http.wire --  >> "Host: altashop-api.fly.dev[\r][\n]"
01:28:06.514 [main] DEBUG org.apache.http.wire --  >> "Connection: Keep-Alive[\r][\n]"
01:28:06.514 [main] DEBUG org.apache.http.wire --  >> "User-Agent: Apache-HttpClient/4.5.13 (Java/17.0.8)[\r][\n]"
01:28:06.514 [main] DEBUG org.apache.http.wire --  >> "Accept-Encoding: gzip,deflate[\r][\n]"
01:28:06.514 [main] DEBUG org.apache.http.wire --  >> "[\r][\n]"
01:28:06.514 [main] DEBUG org.apache.http.headers -- >> POST /api/auth/login HTTP/1.1
01:28:06.514 [main] DEBUG org.apache.http.headers -- >> Accept: */*
01:28:06.514 [main] DEBUG org.apache.http.headers -- >> Content-Type: application/json
01:28:06.514 [main] DEBUG org.apache.http.headers -- >> Content-Length: 51
01:28:06.514 [main] DEBUG org.apache.http.headers -- >> Host: altashop-api.fly.dev
01:28:06.514 [main] DEBUG org.apache.http.headers -- >> Connection: Keep-Alive
01:28:06.514 [main] DEBUG org.apache.http.headers -- >> User-Agent: Apache-HttpClient/4.5.13 (Java/17.0.8)
01:28:06.514 [main] DEBUG org.apache.http.headers -- >> Accept-Encoding: gzip,deflate
01:28:06.514 [main] DEBUG org.apache.http.wire --  >> "{"mail":"tasyafangg@gmail.com","pass":"Sezzle2021"}"
01:28:06.538 [main] DEBUG org.apache.http.wire --  << "HTTP/1.1 400 Bad Request[\r][\n]"
01:28:06.538 [main] DEBUG org.apache.http.wire --  << "content-type: application/json[\r][\n]"
01:28:06.538 [main] DEBUG org.apache.http.wire --  << "date: Thu, 02 Nov 2023 18:28:08 GMT[\r][\n]"
01:28:06.538 [main] DEBUG org.apache.http.wire --  << "content-encoding: gzip[\r][\n]"
01:28:06.538 [main] DEBUG org.apache.http.wire --  << "transfer-encoding: chunked[\r][\n]"
01:28:06.538 [main] DEBUG org.apache.http.wire --  << "server: Fly/7328d5b5 (2023-10-27)[\r][\n]"
01:28:06.538 [main] DEBUG org.apache.http.wire --  << "via: 1.1 fly.io[\r][\n]"
01:28:06.538 [main] DEBUG org.apache.http.wire --  << "fly-request-id: 01HE8MNTRWWE58KW0QMCW5FQQR-sin[\r][\n]"
01:28:06.538 [main] DEBUG org.apache.http.wire --  << "[\r][\n]"
01:28:06.538 [main] DEBUG org.apache.http.impl.conn.DefaultClientConnection -- Receiving response: HTTP/1.1 400 Bad Request
01:28:06.538 [main] DEBUG org.apache.http.headers -- << HTTP/1.1 400 Bad Request
01:28:06.538 [main] DEBUG org.apache.http.headers -- << content-type: application/json
01:28:06.538 [main] DEBUG org.apache.http.headers -- << date: Thu, 02 Nov 2023 18:28:08 GMT
01:28:06.538 [main] DEBUG org.apache.http.headers -- << content-encoding: gzip
01:28:06.538 [main] DEBUG org.apache.http.headers -- << transfer-encoding: chunked
01:28:06.538 [main] DEBUG org.apache.http.headers -- << server: Fly/7328d5b5 (2023-10-27)
01:28:06.538 [main] DEBUG org.apache.http.headers -- << via: 1.1 fly.io
01:28:06.538 [main] DEBUG org.apache.http.headers -- << fly-request-id: 01HE8MNTRWWE58KW0QMCW5FQQR-sin
01:28:06.538 [main] DEBUG org.apache.http.impl.client.DefaultHttpClient -- Connection can be kept alive indefinitely
01:28:06.538 [main] DEBUG io.restassured.internal.RestAssuredHttpBuilder -- Parsing response as: application/json
01:28:06.538 [main] DEBUG org.apache.http.wire --  << "32[\r][\n]"
01:28:06.538 [main] DEBUG org.apache.http.wire --  << "[0x1f][0x8b][0x8][0x0][0x0][0x0][0x0][0x0][0x4][0xff][0xab]VJ-*[0xca]/R[0xb2]RJ[0xcd]M[0xcc][0xcc]Q[0xc8],V(J-,[0xcd],JMQ[0xaa][0xe5][0x2][0x0]&[0xe3][0xaa]j[0x1e][0x0][0x0][0x0]"
01:28:06.538 [main] DEBUG org.apache.http.wire --  << "[\r][\n]"
01:28:06.538 [main] DEBUG org.apache.http.wire --  << "0[\r][\n]"
01:28:06.538 [main] DEBUG org.apache.http.wire --  << "[\r][\n]"
01:28:06.538 [main] DEBUG io.restassured.internal.RestAssuredHttpBuilder -- Parsed data to instance of: class org.apache.http.conn.EofSensorInputStream
01:28:06.540 [main] DEBUG org.apache.http.impl.conn.BasicClientConnectionManager -- Releasing connection org.apache.http.impl.conn.ManagedClientConnectionImpl@3703a400
01:28:06.540 [main] DEBUG org.apache.http.impl.conn.BasicClientConnectionManager -- Connection can be kept alive indefinitely
01:28:06.540 [main] DEBUG net.thucydides.core.steps.StepInterceptor -- STEP DONE: I POST HTTP request for login with invalid format payload
  &amp#27;[32mWhen &amp#27;[0m&amp#27;[32mI POST HTTP request for login with invalid format payload&amp#27;[0m               &amp#27;[90m# starter.stepdefinition.LoginSteps.postHTTPRequestForLoginWithInvalidFormatPayload()&amp#27;[0m
01:28:06.542 [main] DEBUG net.thucydides.core.steps.StepInterceptor -- STARTING STEP: LoginSteps.receiveResponseCode400ForLoginWithInvalidFormatPayload - I receive valid HTTP response 400 for login with invalid format payload
01:28:06.543 [main] DEBUG net.thucydides.core.steps.StepInterceptor -- STEP DONE: I receive valid HTTP response 400 for login with invalid format payload
  &amp#27;[32mThen &amp#27;[0m&amp#27;[32mI receive valid HTTP response 400 for login with invalid format payload&amp#27;[0m &amp#27;[90m# starter.stepdefinition.LoginSteps.receiveResponseCode400ForLoginWithInvalidFormatPayload()&amp#27;[0m
01:28:06.544 [main] INFO  -- 
  _____   ___   ___   _____     ___     _     ___   ___   ___   ___  
 |_   _| | __| / __| |_   _|   | _ \   /_\   / __| / __| | __| |   \ 
   | |   | _|  \__ \   | |     |  _/  / _ \  \__ \ \__ \ | _|  | |) |
   |_|   |___| |___/   |_|     |_|   /_/ \_\ |___/ |___/ |___| |___/ 

TC19 - Login with invalid format payload
----------------------------------------------------------------------
]]></system-out>
  </testcase>
  <testcase name="TC20 - Login with body parameter is empty" classname="[02_Automation] - Login" time="0.131">
    <system-out><![CDATA[01:28:06.551 [Finalizer] DEBUG org.apache.http.impl.conn.DefaultClientConnection -- Connection 0.0.0.0:55345<->149.248.193.56:443 closed
01:28:06.552 [Finalizer] DEBUG org.apache.http.impl.conn.DefaultClientConnection -- Connection 0.0.0.0:55346<->149.248.193.56:443 closed
01:28:06.552 [Finalizer] DEBUG org.apache.http.impl.conn.DefaultClientConnection -- Connection 0.0.0.0:55347<->149.248.193.56:443 closed
01:28:06.552 [Finalizer] DEBUG org.apache.http.impl.conn.DefaultClientConnection -- Connection 0.0.0.0:55348<->149.248.193.56:443 closed
01:28:06.552 [Finalizer] DEBUG org.apache.http.impl.conn.DefaultClientConnection -- Connection 0.0.0.0:55349<->149.248.193.56:443 closed

Scenario: TC20 - Login with body parameter is empty                             &amp#27;[90m# src/test/resources/Login.feature:38&amp#27;[0m
01:28:06.552 [Finalizer] DEBUG org.apache.http.impl.conn.DefaultClientConnection -- Connection 0.0.0.0:55350<->149.248.193.56:443 closed
01:28:06.553 [Finalizer] DEBUG org.apache.http.impl.conn.DefaultClientConnection -- Connection 0.0.0.0:55351<->149.248.193.56:443 closed
01:28:06.553 [main] INFO io.cucumber.core.plugin.SerenityReporter -- Running feature from file:///D:/TaksAlterra/MiniProject/MiniProject_API/src/test/resources/Login.feature
01:28:06.553 [main] WARN io.cucumber.core.plugin.SerenityReporter -- Feature from file:///D:/TaksAlterra/MiniProject/MiniProject_API/src/test/resources/Login.feature is not under the 'features' directory. Requirements report will not be correctly generated!
01:28:06.556 [main] INFO  -- 
  _____   ___   ___   _____     ___   _____     _     ___   _____   ___   ___  
 |_   _| | __| / __| |_   _|   / __| |_   _|   /_\   | _ \ |_   _| | __| |   \ 
   | |   | _|  \__ \   | |     \__ \   | |    / _ \  |   /   | |   | _|  | |) |
   |_|   |___| |___/   |_|     |___/   |_|   /_/ \_\ |_|_\   |_|   |___| |___/ 

TC20 - Login with body parameter is empty([02-automation]---login;tc20---login-with-body-parameter-is-empty)
--------------------------------------------------------------------------------
01:28:06.565 [main] DEBUG net.thucydides.core.steps.StepInterceptor -- STARTING STEP: LoginSteps.postLoginEndpoints8 - I POST login endpoints 8
01:28:06.565 [main] DEBUG net.thucydides.core.steps.StepInterceptor -- STEP DONE: I POST login endpoints 8
  &amp#27;[32mGiven &amp#27;[0m&amp#27;[32mI POST login endpoints 8&amp#27;[0m                                                &amp#27;[90m# starter.stepdefinition.LoginSteps.postLoginEndpoints8()&amp#27;[0m
01:28:06.569 [main] DEBUG net.thucydides.core.steps.StepInterceptor -- STARTING STEP: LoginSteps.postHTTPRequestForLoginWithBodyParameterIsEmpty - I POST HTTP request for login with body parameter is empty
01:28:06.571 [main] DEBUG net.thucydides.core.steps.StepInterceptor -- STARTING STEP: Login.postHTTPRequestForLoginWithBodyParameterIsEmpty - I POST login endpoints 8
01:28:06.571 [main] DEBUG net.thucydides.core.steps.StepInterceptor -- STEP DONE: I POST login endpoints 8
01:28:06.581 [main] DEBUG org.apache.http.impl.conn.BasicClientConnectionManager -- Get connection for route {s}->https://altashop-api.fly.dev:443
01:28:06.581 [main] DEBUG org.apache.http.impl.conn.DefaultClientConnectionOperator -- Connecting to altashop-api.fly.dev:443
01:28:06.634 [main] DEBUG org.apache.http.client.protocol.RequestAddCookies -- CookieSpec selected: ignoreCookies
01:28:06.634 [main] DEBUG org.apache.http.client.protocol.RequestAuthCache -- Auth cache not set in the context
01:28:06.634 [main] DEBUG org.apache.http.client.protocol.RequestTargetAuthentication -- Target auth state: UNCHALLENGED
01:28:06.634 [main] DEBUG org.apache.http.client.protocol.RequestProxyAuthentication -- Proxy auth state: UNCHALLENGED
01:28:06.634 [main] DEBUG org.apache.http.impl.client.DefaultHttpClient -- Attempt 1 to execute request
01:28:06.634 [main] DEBUG org.apache.http.impl.conn.DefaultClientConnection -- Sending request: POST /api/auth/login HTTP/1.1
01:28:06.634 [main] DEBUG org.apache.http.wire --  >> "POST /api/auth/login HTTP/1.1[\r][\n]"
01:28:06.634 [main] DEBUG org.apache.http.wire --  >> "Accept: */*[\r][\n]"
01:28:06.634 [main] DEBUG org.apache.http.wire --  >> "Content-Type: application/json[\r][\n]"
01:28:06.634 [main] DEBUG org.apache.http.wire --  >> "Content-Length: 26[\r][\n]"
01:28:06.634 [main] DEBUG org.apache.http.wire --  >> "Host: altashop-api.fly.dev[\r][\n]"
01:28:06.634 [main] DEBUG org.apache.http.wire --  >> "Connection: Keep-Alive[\r][\n]"
01:28:06.634 [main] DEBUG org.apache.http.wire --  >> "User-Agent: Apache-HttpClient/4.5.13 (Java/17.0.8)[\r][\n]"
01:28:06.634 [main] DEBUG org.apache.http.wire --  >> "Accept-Encoding: gzip,deflate[\r][\n]"
01:28:06.634 [main] DEBUG org.apache.http.wire --  >> "[\r][\n]"
01:28:06.634 [main] DEBUG org.apache.http.headers -- >> POST /api/auth/login HTTP/1.1
01:28:06.634 [main] DEBUG org.apache.http.headers -- >> Accept: */*
01:28:06.634 [main] DEBUG org.apache.http.headers -- >> Content-Type: application/json
01:28:06.634 [main] DEBUG org.apache.http.headers -- >> Content-Length: 26
01:28:06.634 [main] DEBUG org.apache.http.headers -- >> Host: altashop-api.fly.dev
01:28:06.634 [main] DEBUG org.apache.http.headers -- >> Connection: Keep-Alive
01:28:06.634 [main] DEBUG org.apache.http.headers -- >> User-Agent: Apache-HttpClient/4.5.13 (Java/17.0.8)
01:28:06.634 [main] DEBUG org.apache.http.headers -- >> Accept-Encoding: gzip,deflate
01:28:06.634 [main] DEBUG org.apache.http.wire --  >> "{"password":"","email":""}"
01:28:06.660 [main] DEBUG org.apache.http.wire --  << "HTTP/1.1 400 Bad Request[\r][\n]"
01:28:06.660 [main] DEBUG org.apache.http.wire --  << "content-type: application/json[\r][\n]"
01:28:06.660 [main] DEBUG org.apache.http.wire --  << "date: Thu, 02 Nov 2023 18:28:08 GMT[\r][\n]"
01:28:06.660 [main] DEBUG org.apache.http.wire --  << "content-encoding: gzip[\r][\n]"
01:28:06.660 [main] DEBUG org.apache.http.wire --  << "transfer-encoding: chunked[\r][\n]"
01:28:06.660 [main] DEBUG org.apache.http.wire --  << "server: Fly/7328d5b5 (2023-10-27)[\r][\n]"
01:28:06.660 [main] DEBUG org.apache.http.wire --  << "via: 1.1 fly.io[\r][\n]"
01:28:06.660 [main] DEBUG org.apache.http.wire --  << "fly-request-id: 01HE8MNTWPXH9BFY6W97DG6YB4-sin[\r][\n]"
01:28:06.660 [main] DEBUG org.apache.http.wire --  << "[\r][\n]"
01:28:06.660 [main] DEBUG org.apache.http.impl.conn.DefaultClientConnection -- Receiving response: HTTP/1.1 400 Bad Request
01:28:06.660 [main] DEBUG org.apache.http.headers -- << HTTP/1.1 400 Bad Request
01:28:06.660 [main] DEBUG org.apache.http.headers -- << content-type: application/json
01:28:06.660 [main] DEBUG org.apache.http.headers -- << date: Thu, 02 Nov 2023 18:28:08 GMT
01:28:06.660 [main] DEBUG org.apache.http.headers -- << content-encoding: gzip
01:28:06.660 [main] DEBUG org.apache.http.headers -- << transfer-encoding: chunked
01:28:06.660 [main] DEBUG org.apache.http.headers -- << server: Fly/7328d5b5 (2023-10-27)
01:28:06.660 [main] DEBUG org.apache.http.headers -- << via: 1.1 fly.io
01:28:06.660 [main] DEBUG org.apache.http.headers -- << fly-request-id: 01HE8MNTWPXH9BFY6W97DG6YB4-sin
01:28:06.660 [main] DEBUG org.apache.http.impl.client.DefaultHttpClient -- Connection can be kept alive indefinitely
01:28:06.661 [main] DEBUG io.restassured.internal.RestAssuredHttpBuilder -- Parsing response as: application/json
01:28:06.661 [main] DEBUG org.apache.http.wire --  << "32[\r][\n]"
01:28:06.661 [main] DEBUG org.apache.http.wire --  << "[0x1f][0x8b][0x8][0x0][0x0][0x0][0x0][0x0][0x4][0xff][0xab]VJ-*[0xca]/R[0xb2]RJ[0xcd]M[0xcc][0xcc]Q[0xc8],V(J-,[0xcd],JMQ[0xaa][0xe5][0x2][0x0]&[0xe3][0xaa]j[0x1e][0x0][0x0][0x0]"
01:28:06.661 [main] DEBUG org.apache.http.wire --  << "[\r][\n]"
01:28:06.661 [main] DEBUG org.apache.http.wire --  << "0[\r][\n]"
01:28:06.661 [main] DEBUG org.apache.http.wire --  << "[\r][\n]"
01:28:06.661 [main] DEBUG io.restassured.internal.RestAssuredHttpBuilder -- Parsed data to instance of: class org.apache.http.conn.EofSensorInputStream
01:28:06.662 [main] DEBUG org.apache.http.impl.conn.BasicClientConnectionManager -- Releasing connection org.apache.http.impl.conn.ManagedClientConnectionImpl@6fafbdac
01:28:06.662 [main] DEBUG org.apache.http.impl.conn.BasicClientConnectionManager -- Connection can be kept alive indefinitely
01:28:06.663 [main] DEBUG net.thucydides.core.steps.StepInterceptor -- STEP DONE: I POST HTTP request for login with body parameter is empty
  &amp#27;[32mWhen &amp#27;[0m&amp#27;[32mI POST HTTP request for login with body parameter is empty&amp#27;[0m               &amp#27;[90m# starter.stepdefinition.LoginSteps.postHTTPRequestForLoginWithBodyParameterIsEmpty()&amp#27;[0m
01:28:06.669 [main] DEBUG net.thucydides.core.steps.StepInterceptor -- STARTING STEP: LoginSteps.receiveResponseCode400ForLoginWithBodyParameterIsEmpty - I receive valid HTTP response 400 for login with body parameter is empty
01:28:06.671 [main] DEBUG net.thucydides.core.steps.StepInterceptor -- STEP DONE: I receive valid HTTP response 400 for login with body parameter is empty
  &amp#27;[32mThen &amp#27;[0m&amp#27;[32mI receive valid HTTP response 400 for login with body parameter is empty&amp#27;[0m &amp#27;[90m# starter.stepdefinition.LoginSteps.receiveResponseCode400ForLoginWithBodyParameterIsEmpty()&amp#27;[0m
01:28:06.675 [main] INFO  -- 
  _____   ___   ___   _____     ___     _     ___   ___   ___   ___  
 |_   _| | __| / __| |_   _|   | _ \   /_\   / __| / __| | __| |   \ 
   | |   | _|  \__ \   | |     |  _/  / _ \  \__ \ \__ \ | _|  | |) |
   |_|   |___| |___/   |_|     |_|   /_/ \_\ |___/ |___/ |___| |___/ 

TC20 - Login with body parameter is empty
----------------------------------------------------------------------
]]></system-out>
  </testcase>
  <testcase name="TC21 - Login with invalid HTTP method" classname="[02_Automation] - Login" time="0.121">
    <system-out><![CDATA[
Scenario: TC21 - Login with invalid HTTP method                             &amp#27;[90m# src/test/resources/Login.feature:43&amp#27;[0m
01:28:06.682 [main] INFO io.cucumber.core.plugin.SerenityReporter -- Running feature from file:///D:/TaksAlterra/MiniProject/MiniProject_API/src/test/resources/Login.feature
01:28:06.682 [main] WARN io.cucumber.core.plugin.SerenityReporter -- Feature from file:///D:/TaksAlterra/MiniProject/MiniProject_API/src/test/resources/Login.feature is not under the 'features' directory. Requirements report will not be correctly generated!
01:28:06.683 [main] INFO  -- 
  _____   ___   ___   _____     ___   _____     _     ___   _____   ___   ___  
 |_   _| | __| / __| |_   _|   / __| |_   _|   /_\   | _ \ |_   _| | __| |   \ 
   | |   | _|  \__ \   | |     \__ \   | |    / _ \  |   /   | |   | _|  | |) |
   |_|   |___| |___/   |_|     |___/   |_|   /_/ \_\ |_|_\   |_|   |___| |___/ 

TC21 - Login with invalid HTTP method([02-automation]---login;tc21---login-with-invalid-http-method)
--------------------------------------------------------------------------------
01:28:06.688 [main] DEBUG net.thucydides.core.steps.StepInterceptor -- STARTING STEP: LoginSteps.postLoginEndpoints9 - I POST login endpoints 9
01:28:06.688 [main] DEBUG net.thucydides.core.steps.StepInterceptor -- STEP DONE: I POST login endpoints 9
  &amp#27;[32mGiven &amp#27;[0m&amp#27;[32mI PUT login endpoints 9&amp#27;[0m                                             &amp#27;[90m# starter.stepdefinition.LoginSteps.postLoginEndpoints9()&amp#27;[0m
01:28:06.690 [main] DEBUG net.thucydides.core.steps.StepInterceptor -- STARTING STEP: LoginSteps.postHTTPRequestForLoginWithInvalidHTTPMethod - I send request for login with invalid HTTP method
01:28:06.692 [main] DEBUG net.thucydides.core.steps.StepInterceptor -- STARTING STEP: Login.postHTTPRequestForLoginWithInvalidHTTPMethod - I POST login endpoints 9
01:28:06.692 [main] DEBUG net.thucydides.core.steps.StepInterceptor -- STEP DONE: I POST login endpoints 9
01:28:06.702 [main] DEBUG org.apache.http.impl.conn.BasicClientConnectionManager -- Get connection for route {s}->https://altashop-api.fly.dev:443
01:28:06.702 [main] DEBUG org.apache.http.impl.conn.DefaultClientConnectionOperator -- Connecting to altashop-api.fly.dev:443
01:28:06.763 [main] DEBUG org.apache.http.client.protocol.RequestAddCookies -- CookieSpec selected: ignoreCookies
01:28:06.763 [main] DEBUG org.apache.http.client.protocol.RequestAuthCache -- Auth cache not set in the context
01:28:06.763 [main] DEBUG org.apache.http.client.protocol.RequestTargetAuthentication -- Target auth state: UNCHALLENGED
01:28:06.763 [main] DEBUG org.apache.http.client.protocol.RequestProxyAuthentication -- Proxy auth state: UNCHALLENGED
01:28:06.763 [main] DEBUG org.apache.http.impl.client.DefaultHttpClient -- Attempt 1 to execute request
01:28:06.763 [main] DEBUG org.apache.http.impl.conn.DefaultClientConnection -- Sending request: PUT /api/auth/login HTTP/1.1
01:28:06.763 [main] DEBUG org.apache.http.wire --  >> "PUT /api/auth/login HTTP/1.1[\r][\n]"
01:28:06.763 [main] DEBUG org.apache.http.wire --  >> "Accept: */*[\r][\n]"
01:28:06.763 [main] DEBUG org.apache.http.wire --  >> "Content-Type: application/json[\r][\n]"
01:28:06.763 [main] DEBUG org.apache.http.wire --  >> "Content-Length: 56[\r][\n]"
01:28:06.763 [main] DEBUG org.apache.http.wire --  >> "Host: altashop-api.fly.dev[\r][\n]"
01:28:06.763 [main] DEBUG org.apache.http.wire --  >> "Connection: Keep-Alive[\r][\n]"
01:28:06.763 [main] DEBUG org.apache.http.wire --  >> "User-Agent: Apache-HttpClient/4.5.13 (Java/17.0.8)[\r][\n]"
01:28:06.763 [main] DEBUG org.apache.http.wire --  >> "Accept-Encoding: gzip,deflate[\r][\n]"
01:28:06.763 [main] DEBUG org.apache.http.wire --  >> "[\r][\n]"
01:28:06.763 [main] DEBUG org.apache.http.headers -- >> PUT /api/auth/login HTTP/1.1
01:28:06.763 [main] DEBUG org.apache.http.headers -- >> Accept: */*
01:28:06.763 [main] DEBUG org.apache.http.headers -- >> Content-Type: application/json
01:28:06.763 [main] DEBUG org.apache.http.headers -- >> Content-Length: 56
01:28:06.763 [main] DEBUG org.apache.http.headers -- >> Host: altashop-api.fly.dev
01:28:06.763 [main] DEBUG org.apache.http.headers -- >> Connection: Keep-Alive
01:28:06.763 [main] DEBUG org.apache.http.headers -- >> User-Agent: Apache-HttpClient/4.5.13 (Java/17.0.8)
01:28:06.763 [main] DEBUG org.apache.http.headers -- >> Accept-Encoding: gzip,deflate
01:28:06.763 [main] DEBUG org.apache.http.wire --  >> "{"password":"Sezzle2021","email":"tasyafangg@gmail.com"}"
01:28:06.786 [main] DEBUG org.apache.http.wire --  << "HTTP/1.1 405 Method Not Allowed[\r][\n]"
01:28:06.786 [main] DEBUG org.apache.http.wire --  << "date: Thu, 02 Nov 2023 18:28:08 GMT[\r][\n]"
01:28:06.786 [main] DEBUG org.apache.http.wire --  << "content-encoding: gzip[\r][\n]"
01:28:06.786 [main] DEBUG org.apache.http.wire --  << "content-type: text/plain; charset=utf-8[\r][\n]"
01:28:06.786 [main] DEBUG org.apache.http.wire --  << "transfer-encoding: chunked[\r][\n]"
01:28:06.786 [main] DEBUG org.apache.http.wire --  << "server: Fly/7328d5b5 (2023-10-27)[\r][\n]"
01:28:06.787 [main] DEBUG org.apache.http.wire --  << "via: 1.1 fly.io[\r][\n]"
01:28:06.787 [main] DEBUG org.apache.http.wire --  << "fly-request-id: 01HE8MNV0NHFFG6BG9WCWAE5JJ-sin[\r][\n]"
01:28:06.787 [main] DEBUG org.apache.http.wire --  << "[\r][\n]"
01:28:06.787 [main] DEBUG org.apache.http.impl.conn.DefaultClientConnection -- Receiving response: HTTP/1.1 405 Method Not Allowed
01:28:06.787 [main] DEBUG org.apache.http.headers -- << HTTP/1.1 405 Method Not Allowed
01:28:06.787 [main] DEBUG org.apache.http.headers -- << date: Thu, 02 Nov 2023 18:28:08 GMT
01:28:06.787 [main] DEBUG org.apache.http.headers -- << content-encoding: gzip
01:28:06.787 [main] DEBUG org.apache.http.headers -- << content-type: text/plain; charset=utf-8
01:28:06.787 [main] DEBUG org.apache.http.headers -- << transfer-encoding: chunked
01:28:06.787 [main] DEBUG org.apache.http.headers -- << server: Fly/7328d5b5 (2023-10-27)
01:28:06.787 [main] DEBUG org.apache.http.headers -- << via: 1.1 fly.io
01:28:06.787 [main] DEBUG org.apache.http.headers -- << fly-request-id: 01HE8MNV0NHFFG6BG9WCWAE5JJ-sin
01:28:06.787 [main] DEBUG org.apache.http.impl.client.DefaultHttpClient -- Connection can be kept alive indefinitely
01:28:06.787 [main] DEBUG io.restassured.internal.RestAssuredHttpBuilder -- Parsing response as: text/plain; charset=utf-8
01:28:06.787 [main] DEBUG org.apache.http.wire --  << "27[\r][\n]"
01:28:06.787 [main] DEBUG org.apache.http.wire --  << "[0x1f][0x8b][0x8][0x0][0x0][0x0][0x0][0x0][0x4][0xff][0xcb]M-[0xc9][0xc8]OQ[0xc8][0xcb]/QH[0xcc][0xc9][0xc9]/OM[0xe1][0x2][0x0][0xe5]Yf[0xfa][0x13][0x0][0x0][0x0]"
01:28:06.787 [main] DEBUG org.apache.http.wire --  << "[\r][\n]"
01:28:06.787 [main] DEBUG org.apache.http.wire --  << "0[\r][\n]"
01:28:06.787 [main] DEBUG org.apache.http.wire --  << "[\r][\n]"
01:28:06.787 [main] DEBUG io.restassured.internal.RestAssuredHttpBuilder -- Parsed data to instance of: class org.apache.http.conn.EofSensorInputStream
01:28:06.789 [main] DEBUG org.apache.http.impl.conn.BasicClientConnectionManager -- Releasing connection org.apache.http.impl.conn.ManagedClientConnectionImpl@59043741
01:28:06.790 [main] DEBUG org.apache.http.impl.conn.BasicClientConnectionManager -- Connection can be kept alive indefinitely
01:28:06.790 [main] DEBUG net.thucydides.core.steps.StepInterceptor -- STEP DONE: I send request for login with invalid HTTP method
  &amp#27;[32mWhen &amp#27;[0m&amp#27;[32mI send request for login with invalid HTTP method&amp#27;[0m                    &amp#27;[90m# starter.stepdefinition.LoginSteps.postHTTPRequestForLoginWithInvalidHTTPMethod()&amp#27;[0m
01:28:06.795 [main] DEBUG net.thucydides.core.steps.StepInterceptor -- STARTING STEP: LoginSteps.receiveResponseCode405ForLoginWithInvalidHTTPMethod - I receive valid HTTP response 405 for login with invalid HTTP method
01:28:06.796 [main] DEBUG net.thucydides.core.steps.StepInterceptor -- STEP DONE: I receive valid HTTP response 405 for login with invalid HTTP method
  &amp#27;[32mThen &amp#27;[0m&amp#27;[32mI receive valid HTTP response 405 for login with invalid HTTP method&amp#27;[0m &amp#27;[90m# starter.stepdefinition.LoginSteps.receiveResponseCode405ForLoginWithInvalidHTTPMethod()&amp#27;[0m
01:28:06.797 [main] INFO  -- 
  _____   ___   ___   _____     ___     _     ___   ___   ___   ___  
 |_   _| | __| / __| |_   _|   | _ \   /_\   / __| / __| | __| |   \ 
   | |   | _|  \__ \   | |     |  _/  / _ \  \__ \ \__ \ | _|  | |) |
   |_|   |___| |___/   |_|     |_|   /_/ \_\ |___/ |___/ |___| |___/ 

TC21 - Login with invalid HTTP method
----------------------------------------------------------------------
]]></system-out>
  </testcase>
  <testcase name="TC56 - Add new orders" classname="[06_Automation] - Orders" time="0.167">
    <system-out><![CDATA[01:28:06.798 [main] INFO io.cucumber.core.plugin.SerenityReporter -- Running feature from file:///D:/TaksAlterra/MiniProject/MiniProject_API/src/test/resources/Orders.feature
01:28:06.798 [main] WARN io.cucumber.core.plugin.SerenityReporter -- Feature from file:///D:/TaksAlterra/MiniProject/MiniProject_API/src/test/resources/Orders.feature is not under the 'features' directory. Requirements report will not be correctly generated!
01:28:06.799 [main] DEBUG net.thucydides.core.steps.StepEventBus -- Test suite started for story net.thucydides.core.model.Story@d9dd1d4b
01:28:06.799 [main] INFO  -- Test Suite Started: [06_Automation] - Orders

Scenario: TC56 - Add new orders                               &amp#27;[90m# src/test/resources/Orders.feature:3&amp#27;[0m
01:28:06.804 [main] INFO io.cucumber.core.plugin.SerenityReporter -- Running feature from file:///D:/TaksAlterra/MiniProject/MiniProject_API/src/test/resources/Orders.feature
01:28:06.804 [main] WARN io.cucumber.core.plugin.SerenityReporter -- Feature from file:///D:/TaksAlterra/MiniProject/MiniProject_API/src/test/resources/Orders.feature is not under the 'features' directory. Requirements report will not be correctly generated!
01:28:06.806 [main] INFO  -- 
  _____   ___   ___   _____     ___   _____     _     ___   _____   ___   ___  
 |_   _| | __| / __| |_   _|   / __| |_   _|   /_\   | _ \ |_   _| | __| |   \ 
   | |   | _|  \__ \   | |     \__ \   | |    / _ \  |   /   | |   | _|  | |) |
   |_|   |___| |___/   |_|     |___/   |_|   /_/ \_\ |_|_\   |_|   |___| |___/ 

TC56 - Add new orders([06-automation]---orders;tc56---add-new-orders)
--------------------------------------------------------------------------------
01:28:06.829 [main] DEBUG net.thucydides.core.steps.StepInterceptor -- STARTING STEP: OrdersSteps.postAddNewOrdersEndpoints - I POST add new orders endpoints
01:28:06.829 [main] DEBUG net.thucydides.core.steps.StepInterceptor -- STEP DONE: I POST add new orders endpoints
  &amp#27;[32mGiven &amp#27;[0m&amp#27;[32mI POST add new orders endpoints&amp#27;[0m                       &amp#27;[90m# starter.stepdefinition.OrdersSteps.postAddNewOrdersEndpoints()&amp#27;[0m
01:28:06.832 [main] DEBUG net.thucydides.core.steps.StepInterceptor -- STARTING STEP: OrdersSteps.postHTTPRequestAddNewOrdersWithValidData - I POST HTTP request for add new orders with valid data
01:28:06.837 [main] DEBUG net.thucydides.core.steps.StepInterceptor -- STARTING STEP: Orders.postHTTPRequestAddNewOrdersWithValidData - I POST add new orders endpoints
01:28:06.837 [main] DEBUG net.thucydides.core.steps.StepInterceptor -- STEP DONE: I POST add new orders endpoints
01:28:06.856 [main] DEBUG org.apache.http.impl.conn.BasicClientConnectionManager -- Get connection for route {s}->https://altashop-api.fly.dev:443
01:28:06.856 [main] DEBUG org.apache.http.impl.conn.DefaultClientConnectionOperator -- Connecting to altashop-api.fly.dev:443
01:28:06.923 [main] DEBUG org.apache.http.client.protocol.RequestAddCookies -- CookieSpec selected: ignoreCookies
01:28:06.923 [main] DEBUG org.apache.http.client.protocol.RequestAuthCache -- Auth cache not set in the context
01:28:06.923 [main] DEBUG org.apache.http.client.protocol.RequestProxyAuthentication -- Proxy auth state: UNCHALLENGED
01:28:06.923 [main] DEBUG org.apache.http.impl.client.DefaultHttpClient -- Attempt 1 to execute request
01:28:06.923 [main] DEBUG org.apache.http.impl.conn.DefaultClientConnection -- Sending request: POST /api/orders HTTP/1.1
01:28:06.923 [main] DEBUG org.apache.http.wire --  >> "POST /api/orders HTTP/1.1[\r][\n]"
01:28:06.923 [main] DEBUG org.apache.http.wire --  >> "Authorization: Bearer eyJhbGciOiJIUzI1NiIsInR5cCI6IkpXVCJ9.eyJGdWxsbmFtZSI6IldpeWFuIEhlcnJhIEhlcnZpYW5hIiwiRW1haWwiOiJ3aXlhbjEyM0BnbWFpbC5jb20ifQ.Rsm7iH_obOaXakAORv2RniUWUxeZfBjkK8S8HtuLly8[\r][\n]"
01:28:06.923 [main] DEBUG org.apache.http.wire --  >> "Accept: */*[\r][\n]"
01:28:06.923 [main] DEBUG org.apache.http.wire --  >> "Content-Type: application/json[\r][\n]"
01:28:06.923 [main] DEBUG org.apache.http.wire --  >> "Content-Length: 53[\r][\n]"
01:28:06.924 [main] DEBUG org.apache.http.wire --  >> "Host: altashop-api.fly.dev[\r][\n]"
01:28:06.924 [main] DEBUG org.apache.http.wire --  >> "Connection: Keep-Alive[\r][\n]"
01:28:06.924 [main] DEBUG org.apache.http.wire --  >> "User-Agent: Apache-HttpClient/4.5.13 (Java/17.0.8)[\r][\n]"
01:28:06.924 [main] DEBUG org.apache.http.wire --  >> "Accept-Encoding: gzip,deflate[\r][\n]"
01:28:06.924 [main] DEBUG org.apache.http.wire --  >> "[\r][\n]"
01:28:06.924 [main] DEBUG org.apache.http.headers -- >> POST /api/orders HTTP/1.1
01:28:06.924 [main] DEBUG org.apache.http.headers -- >> Authorization: Bearer eyJhbGciOiJIUzI1NiIsInR5cCI6IkpXVCJ9.eyJGdWxsbmFtZSI6IldpeWFuIEhlcnJhIEhlcnZpYW5hIiwiRW1haWwiOiJ3aXlhbjEyM0BnbWFpbC5jb20ifQ.Rsm7iH_obOaXakAORv2RniUWUxeZfBjkK8S8HtuLly8
01:28:06.924 [main] DEBUG org.apache.http.headers -- >> Accept: */*
01:28:06.924 [main] DEBUG org.apache.http.headers -- >> Content-Type: application/json
01:28:06.924 [main] DEBUG org.apache.http.headers -- >> Content-Length: 53
01:28:06.924 [main] DEBUG org.apache.http.headers -- >> Host: altashop-api.fly.dev
01:28:06.924 [main] DEBUG org.apache.http.headers -- >> Connection: Keep-Alive
01:28:06.924 [main] DEBUG org.apache.http.headers -- >> User-Agent: Apache-HttpClient/4.5.13 (Java/17.0.8)
01:28:06.924 [main] DEBUG org.apache.http.headers -- >> Accept-Encoding: gzip,deflate
01:28:06.924 [main] DEBUG org.apache.http.wire --  >> "[{"order_items":[{"quantity":1,"product_id":12604}]}]"
01:28:06.954 [main] DEBUG org.apache.http.wire --  << "HTTP/1.1 200 OK[\r][\n]"
01:28:06.954 [main] DEBUG org.apache.http.wire --  << "content-type: application/json[\r][\n]"
01:28:06.954 [main] DEBUG org.apache.http.wire --  << "date: Thu, 02 Nov 2023 18:28:08 GMT[\r][\n]"
01:28:06.954 [main] DEBUG org.apache.http.wire --  << "content-encoding: gzip[\r][\n]"
01:28:06.954 [main] DEBUG org.apache.http.wire --  << "transfer-encoding: chunked[\r][\n]"
01:28:06.955 [main] DEBUG org.apache.http.wire --  << "server: Fly/7328d5b5 (2023-10-27)[\r][\n]"
01:28:06.955 [main] DEBUG org.apache.http.wire --  << "via: 1.1 fly.io[\r][\n]"
01:28:06.955 [main] DEBUG org.apache.http.wire --  << "fly-request-id: 01HE8MNV5Q7VVXBSET71HEXNVT-sin[\r][\n]"
01:28:06.955 [main] DEBUG org.apache.http.wire --  << "[\r][\n]"
01:28:06.955 [main] DEBUG org.apache.http.impl.conn.DefaultClientConnection -- Receiving response: HTTP/1.1 200 OK
01:28:06.955 [main] DEBUG org.apache.http.headers -- << HTTP/1.1 200 OK
01:28:06.955 [main] DEBUG org.apache.http.headers -- << content-type: application/json
01:28:06.955 [main] DEBUG org.apache.http.headers -- << date: Thu, 02 Nov 2023 18:28:08 GMT
01:28:06.955 [main] DEBUG org.apache.http.headers -- << content-encoding: gzip
01:28:06.955 [main] DEBUG org.apache.http.headers -- << transfer-encoding: chunked
01:28:06.955 [main] DEBUG org.apache.http.headers -- << server: Fly/7328d5b5 (2023-10-27)
01:28:06.955 [main] DEBUG org.apache.http.headers -- << via: 1.1 fly.io
01:28:06.955 [main] DEBUG org.apache.http.headers -- << fly-request-id: 01HE8MNV5Q7VVXBSET71HEXNVT-sin
01:28:06.955 [main] DEBUG org.apache.http.impl.client.DefaultHttpClient -- Connection can be kept alive indefinitely
01:28:06.956 [main] DEBUG io.restassured.internal.RestAssuredHttpBuilder -- Parsing response as: application/json
01:28:06.956 [main] DEBUG org.apache.http.wire --  << "9D[\r][\n]"
01:28:06.956 [main] DEBUG org.apache.http.wire --  << "[0x1f][0x8b][0x8][0x0][0x0][0x0][0x0][0x0][0x4][0xff][0xab]VJI,IT[0xb2][0x8a][0xae]V[0xf2]tQ[0xb2]2465[0xb7][0xd0]Q[\n]"
01:28:06.956 [main] DEBUG org.apache.http.wire --  << "-N-R[0xb2][0x82][0x8][0x19]Y[0x9a][0x1b][0x9b][0xeb]([0xb9][0x95][0xe6][0xe4][0xe4]%[0xe6][0xa6]*Y)[0x85]gV&[0xe6])x[0xa4][0x16][0x15]%[0x82][0xc8][0xb2][0xcc][0xc4][0xbc]D%[0x1d]%[0xd7][0xdc][0xc4][0xcc][0x1c]%+[0xa5]r[0x90][0xb4][0xa1][0x91][0xb1]C:H@/9?WIG) [0xb1][0xb8][0xb8]<[0xbf]([0x5]I^[0xa9]VG)[0xa0](?[0xa5]4[0xb9]D[0xc9]*[0xaf]4'GG)[0xb0]41[0xaf]$[0xb3][0xa4]R[0xc9][0xca][0xa0]6[0xb6][0x96][0xb][0x0][0x8d][0xe9][0xd8][0xb][0x9d][0x0][0x0][0x0]"
01:28:06.956 [main] DEBUG org.apache.http.wire --  << "[\r][\n]"
01:28:06.956 [main] DEBUG org.apache.http.wire --  << "0[\r][\n]"
01:28:06.956 [main] DEBUG org.apache.http.wire --  << "[\r][\n]"
01:28:06.956 [main] DEBUG io.restassured.internal.RestAssuredHttpBuilder -- Parsed data to instance of: class org.apache.http.conn.EofSensorInputStream
01:28:06.958 [main] DEBUG org.apache.http.impl.conn.BasicClientConnectionManager -- Releasing connection org.apache.http.impl.conn.ManagedClientConnectionImpl@2ce62e27
01:28:06.958 [main] DEBUG org.apache.http.impl.conn.BasicClientConnectionManager -- Connection can be kept alive indefinitely
01:28:06.958 [main] DEBUG net.thucydides.core.steps.StepInterceptor -- STEP DONE: I POST HTTP request for add new orders with valid data
  &amp#27;[32mWhen &amp#27;[0m&amp#27;[32mI POST HTTP request for add new orders with valid data&amp#27;[0m &amp#27;[90m# starter.stepdefinition.OrdersSteps.postHTTPRequestAddNewOrdersWithValidData()&amp#27;[0m
01:28:06.962 [main] DEBUG net.thucydides.core.steps.StepInterceptor -- STARTING STEP: OrdersSteps.receiveResponsceCode200ForAddNewOrders - I receive valid HTTP response 200 for add new orders
01:28:06.964 [main] DEBUG net.thucydides.core.steps.StepInterceptor -- STEP DONE: I receive valid HTTP response 200 for add new orders
  &amp#27;[32mThen &amp#27;[0m&amp#27;[32mI receive valid HTTP response 200 for add new orders&amp#27;[0m   &amp#27;[90m# starter.stepdefinition.OrdersSteps.receiveResponsceCode200ForAddNewOrders()&amp#27;[0m
01:28:06.966 [main] INFO  -- 
  _____   ___   ___   _____     ___     _     ___   ___   ___   ___  
 |_   _| | __| / __| |_   _|   | _ \   /_\   / __| / __| | __| |   \ 
   | |   | _|  \__ \   | |     |  _/  / _ \  \__ \ \__ \ | _|  | |) |
   |_|   |___| |___/   |_|     |_|   /_/ \_\ |___/ |___/ |___| |___/ 

TC56 - Add new orders
----------------------------------------------------------------------
]]></system-out>
  </testcase>
  <testcase name="TC57 - Add new orders without set the token" classname="[06_Automation] - Orders" time="0.117">
    <system-out><![CDATA[
Scenario: TC57 - Add new orders without set the token                             &amp#27;[90m# src/test/resources/Orders.feature:8&amp#27;[0m
01:28:06.972 [main] INFO io.cucumber.core.plugin.SerenityReporter -- Running feature from file:///D:/TaksAlterra/MiniProject/MiniProject_API/src/test/resources/Orders.feature
01:28:06.973 [main] WARN io.cucumber.core.plugin.SerenityReporter -- Feature from file:///D:/TaksAlterra/MiniProject/MiniProject_API/src/test/resources/Orders.feature is not under the 'features' directory. Requirements report will not be correctly generated!
01:28:06.974 [main] INFO  -- 
  _____   ___   ___   _____     ___   _____     _     ___   _____   ___   ___  
 |_   _| | __| / __| |_   _|   / __| |_   _|   /_\   | _ \ |_   _| | __| |   \ 
   | |   | _|  \__ \   | |     \__ \   | |    / _ \  |   /   | |   | _|  | |) |
   |_|   |___| |___/   |_|     |___/   |_|   /_/ \_\ |_|_\   |_|   |___| |___/ 

TC57 - Add new orders without set the token([06-automation]---orders;tc57---add-new-orders-without-set-the-token)
--------------------------------------------------------------------------------
01:28:06.980 [main] DEBUG net.thucydides.core.steps.StepInterceptor -- STARTING STEP: OrdersSteps.postAddNewOrdersEndpoints2 - I POST add new orders endpoints 2
01:28:06.980 [main] DEBUG net.thucydides.core.steps.StepInterceptor -- STEP DONE: I POST add new orders endpoints 2
  &amp#27;[32mGiven &amp#27;[0m&amp#27;[32mI POST add new orders endpoints 2&amp#27;[0m                                         &amp#27;[90m# starter.stepdefinition.OrdersSteps.postAddNewOrdersEndpoints2()&amp#27;[0m
01:28:06.982 [main] DEBUG net.thucydides.core.steps.StepInterceptor -- STARTING STEP: OrdersSteps.postHTTPRequestForAddNewOrdersWithoutSetTheToken - I POST HTTP request for add new orders without set the token
01:28:06.984 [main] DEBUG net.thucydides.core.steps.StepInterceptor -- STARTING STEP: Orders.postHTTPRequestForAddNewOrdersWithoutSetTheToken - I POST add new orders endpoints 2
01:28:06.984 [main] DEBUG net.thucydides.core.steps.StepInterceptor -- STEP DONE: I POST add new orders endpoints 2
01:28:06.992 [main] DEBUG org.apache.http.impl.conn.BasicClientConnectionManager -- Get connection for route {s}->https://altashop-api.fly.dev:443
01:28:06.992 [main] DEBUG org.apache.http.impl.conn.DefaultClientConnectionOperator -- Connecting to altashop-api.fly.dev:443
01:28:07.042 [main] DEBUG org.apache.http.client.protocol.RequestAddCookies -- CookieSpec selected: ignoreCookies
01:28:07.042 [main] DEBUG org.apache.http.client.protocol.RequestAuthCache -- Auth cache not set in the context
01:28:07.042 [main] DEBUG org.apache.http.client.protocol.RequestTargetAuthentication -- Target auth state: UNCHALLENGED
01:28:07.042 [main] DEBUG org.apache.http.client.protocol.RequestProxyAuthentication -- Proxy auth state: UNCHALLENGED
01:28:07.042 [main] DEBUG org.apache.http.impl.client.DefaultHttpClient -- Attempt 1 to execute request
01:28:07.042 [main] DEBUG org.apache.http.impl.conn.DefaultClientConnection -- Sending request: POST /api/orders HTTP/1.1
01:28:07.042 [main] DEBUG org.apache.http.wire --  >> "POST /api/orders HTTP/1.1[\r][\n]"
01:28:07.042 [main] DEBUG org.apache.http.wire --  >> "Accept: */*[\r][\n]"
01:28:07.042 [main] DEBUG org.apache.http.wire --  >> "Content-Type: application/json[\r][\n]"
01:28:07.042 [main] DEBUG org.apache.http.wire --  >> "Content-Length: 53[\r][\n]"
01:28:07.042 [main] DEBUG org.apache.http.wire --  >> "Host: altashop-api.fly.dev[\r][\n]"
01:28:07.042 [main] DEBUG org.apache.http.wire --  >> "Connection: Keep-Alive[\r][\n]"
01:28:07.042 [main] DEBUG org.apache.http.wire --  >> "User-Agent: Apache-HttpClient/4.5.13 (Java/17.0.8)[\r][\n]"
01:28:07.042 [main] DEBUG org.apache.http.wire --  >> "Accept-Encoding: gzip,deflate[\r][\n]"
01:28:07.042 [main] DEBUG org.apache.http.wire --  >> "[\r][\n]"
01:28:07.042 [main] DEBUG org.apache.http.headers -- >> POST /api/orders HTTP/1.1
01:28:07.042 [main] DEBUG org.apache.http.headers -- >> Accept: */*
01:28:07.042 [main] DEBUG org.apache.http.headers -- >> Content-Type: application/json
01:28:07.042 [main] DEBUG org.apache.http.headers -- >> Content-Length: 53
01:28:07.042 [main] DEBUG org.apache.http.headers -- >> Host: altashop-api.fly.dev
01:28:07.042 [main] DEBUG org.apache.http.headers -- >> Connection: Keep-Alive
01:28:07.042 [main] DEBUG org.apache.http.headers -- >> User-Agent: Apache-HttpClient/4.5.13 (Java/17.0.8)
01:28:07.042 [main] DEBUG org.apache.http.headers -- >> Accept-Encoding: gzip,deflate
01:28:07.042 [main] DEBUG org.apache.http.wire --  >> "[{"order_items":[{"quantity":1,"product_id":11649}]}]"
01:28:07.067 [main] DEBUG org.apache.http.wire --  << "HTTP/1.1 401 Unauthorized[\r][\n]"
01:28:07.067 [main] DEBUG org.apache.http.wire --  << "content-type: application/json[\r][\n]"
01:28:07.067 [main] DEBUG org.apache.http.wire --  << "date: Thu, 02 Nov 2023 18:28:08 GMT[\r][\n]"
01:28:07.067 [main] DEBUG org.apache.http.wire --  << "content-encoding: gzip[\r][\n]"
01:28:07.067 [main] DEBUG org.apache.http.wire --  << "transfer-encoding: chunked[\r][\n]"
01:28:07.067 [main] DEBUG org.apache.http.wire --  << "server: Fly/7328d5b5 (2023-10-27)[\r][\n]"
01:28:07.067 [main] DEBUG org.apache.http.wire --  << "via: 1.1 fly.io[\r][\n]"
01:28:07.067 [main] DEBUG org.apache.http.wire --  << "fly-request-id: 01HE8MNV9D0W3SHBXXKMZM5EKM-sin[\r][\n]"
01:28:07.067 [main] DEBUG org.apache.http.wire --  << "[\r][\n]"
01:28:07.067 [main] DEBUG org.apache.http.impl.conn.DefaultClientConnection -- Receiving response: HTTP/1.1 401 Unauthorized
01:28:07.067 [main] DEBUG org.apache.http.headers -- << HTTP/1.1 401 Unauthorized
01:28:07.067 [main] DEBUG org.apache.http.headers -- << content-type: application/json
01:28:07.067 [main] DEBUG org.apache.http.headers -- << date: Thu, 02 Nov 2023 18:28:08 GMT
01:28:07.067 [main] DEBUG org.apache.http.headers -- << content-encoding: gzip
01:28:07.067 [main] DEBUG org.apache.http.headers -- << transfer-encoding: chunked
01:28:07.067 [main] DEBUG org.apache.http.headers -- << server: Fly/7328d5b5 (2023-10-27)
01:28:07.067 [main] DEBUG org.apache.http.headers -- << via: 1.1 fly.io
01:28:07.067 [main] DEBUG org.apache.http.headers -- << fly-request-id: 01HE8MNV9D0W3SHBXXKMZM5EKM-sin
01:28:07.067 [main] DEBUG org.apache.http.impl.client.DefaultHttpClient -- Connection can be kept alive indefinitely
01:28:07.067 [main] DEBUG org.apache.http.impl.client.DefaultHttpClient -- Authentication required
01:28:07.067 [main] DEBUG org.apache.http.impl.client.DefaultHttpClient -- altashop-api.fly.dev:443 requested authentication
01:28:07.067 [main] DEBUG org.apache.http.impl.client.DefaultHttpClient -- Response contains no authentication challenges
01:28:07.067 [main] DEBUG io.restassured.internal.RestAssuredHttpBuilder -- Parsing response as: application/json
01:28:07.067 [main] DEBUG org.apache.http.wire --  << "2D[\r][\n]"
01:28:07.067 [main] DEBUG org.apache.http.wire --  << "[0x1f][0x8b][0x8][0x0][0x0][0x0][0x0][0x0][0x4][0xff][0xab]VJ-*[0xca]/R[0xb2]R*[0xcd]K,-[0xc9][0xc8]/[0xca][0xac]JMQ[0xaa][0xe5][0x2][0x0]@[0x17]da[0x19][0x0][0x0][0x0]"
01:28:07.067 [main] DEBUG org.apache.http.wire --  << "[\r][\n]"
01:28:07.067 [main] DEBUG org.apache.http.wire --  << "0[\r][\n]"
01:28:07.067 [main] DEBUG org.apache.http.wire --  << "[\r][\n]"
01:28:07.067 [main] DEBUG io.restassured.internal.RestAssuredHttpBuilder -- Parsed data to instance of: class org.apache.http.conn.EofSensorInputStream
01:28:07.069 [main] DEBUG org.apache.http.impl.conn.BasicClientConnectionManager -- Releasing connection org.apache.http.impl.conn.ManagedClientConnectionImpl@5e976553
01:28:07.069 [main] DEBUG org.apache.http.impl.conn.BasicClientConnectionManager -- Connection can be kept alive indefinitely
01:28:07.070 [main] DEBUG net.thucydides.core.steps.StepInterceptor -- STEP DONE: I POST HTTP request for add new orders without set the token
  &amp#27;[32mWhen &amp#27;[0m&amp#27;[32mI POST HTTP request for add new orders without set the token&amp#27;[0m               &amp#27;[90m# starter.stepdefinition.OrdersSteps.postHTTPRequestForAddNewOrdersWithoutSetTheToken()&amp#27;[0m
01:28:07.076 [main] DEBUG net.thucydides.core.steps.StepInterceptor -- STARTING STEP: OrdersSteps.receiveResponseCode401ForAddNewOrdersWithoutSetTheToken - I receive valid HTTP response 401 for add new orders without set the token
01:28:07.078 [main] DEBUG net.thucydides.core.steps.StepInterceptor -- STEP DONE: I receive valid HTTP response 401 for add new orders without set the token
  &amp#27;[32mThen &amp#27;[0m&amp#27;[32mI receive valid HTTP response 401 for add new orders without set the token&amp#27;[0m &amp#27;[90m# starter.stepdefinition.OrdersSteps.receiveResponseCode401ForAddNewOrdersWithoutSetTheToken()&amp#27;[0m
01:28:07.083 [main] INFO  -- 
  _____   ___   ___   _____     ___     _     ___   ___   ___   ___  
 |_   _| | __| / __| |_   _|   | _ \   /_\   / __| / __| | __| |   \ 
   | |   | _|  \__ \   | |     |  _/  / _ \  \__ \ \__ \ | _|  | |) |
   |_|   |___| |___/   |_|     |_|   /_/ \_\ |___/ |___/ |___| |___/ 

TC57 - Add new orders without set the token
----------------------------------------------------------------------
]]></system-out>
  </testcase>
  <testcase name="TC60 - Get all orders" classname="[06_Automation] - Orders" time="0.131">
    <system-out><![CDATA[
Scenario: TC60 - Get all orders                                   &amp#27;[90m# src/test/resources/Orders.feature:23&amp#27;[0m
01:28:07.093 [main] INFO io.cucumber.core.plugin.SerenityReporter -- Running feature from file:///D:/TaksAlterra/MiniProject/MiniProject_API/src/test/resources/Orders.feature
01:28:07.093 [main] WARN io.cucumber.core.plugin.SerenityReporter -- Feature from file:///D:/TaksAlterra/MiniProject/MiniProject_API/src/test/resources/Orders.feature is not under the 'features' directory. Requirements report will not be correctly generated!
01:28:07.095 [main] INFO  -- 
  _____   ___   ___   _____     ___   _____     _     ___   _____   ___   ___  
 |_   _| | __| / __| |_   _|   / __| |_   _|   /_\   | _ \ |_   _| | __| |   \ 
   | |   | _|  \__ \   | |     \__ \   | |    / _ \  |   /   | |   | _|  | |) |
   |_|   |___| |___/   |_|     |___/   |_|   /_/ \_\ |_|_\   |_|   |___| |___/ 

TC60 - Get all orders([06-automation]---orders;tc60---get-all-orders)
--------------------------------------------------------------------------------
01:28:07.103 [main] DEBUG net.thucydides.core.steps.StepInterceptor -- STARTING STEP: OrdersSteps.getAllOrdersEndpoints - I GET all orders endpoints
01:28:07.103 [main] DEBUG net.thucydides.core.steps.StepInterceptor -- STEP DONE: I GET all orders endpoints
  &amp#27;[32mGiven &amp#27;[0m&amp#27;[32mI GET all orders endpoints&amp#27;[0m                                &amp#27;[90m# starter.stepdefinition.OrdersSteps.getAllOrdersEndpoints()&amp#27;[0m
01:28:07.104 [main] DEBUG net.thucydides.core.steps.StepInterceptor -- STARTING STEP: OrdersSteps.getHTTPRequestAllOrders - I GET HTTP request with valid endpoints for get all orders
01:28:07.105 [main] DEBUG net.thucydides.core.steps.StepInterceptor -- STARTING STEP: Orders.getHTTPRequestAllOrders - I GET all orders endpoints
01:28:07.106 [main] DEBUG net.thucydides.core.steps.StepInterceptor -- STEP DONE: I GET all orders endpoints
01:28:07.111 [main] DEBUG org.apache.http.impl.conn.BasicClientConnectionManager -- Get connection for route {s}->https://altashop-api.fly.dev:443
01:28:07.112 [main] DEBUG org.apache.http.impl.conn.DefaultClientConnectionOperator -- Connecting to altashop-api.fly.dev:443
01:28:07.163 [main] DEBUG org.apache.http.client.protocol.RequestAddCookies -- CookieSpec selected: ignoreCookies
01:28:07.163 [main] DEBUG org.apache.http.client.protocol.RequestAuthCache -- Auth cache not set in the context
01:28:07.163 [main] DEBUG org.apache.http.client.protocol.RequestProxyAuthentication -- Proxy auth state: UNCHALLENGED
01:28:07.163 [main] DEBUG org.apache.http.impl.client.DefaultHttpClient -- Attempt 1 to execute request
01:28:07.163 [main] DEBUG org.apache.http.impl.conn.DefaultClientConnection -- Sending request: GET /api/orders HTTP/1.1
01:28:07.163 [main] DEBUG org.apache.http.wire --  >> "GET /api/orders HTTP/1.1[\r][\n]"
01:28:07.163 [main] DEBUG org.apache.http.wire --  >> "Authorization: Bearer eyJhbGciOiJIUzI1NiIsInR5cCI6IkpXVCJ9.eyJGdWxsbmFtZSI6IldpeWFuIEhlcnJhIEhlcnZpYW5hIiwiRW1haWwiOiJ3aXlhbjEyM0BnbWFpbC5jb20ifQ.Rsm7iH_obOaXakAORv2RniUWUxeZfBjkK8S8HtuLly8[\r][\n]"
01:28:07.163 [main] DEBUG org.apache.http.wire --  >> "Accept: */*[\r][\n]"
01:28:07.163 [main] DEBUG org.apache.http.wire --  >> "Host: altashop-api.fly.dev[\r][\n]"
01:28:07.163 [main] DEBUG org.apache.http.wire --  >> "Connection: Keep-Alive[\r][\n]"
01:28:07.163 [main] DEBUG org.apache.http.wire --  >> "User-Agent: Apache-HttpClient/4.5.13 (Java/17.0.8)[\r][\n]"
01:28:07.163 [main] DEBUG org.apache.http.wire --  >> "Accept-Encoding: gzip,deflate[\r][\n]"
01:28:07.163 [main] DEBUG org.apache.http.wire --  >> "[\r][\n]"
01:28:07.163 [main] DEBUG org.apache.http.headers -- >> GET /api/orders HTTP/1.1
01:28:07.163 [main] DEBUG org.apache.http.headers -- >> Authorization: Bearer eyJhbGciOiJIUzI1NiIsInR5cCI6IkpXVCJ9.eyJGdWxsbmFtZSI6IldpeWFuIEhlcnJhIEhlcnZpYW5hIiwiRW1haWwiOiJ3aXlhbjEyM0BnbWFpbC5jb20ifQ.Rsm7iH_obOaXakAORv2RniUWUxeZfBjkK8S8HtuLly8
01:28:07.163 [main] DEBUG org.apache.http.headers -- >> Accept: */*
01:28:07.163 [main] DEBUG org.apache.http.headers -- >> Host: altashop-api.fly.dev
01:28:07.163 [main] DEBUG org.apache.http.headers -- >> Connection: Keep-Alive
01:28:07.163 [main] DEBUG org.apache.http.headers -- >> User-Agent: Apache-HttpClient/4.5.13 (Java/17.0.8)
01:28:07.163 [main] DEBUG org.apache.http.headers -- >> Accept-Encoding: gzip,deflate
01:28:07.208 [main] DEBUG org.apache.http.wire --  << "HTTP/1.1 200 OK[\r][\n]"
01:28:07.208 [main] DEBUG org.apache.http.wire --  << "content-type: application/json[\r][\n]"
01:28:07.208 [main] DEBUG org.apache.http.wire --  << "date: Thu, 02 Nov 2023 18:28:08 GMT[\r][\n]"
01:28:07.208 [main] DEBUG org.apache.http.wire --  << "content-encoding: gzip[\r][\n]"
01:28:07.208 [main] DEBUG org.apache.http.wire --  << "transfer-encoding: chunked[\r][\n]"
01:28:07.208 [main] DEBUG org.apache.http.wire --  << "server: Fly/7328d5b5 (2023-10-27)[\r][\n]"
01:28:07.208 [main] DEBUG org.apache.http.wire --  << "via: 1.1 fly.io[\r][\n]"
01:28:07.208 [main] DEBUG org.apache.http.wire --  << "fly-request-id: 01HE8MNVD6J644KKGCZCJD0YDK-sin[\r][\n]"
01:28:07.208 [main] DEBUG org.apache.http.wire --  << "[\r][\n]"
01:28:07.208 [main] DEBUG org.apache.http.impl.conn.DefaultClientConnection -- Receiving response: HTTP/1.1 200 OK
01:28:07.208 [main] DEBUG org.apache.http.headers -- << HTTP/1.1 200 OK
01:28:07.208 [main] DEBUG org.apache.http.headers -- << content-type: application/json
01:28:07.208 [main] DEBUG org.apache.http.headers -- << date: Thu, 02 Nov 2023 18:28:08 GMT
01:28:07.208 [main] DEBUG org.apache.http.headers -- << content-encoding: gzip
01:28:07.208 [main] DEBUG org.apache.http.headers -- << transfer-encoding: chunked
01:28:07.208 [main] DEBUG org.apache.http.headers -- << server: Fly/7328d5b5 (2023-10-27)
01:28:07.208 [main] DEBUG org.apache.http.headers -- << via: 1.1 fly.io
01:28:07.208 [main] DEBUG org.apache.http.headers -- << fly-request-id: 01HE8MNVD6J644KKGCZCJD0YDK-sin
01:28:07.208 [main] DEBUG org.apache.http.impl.client.DefaultHttpClient -- Connection can be kept alive indefinitely
01:28:07.208 [main] DEBUG io.restassured.internal.RestAssuredHttpBuilder -- Parsing response as: application/json
01:28:07.208 [main] DEBUG org.apache.http.wire --  << "20[\r][\n]"
01:28:07.208 [main] DEBUG org.apache.http.wire --  << "[0x1f][0x8b][0x8][0x0][0x0][0x0][0x0][0x0][0x4][0xff][0xab]VJI,IT[0xb2][0x8a][0x8e][0xad][0xe5][0x2][0x0][0xaa][0xe3][0xeb][0xc5][0xc][0x0][0x0][0x0]"
01:28:07.208 [main] DEBUG org.apache.http.wire --  << "[\r][\n]"
01:28:07.208 [main] DEBUG org.apache.http.wire --  << "0[\r][\n]"
01:28:07.208 [main] DEBUG org.apache.http.wire --  << "[\r][\n]"
01:28:07.208 [main] DEBUG io.restassured.internal.RestAssuredHttpBuilder -- Parsed data to instance of: class org.apache.http.conn.EofSensorInputStream
01:28:07.209 [main] DEBUG org.apache.http.impl.conn.BasicClientConnectionManager -- Releasing connection org.apache.http.impl.conn.ManagedClientConnectionImpl@74bcf1ab
01:28:07.209 [main] DEBUG org.apache.http.impl.conn.BasicClientConnectionManager -- Connection can be kept alive indefinitely
01:28:07.210 [main] DEBUG net.thucydides.core.steps.StepInterceptor -- STEP DONE: I GET HTTP request with valid endpoints for get all orders
  &amp#27;[32mWhen &amp#27;[0m&amp#27;[32mI GET HTTP request with valid endpoints for get all orders&amp#27;[0m &amp#27;[90m# starter.stepdefinition.OrdersSteps.getHTTPRequestAllOrders()&amp#27;[0m
01:28:07.212 [main] DEBUG net.thucydides.core.steps.StepInterceptor -- STARTING STEP: OrdersSteps.receiveResponseCode200GetAllOrders - I receive valid HTTP response 200 for get all orders
01:28:07.214 [main] DEBUG net.thucydides.core.steps.StepInterceptor -- STEP DONE: I receive valid HTTP response 200 for get all orders
  &amp#27;[32mThen &amp#27;[0m&amp#27;[32mI receive valid HTTP response 200 for get all orders&amp#27;[0m       &amp#27;[90m# starter.stepdefinition.OrdersSteps.receiveResponseCode200GetAllOrders()&amp#27;[0m
01:28:07.215 [main] INFO  -- 
  _____   ___   ___   _____     ___     _     ___   ___   ___   ___  
 |_   _| | __| / __| |_   _|   | _ \   /_\   / __| / __| | __| |   \ 
   | |   | _|  \__ \   | |     |  _/  / _ \  \__ \ \__ \ | _|  | |) |
   |_|   |___| |___/   |_|     |_|   /_/ \_\ |___/ |___/ |___| |___/ 

TC60 - Get all orders
----------------------------------------------------------------------
]]></system-out>
  </testcase>
  <testcase name="TC61 - Get all orders without token" classname="[06_Automation] - Orders" time="0.113">
    <system-out><![CDATA[
Scenario: TC61 - Get all orders without token                             &amp#27;[90m# src/test/resources/Orders.feature:28&amp#27;[0m
01:28:07.219 [main] INFO io.cucumber.core.plugin.SerenityReporter -- Running feature from file:///D:/TaksAlterra/MiniProject/MiniProject_API/src/test/resources/Orders.feature
01:28:07.219 [main] WARN io.cucumber.core.plugin.SerenityReporter -- Feature from file:///D:/TaksAlterra/MiniProject/MiniProject_API/src/test/resources/Orders.feature is not under the 'features' directory. Requirements report will not be correctly generated!
01:28:07.221 [main] INFO  -- 
  _____   ___   ___   _____     ___   _____     _     ___   _____   ___   ___  
 |_   _| | __| / __| |_   _|   / __| |_   _|   /_\   | _ \ |_   _| | __| |   \ 
   | |   | _|  \__ \   | |     \__ \   | |    / _ \  |   /   | |   | _|  | |) |
   |_|   |___| |___/   |_|     |___/   |_|   /_/ \_\ |_|_\   |_|   |___| |___/ 

TC61 - Get all orders without token([06-automation]---orders;tc61---get-all-orders-without-token)
--------------------------------------------------------------------------------
01:28:07.225 [main] DEBUG net.thucydides.core.steps.StepInterceptor -- STARTING STEP: OrdersSteps.getAllProductsEndpoints2 - I GET all orders endpoints 2
01:28:07.225 [main] DEBUG net.thucydides.core.steps.StepInterceptor -- STEP DONE: I GET all orders endpoints 2
  &amp#27;[32mGiven &amp#27;[0m&amp#27;[32mI GET all orders endpoints 2&amp#27;[0m                                      &amp#27;[90m# starter.stepdefinition.OrdersSteps.getAllProductsEndpoints2()&amp#27;[0m
01:28:07.227 [main] DEBUG net.thucydides.core.steps.StepInterceptor -- STARTING STEP: OrdersSteps.getHTTPRequestForGetAllOrdersWithoutToken - I GET HTTP request for get all orders without token
01:28:07.228 [main] DEBUG net.thucydides.core.steps.StepInterceptor -- STARTING STEP: Orders.getHTTPRequestForGetAllOrdersWithoutToken - I GET all orders endpoints 2
01:28:07.228 [main] DEBUG net.thucydides.core.steps.StepInterceptor -- STEP DONE: I GET all orders endpoints 2
01:28:07.235 [main] DEBUG org.apache.http.impl.conn.BasicClientConnectionManager -- Get connection for route {s}->https://altashop-api.fly.dev:443
01:28:07.235 [main] DEBUG org.apache.http.impl.conn.DefaultClientConnectionOperator -- Connecting to altashop-api.fly.dev:443
01:28:07.293 [main] DEBUG org.apache.http.client.protocol.RequestAddCookies -- CookieSpec selected: ignoreCookies
01:28:07.293 [main] DEBUG org.apache.http.client.protocol.RequestAuthCache -- Auth cache not set in the context
01:28:07.293 [main] DEBUG org.apache.http.client.protocol.RequestTargetAuthentication -- Target auth state: UNCHALLENGED
01:28:07.293 [main] DEBUG org.apache.http.client.protocol.RequestProxyAuthentication -- Proxy auth state: UNCHALLENGED
01:28:07.293 [main] DEBUG org.apache.http.impl.client.DefaultHttpClient -- Attempt 1 to execute request
01:28:07.293 [main] DEBUG org.apache.http.impl.conn.DefaultClientConnection -- Sending request: GET /api/orders HTTP/1.1
01:28:07.293 [main] DEBUG org.apache.http.wire --  >> "GET /api/orders HTTP/1.1[\r][\n]"
01:28:07.293 [main] DEBUG org.apache.http.wire --  >> "Accept: */*[\r][\n]"
01:28:07.293 [main] DEBUG org.apache.http.wire --  >> "Host: altashop-api.fly.dev[\r][\n]"
01:28:07.294 [main] DEBUG org.apache.http.wire --  >> "Connection: Keep-Alive[\r][\n]"
01:28:07.294 [main] DEBUG org.apache.http.wire --  >> "User-Agent: Apache-HttpClient/4.5.13 (Java/17.0.8)[\r][\n]"
01:28:07.294 [main] DEBUG org.apache.http.wire --  >> "Accept-Encoding: gzip,deflate[\r][\n]"
01:28:07.294 [main] DEBUG org.apache.http.wire --  >> "[\r][\n]"
01:28:07.294 [main] DEBUG org.apache.http.headers -- >> GET /api/orders HTTP/1.1
01:28:07.294 [main] DEBUG org.apache.http.headers -- >> Accept: */*
01:28:07.294 [main] DEBUG org.apache.http.headers -- >> Host: altashop-api.fly.dev
01:28:07.294 [main] DEBUG org.apache.http.headers -- >> Connection: Keep-Alive
01:28:07.294 [main] DEBUG org.apache.http.headers -- >> User-Agent: Apache-HttpClient/4.5.13 (Java/17.0.8)
01:28:07.294 [main] DEBUG org.apache.http.headers -- >> Accept-Encoding: gzip,deflate
01:28:07.317 [main] DEBUG org.apache.http.wire --  << "HTTP/1.1 401 Unauthorized[\r][\n]"
01:28:07.317 [main] DEBUG org.apache.http.wire --  << "content-type: application/json[\r][\n]"
01:28:07.317 [main] DEBUG org.apache.http.wire --  << "date: Thu, 02 Nov 2023 18:28:08 GMT[\r][\n]"
01:28:07.317 [main] DEBUG org.apache.http.wire --  << "content-encoding: gzip[\r][\n]"
01:28:07.317 [main] DEBUG org.apache.http.wire --  << "transfer-encoding: chunked[\r][\n]"
01:28:07.317 [main] DEBUG org.apache.http.wire --  << "server: Fly/7328d5b5 (2023-10-27)[\r][\n]"
01:28:07.317 [main] DEBUG org.apache.http.wire --  << "via: 1.1 fly.io[\r][\n]"
01:28:07.317 [main] DEBUG org.apache.http.wire --  << "fly-request-id: 01HE8MNVH79MEK9DWNACTQ5RTK-sin[\r][\n]"
01:28:07.317 [main] DEBUG org.apache.http.wire --  << "[\r][\n]"
01:28:07.317 [main] DEBUG org.apache.http.impl.conn.DefaultClientConnection -- Receiving response: HTTP/1.1 401 Unauthorized
01:28:07.317 [main] DEBUG org.apache.http.headers -- << HTTP/1.1 401 Unauthorized
01:28:07.317 [main] DEBUG org.apache.http.headers -- << content-type: application/json
01:28:07.317 [main] DEBUG org.apache.http.headers -- << date: Thu, 02 Nov 2023 18:28:08 GMT
01:28:07.317 [main] DEBUG org.apache.http.headers -- << content-encoding: gzip
01:28:07.317 [main] DEBUG org.apache.http.headers -- << transfer-encoding: chunked
01:28:07.317 [main] DEBUG org.apache.http.headers -- << server: Fly/7328d5b5 (2023-10-27)
01:28:07.317 [main] DEBUG org.apache.http.headers -- << via: 1.1 fly.io
01:28:07.317 [main] DEBUG org.apache.http.headers -- << fly-request-id: 01HE8MNVH79MEK9DWNACTQ5RTK-sin
01:28:07.317 [main] DEBUG org.apache.http.impl.client.DefaultHttpClient -- Connection can be kept alive indefinitely
01:28:07.317 [main] DEBUG org.apache.http.impl.client.DefaultHttpClient -- Authentication required
01:28:07.317 [main] DEBUG org.apache.http.impl.client.DefaultHttpClient -- altashop-api.fly.dev:443 requested authentication
01:28:07.317 [main] DEBUG org.apache.http.impl.client.DefaultHttpClient -- Response contains no authentication challenges
01:28:07.317 [main] DEBUG io.restassured.internal.RestAssuredHttpBuilder -- Parsing response as: application/json
01:28:07.317 [main] DEBUG org.apache.http.wire --  << "2D[\r][\n]"
01:28:07.317 [main] DEBUG org.apache.http.wire --  << "[0x1f][0x8b][0x8][0x0][0x0][0x0][0x0][0x0][0x4][0xff][0xab]VJ-*[0xca]/R[0xb2]R*[0xcd]K,-[0xc9][0xc8]/[0xca][0xac]JMQ[0xaa][0xe5][0x2][0x0]@[0x17]da[0x19][0x0][0x0][0x0]"
01:28:07.317 [main] DEBUG org.apache.http.wire --  << "[\r][\n]"
01:28:07.317 [main] DEBUG org.apache.http.wire --  << "0[\r][\n]"
01:28:07.317 [main] DEBUG org.apache.http.wire --  << "[\r][\n]"
01:28:07.317 [main] DEBUG io.restassured.internal.RestAssuredHttpBuilder -- Parsed data to instance of: class org.apache.http.conn.EofSensorInputStream
01:28:07.320 [main] DEBUG org.apache.http.impl.conn.BasicClientConnectionManager -- Releasing connection org.apache.http.impl.conn.ManagedClientConnectionImpl@7c680fe1
01:28:07.320 [main] DEBUG org.apache.http.impl.conn.BasicClientConnectionManager -- Connection can be kept alive indefinitely
01:28:07.320 [main] DEBUG net.thucydides.core.steps.StepInterceptor -- STEP DONE: I GET HTTP request for get all orders without token
  &amp#27;[32mWhen &amp#27;[0m&amp#27;[32mI GET HTTP request for get all orders without token&amp#27;[0m                &amp#27;[90m# starter.stepdefinition.OrdersSteps.getHTTPRequestForGetAllOrdersWithoutToken()&amp#27;[0m
01:28:07.324 [main] DEBUG net.thucydides.core.steps.StepInterceptor -- STARTING STEP: OrdersSteps.receiveResponseCode401ForGetAllOrdersWithoutToken - I receive valid HTTP response 401 for get all orders without token
01:28:07.326 [main] DEBUG net.thucydides.core.steps.StepInterceptor -- STEP DONE: I receive valid HTTP response 401 for get all orders without token
  &amp#27;[32mThen &amp#27;[0m&amp#27;[32mI receive valid HTTP response 401 for get all orders without token&amp#27;[0m &amp#27;[90m# starter.stepdefinition.OrdersSteps.receiveResponseCode401ForGetAllOrdersWithoutToken()&amp#27;[0m
01:28:07.327 [main] INFO  -- 
  _____   ___   ___   _____     ___     _     ___   ___   ___   ___  
 |_   _| | __| / __| |_   _|   | _ \   /_\   / __| / __| | __| |   \ 
   | |   | _|  \__ \   | |     |  _/  / _ \  \__ \ \__ \ | _|  | |) |
   |_|   |___| |___/   |_|     |_|   /_/ \_\ |___/ |___/ |___| |___/ 

TC61 - Get all orders without token
----------------------------------------------------------------------
]]></system-out>
  </testcase>
  <testcase name="TC62 - Get order by ID" classname="[06_Automation] - Orders" time="0.114">
    <system-out><![CDATA[
Scenario: TC62 - Get order by ID                             &amp#27;[90m# src/test/resources/Orders.feature:33&amp#27;[0m
01:28:07.333 [main] INFO io.cucumber.core.plugin.SerenityReporter -- Running feature from file:///D:/TaksAlterra/MiniProject/MiniProject_API/src/test/resources/Orders.feature
01:28:07.333 [main] WARN io.cucumber.core.plugin.SerenityReporter -- Feature from file:///D:/TaksAlterra/MiniProject/MiniProject_API/src/test/resources/Orders.feature is not under the 'features' directory. Requirements report will not be correctly generated!
01:28:07.334 [main] INFO  -- 
  _____   ___   ___   _____     ___   _____     _     ___   _____   ___   ___  
 |_   _| | __| / __| |_   _|   / __| |_   _|   /_\   | _ \ |_   _| | __| |   \ 
   | |   | _|  \__ \   | |     \__ \   | |    / _ \  |   /   | |   | _|  | |) |
   |_|   |___| |___/   |_|     |___/   |_|   /_/ \_\ |_|_\   |_|   |___| |___/ 

TC62 - Get order by ID([06-automation]---orders;tc62---get-order-by-id)
--------------------------------------------------------------------------------
01:28:07.338 [main] DEBUG net.thucydides.core.steps.StepInterceptor -- STARTING STEP: OrdersSteps.getOrderEndpointsByID - I GET orders endpoints by ID
01:28:07.338 [main] DEBUG net.thucydides.core.steps.StepInterceptor -- STEP DONE: I GET orders endpoints by ID
  &amp#27;[32mGiven &amp#27;[0m&amp#27;[32mI GET orders endpoints by ID&amp#27;[0m                         &amp#27;[90m# starter.stepdefinition.OrdersSteps.getOrderEndpointsByID()&amp#27;[0m
01:28:07.340 [main] DEBUG net.thucydides.core.steps.StepInterceptor -- STARTING STEP: OrdersSteps.getHTTPRequestOrdersByID - I GET orders HTTP request with valid ID
01:28:07.341 [main] DEBUG net.thucydides.core.steps.StepInterceptor -- STARTING STEP: Orders.getHTTPRequestOrdersByID - I GET orders endpoints by ID
01:28:07.341 [main] DEBUG net.thucydides.core.steps.StepInterceptor -- STEP DONE: I GET orders endpoints by ID
01:28:07.348 [main] DEBUG org.apache.http.impl.conn.BasicClientConnectionManager -- Get connection for route {s}->https://altashop-api.fly.dev:443
01:28:07.348 [main] DEBUG org.apache.http.impl.conn.DefaultClientConnectionOperator -- Connecting to altashop-api.fly.dev:443
01:28:07.401 [main] DEBUG org.apache.http.client.protocol.RequestAddCookies -- CookieSpec selected: ignoreCookies
01:28:07.401 [main] DEBUG org.apache.http.client.protocol.RequestAuthCache -- Auth cache not set in the context
01:28:07.401 [main] DEBUG org.apache.http.client.protocol.RequestProxyAuthentication -- Proxy auth state: UNCHALLENGED
01:28:07.401 [main] DEBUG org.apache.http.impl.client.DefaultHttpClient -- Attempt 1 to execute request
01:28:07.401 [main] DEBUG org.apache.http.impl.conn.DefaultClientConnection -- Sending request: GET /api/orders/13020 HTTP/1.1
01:28:07.401 [main] DEBUG org.apache.http.wire --  >> "GET /api/orders/13020 HTTP/1.1[\r][\n]"
01:28:07.401 [main] DEBUG org.apache.http.wire --  >> "Authorization: Bearer eyJhbGciOiJIUzI1NiIsInR5cCI6IkpXVCJ9.eyJGdWxsbmFtZSI6IldpeWFuIEhlcnJhIEhlcnZpYW5hIiwiRW1haWwiOiJ3aXlhbjEyM0BnbWFpbC5jb20ifQ.Rsm7iH_obOaXakAORv2RniUWUxeZfBjkK8S8HtuLly8[\r][\n]"
01:28:07.401 [main] DEBUG org.apache.http.wire --  >> "Accept: */*[\r][\n]"
01:28:07.401 [main] DEBUG org.apache.http.wire --  >> "Host: altashop-api.fly.dev[\r][\n]"
01:28:07.401 [main] DEBUG org.apache.http.wire --  >> "Connection: Keep-Alive[\r][\n]"
01:28:07.402 [main] DEBUG org.apache.http.wire --  >> "User-Agent: Apache-HttpClient/4.5.13 (Java/17.0.8)[\r][\n]"
01:28:07.402 [main] DEBUG org.apache.http.wire --  >> "Accept-Encoding: gzip,deflate[\r][\n]"
01:28:07.402 [main] DEBUG org.apache.http.wire --  >> "[\r][\n]"
01:28:07.402 [main] DEBUG org.apache.http.headers -- >> GET /api/orders/13020 HTTP/1.1
01:28:07.402 [main] DEBUG org.apache.http.headers -- >> Authorization: Bearer eyJhbGciOiJIUzI1NiIsInR5cCI6IkpXVCJ9.eyJGdWxsbmFtZSI6IldpeWFuIEhlcnJhIEhlcnZpYW5hIiwiRW1haWwiOiJ3aXlhbjEyM0BnbWFpbC5jb20ifQ.Rsm7iH_obOaXakAORv2RniUWUxeZfBjkK8S8HtuLly8
01:28:07.402 [main] DEBUG org.apache.http.headers -- >> Accept: */*
01:28:07.402 [main] DEBUG org.apache.http.headers -- >> Host: altashop-api.fly.dev
01:28:07.402 [main] DEBUG org.apache.http.headers -- >> Connection: Keep-Alive
01:28:07.402 [main] DEBUG org.apache.http.headers -- >> User-Agent: Apache-HttpClient/4.5.13 (Java/17.0.8)
01:28:07.402 [main] DEBUG org.apache.http.headers -- >> Accept-Encoding: gzip,deflate
01:28:07.429 [main] DEBUG org.apache.http.wire --  << "HTTP/1.1 200 OK[\r][\n]"
01:28:07.430 [main] DEBUG org.apache.http.wire --  << "content-type: application/json[\r][\n]"
01:28:07.430 [main] DEBUG org.apache.http.wire --  << "date: Thu, 02 Nov 2023 18:28:08 GMT[\r][\n]"
01:28:07.430 [main] DEBUG org.apache.http.wire --  << "content-encoding: gzip[\r][\n]"
01:28:07.430 [main] DEBUG org.apache.http.wire --  << "transfer-encoding: chunked[\r][\n]"
01:28:07.430 [main] DEBUG org.apache.http.wire --  << "server: Fly/7328d5b5 (2023-10-27)[\r][\n]"
01:28:07.430 [main] DEBUG org.apache.http.wire --  << "via: 1.1 fly.io[\r][\n]"
01:28:07.430 [main] DEBUG org.apache.http.wire --  << "fly-request-id: 01HE8MNVMM2GES277D81NTP9A1-sin[\r][\n]"
01:28:07.430 [main] DEBUG org.apache.http.wire --  << "[\r][\n]"
01:28:07.430 [main] DEBUG org.apache.http.impl.conn.DefaultClientConnection -- Receiving response: HTTP/1.1 200 OK
01:28:07.430 [main] DEBUG org.apache.http.headers -- << HTTP/1.1 200 OK
01:28:07.430 [main] DEBUG org.apache.http.headers -- << content-type: application/json
01:28:07.430 [main] DEBUG org.apache.http.headers -- << date: Thu, 02 Nov 2023 18:28:08 GMT
01:28:07.430 [main] DEBUG org.apache.http.headers -- << content-encoding: gzip
01:28:07.430 [main] DEBUG org.apache.http.headers -- << transfer-encoding: chunked
01:28:07.430 [main] DEBUG org.apache.http.headers -- << server: Fly/7328d5b5 (2023-10-27)
01:28:07.430 [main] DEBUG org.apache.http.headers -- << via: 1.1 fly.io
01:28:07.430 [main] DEBUG org.apache.http.headers -- << fly-request-id: 01HE8MNVMM2GES277D81NTP9A1-sin
01:28:07.430 [main] DEBUG org.apache.http.impl.client.DefaultHttpClient -- Connection can be kept alive indefinitely
01:28:07.431 [main] DEBUG io.restassured.internal.RestAssuredHttpBuilder -- Parsing response as: application/json
01:28:07.431 [main] DEBUG org.apache.http.wire --  << "9D[\r][\n]"
01:28:07.431 [main] DEBUG org.apache.http.wire --  << "[0x1f][0x8b][0x8][0x0][0x0][0x0][0x0][0x0][0x4][0xff][0xab]VJI,IT[0xb2][0xaa]V[0xf2]tQ[0xb2]24602[0xd0]Q[\n]"
01:28:07.431 [main] DEBUG org.apache.http.wire --  << "-N-[0x82][0x9][0x19][0x99]Y[0x80][0x84][0xdc]Jsr[0xf2][0x12]sS[0x95][0xac][0x94][0xfc][0x12]K[0x8b][0x12][0x15][0xc2]2SK[0x12][0x15]<[0x12][0xd3]r[0x12][0x95]t[0x94]\s[0x13]3s[0x94][0xac][0x94][0xf2]@r[0x19] A[0x87]t[0x90][0x90]^r~[0xae][0x92][0x8e]R@bqqy~Q[0x8a][0x92][0x95][0x12]X[0x9f][0x91][0x81][0x91][0xa1]R[0xad][0x8e]R@Q~Jir[0x89][0x92]U^iN[0x8e][0x8e]R`ib^IfI[0xa5][0x92][0x95]Am-[0x17][0x0]q[0xd1][0xb6][0x9f][0x9b][0x0][0x0][0x0]"
01:28:07.431 [main] DEBUG org.apache.http.wire --  << "[\r][\n]"
01:28:07.431 [main] DEBUG org.apache.http.wire --  << "0[\r][\n]"
01:28:07.431 [main] DEBUG org.apache.http.wire --  << "[\r][\n]"
01:28:07.431 [main] DEBUG io.restassured.internal.RestAssuredHttpBuilder -- Parsed data to instance of: class org.apache.http.conn.EofSensorInputStream
01:28:07.432 [main] DEBUG org.apache.http.impl.conn.BasicClientConnectionManager -- Releasing connection org.apache.http.impl.conn.ManagedClientConnectionImpl@15fd3088
01:28:07.432 [main] DEBUG org.apache.http.impl.conn.BasicClientConnectionManager -- Connection can be kept alive indefinitely
01:28:07.433 [main] DEBUG net.thucydides.core.steps.StepInterceptor -- STEP DONE: I GET orders HTTP request with valid ID
  &amp#27;[32mWhen &amp#27;[0m&amp#27;[32mI GET orders HTTP request with valid ID&amp#27;[0m               &amp#27;[90m# starter.stepdefinition.OrdersSteps.getHTTPRequestOrdersByID()&amp#27;[0m
01:28:07.437 [main] DEBUG net.thucydides.core.steps.StepInterceptor -- STARTING STEP: OrdersSteps.receiveResponseCode200GetOrderByID - I receive valid HTTP response 200 for get order by ID
01:28:07.439 [main] DEBUG net.thucydides.core.steps.StepInterceptor -- STEP DONE: I receive valid HTTP response 200 for get order by ID
  &amp#27;[32mThen &amp#27;[0m&amp#27;[32mI receive valid HTTP response 200 for get order by ID&amp#27;[0m &amp#27;[90m# starter.stepdefinition.OrdersSteps.receiveResponseCode200GetOrderByID()&amp#27;[0m
01:28:07.441 [main] INFO  -- 
  _____   ___   ___   _____     ___     _     ___   ___   ___   ___  
 |_   _| | __| / __| |_   _|   | _ \   /_\   / __| / __| | __| |   \ 
   | |   | _|  \__ \   | |     |  _/  / _ \  \__ \ \__ \ | _|  | |) |
   |_|   |___| |___/   |_|     |_|   /_/ \_\ |___/ |___/ |___| |___/ 

TC62 - Get order by ID
----------------------------------------------------------------------
]]></system-out>
  </testcase>
  <testcase name="TC63 - Get orders by invalid ID with character symbols" classname="[06_Automation] - Orders" time="0.122">
    <system-out><![CDATA[
Scenario: TC63 - Get orders by invalid ID with character symbols                             &amp#27;[90m# src/test/resources/Orders.feature:38&amp#27;[0m
01:28:07.445 [main] INFO io.cucumber.core.plugin.SerenityReporter -- Running feature from file:///D:/TaksAlterra/MiniProject/MiniProject_API/src/test/resources/Orders.feature
01:28:07.445 [main] WARN io.cucumber.core.plugin.SerenityReporter -- Feature from file:///D:/TaksAlterra/MiniProject/MiniProject_API/src/test/resources/Orders.feature is not under the 'features' directory. Requirements report will not be correctly generated!
01:28:07.447 [main] INFO  -- 
  _____   ___   ___   _____     ___   _____     _     ___   _____   ___   ___  
 |_   _| | __| / __| |_   _|   / __| |_   _|   /_\   | _ \ |_   _| | __| |   \ 
   | |   | _|  \__ \   | |     \__ \   | |    / _ \  |   /   | |   | _|  | |) |
   |_|   |___| |___/   |_|     |___/   |_|   /_/ \_\ |_|_\   |_|   |___| |___/ 

TC63 - Get orders by invalid ID with character symbols([06-automation]---orders;tc63---get-orders-by-invalid-id-with-character-symbols)
--------------------------------------------------------------------------------
01:28:07.453 [Finalizer] DEBUG org.apache.http.impl.conn.DefaultClientConnection -- Connection 0.0.0.0:55358<->149.248.193.56:443 closed
01:28:07.453 [Finalizer] DEBUG org.apache.http.impl.conn.DefaultClientConnection -- Connection 0.0.0.0:55357<->149.248.193.56:443 closed
01:28:07.454 [Finalizer] DEBUG org.apache.http.impl.conn.DefaultClientConnection -- Connection 0.0.0.0:55356<->149.248.193.56:443 closed
01:28:07.454 [Finalizer] DEBUG org.apache.http.impl.conn.DefaultClientConnection -- Connection 0.0.0.0:55355<->149.248.193.56:443 closed
01:28:07.455 [main] DEBUG net.thucydides.core.steps.StepInterceptor -- STARTING STEP: OrdersSteps.getOrdersEndpointsByID2 - I GET orders endpoints by ID 2
01:28:07.455 [main] DEBUG net.thucydides.core.steps.StepInterceptor -- STEP DONE: I GET orders endpoints by ID 2
01:28:07.455 [Finalizer] DEBUG org.apache.http.impl.conn.DefaultClientConnection -- Connection 0.0.0.0:55354<->149.248.193.56:443 closed
  &amp#27;[32mGiven &amp#27;[0m&amp#27;[32mI GET orders endpoints by ID 2&amp#27;[0m                                                       &amp#27;[90m# starter.stepdefinition.OrdersSteps.getOrdersEndpointsByID2()&amp#27;[0m
01:28:07.455 [Finalizer] DEBUG org.apache.http.impl.conn.DefaultClientConnection -- Connection 0.0.0.0:55353<->149.248.193.56:443 closed
01:28:07.455 [Finalizer] DEBUG org.apache.http.impl.conn.DefaultClientConnection -- Connection 0.0.0.0:55352<->149.248.193.56:443 closed
01:28:07.455 [main] DEBUG net.thucydides.core.steps.StepInterceptor -- STARTING STEP: OrdersSteps.getOrdersHTTPRequestWithInvalidIDWithCharacterSymbols - I GET orders HTTP request invalid ID with character symbols
01:28:07.456 [main] DEBUG net.thucydides.core.steps.StepInterceptor -- STARTING STEP: Orders.getOrdersHTTPRequestWithInvalidIDWithCharacterSymbols - I GET orders endpoints by ID 2
01:28:07.456 [main] DEBUG net.thucydides.core.steps.StepInterceptor -- STEP DONE: I GET orders endpoints by ID 2
01:28:07.460 [main] DEBUG org.apache.http.impl.conn.BasicClientConnectionManager -- Get connection for route {s}->https://altashop-api.fly.dev:443
01:28:07.461 [main] DEBUG org.apache.http.impl.conn.DefaultClientConnectionOperator -- Connecting to altashop-api.fly.dev:443
01:28:07.525 [main] DEBUG org.apache.http.client.protocol.RequestAddCookies -- CookieSpec selected: ignoreCookies
01:28:07.525 [main] DEBUG org.apache.http.client.protocol.RequestAuthCache -- Auth cache not set in the context
01:28:07.525 [main] DEBUG org.apache.http.client.protocol.RequestProxyAuthentication -- Proxy auth state: UNCHALLENGED
01:28:07.525 [main] DEBUG org.apache.http.impl.client.DefaultHttpClient -- Attempt 1 to execute request
01:28:07.525 [main] DEBUG org.apache.http.impl.conn.DefaultClientConnection -- Sending request: GET /api/orders/-2 HTTP/1.1
01:28:07.526 [main] DEBUG org.apache.http.wire --  >> "GET /api/orders/-2 HTTP/1.1[\r][\n]"
01:28:07.526 [main] DEBUG org.apache.http.wire --  >> "Authorization: Bearer eyJhbGciOiJIUzI1NiIsInR5cCI6IkpXVCJ9.eyJGdWxsbmFtZSI6IldpeWFuIEhlcnJhIEhlcnZpYW5hIiwiRW1haWwiOiJ3aXlhbkBtYWlsLmNvbSJ9.NPXYoUbe7TJtZoFcbm-zZ2v4Arez-S9PaYhOwdAKxZI[\r][\n]"
01:28:07.526 [main] DEBUG org.apache.http.wire --  >> "Accept: */*[\r][\n]"
01:28:07.526 [main] DEBUG org.apache.http.wire --  >> "Host: altashop-api.fly.dev[\r][\n]"
01:28:07.526 [main] DEBUG org.apache.http.wire --  >> "Connection: Keep-Alive[\r][\n]"
01:28:07.526 [main] DEBUG org.apache.http.wire --  >> "User-Agent: Apache-HttpClient/4.5.13 (Java/17.0.8)[\r][\n]"
01:28:07.526 [main] DEBUG org.apache.http.wire --  >> "Accept-Encoding: gzip,deflate[\r][\n]"
01:28:07.526 [main] DEBUG org.apache.http.wire --  >> "[\r][\n]"
01:28:07.526 [main] DEBUG org.apache.http.headers -- >> GET /api/orders/-2 HTTP/1.1
01:28:07.526 [main] DEBUG org.apache.http.headers -- >> Authorization: Bearer eyJhbGciOiJIUzI1NiIsInR5cCI6IkpXVCJ9.eyJGdWxsbmFtZSI6IldpeWFuIEhlcnJhIEhlcnZpYW5hIiwiRW1haWwiOiJ3aXlhbkBtYWlsLmNvbSJ9.NPXYoUbe7TJtZoFcbm-zZ2v4Arez-S9PaYhOwdAKxZI
01:28:07.526 [main] DEBUG org.apache.http.headers -- >> Accept: */*
01:28:07.526 [main] DEBUG org.apache.http.headers -- >> Host: altashop-api.fly.dev
01:28:07.526 [main] DEBUG org.apache.http.headers -- >> Connection: Keep-Alive
01:28:07.526 [main] DEBUG org.apache.http.headers -- >> User-Agent: Apache-HttpClient/4.5.13 (Java/17.0.8)
01:28:07.526 [main] DEBUG org.apache.http.headers -- >> Accept-Encoding: gzip,deflate
01:28:07.555 [main] DEBUG org.apache.http.wire --  << "HTTP/1.1 401 Unauthorized[\r][\n]"
01:28:07.555 [main] DEBUG org.apache.http.wire --  << "content-type: application/json[\r][\n]"
01:28:07.555 [main] DEBUG org.apache.http.wire --  << "date: Thu, 02 Nov 2023 18:28:09 GMT[\r][\n]"
01:28:07.555 [main] DEBUG org.apache.http.wire --  << "content-encoding: gzip[\r][\n]"
01:28:07.555 [main] DEBUG org.apache.http.wire --  << "transfer-encoding: chunked[\r][\n]"
01:28:07.555 [main] DEBUG org.apache.http.wire --  << "server: Fly/7328d5b5 (2023-10-27)[\r][\n]"
01:28:07.555 [main] DEBUG org.apache.http.wire --  << "via: 1.1 fly.io[\r][\n]"
01:28:07.555 [main] DEBUG org.apache.http.wire --  << "fly-request-id: 01HE8MNVRGT78KGNZ5D98D7H1C-sin[\r][\n]"
01:28:07.555 [main] DEBUG org.apache.http.wire --  << "[\r][\n]"
01:28:07.555 [main] DEBUG org.apache.http.impl.conn.DefaultClientConnection -- Receiving response: HTTP/1.1 401 Unauthorized
01:28:07.555 [main] DEBUG org.apache.http.headers -- << HTTP/1.1 401 Unauthorized
01:28:07.555 [main] DEBUG org.apache.http.headers -- << content-type: application/json
01:28:07.555 [main] DEBUG org.apache.http.headers -- << date: Thu, 02 Nov 2023 18:28:09 GMT
01:28:07.555 [main] DEBUG org.apache.http.headers -- << content-encoding: gzip
01:28:07.555 [main] DEBUG org.apache.http.headers -- << transfer-encoding: chunked
01:28:07.555 [main] DEBUG org.apache.http.headers -- << server: Fly/7328d5b5 (2023-10-27)
01:28:07.555 [main] DEBUG org.apache.http.headers -- << via: 1.1 fly.io
01:28:07.555 [main] DEBUG org.apache.http.headers -- << fly-request-id: 01HE8MNVRGT78KGNZ5D98D7H1C-sin
01:28:07.555 [main] DEBUG org.apache.http.impl.client.DefaultHttpClient -- Connection can be kept alive indefinitely
01:28:07.555 [main] DEBUG org.apache.http.impl.client.DefaultHttpClient -- Authentication required
01:28:07.555 [main] DEBUG org.apache.http.impl.client.DefaultHttpClient -- altashop-api.fly.dev:443 requested authentication
01:28:07.555 [main] DEBUG org.apache.http.impl.client.DefaultHttpClient -- Response contains no authentication challenges
01:28:07.555 [main] DEBUG io.restassured.internal.RestAssuredHttpBuilder -- Parsing response as: application/json
01:28:07.555 [main] DEBUG org.apache.http.wire --  << "31[\r][\n]"
01:28:07.555 [main] DEBUG org.apache.http.wire --  << "[0x1f][0x8b][0x8][0x0][0x0][0x0][0x0][0x0][0x4][0xff][0xab]VJ-*[0xca]/R[0xb2]R*JM[0xce]/JQ[0xc8][0xcb]/QH[0xcb]/[0xcd]KQ[0xaa][0xe5][0x2][0x0]6`[0x14][0x2][0x1d][0x0][0x0][0x0]"
01:28:07.555 [main] DEBUG org.apache.http.wire --  << "[\r][\n]"
01:28:07.555 [main] DEBUG org.apache.http.wire --  << "0[\r][\n]"
01:28:07.555 [main] DEBUG org.apache.http.wire --  << "[\r][\n]"
01:28:07.556 [main] DEBUG io.restassured.internal.RestAssuredHttpBuilder -- Parsed data to instance of: class org.apache.http.conn.EofSensorInputStream
01:28:07.556 [main] DEBUG org.apache.http.impl.conn.BasicClientConnectionManager -- Releasing connection org.apache.http.impl.conn.ManagedClientConnectionImpl@74d776fb
01:28:07.556 [main] DEBUG org.apache.http.impl.conn.BasicClientConnectionManager -- Connection can be kept alive indefinitely
01:28:07.557 [main] DEBUG net.thucydides.core.steps.StepInterceptor -- STEP DONE: I GET orders HTTP request invalid ID with character symbols
  &amp#27;[32mWhen &amp#27;[0m&amp#27;[32mI GET orders HTTP request invalid ID with character symbols&amp#27;[0m                           &amp#27;[90m# starter.stepdefinition.OrdersSteps.getOrdersHTTPRequestWithInvalidIDWithCharacterSymbols()&amp#27;[0m
01:28:07.561 [main] DEBUG net.thucydides.core.steps.StepInterceptor -- STARTING STEP: OrdersSteps.receiveResponseCode401ForGetOrdersByInvalidIDWithCharacterSymbols - I receive valid HTTP response 401 for get orders by invalid IDwith character symbols
01:28:07.562 [main] DEBUG net.thucydides.core.steps.StepInterceptor -- STEP DONE: I receive valid HTTP response 401 for get orders by invalid IDwith character symbols
  &amp#27;[32mThen &amp#27;[0m&amp#27;[32mI receive valid HTTP response 401 for get orders by invalid ID with character symbols&amp#27;[0m &amp#27;[90m# starter.stepdefinition.OrdersSteps.receiveResponseCode401ForGetOrdersByInvalidIDWithCharacterSymbols()&amp#27;[0m
01:28:07.563 [main] INFO  -- 
  _____   ___   ___   _____     ___     _     ___   ___   ___   ___  
 |_   _| | __| / __| |_   _|   | _ \   /_\   / __| / __| | __| |   \ 
   | |   | _|  \__ \   | |     |  _/  / _ \  \__ \ \__ \ | _|  | |) |
   |_|   |___| |___/   |_|     |_|   /_/ \_\ |___/ |___/ |___| |___/ 

TC63 - Get orders by invalid ID with character symbols
----------------------------------------------------------------------
]]></system-out>
  </testcase>
  <testcase name="TC64 - Get orders by invalid ID with character alphabet" classname="[06_Automation] - Orders" time="0.107">
    <system-out><![CDATA[
Scenario: TC64 - Get orders by invalid ID with character alphabet                             &amp#27;[90m# src/test/resources/Orders.feature:43&amp#27;[0m
01:28:07.567 [main] INFO io.cucumber.core.plugin.SerenityReporter -- Running feature from file:///D:/TaksAlterra/MiniProject/MiniProject_API/src/test/resources/Orders.feature
01:28:07.567 [main] WARN io.cucumber.core.plugin.SerenityReporter -- Feature from file:///D:/TaksAlterra/MiniProject/MiniProject_API/src/test/resources/Orders.feature is not under the 'features' directory. Requirements report will not be correctly generated!
01:28:07.570 [main] INFO  -- 
  _____   ___   ___   _____     ___   _____     _     ___   _____   ___   ___  
 |_   _| | __| / __| |_   _|   / __| |_   _|   /_\   | _ \ |_   _| | __| |   \ 
   | |   | _|  \__ \   | |     \__ \   | |    / _ \  |   /   | |   | _|  | |) |
   |_|   |___| |___/   |_|     |___/   |_|   /_/ \_\ |_|_\   |_|   |___| |___/ 

TC64 - Get orders by invalid ID with character alphabet([06-automation]---orders;tc64---get-orders-by-invalid-id-with-character-alphabet)
--------------------------------------------------------------------------------
01:28:07.577 [main] DEBUG net.thucydides.core.steps.StepInterceptor -- STARTING STEP: OrdersSteps.getOrdersEndpointsByID3 - I GET orders endpoints by ID 3
01:28:07.578 [main] DEBUG net.thucydides.core.steps.StepInterceptor -- STEP DONE: I GET orders endpoints by ID 3
  &amp#27;[32mGiven &amp#27;[0m&amp#27;[32mI GET orders endpoints by ID 3&amp#27;[0m                                                        &amp#27;[90m# starter.stepdefinition.OrdersSteps.getOrdersEndpointsByID3()&amp#27;[0m
01:28:07.580 [main] DEBUG net.thucydides.core.steps.StepInterceptor -- STARTING STEP: OrdersSteps.getOrdersHTTPRequestWithInvalidIDWithCharacterAlphabet - I GET orders HTTP request invalid ID with character alphabet
01:28:07.582 [main] DEBUG net.thucydides.core.steps.StepInterceptor -- STARTING STEP: Orders.getOrdersHTTPRequestWithInvalidIDWithCharacterAlphabet - I GET orders endpoints by ID 3
01:28:07.582 [main] DEBUG net.thucydides.core.steps.StepInterceptor -- STEP DONE: I GET orders endpoints by ID 3
01:28:07.588 [main] DEBUG org.apache.http.impl.conn.BasicClientConnectionManager -- Get connection for route {s}->https://altashop-api.fly.dev:443
01:28:07.588 [main] DEBUG org.apache.http.impl.conn.DefaultClientConnectionOperator -- Connecting to altashop-api.fly.dev:443
01:28:07.638 [main] DEBUG org.apache.http.client.protocol.RequestAddCookies -- CookieSpec selected: ignoreCookies
01:28:07.639 [main] DEBUG org.apache.http.client.protocol.RequestAuthCache -- Auth cache not set in the context
01:28:07.639 [main] DEBUG org.apache.http.client.protocol.RequestProxyAuthentication -- Proxy auth state: UNCHALLENGED
01:28:07.639 [main] DEBUG org.apache.http.impl.client.DefaultHttpClient -- Attempt 1 to execute request
01:28:07.639 [main] DEBUG org.apache.http.impl.conn.DefaultClientConnection -- Sending request: GET /api/orders/satu HTTP/1.1
01:28:07.639 [main] DEBUG org.apache.http.wire --  >> "GET /api/orders/satu HTTP/1.1[\r][\n]"
01:28:07.639 [main] DEBUG org.apache.http.wire --  >> "Authorization: Bearer eyJhbGciOiJIUzI1NiIsInR5cCI6IkpXVCJ9.eyJGdWxsbmFtZSI6IldpeWFuIEhlcnJhIEhlcnZpYW5hIiwiRW1haWwiOiJ3aXlhbkBtYWlsLmNvbSJ9.NPXYoUbe7TJtZoFcbm-zZ2v4Arez-S9PaYhOwdAKxZI[\r][\n]"
01:28:07.639 [main] DEBUG org.apache.http.wire --  >> "Accept: */*[\r][\n]"
01:28:07.639 [main] DEBUG org.apache.http.wire --  >> "Host: altashop-api.fly.dev[\r][\n]"
01:28:07.639 [main] DEBUG org.apache.http.wire --  >> "Connection: Keep-Alive[\r][\n]"
01:28:07.639 [main] DEBUG org.apache.http.wire --  >> "User-Agent: Apache-HttpClient/4.5.13 (Java/17.0.8)[\r][\n]"
01:28:07.639 [main] DEBUG org.apache.http.wire --  >> "Accept-Encoding: gzip,deflate[\r][\n]"
01:28:07.639 [main] DEBUG org.apache.http.wire --  >> "[\r][\n]"
01:28:07.639 [main] DEBUG org.apache.http.headers -- >> GET /api/orders/satu HTTP/1.1
01:28:07.639 [main] DEBUG org.apache.http.headers -- >> Authorization: Bearer eyJhbGciOiJIUzI1NiIsInR5cCI6IkpXVCJ9.eyJGdWxsbmFtZSI6IldpeWFuIEhlcnJhIEhlcnZpYW5hIiwiRW1haWwiOiJ3aXlhbkBtYWlsLmNvbSJ9.NPXYoUbe7TJtZoFcbm-zZ2v4Arez-S9PaYhOwdAKxZI
01:28:07.639 [main] DEBUG org.apache.http.headers -- >> Accept: */*
01:28:07.639 [main] DEBUG org.apache.http.headers -- >> Host: altashop-api.fly.dev
01:28:07.639 [main] DEBUG org.apache.http.headers -- >> Connection: Keep-Alive
01:28:07.639 [main] DEBUG org.apache.http.headers -- >> User-Agent: Apache-HttpClient/4.5.13 (Java/17.0.8)
01:28:07.639 [main] DEBUG org.apache.http.headers -- >> Accept-Encoding: gzip,deflate
01:28:07.663 [main] DEBUG org.apache.http.wire --  << "HTTP/1.1 401 Unauthorized[\r][\n]"
01:28:07.663 [main] DEBUG org.apache.http.wire --  << "content-type: application/json[\r][\n]"
01:28:07.663 [main] DEBUG org.apache.http.wire --  << "date: Thu, 02 Nov 2023 18:28:09 GMT[\r][\n]"
01:28:07.663 [main] DEBUG org.apache.http.wire --  << "content-encoding: gzip[\r][\n]"
01:28:07.663 [main] DEBUG org.apache.http.wire --  << "transfer-encoding: chunked[\r][\n]"
01:28:07.663 [main] DEBUG org.apache.http.wire --  << "server: Fly/7328d5b5 (2023-10-27)[\r][\n]"
01:28:07.663 [main] DEBUG org.apache.http.wire --  << "via: 1.1 fly.io[\r][\n]"
01:28:07.663 [main] DEBUG org.apache.http.wire --  << "fly-request-id: 01HE8MNVW1D338SA69821XJN11-sin[\r][\n]"
01:28:07.663 [main] DEBUG org.apache.http.wire --  << "[\r][\n]"
01:28:07.663 [main] DEBUG org.apache.http.impl.conn.DefaultClientConnection -- Receiving response: HTTP/1.1 401 Unauthorized
01:28:07.663 [main] DEBUG org.apache.http.headers -- << HTTP/1.1 401 Unauthorized
01:28:07.663 [main] DEBUG org.apache.http.headers -- << content-type: application/json
01:28:07.663 [main] DEBUG org.apache.http.headers -- << date: Thu, 02 Nov 2023 18:28:09 GMT
01:28:07.663 [main] DEBUG org.apache.http.headers -- << content-encoding: gzip
01:28:07.663 [main] DEBUG org.apache.http.headers -- << transfer-encoding: chunked
01:28:07.663 [main] DEBUG org.apache.http.headers -- << server: Fly/7328d5b5 (2023-10-27)
01:28:07.663 [main] DEBUG org.apache.http.headers -- << via: 1.1 fly.io
01:28:07.663 [main] DEBUG org.apache.http.headers -- << fly-request-id: 01HE8MNVW1D338SA69821XJN11-sin
01:28:07.663 [main] DEBUG org.apache.http.impl.client.DefaultHttpClient -- Connection can be kept alive indefinitely
01:28:07.663 [main] DEBUG org.apache.http.impl.client.DefaultHttpClient -- Authentication required
01:28:07.663 [main] DEBUG org.apache.http.impl.client.DefaultHttpClient -- altashop-api.fly.dev:443 requested authentication
01:28:07.663 [main] DEBUG org.apache.http.impl.client.DefaultHttpClient -- Response contains no authentication challenges
01:28:07.663 [main] DEBUG io.restassured.internal.RestAssuredHttpBuilder -- Parsing response as: application/json
01:28:07.663 [main] DEBUG org.apache.http.wire --  << "31[\r][\n]"
01:28:07.663 [main] DEBUG org.apache.http.wire --  << "[0x1f][0x8b][0x8][0x0][0x0][0x0][0x0][0x0][0x4][0xff][0xab]VJ-*[0xca]/R[0xb2]R*JM[0xce]/JQ[0xc8][0xcb]/QH[0xcb]/[0xcd]KQ[0xaa][0xe5][0x2][0x0]6`[0x14][0x2][0x1d][0x0][0x0][0x0]"
01:28:07.663 [main] DEBUG org.apache.http.wire --  << "[\r][\n]"
01:28:07.664 [main] DEBUG org.apache.http.wire --  << "0[\r][\n]"
01:28:07.664 [main] DEBUG org.apache.http.wire --  << "[\r][\n]"
01:28:07.664 [main] DEBUG io.restassured.internal.RestAssuredHttpBuilder -- Parsed data to instance of: class org.apache.http.conn.EofSensorInputStream
01:28:07.664 [main] DEBUG org.apache.http.impl.conn.BasicClientConnectionManager -- Releasing connection org.apache.http.impl.conn.ManagedClientConnectionImpl@1cd2e348
01:28:07.664 [main] DEBUG org.apache.http.impl.conn.BasicClientConnectionManager -- Connection can be kept alive indefinitely
01:28:07.665 [main] DEBUG net.thucydides.core.steps.StepInterceptor -- STEP DONE: I GET orders HTTP request invalid ID with character alphabet
  &amp#27;[32mWhen &amp#27;[0m&amp#27;[32mI GET orders HTTP request invalid ID with character alphabet&amp#27;[0m                           &amp#27;[90m# starter.stepdefinition.OrdersSteps.getOrdersHTTPRequestWithInvalidIDWithCharacterAlphabet()&amp#27;[0m
01:28:07.667 [main] DEBUG net.thucydides.core.steps.StepInterceptor -- STARTING STEP: OrdersSteps.receiveResponseCode401ForGetOrdersByInvalidIDWithCharacterAlphabet - I receive valid HTTP response 401 for get orders by invalid ID with character alphabet
01:28:07.668 [main] DEBUG net.thucydides.core.steps.StepInterceptor -- STEP DONE: I receive valid HTTP response 401 for get orders by invalid ID with character alphabet
  &amp#27;[32mThen &amp#27;[0m&amp#27;[32mI receive valid HTTP response 401 for get orders by invalid ID with character alphabet&amp#27;[0m &amp#27;[90m# starter.stepdefinition.OrdersSteps.receiveResponseCode401ForGetOrdersByInvalidIDWithCharacterAlphabet()&amp#27;[0m
01:28:07.669 [main] INFO  -- 
  _____   ___   ___   _____     ___     _     ___   ___   ___   ___  
 |_   _| | __| / __| |_   _|   | _ \   /_\   / __| / __| | __| |   \ 
   | |   | _|  \__ \   | |     |  _/  / _ \  \__ \ \__ \ | _|  | |) |
   |_|   |___| |___/   |_|     |_|   /_/ \_\ |___/ |___/ |___| |___/ 

TC64 - Get orders by invalid ID with character alphabet
----------------------------------------------------------------------
]]></system-out>
  </testcase>
  <testcase name="TC24 - Add new products categories" classname="[04_Automation] - Product Categories" time="0.807">
    <system-out><![CDATA[01:28:07.671 [main] INFO io.cucumber.core.plugin.SerenityReporter -- Running feature from file:///D:/TaksAlterra/MiniProject/MiniProject_API/src/test/resources/ProductCategories.feature
01:28:07.672 [main] WARN io.cucumber.core.plugin.SerenityReporter -- Feature from file:///D:/TaksAlterra/MiniProject/MiniProject_API/src/test/resources/ProductCategories.feature is not under the 'features' directory. Requirements report will not be correctly generated!
01:28:07.674 [main] DEBUG net.thucydides.core.steps.StepEventBus -- Test suite started for story net.thucydides.core.model.Story@97399b2e
01:28:07.675 [main] INFO  -- Test Suite Started: [04_Automation] - Product Categories

Scenario: TC24 - Add new products categories         &amp#27;[90m# src/test/resources/ProductCategories.feature:3&amp#27;[0m
01:28:07.684 [main] INFO io.cucumber.core.plugin.SerenityReporter -- Running feature from file:///D:/TaksAlterra/MiniProject/MiniProject_API/src/test/resources/ProductCategories.feature
01:28:07.684 [main] WARN io.cucumber.core.plugin.SerenityReporter -- Feature from file:///D:/TaksAlterra/MiniProject/MiniProject_API/src/test/resources/ProductCategories.feature is not under the 'features' directory. Requirements report will not be correctly generated!
01:28:07.685 [main] INFO  -- 
  _____   ___   ___   _____     ___   _____     _     ___   _____   ___   ___  
 |_   _| | __| / __| |_   _|   / __| |_   _|   /_\   | _ \ |_   _| | __| |   \ 
   | |   | _|  \__ \   | |     \__ \   | |    / _ \  |   /   | |   | _|  | |) |
   |_|   |___| |___/   |_|     |___/   |_|   /_/ \_\ |_|_\   |_|   |___| |___/ 

TC24 - Add new products categories([04-automation]---product-categories;tc24---add-new-products-categories)
--------------------------------------------------------------------------------
01:28:07.707 [main] DEBUG net.thucydides.core.steps.StepInterceptor -- STARTING STEP: ProductCategoriesSteps.postProductCategories - I POST create product categories endpoints
01:28:07.707 [main] DEBUG net.thucydides.core.steps.StepInterceptor -- STEP DONE: I POST create product categories endpoints
  &amp#27;[32mGiven &amp#27;[0m&amp#27;[32mI POST create product categories endpoints&amp#27;[0m   &amp#27;[90m# starter.stepdefinition.ProductCategoriesSteps.postProductCategories()&amp#27;[0m
01:28:07.712 [main] DEBUG net.thucydides.core.steps.StepInterceptor -- STARTING STEP: ProductCategoriesSteps.postHTTPRequestProductCategories - I POST HTTP request with valid data
01:28:07.714 [main] DEBUG net.thucydides.core.steps.StepInterceptor -- STARTING STEP: ProductCategories.postHTTPRequestProductCategories - I POST create product categories endpoints
01:28:07.714 [main] DEBUG net.thucydides.core.steps.StepInterceptor -- STEP DONE: I POST create product categories endpoints
01:28:07.725 [main] DEBUG org.apache.http.impl.conn.BasicClientConnectionManager -- Get connection for route {s}->https://altashop-api.fly.dev:443
01:28:07.725 [main] DEBUG org.apache.http.impl.conn.DefaultClientConnectionOperator -- Connecting to altashop-api.fly.dev:443
01:28:07.790 [main] DEBUG org.apache.http.client.protocol.RequestAddCookies -- CookieSpec selected: ignoreCookies
01:28:07.790 [main] DEBUG org.apache.http.client.protocol.RequestAuthCache -- Auth cache not set in the context
01:28:07.790 [main] DEBUG org.apache.http.client.protocol.RequestTargetAuthentication -- Target auth state: UNCHALLENGED
01:28:07.790 [main] DEBUG org.apache.http.client.protocol.RequestProxyAuthentication -- Proxy auth state: UNCHALLENGED
01:28:07.790 [main] DEBUG org.apache.http.impl.client.DefaultHttpClient -- Attempt 1 to execute request
01:28:07.790 [main] DEBUG org.apache.http.impl.conn.DefaultClientConnection -- Sending request: POST /api/categories HTTP/1.1
01:28:07.790 [main] DEBUG org.apache.http.wire --  >> "POST /api/categories HTTP/1.1[\r][\n]"
01:28:07.790 [main] DEBUG org.apache.http.wire --  >> "Accept: */*[\r][\n]"
01:28:07.790 [main] DEBUG org.apache.http.wire --  >> "Content-Type: application/json[\r][\n]"
01:28:07.790 [main] DEBUG org.apache.http.wire --  >> "Content-Length: 53[\r][\n]"
01:28:07.790 [main] DEBUG org.apache.http.wire --  >> "Host: altashop-api.fly.dev[\r][\n]"
01:28:07.790 [main] DEBUG org.apache.http.wire --  >> "Connection: Keep-Alive[\r][\n]"
01:28:07.790 [main] DEBUG org.apache.http.wire --  >> "User-Agent: Apache-HttpClient/4.5.13 (Java/17.0.8)[\r][\n]"
01:28:07.790 [main] DEBUG org.apache.http.wire --  >> "Accept-Encoding: gzip,deflate[\r][\n]"
01:28:07.790 [main] DEBUG org.apache.http.wire --  >> "[\r][\n]"
01:28:07.790 [main] DEBUG org.apache.http.headers -- >> POST /api/categories HTTP/1.1
01:28:07.790 [main] DEBUG org.apache.http.headers -- >> Accept: */*
01:28:07.790 [main] DEBUG org.apache.http.headers -- >> Content-Type: application/json
01:28:07.790 [main] DEBUG org.apache.http.headers -- >> Content-Length: 53
01:28:07.790 [main] DEBUG org.apache.http.headers -- >> Host: altashop-api.fly.dev
01:28:07.790 [main] DEBUG org.apache.http.headers -- >> Connection: Keep-Alive
01:28:07.790 [main] DEBUG org.apache.http.headers -- >> User-Agent: Apache-HttpClient/4.5.13 (Java/17.0.8)
01:28:07.790 [main] DEBUG org.apache.http.headers -- >> Accept-Encoding: gzip,deflate
01:28:07.790 [main] DEBUG org.apache.http.wire --  >> "{"name":"gaming","description":"for gaming purposes"}"
01:28:07.818 [main] DEBUG org.apache.http.wire --  << "HTTP/1.1 200 OK[\r][\n]"
01:28:07.818 [main] DEBUG org.apache.http.wire --  << "content-type: application/json[\r][\n]"
01:28:07.818 [main] DEBUG org.apache.http.wire --  << "date: Thu, 02 Nov 2023 18:28:09 GMT[\r][\n]"
01:28:07.818 [main] DEBUG org.apache.http.wire --  << "content-encoding: gzip[\r][\n]"
01:28:07.818 [main] DEBUG org.apache.http.wire --  << "transfer-encoding: chunked[\r][\n]"
01:28:07.818 [main] DEBUG org.apache.http.wire --  << "server: Fly/7328d5b5 (2023-10-27)[\r][\n]"
01:28:07.818 [main] DEBUG org.apache.http.wire --  << "via: 1.1 fly.io[\r][\n]"
01:28:07.818 [main] DEBUG org.apache.http.wire --  << "fly-request-id: 01HE8MNW0TVCJ61E6Z3VG64246-sin[\r][\n]"
01:28:07.818 [main] DEBUG org.apache.http.wire --  << "[\r][\n]"
01:28:07.818 [main] DEBUG org.apache.http.impl.conn.DefaultClientConnection -- Receiving response: HTTP/1.1 200 OK
01:28:07.818 [main] DEBUG org.apache.http.headers -- << HTTP/1.1 200 OK
01:28:07.818 [main] DEBUG org.apache.http.headers -- << content-type: application/json
01:28:07.818 [main] DEBUG org.apache.http.headers -- << date: Thu, 02 Nov 2023 18:28:09 GMT
01:28:07.818 [main] DEBUG org.apache.http.headers -- << content-encoding: gzip
01:28:07.818 [main] DEBUG org.apache.http.headers -- << transfer-encoding: chunked
01:28:07.818 [main] DEBUG org.apache.http.headers -- << server: Fly/7328d5b5 (2023-10-27)
01:28:07.818 [main] DEBUG org.apache.http.headers -- << via: 1.1 fly.io
01:28:07.818 [main] DEBUG org.apache.http.headers -- << fly-request-id: 01HE8MNW0TVCJ61E6Z3VG64246-sin
01:28:07.818 [main] DEBUG org.apache.http.impl.client.DefaultHttpClient -- Connection can be kept alive indefinitely
01:28:07.818 [main] DEBUG io.restassured.internal.RestAssuredHttpBuilder -- Parsing response as: application/json
01:28:07.818 [main] DEBUG org.apache.http.wire --  << "5A[\r][\n]"
01:28:07.818 [main] DEBUG org.apache.http.wire --  << "[0x1f][0x8b][0x8][0x0][0x0][0x0][0x0][0x0][0x4][0xff][0xab]VJI,IT[0xb2][0xaa]V[0xf2]tQ[0xb2]264[0xb7]0[0xd2]Q[0xf2]K[0xcc]MU[0xb2]RJO[0xcc][0xcd][0xcc]KW[0xd2]QrI-N.[0xca],([0xc9][0xcc][0xcf]S[0xb2]RJ[0xcb]/R[0x80]H)[0x14][0x94][0x16][0x15][0xe4][0x17][0xa7][0x16]+[0xd5][0xd6]r[0x1][0x0][0x95][0x84][0xc8][0xdc]J[0x0][0x0][0x0]"
01:28:07.818 [main] DEBUG org.apache.http.wire --  << "[\r][\n]"
01:28:07.818 [main] DEBUG org.apache.http.wire --  << "0[\r][\n]"
01:28:07.818 [main] DEBUG org.apache.http.wire --  << "[\r][\n]"
01:28:07.818 [main] DEBUG io.restassured.internal.RestAssuredHttpBuilder -- Parsed data to instance of: class org.apache.http.conn.EofSensorInputStream
01:28:07.820 [main] DEBUG org.apache.http.impl.conn.BasicClientConnectionManager -- Releasing connection org.apache.http.impl.conn.ManagedClientConnectionImpl@6693818c
01:28:07.820 [main] DEBUG org.apache.http.impl.conn.BasicClientConnectionManager -- Connection can be kept alive indefinitely
01:28:07.821 [main] DEBUG net.thucydides.core.steps.StepInterceptor -- STEP DONE: I POST HTTP request with valid data
  &amp#27;[32mWhen &amp#27;[0m&amp#27;[32mI POST HTTP request with valid data&amp#27;[0m           &amp#27;[90m# starter.stepdefinition.ProductCategoriesSteps.postHTTPRequestProductCategories()&amp#27;[0m
01:28:07.823 [main] DEBUG net.thucydides.core.steps.StepInterceptor -- STARTING STEP: ProductCategoriesSteps.receiveResponseProductCategories - I receive response data for product categories
01:28:08.458 [main] DEBUG net.thucydides.core.steps.StepInterceptor -- STEP DONE: I receive response data for product categories
  &amp#27;[32mAnd &amp#27;[0m&amp#27;[32mI receive response data for product categories&amp#27;[0m &amp#27;[90m# starter.stepdefinition.ProductCategoriesSteps.receiveResponseProductCategories()&amp#27;[0m
01:28:08.461 [main] DEBUG net.thucydides.core.steps.StepInterceptor -- STARTING STEP: ProductCategoriesSteps.receiveResponseCode200ProductCategories - I receive valid HTTP response 200
01:28:08.463 [main] DEBUG net.thucydides.core.steps.StepInterceptor -- STEP DONE: I receive valid HTTP response 200
  &amp#27;[32mThen &amp#27;[0m&amp#27;[32mI receive valid HTTP response 200&amp#27;[0m             &amp#27;[90m# starter.stepdefinition.ProductCategoriesSteps.receiveResponseCode200ProductCategories()&amp#27;[0m
01:28:08.479 [Finalizer] DEBUG org.apache.http.impl.conn.DefaultClientConnection -- Connection 0.0.0.0:55360<->149.248.193.56:443 closed
01:28:08.480 [Finalizer] DEBUG org.apache.http.impl.conn.DefaultClientConnection -- Connection 0.0.0.0:55361<->149.248.193.56:443 closed
01:28:08.480 [main] INFO  -- 
  _____   ___   ___   _____     ___     _     ___   ___   ___   ___  
 |_   _| | __| / __| |_   _|   | _ \   /_\   / __| / __| | __| |   \ 
   | |   | _|  \__ \   | |     |  _/  / _ \  \__ \ \__ \ | _|  | |) |
   |_|   |___| |___/   |_|     |_|   /_/ \_\ |___/ |___/ |___| |___/ 

TC24 - Add new products categories
----------------------------------------------------------------------
01:28:08.480 [Finalizer] DEBUG org.apache.http.impl.conn.DefaultClientConnection -- Connection 0.0.0.0:55359<->149.248.193.56:443 closed
]]></system-out>
  </testcase>
  <testcase name="TC25 - Add new products categories without description data payload" classname="[04_Automation] - Product Categories" time="0.145">
    <system-out><![CDATA[
Scenario: TC25 - Add new products categories without description data payload                    &amp#27;[90m# src/test/resources/ProductCategories.feature:9&amp#27;[0m
01:28:08.488 [main] INFO io.cucumber.core.plugin.SerenityReporter -- Running feature from file:///D:/TaksAlterra/MiniProject/MiniProject_API/src/test/resources/ProductCategories.feature
01:28:08.489 [main] WARN io.cucumber.core.plugin.SerenityReporter -- Feature from file:///D:/TaksAlterra/MiniProject/MiniProject_API/src/test/resources/ProductCategories.feature is not under the 'features' directory. Requirements report will not be correctly generated!
01:28:08.490 [main] INFO  -- 
  _____   ___   ___   _____     ___   _____     _     ___   _____   ___   ___  
 |_   _| | __| / __| |_   _|   / __| |_   _|   /_\   | _ \ |_   _| | __| |   \ 
   | |   | _|  \__ \   | |     \__ \   | |    / _ \  |   /   | |   | _|  | |) |
   |_|   |___| |___/   |_|     |___/   |_|   /_/ \_\ |_|_\   |_|   |___| |___/ 

TC25 - Add new products categories without description data payload([04-automation]---product-categories;tc25---add-new-products-categories-without-description-data-payload)
--------------------------------------------------------------------------------
01:28:08.495 [main] DEBUG net.thucydides.core.steps.StepInterceptor -- STARTING STEP: ProductCategoriesSteps.postCreateProductCategoriesEndpoints2 - I POST create product categories endpoints 2
01:28:08.495 [main] DEBUG net.thucydides.core.steps.StepInterceptor -- STEP DONE: I POST create product categories endpoints 2
  &amp#27;[32mGiven &amp#27;[0m&amp#27;[32mI POST create product categories endpoints 2&amp#27;[0m                                             &amp#27;[90m# starter.stepdefinition.ProductCategoriesSteps.postCreateProductCategoriesEndpoints2()&amp#27;[0m
01:28:08.496 [main] DEBUG net.thucydides.core.steps.StepInterceptor -- STARTING STEP: ProductCategoriesSteps.postHTTPRequestAddNewCategoriesWithoutDescriptionDataPayload - I POST HTTP request add new categories without description data payload
01:28:08.498 [main] DEBUG net.thucydides.core.steps.StepInterceptor -- STARTING STEP: ProductCategories.postHTTPRequestAddNewCategoriesWithoutDescriptionDataPayload - I POST create product categories endpoints 2
01:28:08.498 [main] DEBUG net.thucydides.core.steps.StepInterceptor -- STEP DONE: I POST create product categories endpoints 2
01:28:08.507 [main] DEBUG org.apache.http.impl.conn.BasicClientConnectionManager -- Get connection for route {s}->https://altashop-api.fly.dev:443
01:28:08.508 [main] DEBUG org.apache.http.impl.conn.DefaultClientConnectionOperator -- Connecting to altashop-api.fly.dev:443
01:28:08.575 [main] DEBUG org.apache.http.client.protocol.RequestAddCookies -- CookieSpec selected: ignoreCookies
01:28:08.575 [main] DEBUG org.apache.http.client.protocol.RequestAuthCache -- Auth cache not set in the context
01:28:08.575 [main] DEBUG org.apache.http.client.protocol.RequestTargetAuthentication -- Target auth state: UNCHALLENGED
01:28:08.575 [main] DEBUG org.apache.http.client.protocol.RequestProxyAuthentication -- Proxy auth state: UNCHALLENGED
01:28:08.575 [main] DEBUG org.apache.http.impl.client.DefaultHttpClient -- Attempt 1 to execute request
01:28:08.575 [main] DEBUG org.apache.http.impl.conn.DefaultClientConnection -- Sending request: POST /api/categories HTTP/1.1
01:28:08.575 [main] DEBUG org.apache.http.wire --  >> "POST /api/categories HTTP/1.1[\r][\n]"
01:28:08.575 [main] DEBUG org.apache.http.wire --  >> "Accept: */*[\r][\n]"
01:28:08.575 [main] DEBUG org.apache.http.wire --  >> "Content-Type: application/json[\r][\n]"
01:28:08.575 [main] DEBUG org.apache.http.wire --  >> "Content-Length: 17[\r][\n]"
01:28:08.575 [main] DEBUG org.apache.http.wire --  >> "Host: altashop-api.fly.dev[\r][\n]"
01:28:08.575 [main] DEBUG org.apache.http.wire --  >> "Connection: Keep-Alive[\r][\n]"
01:28:08.575 [main] DEBUG org.apache.http.wire --  >> "User-Agent: Apache-HttpClient/4.5.13 (Java/17.0.8)[\r][\n]"
01:28:08.575 [main] DEBUG org.apache.http.wire --  >> "Accept-Encoding: gzip,deflate[\r][\n]"
01:28:08.575 [main] DEBUG org.apache.http.wire --  >> "[\r][\n]"
01:28:08.575 [main] DEBUG org.apache.http.headers -- >> POST /api/categories HTTP/1.1
01:28:08.575 [main] DEBUG org.apache.http.headers -- >> Accept: */*
01:28:08.575 [main] DEBUG org.apache.http.headers -- >> Content-Type: application/json
01:28:08.575 [main] DEBUG org.apache.http.headers -- >> Content-Length: 17
01:28:08.575 [main] DEBUG org.apache.http.headers -- >> Host: altashop-api.fly.dev
01:28:08.575 [main] DEBUG org.apache.http.headers -- >> Connection: Keep-Alive
01:28:08.575 [main] DEBUG org.apache.http.headers -- >> User-Agent: Apache-HttpClient/4.5.13 (Java/17.0.8)
01:28:08.575 [main] DEBUG org.apache.http.headers -- >> Accept-Encoding: gzip,deflate
01:28:08.575 [main] DEBUG org.apache.http.wire --  >> "{"name":"gaming"}"
01:28:08.604 [main] DEBUG org.apache.http.wire --  << "HTTP/1.1 200 OK[\r][\n]"
01:28:08.604 [main] DEBUG org.apache.http.wire --  << "content-type: application/json[\r][\n]"
01:28:08.604 [main] DEBUG org.apache.http.wire --  << "date: Thu, 02 Nov 2023 18:28:10 GMT[\r][\n]"
01:28:08.604 [main] DEBUG org.apache.http.wire --  << "content-encoding: gzip[\r][\n]"
01:28:08.604 [main] DEBUG org.apache.http.wire --  << "transfer-encoding: chunked[\r][\n]"
01:28:08.604 [main] DEBUG org.apache.http.wire --  << "server: Fly/7328d5b5 (2023-10-27)[\r][\n]"
01:28:08.604 [main] DEBUG org.apache.http.wire --  << "via: 1.1 fly.io[\r][\n]"
01:28:08.604 [main] DEBUG org.apache.http.wire --  << "fly-request-id: 01HE8MNWSAMPFBQD0JQZRDH6WG-sin[\r][\n]"
01:28:08.604 [main] DEBUG org.apache.http.wire --  << "[\r][\n]"
01:28:08.604 [main] DEBUG org.apache.http.impl.conn.DefaultClientConnection -- Receiving response: HTTP/1.1 200 OK
01:28:08.604 [main] DEBUG org.apache.http.headers -- << HTTP/1.1 200 OK
01:28:08.604 [main] DEBUG org.apache.http.headers -- << content-type: application/json
01:28:08.604 [main] DEBUG org.apache.http.headers -- << date: Thu, 02 Nov 2023 18:28:10 GMT
01:28:08.604 [main] DEBUG org.apache.http.headers -- << content-encoding: gzip
01:28:08.604 [main] DEBUG org.apache.http.headers -- << transfer-encoding: chunked
01:28:08.604 [main] DEBUG org.apache.http.headers -- << server: Fly/7328d5b5 (2023-10-27)
01:28:08.604 [main] DEBUG org.apache.http.headers -- << via: 1.1 fly.io
01:28:08.604 [main] DEBUG org.apache.http.headers -- << fly-request-id: 01HE8MNWSAMPFBQD0JQZRDH6WG-sin
01:28:08.604 [main] DEBUG org.apache.http.impl.client.DefaultHttpClient -- Connection can be kept alive indefinitely
01:28:08.604 [main] DEBUG io.restassured.internal.RestAssuredHttpBuilder -- Parsing response as: application/json
01:28:08.604 [main] DEBUG org.apache.http.wire --  << "4B[\r][\n]"
01:28:08.604 [main] DEBUG org.apache.http.wire --  << "[0x1f][0x8b][0x8][0x0][0x0][0x0][0x0][0x0][0x4][0xff][0xab]VJI,IT[0xb2][0xaa]V[0xf2]tQ[0xb2]264[0xb7]0[0xd6]Q[0xf2]K[0xcc]MU[0xb2]RJO[0xcc][0xcd][0xcc]KW[0xd2]QrI-N.[0xca],([0xc9][0xcc][0xcf]S[0xb2]RR[0xaa][0xad][0xe5][0x2][0x0]![0x98],;7[0x0][0x0][0x0]"
01:28:08.604 [main] DEBUG org.apache.http.wire --  << "[\r][\n]"
01:28:08.604 [main] DEBUG org.apache.http.wire --  << "0[\r][\n]"
01:28:08.604 [main] DEBUG org.apache.http.wire --  << "[\r][\n]"
01:28:08.605 [main] DEBUG io.restassured.internal.RestAssuredHttpBuilder -- Parsed data to instance of: class org.apache.http.conn.EofSensorInputStream
01:28:08.606 [main] DEBUG org.apache.http.impl.conn.BasicClientConnectionManager -- Releasing connection org.apache.http.impl.conn.ManagedClientConnectionImpl@471d6571
01:28:08.606 [main] DEBUG org.apache.http.impl.conn.BasicClientConnectionManager -- Connection can be kept alive indefinitely
01:28:08.606 [main] DEBUG net.thucydides.core.steps.StepInterceptor -- STEP DONE: I POST HTTP request add new categories without description data payload
  &amp#27;[32mWhen &amp#27;[0m&amp#27;[32mI POST HTTP request add new categories without description data payload&amp#27;[0m                   &amp#27;[90m# starter.stepdefinition.ProductCategoriesSteps.postHTTPRequestAddNewCategoriesWithoutDescriptionDataPayload()&amp#27;[0m
01:28:08.608 [main] DEBUG net.thucydides.core.steps.StepInterceptor -- STARTING STEP: ProductCategoriesSteps.receiveResponseDataForAddNewCategoriesWithoutDescriptionDataPayload - I receive response data for add new categories without description data payload
01:28:08.622 [main] DEBUG net.thucydides.core.steps.StepInterceptor -- STEP DONE: I receive response data for add new categories without description data payload
  &amp#27;[32mAnd &amp#27;[0m&amp#27;[32mI receive response data for add new categories without description data payload&amp#27;[0m            &amp#27;[90m# starter.stepdefinition.ProductCategoriesSteps.receiveResponseDataForAddNewCategoriesWithoutDescriptionDataPayload()&amp#27;[0m
01:28:08.625 [main] DEBUG net.thucydides.core.steps.StepInterceptor -- STARTING STEP: ProductCategoriesSteps.receiveResponseCode200ForAddNewCategoriesWithoutDescriptionDataPayload - I receive valid HTTP response 200 for add new categories without description data payload
01:28:08.625 [main] DEBUG net.thucydides.core.steps.StepInterceptor -- STEP DONE: I receive valid HTTP response 200 for add new categories without description data payload
  &amp#27;[32mThen &amp#27;[0m&amp#27;[32mI receive valid HTTP response 200 for add new categories without description data payload&amp#27;[0m &amp#27;[90m# starter.stepdefinition.ProductCategoriesSteps.receiveResponseCode200ForAddNewCategoriesWithoutDescriptionDataPayload()&amp#27;[0m
01:28:08.626 [main] INFO  -- 
  _____   ___   ___   _____     ___     _     ___   ___   ___   ___  
 |_   _| | __| / __| |_   _|   | _ \   /_\   / __| / __| | __| |   \ 
   | |   | _|  \__ \   | |     |  _/  / _ \  \__ \ \__ \ | _|  | |) |
   |_|   |___| |___/   |_|     |_|   /_/ \_\ |___/ |___/ |___| |___/ 

TC25 - Add new products categories without description data payload
----------------------------------------------------------------------
]]></system-out>
  </testcase>
  <testcase name="TC26 - Add new products categories without name data payload" classname="[04_Automation] - Product Categories" time="0.146">
    <system-out><![CDATA[
Scenario: TC26 - Add new products categories without name data payload                    &amp#27;[90m# src/test/resources/ProductCategories.feature:15&amp#27;[0m
01:28:08.636 [main] INFO io.cucumber.core.plugin.SerenityReporter -- Running feature from file:///D:/TaksAlterra/MiniProject/MiniProject_API/src/test/resources/ProductCategories.feature
01:28:08.636 [main] WARN io.cucumber.core.plugin.SerenityReporter -- Feature from file:///D:/TaksAlterra/MiniProject/MiniProject_API/src/test/resources/ProductCategories.feature is not under the 'features' directory. Requirements report will not be correctly generated!
01:28:08.637 [main] INFO  -- 
  _____   ___   ___   _____     ___   _____     _     ___   _____   ___   ___  
 |_   _| | __| / __| |_   _|   / __| |_   _|   /_\   | _ \ |_   _| | __| |   \ 
   | |   | _|  \__ \   | |     \__ \   | |    / _ \  |   /   | |   | _|  | |) |
   |_|   |___| |___/   |_|     |___/   |_|   /_/ \_\ |_|_\   |_|   |___| |___/ 

TC26 - Add new products categories without name data payload([04-automation]---product-categories;tc26---add-new-products-categories-without-name-data-payload)
--------------------------------------------------------------------------------
01:28:08.644 [main] DEBUG net.thucydides.core.steps.StepInterceptor -- STARTING STEP: ProductCategoriesSteps.postCreateProductsCategoriesEndpoint3 - I POST create products categories endpoints 3
01:28:08.644 [main] DEBUG net.thucydides.core.steps.StepInterceptor -- STEP DONE: I POST create products categories endpoints 3
  &amp#27;[32mGiven &amp#27;[0m&amp#27;[32mI POST create products categories endpoints 3&amp#27;[0m                                     &amp#27;[90m# starter.stepdefinition.ProductCategoriesSteps.postCreateProductsCategoriesEndpoint3()&amp#27;[0m
01:28:08.647 [main] DEBUG net.thucydides.core.steps.StepInterceptor -- STARTING STEP: ProductCategoriesSteps.postHTTPRequestAddNewCategoriesWithoutNameDataPayload - I POST HTTP request add new categories without name data payload
01:28:08.648 [main] DEBUG net.thucydides.core.steps.StepInterceptor -- STARTING STEP: ProductCategories.postHTTPRequestAddNewCategoriesWithoutNameDataPayload - I POST create products categories endpoints 3
01:28:08.649 [main] DEBUG net.thucydides.core.steps.StepInterceptor -- STEP DONE: I POST create products categories endpoints 3
01:28:08.656 [main] DEBUG org.apache.http.impl.conn.BasicClientConnectionManager -- Get connection for route {s}->https://altashop-api.fly.dev:443
01:28:08.656 [main] DEBUG org.apache.http.impl.conn.DefaultClientConnectionOperator -- Connecting to altashop-api.fly.dev:443
01:28:08.717 [main] DEBUG org.apache.http.client.protocol.RequestAddCookies -- CookieSpec selected: ignoreCookies
01:28:08.717 [main] DEBUG org.apache.http.client.protocol.RequestAuthCache -- Auth cache not set in the context
01:28:08.717 [main] DEBUG org.apache.http.client.protocol.RequestTargetAuthentication -- Target auth state: UNCHALLENGED
01:28:08.717 [main] DEBUG org.apache.http.client.protocol.RequestProxyAuthentication -- Proxy auth state: UNCHALLENGED
01:28:08.717 [main] DEBUG org.apache.http.impl.client.DefaultHttpClient -- Attempt 1 to execute request
01:28:08.717 [main] DEBUG org.apache.http.impl.conn.DefaultClientConnection -- Sending request: POST /api/categories HTTP/1.1
01:28:08.717 [main] DEBUG org.apache.http.wire --  >> "POST /api/categories HTTP/1.1[\r][\n]"
01:28:08.717 [main] DEBUG org.apache.http.wire --  >> "Accept: */*[\r][\n]"
01:28:08.717 [main] DEBUG org.apache.http.wire --  >> "Content-Type: application/json[\r][\n]"
01:28:08.717 [main] DEBUG org.apache.http.wire --  >> "Content-Length: 37[\r][\n]"
01:28:08.717 [main] DEBUG org.apache.http.wire --  >> "Host: altashop-api.fly.dev[\r][\n]"
01:28:08.717 [main] DEBUG org.apache.http.wire --  >> "Connection: Keep-Alive[\r][\n]"
01:28:08.717 [main] DEBUG org.apache.http.wire --  >> "User-Agent: Apache-HttpClient/4.5.13 (Java/17.0.8)[\r][\n]"
01:28:08.717 [main] DEBUG org.apache.http.wire --  >> "Accept-Encoding: gzip,deflate[\r][\n]"
01:28:08.717 [main] DEBUG org.apache.http.wire --  >> "[\r][\n]"
01:28:08.717 [main] DEBUG org.apache.http.headers -- >> POST /api/categories HTTP/1.1
01:28:08.717 [main] DEBUG org.apache.http.headers -- >> Accept: */*
01:28:08.717 [main] DEBUG org.apache.http.headers -- >> Content-Type: application/json
01:28:08.717 [main] DEBUG org.apache.http.headers -- >> Content-Length: 37
01:28:08.717 [main] DEBUG org.apache.http.headers -- >> Host: altashop-api.fly.dev
01:28:08.717 [main] DEBUG org.apache.http.headers -- >> Connection: Keep-Alive
01:28:08.717 [main] DEBUG org.apache.http.headers -- >> User-Agent: Apache-HttpClient/4.5.13 (Java/17.0.8)
01:28:08.717 [main] DEBUG org.apache.http.headers -- >> Accept-Encoding: gzip,deflate
01:28:08.717 [main] DEBUG org.apache.http.wire --  >> "{"description":"for gaming purposes"}"
01:28:08.746 [main] DEBUG org.apache.http.wire --  << "HTTP/1.1 500 Internal Server Error[\r][\n]"
01:28:08.746 [main] DEBUG org.apache.http.wire --  << "content-type: application/json[\r][\n]"
01:28:08.746 [main] DEBUG org.apache.http.wire --  << "date: Thu, 02 Nov 2023 18:28:10 GMT[\r][\n]"
01:28:08.746 [main] DEBUG org.apache.http.wire --  << "content-encoding: gzip[\r][\n]"
01:28:08.746 [main] DEBUG org.apache.http.wire --  << "transfer-encoding: chunked[\r][\n]"
01:28:08.746 [main] DEBUG org.apache.http.wire --  << "server: Fly/7328d5b5 (2023-10-27)[\r][\n]"
01:28:08.746 [main] DEBUG org.apache.http.wire --  << "via: 1.1 fly.io[\r][\n]"
01:28:08.746 [main] DEBUG org.apache.http.wire --  << "fly-request-id: 01HE8MNWXSY3GTCEKDQWV7GC39-sin[\r][\n]"
01:28:08.746 [main] DEBUG org.apache.http.wire --  << "[\r][\n]"
01:28:08.746 [main] DEBUG org.apache.http.impl.conn.DefaultClientConnection -- Receiving response: HTTP/1.1 500 Internal Server Error
01:28:08.746 [main] DEBUG org.apache.http.headers -- << HTTP/1.1 500 Internal Server Error
01:28:08.746 [main] DEBUG org.apache.http.headers -- << content-type: application/json
01:28:08.746 [main] DEBUG org.apache.http.headers -- << date: Thu, 02 Nov 2023 18:28:10 GMT
01:28:08.746 [main] DEBUG org.apache.http.headers -- << content-encoding: gzip
01:28:08.746 [main] DEBUG org.apache.http.headers -- << transfer-encoding: chunked
01:28:08.746 [main] DEBUG org.apache.http.headers -- << server: Fly/7328d5b5 (2023-10-27)
01:28:08.746 [main] DEBUG org.apache.http.headers -- << via: 1.1 fly.io
01:28:08.746 [main] DEBUG org.apache.http.headers -- << fly-request-id: 01HE8MNWXSY3GTCEKDQWV7GC39-sin
01:28:08.746 [main] DEBUG org.apache.http.impl.client.DefaultHttpClient -- Connection can be kept alive indefinitely
01:28:08.746 [main] DEBUG io.restassured.internal.RestAssuredHttpBuilder -- Parsing response as: application/json
01:28:08.746 [main] DEBUG org.apache.http.wire --  << "82[\r][\n]"
01:28:08.746 [main] DEBUG org.apache.http.wire --  << "[0x1f][0x8b][0x8][0x0][0x0][0x0][0x0][0x0][0x4][0xff][0xab]VJ-*[0xca]/R[0xb2]Rr[\r][\n]"
01:28:08.746 [main] DEBUG org.apache.http.wire --  << "[0xf2][0xf][0xb2]R[0xc8]K-W([0xca]/WH[0xcb]/R(J[0xcd]I,[0xc9][0xcc][0xcf]S[0x88]QJN,IM[0xcf]/[0xca]L-[0x8e]QR([0xcb][0xcc][0xcf]I,I-VH[0xce]HM[0xce]VH[0xce][0xcf]+.)J[0xcc][0xcc]+AQ[0x18][0x9f][0x97][0x98][0x9b][0x1a][0xf]V[0x12][0xa3][0xa4][0xa0][0x11][0x1c][0xe8][0x13][0x1c][0xe2][0x18][0xe2][0xaa]`dljh[0xa2][0xa9]T[0xcb][0x5][0x0]p%[0xdd]o|[0x0][0x0][0x0]"
01:28:08.746 [main] DEBUG org.apache.http.wire --  << "[\r][\n]"
01:28:08.746 [main] DEBUG org.apache.http.wire --  << "0[\r][\n]"
01:28:08.746 [main] DEBUG org.apache.http.wire --  << "[\r][\n]"
01:28:08.746 [main] DEBUG io.restassured.internal.RestAssuredHttpBuilder -- Parsed data to instance of: class org.apache.http.conn.EofSensorInputStream
01:28:08.748 [main] DEBUG org.apache.http.impl.conn.BasicClientConnectionManager -- Releasing connection org.apache.http.impl.conn.ManagedClientConnectionImpl@60e5b3a8
01:28:08.748 [main] DEBUG org.apache.http.impl.conn.BasicClientConnectionManager -- Connection can be kept alive indefinitely
01:28:08.749 [main] DEBUG net.thucydides.core.steps.StepInterceptor -- STEP DONE: I POST HTTP request add new categories without name data payload
  &amp#27;[32mWhen &amp#27;[0m&amp#27;[32mI POST HTTP request add new categories without name data payload&amp#27;[0m                   &amp#27;[90m# starter.stepdefinition.ProductCategoriesSteps.postHTTPRequestAddNewCategoriesWithoutNameDataPayload()&amp#27;[0m
01:28:08.752 [main] DEBUG net.thucydides.core.steps.StepInterceptor -- STARTING STEP: ProductCategoriesSteps.receiveResponseDataForAddNewCategoriesWithoutNameDataPayload - I receive response data for add new categories without name data payload
01:28:08.768 [main] DEBUG net.thucydides.core.steps.StepInterceptor -- STEP DONE: I receive response data for add new categories without name data payload
  &amp#27;[32mAnd &amp#27;[0m&amp#27;[32mI receive response data for add new categories without name data payload&amp#27;[0m            &amp#27;[90m# starter.stepdefinition.ProductCategoriesSteps.receiveResponseDataForAddNewCategoriesWithoutNameDataPayload()&amp#27;[0m
01:28:08.771 [main] DEBUG net.thucydides.core.steps.StepInterceptor -- STARTING STEP: ProductCategoriesSteps.receiveResponseCode500ForAddNewCategoriesWithoutNameDataPayload - I receive valid HTTP response 500 for add new categories without name data payload
01:28:08.771 [main] DEBUG net.thucydides.core.steps.StepInterceptor -- STEP DONE: I receive valid HTTP response 500 for add new categories without name data payload
  &amp#27;[32mThen &amp#27;[0m&amp#27;[32mI receive valid HTTP response 500 for add new categories without name data payload&amp#27;[0m &amp#27;[90m# starter.stepdefinition.ProductCategoriesSteps.receiveResponseCode500ForAddNewCategoriesWithoutNameDataPayload()&amp#27;[0m
01:28:08.772 [main] INFO  -- 
  _____   ___   ___   _____     ___     _     ___   ___   ___   ___  
 |_   _| | __| / __| |_   _|   | _ \   /_\   / __| / __| | __| |   \ 
   | |   | _|  \__ \   | |     |  _/  / _ \  \__ \ \__ \ | _|  | |) |
   |_|   |___| |___/   |_|     |_|   /_/ \_\ |___/ |___/ |___| |___/ 

TC26 - Add new products categories without name data payload
----------------------------------------------------------------------
]]></system-out>
  </testcase>
  <testcase name="TC27 - Add new products categories with invalid payload format" classname="[04_Automation] - Product Categories" time="0.151">
    <system-out><![CDATA[
Scenario: TC27 - Add new products categories with invalid payload format                    &amp#27;[90m# src/test/resources/ProductCategories.feature:21&amp#27;[0m
01:28:08.780 [main] INFO io.cucumber.core.plugin.SerenityReporter -- Running feature from file:///D:/TaksAlterra/MiniProject/MiniProject_API/src/test/resources/ProductCategories.feature
01:28:08.780 [main] WARN io.cucumber.core.plugin.SerenityReporter -- Feature from file:///D:/TaksAlterra/MiniProject/MiniProject_API/src/test/resources/ProductCategories.feature is not under the 'features' directory. Requirements report will not be correctly generated!
01:28:08.781 [main] INFO  -- 
  _____   ___   ___   _____     ___   _____     _     ___   _____   ___   ___  
 |_   _| | __| / __| |_   _|   / __| |_   _|   /_\   | _ \ |_   _| | __| |   \ 
   | |   | _|  \__ \   | |     \__ \   | |    / _ \  |   /   | |   | _|  | |) |
   |_|   |___| |___/   |_|     |___/   |_|   /_/ \_\ |_|_\   |_|   |___| |___/ 

TC27 - Add new products categories with invalid payload format([04-automation]---product-categories;tc27---add-new-products-categories-with-invalid-payload-format)
--------------------------------------------------------------------------------
01:28:08.785 [main] DEBUG net.thucydides.core.steps.StepInterceptor -- STARTING STEP: ProductCategoriesSteps.postCreateProductsCategoriesEndpoints4 - I POST create products categories endpoints 4
01:28:08.786 [main] DEBUG net.thucydides.core.steps.StepInterceptor -- STEP DONE: I POST create products categories endpoints 4
  &amp#27;[32mGiven &amp#27;[0m&amp#27;[32mI POST create products categories endpoints 4&amp#27;[0m                                       &amp#27;[90m# starter.stepdefinition.ProductCategoriesSteps.postCreateProductsCategoriesEndpoints4()&amp#27;[0m
01:28:08.800 [main] DEBUG net.thucydides.core.steps.StepInterceptor -- STARTING STEP: ProductCategoriesSteps.postHTTPRequestAddNewCategoriesWithInvalidPayloadFormat - I POST HTTP request add new categories with invalid payload format
01:28:08.800 [main] DEBUG net.thucydides.core.steps.StepInterceptor -- STARTING STEP: ProductCategories.postHTTPRequestAddNewCategoriesWithInvalidPayloadFormat - I POST create products categories endpoints 4
01:28:08.800 [main] DEBUG net.thucydides.core.steps.StepInterceptor -- STEP DONE: I POST create products categories endpoints 4
01:28:08.807 [main] DEBUG org.apache.http.impl.conn.BasicClientConnectionManager -- Get connection for route {s}->https://altashop-api.fly.dev:443
01:28:08.807 [main] DEBUG org.apache.http.impl.conn.DefaultClientConnectionOperator -- Connecting to altashop-api.fly.dev:443
01:28:08.856 [main] DEBUG org.apache.http.client.protocol.RequestAddCookies -- CookieSpec selected: ignoreCookies
01:28:08.856 [main] DEBUG org.apache.http.client.protocol.RequestAuthCache -- Auth cache not set in the context
01:28:08.856 [main] DEBUG org.apache.http.client.protocol.RequestTargetAuthentication -- Target auth state: UNCHALLENGED
01:28:08.856 [main] DEBUG org.apache.http.client.protocol.RequestProxyAuthentication -- Proxy auth state: UNCHALLENGED
01:28:08.856 [main] DEBUG org.apache.http.impl.client.DefaultHttpClient -- Attempt 1 to execute request
01:28:08.856 [main] DEBUG org.apache.http.impl.conn.DefaultClientConnection -- Sending request: POST /api/categories HTTP/1.1
01:28:08.856 [main] DEBUG org.apache.http.wire --  >> "POST /api/categories HTTP/1.1[\r][\n]"
01:28:08.856 [main] DEBUG org.apache.http.wire --  >> "Accept: */*[\r][\n]"
01:28:08.856 [main] DEBUG org.apache.http.wire --  >> "Content-Type: application/json[\r][\n]"
01:28:08.856 [main] DEBUG org.apache.http.wire --  >> "Content-Length: 51[\r][\n]"
01:28:08.856 [main] DEBUG org.apache.http.wire --  >> "Host: altashop-api.fly.dev[\r][\n]"
01:28:08.856 [main] DEBUG org.apache.http.wire --  >> "Connection: Keep-Alive[\r][\n]"
01:28:08.856 [main] DEBUG org.apache.http.wire --  >> "User-Agent: Apache-HttpClient/4.5.13 (Java/17.0.8)[\r][\n]"
01:28:08.856 [main] DEBUG org.apache.http.wire --  >> "Accept-Encoding: gzip,deflate[\r][\n]"
01:28:08.856 [main] DEBUG org.apache.http.wire --  >> "[\r][\n]"
01:28:08.856 [main] DEBUG org.apache.http.headers -- >> POST /api/categories HTTP/1.1
01:28:08.856 [main] DEBUG org.apache.http.headers -- >> Accept: */*
01:28:08.856 [main] DEBUG org.apache.http.headers -- >> Content-Type: application/json
01:28:08.856 [main] DEBUG org.apache.http.headers -- >> Content-Length: 51
01:28:08.856 [main] DEBUG org.apache.http.headers -- >> Host: altashop-api.fly.dev
01:28:08.856 [main] DEBUG org.apache.http.headers -- >> Connection: Keep-Alive
01:28:08.856 [main] DEBUG org.apache.http.headers -- >> User-Agent: Apache-HttpClient/4.5.13 (Java/17.0.8)
01:28:08.856 [main] DEBUG org.apache.http.headers -- >> Accept-Encoding: gzip,deflate
01:28:08.856 [main] DEBUG org.apache.http.wire --  >> "{"nama":"gaming","deskripsi":"for gaming purposes"}"
01:28:08.882 [main] DEBUG org.apache.http.wire --  << "HTTP/1.1 500 Internal Server Error[\r][\n]"
01:28:08.882 [main] DEBUG org.apache.http.wire --  << "content-type: application/json[\r][\n]"
01:28:08.882 [main] DEBUG org.apache.http.wire --  << "date: Thu, 02 Nov 2023 18:28:10 GMT[\r][\n]"
01:28:08.882 [main] DEBUG org.apache.http.wire --  << "content-encoding: gzip[\r][\n]"
01:28:08.882 [main] DEBUG org.apache.http.wire --  << "transfer-encoding: chunked[\r][\n]"
01:28:08.882 [main] DEBUG org.apache.http.wire --  << "server: Fly/7328d5b5 (2023-10-27)[\r][\n]"
01:28:08.882 [main] DEBUG org.apache.http.wire --  << "via: 1.1 fly.io[\r][\n]"
01:28:08.882 [main] DEBUG org.apache.http.wire --  << "fly-request-id: 01HE8MNX22GTRFBK89DABV23RB-sin[\r][\n]"
01:28:08.882 [main] DEBUG org.apache.http.wire --  << "[\r][\n]"
01:28:08.882 [main] DEBUG org.apache.http.impl.conn.DefaultClientConnection -- Receiving response: HTTP/1.1 500 Internal Server Error
01:28:08.882 [main] DEBUG org.apache.http.headers -- << HTTP/1.1 500 Internal Server Error
01:28:08.882 [main] DEBUG org.apache.http.headers -- << content-type: application/json
01:28:08.882 [main] DEBUG org.apache.http.headers -- << date: Thu, 02 Nov 2023 18:28:10 GMT
01:28:08.882 [main] DEBUG org.apache.http.headers -- << content-encoding: gzip
01:28:08.882 [main] DEBUG org.apache.http.headers -- << transfer-encoding: chunked
01:28:08.882 [main] DEBUG org.apache.http.headers -- << server: Fly/7328d5b5 (2023-10-27)
01:28:08.882 [main] DEBUG org.apache.http.headers -- << via: 1.1 fly.io
01:28:08.882 [main] DEBUG org.apache.http.headers -- << fly-request-id: 01HE8MNX22GTRFBK89DABV23RB-sin
01:28:08.882 [main] DEBUG org.apache.http.impl.client.DefaultHttpClient -- Connection can be kept alive indefinitely
01:28:08.882 [main] DEBUG io.restassured.internal.RestAssuredHttpBuilder -- Parsing response as: application/json
01:28:08.882 [main] DEBUG org.apache.http.wire --  << "82[\r][\n]"
01:28:08.882 [main] DEBUG org.apache.http.wire --  << "[0x1f][0x8b][0x8][0x0][0x0][0x0][0x0][0x0][0x4][0xff][0xab]VJ-*[0xca]/R[0xb2]Rr[\r][\n]"
01:28:08.882 [main] DEBUG org.apache.http.wire --  << "[0xf2][0xf][0xb2]R[0xc8]K-W([0xca]/WH[0xcb]/R(J[0xcd]I,[0xc9][0xcc][0xcf]S[0x88]QJN,IM[0xcf]/[0xca]L-[0x8e]QR([0xcb][0xcc][0xcf]I,I-VH[0xce]HM[0xce]VH[0xce][0xcf]+.)J[0xcc][0xcc]+AQ[0x18][0x9f][0x97][0x98][0x9b][0x1a][0xf]V[0x12][0xa3][0xa4][0xa0][0x11][0x1c][0xe8][0x13][0x1c][0xe2][0x18][0xe2][0xaa]`dljh[0xa2][0xa9]T[0xcb][0x5][0x0]p%[0xdd]o|[0x0][0x0][0x0]"
01:28:08.882 [main] DEBUG org.apache.http.wire --  << "[\r][\n]"
01:28:08.882 [main] DEBUG org.apache.http.wire --  << "0[\r][\n]"
01:28:08.882 [main] DEBUG org.apache.http.wire --  << "[\r][\n]"
01:28:08.882 [main] DEBUG io.restassured.internal.RestAssuredHttpBuilder -- Parsed data to instance of: class org.apache.http.conn.EofSensorInputStream
01:28:08.883 [main] DEBUG org.apache.http.impl.conn.BasicClientConnectionManager -- Releasing connection org.apache.http.impl.conn.ManagedClientConnectionImpl@2c376461
01:28:08.884 [main] DEBUG org.apache.http.impl.conn.BasicClientConnectionManager -- Connection can be kept alive indefinitely
01:28:08.884 [main] DEBUG net.thucydides.core.steps.StepInterceptor -- STEP DONE: I POST HTTP request add new categories with invalid payload format
  &amp#27;[32mWhen &amp#27;[0m&amp#27;[32mI POST HTTP request add new categories with invalid payload format&amp#27;[0m                   &amp#27;[90m# starter.stepdefinition.ProductCategoriesSteps.postHTTPRequestAddNewCategoriesWithInvalidPayloadFormat()&amp#27;[0m
01:28:08.886 [main] DEBUG net.thucydides.core.steps.StepInterceptor -- STARTING STEP: ProductCategoriesSteps.receiveResponseDataForAddNewCategoriesWithInvalidPayloadFormat - I receive response data for add new categories with invalid payload format
01:28:08.917 [main] DEBUG net.thucydides.core.steps.StepInterceptor -- STEP DONE: I receive response data for add new categories with invalid payload format
  &amp#27;[32mAnd &amp#27;[0m&amp#27;[32mI receive response data for add new categories with invalid payload format&amp#27;[0m            &amp#27;[90m# starter.stepdefinition.ProductCategoriesSteps.receiveResponseDataForAddNewCategoriesWithInvalidPayloadFormat()&amp#27;[0m
01:28:08.922 [main] DEBUG net.thucydides.core.steps.StepInterceptor -- STARTING STEP: ProductCategoriesSteps.receiveResponseCode500ForAddNewCategoriesWithInvalidPayloadFormat - I receive valid HTTP response 500 for add new categories with invalid payload format
01:28:08.923 [main] DEBUG net.thucydides.core.steps.StepInterceptor -- STEP DONE: I receive valid HTTP response 500 for add new categories with invalid payload format
  &amp#27;[32mThen &amp#27;[0m&amp#27;[32mI receive valid HTTP response 500 for add new categories with invalid payload format&amp#27;[0m &amp#27;[90m# starter.stepdefinition.ProductCategoriesSteps.receiveResponseCode500ForAddNewCategoriesWithInvalidPayloadFormat()&amp#27;[0m
01:28:08.924 [main] INFO  -- 
  _____   ___   ___   _____     ___     _     ___   ___   ___   ___  
 |_   _| | __| / __| |_   _|   | _ \   /_\   / __| / __| | __| |   \ 
   | |   | _|  \__ \   | |     |  _/  / _ \  \__ \ \__ \ | _|  | |) |
   |_|   |___| |___/   |_|     |_|   /_/ \_\ |___/ |___/ |___| |___/ 

TC27 - Add new products categories with invalid payload format
----------------------------------------------------------------------
]]></system-out>
  </testcase>
  <testcase name="TC28 -  Add new products categories with body parameter is empty" classname="[04_Automation] - Product Categories" time="0.108">
    <system-out><![CDATA[
Scenario: TC28 -  Add new products categories with body parameter is empty                            &amp#27;[90m# src/test/resources/ProductCategories.feature:27&amp#27;[0m
01:28:08.930 [main] INFO io.cucumber.core.plugin.SerenityReporter -- Running feature from file:///D:/TaksAlterra/MiniProject/MiniProject_API/src/test/resources/ProductCategories.feature
01:28:08.930 [main] WARN io.cucumber.core.plugin.SerenityReporter -- Feature from file:///D:/TaksAlterra/MiniProject/MiniProject_API/src/test/resources/ProductCategories.feature is not under the 'features' directory. Requirements report will not be correctly generated!
01:28:08.931 [main] INFO  -- 
  _____   ___   ___   _____     ___   _____     _     ___   _____   ___   ___  
 |_   _| | __| / __| |_   _|   / __| |_   _|   /_\   | _ \ |_   _| | __| |   \ 
   | |   | _|  \__ \   | |     \__ \   | |    / _ \  |   /   | |   | _|  | |) |
   |_|   |___| |___/   |_|     |___/   |_|   /_/ \_\ |_|_\   |_|   |___| |___/ 

TC28 -  Add new products categories with body parameter is empty([04-automation]---product-categories;tc28----add-new-products-categories-with-body-parameter-is-empty)
--------------------------------------------------------------------------------
01:28:08.935 [main] DEBUG net.thucydides.core.steps.StepInterceptor -- STARTING STEP: ProductCategoriesSteps.postAddNewProductsCategoriesEndpoints5 - I POST add new products categories endpoints 5
01:28:08.935 [main] DEBUG net.thucydides.core.steps.StepInterceptor -- STEP DONE: I POST add new products categories endpoints 5
  &amp#27;[32mGiven &amp#27;[0m&amp#27;[32mI POST add new products categories endpoints 5&amp#27;[0m                                                &amp#27;[90m# starter.stepdefinition.ProductCategoriesSteps.postAddNewProductsCategoriesEndpoints5()&amp#27;[0m
01:28:08.937 [main] DEBUG net.thucydides.core.steps.StepInterceptor -- STARTING STEP: ProductCategoriesSteps.postHTTPRequestForAddNewProductsCategoriesWithBodyParameterIsEmpty - I POST HTTP request for add new products categories with body parameter is empty
01:28:08.938 [main] DEBUG net.thucydides.core.steps.StepInterceptor -- STARTING STEP: ProductCategories.postHTTPRequestForAddNewProductsCategoriesWithBodyParameterIsEmpty - I POST add new products categories endpoints 5
01:28:08.938 [main] DEBUG net.thucydides.core.steps.StepInterceptor -- STEP DONE: I POST add new products categories endpoints 5
01:28:08.945 [main] DEBUG org.apache.http.impl.conn.BasicClientConnectionManager -- Get connection for route {s}->https://altashop-api.fly.dev:443
01:28:08.945 [main] DEBUG org.apache.http.impl.conn.DefaultClientConnectionOperator -- Connecting to altashop-api.fly.dev:443
01:28:09.000 [main] DEBUG org.apache.http.client.protocol.RequestAddCookies -- CookieSpec selected: ignoreCookies
01:28:09.000 [main] DEBUG org.apache.http.client.protocol.RequestAuthCache -- Auth cache not set in the context
01:28:09.000 [main] DEBUG org.apache.http.client.protocol.RequestTargetAuthentication -- Target auth state: UNCHALLENGED
01:28:09.000 [main] DEBUG org.apache.http.client.protocol.RequestProxyAuthentication -- Proxy auth state: UNCHALLENGED
01:28:09.000 [main] DEBUG org.apache.http.impl.client.DefaultHttpClient -- Attempt 1 to execute request
01:28:09.000 [main] DEBUG org.apache.http.impl.conn.DefaultClientConnection -- Sending request: POST /api/categories HTTP/1.1
01:28:09.000 [main] DEBUG org.apache.http.wire --  >> "POST /api/categories HTTP/1.1[\r][\n]"
01:28:09.000 [main] DEBUG org.apache.http.wire --  >> "Accept: */*[\r][\n]"
01:28:09.000 [main] DEBUG org.apache.http.wire --  >> "Content-Type: application/json[\r][\n]"
01:28:09.000 [main] DEBUG org.apache.http.wire --  >> "Content-Length: 28[\r][\n]"
01:28:09.000 [main] DEBUG org.apache.http.wire --  >> "Host: altashop-api.fly.dev[\r][\n]"
01:28:09.000 [main] DEBUG org.apache.http.wire --  >> "Connection: Keep-Alive[\r][\n]"
01:28:09.000 [main] DEBUG org.apache.http.wire --  >> "User-Agent: Apache-HttpClient/4.5.13 (Java/17.0.8)[\r][\n]"
01:28:09.000 [main] DEBUG org.apache.http.wire --  >> "Accept-Encoding: gzip,deflate[\r][\n]"
01:28:09.000 [main] DEBUG org.apache.http.wire --  >> "[\r][\n]"
01:28:09.000 [main] DEBUG org.apache.http.headers -- >> POST /api/categories HTTP/1.1
01:28:09.000 [main] DEBUG org.apache.http.headers -- >> Accept: */*
01:28:09.000 [main] DEBUG org.apache.http.headers -- >> Content-Type: application/json
01:28:09.000 [main] DEBUG org.apache.http.headers -- >> Content-Length: 28
01:28:09.000 [main] DEBUG org.apache.http.headers -- >> Host: altashop-api.fly.dev
01:28:09.000 [main] DEBUG org.apache.http.headers -- >> Connection: Keep-Alive
01:28:09.000 [main] DEBUG org.apache.http.headers -- >> User-Agent: Apache-HttpClient/4.5.13 (Java/17.0.8)
01:28:09.000 [main] DEBUG org.apache.http.headers -- >> Accept-Encoding: gzip,deflate
01:28:09.000 [main] DEBUG org.apache.http.wire --  >> "{"name":"","description":""}"
01:28:09.027 [main] DEBUG org.apache.http.wire --  << "HTTP/1.1 500 Internal Server Error[\r][\n]"
01:28:09.027 [main] DEBUG org.apache.http.wire --  << "content-type: application/json[\r][\n]"
01:28:09.027 [main] DEBUG org.apache.http.wire --  << "date: Thu, 02 Nov 2023 18:28:10 GMT[\r][\n]"
01:28:09.027 [main] DEBUG org.apache.http.wire --  << "content-encoding: gzip[\r][\n]"
01:28:09.027 [main] DEBUG org.apache.http.wire --  << "transfer-encoding: chunked[\r][\n]"
01:28:09.027 [main] DEBUG org.apache.http.wire --  << "server: Fly/7328d5b5 (2023-10-27)[\r][\n]"
01:28:09.027 [main] DEBUG org.apache.http.wire --  << "via: 1.1 fly.io[\r][\n]"
01:28:09.027 [main] DEBUG org.apache.http.wire --  << "fly-request-id: 01HE8MNX6MBMPFKJ5YBFXSS9RM-sin[\r][\n]"
01:28:09.027 [main] DEBUG org.apache.http.wire --  << "[\r][\n]"
01:28:09.027 [main] DEBUG org.apache.http.impl.conn.DefaultClientConnection -- Receiving response: HTTP/1.1 500 Internal Server Error
01:28:09.027 [main] DEBUG org.apache.http.headers -- << HTTP/1.1 500 Internal Server Error
01:28:09.027 [main] DEBUG org.apache.http.headers -- << content-type: application/json
01:28:09.027 [main] DEBUG org.apache.http.headers -- << date: Thu, 02 Nov 2023 18:28:10 GMT
01:28:09.027 [main] DEBUG org.apache.http.headers -- << content-encoding: gzip
01:28:09.027 [main] DEBUG org.apache.http.headers -- << transfer-encoding: chunked
01:28:09.027 [main] DEBUG org.apache.http.headers -- << server: Fly/7328d5b5 (2023-10-27)
01:28:09.027 [main] DEBUG org.apache.http.headers -- << via: 1.1 fly.io
01:28:09.027 [main] DEBUG org.apache.http.headers -- << fly-request-id: 01HE8MNX6MBMPFKJ5YBFXSS9RM-sin
01:28:09.027 [main] DEBUG org.apache.http.impl.client.DefaultHttpClient -- Connection can be kept alive indefinitely
01:28:09.028 [main] DEBUG io.restassured.internal.RestAssuredHttpBuilder -- Parsing response as: application/json
01:28:09.028 [main] DEBUG org.apache.http.wire --  << "82[\r][\n]"
01:28:09.028 [main] DEBUG org.apache.http.wire --  << "[0x1f][0x8b][0x8][0x0][0x0][0x0][0x0][0x0][0x4][0xff][0xab]VJ-*[0xca]/R[0xb2]Rr[\r][\n]"
01:28:09.028 [main] DEBUG org.apache.http.wire --  << "[0xf2][0xf][0xb2]R[0xc8]K-W([0xca]/WH[0xcb]/R(J[0xcd]I,[0xc9][0xcc][0xcf]S[0x88]QJN,IM[0xcf]/[0xca]L-[0x8e]QR([0xcb][0xcc][0xcf]I,I-VH[0xce]HM[0xce]VH[0xce][0xcf]+.)J[0xcc][0xcc]+AQ[0x18][0x9f][0x97][0x98][0x9b][0x1a][0xf]V[0x12][0xa3][0xa4][0xa0][0x11][0x1c][0xe8][0x13][0x1c][0xe2][0x18][0xe2][0xaa]`dljh[0xa2][0xa9]T[0xcb][0x5][0x0]p%[0xdd]o|[0x0][0x0][0x0]"
01:28:09.028 [main] DEBUG org.apache.http.wire --  << "[\r][\n]"
01:28:09.028 [main] DEBUG org.apache.http.wire --  << "0[\r][\n]"
01:28:09.028 [main] DEBUG org.apache.http.wire --  << "[\r][\n]"
01:28:09.028 [main] DEBUG io.restassured.internal.RestAssuredHttpBuilder -- Parsed data to instance of: class org.apache.http.conn.EofSensorInputStream
01:28:09.029 [main] DEBUG org.apache.http.impl.conn.BasicClientConnectionManager -- Releasing connection org.apache.http.impl.conn.ManagedClientConnectionImpl@54c697c
01:28:09.029 [main] DEBUG org.apache.http.impl.conn.BasicClientConnectionManager -- Connection can be kept alive indefinitely
01:28:09.029 [main] DEBUG net.thucydides.core.steps.StepInterceptor -- STEP DONE: I POST HTTP request for add new products categories with body parameter is empty
  &amp#27;[32mWhen &amp#27;[0m&amp#27;[32mI POST HTTP request for add new products categories with body parameter is empty&amp#27;[0m               &amp#27;[90m# starter.stepdefinition.ProductCategoriesSteps.postHTTPRequestForAddNewProductsCategoriesWithBodyParameterIsEmpty()&amp#27;[0m
01:28:09.031 [main] DEBUG net.thucydides.core.steps.StepInterceptor -- STARTING STEP: ProductCategoriesSteps.receiveResponseCode500ForAddNewProductsCategoriesWithBodyParameterIsEmpty - I receive valid HTTP response 500 for add new products categories with body parameter is empty
01:28:09.031 [main] DEBUG net.thucydides.core.steps.StepInterceptor -- STEP DONE: I receive valid HTTP response 500 for add new products categories with body parameter is empty
  &amp#27;[32mThen &amp#27;[0m&amp#27;[32mI receive valid HTTP response 500 for add new products categories with body parameter is empty&amp#27;[0m &amp#27;[90m# starter.stepdefinition.ProductCategoriesSteps.receiveResponseCode500ForAddNewProductsCategoriesWithBodyParameterIsEmpty()&amp#27;[0m
01:28:09.033 [main] INFO  -- 
  _____   ___   ___   _____     ___     _     ___   ___   ___   ___  
 |_   _| | __| / __| |_   _|   | _ \   /_\   / __| / __| | __| |   \ 
   | |   | _|  \__ \   | |     |  _/  / _ \  \__ \ \__ \ | _|  | |) |
   |_|   |___| |___/   |_|     |_|   /_/ \_\ |___/ |___/ |___| |___/ 

TC28 -  Add new products categories with body parameter is empty
----------------------------------------------------------------------
]]></system-out>
  </testcase>
  <testcase name="TC29 - Get all products categories" classname="[04_Automation] - Product Categories" time="0.173">
    <system-out><![CDATA[
Scenario: TC29 - Get all products categories                             &amp#27;[90m# src/test/resources/ProductCategories.feature:32&amp#27;[0m
01:28:09.041 [main] INFO io.cucumber.core.plugin.SerenityReporter -- Running feature from file:///D:/TaksAlterra/MiniProject/MiniProject_API/src/test/resources/ProductCategories.feature
01:28:09.041 [main] WARN io.cucumber.core.plugin.SerenityReporter -- Feature from file:///D:/TaksAlterra/MiniProject/MiniProject_API/src/test/resources/ProductCategories.feature is not under the 'features' directory. Requirements report will not be correctly generated!
01:28:09.043 [main] INFO  -- 
  _____   ___   ___   _____     ___   _____     _     ___   _____   ___   ___  
 |_   _| | __| / __| |_   _|   / __| |_   _|   /_\   | _ \ |_   _| | __| |   \ 
   | |   | _|  \__ \   | |     \__ \   | |    / _ \  |   /   | |   | _|  | |) |
   |_|   |___| |___/   |_|     |___/   |_|   /_/ \_\ |_|_\   |_|   |___| |___/ 

TC29 - Get all products categories([04-automation]---product-categories;tc29---get-all-products-categories)
--------------------------------------------------------------------------------
01:28:09.051 [main] DEBUG net.thucydides.core.steps.StepInterceptor -- STARTING STEP: ProductCategoriesSteps.getAllProductsCategoriesEndponts - I GET all products categories endpoint
01:28:09.051 [main] DEBUG net.thucydides.core.steps.StepInterceptor -- STEP DONE: I GET all products categories endpoint
  &amp#27;[32mGiven &amp#27;[0m&amp#27;[32mI GET all products categories endpoints&amp#27;[0m                          &amp#27;[90m# starter.stepdefinition.ProductCategoriesSteps.getAllProductsCategoriesEndponts()&amp#27;[0m
01:28:09.053 [main] DEBUG net.thucydides.core.steps.StepInterceptor -- STARTING STEP: ProductCategoriesSteps.getHTTPRequestWithAllProductsCategories - I GET HTTP request with valid endpoints all products categories
01:28:09.054 [main] DEBUG net.thucydides.core.steps.StepInterceptor -- STARTING STEP: ProductCategories.getHTTPRequestWithAllProductsCategories - I GET all products categories endpoint
01:28:09.054 [main] DEBUG net.thucydides.core.steps.StepInterceptor -- STEP DONE: I GET all products categories endpoint
01:28:09.059 [main] DEBUG org.apache.http.impl.conn.BasicClientConnectionManager -- Get connection for route {s}->https://altashop-api.fly.dev:443
01:28:09.059 [main] DEBUG org.apache.http.impl.conn.DefaultClientConnectionOperator -- Connecting to altashop-api.fly.dev:443
01:28:09.109 [main] DEBUG org.apache.http.client.protocol.RequestAddCookies -- CookieSpec selected: ignoreCookies
01:28:09.109 [main] DEBUG org.apache.http.client.protocol.RequestAuthCache -- Auth cache not set in the context
01:28:09.109 [main] DEBUG org.apache.http.client.protocol.RequestTargetAuthentication -- Target auth state: UNCHALLENGED
01:28:09.109 [main] DEBUG org.apache.http.client.protocol.RequestProxyAuthentication -- Proxy auth state: UNCHALLENGED
01:28:09.109 [main] DEBUG org.apache.http.impl.client.DefaultHttpClient -- Attempt 1 to execute request
01:28:09.109 [main] DEBUG org.apache.http.impl.conn.DefaultClientConnection -- Sending request: GET /api/categories HTTP/1.1
01:28:09.109 [main] DEBUG org.apache.http.wire --  >> "GET /api/categories HTTP/1.1[\r][\n]"
01:28:09.109 [main] DEBUG org.apache.http.wire --  >> "Accept: */*[\r][\n]"
01:28:09.109 [main] DEBUG org.apache.http.wire --  >> "Host: altashop-api.fly.dev[\r][\n]"
01:28:09.109 [main] DEBUG org.apache.http.wire --  >> "Connection: Keep-Alive[\r][\n]"
01:28:09.109 [main] DEBUG org.apache.http.wire --  >> "User-Agent: Apache-HttpClient/4.5.13 (Java/17.0.8)[\r][\n]"
01:28:09.109 [main] DEBUG org.apache.http.wire --  >> "Accept-Encoding: gzip,deflate[\r][\n]"
01:28:09.109 [main] DEBUG org.apache.http.wire --  >> "[\r][\n]"
01:28:09.109 [main] DEBUG org.apache.http.headers -- >> GET /api/categories HTTP/1.1
01:28:09.109 [main] DEBUG org.apache.http.headers -- >> Accept: */*
01:28:09.109 [main] DEBUG org.apache.http.headers -- >> Host: altashop-api.fly.dev
01:28:09.109 [main] DEBUG org.apache.http.headers -- >> Connection: Keep-Alive
01:28:09.109 [main] DEBUG org.apache.http.headers -- >> User-Agent: Apache-HttpClient/4.5.13 (Java/17.0.8)
01:28:09.109 [main] DEBUG org.apache.http.headers -- >> Accept-Encoding: gzip,deflate
01:28:09.142 [main] DEBUG org.apache.http.wire --  << "HTTP/1.1 200 OK[\r][\n]"
01:28:09.142 [main] DEBUG org.apache.http.wire --  << "content-type: application/json[\r][\n]"
01:28:09.142 [main] DEBUG org.apache.http.wire --  << "date: Thu, 02 Nov 2023 18:28:10 GMT[\r][\n]"
01:28:09.142 [main] DEBUG org.apache.http.wire --  << "transfer-encoding: chunked[\r][\n]"
01:28:09.142 [main] DEBUG org.apache.http.wire --  << "content-encoding: gzip[\r][\n]"
01:28:09.142 [main] DEBUG org.apache.http.wire --  << "server: Fly/7328d5b5 (2023-10-27)[\r][\n]"
01:28:09.142 [main] DEBUG org.apache.http.wire --  << "via: 1.1 fly.io[\r][\n]"
01:28:09.142 [main] DEBUG org.apache.http.wire --  << "fly-request-id: 01HE8MNXA003ZT6FG7S4P2D0M3-sin[\r][\n]"
01:28:09.142 [main] DEBUG org.apache.http.wire --  << "[\r][\n]"
01:28:09.142 [main] DEBUG org.apache.http.impl.conn.DefaultClientConnection -- Receiving response: HTTP/1.1 200 OK
01:28:09.142 [main] DEBUG org.apache.http.headers -- << HTTP/1.1 200 OK
01:28:09.142 [main] DEBUG org.apache.http.headers -- << content-type: application/json
01:28:09.142 [main] DEBUG org.apache.http.headers -- << date: Thu, 02 Nov 2023 18:28:10 GMT
01:28:09.142 [main] DEBUG org.apache.http.headers -- << transfer-encoding: chunked
01:28:09.142 [main] DEBUG org.apache.http.headers -- << content-encoding: gzip
01:28:09.142 [main] DEBUG org.apache.http.headers -- << server: Fly/7328d5b5 (2023-10-27)
01:28:09.142 [main] DEBUG org.apache.http.headers -- << via: 1.1 fly.io
01:28:09.142 [main] DEBUG org.apache.http.headers -- << fly-request-id: 01HE8MNXA003ZT6FG7S4P2D0M3-sin
01:28:09.142 [main] DEBUG org.apache.http.impl.client.DefaultHttpClient -- Connection can be kept alive indefinitely
01:28:09.142 [main] DEBUG io.restassured.internal.RestAssuredHttpBuilder -- Parsing response as: application/json
01:28:09.142 [main] DEBUG org.apache.http.wire --  << "9F[\r][\n]"
01:28:09.143 [main] DEBUG org.apache.http.wire --  << "[0x1f][0x8b][0x8][0x0][0x0][0x0][0x0][0x0][0x4][0xff][0xaa]VJI,IT[0xb2][0x8a][0xae]V[0xf2]tQ[0xb2]26460[0xd6]Q[0xf2]K[0xcc]MU[0xb2]RJO[0xcc][0xcd][0xcc]KW[0xd2]QrI-N.[0xca],([0xc9][0xcc][0xcf]S[0xb2]RJ[0xcb]/R[0x80]H)[0x14][0x94][0x16][0x15][0xe4][0x17][0xa7][0x16]+[0xd5][0xea]@[0xc]0[0xb2]472[0xa2][0xd4][0x0]SJ[\r]0[0xa3][0xd4][0x0]sJ[\r][0xb0][0xa0][0xd4][0x0]K[\n]"
01:28:09.143 [main] DEBUG org.apache.http.wire --  << "[\r]06[0xa0][0xd4][0x0]CJ[\r][0xa0]4![0x19]S[0x9a][0xe][0x8c])M[0x7][0xc6][0x94][0xa6][0x3]cJ[0xd3][0x81]1[0xa5][0xe9][0xc0][0x84][0xd2]t`Bi:0[0xa1][0xb4]<0!7![0x1][0x0][0x0][0x0][0xff][0xff]"
01:28:09.143 [main] DEBUG org.apache.http.wire --  << "[\r][\n]"
01:28:09.143 [main] DEBUG org.apache.http.wire --  << "34F[\r][\n]"
01:28:09.143 [main] DEBUG org.apache.http.wire --  << "[0x2][0x17]iF[0x96][0xe6]&&[0x14]&e[0x13]JS[0xa2][0x9][0xa5])[0xd1][0x84][0xd2][0x94]hBiJ4[0xa1]4%[0x9a]R[0x9a][0x90]L)MH[0xa6][0x88][0x84][0xe4][0x97][0xf][0xad][0xc2]0j[0xb7][0xbc][0xfc][0x12][0x5]P[\r][0x87][0xad]j3[0xa5]4![0x99]R[0x9a][0x90]L)MH[0xa6][0x94]&$SJ[0x13][0x92])[0xa5][0x9][0xc9][0x8c][0xd2]"[0xcd][0x8c][0xd2][0x94]hFiJ4[0xa3]4%[0x9a]Q[0x9a][0x12][0xcd](MHf[0x94]&$3J[0x13][0x92][0x19][0xa5][0x9][0xc9][0x9c][0xd2][0x84]dNiB2[0xa7]4![0x99]#[0x12][0x12][0xa4]I[0x8e]Q[0x9e][0x81][0xca]2[0x88][0x14][0xd6][0xd6][0xba]9[0xa5][0x9][0xc9][0x9c][0xd2]"[0xcd][0x9c][0xd2][0x94]hNiJ4[0xa7]4%[0x9a]S[0x9a][0x12]-(M[0x89][0x16][0x94][0xa6]D[0xb]JS[0xa2][0x5][0xa5])[0xd1][0x82][0xd2][0x94]hAiJ[0xb4][0xa0]4!YP[0x9a][0x90],(MH[0x96][0x94][0xa6][0x3]KJ[0xd3][0x81]%[0xa5][0xe9][0xc0][0x92][0xd2]t`Ii:[0xb0][0xa4][0xb4]D[0xb2][0xa4]4!YR[0x9a][0x90],)LH[0x16][0x6][0x14][0xa6][0x3][0xb][0x3][\n]"
01:28:09.143 [main] DEBUG org.apache.http.wire --  << "[0xa3][0xd1][0xc2][0x80][0xc2]X[0xb0]0[0xa0]0[0x10]-[0xc]([\r]DC[\n]"
01:28:09.143 [main] DEBUG org.apache.http.wire --  << "[0x8b]u[0xb]C[\n]"
01:28:09.143 [main] DEBUG org.apache.http.wire --  << "[0xb3][0xb3][0x85]![0x85][0xb9][0xd1][0xc2][0x90][0xd2]h4[0xa4]07Z[0x18]R[0x9a][0xe][0xc])[0xcc][0x8d][0x16][0x86][0x14][0xa5][0x3][0xd0][0x98]*Ea[0x0]2[0x0][0xe1][0x82][0xe4][0xfc][0xfc]ll[0xa3][0xb2][0xf0]!XcCc[0xa4]t[0x97][0xc][0x2][0xf9] [0x0]b$[0x83][0x18][0xf9]d[0xb2][0xb0]6-[0xa1][0xce][0xc1]l[[0x82][0x9c][0x81]H[0xbd]Pe[0x18]F[0x90][0xe9][0x14],[0xde]@[0xf1]?[0xa2][0xf0][0xc2]e1[0xa8]Y[0xc][0x95][0xc3][0xee]vD[0x94]A[0x95]a[0xb8][0x1d][0xc5]FD"[0xa5][0x9e][0x97][0x92]1[0xac]$[0xe8]jDR[0xc7][0xe5]j[0xea]9[0xf][0xc5][0xff][0x88][0xb2][0x16][0x97][0xc5][0x84][0xdc]nD8[0xb5] [0xdb][0x88]4[0xcd]@=/[0x91][0x1e][0xe2]F[0x88][0x2][0x16][0x97][0xc7][0xa9][0xe7]<[0x14][0xff]#[\n]"
01:28:09.143 [main] DEBUG org.apache.http.wire --  << "f\[0x16][0x13][0xc]q[0xc2][0xa9][0x5][0xc5]F[0xa4]8[0x6][0xf9][0x9]K&$[0xa3]|!9[0x8d][0x1b][0x11].[0xb]A[0xae]#[0xc3])X<[0x84][0xec][0xa4])[0x15]rC[0xdc][0x98]pjA[0xb1][0x11])[0x8e]A~[0xc2][0xe2]@2[0xbc]Ir[0x88]#M[0xc4][0xe0][0xf2]8[0xc8]ud8[0x5][0x8b][0x87]P[0xfc][0x8f]T[0xaa][0xe2][0xa8][0xf6][0x8][0xa5]q[0xa4][0x9][0x14]\nG[0xb6][0x11]i[0xba][0x84]z^"[0xbd]TA[0x9a]t[0xc1][0xe5]j[0xea]9[0xf][0xc5][0xff][0x94][0xd7][0x9c]Hs[0x1d][0xd4]s#[0x19]AH[0xb8]p[0xa3][0x9e][0xf3]P[0x82][0x10][0xa9][0x98]$3[0xd1]"MT@[0x86][0xee][0xb0]fY[0x88][0x14][0xd6][0xd6][0xb][0xe1]y[0x86][0xb0][0xc4][0x9c][0xfc][0xa2][0xc4][0xbc][0x12][0x85][0xcc][0x92]R[0xd0]TH[0xaa]BIjQRbf6[0xb2]W[0x8]O[0x16][0x10]e[0xc]e[0x83][0xd5][0xc6][0x86]&f[0x88][0xc6][0x18][0xc4][0xd3]$[0x86][0x87][0xa9]!"N[0x1c]s[0x12]K[0x14]BJs2[0x8b]1[0xc][0x9][0xcd]+)[0xcd]VH[0xcc]K[0xcc]V(N[0xcd][0xce][0xcf]I[0xcc]@[\n]"
01:28:09.143 [main] DEBUG org.apache.http.wire --  << "[0xc]S#[0x8a]:s[0xc6][0x86][0xa6]H[\r][0x1c][0xf2]|aD[0x5]_[0x18]#ZY[0xe4]9[0xc2][0x18]QB[0x90]g[0x0][0xe1]D[0x5]*[0xd3]!fcK[0xdc][0xa6][0x94][0xcd]@[0x19][0x1b][0x9a]"[0xcd]@[0x91]1[0xf]hlh[0x8a][0x94][0xa0]SsR[0xb3]K[0x8a][0xf2][0xf3]2[0xb1][0x97]P[0x8]i[0xac]^[0xa1]8aS6[0x8d]clh[0x8e]T?B[0x82][0x1c]#W[0xe0][0x8f][\r]s[0xa4][0x1a][0x93]<[0x3][0x90]&[0xd3]|[0x12][0xb]J[0xf2][0xb]0\[0xe0][0x99]W[0x92][0x9a][0xa3][0x11][0xa4][0xa9][0xe0][0x9c]_[0x94][0xaa][0x11][0xe2][0xab][0xa9][0x90]i[0xaa]kadj[0x10][0xaa][0xe0][0x1c][0x10][0xaa][0xe0][0xa0]`[0xa8]gf[0xe0][0xee]Q[0xa5]`[0xa8]ga[0xa0][0xe0][0xee]Q[0x5][0xcd][0xb6][0x0][0x0][0x0][0x0][0xff][0xff]"
01:28:09.143 [main] DEBUG org.apache.http.wire --  << "[\r][\n]"
01:28:09.143 [main] DEBUG org.apache.http.wire --  << "595[\r][\n]"
01:28:09.143 [main] DEBUG org.apache.http.wire --  << "R[0xb2]2[0xb2][0xb4][0xa0],[0xdb][0x82][0xc][0xa0]([0xc7][0x80][0xc][0xa0]([0xc7][0x80][0xc]@[0xb4][0x1a][0xc9][0x8]b[0x90][0x1][0x88]v$[0x99][0x6]PT[0x0][0x83]\[0x80]h[0xc9][0x91][0xe9][0x2]DuN[0xa6][0x1][0x88][0xc2][0x93]L[0x3][0x10][0xfd][0xe][0xf2][0xc]@[0xea]?[0x90]i[0x0][0xa5])[0x91][0xb2][0xb2][0xdb][0xc8][0xd2][0x2][0xa9][0xff]B[0xa6][0x17](M[0x89]H}[0x11]2]@iJ[0xa4]tQ[0x98][0x5][0xa5][0x8b][0xc2],(+[0xb3][0x8d],-(+[0xb3]A[0x6]P[0x94][0x12][0x8d][\r][0x8d][0x91]VT[0xe1][0xea][0xe0] [0x17][0xe2][0x94].[0x1][0xb3][0xa0]t[0xf9][0x93][0x85])E[0xad]?#K[0xb]J[0x97]?YP[0xba][0xfc][0xc9][0x2]i[0xd1][0x9]yY[0x7][0xa9][0xd9]C[0xa6][0x1][0x94]V#[0x94]5w[0x8c],-(][0xb5]bA[0xe9][0xaa][0x15][0xb]JW[0xad]XP[0xba]j[0xc5][0x82][0xd2]U+[0x16][0x94][0xae]Z[0xb1][0xa0]t[0xd5][0x8a][0x5][0xa5][0xab]V,(][0xb5]bA[0xe9][0xaa][0x15][0xb]JW[0xad]XP[0xba]j[0xc5][0x82][0xd2]U+[0x16][0x94][0xae]Z[0xb1][0xa0]t[0xcd][0x88][0x5][0xa5]kF,,(m[\r]P[0xba]f[0xc4][0x82][0xd2]5#[0x16][0x94][0xae][0x19][0xb1][0xb0][0xa4][0xb4]j[0xa3]t[0xd1][0x89][0x5][0xa5][0x8b]N,(]tbA[0xe9][0xa2][0x13][0xb]J[0x17][0x9d]XP[0xba][0xe8][0xc4][0x82][0xd2]E'[0x16][0x94].:[0xb1][0xa0]t[0xd1][0x89][0xa5][0x1][0x85])[0xd1][0x92][0xd2]U+[0x96][0x94][0x8d][0xd1][0x19]YZ"MK[0x92][0xd5]F[0xb2]D[0x9a]P$[0xd3][0x0][\n]"
01:28:09.143 [main] DEBUG org.apache.http.wire --  << "[0xbb]X[0x96]F[0x14][0x96][0x89][0x96]F[0x14][0xf6][0xd5]-[0x91][0x6]:[0xc9][0xc][0x3][\n]"
01:28:09.143 [main] DEBUG org.apache.http.wire --  << "[0xfb][0xea][0x96][0x94][0xf6][0xd5]-)[0x1b]g5[0xb2][0xb4][0xa4][0xb4][0xaf]nIi_[0xdd][0xd2][0x18][0x91][0x90]JR[0x8b]K0[0x86][0xe5][0xf0][\r][0xc][0x82]<[0x80]HFX[0xb5]#[0xf5][0xef],)[0xed]S[R[0xda][0xa7][0xb6][0xa4][0xb4]Kl[0x89]4eG^[0x9a][0xa5]t[0x9f][0x94]%[0xa5][0x9d]dKJ[0xf7]IY"[0xf5][0xea][0xc9][0xc][0x3]D[0x9a]![0xd3][0x0]J[0x8b][0x1e]J[0x7][\n]"
01:28:09.143 [main] DEBUG org.apache.http.wire --  << ",)[0xdd]'eI[0xd9][0xfc][0x88][0x91][0xa5]%e[0xf3]# [0x3](-=)[0xdd][0xa1]cI[0xe9][0xe][0x1d]K3[\n]"
01:28:09.143 [main] DEBUG org.apache.http.wire --  << "[0xc7][0xdc]-)[0x1d],[0xb1][0xa4]t[0xb0][0xc4][0x92][0xb2][0xb9]!#KKJ[0x7]K,)[0x1d],[0xb1][0xa4]t[0xb0][0xc4][0x92][0xd2][0xc1][0x12]KJ[0x7]K,)[0x1d],[0xb1][0xa4]t[0xb0][0xc4][0x92][0xd2][0xc1][0x12]KJ[0x7]K,)[0x1d],[0xb1][0xa4]t[0xb0][0xc4][0x92][0xd2][0xc1][0x12]KJ[0x7]K,)[0x1d],[0xb1][0xa4]t[0xb0][0xc4][0x92][0xd2]->[0x96][0x94]n[0xf1][0xb1][0xa4]t[0x83][0x8d]%[0xa5][0xa3]-[0x96][0x94][0x8e][0xb6]XR:[0xda]bI[0xe9]h[0x8b]%[0xa5]#[\r][0x96][0x94][0x8e]4XR:[0xd2]`I[0xe9]H[0x83]%[0xa5]#[\r][0x96][0x94][0x8d]4[0x80][0xe6][0x9f](j[0xe2][0x18][0x1b][0x18][0x18]P6[0x3]f`[0x80]4T[0xe1][0x9b][0x98][0x9b]H[0xe2]9+ [0x17] [0xba]gd[0x1a]@Q[[0x19][0xe4][0x2][0xc4][0x94]:y.@[0xda][0xa7]@[0xa6][0x1][0x14]5[0xf3][0x8c][\r][0xcd][0x91][0x9a]y8[0x16][0x9f][0xc0][0xbb][0xa9][0xc6][0x6][0x6][0x94][0x8d][0xcd][0x80][0xc][0xa0]4[0xce][0x90][0xc6]f[0xc8][0xb]1[0xa4][0xa1][0x15][0xf2][0xc]@[0x1a][0x19]![0xd3][0x0]D[0x9c][0x91]i[0x0][0xa5][0x81][0x88]t.[0xc][0x99].[0xa0][0xb4][0xf4]@[0x1a]m [0xcf][0x5]H[0x83][0x5]d[0x1a]@i "-[0xf3]%[0xa3][0xab]nl`@[0xd9][0x91]& [0x3][0x10][0xc5][0xf][0x99].[0xa0]4[0x1a])[[0x14]`l`@[0xd9][0xa2][0x0][0x90][0x1][0x88][0xcc]D^[0x18]P[0xb8][0xd4][0xd8][0xc0][0x80][0xb2]3Q@^[0xa0]hQ[0x0][0xc8][0x0][0x8a][0x6][0x8d]@[0x6]P[0x9a][0xe]([0x1b][0xef]060[0xa0]l[0xbc][0x3]d[0x0][0xa5][0xe9][0x0][0xa9]"$/!Q6[0xde][0x1][0xf2][0x2][0xa5][0xe9][0x80][0xb2][0xf1][0xe][0x90][0xb](m[0x10]Q6[0xde][0x1]r[0x1][0xa5])[0x91][0xb2][0xf1][0xe]c[0x3][0x3][0xca][0xc6];@[0x6]P[0x9a][0x12])[0x1b][0xef][0x0][0xb9][0x0]Q[0xb5][0x91][0x97][0x94])[0x1b][0xef][0x0][0xb9][0x80][0xd2][0x12][0x89][0xb2][0xf1][0xe][0x90][0xb]([0xad][0x1b])[0x1b][0xef]060[0xa0]l[0xbc][0x3]d[0x0][0xa5]=,[0xca][0xc6];@.[0xa0]h[0xdd]5[0xc8][0x0]JS"e#. [0x17]P[0x9a][0x12])[0x1b]q[0x1][0xb9][0x80][0xd2][0x94]H[0xd9][0x88][0x8b][0xb1][0x81][0x1]e[0xeb][@[0x6]P[0x9a][0x12])[[0xdf][0x2]r[0x1][0xa5])[0xd1][0x12][0x91][0x12][0x93][0xf2][0xf3][0xb3][0xb1][0xce][0xe5][0x16][0x97][0x94][0xa6]T"ww[0x91]F[0x9a][0x82][0x1c][0xa3]\[0x83][0x88][0xd4][0x85]HrnE[0xa5][0x99]%[\n]"
01:28:09.144 [main] DEBUG org.apache.http.wire --  << "[0xe9][0xf9][0xf9])DjET[0xc0][0x86]D[0xea][0xa0]4uQ8[0x92]d`[0x88][0xb4]f%[0xa9]4;1[0xf][0xb4][0x99][0xe][0xdb][0xf9][0xc][0xf8]f[0xcb][0x8d][\r][0xc][0x91][0xc6][0x93][0x10]{[0x86][0xb0][0x86][0x1]B[0x1a][0xcb][0x96]"[0x3]C[0xa4]q%[0xb2]j?C[0xa4][0x3][0x80][0x11]V[0x91][0xe5][0x12]D[0x9a]#[0xd3]%[0x14][0xb6][0x8][\r]);B[0x6][0x14]+[0x88][0x4][0xa9]R[\r][0xf1]D-FP[0xa8]Tc[0x89][0xdb]Z[0xa4][0x8c]d[0x88]t[0x12][\r]E[0xc6] Z[0x87][0x94][0x18][0x83]4[0xea][0xe6][0x8e][0xfd][0x84]g7<'<[0x1b][0x1b][0x18]"[0x9d]JC[0x91];[0x8][0xb6][0x14]U[0xaa]SR[0x8b][0x93]Q[0x82][0x92][0xb2][0x3]m@[0x8e]G[0xa4]J[0x1c]#~[0xe4]o7[0x3][0x19]Oi[0x9a][0xa5][0xec][0xb8][0x1b][0x90][0xb][0x10]i[0x16][0x92]b1[0x12],[0x96][0xe4][0x8a][0x9c]Z[0x91]6[0xcb][0x92]i[0x0]"[0x9d][0xe2]0[0x0][0xd9]:[0xca]6[0xe8][0x19][0x1b][0x18]R[0xb6]f[0xf]d[0x0][0xc1][0x84]H [0xc4][0x8][0x8f][0xb][0xa3]x[0x98][0xd2]$[0x82]4[0x8][0x8c]#|[0x9][0xb9][0x17][0x91]DT[0xaa][0xf3][0x12]sS1[0xb]5B& [0xea]][0x1c][0xb9][0x8][0xc5][0xc7][0x4][0x13][0x4][0x1][0xeb][0x90][0x6][0x9d][0xc9][0xf3]1e[0xcb][0xf1][0x8c][\r][0xc])[[0x8e][0x7]2[0x0][0xd1][0x84]#3[0xcc][0x91][0xd6][0xe3][0xe1][0x8][0x4],[0xe5]%e[0xfb][0xe5]@[0xee]F4[0xe7]p[0xd8]J([0xee][0x10][0x89][\r][0x87][0x1][0xd8][0x9c][0x8d]H_84[0x11][0xb2][0x95][0xd2]$[0x87]4D[0xaf]@j[0x9]Jx-[0xa0][0x2]r[0xf6]@[0x1a][0xcc][0xc7][0xe1]YT[0xe5][0x88][0x94][0x84]C9[0x81][0xb0][0xa1]l[0x9d][0x9f][0xb1][0x81]!e[0xeb][0xfc]@[0x6][0x10]LTX[0xd2][0x4][0xe1][0x9][0x3][0xd4]`"[0x98][0x84]P[0xe2][0x80]`z[0xd1]AVN[0xe9][0xa8][0xb7]![0xe1][0x13]:[0x8]D"e'[0x81][0x1b][0x1b][0x18]"[0xad]3[0xc4]U A[0x93][0x17][0xec](}[0x90]&D[0xa0][0x92][0xa0][0x89]`[0xd8][0x12][0xf0]+[0x99][0x83][0xd3][0x0][0x0][0x0][0x0][0xff][0xff]"
01:28:09.144 [main] DEBUG org.apache.http.wire --  << "[\r][\n]"
01:28:09.144 [main] DEBUG org.apache.http.wire --  << "60D[\r][\n]"
01:28:09.144 [main] DEBUG org.apache.http.wire --  << "[0x82][0xde][0x0]`l`H[0xe9][0xe0][0xb4]!e[0x8b][0xf1]@. [0x98][0xe2][0x9][0x85][0x1][0xc1]b[0x94][0x90][0x1][0x88][0xa8][0x83][0xc6]+)[0x17][0xbb][0x80][0xbc]@i4R:8mH[0xd9]Z:c[0x3]CJ[0xc7][0x96][\r])[K[0x7]r[0x1][0xa5][0x8d]?[0xca][0xd6][0xd2][0x81]\@iBBZK[0x87]ua?[0x81]tH[0xe9][0xc8][0xb2]![0xd2][0xc8]2e[0x3][0x14]H+[0xea](4[0x88][0xd2][0xe][0x4][0xd2]FH[\n]"
01:28:09.144 [main] DEBUG org.apache.http.wire --  << "][0x82][0xe8][0xdd][0x92][0x97][0xc9][0x91][0x96][0xe8][0xf9][0xa6][0x16]%g`4}[0x82]K[0x8a][0x12]+[0xb3]3S[0x8a][0x15]|[0x13][0xf3]2[0x13][0x93][0x15]B[0xf2]K[0x8b][0x14][0x8c][0xc][0x8c][0x8c][0x91][0xb]\[0xa4][0x11]Or[0xd2][0x8][0xd2][0xc8]#y[0xde][0xa0]l[0x8d][0x9b][0xb1][0x81]!ek[0xdc][0x8c][\r][0x8c][0x90][0x6][0xf4][0xc8][0xf2][0x82][0x11][0xd2]8[0x1c][0x99][0x6]P[0x98][0x16][0x8c][0xc](,[0xab][0x8c]([0x1d]3[0xa2][0xec][0x4]fcCc[\n]"
01:28:09.144 [main] DEBUG org.apache.http.wire --  << "[0x17]X[0x18][0x1a]#[0x9d][0x15][0x85]#[0x16][0x88];[0x2][0x8d][0xb2])[0x4]Cc[0xa4][\r][\r][0xa4]g(Cc[\n]"
01:28:09.144 [main] DEBUG org.apache.http.wire --  << "[P[0x86]&[0x84][0xf7][0x2][0x10][0x13][0xe]&[0x94]-[0xe8]764E[0xda][0xd5][0x86]c[0xe0][0x81][0x82][0xe1];CS[0xa4][0x95][0x1c][0x94][0x14][0xc4][0x86][0xa6]H+:[0xc8]<c[0xc]Q[0xa7]P[0xe8][0x12][0xca][0xba][0x8b][0x86][0xe6][0x84]{[0xb3]xk|Cs[0xc2][0xfd][[0x2][0x6]P[0xdc][0xfa]F[0x9a]G[0xa5]$0[\r][0xc])[0x9d][0x8c]4D[0xda]+Oz>60[0xa4]l[0xe5]4[0xa8]ZB$+[0x1c][0xe5][0x19][0xde][0xb8]002[0xa0][0xb0][0xf9]h[0x84]4[0x19]B[0x9e][0xb][0x90][0xce]s[0xcf][0xc9][0xc9][0xc1]h[0xa0][0x80][0xc4][0x10]]?#[0xa4][0xd1][0xec][0x9c][0x9c][0x9c][0x9c][0x82][0x2]sL[0x0][0x92][0xa0][0x18]gc[0x3][0xa5][0x4]@[0x6]6@[0xd0]K[0x88][0x8e][0x18]V[0xef]'[0xe7][0xa5]d'"[0xb5][0xc6][0x8c][0x90][0x86][0xd8][0xc9][0x9a][0xf1]1[0xa2]t[0x88][0xdd][0x8]i[<[0x99].[0xa0][0xac][0x14]302[0xa2][0xb4]5dDik[0x88][0xd2]a{#[0xca][0xf6][0xd5][0x1b][0x1b][0x18]!-[0xfe]&/[0xeb]![0x9d][0xbd]M[0x9e][0x1][0x94][0xe][0xe4][0x1b]Q:[0x90]oD[0xe9]@[0xbe][0x11]R[0xb][0x84][0xcc]0[0xa0]4%R:[0xa6]o[0x84][0xb4][0x0][0x9e]L/PZ[0x9]P[0xb6]_[0xdf][0xd8][0xc0][0x88][0xb2]3[0xf0][0x8c][\r][0x8c][0x90][0x1a]%[0x4]O[0xa0][0x3])[0xa7]4[0xf7][0x9b] [\n]"
01:28:09.144 [main] DEBUG org.apache.http.wire --  << "m[0xf2][0xc2][0x9c][0xd2][0xc5][0xe6]FH}!b|[0x8c]t[0xde][0x1c][0xf5][0xe][0xca][0xc6]~J.[0xd4]9[0xd8][0xd6][0xb3][0x18]!-P[0x87]*[0xc3][0xa8][0x1e][0xa9][0xe7]<[0xe4]J[0x93][0xd2]!~#J[0x87][0xf8][0x8d][0x90][0x86][0xf8]qy[0x1d][0xd4]X[0x83][0xca]a[0xf]=J3*[0xe1][0xfe]/[0xc8][0x9][0x90][0x14][0x8d][0xd5][0x5]H=*[0xd2][0xe3])??[0x19][0x4]A[0x4][0x88]F[0xc5][0x18][0xe9][0x0][0xe4][0x12]|[0x81][0x81][0xd4]'[0x83]*[0xc3]0[0x2][0xec]D[0xc8]E[0x6]H[0xd7][0xe4][0x80][0xaf])[0xc0]  jI%[0x91][0x8d]ANnH[0x1d]|\[0x8e]#[0xe8]?D[0x1b][0x89]l#([0xad][0x9b][0x90][0xba]j8[0x17][0x1a][0x16][0xa5]&[0xa6]d[0xe6][0xa5]cO.[0x88]y[0x12][0x8a]zjFH[0x3][0x16][0xc5][0xb9][0x89]E%[0x5][0x19][0xf9]y[0xa9][0x18][0xf1][\r][\n]"
01:28:09.144 [main] DEBUG org.apache.http.wire --  << "[0xd2][0xa4][0xd4][0x92][0x92][0xd4]"[0x85][0xd4][0x8a][0x82][0xd4][0xa2][0xcc][0xd4][0xbc][0xe4]T[0x94]h[0xa1]p[0xd6][0xc4][0x88][0xc2][0x11][0xf][0x3]#JgM[0x8c][0x8]/[0xe9]G[0xf6]0[0xa5]s,F[0x84][0xe7]XP[0xac][0xa3]4[0xc1][0x11]^[0xac][0x8f]b[0x1d]"yA[0xca],[0xac])[0x2]"[0x85]5}[0x12]^[0x99][0x8f]b[0x1d][0xa5][0xa9][0x87][0xf0]d[0x9][0xb2]uH3#[0x10]/[0x90][0xea];[0xa4][0x19][0x11][0x1c][0x6][0xa0]XG[0xe9]X[0x2][0xd2][0xb4][0x7][0xe][0xeb]@[0xf9][0x13]"[0x85]56[0x8][0x9f][0xff][0x88][0xe2]^D[0x1b][0x8e][0xbc]N([0xd2][0xe4][0x8][0xe][0x3]P[0xac][0xa3]4[0xf2][0x91][0x6][0x9b]pX[0x87][0xa1][0xa6][0x11][0xd2][0xca]w[0x1c][0x6] [0xbb][0x17]i[0xce][0x86][0xdc][0xea][0x83][0xb2]s[0x18][0x8d][\r][0x8c][0x90][0xe6]m[0xc8]v[0x3][0xa2][0xc9]C[0xb6][0x11][0x88][0x98]#[0xdb][0x8]Ds[0x9f]L#[0x8c][0x91]V[0x96][0x93]m[0x4]b[0xda][0x81]l#[0x10][0x99][0x9c]l#(n[0x97][0x18]#[0xdd]&[0x8a]#%[0xe3][0xcf][\n]"
01:28:09.144 [main] DEBUG org.apache.http.wire --  << "[0xc6]HsY8[0xc]@[0xca][\n]"
01:28:09.144 [main] DEBUG org.apache.http.wire --  << "[0xc6][0x94][0xe]r"[0xdf][0xc0]H[0xd6][0xfe]lcCD[0xb0]S[0xd4][0xe]2[0xa6]t[0xc1][0xb4]1e7[0x80][0x1a][0x1b][0x18]#[0xdd][0x0]J[0xa1]W([0xac][0xbc][0x8d][\r][0x11]E[0x3][0xa4]R![0xb1]~4F[0x1a]L&[0xd3][0x0]D[0xb1]@[0x9e][0x1]HC[0xb9]d[0x1a][0x80]([0x12][0xc8]4[0x0][0x91]2[0xc9]4[0x0]Q[0x1c][0x90]i[0x0][0x85]mFcJ[0x87]r[0x8d])[0x1d][0xca]5F[0x1a][0xca][0xa5],O [\r][0xe9]Rh[0x10][0xa5])[0x93][0xd2][0xa1]]cJ[0x87]v[0x8d])[0x1d][0xda]5[0xa6]th[0xd7][0x98][0xc2][0x91]YCc[0xa4][0xee]39y[0xc3][0xd0][0x84]pg[0xf]o[0x93][0xda][0xd0][0x84]p[0xf7][0x8d][0x90][0x1][0x88]V6[0x99]^[0xa0][0xac][0x94]64![0xdc][0x8b]![0xe0][0x5][\n]"
01:28:09.144 [main] DEBUG org.apache.http.wire --  << "[0x97][0x1f][0x19][0x9a]"[\r][0xb0][0xd3]b[0x95][0x2][0x85][0x83][0xdf][0x86][0xa6]H[0x8b][0xdb]q[0xc4][0x11][0xa2]5dhJ[0xe1]zqCS[0xc2][0xeb][0xc5][0x91][0xad]C[0x1a][0xb9][0xc1][0xe1]8[0xfc][0xd1]gJ[0xe1]1[0xc][0x86][0xa6][0x14][0x8e][0xd9][0x18][0x9a]Sv[0x14][0xaf][0xb1][0xa1]9[0xa5]AnN8[0xc8][0xf1][0x7][0xa2]9[0x85][0xe7][0xfb][0x18][0x9a]Sx[0x1c][0x87][0xa1]9[0xa5][0xe9][0xc0][0x9c][0xe2]h[0xa4]p[0xe8][0xcd][0xd0][0x9c][0xc2][0xc1]4CsJKcs[0xc2][0xc3]cx[0xd3][0x81][0x81]1[0xe1]]G[0x84][0xc]@[0xb4][0xda]CR[0x8b]R[0x15]|2+S[0x15][0x9c][0xf2][0xb1]lB/[0xc8]I[0xac]T[0xc8]H,V[0xc8][0xcb]W[0xc8][0xc9][0xcc][0xcd],A^[0xc3]o[0x8c]tF8e-[0x1d][0xa4][0xb9][0xc7][0x1c][0xec][0x17][0xe][0x86]d[0xa4]*[0xa4][0xe7]'[0xe6](d[0x16]+[0x94][0xe4]+[0xa4]e[0xe6][0xa5](d[0xe6][0xa5][0xe5][0x17][0xe5]&[0x96]d[0xe6][0xe7])[0xe4][0xa5][0xa6][0xa6][0xa0][0xba][\r][0xd1]x[0xa2][0xcc]mH[0x5]3[0xb5][0xdc][0x86][0xb4]|[0x8b]B[0xb7]![0x1a][0xfe][0x84][0xdc]FT[0xa0]![0x15][0x92][0xd4]1[0xf][0xd1]- ci[0x95]1R[0x81]G[0x96]vD[0xab][0x85]:[0xbe]A[0x8c]AQ[0x94]mL[0x10]I[0x93][0x1c]o![0xcd]:[0x93][0xa5][0x1d][0xd1][0xdb]$K;"[0xc9][0x91][0xa5][0x9d][0xd2][0x9e]&[0xd2][0x1c]0Y[0xf6]#[0x9a][0xc2][0x14][0xcc]A[0x19]#[0xcd][0x3][0x93][0xe5][\n]"
01:28:09.144 [main] DEBUG org.apache.http.wire --  << "D[0xca]$K;"![0x12]J[0xd8][0xc4][0x16][0x97]H[0x93][0xca][0xd4]2[0x12]i[0x9a][0x99][0x90][0x91]D[0x15]NHs[0xc5][0xe4][0x4][0x1a][0xd2]l.![0xe7][0x10][0x1b]hH{[0xd8][0xa8]f$[0xa2]j[0xa6][0x9a][0x91][0xd4]O-H[0xad]0j[0xb9][0x12][0xa9]][0x86][0xa3][0x6]o[0x2][0x10][0x95]Z[0x90]ZYTs""[0xd7]R[0xcd]HD[0xdc][0x90][0xd3][0xb1]20[0xa6]t~[0xd1][0x98][0xc2][0x9e][0xb9][0x81]1[0xa5]gz[0x19]#M9bn[0xeb]F[0xde]?lLxn[0x91]@[0xc3][0x17]i[0xd1]9[0x99][0xc1][0x8d][0xc8][0x9e]D[0x19][0x0][0x0][0x0][0x0][0xff][0xff]"
01:28:09.144 [main] DEBUG org.apache.http.wire --  << "[\r][\n]"
01:28:09.144 [main] DEBUG org.apache.http.wire --  << "37F[\r][\n]"
01:28:09.144 [main] DEBUG org.apache.http.wire --  << "*[0xc8]/NEi[0x96]Rzx[0x97]1e[0xc7][0xa5][0x1b][0x1b][0x18]#Ma[0x92][0xe7][0x5][0xa4]II2[\r]@[0xb4][\n]"
01:28:09.144 [main] DEBUG org.apache.http.wire --  << "[0xc9]4[0x0]Q[0x89][0x93]i[0x0][0xa5][0xd1]H[0xe9]^4cJw[\r][0x18]#[0x9d][0x92]EFmh[0x82]4[0x93]I[0x96]v[0x8a][0x1a][0x91]&[0x94][0x9e][0x88]eB[0xe9]N<[0x13][0xa4][0xd9]K[0xb2][0x92][0x90][0x9][0xd2][0xec]%[0x99][0x6]P[0x98][0x6]M[0x90]fD[0xc9][0x8a]BD[0xd5]C[0x96]v[0x8a]:1&H'^[0x91]c;[0xd2]yWdi[0xa7][0xa8][0x13]c[0x82]4[0xff]J[0x96][0xed][0x88][0xe2][0x8b],[0xed][0x88][0x84]C[0x96]vD+[0x86][0xbc][0x84][0x8b]4[0xe3]J[0x96][0xfd][0x94]%[0x1c][0xa4][0xd9]VrlG[0xda]6C[0xd1][0xd0][0x8b][0x9][0xd2][0xf6][0x19][\n]"
01:28:09.144 [main] DEBUG org.apache.http.wire --  << "[\r]B[0xf4][0x88])4[0x8]Q[0xad]Rh[0x10]e[0xe9][0x13]i&[0x96]Bw R*YQ[0x8d]([0xe0][0xc8]K[0xe8]H[k[0xc8][0xb1][0x1f]i[0xf6][0x95],[0xed][0x94]U[0xb1][0x94][0xce][0xbc][0x9a] [0xcd][0xbc][0x92][0xe5]|Dj$/[0xf4])[0x9c][0xb8]50A[0x9a][0xf1]#[0xd3][0x5][0x88][0xf4]G[0xa6][0x1][0x94][0xa6]@[\n]"
01:28:09.144 [main] DEBUG org.apache.http.wire --  << "g[0x15][\r]L[0x90][0x6][0xaf][0xc9][0xf3][0x2][0xd2]P5[0x99][0x6] [0xaa]Z2[\r]@[0x94][0x8f]d[0x1a]@YJ44@[0x8a][0x5]\[0xeb][0xed][0x10][0x93][0xa5][0x6]&[0x14][0xce][0xf3][0x19][0x98] [\r]{[0x93][0xe9]cJ[0x13].eWn[0x1a][0x1b][0x98] [\r]q[0x93][0xe7][0x5][0xa4]An2[\r]@[0x14][0x9f]T[0x1a][0xac]1A[0xda]~E[0x8d]!*[0x13][0xa4]}Td[0xfa][0x91][0xb2][0x94]m`[0x82][0xb4][0x1f][0x8a]j[0x81][0x84]h[0x9d]R[0xcd]HJ[0x93]3e[0xd7][0xaf][0x1a][0x1b][0x98]Pt[0xdc][0x4]it[0x9c][0xbc][0xc8]G[0x1a][0xe][0xc7]<[0x12][0x8][0xff]8[0x98][0x9][0xd2][0xd9]#[0xd4][0x8a]$[0xa4][0xb1]p2[0xfd][0x83]huR[0xcd]M[0xd4]O[0x8b][0x14][0xae][0x80]00[0xa1]p%[0x8c][0x1][0xa5][0xe7][0xb5][0x18][0x98] [\r][0xde][0x93][0x17]SH[0xb][0xda][0xa8][0x15]SH[0xa3][0xff]d[0xba][0x89][0xd2]V[0x2][0xa5][0xc7][0xc8][0x99] M8[0x90][0xe9][0x5]Dj%[0xd3][0x0]J[0xcb]I[0xa4]c[0xe4][0xc8]t[0x1][0xa2]oO[0x9e][0x1][0x94]NgP[0xba][0xd0][0xd0][0xc0][0x4]i:[0x83]Z[0x89][0x1b]i[0x82][0x83][0xcc]P[0xa1][0xb4][0x9e][0xa7]t[0xde][0xc3][0x4]i[0x9b][0x15][0x99]^[0xa0]4mR:[0xef]a[0x82]4[0xef]A[0xd6][0xfe][0xf][0x13][0xa4]s[0x82]p[0xec]W[0xc1][0xbf][0xe1][0xc5][0x84][0xd2][0x89][0x13][0x13][0xc2]{[0xb9][0x90][0xfb]!H[0x17][0x8c][0x90][0x17]g[0x84][0xd7][0xdc][0xa2]XGi[0xf1]ExN[0x5][0xc5]:J[0xfb][0xd6]H[0x13](8[0x82][0x7][0xc9]:S[0xa4][0xf9][0x12][0x1c][0xaa][0xf1]7[0xb9]L)=|[0xd0][0x94][0xf0][0x9c][0x9][0x8a]{[0x11][0xf5]!Y[0xa9][0xdd][0x94][0xd2][0xf9][\r]SJO[0x1a]4E[0x9a][0xdf] 3[0xc8])L"[0xa6][0x14][0x9e]uh`[0x8a]4[0xcb]A[0x9e][0x17][0x90][0xe6]9[0xc8]4[0x80][0xc2][0xe1][0x17]SJ7[0xab][0x99]"M[0x96][0x90][0xe9][0x5]D[0xc7][0x80]L[0x3](,[0x99]L)[0xdd][0xa4]f[0x8a]4eB[0xa6][0x17](lX[0x99]"M[0x9b][0x90][0xe7][0x2][0xa4][0xf9][0xe]2[\r]@4b[0xc8]+[0x91][0x90][0xe6][0x15][0xc8]4[0x80][0xd2][0xf2][0x0]iB[0x80]<[0x17]P[0xba][0x9f][0xca][0x14]iT[0x9f][0x1a]CPD[0xec][0x8a]!i[0xd5][0x95])[0xd2]P)U[0xdc][0x87]t$[0x14]y[0xa9][0xe]iEsniq&[0xf6][0xc3][0x8e][0xc0]2[0xd8]N3[0xa0]t[0x9f][0x8d][0x1][0x11][0xfb]l[0x8][0xb4][0x1b]([0x1d][0xc]6%|G[0x3]![0x17]P[0x9a]m([0x1d][0xc]6[0xa5]t0[0xd8][0x14][0xe9][0x9c]-[0xf2][0x92][0x11][0xd2][0xd0]/[0x99][0x6] [0xda]cd[0x1a][0x80](>[0xc9]4[0x80][0xd2]j[0x14]i[0xcd]3[0x99].[0xa0][0xb0][0xf]hJ[0xe9]8[0xae])[0xd2]8.y^[0xa0]t[0xd4][0x16][0xf9][0x10]b2]@i[0x83][0xe]i[0xec][0x97]L[0x17]P[0x96][0x12][\r][0x8d])[0xdd][0x86]fL[0xe1][0x8][0xa6][0xa1]1[0xd2][0x8]&9a`hL[0xe1]x[0xa5][0xa1][0x9][0xe1]S[0x84][0xf0][0x96][0xca][0x86]&[0x14][0xe]*[0x19][0x9a][0x10]5&[0x4][0x0][0x0][0x0][0xff][0xff]"
01:28:09.144 [main] DEBUG org.apache.http.wire --  << "[\r][\n]"
01:28:09.144 [main] DEBUG org.apache.http.wire --  << "4BB[\r][\n]"
01:28:09.144 [main] DEBUG org.apache.http.wire --  << "[0x82]^[0x9d][0x89][0xa5]n44[0xa1]p)[0xab]![0xf2][0x88][0xc]Y[0xb1][0x80]<"C[0xa6][0x1][0x88]R[0xd9]1'[0xb1]D![0xa4]4'[0xb3][0x18][0xe3][0x4][0x8a][0xd0][0xbc][0x92][0xd2]l[0x85][0xc4][0xbc][0xc4]l[0x85][0xe2][0xd4][0xec][0xfc][0x9c][0xc4][0xc]DO[0xdb][0xd0][0x94][0xc2][0xda][0xcd][0x90][0xd2][0xca][0xc9][0xd0][0x94][0xd2][0xec]`Jiv0[0xa7][0xb0][0x8d]ahN[0xe1][0x84][0xb3][0xa1]9[0xe1];X[0x88]9[0xc][0xdf][0x9c][0xf0][0x8]8q[0xc6][0x10][0xec][0xae][0x11]e[0xc][0xe1][0xd1]p"[0x8c]10[0xa5][0xf0][0x4][0x3][0x3]S[\n]"
01:28:09.144 [main] DEBUG org.apache.http.wire --  << "[0xb]l[0x3]SJg[0xcd]([0xdd]?n@[0xe9][0xfe]q[0x3]J3[0x99][0x1][0xa5][0x99][0xcc][0xc0][0x94][0xc2]:[0xc7][0xc0][0x94][0xc2][0x9d][0xcb][0x6][0xa6][0x94][0xce][0x91][0x99]R:GfJ8[0x9b][0xe3][0xad][0xb4][0xc]L[0x9][0x1f][0x16]H[0xc8][0x0]J{C[0x14][0xd6][0xfc][0x6][0xa6][0x84]K[0x5][0x2]^[0xa0]t[0xcb][0x8f])[0xd2][0x1c][0x19]Uz[0xf9]HM[0x11][0xea][0x98][0x87][0x88]#[0xaa][0x98][0x87]4[0xf3][0x83][0xc3]<[\n]"
01:28:09.144 [main] DEBUG org.apache.http.wire --  << "n810E[0x9a][0x17][0xa2][0x89][0xf1][0x88]F[0xe]M[0x8c]Gt[0x7]hb<[0xa2][0xdb]J[0x13][0xe3][0x11]c[0xc3]41[0x1e][0xd1][0xe5][0xc5]a<[0xa2])i`JxJ[\n]"
01:28:09.144 [main] DEBUG org.apache.http.wire --  << "[0xce]6#<K[0x85]d[0x9d][0x19][0xa5]SRf[0x84][0xa7][0xa4][0x8][0xb9][0x17][0x91]4[0xc9]i[0xc0][0x1b][0x98]Q[0xba][0x8d][0xc7][0x8c][0xd2]i.3[0xc2][0xd3]\(A[0x8e]H[0xf]dz[0x18]Q[0xb4][0xe1]0[0x0][0xc5]:[0x82][0xed]P[0x2][0x11]Dx[0x2][0xb][0xd9]:[0xa4][0xd9]*[0x1c][0xa9][0x9d][0xa4][0xd1]d3[0xa4][0xa9]#[0xea][0x98][0x87][0x8]}[0xaa][0x98][0x87]4[0xa9]B[0x1d][0xf3][0x10][0xd9][0x81]:[0xe6]![\n]"
01:28:09.144 [main] DEBUG org.apache.http.wire --  << "72[0xbb][0xb7][0x6]fH[0xa7][0xd9][0x91]m[0x6][0xd2]N[0x8][0xf2][0xcd]@[0x8c]{[0x91]o[0x6][0xc1][0xaa][0x8a][0xb4][0xf4][0x89]t[0xfe][\r]U[0xe2][0xb]i[0xb5]>Y+L[0xcc][0x90]V[0xeb]S[0xc7]A[0x88][0x0]#[0xd3]A[0x4]ko[0xd2]B[0x9c][0xc2]q[0x2][0x3]3[0xc2][0xa3]5[0xc8][0x5][0x1a][0xd2][0xc4][0x3]U[0xc2][0x13]i[0xc5]7u[0xcc]Cdp[0xea][0x98]Gi}Ax|[0x1c]9x[0x91][0x96]0S[0xc5][0xf9]Hk[0x90][0xa9]c[0x1e][0x95][0xeb][0xb][0xa4][0x81]:[0xaa][0xb8][0xf][0xa9]CO[0xd6]|[0xb4][0x19][0xa5][0xfd]q3[0xa4][0xfe]8[0x99].@[0xb4]g[0xc8]+a[0x90][0xba][0xd3][0xe4][0x19][0x80][0xd4][0x9d]&[0xd3][0x0][0xc4]N[0x13]2[\r]@Tmd[0x1a]@[0xe5]v[0x3][0xa5][0xab]=[0xcd]([0x9c][0x1a]00[0xa3]t[0xb5][0xa7][0x19][0xd2]jO[0x1c][0xed]d[0x2]-_[0xa4][0x83][0xfa][0xc9]4[0x0][0x91],[0xc8]4[0x0][0x11][0xab]N[0xa5][0xd9][0xa5][0x18][0xd3][0x12]N[0x89][0xc9][0x89][\n]"
01:28:09.144 [main] DEBUG org.apache.http.wire --  << "I[0xa5][0xd9][0xa5][\n]"
01:28:09.144 [main] DEBUG org.apache.http.wire --  << "[0x95][0xa5][0xd9][0x8a][0xc8][0xe5]*[0xd2][0xca]O2[0xb6]n[0x9a]![0xad][0xfb]$K;[0xa2]R"K;[0xa2][0xd0]%K;[0xa2]@!3[0xd8][0x11]u [0x19][0xf6][0x9b]#u[0xc1]q[0x94][0xf1]H1e[0x8e][0xd4][0x83]&[0xcb]2D[0x12]!K;[0xa2]y[0x87][0xc3][0xad][0x94][0x8c]k[0x99]#[0xf5][0xad]q[0x18][0x8f][0x12][0x14][0x14][0xc5][0xbb]9[0xd2][0x1d][0xa6]d[0x5][0x5]e[0xb1][0x8e][0xd4]O&[0xc7]v[0xa4][0x8e]3Y[0xda][0x11][0x15][0x8]Yi[0xde][0x1c]i[0x91]'Y[0xf6]#[0xd2][0x11]Y[0xda][0x11][0x9d][0x4][0xb2][0xb4]ST[0xde][0x98][0x1b]"b[0x9e][0xbc][0xc0]C[0x1a][0x5] [0xd3][0x0]J[0xa3][0xcf][0x88][0xb2]b[0x0][0xe9][0x1e]Vr[0xc2][0x1f][0xe9][0xe8]~[0xb2][0xb4]S[0x16]}H[0xc7][0xf6][0x93]c;[0xd2][0xd0][0x4]Y[0xda][0x11][0x95]<Y[0xda][0x11]1O[0x96]vD[0xbc][0x93][0x97][0xf2](=c[0xc1][0x9c][0xd2]3[0x16][0xcc][0x91][0x86]P[0xc8]j[0xfb][0x9a]#[0x1d][0x1d]LV[0x10]"r?9[0xf6][0x1b][0x1a]S8[0xb5]mh[0x8c][0xb4]![0x14][0xbc][0xe][0x15][0xa3][0x9d][0x7]j[0xa8][0x82]e[0xb0][0xad][0xc2]1F[0xea][0x3][0x82][0x15][0x91][0xa6][0xdd][0x84][0xf0][0xa6][0x1b][0x90][0xf5][0x90][0xd4][0x85][0xcd]~J[0xf7][0xb5][0x18][0x9a]Rx[0x94][0x97]![0xa5];U[0xc])[0xdd][0xa9]bh[0x8a][0xd4][0xf6][0x80][0x84][0x14][0xd6]H[0x80]Ha[0xf]DD*[0x84][0xa8]"[0xd5][0x0][0xa4][0x6][0x4]y[0x6]P[0xb8][0xc0][0xd5][0x90][0xd2][0xd5][0x9][0x86][0x94][0xae]N0[0xa4]tq[0x81]![0xa5]k[0x3][0xc]M[0x91][0xc6]"[0xc8][0x8b][0x5][\n]"
01:28:09.144 [main] DEBUG org.apache.http.wire --  << "g[0xe6][\r]M)][0x15]h[0x8a]4[0x15]O[0xa6][0x17][0x10][0xcd]x2[\r][0xa0]4/ [0xcd][0xd6][0x93][0xe7][0x2][0xa4][0xf9]x2[\r]@[0xb4][0x87][0xc9]4[0x0][0xd1]&"[0xd3][0x0][0xca]z[0xc1][0x86][0x94]NE[0x1b]R:[0xb9]lhFi[0xbd]@[0xe9][0xd4][0xae]![0x11]S[0xbb][0xf8][0xeb]F3[\n]"
01:28:09.144 [main] DEBUG org.apache.http.wire --  << "w0[0x1a][0x9a]Q[0xb8][0x1][0xd1][0xd0][0x8c][0xd2]z[0xc1][0xc][0xa9]gHVJD[0x9e][0xc3]%[0xd3][0x0][\n]"
01:28:09.144 [main] DEBUG org.apache.http.wire --  << "[0xf3][0x82][0x19][0x85][0x9b][0xef][0xc][0xcd]([0xec][0xe0][0x19][0x9a]![0x1d]:H^[0x18] m[0xfb]"[0xd3][0x0][\n]"
01:28:09.144 [main] DEBUG org.apache.http.wire --  << "K$3[\n]"
01:28:09.144 [main] DEBUG org.apache.http.wire --  << "[0x1b][0xfa][0x86]fH[0xed]t[0xf2][0xbc][0x80]49J[0xa6][0x1][0x88][0xbe][0x1a][0x99][0x6]P[0xd6][0xdd]24[0xa3][0xf0]d0C3J[0xd7]Y[0x13]1[0xfd][0x89][0xbf]H3'<J[0xc0][0x0][0xa4])U[0xb2]b[0xc1][0x9c][0xc2][0xbd]\[0x86][0xe6][0x94]6u[0xcd]M)l[0xe2][0x98]#[0xad][0x9f]$/[0xc][0x8]7[0xf3][0x90]GV)[0xdd][0xbe]l[0x8e][0xb4][0x6][0x84][0x9c]N[0xb2][0x81]9[0xd2][0xc6]Y[0xf2][0xc]@[0xca][0xfc][0xe4][0xf4][0xf2][0x91][0xd6]E[0x90][0xa5][0x1d]1LCN|[0x19] _>F[0x96][0xfd][0x88][0xd2][0x9b][0xcc][0xe0][0xa3]l[0x84][0x95][0xd2]=[0xa8][0x94]n[0xef]0@.v[0xc8][0xb][0x1][0xa4]b[0x87][0x9c][0x18]@*tpLe[0x90][0xb4][0x8e][0xc5][0x1c][0xe9][0x16][0x1b][0x14][0xff][0x0][0x0][0x0][0x0][0xff][0xff]"
01:28:09.144 [main] DEBUG org.apache.http.wire --  << "[\r][\n]"
01:28:09.145 [main] DEBUG org.apache.http.wire --  << "620[\r][\n]"
01:28:09.145 [main] DEBUG org.apache.http.wire --  << "*[0xca],[0x0]]g[0xa5]d[0xa5][0x84][0xff],[0x19]s[0xa4][0x93][0xfb][0xc8][0xf2][0xf][0xa2]QE[0x1d][0xff] :mT1[0xf][0xe9][0xb2][0x16][0xf2]r[0x1c][0xd2]R[0x10]2[\r]@d[0x19][0xf2]b[0x8]i[0xd3][0xc][0x99][0x6]PV[0xcd][0x18]Pz[0xd9][0x9e][0x81]9[0xd2]z[0x15][0xf2][0x2][0x91][0xc2][0x8d]e[0x6][0x94]^[0xb6]g`N[0xe9][0x96][0x15]"6[0x96][0xe1]m[0xf0][0x18][0x98]#[0xed]8!/[0x1d][0x10][0xde][0x93]F[0xc0][0x5]H+\[0xc8][0x8b]F[\n]"
01:28:09.145 [main] DEBUG org.apache.http.wire --  << "[0x87][0xa5][0xc][0xcc][0x9][0xb7]W[0x8]y[0x1]Q[0x3][0x92][0xe9][0x5]Dv&[0xd3][0x0]Js#[0xd2][0x92][0x16][0xf2][0xd2][0x1][0xd2][0x92][0x16][0xf2][0xc]@Z[0xd2]B[0xa6][0x1][0x94][0xf5][0xa0][0xc][0xcc])[0x1c]Y30G:[0x1][0x8d]L/P[0x9a][0x90][0x90][0x16][0xc7][0x90][0x97][0x90],[0x11]U/[0x99][0x6][0x10]L[0x89][0xc8][0x8d][0xa4][0x8b]f[0xc8]]7m[0x81][0xb4][0xa6][0x85]|3(lC[ [0x8d][0x7][0xe2]hbP[0xb2]X[0xc5][0x2]i'[0x9][0xe][0xe3][0x91]B[0xd5][0x2]i[0xd7][0x7][0xe][0xd5][0x94]9[0x6][0x11][0xc5]8[0x8c]Gq[0xc][0xc1][0xc6][0x17]E[0x8e]AZ[0xdb]B[0x84]c[0xc][0x11][0xf1][0x8c]C5e[0x8e]A[0x8c][0xc1][0xe0]0[0x1e]9d[0xc][0x11][0xa5]>[0xe][0xd5][0x94]9[0x6][0x91][0x95]q[0x18][0x8f][0xe2][0x18][0xc4][0x98]<[0xe][0xd5][0x94]9[0x86]`*@v[0xc][0xd2][0x90]$-[0x1c][0x83]tZ[0x18][0xe][0xe3]Q[0x1c][0x83]([0x94][0xc9]._[0x90]N[0x7]#[0xdf][0xc]D[0xc][0x91]m[0x6][0xd2][0x82][0x12][0xf2][0xcd]@[0xe4]![0xf2][0xcd]@[0x84])Y[0xd5][0x8c][0x5][0xd2][0xda][0x10][0x1c]QHQrE[0x1a]P[0xc6]a<r[\n]"
01:28:09.145 [main] DEBUG org.apache.http.wire --  << "A[0x1a]=[0xc6][0xa1][0x9a]2[0xc7][0x90][0x90]w[0xc][0x8d])]5o[0x81]t[0xaa][0x19][0xe][0xdf] [0xfb][0x9d][0xc2][0x8b][0xe7][\r],([0x1c]v6[0xb0]@[0x1a][0xff]!c[0xb0][0xc1][0x82][0xc2]Qk[0x3][0xb][0xa4]]?d[0xd9][0x8f][0x88]][0xf2][0xb2][0x2][0xd2][0xe0][0x11][0x99][0x6] [0x1a][0xce][0xe4]x[0x80][0xc2][0x11]k[0x3][0xb][0xa4]}Gd[0xd9]OiYB[0xd9]h[0x95][0x5][0xd2][0xc9]cd9[0x1f][0xd1][0x9a]"3[0xfa][0x10][0xf5][0x2]Y[0xf6]S[0x9a][0xfe][0x90]vU[0x91]c?[0xd2]6+[0xb2][0xb4]#j#[0xb2][0xb4]#Zl[0xa4]k74F[0xda]a[0x84]#[0xf2][0x90][0xcb]J[0xa4][0xa3]nH[0xb7][0xcc][0xc0][0x2]i[0xcc][0x8e],[0xed][0x88][0x84]F[0x96]vJ[0xd3][0x9][0xa5][0xe3]u[0x16][0x94][0x8e][0xd7]YPzF[0x8d][0x5][0xd2]rF[0x1c][0xd1][0x8d][0xa4][0xc8][0x82][0xd2][0x1]?[0xb][0xa4][0xda][0x9d][0xec][0xc6][0x17][0xd2][0x98][0x1f][0x99][0xbe]@[0x94]8[0xe4][0x19][0x80]tU2[0xae];[0xab]@[0x1][0x9][0x95][0xc3][0xb2]([0xd1][0xc0][0x2]i)[0x18]T[0x19][0xd6]U[0x89]P9[0xec]F :HPe[0xa4][0x1b][0x81][0xc8]Sd[0x1b][0x81][0x8]L[0xb2][0x8d]@dMr[0x8d]@[0x1a]}#[0xdb][0x8]D3[0x82]l#[0x10][0x85]9[0xd9]F Z[0x3]d[0x1b]A8R[0x91]Ku[0xa4]1,\6[0xa2]('[0x1c]YH[0xca]-[0x91]F[0xb7][0x88]0[0xdd][0x12][0xe9][0xd4][0x94]d[0x10][0xc8][0x7][0x1][0x10]#[0x19][0xc4][0xc8]'[0x93]Ej[0xbe][0xb0]D[0xda]9F[0xa6][0x95][0xd8][0x9c]K[0xba]3[0x10][0xb5][0xfb][0x80]:[0x3])M[0x82][0xdc][0x81][0xcd]o[0xa4][0x8b][0x91][0x1e][0x1a][0x88][0xf1]&\I[0x9][0xe4]:[0x8a]R[\n]"
01:28:09.145 [main] DEBUG org.apache.http.wire --  << "[0xdc][0x1b](i[0x18][0xa9][0xa0][0x5][0xd9][0x0]WD[0x91]U[0xa4][0xfb][0x9f]p[0xce]#P[0xeb]X"[0x8d]6[0x92]5[0xc2]o[0x89][0xb4][0xe4][0x91]L[0x3][0x10]E$[0x99][0x6] [0xf2][0x4]Y[0x9b][0xe2]-[0x91][0x86]-[0xc9][0xaa][0xfd]-[\r][0x11][0xc9][0x1][0xc7][0x0][0x3]I[0xcb][0x15],)[0xdd]#gI[0xe1][0x12]J[0x3]K[0xa4][0xf1]J[0xf2][0xc2][0x14]i[0x8f][0x1c]ya[0x8a][0xb4]K[0x8e]L[0x3][0x10][0x85][0x3]U"[0x5]iU[0x16]y[0xe]B[0x1a][0xaa]$[0xd3][0x0]D{[0x84]L[0x3][0x10]Y[0x8d]*A[0x82]4fI[0xa6][0x83][0x10][\r][0x13]2[\r]@[0xb4]5[0xa9][0xe2]#[0xa4][0x95]k[0xe4]9[0x88][0xf0]X#iE[0x1][0xa5][0x83][0x89][0x96]H[0x83][0x89]d[0xfa][0x8][0x11][0xc4]d[0x1a][0x80][0xa8][0xa5][0xc8]3[0x0]i<[0x90]*[0x91][0x8c]4<G[0x1d][0xf3][0x10][0xc5]?[0x99][0x1e][0xa4]4[0x88])=h[0xdf][0x12]i[0xcc][0x8a]</P[0xba][0x82][0xcc][0x92][0xd2][0x15]d[0x96]HcQT[0x89]U[0xa4][0x8d][0xa2]T1[0x8f][0xd2][0xc1][0x1e]K[0xa4][0xc1][0x1e][0xea]8[0x8]QA[0x92][0x17][0xe7][0x94][0xe][0xbb]XR[0xba][0xd4][0xca][0x92][0xd2][0xa5]V[0x96]HK[0xad][0xa8][0x12][0xa6]H[0xe3]@[0xd4]1[0xf]QAR[0xc5]<[0xa4]Q[0x11][0xf2][0xe2][0x9c][0xd2]%E[0x96]H[0x87][0xe5]P[0xc7]G[0x88][0x10]"[0xd3]G[0x88][0xea][0x89][\n]"
01:28:09.145 [main] DEBUG org.apache.http.wire --  << "[0xe]24@Z[0xab]B[0x8e][0x83][0xc][\r]([0xdd][0xde]l@[0xe9]66[0x3][0xa4]E%[0xe4]y[0x1][0xe9]$Q2[\r][0xa0][0xac]l24[0xa0][0xb0][0x7]dh[0x80][0xd4][0x3]"[0xcf][0xb][0x14][0xf6][0x80][0xc][\r][0x90][0xe][0xfa] [0xd3][0x5][0x94]e[\r]C[0x3][0xa4]}$[0xe4][0xb9][0x80][0xc2].[0x8f][0xa1][0x1][0xa5];[0xf1][0xc][0x8c][0x11][0x83][0x3]dz[0x81][0xd2][0x94][0x88][0xb4][0xf2][0x82]<[0x17] m[0xc6][0x1][0x8d]5Q4[0xc4][0x84][0x18][0xa8]"q[0xb0][0xc9][0xd0][0x0][0xa9]kD[0xcf][0xc1]6C[0x3][0xa4].[0x15].[0x8b][0xf1][0x8f]r[0x19][0x1a] ]KGf[0x1c]P[0x9a][\n]"
01:28:09.145 [main] DEBUG org.apache.http.wire --  << "[0x90][0xba]ad{[0x82][0xd2][0xec]L[0xe9]fB[0x3][0xa4][0x8e][0x18]y[0xc1]H[0xdd]}=[0x86][0x6]H[0xb][0x1d][0xc8]t[0x10][0xa5]aJ[0xe1][0x1d]i[0x86][0x6]H[0x8b][\r][0xc8][0xf3][0x2][0x85]]7C[0x3][\n]"
01:28:09.145 [main] DEBUG org.apache.http.wire --  << "o(34@[0xea][0xba]y[0x97]&g[0xe6][0xa5]+[0xf8][0x17][0xa5][0xe6]a[0x14]0[0x91][0x89][\n]"
01:28:09.145 [main] DEBUG org.apache.http.wire --  << "[0x8e][0xb9][0x5][0xa5]y[\n]"
01:28:09.145 [main] DEBUG org.apache.http.wire --  << "[0x99]y[0x99][\n]"
01:28:09.145 [main] DEBUG org.apache.http.wire --  << "9[0xa5][0xc9][0xa5][\n]"
01:28:09.145 [main] DEBUG org.apache.http.wire --  << "I[0x89]y[0xe9][0xa9]%%%H[0xa7])[0x1a][0x1a] [0x9d][0xf0][0xe3][0x92][0xaf][0x90][0x97]_[0xa2][0x90][0x9c][0x9f]W[0x92][0x98][0x99][0xa7]PP[0x94][0x9f]R[0x9a]\[0xa2][0x90]Y[0x92][0x9a][0x8b]ymTIfJb[0xb6]BbJ"\]vbIjz~Q&b[0xe4][0xde][0xd0][0x0][0xa9]WGfp#[0x9a][0x8b]d[0x19]`La[0x9f][0xc5][0xd0][0x18][0xa9][0xcf][0x82][0xc3][0x5]H[0x1e]6F[0x9a]V[0xc6][0xa1][0x1a]TxB[0xa4][0xb0]L*[0x1b][0x1a][0x13]>[0x9d][0x14][0xd9]:[\n]"
01:28:09.145 [main] DEBUG org.apache.http.wire --  << ";[0x18][0x86][0xc6][0x84][0x8f][0x13]A[0xb1][0x8e][0xc2]r[0xd9][0x98][0xf0][0xf6][0x0]$[0xeb]L[0x90][0xe6].!![0x86][0x91][0xc8][0xf1][0x7][0xa6][0x9][0xd2]l&[0xe][0x3][0x90][0xad]C[0x9a][0x88]%F5[0x85])[0xd3][0x14]i\[0xc][0x87]u[0xf8]}g[0x86][0xb4][0xc]9;1/[0xb9][0xb4][0x84][0xc4][0xe0]1[0xa3][0xb4][0xcd]lFi[0x9b][0xd9][0xc]i]sn~iq*[0xc9]>[0xa0][0xb0]BA[0xbe][0x0][0x80][0xbc]H[0xa0][0xb4][0xcd]m[0x86]TI[0x93][0xe7][0x2][0xa4][0xdd][0xb6]8[0xc]@J[0xe4]f[0x94][0xd6][0xe1]f[0x94][0x9e][0xf]`Fi[0x5]hF[0xe1][0xd0][0x9e][0xa1][0x19][0x85][0xcb][0xb0][0xc][0xcd](\[0x86]e[0x88]|[0xb2]8[0x8e]8#[0x90][0xf7])[0x1c][0xc]44[0xa3][0xf4]4/3[0xc2][0xf5]"[0x1]/PzN[0x84][0x19][0xd2][0xe8][0x1f]y[0x81]H[0xb8][0xae]%[0xe4][0x5]J[0x8b][0x1f][0xa4]][0x8f][0xe4]y[0x81][0xd2][0x6][0x80][0x19][0xe1][0x6][0x0][0x81]0[0xa0]p[0x88][0xd2][0xd0][0xc][0xb1][0xeb][0x11][0x0][0x0][0x0][0xff][0xff]"
01:28:09.145 [main] DEBUG org.apache.http.wire --  << "[\r][\n]"
01:28:09.145 [main] DEBUG org.apache.http.wire --  << "15D[\r][\n]"
01:28:09.145 [main] DEBUG org.apache.http.wire --  << "R"3[0xc](l[0x95][0x98][0x11]n[0x95][0x10][\n]"
01:28:09.145 [main] DEBUG org.apache.http.wire --  << "[0x3][0xca]f[0x94][0xc][0xcd]([0xbc][0x1b][0xcb][0xd0][0x9c]pK[0x7][0xbf][0x17][0x90][0xcf][0xea]&+[0x16][0xcc][0x91][0xb6][0x18][0x92]i[0x0][0x85][0xd1]hN[0xe9]P[0xb0]9[0xa5]'[0x9a][0x99]S:[0x14]l[0x8e][0xb4]>[0x88][0xbc]@[0xa4]t,[0x19][0xf9][0xb0]l2]@i4"-[0xef]![0xcf][0x5][0x94][0xe][0x1]"[0x1f][0xdb]K[0xa6][0xb](,[0xf][0xcc])[0xed][0x1b] [0x1f][0xc1]B[0x9e][0x17](m'[0x9a]#mk![0xd3][0x5][0x14][0x6][0xa2][0x1][0xd2][0x14]5Y.0@[0xda]0[0xe1][0x92][0xaf][0xe0][0x97]_[0xa2][0x10][0x0][0x19][0x13][0xc1][0xe8][0xa6][0x10]7[0x1a]B[0xe1][0xe][0x6]C[0x3][0xa4]9i[0xf2]|Di[0xcb][0xd7][0x0]i[0xff][0x0][0x99].[0xa0]l[0xf5][0x86][0xa1][0x1][0xa5]-_[0x3]J[[0xbe][0x6][0x94][0xe])[0x19]P[0xda][0xf2]5[0xa0][0xf0][0xc4][0x11]C[0x3]J[0x87][0xa9][0xc](m:[0x1b] [0x1d][0x18]B^B[0xa2][0xb4][0xe9]l@i[0xcb][0xd7][0x80][0xd2][0x96][0xaf][0x1][0xa5]-_[0x3][\n]"
01:28:09.145 [main] DEBUG org.apache.http.wire --  << "[0x8f][0xeb]04[0xa0][0xb4][0xe5]k@[0xe9][0x9][0xeb][0x6][0x94][0xb6]|[\r])[0x1d]$4[0xa4][0xb4][0xe9]l[0x88]tv[0x7]YI[0xd9][0x90][0xd2][0xa6][0xb3]![0xa5]-_CJ[[0xbe][0x86][0x94][0xae][0xa2]0[0xa4][0xb4][0xe5]k[0x88][0xb4]2[0x9e][0xbc]X |[0x18]pXbN~Qb[0x1e]hJ[0xa4]T!=17U[0xa1]$[0xb5]()13[0x1b]i[0x80][0xcd][0x90][0xf0][0xf2][0xf6]0[0xe2][0xcc]!XQ[0x12]g[0xc][0x85]C[0x14][0x86][0x94][0x1e]0lHxm[0x8][0xba]G[0x0][0x0][0x0][0x0][0xff][0xff]"
01:28:09.145 [main] DEBUG org.apache.http.wire --  << "[\r][\n]"
01:28:09.145 [main] DEBUG org.apache.http.wire --  << "B9[\r][\n]"
01:28:09.145 [main] DEBUG org.apache.http.wire --  << "[0xc2][0x1a][0xae]H[0xa3][0xdd]8[0xe2][0x97]8c[0x10]{ip[0x18][0x83][0xbf][0xa3]lH[0xe9][0x98][0xb7]![0xd2][0x98]75V@[0x19]"-[0x1b][0xa1][0x8a]y[0x84][0x17][0x81][0x10][0x15][0xd0][0xc6][0x88][0x80][0xa6][0x8e][0xb3][0x10][0x9][0x99]*[0xe6]![0xad][0xf3][0xc0][0x91][0x10][0x88][0xf2]&[0xd2]r[0x9][0x1c][0xc6][0x10]HO[0x84][0x17]K[0x10][0xe7][0xe][0x82][0xdd]n[0xe2][0x8c]A[0x84]2[0xe][0xef][0x10]g[0xc][0xc1][0xc9]1[0xa2][0x8c][0xa1]tn[0xc4][0x90][0xf0][0xd9][0x12][0xc8]E7[0xa5]]VC[0xc2]s#[0xc8][0xd6]Q[0xba][0x94][0xc0][0x90][0xf0]*p[0x14][0xeb][0x8]V([0x4]R*[0xd2]R[0x1][0x1c]i[0x3][0xd9]:Jgi[0xc][0x9]wvQ[0xac][0xa3][0xd4]w[0x84][0xfb][0x95][0xc8][0xd6]Q:[0xfb]aH[0xb8][0xf][0x88]b[0x1d][0xa5][0xbe]C[0xba][0xb3][0x94][0xf4][0xc3][0x1b][0xc][\r][0x91]zkdi'X"
01:28:09.145 [main] DEBUG org.apache.http.wire --  << "[\r][\n]"
01:28:09.145 [main] DEBUG org.apache.http.wire --  << "43[\r][\n]"
01:28:09.145 [main] DEBUG org.apache.http.wire --  << "[0x1c][0x10]HzH[0xd3][0x1c][0xe4][0xd8][0x8f][0xd4][0xd5]#K;b#[0x17]Y[0xda][0x11][0x8b]"[0xc9][0xd2][0x8e][0xa8]H[0xc9][0xd2][0x8e][0xa8][0x18][0xc8][0xd2][0x8e]HydiG[0xd4]'di[0xa7]p[0xc][0xd0][0x10][0xa9]{I[0x86][0xfd]FH[0x9d]K<[0xda][0x1][0x0][0x0][0x0][0xff][0xff]"
01:28:09.145 [main] DEBUG org.apache.http.wire --  << "[\r][\n]"
01:28:09.145 [main] DEBUG org.apache.http.wire --  << "1B[\r][\n]"
01:28:09.145 [main] DEBUG org.apache.http.wire --  << "[0xca][0x5]-[0xc2]*(-*[0xc8]/N-F[0xca][0xb6]F[0x94]v-[0x8d][0x90][0xf6][0xc1]C[0xac][0xc1][0x18]"
01:28:09.147 [main] DEBUG org.apache.http.wire --  << "[\r][\n]"
01:28:09.147 [main] DEBUG org.apache.http.wire --  << "7E[\r][\n]"
01:28:09.147 [main] DEBUG org.apache.http.wire --  << "y[0xc4][0x9f]q[0x8c]([0xed][0x9b][0x1a]Q[0xda]75B[0xba]'[0x95]L/ R [0x99][0x6] [0xd2] [0x99][0x6]P[0x98][\n]"
01:28:09.147 [main] DEBUG org.apache.http.wire --  << "[0x8d]([0xed][0xdc][0x1a]Q:[0xad]cD[0xe9][0x16][0x1]#Jge[0x8c]([0xed]G[0x1a][0x11][0xee]G[0x12][0xc8][0xb]H{[0xc][0xc8]<[0xfb][0xc6][0xd0][0x8]i[0xc9][0x94]_>4[0xeb]c[0xe4]I[0xd0]*J[0x90][[0xb0][0x15][0x9][0x14]n[0xb4]64[0xa2][0xb4][0xff]i[0x84][0xd4][0xff][0xc4][0x91][0x1d][0x90][0x8b]0J[0xd7]7[0x19][0x19][0x13][0xdc]F[0x8d]b[0x1d][0xa2][0xb6]JO[0x4][0x0][0x0][0x0][0xff][0xff]"
01:28:09.147 [main] DEBUG org.apache.http.wire --  << "[\r][\n]"
01:28:09.147 [main] DEBUG org.apache.http.wire --  << "2FA[\r][\n]"
01:28:09.147 [main] DEBUG org.apache.http.wire --  << "[0x2][0x95][0xab][0x18][0x81][0xb][\n]"
01:28:09.147 [main] DEBUG org.apache.http.wire --  << "X[0x88][0x14][0xb6][0xf5][0x93]FHWnBT[0x91]l[0x0][0x85]m[0x15]#[0xa4][0x95][0xfb][0xe4][0xb9][0x80]p[0x8f][0x90]@[0x18]P[0xb8][0x8b][0xd9][0xd0][0x88][0xc2]3[\r][\r][0x8d]([0xdc]!khD[0xe9]"1[0x13][0xa4]j[0x87][0xac][0x8c]j[0x82]4[0xa6]J[0xa6][0x1][0x14]V;&[0x94][0xae]&0A[0x1a][0x12]%[0xcf][0xb][0x94]V;&Hc[0xaa]d[0xba][0x0]Q[0xf5][0x92]i[0x0]";[0x93]g[0x0][0xe1]j[0x87][0x98][0xa1][0xc][0x13][0xa4][0xe1]K2Z[0x92]&H[0xa5]>[0xae][\r]-H[0xc5][0xa8][0x9]R[0x19]?[0x80][0x9b][0x98]L[0x90][0xae][0xaf][0xc6][0xe5]j[0xea]9[0xf][0xc5][0xff][0x88]d[0x83][0xcb]bP[0x19][\n]"
01:28:09.147 [main] DEBUG org.apache.http.wire --  << "[0x95][0xc3]V[0x91][0x98] [\r][0xab][0x92]U[0x8c][0x9b][0x10][0xae][0xf8]@N[0x80][0x98][0x8d][0xd5][0x5][0x94][0x96][0xc2][0xa6][0x94]f_S[0xa4][0xec][0xb]q'Fe[0x8a][0x14][0xe8][0xa6][0x84]g>PTS[0xd8][0xac]7[0xa5][0xf0][0xe2]/CS[0xa4][0xa6][0x18]4![0xe0][0xf5][0x1e]r[0x16][0x4][0xa5]Z[0xc4][0xe6]>JX[0x18]V[0x82][0x12][0x5][0xd4]9[0xd8]R[0x85])r[0xd6][0xce][0xcf][0xcf][0xce][0xcc]K[0xc7]0[0x2][0xe4]:[0xea][0xec][D[0x8e]0"23![0xb7]S[0xda][0x98]4%<[0xa9][0x80][0xec]b[0xa4][0xb6] [0x8e])[0x3]d[0xd5][0x84][0xd7][0xd1][0x83][0xbc][0x7][0xc9][0x7]Xc[0x86][0xd2]%Sf[0x94][0xae][0xfa]2[0xa3][0xb4][0xd9]eF[0xe9][0x90][0xb4][0x19][0xa5]k[0xae][0xcc][0x8][0xf]2[0xe3][0x8f][0x5]33D[0x85][0xf][0x89]+[0x8c][0xec][0x81][0xdf][0x0]sJ[0x3][0xd1][0x88][0xd2][0x8d][0x9f]F[0x94]N{[0x18]Q[0x9a][0x90][0x8c](M[0xca]F[0x84]gB[0xf0][0xc7][0x82][0x11][0xd2].G[0xb2][0xa2][0xd1][0x8]i[0xf1][0x1e]9g[0xaa][0x19][0x1a]!m[0xf2][0xc8]H[0xc4][0xe]ILZF[0x94][0xae][0x9e]3"|^4[0x81]`%<[0xcb]A[0xc8][0x0]D[0xcb][0x8a][0xbc]xAZ=G[0xce][0x1][0x84][0x86]F[0x94]N[0xbd][0x18]Q[0xba]z[0xce][0x88][0xd2][0x8d]'F[0x94][0xae][0x9e]3B[0x9a][0xce]!3[0x16]([0x8e]F[\n]"
01:28:09.147 [main] DEBUG org.apache.http.wire --  << "[0x8b]Y#[0xa4][0xd5]s[0xd0][0xe6][0xe]FnB[0xaa][0x9d][0x8d][0x90][0xd6][0xca]Q[0xaf]y[0x93][0x8c]a%([0xf5]C[0x9d][0x83][0xad][0x8e]7B:O[0x7][0xaa][0xc][0xc3][0x8][0xea]9[0xf][0xc5][0xff][0x88][0x81]1\[0x16][0x13]t;"[0xce]q[0x19][0x81]b#"[0x86][0xa9][0xe7]%[0x92]C[0xdc][0x18]i[\n]"
01:28:09.147 [main] DEBUG org.apache.http.wire --  << "[0x6][0x97][0xab][0xa9][0xe7]<$[0xff][0x1b]#M[0xde][0xe0][0xb2][0x98]@[0x88][0x1b]S:}c[0x82]4lO[0xde][0xe8][0x5]R'[0x89]<[0x3](=[0xd1][0xc5][0x84][0xc2]S+[\r]M[0x90]Z[0xf1]d[0x95]u&[0xc6][0x88][0x84]L[0x9e][0x1][0x94][0x8e][0xe8][0x9a]P:[0xa2]kB[0xe9][0x88][0xae][0x9][0xa5]mR[0x13]J[0xdb][0xa4]&[0x94][0xb6]IM(m[0x93][0x9a]P[0xda]&5[0xa1][0xb4]g`Bi[0xf7][0xca][0x84][0xd2]aqS[0xa4][0x2][0x85][0xac][0xbc]`[0x8a][0xb4]F[0x8a][0xac][0x2][0xc5][0x1c][0xa9]D"[0xcb][0x5][0xe6][0x14][0x1e][0xd7]lhNxD[0x17]T[0xae]C[0x1c][0x87][0xad][0x11]`[0x8e]4[0x91][0x8]Q[0x85][0xd1][0x6] d[0x0]bA[0x9][0x99][0x6] [0x96][0x94][0x90]i[0x0]bQ[0x9][0x99][0x6] [0xda]#d[0x1a]@[0xe1][0xf8][0x9f]9[0xd2]x[0x14][0x99].@[0xb4][0x87][0xc8]4[0x80][0xc2][0x8a][0xc5][0x9c][0xd2][0xf1]0sJ[0xc7][0x98][0xcd][0x91][0x16][0xfb][0x92]1-aNi[0xeb][0xc0][0x1c]i@[0x8f][0xbc]8[0xa0][0xb4]yaN[0xe9][0x89]P[0xe6]d[0x16][0xea][0xb1][0xb5]\[0x0][0x0][0x0][0x0][0xff][0xff][0x3][0x0][0x9d]Tt[0xd1][\r][0x1][0x0]"
01:28:09.147 [main] DEBUG org.apache.http.wire --  << "[\r][\n]"
01:28:09.147 [main] DEBUG org.apache.http.wire --  << "0[\r][\n]"
01:28:09.147 [main] DEBUG org.apache.http.wire --  << "[\r][\n]"
01:28:09.147 [main] DEBUG io.restassured.internal.RestAssuredHttpBuilder -- Parsed data to instance of: class org.apache.http.conn.EofSensorInputStream
01:28:09.149 [main] DEBUG org.apache.http.impl.conn.BasicClientConnectionManager -- Releasing connection org.apache.http.impl.conn.ManagedClientConnectionImpl@8318808
01:28:09.149 [main] DEBUG org.apache.http.impl.conn.BasicClientConnectionManager -- Connection can be kept alive indefinitely
01:28:09.166 [Finalizer] DEBUG org.apache.http.impl.conn.DefaultClientConnection -- Connection 0.0.0.0:55364<->149.248.193.56:443 closed
01:28:09.167 [Finalizer] DEBUG org.apache.http.impl.conn.DefaultClientConnection -- Connection 0.0.0.0:55363<->149.248.193.56:443 closed
01:28:09.167 [Finalizer] DEBUG org.apache.http.impl.conn.DefaultClientConnection -- Connection 0.0.0.0:55362<->149.248.193.56:443 closed
01:28:09.167 [Finalizer] DEBUG org.apache.http.impl.conn.DefaultClientConnection -- Connection 0.0.0.0:55366<->149.248.193.56:443 closed
01:28:09.168 [Finalizer] DEBUG org.apache.http.impl.conn.DefaultClientConnection -- Connection 0.0.0.0:55365<->149.248.193.56:443 closed
01:28:09.197 [main] DEBUG net.thucydides.core.steps.StepInterceptor -- STEP DONE: I GET HTTP request with valid endpoints all products categories
  &amp#27;[32mWhen &amp#27;[0m&amp#27;[32mI GET HTTP request with valid endpoints all products categories&amp#27;[0m   &amp#27;[90m# starter.stepdefinition.ProductCategoriesSteps.getHTTPRequestWithAllProductsCategories()&amp#27;[0m
01:28:09.201 [main] DEBUG net.thucydides.core.steps.StepInterceptor -- STARTING STEP: ProductCategoriesSteps.receiveResponseCode200GetAllProductsCategories - I receive valid HTTP response 200 for get all products categories
01:28:09.204 [main] DEBUG net.thucydides.core.steps.StepInterceptor -- STEP DONE: I receive valid HTTP response 200 for get all products categories
  &amp#27;[32mThen &amp#27;[0m&amp#27;[32mI receive valid HTTP response 200 for get all products categories&amp#27;[0m &amp#27;[90m# starter.stepdefinition.ProductCategoriesSteps.receiveResponseCode200GetAllProductsCategories()&amp#27;[0m
01:28:09.205 [main] INFO  -- 
  _____   ___   ___   _____     ___     _     ___   ___   ___   ___  
 |_   _| | __| / __| |_   _|   | _ \   /_\   / __| / __| | __| |   \ 
   | |   | _|  \__ \   | |     |  _/  / _ \  \__ \ \__ \ | _|  | |) |
   |_|   |___| |___/   |_|     |_|   /_/ \_\ |___/ |___/ |___| |___/ 

TC29 - Get all products categories
----------------------------------------------------------------------
]]></system-out>
  </testcase>
  <testcase name="TC30 - Get all products categories with invalid endpoints" classname="[04_Automation] - Product Categories" time="0.11">
    <system-out><![CDATA[
Scenario: TC30 - Get all products categories with invalid endpoints                         &amp#27;[90m# src/test/resources/ProductCategories.feature:37&amp#27;[0m
01:28:09.210 [main] INFO io.cucumber.core.plugin.SerenityReporter -- Running feature from file:///D:/TaksAlterra/MiniProject/MiniProject_API/src/test/resources/ProductCategories.feature
01:28:09.210 [main] WARN io.cucumber.core.plugin.SerenityReporter -- Feature from file:///D:/TaksAlterra/MiniProject/MiniProject_API/src/test/resources/ProductCategories.feature is not under the 'features' directory. Requirements report will not be correctly generated!
01:28:09.212 [main] INFO  -- 
  _____   ___   ___   _____     ___   _____     _     ___   _____   ___   ___  
 |_   _| | __| / __| |_   _|   / __| |_   _|   /_\   | _ \ |_   _| | __| |   \ 
   | |   | _|  \__ \   | |     \__ \   | |    / _ \  |   /   | |   | _|  | |) |
   |_|   |___| |___/   |_|     |___/   |_|   /_/ \_\ |_|_\   |_|   |___| |___/ 

TC30 - Get all products categories with invalid endpoints([04-automation]---product-categories;tc30---get-all-products-categories-with-invalid-endpoints)
--------------------------------------------------------------------------------
01:28:09.218 [main] DEBUG net.thucydides.core.steps.StepInterceptor -- STARTING STEP: ProductCategoriesSteps.getAllProductsCategoriesEndpoints2 - I GET all products categories endpoints 2
01:28:09.218 [main] DEBUG net.thucydides.core.steps.StepInterceptor -- STEP DONE: I GET all products categories endpoints 2
  &amp#27;[32mGiven &amp#27;[0m&amp#27;[32mI GET all products categories endpoints 2&amp#27;[0m                                           &amp#27;[90m# starter.stepdefinition.ProductCategoriesSteps.getAllProductsCategoriesEndpoints2()&amp#27;[0m
01:28:09.221 [main] DEBUG net.thucydides.core.steps.StepInterceptor -- STARTING STEP: ProductCategoriesSteps.getHTTPRequestWithInvalidEndpointsAllProductsCategories - I GET HTTP request with invalid endpoints all products categories
01:28:09.223 [main] DEBUG net.thucydides.core.steps.StepInterceptor -- STARTING STEP: ProductCategories.getHTTPRequestWithInvalidEndpointsAllProductsCategories - I GET all products categories endpoints 2
01:28:09.223 [main] DEBUG net.thucydides.core.steps.StepInterceptor -- STEP DONE: I GET all products categories endpoints 2
01:28:09.230 [main] DEBUG org.apache.http.impl.conn.BasicClientConnectionManager -- Get connection for route {s}->https://altashop-api.fly.dev:443
01:28:09.230 [main] DEBUG org.apache.http.impl.conn.DefaultClientConnectionOperator -- Connecting to altashop-api.fly.dev:443
01:28:09.285 [main] DEBUG org.apache.http.client.protocol.RequestAddCookies -- CookieSpec selected: ignoreCookies
01:28:09.285 [main] DEBUG org.apache.http.client.protocol.RequestAuthCache -- Auth cache not set in the context
01:28:09.285 [main] DEBUG org.apache.http.client.protocol.RequestTargetAuthentication -- Target auth state: UNCHALLENGED
01:28:09.285 [main] DEBUG org.apache.http.client.protocol.RequestProxyAuthentication -- Proxy auth state: UNCHALLENGED
01:28:09.285 [main] DEBUG org.apache.http.impl.client.DefaultHttpClient -- Attempt 1 to execute request
01:28:09.285 [main] DEBUG org.apache.http.impl.conn.DefaultClientConnection -- Sending request: GET /api/categorie HTTP/1.1
01:28:09.285 [main] DEBUG org.apache.http.wire --  >> "GET /api/categorie HTTP/1.1[\r][\n]"
01:28:09.285 [main] DEBUG org.apache.http.wire --  >> "Accept: */*[\r][\n]"
01:28:09.285 [main] DEBUG org.apache.http.wire --  >> "Host: altashop-api.fly.dev[\r][\n]"
01:28:09.285 [main] DEBUG org.apache.http.wire --  >> "Connection: Keep-Alive[\r][\n]"
01:28:09.285 [main] DEBUG org.apache.http.wire --  >> "User-Agent: Apache-HttpClient/4.5.13 (Java/17.0.8)[\r][\n]"
01:28:09.286 [main] DEBUG org.apache.http.wire --  >> "Accept-Encoding: gzip,deflate[\r][\n]"
01:28:09.286 [main] DEBUG org.apache.http.wire --  >> "[\r][\n]"
01:28:09.286 [main] DEBUG org.apache.http.headers -- >> GET /api/categorie HTTP/1.1
01:28:09.286 [main] DEBUG org.apache.http.headers -- >> Accept: */*
01:28:09.286 [main] DEBUG org.apache.http.headers -- >> Host: altashop-api.fly.dev
01:28:09.286 [main] DEBUG org.apache.http.headers -- >> Connection: Keep-Alive
01:28:09.286 [main] DEBUG org.apache.http.headers -- >> User-Agent: Apache-HttpClient/4.5.13 (Java/17.0.8)
01:28:09.286 [main] DEBUG org.apache.http.headers -- >> Accept-Encoding: gzip,deflate
01:28:09.309 [main] DEBUG org.apache.http.wire --  << "HTTP/1.1 404 Not Found[\r][\n]"
01:28:09.310 [main] DEBUG org.apache.http.wire --  << "date: Thu, 02 Nov 2023 18:28:10 GMT[\r][\n]"
01:28:09.310 [main] DEBUG org.apache.http.wire --  << "content-encoding: gzip[\r][\n]"
01:28:09.310 [main] DEBUG org.apache.http.wire --  << "content-type: text/plain; charset=utf-8[\r][\n]"
01:28:09.310 [main] DEBUG org.apache.http.wire --  << "transfer-encoding: chunked[\r][\n]"
01:28:09.310 [main] DEBUG org.apache.http.wire --  << "server: Fly/7328d5b5 (2023-10-27)[\r][\n]"
01:28:09.310 [main] DEBUG org.apache.http.wire --  << "via: 1.1 fly.io[\r][\n]"
01:28:09.310 [main] DEBUG org.apache.http.wire --  << "fly-request-id: 01HE8MNXFGACTMX50Z0HZPSD2R-sin[\r][\n]"
01:28:09.310 [main] DEBUG org.apache.http.wire --  << "[\r][\n]"
01:28:09.310 [main] DEBUG org.apache.http.impl.conn.DefaultClientConnection -- Receiving response: HTTP/1.1 404 Not Found
01:28:09.310 [main] DEBUG org.apache.http.headers -- << HTTP/1.1 404 Not Found
01:28:09.310 [main] DEBUG org.apache.http.headers -- << date: Thu, 02 Nov 2023 18:28:10 GMT
01:28:09.310 [main] DEBUG org.apache.http.headers -- << content-encoding: gzip
01:28:09.310 [main] DEBUG org.apache.http.headers -- << content-type: text/plain; charset=utf-8
01:28:09.310 [main] DEBUG org.apache.http.headers -- << transfer-encoding: chunked
01:28:09.310 [main] DEBUG org.apache.http.headers -- << server: Fly/7328d5b5 (2023-10-27)
01:28:09.310 [main] DEBUG org.apache.http.headers -- << via: 1.1 fly.io
01:28:09.310 [main] DEBUG org.apache.http.headers -- << fly-request-id: 01HE8MNXFGACTMX50Z0HZPSD2R-sin
01:28:09.310 [main] DEBUG org.apache.http.impl.client.DefaultHttpClient -- Connection can be kept alive indefinitely
01:28:09.310 [main] DEBUG io.restassured.internal.RestAssuredHttpBuilder -- Parsing response as: text/plain; charset=utf-8
01:28:09.310 [main] DEBUG org.apache.http.wire --  << "1E[\r][\n]"
01:28:09.310 [main] DEBUG org.apache.http.wire --  << "[0x1f][0x8b][0x8][0x0][0x0][0x0][0x0][0x0][0x4][0xff][0xcb][0xcb]/QH[0xcb]/[0xcd]K[0xe1][0x2][0x0][0xd4]I[0xfa]r[\n]"
01:28:09.310 [main] DEBUG org.apache.http.wire --  << "[0x0][0x0][0x0]"
01:28:09.310 [main] DEBUG org.apache.http.wire --  << "[\r][\n]"
01:28:09.310 [main] DEBUG org.apache.http.wire --  << "0[\r][\n]"
01:28:09.310 [main] DEBUG org.apache.http.wire --  << "[\r][\n]"
01:28:09.310 [main] DEBUG io.restassured.internal.RestAssuredHttpBuilder -- Parsed data to instance of: class org.apache.http.conn.EofSensorInputStream
01:28:09.311 [main] DEBUG org.apache.http.impl.conn.BasicClientConnectionManager -- Releasing connection org.apache.http.impl.conn.ManagedClientConnectionImpl@27d4513e
01:28:09.311 [main] DEBUG org.apache.http.impl.conn.BasicClientConnectionManager -- Connection can be kept alive indefinitely
01:28:09.311 [main] DEBUG net.thucydides.core.steps.StepInterceptor -- STEP DONE: I GET HTTP request with invalid endpoints all products categories
  &amp#27;[32mWhen &amp#27;[0m&amp#27;[32mI GET HTTP request with invalid endpoints all products categories&amp#27;[0m                    &amp#27;[90m# starter.stepdefinition.ProductCategoriesSteps.getHTTPRequestWithInvalidEndpointsAllProductsCategories()&amp#27;[0m
01:28:09.313 [main] DEBUG net.thucydides.core.steps.StepInterceptor -- STARTING STEP: ProductCategoriesSteps.receiveResponseCode404ForAllProductsCategoriesWithInvalidEndpoints - I receive valid HTTP response 404 for all products categories with invalid endpoints
01:28:09.314 [main] DEBUG net.thucydides.core.steps.StepInterceptor -- STEP DONE: I receive valid HTTP response 404 for all products categories with invalid endpoints
  &amp#27;[32mThen &amp#27;[0m&amp#27;[32mI receive valid HTTP response 404 for all products categories with invalid endpoints&amp#27;[0m &amp#27;[90m# starter.stepdefinition.ProductCategoriesSteps.receiveResponseCode404ForAllProductsCategoriesWithInvalidEndpoints()&amp#27;[0m
01:28:09.315 [main] INFO  -- 
  _____   ___   ___   _____     ___     _     ___   ___   ___   ___  
 |_   _| | __| / __| |_   _|   | _ \   /_\   / __| / __| | __| |   \ 
   | |   | _|  \__ \   | |     |  _/  / _ \  \__ \ \__ \ | _|  | |) |
   |_|   |___| |___/   |_|     |_|   /_/ \_\ |___/ |___/ |___| |___/ 

TC30 - Get all products categories with invalid endpoints
----------------------------------------------------------------------
]]></system-out>
  </testcase>
  <testcase name="TC31 - Get products categories by ID" classname="[04_Automation] - Product Categories" time="0.123">
    <system-out><![CDATA[
Scenario: TC31 - Get products categories by ID         &amp#27;[90m# src/test/resources/ProductCategories.feature:42&amp#27;[0m
01:28:09.322 [main] INFO io.cucumber.core.plugin.SerenityReporter -- Running feature from file:///D:/TaksAlterra/MiniProject/MiniProject_API/src/test/resources/ProductCategories.feature
01:28:09.322 [main] WARN io.cucumber.core.plugin.SerenityReporter -- Feature from file:///D:/TaksAlterra/MiniProject/MiniProject_API/src/test/resources/ProductCategories.feature is not under the 'features' directory. Requirements report will not be correctly generated!
01:28:09.324 [main] INFO  -- 
  _____   ___   ___   _____     ___   _____     _     ___   _____   ___   ___  
 |_   _| | __| / __| |_   _|   / __| |_   _|   /_\   | _ \ |_   _| | __| |   \ 
   | |   | _|  \__ \   | |     \__ \   | |    / _ \  |   /   | |   | _|  | |) |
   |_|   |___| |___/   |_|     |___/   |_|   /_/ \_\ |_|_\   |_|   |___| |___/ 

TC31 - Get products categories by ID([04-automation]---product-categories;tc31---get-products-categories-by-id)
--------------------------------------------------------------------------------
01:28:09.331 [main] DEBUG net.thucydides.core.steps.StepInterceptor -- STARTING STEP: ProductCategoriesSteps.getProductCategoryByID - I GET products categories endpoints by ID
01:28:09.331 [main] DEBUG net.thucydides.core.steps.StepInterceptor -- STEP DONE: I GET products categories endpoints by ID
  &amp#27;[32mGiven &amp#27;[0m&amp#27;[32mI GET products categories endpoints by ID&amp#27;[0m      &amp#27;[90m# starter.stepdefinition.ProductCategoriesSteps.getProductCategoryByID()&amp#27;[0m
01:28:09.334 [main] DEBUG net.thucydides.core.steps.StepInterceptor -- STARTING STEP: ProductCategoriesSteps.getHTTPRequestProductCategoryByID - I GET HTTP request with valid ID
01:28:09.335 [main] DEBUG net.thucydides.core.steps.StepInterceptor -- STARTING STEP: ProductCategories.getHTTPRequestProductCategoryByID - I GET products categories endpoints by ID
01:28:09.335 [main] DEBUG net.thucydides.core.steps.StepInterceptor -- STEP DONE: I GET products categories endpoints by ID
01:28:09.339 [main] DEBUG org.apache.http.impl.conn.BasicClientConnectionManager -- Get connection for route {s}->https://altashop-api.fly.dev:443
01:28:09.339 [main] DEBUG org.apache.http.impl.conn.DefaultClientConnectionOperator -- Connecting to altashop-api.fly.dev:443
01:28:09.401 [main] DEBUG org.apache.http.client.protocol.RequestAddCookies -- CookieSpec selected: ignoreCookies
01:28:09.401 [main] DEBUG org.apache.http.client.protocol.RequestAuthCache -- Auth cache not set in the context
01:28:09.401 [main] DEBUG org.apache.http.client.protocol.RequestTargetAuthentication -- Target auth state: UNCHALLENGED
01:28:09.401 [main] DEBUG org.apache.http.client.protocol.RequestProxyAuthentication -- Proxy auth state: UNCHALLENGED
01:28:09.401 [main] DEBUG org.apache.http.impl.client.DefaultHttpClient -- Attempt 1 to execute request
01:28:09.401 [main] DEBUG org.apache.http.impl.conn.DefaultClientConnection -- Sending request: GET /api/categories/29729 HTTP/1.1
01:28:09.401 [main] DEBUG org.apache.http.wire --  >> "GET /api/categories/29729 HTTP/1.1[\r][\n]"
01:28:09.401 [main] DEBUG org.apache.http.wire --  >> "Accept: */*[\r][\n]"
01:28:09.401 [main] DEBUG org.apache.http.wire --  >> "Host: altashop-api.fly.dev[\r][\n]"
01:28:09.401 [main] DEBUG org.apache.http.wire --  >> "Connection: Keep-Alive[\r][\n]"
01:28:09.401 [main] DEBUG org.apache.http.wire --  >> "User-Agent: Apache-HttpClient/4.5.13 (Java/17.0.8)[\r][\n]"
01:28:09.401 [main] DEBUG org.apache.http.wire --  >> "Accept-Encoding: gzip,deflate[\r][\n]"
01:28:09.401 [main] DEBUG org.apache.http.wire --  >> "[\r][\n]"
01:28:09.401 [main] DEBUG org.apache.http.headers -- >> GET /api/categories/29729 HTTP/1.1
01:28:09.401 [main] DEBUG org.apache.http.headers -- >> Accept: */*
01:28:09.401 [main] DEBUG org.apache.http.headers -- >> Host: altashop-api.fly.dev
01:28:09.401 [main] DEBUG org.apache.http.headers -- >> Connection: Keep-Alive
01:28:09.401 [main] DEBUG org.apache.http.headers -- >> User-Agent: Apache-HttpClient/4.5.13 (Java/17.0.8)
01:28:09.401 [main] DEBUG org.apache.http.headers -- >> Accept-Encoding: gzip,deflate
01:28:09.430 [main] DEBUG org.apache.http.wire --  << "HTTP/1.1 200 OK[\r][\n]"
01:28:09.430 [main] DEBUG org.apache.http.wire --  << "content-type: application/json[\r][\n]"
01:28:09.430 [main] DEBUG org.apache.http.wire --  << "date: Thu, 02 Nov 2023 18:28:10 GMT[\r][\n]"
01:28:09.430 [main] DEBUG org.apache.http.wire --  << "content-encoding: gzip[\r][\n]"
01:28:09.430 [main] DEBUG org.apache.http.wire --  << "transfer-encoding: chunked[\r][\n]"
01:28:09.430 [main] DEBUG org.apache.http.wire --  << "server: Fly/7328d5b5 (2023-10-27)[\r][\n]"
01:28:09.430 [main] DEBUG org.apache.http.wire --  << "via: 1.1 fly.io[\r][\n]"
01:28:09.430 [main] DEBUG org.apache.http.wire --  << "fly-request-id: 01HE8MNXK3WA3DW0KRHVR518DN-sin[\r][\n]"
01:28:09.430 [main] DEBUG org.apache.http.wire --  << "[\r][\n]"
01:28:09.430 [main] DEBUG org.apache.http.impl.conn.DefaultClientConnection -- Receiving response: HTTP/1.1 200 OK
01:28:09.430 [main] DEBUG org.apache.http.headers -- << HTTP/1.1 200 OK
01:28:09.430 [main] DEBUG org.apache.http.headers -- << content-type: application/json
01:28:09.430 [main] DEBUG org.apache.http.headers -- << date: Thu, 02 Nov 2023 18:28:10 GMT
01:28:09.430 [main] DEBUG org.apache.http.headers -- << content-encoding: gzip
01:28:09.430 [main] DEBUG org.apache.http.headers -- << transfer-encoding: chunked
01:28:09.430 [main] DEBUG org.apache.http.headers -- << server: Fly/7328d5b5 (2023-10-27)
01:28:09.430 [main] DEBUG org.apache.http.headers -- << via: 1.1 fly.io
01:28:09.430 [main] DEBUG org.apache.http.headers -- << fly-request-id: 01HE8MNXK3WA3DW0KRHVR518DN-sin
01:28:09.431 [main] DEBUG org.apache.http.impl.client.DefaultHttpClient -- Connection can be kept alive indefinitely
01:28:09.431 [main] DEBUG io.restassured.internal.RestAssuredHttpBuilder -- Parsing response as: application/json
01:28:09.431 [main] DEBUG org.apache.http.wire --  << "5A[\r][\n]"
01:28:09.431 [main] DEBUG org.apache.http.wire --  << "[0x1f][0x8b][0x8][0x0][0x0][0x0][0x0][0x0][0x4][0xff][0xab]VJI,IT[0xb2][0xaa]V[0xf2]tQ[0xb2]2[0xb2]47[0xb2][0xd4]Q[0xf2]K[0xcc]MU[0xb2]RJO[0xcc][0xcd][0xcc]KW[0xd2]QrI-N.[0xca],([0xc9][0xcc][0xcf]S[0xb2]RJ[0xcb]/R[0x80]H)[0x14][0x94][0x16][0x15][0xe4][0x17][0xa7][0x16]+[0xd5][0xd6]r[0x1][0x0]9[0xb4][0x8d][0xd4]J[0x0][0x0][0x0]"
01:28:09.431 [main] DEBUG org.apache.http.wire --  << "[\r][\n]"
01:28:09.431 [main] DEBUG org.apache.http.wire --  << "0[\r][\n]"
01:28:09.431 [main] DEBUG org.apache.http.wire --  << "[\r][\n]"
01:28:09.431 [main] DEBUG io.restassured.internal.RestAssuredHttpBuilder -- Parsed data to instance of: class org.apache.http.conn.EofSensorInputStream
01:28:09.432 [main] DEBUG org.apache.http.impl.conn.BasicClientConnectionManager -- Releasing connection org.apache.http.impl.conn.ManagedClientConnectionImpl@5d3f583d
01:28:09.432 [main] DEBUG org.apache.http.impl.conn.BasicClientConnectionManager -- Connection can be kept alive indefinitely
01:28:09.433 [main] DEBUG net.thucydides.core.steps.StepInterceptor -- STEP DONE: I GET HTTP request with valid ID
  &amp#27;[32mWhen &amp#27;[0m&amp#27;[32mI GET HTTP request with valid ID&amp#27;[0m                &amp#27;[90m# starter.stepdefinition.ProductCategoriesSteps.getHTTPRequestProductCategoryByID()&amp#27;[0m
01:28:09.437 [main] DEBUG net.thucydides.core.steps.StepInterceptor -- STARTING STEP: ProductCategoriesSteps.receiveResponseCode200ProductCategoryByID - I receive valid HTTP response 200 for get by ID
01:28:09.437 [main] DEBUG net.thucydides.core.steps.StepInterceptor -- STEP DONE: I receive valid HTTP response 200 for get by ID
  &amp#27;[32mThen &amp#27;[0m&amp#27;[32mI receive valid HTTP response 200 for get by ID&amp#27;[0m &amp#27;[90m# starter.stepdefinition.ProductCategoriesSteps.receiveResponseCode200ProductCategoryByID()&amp#27;[0m
01:28:09.439 [main] INFO  -- 
  _____   ___   ___   _____     ___     _     ___   ___   ___   ___  
 |_   _| | __| / __| |_   _|   | _ \   /_\   / __| / __| | __| |   \ 
   | |   | _|  \__ \   | |     |  _/  / _ \  \__ \ \__ \ | _|  | |) |
   |_|   |___| |___/   |_|     |_|   /_/ \_\ |___/ |___/ |___| |___/ 

TC31 - Get products categories by ID
----------------------------------------------------------------------
]]></system-out>
  </testcase>
  <testcase name="TC32 - Get products categories by invalid ID with character symbols" classname="[04_Automation] - Product Categories" time="0.105">
    <system-out><![CDATA[
Scenario: TC32 - Get products categories by invalid ID with character symbols         &amp#27;[90m# src/test/resources/ProductCategories.feature:47&amp#27;[0m
01:28:09.445 [main] INFO io.cucumber.core.plugin.SerenityReporter -- Running feature from file:///D:/TaksAlterra/MiniProject/MiniProject_API/src/test/resources/ProductCategories.feature
01:28:09.445 [main] WARN io.cucumber.core.plugin.SerenityReporter -- Feature from file:///D:/TaksAlterra/MiniProject/MiniProject_API/src/test/resources/ProductCategories.feature is not under the 'features' directory. Requirements report will not be correctly generated!
01:28:09.447 [main] INFO  -- 
  _____   ___   ___   _____     ___   _____     _     ___   _____   ___   ___  
 |_   _| | __| / __| |_   _|   / __| |_   _|   /_\   | _ \ |_   _| | __| |   \ 
   | |   | _|  \__ \   | |     \__ \   | |    / _ \  |   /   | |   | _|  | |) |
   |_|   |___| |___/   |_|     |___/   |_|   /_/ \_\ |_|_\   |_|   |___| |___/ 

TC32 - Get products categories by invalid ID with character symbols([04-automation]---product-categories;tc32---get-products-categories-by-invalid-id-with-character-symbols)
--------------------------------------------------------------------------------
01:28:09.452 [main] DEBUG net.thucydides.core.steps.StepInterceptor -- STARTING STEP: ProductCategoriesSteps.getProductsCategoriesEndpointsByID2 - I GET products categories endpoints by ID 2
01:28:09.453 [main] DEBUG net.thucydides.core.steps.StepInterceptor -- STEP DONE: I GET products categories endpoints by ID 2
  &amp#27;[32mGiven &amp#27;[0m&amp#27;[32mI GET products categories endpoints by ID 2&amp#27;[0m                                   &amp#27;[90m# starter.stepdefinition.ProductCategoriesSteps.getProductsCategoriesEndpointsByID2()&amp#27;[0m
01:28:09.454 [main] DEBUG net.thucydides.core.steps.StepInterceptor -- STARTING STEP: ProductCategoriesSteps.getHTTPRequestWithInvalidIDWithCharacterSysmbols - I GET HTTP request with invalid ID with character symbols
01:28:09.456 [main] DEBUG net.thucydides.core.steps.StepInterceptor -- STARTING STEP: ProductCategories.getHTTPRequestWithInvalidIDWithCharacterSysmbols - I GET products categories endpoints by ID 2
01:28:09.456 [main] DEBUG net.thucydides.core.steps.StepInterceptor -- STEP DONE: I GET products categories endpoints by ID 2
01:28:09.461 [main] DEBUG org.apache.http.impl.conn.BasicClientConnectionManager -- Get connection for route {s}->https://altashop-api.fly.dev:443
01:28:09.461 [main] DEBUG org.apache.http.impl.conn.DefaultClientConnectionOperator -- Connecting to altashop-api.fly.dev:443
01:28:09.511 [main] DEBUG org.apache.http.client.protocol.RequestAddCookies -- CookieSpec selected: ignoreCookies
01:28:09.511 [main] DEBUG org.apache.http.client.protocol.RequestAuthCache -- Auth cache not set in the context
01:28:09.511 [main] DEBUG org.apache.http.client.protocol.RequestTargetAuthentication -- Target auth state: UNCHALLENGED
01:28:09.511 [main] DEBUG org.apache.http.client.protocol.RequestProxyAuthentication -- Proxy auth state: UNCHALLENGED
01:28:09.511 [main] DEBUG org.apache.http.impl.client.DefaultHttpClient -- Attempt 1 to execute request
01:28:09.511 [main] DEBUG org.apache.http.impl.conn.DefaultClientConnection -- Sending request: GET /api/categories/-11331 HTTP/1.1
01:28:09.511 [main] DEBUG org.apache.http.wire --  >> "GET /api/categories/-11331 HTTP/1.1[\r][\n]"
01:28:09.511 [main] DEBUG org.apache.http.wire --  >> "Accept: */*[\r][\n]"
01:28:09.511 [main] DEBUG org.apache.http.wire --  >> "Host: altashop-api.fly.dev[\r][\n]"
01:28:09.511 [main] DEBUG org.apache.http.wire --  >> "Connection: Keep-Alive[\r][\n]"
01:28:09.511 [main] DEBUG org.apache.http.wire --  >> "User-Agent: Apache-HttpClient/4.5.13 (Java/17.0.8)[\r][\n]"
01:28:09.511 [main] DEBUG org.apache.http.wire --  >> "Accept-Encoding: gzip,deflate[\r][\n]"
01:28:09.511 [main] DEBUG org.apache.http.wire --  >> "[\r][\n]"
01:28:09.511 [main] DEBUG org.apache.http.headers -- >> GET /api/categories/-11331 HTTP/1.1
01:28:09.511 [main] DEBUG org.apache.http.headers -- >> Accept: */*
01:28:09.511 [main] DEBUG org.apache.http.headers -- >> Host: altashop-api.fly.dev
01:28:09.511 [main] DEBUG org.apache.http.headers -- >> Connection: Keep-Alive
01:28:09.511 [main] DEBUG org.apache.http.headers -- >> User-Agent: Apache-HttpClient/4.5.13 (Java/17.0.8)
01:28:09.511 [main] DEBUG org.apache.http.headers -- >> Accept-Encoding: gzip,deflate
01:28:09.539 [main] DEBUG org.apache.http.wire --  << "HTTP/1.1 500 Internal Server Error[\r][\n]"
01:28:09.539 [main] DEBUG org.apache.http.wire --  << "content-type: application/json[\r][\n]"
01:28:09.539 [main] DEBUG org.apache.http.wire --  << "date: Thu, 02 Nov 2023 18:28:11 GMT[\r][\n]"
01:28:09.539 [main] DEBUG org.apache.http.wire --  << "content-encoding: gzip[\r][\n]"
01:28:09.539 [main] DEBUG org.apache.http.wire --  << "transfer-encoding: chunked[\r][\n]"
01:28:09.539 [main] DEBUG org.apache.http.wire --  << "server: Fly/7328d5b5 (2023-10-27)[\r][\n]"
01:28:09.539 [main] DEBUG org.apache.http.wire --  << "via: 1.1 fly.io[\r][\n]"
01:28:09.539 [main] DEBUG org.apache.http.wire --  << "fly-request-id: 01HE8MNXPJ7EWPRB6HES5JGTYT-sin[\r][\n]"
01:28:09.539 [main] DEBUG org.apache.http.wire --  << "[\r][\n]"
01:28:09.539 [main] DEBUG org.apache.http.impl.conn.DefaultClientConnection -- Receiving response: HTTP/1.1 500 Internal Server Error
01:28:09.539 [main] DEBUG org.apache.http.headers -- << HTTP/1.1 500 Internal Server Error
01:28:09.539 [main] DEBUG org.apache.http.headers -- << content-type: application/json
01:28:09.539 [main] DEBUG org.apache.http.headers -- << date: Thu, 02 Nov 2023 18:28:11 GMT
01:28:09.539 [main] DEBUG org.apache.http.headers -- << content-encoding: gzip
01:28:09.539 [main] DEBUG org.apache.http.headers -- << transfer-encoding: chunked
01:28:09.539 [main] DEBUG org.apache.http.headers -- << server: Fly/7328d5b5 (2023-10-27)
01:28:09.539 [main] DEBUG org.apache.http.headers -- << via: 1.1 fly.io
01:28:09.539 [main] DEBUG org.apache.http.headers -- << fly-request-id: 01HE8MNXPJ7EWPRB6HES5JGTYT-sin
01:28:09.539 [main] DEBUG org.apache.http.impl.client.DefaultHttpClient -- Connection can be kept alive indefinitely
01:28:09.539 [main] DEBUG io.restassured.internal.RestAssuredHttpBuilder -- Parsing response as: application/json
01:28:09.539 [main] DEBUG org.apache.http.wire --  << "5C[\r][\n]"
01:28:09.539 [main] DEBUG org.apache.http.wire --  << "[0x1f][0x8b][0x8][0x0][0x0][0x0][0x0][0x0][0x4][0xff][0xab]VJ-*[0xca]/R[0xb2]R2[0xb4]01137110767[0xb0]4510[0xb2]0U[0xc8],VH/JM,I-R([0xc9]H[0xcc]S[0xc8]M[0xac][0xc8][0xcc]-[0xcd]U(K[0xcc])MUH[0xcb]/R[0xf0][0xcc]+1Q[0xaa][0xe5][0x2][0x0]]n[0xbd][0x9e]H[0x0][0x0][0x0]"
01:28:09.539 [main] DEBUG org.apache.http.wire --  << "[\r][\n]"
01:28:09.539 [main] DEBUG org.apache.http.wire --  << "0[\r][\n]"
01:28:09.539 [main] DEBUG org.apache.http.wire --  << "[\r][\n]"
01:28:09.540 [main] DEBUG io.restassured.internal.RestAssuredHttpBuilder -- Parsed data to instance of: class org.apache.http.conn.EofSensorInputStream
01:28:09.541 [main] DEBUG org.apache.http.impl.conn.BasicClientConnectionManager -- Releasing connection org.apache.http.impl.conn.ManagedClientConnectionImpl@4e58eda2
01:28:09.541 [main] DEBUG org.apache.http.impl.conn.BasicClientConnectionManager -- Connection can be kept alive indefinitely
01:28:09.541 [main] DEBUG net.thucydides.core.steps.StepInterceptor -- STEP DONE: I GET HTTP request with invalid ID with character symbols
  &amp#27;[32mWhen &amp#27;[0m&amp#27;[32mI GET HTTP request with invalid ID with character symbols&amp#27;[0m                      &amp#27;[90m# starter.stepdefinition.ProductCategoriesSteps.getHTTPRequestWithInvalidIDWithCharacterSysmbols()&amp#27;[0m
01:28:09.543 [main] DEBUG net.thucydides.core.steps.StepInterceptor -- STARTING STEP: ProductCategoriesSteps.receiveResponseCode500ForGetByInvalidIDWithCharacterSysmbols - I receive valid HTTP response 500 for get by invalid ID with character symbols
01:28:09.544 [main] DEBUG net.thucydides.core.steps.StepInterceptor -- STEP DONE: I receive valid HTTP response 500 for get by invalid ID with character symbols
  &amp#27;[32mThen &amp#27;[0m&amp#27;[32mI receive valid HTTP response 500 for get by invalid ID with character symbols&amp#27;[0m &amp#27;[90m# starter.stepdefinition.ProductCategoriesSteps.receiveResponseCode500ForGetByInvalidIDWithCharacterSysmbols()&amp#27;[0m
01:28:09.545 [main] INFO  -- 
  _____   ___   ___   _____     ___     _     ___   ___   ___   ___  
 |_   _| | __| / __| |_   _|   | _ \   /_\   / __| / __| | __| |   \ 
   | |   | _|  \__ \   | |     |  _/  / _ \  \__ \ \__ \ | _|  | |) |
   |_|   |___| |___/   |_|     |_|   /_/ \_\ |___/ |___/ |___| |___/ 

TC32 - Get products categories by invalid ID with character symbols
----------------------------------------------------------------------
]]></system-out>
  </testcase>
  <testcase name="TC33 - Get categories by invalid ID with character alphabet" classname="[04_Automation] - Product Categories" time="0.105">
    <system-out><![CDATA[
Scenario: TC33 - Get categories by invalid ID with character alphabet                  &amp#27;[90m# src/test/resources/ProductCategories.feature:52&amp#27;[0m
01:28:09.552 [main] INFO io.cucumber.core.plugin.SerenityReporter -- Running feature from file:///D:/TaksAlterra/MiniProject/MiniProject_API/src/test/resources/ProductCategories.feature
01:28:09.552 [main] WARN io.cucumber.core.plugin.SerenityReporter -- Feature from file:///D:/TaksAlterra/MiniProject/MiniProject_API/src/test/resources/ProductCategories.feature is not under the 'features' directory. Requirements report will not be correctly generated!
01:28:09.555 [main] INFO  -- 
  _____   ___   ___   _____     ___   _____     _     ___   _____   ___   ___  
 |_   _| | __| / __| |_   _|   / __| |_   _|   /_\   | _ \ |_   _| | __| |   \ 
   | |   | _|  \__ \   | |     \__ \   | |    / _ \  |   /   | |   | _|  | |) |
   |_|   |___| |___/   |_|     |___/   |_|   /_/ \_\ |_|_\   |_|   |___| |___/ 

TC33 - Get categories by invalid ID with character alphabet([04-automation]---product-categories;tc33---get-categories-by-invalid-id-with-character-alphabet)
--------------------------------------------------------------------------------
01:28:09.560 [main] DEBUG net.thucydides.core.steps.StepInterceptor -- STARTING STEP: ProductCategoriesSteps.getProductsCategoriesEndpointsByID3 - I GET products categories endpoints by ID 3
01:28:09.560 [main] DEBUG net.thucydides.core.steps.StepInterceptor -- STEP DONE: I GET products categories endpoints by ID 3
  &amp#27;[32mGiven &amp#27;[0m&amp#27;[32mI GET products categories endpoints by ID 3&amp#27;[0m                                    &amp#27;[90m# starter.stepdefinition.ProductCategoriesSteps.getProductsCategoriesEndpointsByID3()&amp#27;[0m
01:28:09.561 [main] DEBUG net.thucydides.core.steps.StepInterceptor -- STARTING STEP: ProductCategoriesSteps.getHTTPRequestWithInvalidIDWithCharacterAlphabet - I GET HTTP request with invalid ID with character alphabet
01:28:09.563 [main] DEBUG net.thucydides.core.steps.StepInterceptor -- STARTING STEP: ProductCategories.getHTTPRequestWithInvalidIDWithCharacterAlphabet - I GET products categories endpoints by ID 3
01:28:09.563 [main] DEBUG net.thucydides.core.steps.StepInterceptor -- STEP DONE: I GET products categories endpoints by ID 3
01:28:09.568 [main] DEBUG org.apache.http.impl.conn.BasicClientConnectionManager -- Get connection for route {s}->https://altashop-api.fly.dev:443
01:28:09.568 [main] DEBUG org.apache.http.impl.conn.DefaultClientConnectionOperator -- Connecting to altashop-api.fly.dev:443
01:28:09.620 [main] DEBUG org.apache.http.client.protocol.RequestAddCookies -- CookieSpec selected: ignoreCookies
01:28:09.621 [main] DEBUG org.apache.http.client.protocol.RequestAuthCache -- Auth cache not set in the context
01:28:09.621 [main] DEBUG org.apache.http.client.protocol.RequestTargetAuthentication -- Target auth state: UNCHALLENGED
01:28:09.621 [main] DEBUG org.apache.http.client.protocol.RequestProxyAuthentication -- Proxy auth state: UNCHALLENGED
01:28:09.621 [main] DEBUG org.apache.http.impl.client.DefaultHttpClient -- Attempt 1 to execute request
01:28:09.621 [main] DEBUG org.apache.http.impl.conn.DefaultClientConnection -- Sending request: GET /api/categories/satu HTTP/1.1
01:28:09.621 [main] DEBUG org.apache.http.wire --  >> "GET /api/categories/satu HTTP/1.1[\r][\n]"
01:28:09.621 [main] DEBUG org.apache.http.wire --  >> "Accept: */*[\r][\n]"
01:28:09.621 [main] DEBUG org.apache.http.wire --  >> "Host: altashop-api.fly.dev[\r][\n]"
01:28:09.621 [main] DEBUG org.apache.http.wire --  >> "Connection: Keep-Alive[\r][\n]"
01:28:09.621 [main] DEBUG org.apache.http.wire --  >> "User-Agent: Apache-HttpClient/4.5.13 (Java/17.0.8)[\r][\n]"
01:28:09.621 [main] DEBUG org.apache.http.wire --  >> "Accept-Encoding: gzip,deflate[\r][\n]"
01:28:09.621 [main] DEBUG org.apache.http.wire --  >> "[\r][\n]"
01:28:09.621 [main] DEBUG org.apache.http.headers -- >> GET /api/categories/satu HTTP/1.1
01:28:09.621 [main] DEBUG org.apache.http.headers -- >> Accept: */*
01:28:09.621 [main] DEBUG org.apache.http.headers -- >> Host: altashop-api.fly.dev
01:28:09.621 [main] DEBUG org.apache.http.headers -- >> Connection: Keep-Alive
01:28:09.621 [main] DEBUG org.apache.http.headers -- >> User-Agent: Apache-HttpClient/4.5.13 (Java/17.0.8)
01:28:09.621 [main] DEBUG org.apache.http.headers -- >> Accept-Encoding: gzip,deflate
01:28:09.643 [main] DEBUG org.apache.http.wire --  << "HTTP/1.1 400 Bad Request[\r][\n]"
01:28:09.643 [main] DEBUG org.apache.http.wire --  << "content-type: application/json[\r][\n]"
01:28:09.643 [main] DEBUG org.apache.http.wire --  << "date: Thu, 02 Nov 2023 18:28:11 GMT[\r][\n]"
01:28:09.643 [main] DEBUG org.apache.http.wire --  << "content-encoding: gzip[\r][\n]"
01:28:09.643 [main] DEBUG org.apache.http.wire --  << "transfer-encoding: chunked[\r][\n]"
01:28:09.643 [main] DEBUG org.apache.http.wire --  << "server: Fly/7328d5b5 (2023-10-27)[\r][\n]"
01:28:09.643 [main] DEBUG org.apache.http.wire --  << "via: 1.1 fly.io[\r][\n]"
01:28:09.643 [main] DEBUG org.apache.http.wire --  << "fly-request-id: 01HE8MNXSYA6083JN12BR4D1KN-sin[\r][\n]"
01:28:09.643 [main] DEBUG org.apache.http.wire --  << "[\r][\n]"
01:28:09.643 [main] DEBUG org.apache.http.impl.conn.DefaultClientConnection -- Receiving response: HTTP/1.1 400 Bad Request
01:28:09.643 [main] DEBUG org.apache.http.headers -- << HTTP/1.1 400 Bad Request
01:28:09.643 [main] DEBUG org.apache.http.headers -- << content-type: application/json
01:28:09.643 [main] DEBUG org.apache.http.headers -- << date: Thu, 02 Nov 2023 18:28:11 GMT
01:28:09.643 [main] DEBUG org.apache.http.headers -- << content-encoding: gzip
01:28:09.643 [main] DEBUG org.apache.http.headers -- << transfer-encoding: chunked
01:28:09.643 [main] DEBUG org.apache.http.headers -- << server: Fly/7328d5b5 (2023-10-27)
01:28:09.643 [main] DEBUG org.apache.http.headers -- << via: 1.1 fly.io
01:28:09.643 [main] DEBUG org.apache.http.headers -- << fly-request-id: 01HE8MNXSYA6083JN12BR4D1KN-sin
01:28:09.643 [main] DEBUG org.apache.http.impl.client.DefaultHttpClient -- Connection can be kept alive indefinitely
01:28:09.644 [main] DEBUG io.restassured.internal.RestAssuredHttpBuilder -- Parsing response as: application/json
01:28:09.644 [main] DEBUG org.apache.http.wire --  << "4F[\r][\n]"
01:28:09.644 [main] DEBUG org.apache.http.wire --  << "[0x1f][0x8b][0x8][0x0][0x0][0x0][0x0][0x0][0x4][0xff][0xab]VJ-*[0xca]/R[0xb2]R*.)J[0xce][0xcf]+[0xd3]s,[0xc9][0xcf][0xb4]R(H,*[0xce][0xcc]KW[0x88]Q*N,)[0x8d]Q[0xb2]R[0xc8][0xcc]+K[0xcc][0xc9]LQ([0xae][0xcc]+I[0xac]P[0xaa][0xe5][0x2][0x0]n[0x13][0x8b][0x82];[0x0][0x0][0x0]"
01:28:09.644 [main] DEBUG org.apache.http.wire --  << "[\r][\n]"
01:28:09.644 [main] DEBUG org.apache.http.wire --  << "0[\r][\n]"
01:28:09.644 [main] DEBUG org.apache.http.wire --  << "[\r][\n]"
01:28:09.644 [main] DEBUG io.restassured.internal.RestAssuredHttpBuilder -- Parsed data to instance of: class org.apache.http.conn.EofSensorInputStream
01:28:09.646 [main] DEBUG org.apache.http.impl.conn.BasicClientConnectionManager -- Releasing connection org.apache.http.impl.conn.ManagedClientConnectionImpl@6a2b6031
01:28:09.646 [main] DEBUG org.apache.http.impl.conn.BasicClientConnectionManager -- Connection can be kept alive indefinitely
01:28:09.646 [main] DEBUG net.thucydides.core.steps.StepInterceptor -- STEP DONE: I GET HTTP request with invalid ID with character alphabet
  &amp#27;[32mWhen &amp#27;[0m&amp#27;[32mI GET HTTP request with invalid ID with character alphabet&amp#27;[0m                      &amp#27;[90m# starter.stepdefinition.ProductCategoriesSteps.getHTTPRequestWithInvalidIDWithCharacterAlphabet()&amp#27;[0m
01:28:09.648 [main] DEBUG net.thucydides.core.steps.StepInterceptor -- STARTING STEP: ProductCategoriesSteps.receiveResponseCode400ForGetByInvalidIDWithCharacterAlphabet - I receive valid HTTP response 400 for get by invalid ID with character alphabet
01:28:09.648 [main] DEBUG net.thucydides.core.steps.StepInterceptor -- STEP DONE: I receive valid HTTP response 400 for get by invalid ID with character alphabet
  &amp#27;[32mThen &amp#27;[0m&amp#27;[32mI receive valid HTTP response 400 for get by invalid ID with character alphabet&amp#27;[0m &amp#27;[90m# starter.stepdefinition.ProductCategoriesSteps.receiveResponseCode400ForGetByInvalidIDWithCharacterAlphabet()&amp#27;[0m
01:28:09.650 [main] INFO  -- 
  _____   ___   ___   _____     ___     _     ___   ___   ___   ___  
 |_   _| | __| / __| |_   _|   | _ \   /_\   / __| / __| | __| |   \ 
   | |   | _|  \__ \   | |     |  _/  / _ \  \__ \ \__ \ | _|  | |) |
   |_|   |___| |___/   |_|     |_|   /_/ \_\ |___/ |___/ |___| |___/ 

TC33 - Get categories by invalid ID with character alphabet
----------------------------------------------------------------------
]]></system-out>
  </testcase>
  <testcase name="TC34 - Delete a products categories" classname="[04_Automation] - Product Categories" time="0.113">
    <system-out><![CDATA[01:28:09.659 [Finalizer] DEBUG org.apache.http.impl.conn.DefaultClientConnection -- Connection 0.0.0.0:55369<->149.248.193.56:443 closed

Scenario: TC34 - Delete a products categories                            &amp#27;[90m# src/test/resources/ProductCategories.feature:57&amp#27;[0m
01:28:09.660 [Finalizer] DEBUG org.apache.http.impl.conn.DefaultClientConnection -- Connection 0.0.0.0:55368<->149.248.193.56:443 closed
01:28:09.660 [Finalizer] DEBUG org.apache.http.impl.conn.DefaultClientConnection -- Connection 0.0.0.0:55367<->149.248.193.56:443 closed
01:28:09.660 [main] INFO io.cucumber.core.plugin.SerenityReporter -- Running feature from file:///D:/TaksAlterra/MiniProject/MiniProject_API/src/test/resources/ProductCategories.feature
01:28:09.660 [main] WARN io.cucumber.core.plugin.SerenityReporter -- Feature from file:///D:/TaksAlterra/MiniProject/MiniProject_API/src/test/resources/ProductCategories.feature is not under the 'features' directory. Requirements report will not be correctly generated!
01:28:09.660 [Finalizer] DEBUG org.apache.http.impl.conn.DefaultClientConnection -- Connection 0.0.0.0:55370<->149.248.193.56:443 closed
01:28:09.661 [main] INFO  -- 
  _____   ___   ___   _____     ___   _____     _     ___   _____   ___   ___  
 |_   _| | __| / __| |_   _|   / __| |_   _|   /_\   | _ \ |_   _| | __| |   \ 
   | |   | _|  \__ \   | |     \__ \   | |    / _ \  |   /   | |   | _|  | |) |
   |_|   |___| |___/   |_|     |___/   |_|   /_/ \_\ |_|_\   |_|   |___| |___/ 

TC34 - Delete a products categories([04-automation]---product-categories;tc34---delete-a-products-categories)
--------------------------------------------------------------------------------
01:28:09.664 [main] DEBUG net.thucydides.core.steps.StepInterceptor -- STARTING STEP: ProductCategoriesSteps.deleteProductCategoriesEndpoints - I DELETE a products categories endpoints
01:28:09.664 [main] DEBUG net.thucydides.core.steps.StepInterceptor -- STEP DONE: I DELETE a products categories endpoints
  &amp#27;[32mGiven &amp#27;[0m&amp#27;[32mI DELETE a products categories endpoints&amp#27;[0m                         &amp#27;[90m# starter.stepdefinition.ProductCategoriesSteps.deleteProductCategoriesEndpoints()&amp#27;[0m
01:28:09.665 [main] DEBUG net.thucydides.core.steps.StepInterceptor -- STARTING STEP: ProductCategoriesSteps.deleteHTTPRequestAProductCategory - I DELETE HTTP request with valid ID
01:28:09.667 [main] DEBUG net.thucydides.core.steps.StepInterceptor -- STARTING STEP: ProductCategories.deleteHTTPRequestAProductCategory - I DELETE a products categories endpoints
01:28:09.667 [main] DEBUG net.thucydides.core.steps.StepInterceptor -- STEP DONE: I DELETE a products categories endpoints
01:28:09.672 [main] DEBUG org.apache.http.impl.conn.BasicClientConnectionManager -- Get connection for route {s}->https://altashop-api.fly.dev:443
01:28:09.672 [main] DEBUG org.apache.http.impl.conn.DefaultClientConnectionOperator -- Connecting to altashop-api.fly.dev:443
01:28:09.726 [main] DEBUG org.apache.http.client.protocol.RequestAddCookies -- CookieSpec selected: ignoreCookies
01:28:09.726 [main] DEBUG org.apache.http.client.protocol.RequestAuthCache -- Auth cache not set in the context
01:28:09.726 [main] DEBUG org.apache.http.client.protocol.RequestTargetAuthentication -- Target auth state: UNCHALLENGED
01:28:09.726 [main] DEBUG org.apache.http.client.protocol.RequestProxyAuthentication -- Proxy auth state: UNCHALLENGED
01:28:09.726 [main] DEBUG org.apache.http.impl.client.DefaultHttpClient -- Attempt 1 to execute request
01:28:09.726 [main] DEBUG org.apache.http.impl.conn.DefaultClientConnection -- Sending request: DELETE /api/categories/11382 HTTP/1.1
01:28:09.726 [main] DEBUG org.apache.http.wire --  >> "DELETE /api/categories/11382 HTTP/1.1[\r][\n]"
01:28:09.726 [main] DEBUG org.apache.http.wire --  >> "Accept: */*[\r][\n]"
01:28:09.726 [main] DEBUG org.apache.http.wire --  >> "Host: altashop-api.fly.dev[\r][\n]"
01:28:09.726 [main] DEBUG org.apache.http.wire --  >> "Connection: Keep-Alive[\r][\n]"
01:28:09.726 [main] DEBUG org.apache.http.wire --  >> "User-Agent: Apache-HttpClient/4.5.13 (Java/17.0.8)[\r][\n]"
01:28:09.726 [main] DEBUG org.apache.http.wire --  >> "Accept-Encoding: gzip,deflate[\r][\n]"
01:28:09.726 [main] DEBUG org.apache.http.wire --  >> "[\r][\n]"
01:28:09.726 [main] DEBUG org.apache.http.headers -- >> DELETE /api/categories/11382 HTTP/1.1
01:28:09.726 [main] DEBUG org.apache.http.headers -- >> Accept: */*
01:28:09.726 [main] DEBUG org.apache.http.headers -- >> Host: altashop-api.fly.dev
01:28:09.726 [main] DEBUG org.apache.http.headers -- >> Connection: Keep-Alive
01:28:09.726 [main] DEBUG org.apache.http.headers -- >> User-Agent: Apache-HttpClient/4.5.13 (Java/17.0.8)
01:28:09.726 [main] DEBUG org.apache.http.headers -- >> Accept-Encoding: gzip,deflate
01:28:09.754 [main] DEBUG org.apache.http.wire --  << "HTTP/1.1 200 OK[\r][\n]"
01:28:09.755 [main] DEBUG org.apache.http.wire --  << "content-type: application/json[\r][\n]"
01:28:09.755 [main] DEBUG org.apache.http.wire --  << "date: Thu, 02 Nov 2023 18:28:11 GMT[\r][\n]"
01:28:09.755 [main] DEBUG org.apache.http.wire --  << "content-encoding: gzip[\r][\n]"
01:28:09.755 [main] DEBUG org.apache.http.wire --  << "transfer-encoding: chunked[\r][\n]"
01:28:09.755 [main] DEBUG org.apache.http.wire --  << "server: Fly/7328d5b5 (2023-10-27)[\r][\n]"
01:28:09.755 [main] DEBUG org.apache.http.wire --  << "via: 1.1 fly.io[\r][\n]"
01:28:09.755 [main] DEBUG org.apache.http.wire --  << "fly-request-id: 01HE8MNXXA7DFBA32RZWJEBQW4-sin[\r][\n]"
01:28:09.755 [main] DEBUG org.apache.http.wire --  << "[\r][\n]"
01:28:09.755 [main] DEBUG org.apache.http.impl.conn.DefaultClientConnection -- Receiving response: HTTP/1.1 200 OK
01:28:09.755 [main] DEBUG org.apache.http.headers -- << HTTP/1.1 200 OK
01:28:09.755 [main] DEBUG org.apache.http.headers -- << content-type: application/json
01:28:09.755 [main] DEBUG org.apache.http.headers -- << date: Thu, 02 Nov 2023 18:28:11 GMT
01:28:09.755 [main] DEBUG org.apache.http.headers -- << content-encoding: gzip
01:28:09.755 [main] DEBUG org.apache.http.headers -- << transfer-encoding: chunked
01:28:09.755 [main] DEBUG org.apache.http.headers -- << server: Fly/7328d5b5 (2023-10-27)
01:28:09.755 [main] DEBUG org.apache.http.headers -- << via: 1.1 fly.io
01:28:09.755 [main] DEBUG org.apache.http.headers -- << fly-request-id: 01HE8MNXXA7DFBA32RZWJEBQW4-sin
01:28:09.755 [main] DEBUG org.apache.http.impl.client.DefaultHttpClient -- Connection can be kept alive indefinitely
01:28:09.755 [main] DEBUG io.restassured.internal.RestAssuredHttpBuilder -- Parsing response as: application/json
01:28:09.755 [main] DEBUG org.apache.http.wire --  << "22[\r][\n]"
01:28:09.755 [main] DEBUG org.apache.http.wire --  << "[0x1f][0x8b][0x8][0x0][0x0][0x0][0x0][0x0][0x4][0xff][0xab]VJI,IT[0xb2][0xca]+[0xcd][0xc9][0xa9][0xe5][0x2][0x0][0xa3][0xab][0x8f]W[0xe][0x0][0x0][0x0]"
01:28:09.755 [main] DEBUG org.apache.http.wire --  << "[\r][\n]"
01:28:09.755 [main] DEBUG org.apache.http.wire --  << "0[\r][\n]"
01:28:09.755 [main] DEBUG org.apache.http.wire --  << "[\r][\n]"
01:28:09.755 [main] DEBUG io.restassured.internal.RestAssuredHttpBuilder -- Parsed data to instance of: class org.apache.http.conn.EofSensorInputStream
01:28:09.757 [main] DEBUG org.apache.http.impl.conn.BasicClientConnectionManager -- Releasing connection org.apache.http.impl.conn.ManagedClientConnectionImpl@8b93c88
01:28:09.757 [main] DEBUG org.apache.http.impl.conn.BasicClientConnectionManager -- Connection can be kept alive indefinitely
01:28:09.757 [main] DEBUG net.thucydides.core.steps.StepInterceptor -- STEP DONE: I DELETE HTTP request with valid ID
  &amp#27;[32mWhen &amp#27;[0m&amp#27;[32mI DELETE HTTP request with valid ID&amp#27;[0m                               &amp#27;[90m# starter.stepdefinition.ProductCategoriesSteps.deleteHTTPRequestAProductCategory()&amp#27;[0m
01:28:09.760 [main] DEBUG net.thucydides.core.steps.StepInterceptor -- STARTING STEP: ProductCategoriesSteps.receiveResponseCode200DeleteProductCategories - I receive valid HTTP response 200 for delete a product categories
01:28:09.761 [main] DEBUG net.thucydides.core.steps.StepInterceptor -- STEP DONE: I receive valid HTTP response 200 for delete a product categories
  &amp#27;[32mThen &amp#27;[0m&amp#27;[32mI receive valid HTTP response 200 for delete a product categories&amp#27;[0m &amp#27;[90m# starter.stepdefinition.ProductCategoriesSteps.receiveResponseCode200DeleteProductCategories()&amp#27;[0m
01:28:09.762 [main] INFO  -- 
  _____   ___   ___   _____     ___     _     ___   ___   ___   ___  
 |_   _| | __| / __| |_   _|   | _ \   /_\   / __| / __| | __| |   \ 
   | |   | _|  \__ \   | |     |  _/  / _ \  \__ \ \__ \ | _|  | |) |
   |_|   |___| |___/   |_|     |_|   /_/ \_\ |___/ |___/ |___| |___/ 

TC34 - Delete a products categories
----------------------------------------------------------------------
]]></system-out>
  </testcase>
  <testcase name="TC35 - Delete a products categories by invalid ID with character symbols" classname="[04_Automation] - Product Categories" time="0.115">
    <system-out><![CDATA[
Scenario: TC35 - Delete a products categories by invalid ID with character symbols              &amp#27;[90m# src/test/resources/ProductCategories.feature:62&amp#27;[0m
01:28:09.767 [main] INFO io.cucumber.core.plugin.SerenityReporter -- Running feature from file:///D:/TaksAlterra/MiniProject/MiniProject_API/src/test/resources/ProductCategories.feature
01:28:09.767 [main] WARN io.cucumber.core.plugin.SerenityReporter -- Feature from file:///D:/TaksAlterra/MiniProject/MiniProject_API/src/test/resources/ProductCategories.feature is not under the 'features' directory. Requirements report will not be correctly generated!
01:28:09.769 [main] INFO  -- 
  _____   ___   ___   _____     ___   _____     _     ___   _____   ___   ___  
 |_   _| | __| / __| |_   _|   / __| |_   _|   /_\   | _ \ |_   _| | __| |   \ 
   | |   | _|  \__ \   | |     \__ \   | |    / _ \  |   /   | |   | _|  | |) |
   |_|   |___| |___/   |_|     |___/   |_|   /_/ \_\ |_|_\   |_|   |___| |___/ 

TC35 - Delete a products categories by invalid ID with character symbols([04-automation]---product-categories;tc35---delete-a-products-categories-by-invalid-id-with-character-symbols)
--------------------------------------------------------------------------------
01:28:09.773 [main] DEBUG net.thucydides.core.steps.StepInterceptor -- STARTING STEP: ProductCategoriesSteps.deleteProductsCategoriesEndpointsByID - I DELETE a product categories endpoints by ID
01:28:09.774 [main] DEBUG net.thucydides.core.steps.StepInterceptor -- STEP DONE: I DELETE a product categories endpoints by ID
  &amp#27;[32mGiven &amp#27;[0m&amp#27;[32mI DELETE a product categories endpoints by ID&amp#27;[0m                                           &amp#27;[90m# starter.stepdefinition.ProductCategoriesSteps.deleteProductsCategoriesEndpointsByID()&amp#27;[0m
01:28:09.775 [main] DEBUG net.thucydides.core.steps.StepInterceptor -- STARTING STEP: ProductCategoriesSteps.deleteHTTPRequestWithInvalidIDWithCharacterSymbols - I DELETE HTTP request with invalid ID with character symbols
01:28:09.776 [main] DEBUG net.thucydides.core.steps.StepInterceptor -- STARTING STEP: ProductCategories.deleteHTTPRequestWithInvalidIDWithCharacterSymbols - I DELETE a product categories endpoints by ID
01:28:09.776 [main] DEBUG net.thucydides.core.steps.StepInterceptor -- STEP DONE: I DELETE a product categories endpoints by ID
01:28:09.780 [main] DEBUG org.apache.http.impl.conn.BasicClientConnectionManager -- Get connection for route {s}->https://altashop-api.fly.dev:443
01:28:09.782 [main] DEBUG org.apache.http.impl.conn.DefaultClientConnectionOperator -- Connecting to altashop-api.fly.dev:443
01:28:09.841 [main] DEBUG org.apache.http.client.protocol.RequestAddCookies -- CookieSpec selected: ignoreCookies
01:28:09.841 [main] DEBUG org.apache.http.client.protocol.RequestAuthCache -- Auth cache not set in the context
01:28:09.841 [main] DEBUG org.apache.http.client.protocol.RequestTargetAuthentication -- Target auth state: UNCHALLENGED
01:28:09.841 [main] DEBUG org.apache.http.client.protocol.RequestProxyAuthentication -- Proxy auth state: UNCHALLENGED
01:28:09.841 [main] DEBUG org.apache.http.impl.client.DefaultHttpClient -- Attempt 1 to execute request
01:28:09.841 [main] DEBUG org.apache.http.impl.conn.DefaultClientConnection -- Sending request: DELETE /api/categories/-11382 HTTP/1.1
01:28:09.841 [main] DEBUG org.apache.http.wire --  >> "DELETE /api/categories/-11382 HTTP/1.1[\r][\n]"
01:28:09.841 [main] DEBUG org.apache.http.wire --  >> "Accept: */*[\r][\n]"
01:28:09.841 [main] DEBUG org.apache.http.wire --  >> "Host: altashop-api.fly.dev[\r][\n]"
01:28:09.841 [main] DEBUG org.apache.http.wire --  >> "Connection: Keep-Alive[\r][\n]"
01:28:09.841 [main] DEBUG org.apache.http.wire --  >> "User-Agent: Apache-HttpClient/4.5.13 (Java/17.0.8)[\r][\n]"
01:28:09.841 [main] DEBUG org.apache.http.wire --  >> "Accept-Encoding: gzip,deflate[\r][\n]"
01:28:09.841 [main] DEBUG org.apache.http.wire --  >> "[\r][\n]"
01:28:09.841 [main] DEBUG org.apache.http.headers -- >> DELETE /api/categories/-11382 HTTP/1.1
01:28:09.841 [main] DEBUG org.apache.http.headers -- >> Accept: */*
01:28:09.841 [main] DEBUG org.apache.http.headers -- >> Host: altashop-api.fly.dev
01:28:09.841 [main] DEBUG org.apache.http.headers -- >> Connection: Keep-Alive
01:28:09.841 [main] DEBUG org.apache.http.headers -- >> User-Agent: Apache-HttpClient/4.5.13 (Java/17.0.8)
01:28:09.841 [main] DEBUG org.apache.http.headers -- >> Accept-Encoding: gzip,deflate
01:28:09.869 [main] DEBUG org.apache.http.wire --  << "HTTP/1.1 500 Internal Server Error[\r][\n]"
01:28:09.869 [main] DEBUG org.apache.http.wire --  << "content-type: application/json[\r][\n]"
01:28:09.869 [main] DEBUG org.apache.http.wire --  << "date: Thu, 02 Nov 2023 18:28:11 GMT[\r][\n]"
01:28:09.869 [main] DEBUG org.apache.http.wire --  << "content-encoding: gzip[\r][\n]"
01:28:09.869 [main] DEBUG org.apache.http.wire --  << "transfer-encoding: chunked[\r][\n]"
01:28:09.869 [main] DEBUG org.apache.http.wire --  << "server: Fly/7328d5b5 (2023-10-27)[\r][\n]"
01:28:09.869 [main] DEBUG org.apache.http.wire --  << "via: 1.1 fly.io[\r][\n]"
01:28:09.869 [main] DEBUG org.apache.http.wire --  << "fly-request-id: 01HE8MNY0WK8B2DH5T13NDC17A-sin[\r][\n]"
01:28:09.869 [main] DEBUG org.apache.http.wire --  << "[\r][\n]"
01:28:09.869 [main] DEBUG org.apache.http.impl.conn.DefaultClientConnection -- Receiving response: HTTP/1.1 500 Internal Server Error
01:28:09.869 [main] DEBUG org.apache.http.headers -- << HTTP/1.1 500 Internal Server Error
01:28:09.869 [main] DEBUG org.apache.http.headers -- << content-type: application/json
01:28:09.869 [main] DEBUG org.apache.http.headers -- << date: Thu, 02 Nov 2023 18:28:11 GMT
01:28:09.869 [main] DEBUG org.apache.http.headers -- << content-encoding: gzip
01:28:09.869 [main] DEBUG org.apache.http.headers -- << transfer-encoding: chunked
01:28:09.869 [main] DEBUG org.apache.http.headers -- << server: Fly/7328d5b5 (2023-10-27)
01:28:09.869 [main] DEBUG org.apache.http.headers -- << via: 1.1 fly.io
01:28:09.869 [main] DEBUG org.apache.http.headers -- << fly-request-id: 01HE8MNY0WK8B2DH5T13NDC17A-sin
01:28:09.870 [main] DEBUG org.apache.http.impl.client.DefaultHttpClient -- Connection can be kept alive indefinitely
01:28:09.870 [main] DEBUG io.restassured.internal.RestAssuredHttpBuilder -- Parsing response as: application/json
01:28:09.870 [main] DEBUG org.apache.http.wire --  << "5C[\r][\n]"
01:28:09.870 [main] DEBUG org.apache.http.wire --  << "[0x1f][0x8b][0x8][0x0][0x0][0x0][0x0][0x0][0x4][0xff][0xab]VJ-*[0xca]/R[0xb2]R2[0xb4]01137110767[0xb0]451026Q[0xc8],VH/JM,I-R([0xc9]H[0xcc]S[0xc8]M[0xac][0xc8][0xcc]-[0xcd]U(K[0xcc])MUH[0xcb]/R[0xf0][0xcc]+1Q[0xaa][0xe5][0x2][0x0]Q[0x15][0xe6]-H[0x0][0x0][0x0]"
01:28:09.870 [main] DEBUG org.apache.http.wire --  << "[\r][\n]"
01:28:09.870 [main] DEBUG org.apache.http.wire --  << "0[\r][\n]"
01:28:09.870 [main] DEBUG org.apache.http.wire --  << "[\r][\n]"
01:28:09.870 [main] DEBUG io.restassured.internal.RestAssuredHttpBuilder -- Parsed data to instance of: class org.apache.http.conn.EofSensorInputStream
01:28:09.871 [main] DEBUG org.apache.http.impl.conn.BasicClientConnectionManager -- Releasing connection org.apache.http.impl.conn.ManagedClientConnectionImpl@62109320
01:28:09.871 [main] DEBUG org.apache.http.impl.conn.BasicClientConnectionManager -- Connection can be kept alive indefinitely
01:28:09.871 [main] DEBUG net.thucydides.core.steps.StepInterceptor -- STEP DONE: I DELETE HTTP request with invalid ID with character symbols
  &amp#27;[32mWhen &amp#27;[0m&amp#27;[32mI DELETE HTTP request with invalid ID with character symbols&amp#27;[0m                             &amp#27;[90m# starter.stepdefinition.ProductCategoriesSteps.deleteHTTPRequestWithInvalidIDWithCharacterSymbols()&amp#27;[0m
01:28:09.873 [main] DEBUG net.thucydides.core.steps.StepInterceptor -- STARTING STEP: ProductCategoriesSteps.receiveResponseCode500ForDeleteProductsCategoriesWithCharacterSymbols - I receive valid HTTP response 500 for delete a product categories with character symbols
01:28:09.874 [main] DEBUG net.thucydides.core.steps.StepInterceptor -- STEP DONE: I receive valid HTTP response 500 for delete a product categories with character symbols
  &amp#27;[32mThen &amp#27;[0m&amp#27;[32mI receive valid HTTP response 500 for delete a product categories with character symbols&amp#27;[0m &amp#27;[90m# starter.stepdefinition.ProductCategoriesSteps.receiveResponseCode500ForDeleteProductsCategoriesWithCharacterSymbols()&amp#27;[0m
01:28:09.877 [main] INFO  -- 
  _____   ___   ___   _____     ___     _     ___   ___   ___   ___  
 |_   _| | __| / __| |_   _|   | _ \   /_\   / __| / __| | __| |   \ 
   | |   | _|  \__ \   | |     |  _/  / _ \  \__ \ \__ \ | _|  | |) |
   |_|   |___| |___/   |_|     |_|   /_/ \_\ |___/ |___/ |___| |___/ 

TC35 - Delete a products categories by invalid ID with character symbols
----------------------------------------------------------------------
]]></system-out>
  </testcase>
  <testcase name="TC36 - Delete a categories by invalid ID with character alphabet" classname="[04_Automation] - Product Categories" time="0.116">
    <system-out><![CDATA[
Scenario: TC36 - Delete a categories by invalid ID with character alphabet                       &amp#27;[90m# src/test/resources/ProductCategories.feature:67&amp#27;[0m
01:28:09.885 [main] INFO io.cucumber.core.plugin.SerenityReporter -- Running feature from file:///D:/TaksAlterra/MiniProject/MiniProject_API/src/test/resources/ProductCategories.feature
01:28:09.885 [main] WARN io.cucumber.core.plugin.SerenityReporter -- Feature from file:///D:/TaksAlterra/MiniProject/MiniProject_API/src/test/resources/ProductCategories.feature is not under the 'features' directory. Requirements report will not be correctly generated!
01:28:09.886 [main] INFO  -- 
  _____   ___   ___   _____     ___   _____     _     ___   _____   ___   ___  
 |_   _| | __| / __| |_   _|   / __| |_   _|   /_\   | _ \ |_   _| | __| |   \ 
   | |   | _|  \__ \   | |     \__ \   | |    / _ \  |   /   | |   | _|  | |) |
   |_|   |___| |___/   |_|     |___/   |_|   /_/ \_\ |_|_\   |_|   |___| |___/ 

TC36 - Delete a categories by invalid ID with character alphabet([04-automation]---product-categories;tc36---delete-a-categories-by-invalid-id-with-character-alphabet)
--------------------------------------------------------------------------------
01:28:09.893 [main] DEBUG net.thucydides.core.steps.StepInterceptor -- STARTING STEP: ProductCategoriesSteps.deleteProducstCategoriesEndpointsByID2 - I DELETE a product categories endpoints by ID 2
01:28:09.893 [main] DEBUG net.thucydides.core.steps.StepInterceptor -- STEP DONE: I DELETE a product categories endpoints by ID 2
  &amp#27;[32mGiven &amp#27;[0m&amp#27;[32mI DELETE a product categories endpoints by ID 2&amp#27;[0m                                          &amp#27;[90m# starter.stepdefinition.ProductCategoriesSteps.deleteProducstCategoriesEndpointsByID2()&amp#27;[0m
01:28:09.895 [main] DEBUG net.thucydides.core.steps.StepInterceptor -- STARTING STEP: ProductCategoriesSteps.deleteHTTPRequestWithInvalidIDWithCharacterAlphabet - I DELETE HTTP request with invalid ID with character alphabet
01:28:09.896 [main] DEBUG net.thucydides.core.steps.StepInterceptor -- STARTING STEP: ProductCategories.deleteHTTPRequestWithInvalidIDWithCharacterAlphabet - I DELETE a product categories endpoints by ID 2
01:28:09.896 [main] DEBUG net.thucydides.core.steps.StepInterceptor -- STEP DONE: I DELETE a product categories endpoints by ID 2
01:28:09.902 [main] DEBUG org.apache.http.impl.conn.BasicClientConnectionManager -- Get connection for route {s}->https://altashop-api.fly.dev:443
01:28:09.902 [main] DEBUG org.apache.http.impl.conn.DefaultClientConnectionOperator -- Connecting to altashop-api.fly.dev:443
01:28:09.957 [main] DEBUG org.apache.http.client.protocol.RequestAddCookies -- CookieSpec selected: ignoreCookies
01:28:09.957 [main] DEBUG org.apache.http.client.protocol.RequestAuthCache -- Auth cache not set in the context
01:28:09.957 [main] DEBUG org.apache.http.client.protocol.RequestTargetAuthentication -- Target auth state: UNCHALLENGED
01:28:09.957 [main] DEBUG org.apache.http.client.protocol.RequestProxyAuthentication -- Proxy auth state: UNCHALLENGED
01:28:09.957 [main] DEBUG org.apache.http.impl.client.DefaultHttpClient -- Attempt 1 to execute request
01:28:09.957 [main] DEBUG org.apache.http.impl.conn.DefaultClientConnection -- Sending request: DELETE /api/categories/satu HTTP/1.1
01:28:09.957 [main] DEBUG org.apache.http.wire --  >> "DELETE /api/categories/satu HTTP/1.1[\r][\n]"
01:28:09.957 [main] DEBUG org.apache.http.wire --  >> "Accept: */*[\r][\n]"
01:28:09.957 [main] DEBUG org.apache.http.wire --  >> "Host: altashop-api.fly.dev[\r][\n]"
01:28:09.957 [main] DEBUG org.apache.http.wire --  >> "Connection: Keep-Alive[\r][\n]"
01:28:09.957 [main] DEBUG org.apache.http.wire --  >> "User-Agent: Apache-HttpClient/4.5.13 (Java/17.0.8)[\r][\n]"
01:28:09.957 [main] DEBUG org.apache.http.wire --  >> "Accept-Encoding: gzip,deflate[\r][\n]"
01:28:09.957 [main] DEBUG org.apache.http.wire --  >> "[\r][\n]"
01:28:09.957 [main] DEBUG org.apache.http.headers -- >> DELETE /api/categories/satu HTTP/1.1
01:28:09.957 [main] DEBUG org.apache.http.headers -- >> Accept: */*
01:28:09.957 [main] DEBUG org.apache.http.headers -- >> Host: altashop-api.fly.dev
01:28:09.957 [main] DEBUG org.apache.http.headers -- >> Connection: Keep-Alive
01:28:09.957 [main] DEBUG org.apache.http.headers -- >> User-Agent: Apache-HttpClient/4.5.13 (Java/17.0.8)
01:28:09.957 [main] DEBUG org.apache.http.headers -- >> Accept-Encoding: gzip,deflate
01:28:09.983 [main] DEBUG org.apache.http.wire --  << "HTTP/1.1 400 Bad Request[\r][\n]"
01:28:09.983 [main] DEBUG org.apache.http.wire --  << "content-type: application/json[\r][\n]"
01:28:09.983 [main] DEBUG org.apache.http.wire --  << "date: Thu, 02 Nov 2023 18:28:11 GMT[\r][\n]"
01:28:09.983 [main] DEBUG org.apache.http.wire --  << "content-encoding: gzip[\r][\n]"
01:28:09.983 [main] DEBUG org.apache.http.wire --  << "transfer-encoding: chunked[\r][\n]"
01:28:09.983 [main] DEBUG org.apache.http.wire --  << "server: Fly/7328d5b5 (2023-10-27)[\r][\n]"
01:28:09.983 [main] DEBUG org.apache.http.wire --  << "via: 1.1 fly.io[\r][\n]"
01:28:09.983 [main] DEBUG org.apache.http.wire --  << "fly-request-id: 01HE8MNY4GESPYM51F37EANK79-sin[\r][\n]"
01:28:09.983 [main] DEBUG org.apache.http.wire --  << "[\r][\n]"
01:28:09.983 [main] DEBUG org.apache.http.impl.conn.DefaultClientConnection -- Receiving response: HTTP/1.1 400 Bad Request
01:28:09.983 [main] DEBUG org.apache.http.headers -- << HTTP/1.1 400 Bad Request
01:28:09.983 [main] DEBUG org.apache.http.headers -- << content-type: application/json
01:28:09.983 [main] DEBUG org.apache.http.headers -- << date: Thu, 02 Nov 2023 18:28:11 GMT
01:28:09.983 [main] DEBUG org.apache.http.headers -- << content-encoding: gzip
01:28:09.983 [main] DEBUG org.apache.http.headers -- << transfer-encoding: chunked
01:28:09.983 [main] DEBUG org.apache.http.headers -- << server: Fly/7328d5b5 (2023-10-27)
01:28:09.983 [main] DEBUG org.apache.http.headers -- << via: 1.1 fly.io
01:28:09.983 [main] DEBUG org.apache.http.headers -- << fly-request-id: 01HE8MNY4GESPYM51F37EANK79-sin
01:28:09.983 [main] DEBUG org.apache.http.impl.client.DefaultHttpClient -- Connection can be kept alive indefinitely
01:28:09.983 [main] DEBUG io.restassured.internal.RestAssuredHttpBuilder -- Parsing response as: application/json
01:28:09.983 [main] DEBUG org.apache.http.wire --  << "4F[\r][\n]"
01:28:09.983 [main] DEBUG org.apache.http.wire --  << "[0x1f][0x8b][0x8][0x0][0x0][0x0][0x0][0x0][0x4][0xff][0xab]VJ-*[0xca]/R[0xb2]R*.)J[0xce][0xcf]+[0xd3]s,[0xc9][0xcf][0xb4]R(H,*[0xce][0xcc]KW[0x88]Q*N,)[0x8d]Q[0xb2]R[0xc8][0xcc]+K[0xcc][0xc9]LQ([0xae][0xcc]+I[0xac]P[0xaa][0xe5][0x2][0x0]n[0x13][0x8b][0x82];[0x0][0x0][0x0]"
01:28:09.983 [main] DEBUG org.apache.http.wire --  << "[\r][\n]"
01:28:09.983 [main] DEBUG org.apache.http.wire --  << "0[\r][\n]"
01:28:09.983 [main] DEBUG org.apache.http.wire --  << "[\r][\n]"
01:28:09.983 [main] DEBUG io.restassured.internal.RestAssuredHttpBuilder -- Parsed data to instance of: class org.apache.http.conn.EofSensorInputStream
01:28:09.986 [main] DEBUG org.apache.http.impl.conn.BasicClientConnectionManager -- Releasing connection org.apache.http.impl.conn.ManagedClientConnectionImpl@36299b83
01:28:09.986 [main] DEBUG org.apache.http.impl.conn.BasicClientConnectionManager -- Connection can be kept alive indefinitely
01:28:09.986 [main] DEBUG net.thucydides.core.steps.StepInterceptor -- STEP DONE: I DELETE HTTP request with invalid ID with character alphabet
  &amp#27;[32mWhen &amp#27;[0m&amp#27;[32mI DELETE HTTP request with invalid ID with character alphabet&amp#27;[0m                             &amp#27;[90m# starter.stepdefinition.ProductCategoriesSteps.deleteHTTPRequestWithInvalidIDWithCharacterAlphabet()&amp#27;[0m
01:28:09.992 [main] DEBUG net.thucydides.core.steps.StepInterceptor -- STARTING STEP: ProductCategoriesSteps.receiveResponseCode400ForDeleteProductsCategoriesWithCharacterAlphabet - I receive valid HTTP response 400 for delete a product categories with character alphabet
01:28:09.993 [main] DEBUG net.thucydides.core.steps.StepInterceptor -- STEP DONE: I receive valid HTTP response 400 for delete a product categories with character alphabet
  &amp#27;[32mThen &amp#27;[0m&amp#27;[32mI receive valid HTTP response 400 for delete a product categories with character alphabet&amp#27;[0m &amp#27;[90m# starter.stepdefinition.ProductCategoriesSteps.receiveResponseCode400ForDeleteProductsCategoriesWithCharacterAlphabet()&amp#27;[0m
01:28:09.995 [main] INFO  -- 
  _____   ___   ___   _____     ___     _     ___   ___   ___   ___  
 |_   _| | __| / __| |_   _|   | _ \   /_\   / __| / __| | __| |   \ 
   | |   | _|  \__ \   | |     |  _/  / _ \  \__ \ \__ \ | _|  | |) |
   |_|   |___| |___/   |_|     |_|   /_/ \_\ |___/ |___/ |___| |___/ 

TC36 - Delete a categories by invalid ID with character alphabet
----------------------------------------------------------------------
]]></system-out>
  </testcase>
  <testcase name="TC37 - Get all products" classname="[05_Automation] - Product" time="1.472">
    <system-out><![CDATA[01:28:09.996 [main] INFO io.cucumber.core.plugin.SerenityReporter -- Running feature from file:///D:/TaksAlterra/MiniProject/MiniProject_API/src/test/resources/Products.feature
01:28:09.996 [main] WARN io.cucumber.core.plugin.SerenityReporter -- Feature from file:///D:/TaksAlterra/MiniProject/MiniProject_API/src/test/resources/Products.feature is not under the 'features' directory. Requirements report will not be correctly generated!
01:28:09.997 [main] DEBUG net.thucydides.core.steps.StepEventBus -- Test suite started for story net.thucydides.core.model.Story@6d4c1ca7
01:28:09.997 [main] INFO  -- Test Suite Started: [05_Automation] - Product

Scenario: TC37 - Get all products                             &amp#27;[90m# src/test/resources/Products.feature:3&amp#27;[0m
01:28:10.003 [main] INFO io.cucumber.core.plugin.SerenityReporter -- Running feature from file:///D:/TaksAlterra/MiniProject/MiniProject_API/src/test/resources/Products.feature
01:28:10.003 [main] WARN io.cucumber.core.plugin.SerenityReporter -- Feature from file:///D:/TaksAlterra/MiniProject/MiniProject_API/src/test/resources/Products.feature is not under the 'features' directory. Requirements report will not be correctly generated!
01:28:10.003 [main] INFO  -- 
  _____   ___   ___   _____     ___   _____     _     ___   _____   ___   ___  
 |_   _| | __| / __| |_   _|   / __| |_   _|   /_\   | _ \ |_   _| | __| |   \ 
   | |   | _|  \__ \   | |     \__ \   | |    / _ \  |   /   | |   | _|  | |) |
   |_|   |___| |___/   |_|     |___/   |_|   /_/ \_\ |_|_\   |_|   |___| |___/ 

TC37 - Get all products([05-automation]---product;tc37---get-all-products)
--------------------------------------------------------------------------------
01:28:10.025 [main] DEBUG net.thucydides.core.steps.StepInterceptor -- STARTING STEP: ProductsSteps.getAllProductEndpoints - I GET all products endpoints
01:28:10.026 [main] DEBUG net.thucydides.core.steps.StepInterceptor -- STEP DONE: I GET all products endpoints
  &amp#27;[32mGiven &amp#27;[0m&amp#27;[32mI GET all products endpoints&amp#27;[0m                          &amp#27;[90m# starter.stepdefinition.ProductsSteps.getAllProductEndpoints()&amp#27;[0m
01:28:10.028 [main] DEBUG net.thucydides.core.steps.StepInterceptor -- STARTING STEP: ProductsSteps.getHTTPRequestWithValidEndpointsAllProducts - I GET HTTP request with valid endpoints all products
01:28:10.029 [main] DEBUG net.thucydides.core.steps.StepInterceptor -- STARTING STEP: Products.getHTTPRequestWithValidEndpointsAllProducts - I GET all products endpoints
01:28:10.029 [main] DEBUG net.thucydides.core.steps.StepInterceptor -- STEP DONE: I GET all products endpoints
01:28:10.036 [main] DEBUG org.apache.http.impl.conn.BasicClientConnectionManager -- Get connection for route {s}->https://altashop-api.fly.dev:443
01:28:10.036 [main] DEBUG org.apache.http.impl.conn.DefaultClientConnectionOperator -- Connecting to altashop-api.fly.dev:443
01:28:10.088 [main] DEBUG org.apache.http.client.protocol.RequestAddCookies -- CookieSpec selected: ignoreCookies
01:28:10.088 [main] DEBUG org.apache.http.client.protocol.RequestAuthCache -- Auth cache not set in the context
01:28:10.088 [main] DEBUG org.apache.http.client.protocol.RequestTargetAuthentication -- Target auth state: UNCHALLENGED
01:28:10.088 [main] DEBUG org.apache.http.client.protocol.RequestProxyAuthentication -- Proxy auth state: UNCHALLENGED
01:28:10.088 [main] DEBUG org.apache.http.impl.client.DefaultHttpClient -- Attempt 1 to execute request
01:28:10.088 [main] DEBUG org.apache.http.impl.conn.DefaultClientConnection -- Sending request: GET /api/products HTTP/1.1
01:28:10.088 [main] DEBUG org.apache.http.wire --  >> "GET /api/products HTTP/1.1[\r][\n]"
01:28:10.088 [main] DEBUG org.apache.http.wire --  >> "Accept: */*[\r][\n]"
01:28:10.088 [main] DEBUG org.apache.http.wire --  >> "Host: altashop-api.fly.dev[\r][\n]"
01:28:10.088 [main] DEBUG org.apache.http.wire --  >> "Connection: Keep-Alive[\r][\n]"
01:28:10.088 [main] DEBUG org.apache.http.wire --  >> "User-Agent: Apache-HttpClient/4.5.13 (Java/17.0.8)[\r][\n]"
01:28:10.088 [main] DEBUG org.apache.http.wire --  >> "Accept-Encoding: gzip,deflate[\r][\n]"
01:28:10.088 [main] DEBUG org.apache.http.wire --  >> "[\r][\n]"
01:28:10.088 [main] DEBUG org.apache.http.headers -- >> GET /api/products HTTP/1.1
01:28:10.088 [main] DEBUG org.apache.http.headers -- >> Accept: */*
01:28:10.088 [main] DEBUG org.apache.http.headers -- >> Host: altashop-api.fly.dev
01:28:10.088 [main] DEBUG org.apache.http.headers -- >> Connection: Keep-Alive
01:28:10.088 [main] DEBUG org.apache.http.headers -- >> User-Agent: Apache-HttpClient/4.5.13 (Java/17.0.8)
01:28:10.088 [main] DEBUG org.apache.http.headers -- >> Accept-Encoding: gzip,deflate
01:28:11.395 [main] DEBUG org.apache.http.wire --  << "HTTP/1.1 200 OK[\r][\n]"
01:28:11.395 [main] DEBUG org.apache.http.wire --  << "content-type: application/json[\r][\n]"
01:28:11.395 [main] DEBUG org.apache.http.wire --  << "date: Thu, 02 Nov 2023 18:28:12 GMT[\r][\n]"
01:28:11.395 [main] DEBUG org.apache.http.wire --  << "transfer-encoding: chunked[\r][\n]"
01:28:11.395 [main] DEBUG org.apache.http.wire --  << "content-encoding: gzip[\r][\n]"
01:28:11.395 [main] DEBUG org.apache.http.wire --  << "server: Fly/7328d5b5 (2023-10-27)[\r][\n]"
01:28:11.395 [main] DEBUG org.apache.http.wire --  << "via: 1.1 fly.io[\r][\n]"
01:28:11.395 [main] DEBUG org.apache.http.wire --  << "fly-request-id: 01HE8MNY8J9TRMNAYQPW6ZXKT4-sin[\r][\n]"
01:28:11.395 [main] DEBUG org.apache.http.wire --  << "[\r][\n]"
01:28:11.395 [main] DEBUG org.apache.http.impl.conn.DefaultClientConnection -- Receiving response: HTTP/1.1 200 OK
01:28:11.395 [main] DEBUG org.apache.http.headers -- << HTTP/1.1 200 OK
01:28:11.395 [main] DEBUG org.apache.http.headers -- << content-type: application/json
01:28:11.395 [main] DEBUG org.apache.http.headers -- << date: Thu, 02 Nov 2023 18:28:12 GMT
01:28:11.395 [main] DEBUG org.apache.http.headers -- << transfer-encoding: chunked
01:28:11.395 [main] DEBUG org.apache.http.headers -- << content-encoding: gzip
01:28:11.395 [main] DEBUG org.apache.http.headers -- << server: Fly/7328d5b5 (2023-10-27)
01:28:11.395 [main] DEBUG org.apache.http.headers -- << via: 1.1 fly.io
01:28:11.395 [main] DEBUG org.apache.http.headers -- << fly-request-id: 01HE8MNY8J9TRMNAYQPW6ZXKT4-sin
01:28:11.395 [main] DEBUG org.apache.http.impl.client.DefaultHttpClient -- Connection can be kept alive indefinitely
01:28:11.396 [main] DEBUG io.restassured.internal.RestAssuredHttpBuilder -- Parsing response as: application/json
01:28:11.396 [main] DEBUG org.apache.http.wire --  << "182[\r][\n]"
01:28:11.396 [main] DEBUG org.apache.http.wire --  << "[0x1f][0x8b][0x8][0x0][0x0][0x0][0x0][0x0][0x4][0xff][0xaa]VJI,IT[0xb2][0x8a][0xae]V[0xf2]tQ[0xb2][0xb2]0556[0xd4]Q[0xf2]K[0xcc]MU[0xb2]RJO[0xcc][0xcd][0xcc]KW[0xd2]QrI-N.[0xca],([0xc9][0xcc][0xcf]S[0xb2]RJ[0xcb]/R[0x80]H)[0x14][0x94][0x16][0x15][0xe4][0x17][0xa7][0x16]+[0xe9]([0x5][0x14]e&[0xa7]*Y[0x19][0xe8]([0x5]%[0x96]d[0xe6][0xa5][0x17]+Y[0x19][0xe9](9'[0x96][0xa4][0xa6][0xe7][0x17]e[0xa6][0x16]+YE[0xc7][0xd6][0xea] [0xac]1[0x82][[0x13][0x9c][0x9f]W[0xa9][0x10][0x10]l[0x8a]aQANb[0xa5]BFb[0xb1]B^[0xbe]BNfnf[0x9][0x92]=F[0x96][0x96]H6[0x99][0xe0][0xb3][0xc9][0x84][0x9a]6[0x99][0xe2][0xb3][0xc9][0x94]n6[0x99][0xc1]m[\n]"
01:28:11.396 [main] DEBUG org.apache.http.wire --  << "r[0x8c]r[\r][0xc2][0x8]:'W[0x85][0x10][0xf]W[0x85][0x0][0xcf]`O?[0x5]?[0x85]H[0xff][0xd0] [0x85][0x10]WG_D\[0x19][0x1b] [0xc7][0x96]1>[0x9f][0x99]S[0xc3]>S[0x14][0xfb][0xf0][0xc5][0x99][0x89][0x1][0xdc]>*[0xa4][0xe]C<>3A$w*[0xd8][0x84][0xd7]O[0xc6][0xd4][0xf4][0x93][0x1]>?Q5[0xc5][0xe3][0xf5][0x13]US<[0xbe][0xf2][0xc2][0x4][0x91][0xe2]i[0x1d]O[0x88][0xb4]N[0x5][0x9b][0xf0][0xa6]=Kz[0xa5][0x8]S[0xba][0xa5]rS[0xaa][0xa6][0x8]|[0xa9][0xdc][0x94][0xaa][0xf1][0x84][0xd7]&[0xba][0xc5][0x93][0x19]U[0xe3][0x9]_]eF[0xd5][0xfc][0x84]/[0xf4][0xcc],[0xa8][0x99][0xca][0xf1][0xf9][0xc9][0x9c][0xaa][0xb5][0x6][0xbe][0xd2][0xc8][0x1c][0xd1]z[0xf1]M[0xcc]K[0xcf][0xc7][0xa8][0xdd][0x8a]J3K[0x14][0xd2][0xf3][0xf3]S[0x10][0xd5][0xad][0xa5][0x1]J[0xfd][0x87]/[0xcc][0xcc][0x11]u[0x5][0xd9][0xe6][0xe3]+y[0xcc][0x11]5[0x4][0x19][0xe6][0x3][0x0][0x0][0x0][0xff][0xff]"
01:28:11.396 [main] DEBUG org.apache.http.wire --  << "[\r][\n]"
01:28:11.396 [main] DEBUG org.apache.http.wire --  << "1DD[\r][\n]"
01:28:11.396 [main] DEBUG org.apache.http.wire --  << "[0x82][0xb4][0xee][0xf0][0xc6][0x4][0xdd]J[0x1]sD:vKL.Qp[0xce]HM[0xce]Vp[0xcc]I*[0xcd][0xc5][0x88][0x14][0xb0][0xa8][0x2][0x92]2?[0xe7][0x10][0x5]C#sD[0x14][0x19][0xa2]F[0x11]^/"[0x8a][0x1f][0x97][0xa2][0xc4][0xf4][0xfc]<p[0x94]c[0xd8][0x9][0x13][0x85]6[0x8f][0xd1],[0xc0][0x9b][0x6][0xa8][0x9a]o[0xf0][0xd9]d[0x81]H[0xcd]T[0xa8][0xf1][0xf0][0xda][0x84]HwT[0xb0][0x9]_[0xf4]X [0xd2][0x5][0x15]l[0xc2][0xeb]'[0xba][0xc5][0x93]%U[0xcb]7|~[0xb2][0xa4][[0x8a][0xb0]D[0x94]t[0xb4][0x8d]'3P[0xe1][0xb][0xed][0xd8][0xd2][0xda]&[0xaa][0x86][0x1e][0x9e][0xf6][0xb7][0x99][0x1]U[0xf3][0x13][0x9e][0x14]af@[0xaf][0xfc]df@[0xaf][0xfc]dfH[0xaf][0xfc]dfH[0xd5][0x14][0x81]/[0x9e][0xc][0xe9][0x96]"[0xc][0xe9][0x96]"[0xc][0xe9][0xd5][0xfe]63[0xa2][0x9b]M[0xc6]tK{[0xc6][0xf4]j[0x8b][0x99][0x19][0xd3]-E[0x18]#[0x1a]_4.[0xcb][0x8d][0xe9]V[0x1a][0x19][0xd3]-[0xed]Qwt[\r]_iD[0xdd][0xd1]5[0xbc]6[0xd1][0xad][0x84]5[0xa1][[0x8b][0xc5][0x84]ne[0xb9][0x9][0xdd][0xca][0x8][0xea][0x8e][0xe3][0xe1]M[0x11]t+#L[0xe8]VF[0x98][0xd2][0xad][0xd6][0xa0][0xee][0x88]![0xbe]x2[0xa5][~2[0xa5][~[0xa2][0xdb]([0xa8][0x99])[0xdd][0xea]\[0xba][0x8d][0xb7][0x9a][0x99][0xd2]/?[0xd1][0xad][0xce]5[0xa3][[0xce][0xa5][0xee][0x18]2[0xbe][0x9c]kF[0xb7]:[0xd7][0x8c]ne[0x84][0x19][0xdd][0xca][0x8]3[0xba][0xd5][0xb9][0xf4][0x1a][0xeb]7[0xb7]D[0x1d][0x81][0xcf]LV[0x88][0xc0][0x18][0x10]E[0xc][0xb6][0xa2]N[0xe1][0xe3]Nh[0xe6][0x96][0xe6]([0xd3]"X[0x8d]%~[0xad][0x0]n[0x8b]L[0xcd][0xa8];W[0x81][0xd7]&[0xba][0x95]<[0xa8]qB[0xe9]J[0xb]|~B[0x8d]&[0x9a][0xda]D[0xb7][0x92][0x7]i&[0x86][0xc6]=M[0xa4]9[0x19]Z[0xdb]D[0xb7][0x92][0x7]iv[0x86][\n]"
01:28:11.396 [main] DEBUG org.apache.http.wire --  << "~[0xc2]7[0x12]jN[0xb7]6[0x83]9[0xdd]r[0xae][0x5][0xdd][0xda][0xc][0x16]([0x5],-s.[0xdd][0xe6][0x9a][0xcc],[0xe8][0xd6]f[0xb0][0xa0][[0x9b][0xc1][0x82]n9[0x97]n[0xf3]gf[0x16]t[0xeb][0xa7][[0xd0][0xad][0x8c][0xb0][0xa0][[0x19]A[0xb7]9A3Kx[0x19][0x1][0x0][0x0][0x0][0xff][0xff]"
01:28:11.396 [main] DEBUG org.apache.http.wire --  << "[\r][\n]"
01:28:11.396 [main] DEBUG org.apache.http.wire --  << "402[\r][\n]"
01:28:11.396 [main] DEBUG org.apache.http.wire --  << "R[0xa2]BY[0x8e][0xaf][0x1d]A[0xb7][0xd9]G3[0xfa][0xcd]>Z[0xd2][0xad][0x8c][0xb0][0xa4]j[0x19][0x81][0xaf][0xce][0xb5][0xa4][[0xce][0xb5][0xa4][[0xce][0x5]-+[0xa6][0xcb],[0xb1]9[0xdd][0xe6][0xa3][0xcd][\r][0xe8][0x95]s[0xcd][\r][0xe8][0xd5].7[0xa7][0xdb][0xcc][0xb7][0xb9][0x1]U[0xf3][0x13][0x9e]r[0xcf][0x9c]ns[0xec][0xe6]t[0x9b]c7[0xa7][0xdb][0x1c][0xbb]9[0xdd][0xe6][0xd8][0xcd][0xe9]6[0xc7]nN[0xb7]9vsCz[0x95][0xb0][0xe6]F[0xf4][0xea][0xd5][0x98][0x1b][0xd1][0xad]42[0xa2]W[0xed]nnD[0xaf][0xf1]~s#z[0xd5][0xee][0xe6]t[uaN[0xb7]U[0x17][0xe6][0xc6]tK{[0xc6][0xf4][0xea][0xe7][0x9a][0xd3]m%[0x89]9[0xdd]V[0x92][0x98][0xd3]m%[0x89]9[0xdd]V[0x92][0x98][0xd3]m%[0x89]9[0xdd]V[0x92][0x98][0xd3]m%[0x89][0xb9][0x9][0xdd]r.[0xdd]V[0x92][0x98][0xd3]m%[0x89]9[0xdd]V[0x92][0x98][0xd3]m%[0x89][0xb9][0x9][0xdd]jB[0xba][0xad]$17[0xa1][0xd7][0x8][0x95]9[0xdd][0xd6][0xac][0x98][0xd3]m[0xcd][0x8a][0xb9])[0xdd][0xca][0x8][0xa4]5+[0xc9][0xf9]I[0xa0][\r][0xd0][0xa8][0x9b][0xb1][0x11][0xd3][0xa9][0xc8]{y[0xf1][0x8c][0xda][0x98]#[0xad]Mq[0xc0][0x6][0xf0][0xcc][0xd8]"[[0x81][0xaf]#[0x8b][0xb4]([0xc5][0x90]H@[\r][[0x11][0xd9][0x94]HK[0x9](#[0xd2]Mx[0xb6][0xa1][0x98]#-eILJ[0xc6]001)1)[0x11]{[0x14][0xe2][0xd9][0x8e]mnJ[0xb7][0xcc]K[0xb7]e+[0xe6]t[[0xb6]bN[0xb7]e+[0xe6]t[[0xb6]bN[0xb7]e+[0xe6]t[[0xb6]bn[0x86][0xc8][0xcf][0xb4][0x9d]p0[0xa7][0xdb][0xb2][0xf]s3[0xba][0xe5]\[0xba]-[0xc6]0G[0xda][0xc]K[0xe3]x[0xa2][0xdb][0x12][0x9]s[0xea].\[0xc0]WW"-\(I-.QH,HTH[0xcc][0x2]U[\n]"
01:28:11.396 [main] DEBUG org.apache.http.wire --  << "[0xa8][0x15]}f^[0xa6][0x2]H[0x1][0xa2][0xb6] ~/[0xa9]9[0xdd]V[0x12][0x98][0xd3]m%[0x81]9[0xdd]V[0x12][0x98]#[0xad]$[0x0][0xc5][0x0][0x8d][0xa2][0x88]n[0xd3][0xc]HS[0xfb]4[0xf4][0xe][0xdd][0xc6][0x93][0x91][0xe6][0xda]i[0xe7][0x1d][0xba]M~[0x9b]#M~[0xd3][0xd0];t[0x1b][0xaf][0xa6][0xee]l4[0xbe][0x82][0xd4][0x12]12N[0xc3][0x80][0xa3][[0xb2][0xa6][0xdb]D[0xb4][0x5][0xd2]D4[0xcd][0x2][0xce][0x82]n3[0xc3][0x16][0x6][0x88][0xf1]p[0x1a]z[0x87]^[0xa5][0xb5][0x5][0xd2][0xa4]0[\r][0xbd][0x83]H[0xd6][0xb4][0xb3][0x4]i*[0x98][0x86][0x96] Ffhh[0x9][0xa2][0xf8][0xa4][0xa1]%[0xf4][0xea][0xfe]X[0xd0]m[0xee][0xd7][0x82]n;[0xb9]-[0xe8]6[0xcb]lA[0xb7]Yf[0xb]#D[0xc9]F[0xdb][0x8e][0x96][0x5][0xdd][0xe6][0xb3]-[0x8c][0xe8]V[0x90][0xd2]m[0xe6][0xdc][0x82]n3[0xe7][0x16]F[0x88]r[0x9b][0xd6])[0x2]1p[0x91][0x92][0x9a][0x97]Y[0x9c][0x8a]1[0x96]I[0x95][0x1d]8[0x16]H3[0xf4][0x9e][0x1][0x1e][0xfe]~[0xae][\n]"
01:28:11.396 [main] DEBUG org.apache.http.wire --  << "[0x86][0xa6][\n]"
01:28:11.396 [main] DEBUG org.apache.http.wire --  << "[0x1]A[0xfe][0xbe][0x8e][0x98][[0x89]B[0x3][0xdc][0x83][0x1c]]\!G[[0xba][0xbb][0xfa][0xb9][0x7]{"z[0xc7]F[0xa6][0x6]`[0x80]tJ([0x9e][0xd6][0xa3][0x5][0xd2][0xb1][0xa7][0xb8][0xfc][0x7]:[0xe0]4'[0xb5][0x18]4[0x6][0xf]=[0xcd][0x89][0xc8][0xf1]p[0xb][0xa4][0xc5][0x0].8[0x2][0x8f][0x2][0xc3][0x11][0xa5]B@bQZi.f[0xd4]$[0xe6][0x95]d*$%[0x96]*d[0xa7][0x96][0xa4]f#[0xc2][0x8]4[0x82][0x0]j[0xfd][0x11]s[0xa6][0x97][0x85]1[0xa2][0xd2][0xb]N-HMIT[0xf0][0xc9],.)[0xca][0x4][0x99][0x87]:T[0x1][0x95][0xce][0x81]H+[0xe4][0xa5][0xa7]&[0x95][0x96] l5[0x2][0xcd][0x8][0xc1][0xad][0xc4][0x1b])H[0x85][0x3][0xbd][0xac]D[0xf4]"[0xa0][0xde][0xa0][0xbd]/[0xe9]V[0xd1]#-A[0xa0]8[0xa9][0xe0][0x99]b[0xb2]@Z[0x80]@[0xb1]=[0xf8][0xd2][0x7][0xd2][0xf2][0x3][0xda][0xda][0x83]X@K[{[0x10][0x8d]W[0xda][0xda]C[0xc5]"[0x3]o[0xfc] [0x8a][0xc][0xda][0xfa][0x7]QN[0xd0][0xd6][0x1e][0xa4][0xc2][0x81][0xf2]C[0xab][0xf1][0x86][0x1c][0xdd][0xca][0x4][0xba]-9[0xb0][0xa0][0xdb][0x92][0x3][0xb]P[0x5]C[0x97]E[0xfc][0x16]t[[0x8]`A[0xb7]c2,[0x90][0x96][0x1c][0xd0][0xb8]Q[0x89][0xb4][0x14][0x81][0xd6]6[0xd1]-[0xe7][0xd2][0xed][0x98][0xc][0xb][0xa4][0xb5][0x5][0xb4][0xe]=D[0xe3][0x9f][0xc6]6[0xd1]mn[0xde][0x82]ns[0xf3][0x16]t[0x9b][0x9b][0xb7][0xa0][0xdb][0xdc][0xbc][0x5][0xd2][0x91][0x12]4[0xad]q[0x91][0xd6][0x0][0xd0][0xd6][0x1e]DG[0x9a][0xb6][0xf6] r[0x12]M[0xed][0xa1][0xdb][0xa1][0xf][0x16]t[g`A[0xb7]u[0x6][0x16]t;[0xf4][0xc1][0x82]n+[0x1a],[0xcc][0x11]md[0x1a][0x97][0xe1]t[;aaN[0xb7]V2[0xd2]*[\r]Z[0x87][0x1e][0xa2][0x84][0xa0][0xb1]Mt[[0x14]baA[0xa7][0xfe]3[0xd2][0x92][0x10][0x9a][0x96][0xae]H[0xb]Bh[0x1d]G[0x88][0x1e]4[0xad]mB[0x94][0xf][0x84][0xc2][0xe][0x0][0x0][0x0][0xff][0xff]"
01:28:11.396 [main] DEBUG org.apache.http.wire --  << "[\r][\n]"
01:28:11.396 [main] DEBUG org.apache.http.wire --  << "4BB[\r][\n]"
01:28:11.396 [main] DEBUG org.apache.http.wire --  << ""8[0x8c][0x88][0xaf]g[0x8b][0xb4][0xfa][0x84][0xb6][0xf6] [0xca][0x6][0xda][0xda][0x83]h9[0xf8]&[0xe6]&[0xe6][0xa5]+[0xf8]$[0x82]G;Q[0xc7]D[0xf1][0x8d][0x8e][Z[0x82]&[0xfb][0x89][0x1a][0x11][0xa5][0xdb]:[0x14][0xb][0xa4]u(THy[0xf8]F[0xb][0xe9]v[0x8][0x83][0x5][0xd2]![0xc]![0xa0][0xb5]v[0x8e]9%[0xa9]E[0x98]K[0xed][0xf0][0xc5][0x15][0xb1][0x87][0x96][0x99]Z [0xad]G[0xa1][0x83]e[0x88][0xd4]Ns[0xcb],AS[0x6][0xd0][0xe1][0x15][0x9a]f-[0xa4]S[0x1f]h[0xee])[0xb]P[0x16][0x84]z[0x8a]J[0xf9][0x18]O[0x9a][0xb7]DZ[0xa4]Bq[0x10][0xe2][0xb5][0x7]QPl[0xf][0x9e]R[0xdd][0x12][0xe9][0x90][0x4][0x1a][0xda]cn[0x80]e[0xb2]][0xa1][0xcc]P[0xcf][0x90]&[0xb3][0x91][0xe6][0x6]Xf[0xa7]ij[0x1d]"[0x17]+([0xd0][0xc8]KH[0x13][0xac][0xb0]r[0x9d][0x96]^[0xc2][0xb2];[0x99][0xa6][0xd6]!Z1[0xb4][0xb]AD[0x8d][0xf][0xb]A[0x1a][0xc5][0x15][0xbd][0xb6][0xa2][0x9a][0x1b][0xd0]k[0x83][0xa8][0xb9][0xa1][0x11][0xa2]/@[0xa5]r[0x16]w[0xb9]dn[0x88][0xa5][0xbc][0xc0][0x1d]W[0xf8][0xef][0x18][0xc5]k[\r]bBMA[0x81]V[0x9][0xcf][0x10][0xa9]4[0xa2]G[0xd0]![0x92]y[0x84][0x93][0x4]f[0x11][0xeb][0x6][0xbf][0x7][0x16]1[0xb7]o[0x2][0xaa]F[0x89]h[0xc9][0x9a][0x1b]"[0x95]C41[0x1e]1[0xe0]O[0xb][0xe3]I[0xca]/[0xe4][0xa7]+[0xa4][0xdd][0xd4]A[0xa9]y)[0x89]Xn[0xe3]uI[0xcd][0xc9]L[0xce][0xcc]/-V(KMO[0xcc]SHC[0xb9]s[0xe][0xbc][0x8][0x86][0xa8]%0[0xe6][0x86]H3[0x81][0x8e]9[0x89]%[\n]"
01:28:11.396 [main] DEBUG org.apache.http.wire --  << "![0xa5]9[0x99][0xa0][0xc5].[0xa8][0x1d][0x99][0xd0][0xbc][0x92][0xd2]l[0x85][0xc4][0xbc][0xc4]l[0x85][0xe2][0xd4][0xec][0xfc][0x9c][0xc4][0xc]D[0xec][0x13][0xdb]867D[0x1a][0x13][0xf]I-JU[0xf0][0xc9][0xac]LUp[0xca][0xcf][0xc7]\L[0x82][0xaf]1[0x8e][0xb1]~[0x5][0xbd])[0x4][0xb9]n[0xd8][0xd8][0x0][0xf9][0xa0]7[0xa7][0xd2][0xec]R[0x8c]2[0xc0])19Q![0xa9]4[0xbb]T[0xa1][0xb2]4[Q[0xa9][0x16]qU[0xb1][0xb9][0x11][0xbd][0x96][0xb0][0x9b][0x1b][0xd1][0xeb]@5s#[0xa4][0xa6]5[\r][0xb2][0x7][0xf8]bahc[0x9a]&[0xc6]#[0xd6]I[0xd0][0xb6][0x6]6[0xa6][0xd7]1c[0xe6][0xc6]H-h[0xc2]~"[0xbb]D1FZNN[0xd8][0x1a][0x82][0xf7]n[0xe3][0xa9][0x13][0x8d][0xe9]u[0xc6][0x98][0xb9][0xb1][0x1][0x9d][0x86]L[0xcd][0x8d][\r][0x11][0x8d][0x17][0x1a][0x87][0x1e]R[0x5][0xe3][0x93][0x9a][0x97]_[0x86]y[0xc5]hNbAI~[0x1][0xa2][0xf0][0xb5][0x0]/w$nI[0xa2][0xb9]1[0xd2][0xe9][0x19][0xb4]1[0x1f][0xd1]z[0xa0][0x89][0xf9]HK<hc>[0xa2][0xe3]L[0x1b][0xf3][0x11][0xed][0x13]Z[0x98]oB[0xaf][0xd3][0xf0][0xcc]M[0x90][0x16]q[0xd0][0xbe]Uj[0x82][0xb4][0xbc]"#5''_![0xad][0xb4][0xa4][0xb4][0x8]s[0xc9]krFfNNf[0x9e]Bf[0x9e]B~i[0x91]Be~i[0x9]RC[0xc5][0x18][0xb4]=[0x80][0x98]f[0xaa][0x9][0xd2]"[0xb][0xba][0xd8]G[0xaf]c[0x10][0xcc]M[0x90]6[0xbd][0xd3][0xc7]g[0xf4]*[0xa5]M[0xb1]L[0x14][0xd3]p[0xcc][0xc1][0x14][0xcb][0xcc]*M[0xad][0xa3][0xfd] [0x91])[0xbd][0xa6];[0xcd]M[0xe9]5[0x9]in[0x8a]49[0x8][0xab][0xbb]i[0x19]MX[0x8e]j[0xa7][0xa9]utH[0x15]H;[0xad][0xe9][0x11][0x82]Xf[0xa0]h[0x19][0x82]H[0x93]C[0xb4][0x1a][0xc1]1[0xa5][W[0xd2][0x94]n]IS[0xd0][0x88][0xf][0xb4][0xaf][0x7]K[0x15][0x18][0xdd]k|[0x9d]x[0xa2][0x7][\r][0xcc][0xe8]u[0x8e][0xb5][0xb9][0x19][0xd2][0xf4][0xc][0xad][0xfd][0x84]hg[0xd2][0xda]&D[0x8b][0x93][0xc6]6[0xd1][0xad][0x97]df[0x88][0x18]w[0xa5][0xb5][0x9f][0xe8][0x16]O[0xf4]:[0xf3][0xd9][0xdc][0xcc][0x10]Qg[0xd0]:[0xf4][0xe8][0xd5][0xf6]3[0x3]5[0xec][0xe9]S[0x1a][0x91]4[0xb5]@[0xc9]H[0x8a][0x19][0x96]}[0xbf]4[0xac][0x8][0xcd][0xb0]l[0x94][0xa5][0xa9]u[0x88][0x91][0x2]Z[0xd5][0xbb]t[0xbb][0xd7][0xdb][0xdc][0xc]i[0x1f])[0x8d][0xf3][0x14][0xd2][0xa6]RZ[0xdb]D[0xb7][0xb2][0x8f]^'L[0x9b][0x9b][0xd1][0xeb][0xdc]gs3[0xa4]M[0x97]![0xf9][0xd9][0xf9][\n]"
01:28:11.396 [main] DEBUG org.apache.http.wire --  << "^[0xa5][0x89]9[\n]"
01:28:11.396 [main] DEBUG org.apache.http.wire --  << "[0xde][0xa5][0xc9][0x99]y[0xe9][\n]"
01:28:11.396 [main] DEBUG org.apache.http.wire --  << "[0xfe]E[0xa9]y$5[0x96]0f<[0xd0]G`[0xa1]3[0x1e][0x86][0x6]H3,[0xf8],[0x8b]LTp[0xcc]-([0x5][\r][0x94]d*[0xe4][0x94]&[0x97]*$%[0xe6][0xa5][0xa7][0x96][0x94][0x94][0xa0][0xce][0x82][0x98]![\r][0x18][0xa6][0xe4]+[0xe4][0xe5][0x97]($[0xe7][0xe7][0x95]$f[0xe6])$'[0x96][0xa4][0xa6][0xe7][0x17]e[0xa6]bN[0x16][0xe1]k[0xf7][0x11][0xf4][\n]"
01:28:11.396 [main] DEBUG org.apache.http.wire --  << "[0xd2][0x1c][0x8c][0x19][0xbd][0x8e][0xe0]57C[0x9a][0x5]s[0x19][0x0][0xd2][0xad][0xa2]D[0x1a]@[0xa5]m[0xf1]aN[0xaf]"[0xd1][0xd4][0x12][0xa9][0x83]@[0xc3]UH[0xa6][0x96]H[0x87][0x19][0xd1][0xd6][0x1e]:5[0xd9]M-[\r][0x10]MA[0xda][0xfa][0x8]Q[0xd9][0xd3][0xd6][0x1e]D>[0xa2][0xa9]=Hg[0x1a][0xd1][0xd6][0x1e][0xc4][0xc4][0x13]m[0xed]A[0xcc][0xac][0xd2][0xd6][0x1e]D[0xc7][0x8d][0xb6][0xf6][0xd0][0xa9][0xe9]bji[0x88]XyF[0xd3][0xf2][0xd4][0xd4][0x12][0xa9][0x83]X[0x92][0x9a][[0x80]9[0xf7][0x1][0x16]UHO[0xcc][0xcd][0x4][0xaf][0x17][0x81][0x1e]V[0x2][0xaa]o[0x91]V[0x82][0xe0]9[0xb5][0xda][0x12][0xa9]cX[0x92][0x98][0x81][0xb9]Z[0x2]$H[0xc8]|[0xf4][0x86][0x9][0xa2]67[0xb5][0xa4][0xdb][0x81]S[0x96][0xf4]:p[0xca][0xdc][0x80]nG[0xf1]X"[0xf5][0xcf]h[0xbd]([0xc8][0xd4][0x92]ng[0x19]Y[0xd2]1[0x0][0x11][0x95][0x3][0x8d][0xb3]*[0xd2]"7Z[0xdb]D[0xb7][0xe2][0x87]nw[0xf3]X[0xd2][0xab][0x8f]fj[0x89][0xd4]G[0xa3]u<![0xd2][0x1e][0xd5]+>[0x0][0x0][0x0][0x0][0xff][0xff]"
01:28:11.396 [main] DEBUG org.apache.http.wire --  << "[\r][\n]"
01:28:11.396 [main] DEBUG org.apache.http.wire --  << "87A[\r][\n]"
01:28:11.396 [main] DEBUG org.apache.http.wire --  << "B.b[0xe9]t4[0x8e]%[0xd2][0xbd]<[0xb4][0xf5][0xf][0xa2]aB[0xe3][0x18]B[0xba][0x95][0x87][0xb6]>B4Mhk[0xf][0xa2]d[0xa0][0xad]=[0x88][0xce][\n]"
01:28:11.396 [main] DEBUG org.apache.http.wire --  << "m[0xed][0xa1]SW[0x5]i [0x80][0xb6][0xfe][0xa1]S[0x89][0x80][0xd4][0xe1][0xa7][0xa9][0x90]n[0xe1][0xa1][0xad]=[0x88][0x12][0x81][0xf6][0xcd] [0xa4][0xd3]wh[0xeb]):[0x15][\n]"
01:28:11.396 [main] DEBUG org.apache.http.wire --  << "H[0x8b][0xb6]h[0xeb][0x1f]:eV[0xa4]eZ[0xb4][0xf5][0xf][0x9d]2+[0xd2][0xbd];4[0xf5][0xf][0xd2]r3[0xda][0xda][0x83][0xc8][0xac][0xb4][0xb5][0x87]N[0xe3][\n]"
01:28:11.396 [main] DEBUG org.apache.http.wire --  << "H[0xa3][0xeb][0xb4][0xf5][0xf][0x9d]*o:[0x9d][0xe7]cI[0xa7][0xf3]|,[0x91][0x16]7[0xd2]6~[0xe8]T[0x1e] [0x9d][0xe7]CS[0xff] [0x9d][0xe6]C[{[0xe8]T[0x1e] [0x9d][0xe4]C[[0xff][0xd0][0xa9][0xde]FZkJ[[0xff][0xd0][0xa9]1[0x8f]t[0x82][0xf]m[0xfd]C[0xa7]y[0x7]sDy@[0xe3]n*[0xd2][0x99]:[0xb4][0xb6][0x89]Ny[0x15][0xe9]T[0x1d][0x9a][0xa6][0x5][0xb]D^[0xa5]u[0xc8][0xd1][0xa9][0xf6][0xa6][0xd3][0x99]:[0x96][0x16]tj[0xcd][[0xd0])[0xb7]"-h[0xa6]}[0x17][0xd2][0xd2]@G[0x9][0xba]2[0x8d][0xe][0x96]![0xd2]8[0x1d],C$s:X[0x86][0xa8][0x99][0xe8]`[0x19]"[0xc1][0xc3][0x8a][\n]"
01:28:11.396 [main] DEBUG org.apache.http.wire --  << "[0xda]-[0x85]3[0xb5]D[0xda][0x95]K[0x17][0xeb]0++[0xda][0xf9][0xce][0xcc][0x0][0xcb][0xd6]S[0xda]Ygn[0x88]4MF[0xfd]=[0xc8]f[0x6][0xf4][0xda]tjf@[0x9f]5[0x6][0xe6][0x86][0xf4]ZPhf[0x80][0xb4]@[0x9c][0x86]5[0xbd][0x99][0x1][0xd2]&H[0xda][0xda][0x83][0x18]u[0x80][0xe5][[0x92]V[0xf5][0x11][0xbb][0x5][0xc2][0xcc][0xc0][0x10]Q[0xae][0xd3][0xda]&D[0xa1]Nk[0x9b]0[0xb]YZ[0x85][0x1e][0xa2]][0x81][0xd3]O[0x88][\r][0xd5]$[0xc4][\n]"
01:28:11.396 [main] DEBUG org.apache.http.wire --  << "fA[0x8a][0xe1][0x3]r[0xcc][0xa5][0xd7]bv3l[0xe7]ja[0xf8][0x0][0xdf]bN[0xe2][0xc3][\n]"
01:28:11.396 [main] DEBUG org.apache.http.wire --  << "[0xe9][0x10][0x1b][0x9c]q@%[0x9b][0xe8][0x96][0xae][0xe8][0xb5]t[0xc1][0xcc][0xc0][0x88][0x88][0x94]F[0x9d][0xd0]#f[0xd5]&[0xae]4[0x8d]{m[0x91][0x99][0x1][0xfd]j[0x19][0xe4][0xa3][0xc7]h[0x94][0x98][0x91][0xd6][0xab][0x83][0xf7]P[0xd3][0xca][0x1a]D[0x9b][0x97][0xac]<C[0xdc][0xa1][0x10]f[0x6][0xf4]Zpaf@[0xcc][0x82][0xb]\[0xa9][0xb][0xf7][0xca]23[0x3][0xa4][0x9b][0x87][0xc8][\n]"
01:28:11.396 [main] DEBUG org.apache.http.wire --  << ")[0xe2][0xcb]1[0xa4][0x85][0xf][0x15][0x18][0xd1][0x8e]p:r[0xd0][0x1b][0xea](9#[0xd6][0xca]#[0xaf][0xd7]03@Zu[0x0]s8[0xa5][0x8d]c#|[0xd6]a[0xb6]#([0xb5][0xe]_[0xb4] [0x9d]cE-[0xdf][0xe1][0xb5][0xe][0x91]_h[0xda][0xee]C[0xda][0x95]@[{[0x10][0xed][0x16][0xda][0xda][0x83][0xa8]]hj[0xf]}[0x96]"[0x98][0x19][0xd0]g)[0x82][0x99][0x1][0xd2]-@[0xb4][\r]7D?[0x83][0xb6][0xf6] J[0x7][0xda][0xda]C[0xb7]>[0x86])[0xa2]D[0x80][0x15]@[0x18][0x85]6u[0xda]MH[0x7][0xd4][0xd0][0xda]&D[0xa9]@k[0x9b][0x10][0xe5][0x2][0x8d]m[0xa2][0xcf][0xba][0x7]3[0x3][0xfa][0xac]{03@[0xba][0xcf][0x88][0xa6]9[0x9][0xe9]6#[0xda][0xda]C[0xa7][0x92][0x1][0xe9]&#[0xda][0xfa][0x87]n[0xe5][0x2][0xd2][0xca][0x7][0x1a][0xe7]![0xa4]9|Z[0xdb][0x84][0x98][0x19][0xa4][0xb5]M[0x88][0x9a][0x8f][0xd6]6!R8[0xad]m[0xa2][[0xed]G[0xaf][0x1b]y[0xcc][0xc][0x90][0xe6][0xf3]i[0x1d]zt[0xab][0xfd][0x88][0x99]iGt[0xf8][0x88][0xef]Ab9[0x90][0x8a]Fm[0x12][0xfa][0xcc][0xac][0x9b][0x19][0xd0]kf[0xdd][0xcc][0x0][0xcb][0xe9]Z[0xb4][\n]"
01:28:11.396 [main] DEBUG org.apache.http.wire --  << ";[0xba][0xd5][0x10]H[0xb3][0xeb][0x90]#![0x15]B22[0xf3][0xb2][0xb]rJ17[0xd6]#[0xd2][0x9b]![0xa8]3E[0xc4]Q[0x86]f[0x6]H[0xb3][0xdd]4[0xad]S[0x91]&[0xba]i\[0x6][0xd0][0xeb]6[0x1c]3[0x3],g[0x91][0xd1]([0xbd][0xd1][0xeb]6[0x1c]3[0x3][0xa4][0x3][0xcf]h[0x1d]Ot[0xab][0xe9][0x90].[0xdd][0xa1][0xb5][0x9f][0xe8]6[0xbb][0x80]eU[0x0][0xad][0xd2][0x1e][0xbd][0xfa]y[0x86]HW[0x8][0xd1]6[0x9e][0xc][0x91][0xce][0x84][0xa0][0xb5]M[0xf4]j[\r][0x1b][0xd2][0xeb]x:3Cz[0x9d]nfH[0xd2][0xf9][0xe7][0x14][0x1c][0xa7]ef[0x88]e[0x1d][\n]"
01:28:11.396 [main] DEBUG org.apache.http.wire --  << "m[0xf2][0x93]![0xd2][0xa9][0x1a][0xb4]N{[0xf4]j[\r][0x1b][0xd2]m[0xdd][0x8b]![0xd2][0xba][0x17][0x1a][0x87][0x1e][0xbd][0x8e][0x11]43[0xa4][0xdb][0xfa][\r]Cz[0x9d]Gaf[0x88]t[0x1e][0x5][0xce]xB[0xb4]W[0x89][0xee][0x1f][0x19][0xd2][0xeb][0x94][0x8]3[0xd2]n[0x9][0xa2][0xa8][0xec][0xc1]r[0x94][0x1f][0x8d][0xca][0x1e]#z[0x8d]c _K[0x84]3[0xfe][0xa9]2[0xb6][0x8e][0xbc][0xa4][0x8f][0xd6]6[0xd1][0xab]ugH[0xb7][0xb5]#[0x86]t[;[0x82]|[0xb7][0x13][0x8d][0xe3][0x9]i[0x95][\n]"
01:28:11.396 [main] DEBUG org.apache.http.wire --  << "-[0xfb][0xb4][0xf4][[0x1b]i[0x88][0xbc]j%?[0xaf]R! [0xd8][0x94][0x82][0x12][0x2][0xfd]B$[0xc4][0x11][0x11]f[0x86][0xc6][0x88][0x12][0x82][0xb6]a[0x87][0xe8][0xfd][0xd1][0xd6][0x1e][0xc4]H[\r]m[0xed]A[0x94][\r][0xb4][0xb5][0x7][0xd1][0xa6][0xa3][0xad]=t[0xeb][0xf5][0xd1][0xe7]P[0x12]3C[0xa4][0xb5]94[\r]9[0xa4]e-4[0xbf][0xfa][0xc4][0xcc][0x10]i[0xb5][0x9][0x8d]KU[0xa4]u[0x13]t[0xf0][0x17][0xd2][0xd9][\n]"
01:28:11.396 [main] DEBUG org.apache.http.wire --  << "[0xf4][0xb0][\r]Q[0xea][0xd1]:[0x14][0x11][0xe5][0x11]=[0xfc][0x85]([0x95]h[0xed]/DyA[0x7]![0xcd][0xd4][0xd3][0xc3]6[0xc4]<#=lC[0xd4][0x8c][0xf4][0xb0][\r][0x91]B[0xe8]a[0x1b]]S[0x9][0xd2][0xfe]x[0x1a][0xa7]~[0xa4][0xcb][0x85][0xe8][0x10][0x8a][0xe6]T-[0xad][0xf0],@5D[0x9a]#[0xa6][0x87][0xbf][0x10]m[0x1b]z[0xd8][0x86]H[0x8b]4N[0x1d][0xf4][0xba][0xce][0xc8][0xcc][0x90][0x98]Yi[0xea][0xf4][0xba][0xa9];O[0x8d][0xaf]G[0x82]4OM[0xeb]x[0xa2]j[0xbe][0xc2][0xb3][0x16][0xd9][0x90]n3[0xd5][0x86]H[0xbb][0xc0]i[0x1d]z[0x88][0x9a][0x84][0xd6]6![0xca][0x9]Z[0xdb]D[0xb7]2[0x82]n[0xf3][0xe3][0x86]t[0x9b][0x1f]7[0xa4][0xdb][0xfc][0xb8]![0xdd][0xe6][0xc7][\r][0xe9]6?nH[0xaf]k[0xc1][0xcc][0xc][0xe9]6?nD[0xb7][0x19]^#[0xba][0xcd][0xf0][0x1a]![0x9d][0xfb]O[0xdb][0xd2][0xc8][0x88]n3[0xbc]Ft[0x9b][0xe1]5[0xa2][0xdb][0xc][0xaf][0x11][0xdd]fx[0x8d][0xe8]6[0xc3]kD[0xaf][0xeb][0xb4][0xcd][0x8c][0xe8]6[0xc3]kD[0xb7][0x19]^#[0xa4][0x13][0x7]h[0x9c]s[0x91][0xce][0x1c][0xa0][0xb5]M[0x88][0xb1][\n]"
01:28:11.396 [main] DEBUG org.apache.http.wire --  << "Z[0xdb]D[0xaf][0xd6][0xb2][0x11][0xdd]f[0xad][0x8d][0x88][0x99][0xb5][0xa6]J[0xff][0xc9][0x8][0xe9]6[0x5]Z[0xc7][0x13][0xbd]Z[0xcb]F[0xf4][0xba]W[0xc1][0xcc][0x88]ng [0x18][0x19]![0xee]X[0xa1]q<[0xd1]m[0x15][0x80][0x11][0xdd]V[0x1][0x18][0xd1][0xed]\[0x7]#[0xa4][0x83]}h[0x1d]O[0xf4][0xea][0xe7][0x1a][0xd1]m[0x15][0x80][0x11][0xdd]V[0x1][0x18][0xd1][0xeb][0xf2][0xb]3#[0xa4]U[0x0]4N[0x11]t;[0xbd][0xc2][0x88][0xba][0xeb][0x0][0xf0][0x8c]P[0x19]![0xad][0x3][0xa0]u[0xe8]![0xe6]; ;[0x1c]0V6[0xe4]$[0x16][0x94][0xe4][0x17] V[0x8b]Y[0x18][0x80][0x1][0xd2][0xbd]E[0xc6]8O507[0xa0][0xd7][0xd5]$fFH3[0xa4]4[0xe]3[0xa4][0xbd][0xe5][0xb4][0xb6][0x89]n[0xed]IS[0xba][0xb5]'[0x91][0xce][0xb9][0xa7]u[0xe8]!f{im[0x13][0xdd]j%[0xa4]S[0xf5]i[0xed]'RF_s2s3K@{[0xa2][0xa0]7[0x9b][0x11][0xbd][0xa4][0xd4][0x8]i{9[0x8d]=[0x84]4mMk[0x9b][0xe8][0xb5][0xed][0xc0][0x8]i[0x93][0xb9]Ju^bnj-F[0xf9][0xad]R[0x9d][0x92]Z[0x9c][0xc][0x12]'=n[0xe8]V( m.[0xa7][0x85]?[0xe8]V[0x10] M[0xe8][0xd3]:[0x8d]Q[0xd8][0xb1]4[0x6][0x8d][0x6][0x13][0xb3]I[0xd1][0xc8][0x8c][0x94][0x82][0x80][0x92][0xa5][0xd8]F[0xc8][0xdb][0xe4]S[0xb]RS[0x12][0x15]|2[0x8b]K[0x8a]2[0xb3]1[0x12]u0D:[0x7]"[0xad][0x90][0x97][0x9e][0x9a]TZ[0x82]h[0xa3][0x18][0x11][0xbb][0x3][0xd3][0x8]i[0xed][0x0][0x8d]#[0xc][0xe9][0xdc]{Z[0xdb]D[0xb7]l[0x8b]t[0xf6]=N?![0xc5][0x8a][0xa5]%R[0xab][0x11]_[0xfb][0x17]i[0xe5][0x3]Ns[0xa9]3[0x12]D[0xcc][0xee]x[0xb2]|@a[0xf6]$[0xbe][0x2][0xa5][0xd7][0xf9][0xf6]fFt[IaD[0xb7][0x95][0x14]F[0xd4]]I[0x81]/M[0xd3]m%[0x85][0x11][0xdd][0xf6][0xfc][0x1b][0xd1]m%[0x85][0x11][0xdd]VR[0x18]![0xed][0xf9][0xa7]q[0xd9][0x83]t[0xa6]>[0xad]m[0xa2][[0x15]N[0xb7][0x95][0x14]Ft[IaD[0xb7][0x95][0x14]Ft[IaD[0xb7][0x95][0x14]Ft[IaD[0xbf][0x95][0x14][0x96][0xa4][0xf4][0xf7][0xc9][0xef][0x1b][0xd3][0xed][0x98][0x1]pk[0x3]z[0x13][0x6]m[0x8b]"p[0xb7][0x3]j[0x93]gAF~[0x1e][0xe6]][0xe9] [0xe1][0xd4]<[0x5][0xb][0xe8])+[0xd0]^+X#1[0xfd][0x15]c[0xa4][0xc5]' [0xa3]p[0xd8][0x90][0x97]J[0x81][\r][0xf4][0xea][0xdf][0x1b]#-[0xd0][0xc0][0xe1][0x17]D[0xe3][0x94][0x84][0x10]B[0xf4][0x87][0x15]p[0x18][0xb][0x11]F[0xf]"[0xe4][0xa3]s[0xf1][0xb4]u[0x8c]IZ[0x83]Av[0xfe]0&i[0x1][0x6][0x5][0xd6][0xd0][0xab][0xf6]4&i[0xf5][0x5][0xf9][0x1e][0xa2][0xdb][0xd2][0xb]c[0x92][0x96]^P[0xe0]!z[0x8d][0x93][0x1b][0x93]tZ[0x0][0x5][0x1e]BL[0xcb][0xd0][0xe0][0xa6][0x14]c[0xa4][0x95][0x16]41[0x1e]Q=b7[0x1e]Qh[0x99][0x10];&`L[0xd2][0xd9][0x3][0x14][0x84]<"[0xb3]cw[0xbb][~[0x91]Bzbnf^:9[0xbe]@Z[0xd1][0x80][0xdd]x[0xb2][0xc][0xa5][}dD[0xaf][0xa1]%c[0xba]-^0[0xa6][0xdb][0xe2][0x5]c[0xa4][0xc5][0xb][0xd8]#[0x9f][0xc2][0xb4]E([0xe9][0x92][0x93][0xb6][0xe8][0xb6]d[0xc0][0x98]nK[0x6][0x8c][0xe9][0xb6]d[0xc0][0x18]i[0xc9][0x0]-b[0x1c][0xe9][0xb2][0xb][0x1a]7[0xdb][0xe9]6[0x8f]o[0x8c]t[0xe3][0x5]M[0x82][0x8c]P&[0xa1],[0xf]"[0xed]s[0xa7]q[0x8c][0x98][0xd0][0xad][0xd0]G[0xba][0x8][0x83][0x16]1[0x82][0xb4]e[0x9f]&[0xc6][0x13]j[0x8c]P[0x18][0xe1][0xb4]MOH[0xab]Zh[0x11]8H[0x1b][0xfd]i[0x9c]\[0xe9][0xb6][0xc0][0xc4][0x98]n[0xb]L[0x8c][0xe9]v[0x85][0x81]1[0xd2][0xfc]8-[0x8f][0xcf]0[0xa6][0xcf][0xa5][0xf3][0xe6][0x6]H[0xc7][0x8e][0xd0]4[0xdd][0x99][0x1b][0x98] [0xc6]:`6[0xd1][0xee]Z[0x1d]s[0x3][0x13]Dq@[0xf][0xeb][0x90][0x8a][0x7][0x5][0x5][0x8c]YrjL[0x91][0x9a]#_[0xa5]B[0xd0]K[0x0][0x0][0x0][0x0][0xff][0xff]"
01:28:11.396 [main] DEBUG org.apache.http.wire --  << "[\r][\n]"
01:28:11.396 [main] DEBUG org.apache.http.wire --  << "C8[\r][\n]"
01:28:11.396 [main] DEBUG org.apache.http.wire --  << "[0xaa]T[0xc8]H,V[0xa0]`[0x11][0x80][0xb9][0x1][0x96][0xec]K[0xcb][0x8]C[0xba][0x1c][0x84]f![0x88]e[0x8d][0x13]-[0xbd][0x84][0xb4]([0x88][0x1e][0x11][0x86]T6[0xd1].[0x4][0x11][0xb9][0x98][0xfa][0xd5][0xa0]9[0xf2][0xb9][41[0x1e]s1[0x0][\r][0xe3][0x1f][0xf9][0xac]%:[0xc4][0xbf]!R[0xf3][0x90]V[0xf1]o[0x88]T[0x8a]S[0xe7][0x8a]i<k[0x96][0xc1][0xc7][0xb7]C[0xa7](hX[0xd9][0x9a][0x1b]Rw[0x1d]1[0xee][0x1b][0x1e][0xcd][\r][0x91][0xb2]hHjQ[0xaa][0x82]Ofe[0xaa][0x82]S~>[0xe6][0xc2]*|e[0xb8]![0xfa][0xc2]o[0xdc]S[0x0][0xe6][0x86]H-[0x9][0xba]Y[0x89]h[0xe9][0xd3][0xcd]JD[0xce][0xa6][0x9b][0x95][0x88][0x16][0x6][0xbd][0xac]D:[0xca][0x87]nV"v~[0xd1][0xcd]JD[0x87][0x9a]nV"[0xe6]-[0xe8]f%b[0x4][0x97]nV"&3[0xe8]f%[0xa2][0xbd][0x80][0xd7]J[0x0][0x0][0x0][0x0][0xff][0xff]"
01:28:11.396 [main] DEBUG org.apache.http.wire --  << "[\r][\n]"
01:28:11.396 [main] DEBUG org.apache.http.wire --  << "88C[\r][\n]"
01:28:11.396 [main] DEBUG org.apache.http.wire --  << "[0xb2]R[0xa2]Z[0x81]G[0xcc]JB[0xb8]e[0xe4][0xce]O[0x98][0x1b][0x9a][0xd3][0xbf][0xc4]AZaH[0xaf][0xc0]DZ[0xdc]C7+[0xe9][0x9f]1[0x90][0x96][0x91][0xd0][0xcd][0x97][0x88][0xda][0xc3]1'[0xb1]D![0xa4]4'[0x13][0xb4]o[0xc3]%[0xb5]8[0xb9]([0xb3][0xa0]$[0x13][0x9c])B[0xf3]JJ[0xb3][0x15][0x12][0xf3][0x12][0xb3][0x15][0x8a]S[0xb3][0xf3]s[0x12]3[0x10]S[0x7][0xe0][0xb5]"D,[0xc4]0G>[0x5][0x84][0xf6]v![\n]"
01:28:11.396 [main] DEBUG org.apache.http.wire --  << "o[0xda][0xdb]E[0xf7]R[0x9b][0xb4][0x83]:[0xc8].\[0x8c][0x90]&Fh[0xd0][0xf]B[0xde][0xd6]H[0x13][0xe3][0xe9]^[0xe8][0x1b]![0xf5]K`]-[0xda][0x8c][0xc2][0x18]![0x8d][0x9f][0xd2][0xa9][0xac]0B[0x1a][0xde][0xa4]y[0x9e]B[0x1a][0x86][0xa1][0xbd]]t[0xaf]B[0x91]w[0xb9][0xd1]+[0xf6][0x90][0xee]9[0xa5]AfC^[0xd9]C[0xb][0xe3][0x91][0xf6]9[0xd2]:=[0x18][0x9b][0xd2][0xaf]N4[0xa1][0xd7][0xbd]&[0xe6]&$[0xad]T[0xa2]d[0xc4][0xd6][0x4]i5[0x11]m[0xb]A[0x13]z[0x9d][0xdb]bnB[0xd2]j#[0xca]B[0xf][0x91][0xfa]h[0x1c]zH[0xe7][0xb6][0xd0]:O[0x99] [0xad]s[0xa2][0xbd]][0x88][0xb6][0x1f][0xad]C[0x10][0xd1][0xf2][0xa3][0xb1]M[0xf4][0xda][0x1]enB[0xaf]}I[0xe6]&[0xf4][0xda][0x97]dnB[0xaf]}I[0xe6]&X[0xf6]%[0xd1]ph[0xdf][0x4][0xe9][0xc2]PX[0x2][0xa4][0xa5]uH[0xdd]pZ[\r][0xed][0x9b][0xd0]kw[0x8d][0xb9][0x9][0xbd][0xf6][0xbc][0x98][0x9b] [0xed]y[0xc9]H[0xcd][0xc9][0xc9]WH+-)-[0xc2][0xdc][0xea][0x90][0x9c][0x91][0x99][0x93][0x93][0x99][0xa7][0x90][0x99][0xa7][0x90]_Z[0xa4]P[0x99]_Z[0x82][0xd4][0xd3]6[0x6][0x15][0xd8][0xc4][0xf4][0xb4]M[0xe9]uV[0x91][0xb9])[0x96][0x89]{[0x1a]&@S[0xa4][0xb9]%:[0xa4]wS[0xa4][0xa5]H[0xb4]J[0xef][0xa6]t[0xeb]2[0x9a][0x9a] [0xfa]9[0xf4][0x8]<[0xa4][0xb5][0x8]t[0xb1][0xe]Q[0x17][0xd3],[0xae][0x90]:[0xdd]0/[0xd1][0xa6]{o[0x8a][0xd4][0xd7][0xa6][0xb5]M[0x88]Y2Z[0xdb]D[0xaf][0x96][0xad])][0x17]X[0x98][0x19]#YG[0xf6][0xa1]Y[0xb8][0xe7]N[0xcd][0x8c][0x91]N[0xaa][0xa1][0xe1][0x4][0xb4][0x99]1[0xd2][0x10][0x1]m[0xed]AdU[0xda][0xda][0x83][0x18][0xc2][0xa7][0xad]=t[0xca]Bf[0xc6]f[0x98]E8M[\n]"
01:28:11.397 [main] DEBUG org.apache.http.wire --  << " 3c[0xba][0x1d][0x84]bL[0xb7][0x83]P[0x8c][0xa9]{U[0xb][0xbe][0x1c][0x8b]t[0x10][0x8a]gp[0x88][0x97]njvqIQ~YjQ[0x89]BYj[0x11]F[0x94]Q[0xa9][0xdd]g[0x80]4JF[0xfd]A83c[0xa4][0x89]?[0xfa][0xf9][0xca][0xcc][0x18][0xe9][0x9c][0x11][0xba]Z[0x8b]Xr@Wk[0x11][0xa3][0x17][0xd4][0xb6][0x16][0xcf][0xe5]B[0xc6]H[0xdd]~j[[0x8b]'[0xa3][0x98][0xd0][0xed]4i[0xe4][0xb1][0xc2][0x88][0x8][0x8c][0x1c]H[0xfa]|[0xa6][0x99][0x9][0xa8];[0x6]][0x17][0x86][0xc5][0xc4][0xbc][0xbc]<[0x84][0xa1][0xa0]s[0xc0][0x88][0xe8][0xb9][0x99][0x99] [0x9d];L[0x83][0x1c]l[0x82][0xb4][0x8b][0x8e][0x96]5[0xa2][0x9][0xdd][0xf6][0xd0][0x99] [0xed][0xa1][0xa3][0xcf]L[0x8a][0x99][0x9][0xbd]z[0xd7]f&H[0x9b][0xed][0xe8][0xe5]9[0xba][0xed][0xba]3A[0x9a]\[0xa6]i[0xc7][0xc3][0xcc][0x84]n[0xc7][0xe7][0x9a][0xd0]m[0x3][0x9e][0x9][0xdd]6[0xe0][0x99] m[0xc0][0xa3]i[0x99]a[0x8c]h[0xdb][0xd2][0xd6][0x1e]:uC[0xcd]L[0x90][0x6][0xc7][0xe8]Y[0xa7][0xd2]m'[0xa0][0x9][0xd2]p[0x1c]M[0xa3][0xcc][0x4][0xd1][0x91]#\T[0x90][0xbb][0xdc][0xc5][0xcc][0x4]i[0xb8][0x8f][0xa6][0xd6][0xd0]f][\n]"
01:28:11.397 [main] DEBUG org.apache.http.wire --  << "[0x9e]k[0xfb]L[0xe8]v1[0xb1][0x9][0xe8][0xa4]Mh[0xa3][0x88]p[0x18]R0Qjf[0x82]e|[0x11][0xa3]Y[0x7]_`I[0x99]M[0x88]&9[0xbd][0xaa]a[0xa4][0x8d][0x98]t[0xb3][0x12][0x91][0xc9][0xe8]f%b%0[0xad][0x13][0xb][0xbd][0x86]hL[0x90][0xfa][0xe0][0xb4][0xf6][0x13][0x11][0x15][0x19][0xa2][0xb]B[0xec]:M3[0x13][0xa4][0xe1]L[0x1a][0xfb][0x0]i`[0x93][0xd6]6[0xd1]?[0xb]#m[0xbb][0xa3]W~2[0xa3][0x16]F[0xda]JD[0xeb](DT[0x9b][0xb4][0xb6][0x89]n[0x85][0x5][0xd2]x.[0xdd][0xd2][0x8][0xa2][0xd4][0xa0][0x97][0x95]4[0xda]/[0x84]{[0x87][0x9b][0x99][0x9][0xf2][0xd1][0xe1][0xf9]y[0x95][\n]"
01:28:11.397 [main] DEBUG org.apache.http.wire --  << "[0x1][0xc1][0xa6]4j[0x1c] [\r][0x94][0xd3]-<[0x11][0xf3]'t[0xb3][0x92][0xfe]%[0xb][0xd2][0x18]:[0x8d][0xf3];I[u(jI"[0xed][0xd6][0xa1][0xb5][0x9f][0xe8][0x9f][0xcd][0x91][0xc6][0xe9][0xe9][0x95],[0x91][0x96][0xc5][0xd1][0xcd]J[0xfa][0xb7]$[0x90][0xc6][0xe6][0xe9][0xe6]K[0xfa][0xe7]w[0xa4]Ezt[0xf3]%[0xa2]IA7+[0x11]m[0xb][0xba]Y[0x89][0x18]X[0xa3][0x9b][0x95][0xf4]/}[0x90]N[0x1a][0xa7][0x97]/[0x91][0x96]C[0xd2][0xcd]J[0xfa][0x97]>H[0x87][0x90][0xd3][0xcd][0x97][0x88][0xd2][0x87][0xc6][0xd5]$[0xd2][0x19][0xe1]t[0xf3][0x1c][0xfd]K[0x0][0xa4][0x83][0xc3][0xe9][0xe6]K[0xba][0x97][0x0][0xa6][0xa0][0x1b][0x8c][0xa0]C[0x8f]t[0xf2][0xa5])[0xd2][0xd9][0xe2]t[0xb3][0x12][0xd1][0xf8][0xf][0xce][0xcf][0xcb]LV[0xa0][0xca]d[0xb6])[0xdd].[0x99]7E:[0xc3][0x1c][0x97][0x7][0xa8]2lk[0x8a]t[0xc7]<-g'LQO7[0xc7][0x1a]#T[0xf2][0x10][0xdd]+rS[0xa4][0x9b][0xe6][0xe9][0x95][0xc0][0x91][0xe]=[0xa7][0x9b][0x95][0x88][0xa5]>t[0xb3][0x92][0xee][0x15][0xb9])[0xd2]^C[0xba][0xf9][0x12]Q[0x91][0xd3]4[0xb]"-#[0xa2][0x9b][0xd7][0xe8][0xde]w0E[0xda][0xee]H7_"[0x8a][0x1c][0xda][0xb6][0xc4]L[0x91][0xee][0xab][0xa7][0x97][0xe7][0x90][0x16]p[0xd1][0xcd]J[0xfa][0x97]4F[0xf4]/i[0x90]V[0xb1][0xd1]-`[0x11]%[\r][0xdd][0xac][0xa4][0xd7][0xec][0xa5])[0xd2]"7[0x1a][0xe7]B[0xa4][0xbb][0xe7][0xe9][0x15][0x8c][0xf4]_[0xe4]f[0x8a][0xb4][0xc8][0x8d]n[0xbe][0xa4].D:l[0x9e]n[0xbe][0xa4].[0xa4][0xdb][0x92];S[0xa4][0x85]p4[0xce][0x85][0xc6][0xf4][0xef]<#[0xad]U[0xa3]WbA:[0x1b][0x9f]nV[0xd2]?[0x17]"[0xad][0x91][0xa3][0x9b]/[0xe9][0x9f][0xb][0x91][0x96][0xce][0xd1][0xcd][0x97][0xf4]o[0x80]#-[0xa3][0xa3][0x9b]/[0x11][\r]p[0xba]YI[0xff][0xd2][0x7]i[0xd5] [0xbd]|[0x89][0xb4]|[0x90]nV[0xd2][0xbf][0xf4][0xa1][0xff]:BSzm[0x92]6C[0xde]$M[0xb7]([0xa4][0xfb][0xe0][0xbd])[0xd2][0x82]B[0xba][0xf9][0x92][0xfe]%[0x0][0xd2][0xa2]Cz[0xf9][0x12]i[0xf5]![0xdd][0xac][0xa4][0x9]@[0xff]e[0x88][0xa6][0xf4]_[0x86]h[0x8a][0xb4][0xc][0x91]nqI[0xff][0xf6][0x7]h[0x1b]![0x9d]g[0xb8][0x90]V([0x6][0xa7][0x16][0xa4][0xa6]$*[0xf8]d[0x16][0x97][0x14]eb[0x1e][0x15][0xf][0x95][0xce][0x81]H+[0xe4][0xa5][0xa7]&[0x95][0x96] [0xad]?[0x6][0xd5][0xf1][0xc4][0xec][0x81]45[0xa3][0xe9]C[0xa3][0x15][0x8a]xv[0xbe][0x9a]"[0xad]P[0xa4]W[0x8a][0xa5][0xff]RES[0xa4][0xcd][0xfd]t[0xf3]%[0xfd]{?HK[0x15]i[0xb0]k[0xd7][0x14]i}"v[0xe3][0x11][0xb9][0x8c][0xe8][0xfb]SM[0x91][0x96]"[0xd2]-f[0xe8][0x9f][0xb1][0xe9][0xbf]&[0xd1][0x94][0xfe]k[0x12]M-[0xe8][0xdf][0xac][0xa0][0xff][0x9a]DS[0xa4][0xf3][0x2][0xe9][0x95]b[0xe9][0xbf]&[0xd1][0x14][0xe9][0x4]A[0xba][0xf9][0x92][0xfe][0x9d][0x1a][0xb][0xfa][0xf]k [0x9d][0x95]H[0xaf][0x80]EZ[0x93]H[0xd3][0xe9]o[0xfa]/D4E:[0xa6][0x91]n[0xa1][0x89]X[0xf9]D7+[0x11]m[0x9][0xec]5/E[0x97][0x85][0x9a]"[0xad]>[0xc4]n<9[0x15];[0xd2]-[0x12][0xb4][0x9d][0xa6]0[0xa3][0xff][0xea]73[0x3][0xba][0xd7]tf[0x6]tOvft;a[0xc4][0xc]i[0xf2][0xd5]7171/][0xc1]'[0x11][0xdc]kC[0xbd][0x0][0x4][0xdf][0xfa]5KKKK[0x1d]%bzvfH[0xf3][0xae]4N[0x9a][0xf4][0x9f][0xfb]4C:e[0x84]N[0xc5][0x93][0x19][0xd2][0xdc]'[0xdd][0xac]D[0xb4][0xe1]i[0x1c][0x85]H3[0x92][0xb4][0xb6][0x9]Q[0xa8][0xd0][0xda]&DYB[0xcb][0x6][0x81][0x19][0xd2][0xa8][\r]m[0xed][0xa1][j[0xa0][0xff][0x8][0x8d][0x19][0xfd]Gh[0xcc][0xe8]?Bc[0x86]4BC[0xe3][0xc4]O[0xb7][0xe3][0x17][0xcd][0x90][0xc6]ch[0xed]'[0xc4] 0[0xad]m[0xa2]{'[0xcd][0x8c][0xfe]CDfHGL[0xd2][0xab]F[0xa3][0xff][0x10][0x91][0x19][0xfd][0x87][0x88][0xcc][0xe8]?Dd[0x86]4DD[0xe3][0xbc]A[0xff][0x91]!3[0xfa][0x8f][0xc][0x99][0xd1]d[0xc8][0xcc][0x2]Q[0xe8][0xd0]:[\n]"
01:28:11.397 [main] DEBUG org.apache.http.wire --  << "[0x11][0x3]B[0xb4][0xb6][0x9][0xd1]f[0xa1]W[0x11][0x83]4[0xe]D7+[0xe9][0xbd][0xd0][0xdc][0xdc][0x0][0xa9][0xd1][0x9][0x8b]B[0x1a][0xde][0x5]a[0x80][0xd4]<[0xa3][0x8b]u[0x88][0xa6];[0xad][0xee][0x17]0DZ[0x93][0x4][0xf3][0x12]MN-17[0xa4][0xd7]"[0x1d]sCS:[0xad][0x92]77D[0xaa]Uip[0xc][0xbf][0xb9]!R}F[0x9f]\lnH[0xf7][0x8a][0xcd][0xdc][0x90][0xee][0x15][0x9b][0xb9]![0xdd]+6sC[0xa4][0x8a][0x8d]nq[0x89][0xa8][0xe1][0xe8]f%[0xa2][0xaa][0xa3]I[0x8e]@[0xba][0xd7][0x88]N^2B[0xda][0xd4]K7+[0xe9][0x1e]qFt[0xdf][0x3]kndH[0xa7]A0s#[0xba][0xdd]DiD[0xf7]m[0xa1][0xe6]FH{4i[[0x85][0x1b]!m[0x98][0xa4][0xb1]Mt[0xdf]'inD[0xf7]M[0x8b][0xe6]FHg[0xd6][0xd3][0xab]dA[0x9a][0xe7][0xa1][0x97][0x95]H[0x13]>t[0xb3][0x92][0xfe][0xe5]'[0xbd][0xe6][0xe][0xcc][0x8d][0xe8][0xbe][0x89][0xc9][0xdc][0x8]iG[0x11][0x8d]3>[0xd2][0xae][0x1e]Z[0xdb][0x84][0x18]h[0xc0]>[0x13]N[0xc9]D[0xbb][0xb9][0x91][0x9][0xa2]!D[0xaf]T[0x8f][0xd4][0x97][0xa3][0x85][0x8f][0x90]6v[0xd0][0xfa]B]c[0xa4][0xcb]{[0x9]'[0x3]r[0x8f]_77F[0x9a][0xcd][0xa4][0xa9]5[0xa4][0xc][0xd9][0x93][0xef][0x1b][0xa4][\r][\r]4[0x8f] [0xa4][0x9d][0xc][0xb4][0xb7][0xb][0xd1]N[0xa4][0xbd]][0x88]1[0x17]Z[0xdb]E[0xb7][0x9b][0x88][0xcc]M[0x90]V[0xfd][0xc0][0xd2]9[\r][0xc7][0xc9][0xc0]+[0x82][0xa1][0x9b][0x6][0xe8]`[0x1d][0xf2][0x91]X[0xb4][0x1a]'3EZ[0x5][0x4][0xf3][0x12]m[0xc6][0xc9]L[0x91][0x16][0xff][0xc0]l[0xa2]a\![0x1f]YE{[0xeb][0xcc][0xcc][0x90][0xe][0xfd][0xa2]O[0xb5]hf[0x86]t[0xfa][0x17][0xdd][0xac]D[0x14][0xf8]t[0xb3][0x12][0xd1][0x9c][0xa1][0x9b][0x95][0xf4]ne[0x9b][0x99][0xd1][0xff]p03[0xa4][0x81][0x11][0xea][0xb7][0xaa][0xcc][0xcc][0x90][0x6]A[0xb0][0x1b]O[0xc6][0x82]L3[0xfa][0x9f][0xbb]e[0x86]4[0xc4]B[0xaf][0xf4]G[0xf7][0xb1][0x16]33C[0xfa]gl[0xa4][0xe1][0x1d]|[0x1][0xb][0x0][0x0][0x0][0xff][0xff]"
01:28:11.397 [main] DEBUG org.apache.http.wire --  << "[\r][\n]"
01:28:11.397 [main] DEBUG org.apache.http.wire --  << "58[\r][\n]"
01:28:11.397 [main] DEBUG org.apache.http.wire --  << "R[0xb2]R[0xc2][0xb7]d[0xd2][0xd0][0x0][0x4][0x88]\4iH[0xff][0x8c]M[0xaf][0xa1]%33[0xfa][0x9f][0x14]ef[0x84]X[0xd3]M[0xaf](D[0xba]v[0x91]nV"[0xf2][0x6][0xac]%A[0x93]&[0x92][0x99][0x19][0xdd]n[0xa2]3C[0xba]![0x8e][0xc6]~B[0x1a][0xd5][0xa1][0xb5]M[0xf4]O[0x8d]H[0xa3]:[0xf4]J[0x8d]&[0x88][0xd4]H[0x91][0x95][0x0][0x0][0x0][0x0][0xff][0xff]"
01:28:11.397 [main] DEBUG org.apache.http.wire --  << "[\r][\n]"
01:28:11.397 [main] DEBUG org.apache.http.wire --  << "83[\r][\n]"
01:28:11.397 [main] DEBUG org.apache.http.wire --  << "[0x2][0x1]"[0x8b]M[0xa4][0xb3]Zh[0x1d][0x85][0x88][0xc1]%[0x1a][0xdb][0x4][0xda]B[\r][0xed][0xca][0xd1]+[0x18][0x91][0x86][0xb1][0xe8]f%b[0x84][0x81]nV"[0x6][0x1a][0xe8]f%[0xfd]3>[0xd2]R[0xc][0xba][0xf9][0x92][0xfe][0x19][0xdf][0x94][0xfe]}/[0xfa][0x1f][0xd1]bfJ[0xb7]B[0x7]i [0x93]^[0xa9][0x6]i<[0x93]nV[0xd2][0xbf][0xd0]A:[0x99][0x85][0xc6][0xf5][0x6][0xd2][0x81],[0xb4][0xb6][0x9][0xb1][0xda][0x8b]n1G[0xff]"[0x86][0xfe][0xe7][0xb0][0x98]![0xed][0xb7][0xa5]q[0x14]"[0xdd][0xf7]Ak[0x9b][0xe8]_[0x5][0xd2]y[0xc5][0x12][0x0][0x0][0x0][0xff][0xff]"
01:28:11.397 [main] DEBUG org.apache.http.wire --  << "[\r][\n]"
01:28:11.397 [main] DEBUG org.apache.http.wire --  << "13B[\r][\n]"
01:28:11.397 [main] DEBUG org.apache.http.wire --  << "[0xb2][0xb2]03C[0x1a][0xee][0xa7]W[0x96]@[0xda][0x2]L7+[0xe9]?J[0x1][0xda]vJ[0xdf][0xd6][0xb0]9[0xd2][0x15]#[0xb4][0xcd][0x1b][0xe6]H{[0xab]im[0x13][0xa2][0xe6][0xc3]i[0x13]b[0xd8][0xd3][0x80][0xb8][0xee][0x97]9[0x96][0x89][0x13][0x8c][0xf1][0x7]2L[0xa5]{[0x89]an@[0xf7][0x1a][0xcd][0x9c][0xee]k[0x1c][0xcd][0xcc]Q[0xef]0[0xa1][0xe1]}[0x99][0xe6][0x6][0x88][0x82][0x2]gr[0xc3]7vJ[0xf4]=[0xc6][0xe6][0xf4][0x9f][0x9e]0G[0x9a][0x9e][0xa0]S[0xc1]knH[0xef][0x8d][0x1e]f[0xe6]H[0xb3]$t[0xf3]%[0xdd];[0xe8][0xe6][0xf4][0x9f]C1G[0x9a]C[0xa1]q[0xde][0xa0][0xff][0xd4][0x89]9[0xfd][0xa7]N[0xcc][0xe9]?ubN[0xb7][0xa9][0x13]s[0xba][0xaf][0xca]53GZ[0x8]F[0xaf][0x8c]O[0xf7][0x85][0xc0]f[0xe6][0xf4][0x9f][0x93]2[0xa7][0xff][0x9c][0x94]9[0xfd][0xe7][0xa4][0xcc][0xe9][0xbe][0xc2][0xda][0xcc][0x1c][0xe9][0xe6][0x14][0xba][0xa5]XD[0x3][0x87]nV"[0x6][0x3][0xe9]e%[0xd2]Q>t[0xb3][0x12][0xd1]Q[0xa1][0x9b][0x95][0xf4]ov[0xd0][0xff][0x18]!s[0xa4][0x85][0xb7][0xb4]<-[0xc6][0x1c]i[0xa6][0x98]n[0x11]H[0xf7][0xc9][0x0]s[0xa4]Yjz[0xf9][0xd2][0x4]Q[0xe4][0xd0][0xb8][0xdd][0x88][0xb4][0x90][0x9e][0xc6]6![0xcd]uF&[0xe6]&f$b[0xc][0x1f][0x4][0x19][0x99]"F[0x10][0x8c][0xc0][0xd7][0xbf][0x12]s[\n]"
01:28:11.397 [main] DEBUG org.apache.http.wire --  << "[0x99]9[0xd2][0x94]&[0xad][0xfd][0x80][0x18][0xae][0xc0][0xe1][0x7][0xf2]<[0x80][0x18][0x92][0xc0]a,J[0xd0][0x10];dc[0x8a]"
01:28:11.397 [main] DEBUG org.apache.http.wire --  << "[\r][\n]"
01:28:11.397 [main] DEBUG org.apache.http.wire --  << "80[\r][\n]"
01:28:11.397 [main] DEBUG org.apache.http.wire --  << "[0x18]H[0xa7]u[0xb8] r%[0xad]m[0xa2][[0xce][0xa0][0xdb][0x84][0x9c]9[0xd2][0x84][0x1c]MC[0xcf][0xdc][0x0][0xe9][0xc4][0xa6][0x8c][0xd4][0x9c][0x9c]|[0x85][0xf2][0xfc][0xa2][0x1c][0x8c]|[0x88]o[0xb4][0xc6][0x10]4bJD[0xae]47@:[0xb3][0x9][0x8f]][0x88][0xfc]B[0x82][0xc9][0x98][0xe9][0x9a][0x86]k[0xb8][\r][0x90][0x8e]0[0x82]E[0xf]-[0xad][0xb3]@[0x8c][0xff][0xd0]j[0xbd][0xbd][0x1][0xd2][0xe1]At[0xf1][0x12][0xa2]|[0xa3][0x8b]u[0x88][0xd2][0x88]V!h[0x88][0xb4]][0xb][0xe6]%[0x92][0xf2][0x11][0xb1][0xa3][0x9e][0xe6][0x86]T)[0xc5][0x1][0x0][0x0][0x0][0xff][0xff]"
01:28:11.397 [main] DEBUG org.apache.http.wire --  << "[\r][\n]"
01:28:11.397 [main] DEBUG org.apache.http.wire --  << "1BC[\r][\n]"
01:28:11.398 [main] DEBUG org.apache.http.wire --  << ""&[0xc7][0x1a]"-[0xb4][0xa0][0xb5][0x9f][0xe8]T[0x8a][0x9b][0x1b][0xd2][0xab][0x14]77[0xa4][)n[0x88][0xb4][0x9a][0x82][0xb6][0xf1]d[0x84][0xb4][0xce][0x80]>M_sc[0xa4]K[0x19][0xf1]T[0x1b]T[0xa9][0xa2][0x8c][0x91]Z[0xf6]x[0xec]"[0xa3][0x8a]2F[0xba][0xf0][0x91][0xd6][0x1b][0xdd][0x8c][0x91][0xf6]F[0xd3][0xdc].[0xa4][0x4]A{[0xbb][0x10][0xb5][0x6][0xed][0xed]B4)ho[0x17][0xa2]z[0xa2][0xbd]][0xa4][0x14][0xb4][0xe4][0xef][0x8d]Ej[0xeb][0xd1][0xa9][0x9c]0A[0x1a]{[0xc]N[0xcc]-.[0xcd]KWp44[0xc1][0xa8][0x83]=[0x12][0xf3]R[\n]"
01:28:11.398 [main] DEBUG org.apache.http.wire --  << "2[0xf2][0xf3]R[0x15][0x8a]![0xaa][0x10][0xb9][0xd9][0xc8][0x80][0xd8][0xb6][0xac][0x9][0xd2][0xa8]#[0x1d],C[0x8a]3[0x88][0x9b]i[0xe8]3[0xa4][0xa1][0xa2][0xe0][0xfc][0xbc][0xcc]d[0x85][0x8][0x8c] D[\n]"
01:28:11.398 [main] DEBUG org.apache.http.wire --  << "1[0xd0][\n]"
01:28:11.398 [main] DEBUG org.apache.http.wire --  << "[\r]b[0x9a][0x12]&H#CT5[0x16][0x91]up[0x19][0x8b][0xaf]f [0xba][0xd1]e[0x82]T3[0xd0][0xd6]"[0xa4]v$[0xa4][\n]"
01:28:11.398 [main] DEBUG org.apache.http.wire --  << "J+-)-J[0xc5][0x88][0x84][0xe4][0x8c][0xcc][0x9c][0x9c][0xcc]<[0x85][0xcc]<[0x85][0xfc][0xd2]"[0x85][0xca][0xfc][0xd2][0x92][0xc]D[0xc4][0x18][0x83][0xe6][0x8e][0x88][0x8a][0x18][0xa4][0xd6]$}[0xec]C[0x8c]d[0xd3][0xc5]>[0xa4]V[0x18]}[0xec]C[0x8c]a[0xc3][0xda]b4[0xec][0x1c][0x9a] ][0x8b]G[0x17][0xeb][0x10][0xf9][0x8d]V=)[0x13][0xa4]c[0x1f]i~c[0x81][0xb9][0x9][0xd2][0x81][0xdc][0xb0][0x0][0xc4][0xc8]k[0xd4])B[0xb0][0x9c][0xc3]M[0xcb][0x94]a[0x8e]h[0xc1][0xc0]<FS[0xeb][0x10][0x95][0x14][0xed]R[0x6][0xa2][0xec][0x80]y[0x89]Fq[0x85]td4=J[\r]S[0xa4]5S[0xb4][\n]"
01:28:11.398 [main] DEBUG org.apache.http.wire --  << "=S[0xa4][0xd5]R[0xb4][\r]=S[0xa4]ER[0xb4][0xb6][0x9][0xb3][0xb4][0xa5]M[0x8a]0E[0xda][0xe3][\r][0xf3][0x13][\r][0xb3][0x93])[0xd2][0xf2][0x1d][0xba]XG[0xfb][0xdc]k[0x8a]e[0xe1][0xc]-C[0x10]i][0x9]=B[0x10]i[0x81][0x7][0xcd]r0[0xd2][0x8a][0xe][0x98][0x97]h[0x94][0xda][0x91][0xfb]7[0xf9]y[0xb4][-jn[0x8a]t\[0x1d][0x8d][0xfd][0x84][0xb4][0xa0][0x81][0xd6]6[0x19][0xeb][0x0][0x0][0x0][0x0][0xff][0xff]"
01:28:11.398 [main] DEBUG org.apache.http.wire --  << "[\r][\n]"
01:28:11.398 [main] DEBUG org.apache.http.wire --  << "229[\r][\n]"
01:28:11.398 [main] DEBUG org.apache.http.wire --  << "R[0x82][0xae][[0xa7][0xb5]M[0x88][0xf9]G[0x98]M[0xb4][0xcc]SHcqt[0xb1][0xe]Q[0xdf][0xd3]*O[0x99]!m[0x99][0x84]y[0x89]6y[0xca][0x8c]n[0xa3][0xe9]fH[0xbb][0x15]][0xf2][0xb3]KR[0x8b][0x14]<R[0xcb][0x13][0xf3]H[0xf2][0x17][0xc1][0xad][0xd8][0xd5]J[0xa0][0xed]/[0xc6][0x86][0x6]HC[0x80][0xde][0xa5][0xc9][0x99]y[0xe9][\n]"
01:28:11.398 [main] DEBUG org.apache.http.wire --  << "[0xfe]E[0xa9][0x98][0x96]E&*8[0xe6][0x16][0x94][0x82]z[0xac][0x99][\n]"
01:28:11.398 [main] DEBUG org.apache.http.wire --  << "9[0xa5][0xc9][0xa5][\n]"
01:28:11.398 [main] DEBUG org.apache.http.wire --  << "I[0x89]y[0xe9][0xa9]%%%[0x8a]J[0xb5][0xb1][0xb5]:[0x10][0xf3],[0xcc][0xe9][0xb6][0xf1][0xd1][0xdc][0x8c]n[0xe3][0xe6]f[0xf4][0xda][0x9]hn[0x86][0xa5]CHR[0xbc][0x13]=$b[0x86][0xb4]G[0x8e][0xc6]9[0x7][0xe9][0xbe]p[0x1a][0xdb][0x84]t[0x9][0x15][0xad]m[0xa2]W[0xcb][0x95]n[0xf7]?[0x99]#_'D[0xdb][0xd0]3[0xa7][[\r][0x8b][0xbc][0xa4][0x8d][0xd6]~B[0xd4]v4[0xb6][0xc9][0x84]Ni[0xcf][0xcc][0x1c]i[0xda][0x8b]>[0xf3][0x0]f[0xe6]H[0xb3]_t[0xb3][0x12][0xb1]B[0x83]nV"[0xa2][0x90]nV"Z[0xb5]t[0xb3][0x12][0xd1][0xbc][0xa5][0x9b][0x95][0x88]IF[0xba]Y[0x89][0x18][0xa9][0xa3][0x9b][0x95][0x88]q\zYI[0xaf][0xc6][0x96][0x99][0xb9][0x19]"o[0xd0][0xb4] 53[0xa7]W[0xb3][0xce][0xcc][0x1c][0xa9][0x91]Mk?!R#[0xad]mB[0xc]:[0xd1]-[0x11]"[0xea]XzY[0x89][0xd4][0xa4][0xa4][0x9b][0x95][0xf4][0xaf][0x8f][0x90][0xa6]Q[0xe8][0xe6]K[0xfa][0xd7]GH[0xcb]e[0xe9][0xe6]K[0xfa][0xd7]GH3Gt[0xf3]%[0xa2]>[0xa2]q[0xa1][0x83]t[0xe5])[0xad]mB[0x94]54[0xb6][0x9]i[0xb6][0x8a][0xd6]6!J[0x16]Z[0xdb][0x84][0xa8][0xc4][0xe9][0x95][0x8][0xe9]~[0xfd][0x9b][0x99][0xb9][0x5][0xfd][0x1b][0xb8]t[0xbf][0xfe][0xcd][0xcc][0x9c][0xee][0xd7][0xbf][0x99][0x99][0xd3][0xfd][0xfa]73s[0xb][0xfa]7g,[0x10]E[0xc][0xbd]2[0x9][0xfd]o:5[0xb7]D[0x14]:t[0xf3]%[0xfd]K[0x1f][0xa4]S[0xb9][0xe8][0xe6]K[0xfa][0x97]>[0xf4]?[0x9e][0xcb][0x9c][0xfe][0xc7]s[0x99][0xd3][0xff]x.sK[0xfa][0x97]>[0xa0][0xc5][0x9f][0xd0]iN:[0xa5]X[0xb][0xd0][0x2]]z[I[0xf7][0xd2][0xc7][0x2][0xe9][0xf6][0x13][0xba][0x5],[0xdd];S[0x16][0xf4][0xbf][0x9b][0xc4][0x82][0xfe]G}Y[0xd0][0xff][0xa8]/[0xb][0xa4][0xa3][0xbe][0xe8][0x96]|[0xe8]^[0xfa]X -g[0xa3][0x97]/[0x91][0xd6][0xb5][0xd1][0xcd]J[0xfa][0x97]>H[0x87][0xd1][0xb6][0x8f]g[0x81]eM[0x1d]M[0xe6][0xaa][0xcd],[0x90][0x8e][0xfa][0xa2][0xb5][0x9f][0x10][0xe3]5[0xb4][0xb6][0x9]1PK[0xb7][0xd4][0x88][0x18][0xa6][0xa1][0x9b][0x95][0xf8]K[0x16][0x0][0x0][0x0][0x0][0xff][0xff]"
01:28:11.398 [main] DEBUG org.apache.http.wire --  << "[\r][\n]"
01:28:11.398 [main] DEBUG org.apache.http.wire --  << "3C3[\r][\n]"
01:28:11.398 [main] DEBUG org.apache.http.wire --  << "J.[0xca],([0xa1][0xee]},[0x16]X[0x16]*[0xd2](Y[0x82]vi[0xd0][0xb9]9C[0xff][0x13][0xbe],[0x90]Vb[0xd2]+[0xd5] [0x9d][0xf0]E[0xe3]\[0x88][0xb4][0xee][0x93]n[0x9e]C[0x14]1t[0xb3][0x92][0xfe]e[\r][0xd2][0x12]T[0xba][0xf9][0x92][0xfe]e[0x8d][0x11][0xdd]Gp,[0xe8][0xb5]v[0xc6][0xcc][0x82][0xfe]']Y m_[0xa4]W[0xaa]A[0xda][0xda]H7+[0x11][0xf5]0[0x8d][0x8b]7[0xd4]}[0x8f][0xb4][[0x8]nf[0x81][0xb4]T[0x88][0xc6]~BZ!Dk[0x9b][0x10][0xad]wZ[0xdb][0x84][0x18][0xb0][0xa4][0xb5]M[0x88][0x91][0x2]Z[0xdb][0x84][0x18][0x9e][0xa4][0xb5]M[0x88][0x1a][0x95][0xd6]6!*RZ[0xdb]D[0xb7]2[0x2][0xe9] 7[0x1a][0xfb][0x89]^[0x7][0xbb][0x99][0x1b] M[0xe6][0xc0][0xfc]D[0xc3][0x8d][0x15][0x6]HS[0x1c]t[0xb1][0xe][0x91][0x87]i[0xb5][0xb1][0xc2][0x10]K[0x97][0x9b][0x86]!h[0x88]t[0xf8]4[0x1d]B[0xd0][0x10][0xa9][0x8f]H[0xb3][0x10][0xa4][0xd7]:6s#3:[0x95]J[0xe6]Ff[0x88]&6,[0x9a]h[0xd2][0xb7]67B[0xda]FN[0x9f]f[0x99][0xb9][0x11]}wx[0x1b]![0xad][0xd3][0x81][0x85]%[\r]s[0x98][0x11][0xd2][0xca][0x19]Z%yc[0xa4]k9i~[0x14][0xe][0xd2]*x[0x9a][0xdb]e[0x8a]h[0x9e][0xf9][0xa4][0xe6][0xe5][0x97][0xe5]c$[0xfa][0x9c][0xc4][0x82][0x92][0xfc][0x2][0xc4][0x9][0x1e][0x16][0xa0][0x9b]0A[0xd3]][0xc4][0x9c][0xe2]a[0x8c][0xb4]C[0x86][0x16][0xe6][0x9b] uSi[0xde][\r][0xf2][0x96]P[0xda][0x9f]w[0x83][0xd4]D[0xa7][0xbd]e(-Z[0xea][0x1d][0xae][0x83][0x18]D[0xa0][0xed][0xe1]4[0xa8]='[0xac][0xee][0xa7][0xca]Y[0x19][0xa6][0xf4][0xba][0xdb][0xd5][0xdc][0x14]K[0xd5]G[0xc3]B[0xd4][0x14])[0xa3][0xd2][0xa1][0xcc]6E[0xaa][0x4]iUf[0x9b]![0x9d]][0x1][0xf3][0x12]F[0xe9]F[0x95]Ta[0x86]4[0xff]Fc[0x9b][0x90][0x6]#[0xe8]q[0xfe][0x87][0x19]R][0x84]+[0x7]#[0xaa][0x6][0xe2][0xb7]h[0x9a] [0xda][0xf9][0xb8][0x8c][0xa5]N[0xcc][0x98][0xa0][0x14]l[0xb4][0x1b]&27C[0xba][0xdb][0x9a][0xb6]^[0xa2][_[0xd3][0xc][0xa9]q@[0xe3]dmJ[0xb7]hB:[0x0][0x90][0xc6]~[0xc2][0xd2][\n]"
01:28:11.398 [main] DEBUG org.apache.http.wire --  << "[0xa6]Q[0xf1]C[0xaf]e[0xd6][0xe6]fHG>[0xd3]8[0xf4][0x90][0xd6]<[0xd3][0xda]&:[0x8d][0xb1][0x99][0x9b]![0xad][0xfd][0xa5][0xb5][0x9f][0xe8][0xd5][0x9b]5CZvKc?[0xd1][0xeb][0x1e]Zs3[0xa4][0x15][0xaf][\n]"
01:28:11.398 [main] DEBUG org.apache.http.wire --  << "4[0xca][0xb2][0x96][0x14][0x16]x[0xc4][0xdd][0xac]`n[0x86][0xb4][0xac][0x95][0xd6][0xd1]C[0xaf][0xa1][0x1a]3[0xa4]E[0xac][0xb4][0xf6][0x13]f6[0xa2]a[0x1b][0x1c][0xdb][0xcd][0xab]4[0xb5][0xe][0xd1][0x8][0xa3]U[0x1b][0xdc][0x1c]i-%,[0xae]h[0xea]%[0xcc][0xb9][0x5][0x9a]Z[0x87][0xe8][0xdf][0xd2],[0x4][0xe9][0xd6][0xb7]@[0xbe]\[0x93][0x1e]q[0x85]<[0xe][0xf][0x19][0xe0][0xc0](kK[0xf3][0xc0]'=[0xa7][0xa6]([0x14][0x14][0xe5][0xa7][0x94]&[0x97](d[0xe6][0xe5][0xe5][0x97]%[0x82][0x17]V[0xe9]([0x5][0x14]e&[0xa7]*Y[0x19][0x83][0xd6]{[0x13]3[0x1a]e[0x8e]tx[0x9d][0x82][0x2][0xed]b[0x8c][0xbe][0x89][0x10]i[0xc4][0x1f]:[0x4]F[0xf3]pDZ[0xab]E[0xc3]pDZ[0x9e][0x5]K[0x8f][0x18]>[0xa3]J/[0x11][0xf9][0x12]DZ[0xdb]D[0xaf][0xc6]&[0xf2][0xfd][0x83][0xb4][0xf6][0x13][0xa2][0x14][0xa4][0xb1]M[0xa8]}l[0x1a][0xf6][0xe6][0xcd][0xe9]u[0xaf][0x99]9[0xdd][0xee][0x4]37'[0xa9][0x93][\r].x[0x8b][0xc9][0x18][0xdb]1G:[0xb8][0xdb]7?)3'U[0xc1]'5=5/E[0xc1]199[0xbf]4[0xaf][0x4]#[0xf][0xfb]V[0x96]dd&+x[0xe4][0xe7][0xe5][0x17]!,4$[0xee].[0x18]s[0xa4][0xd3][0xeb][0xe8]b[0x1d][0xa2]IH-[0xeb][0x8c]u[0x94][0x9c][0x13]KR[0xd3][0xf3][0x8b]2S[0x8b][0x95][0xac][0xa2][0x91][0xce][0x9c]C[0xbe]q[0x8b]N[0x93][0x85][0xc8][0xa7][0x94]@cL[0x1][0xc5][0xa7][0xb8][0xe2][0xcf]377[0xbf][0xa8]$[0x11]tK[0x17][0xb4]b6"2[\n]"
01:28:11.398 [main] DEBUG org.apache.http.wire --  << "[0x91]N+[0xa1][0x9b]'[0xe9]V[0xe]#[0x8d][0xe3][0xd3][0xcd]s[0x88]4J/+[0xe9]~[0x98][0x88][0xb9]9[0xdd]O[0xf6]07[0xa7][0xff]1[0x1b][0x16]t[0xbb][0xf6][0xd2][0x82]^[0xa3][0xbd]f[0x16]$UDy[0xf9][\n]"
01:28:11.398 [main] DEBUG org.apache.http.wire --  << "[0xe4][0xd6]Ef[0x16][0xf4]:D[0xd5][0xcc][0x2][0xa9][0xd6][0xa3]i#[0xc8][0xcc][0x2][0xa9][0xc2][0xa3][0xb5]M[0x88]r[0x84][0xd6]6[0xd1][0xa9][0x9]if[0x81]t[0xed][0x6][0x8d][0xfd][0x84][0xe5]\1[0xda][0x8d]E[0x98]Y`Y[0x94]ES[0xeb]0[0x7]0ij[0x1d]bt[0x11]{[0xbf][0x1d][0x0][0x0][0x0][0xff][0xff]"
01:28:11.398 [main] DEBUG org.apache.http.wire --  << "[\r][\n]"
01:28:11.398 [main] DEBUG org.apache.http.wire --  << "6D6[\r][\n]"
01:28:11.398 [main] DEBUG org.apache.http.wire --  << "[0xaa]T[0xc8]H,V[0xa0][0xa8][0xb0][0xa0][0xd7][0x12]03[0xb]3[0xba]%w[0xa4]yv[0x1a]'w[0xa4][0xea][0x98][0xd6]6a&=[0x8c]6)uR[0x84]9b$[0x87][0xe6]7[0xbe][0x98]Y [0xad]c[0x8b]p[0xf2][0x8f]0[0xc4][0xf0][0x94][~[0x91]Bzbnf^:[0xa2][0x9b]dB[0xe4][0xe0][0x97][0x99][0x5][0xd2],![0x1d]<C[0xaf][0x99]B3[0xb][0xa4]+b[0xe9][0xe1]/[0xc4][0xa0]9=lC$uz[0xd8][0x86][0xe8][0x14]A[0x16][0x97][0xd0][0xec][0xd2]e3[0xb][0xa4][0xa3][0x97][0xf0][0xd8][0x85]H[0xe7][0xc4]^[0xba]lf[0x81]4[0xcb][0xaa][0x87][0x91][0x85][0xa8]S. Mz[0xd2]!Z[0xb0][0xac][0xc1][0xc7][0xed]/[0xf2][0xdb][0xca][0xf4][0x9a]_5[0xb3]@[0x9a]_[0xa5]qUA[0xe9]4+[0xb1]+[0x9a][0xcc],[0xe8]5[0xd1]jf[0x81]tl[0x10][\r][0x96][0xd4][0x9a]Y[0x90]4[0xbd]JAr[0xa3][[0xe7][0x2]TCB7[0xb3][0x13]Nnd{[0xc8][0xd2][0x0]c[0xc1].F.[0xa5][0xee]|[0x96][0x99]%[0xd2][0xec]*[0xed][0xcb]!K[0xa4][0x13]c[0xe8]a[0x1b]"}[0xd0][0xc3]6[0xcc][0x16]9[\r][0xbb]3[0x96]X[0x8e]2[0xa1][0xa9]u[0x88]f[0x4][0xad]zO[0x96][0x86][0x88][0xc6][0x3],[0x97][0xd1][0xd4]K[0x88][0xe4]A[0xf][0xeb][0x90][0xe][0xc4][0xa0]Y[0x8]"[0xcd][0xaa][0xd2][0xc5]K[0x88]DA[0x17][0xeb]h[0xdf][0x83][0xb7]D:[0x9a]! [0xd8][0x14][0xa3][0xf8][0xa5]J[0xe3][0xcf][0x12]y[0x17][0x8]-[0xaf] 3[0xb3][0xa4][0xd7][0xc5]`f[0x96][0xc6][0x88]m@[0xb0][0xb4]@[0xab][0xd0]C[0xf4][0x9f]hm[0x13]f[0xfa][0xa6][0x95][0x9f]0[0x8b]>Z[0xd9][0x84][0xc8]D[0xb4][0xe]=[0xc4][0xd0][0x7][0xad]m[0xc2],[0xc9]i[0x15]z[0x98][0x95]<[0x8d]lB[0xdd][0x8f]D[0xbb][0x85][\n]"
01:28:11.398 [main] DEBUG org.apache.http.wire --  << "f[0x96]H[0x1b][0x13]i[0x1c]O[0xa8][Ah[0xea]'[0xba][0x95][0x11][0xf4][0xda][0x1e]bfI[0xaf][0xa5]+f[0x96]&t+#[0xe8][0xb5][0x19][0xce][0xcc][0x92]^[0xcb]q[0xcc],[0xe9]6[0xdf]jI[0xb7][0xd3]),[0xe9][0xb5]c[0xc8][0xcc][0x92]ns[0xc8][0x96][0xa6]t+#[0xe8]6[mI[0xb7]9dK[0xba][0xcd]!["][0xf9]I[0xe3][0xfa][0xc9][0x94]n[0xb5];[0xdd][0xe6][0x90]-[0xb1]L[0xea][0xd2][0xa8][0xc5][0x82][0xb4][0x6][0x8b][0xc6][0xf1]D[0xb7][0x1b][0xa3],[0xe9]u[0xe5][0xa8][0x99]%[0xd2]"/Z[0x87][0x1e][0xdd][0xda][0xe5]t[0x9b][0xe][0xb7][0xa4][0xdb]t[0xb8]%[0xd2]25[0x1a][0xc7][0x13][0xdd]&[0xde]-[0xe9]6[0xf1]n[0x89][0xe5][0x18][0x19][0x1a][0x95]FH[0xb][0xed]`[0xf1]D[0xcb][0xc1]D[0xa4]y~[0xba]X[0x87][0xa8][0xa9]h6[0x98][0x88]4[0xdb]O[0xf]/a[0xd9][0xae]K[0xcb][0x8]C[0xba]+[0x88]v![0x88][0xd9][0x8f][0xa2][0xa9][0x97][0x10][0x89][0x82][0x1e][0x11][0x86]4[0xa9]L[0xb3][0x10]D[0x9a]Q[0xc6]3[0xc7][0x8f]oT[0x96][0xe8]YK[0xa4]9e<v[0x91][0xb1][0x9e][0xc0][0x92]ns[0xc8][0x96]t[0x9b]C[0xb6]D[0x9a]C[0x86]%6[0x1a][0x95][0xe4]$[0xcd]&S[0xb2]|[0xcf][0x12][0xe9][0xa2][0x19]<)[0x80]J[0xa9][\r][0x91]Y[0xf1][0xd8]Ezj37@[0x9a]E[0xa6][0xb6][0xc9][0x88]1~<&S#|[0xcc][\r][0xc][0x10][0xbd]s<v[0x91][0x15]>[0x98][0xa3][0xfa][0xb4]+[0x95][0xcd][\r][0x90][0xae],[0x81]e[0x14][0x9a]Z[0x87]HW4*[0x95][0xcd][\r][0xb0]l([0xa6][0xa5][0x97][0xb0][0xdc][0xa5]AS[0xeb][0x10]s1[0xb4][0xb]Az[0xb6][0xc][0xcc][\r][0x90]7[0xf8]B'[0x1c]i[0x19][0x82]H[0xd3][0xd0]4[0xb]A[0xa4]:[0x15]O[0xf9]@[0x9d][0xb2][0x8][0xa9]V[0xc5]c[0x17]9e[0x11][0x96]Z[0x94][0x96][0x11][0x83]e[0x1d][0x13][\r][0xad]3D[0xaa][0x89]h[0x95][0xe][0xc][0x91].[0x14][0xa3]C[0xf1]j[0x88]t[0xcd][0x16]][0xac]C[0x8c][0xd5][0xd0].[0x4]1gOi[0x99]([0xc][0x91][0x16][0xb9][0xd1][0xbe],2D[0xaa]<h[0x16][0x82][0xf4][0x1a][0xf9]47B[0x1a][0xe7][0xa2][0xfe][0x2]s#sD[0xe3][0x81][0x16][0xc6]#[0xad][0xe8][0xa7][0xd3][0xae]R#[0xba][0x8e]*[0x98][0x1b]![0xad]I[0xa7]C[0xf1]`[0x84]t[0x94];[0xad][0x12][0xb7][0x11][0xd2]E[0xbc][0xf4][0xf0][0x12]R[0x8f][0x9f].[0xd6]!:[0x3][0xb4][\n]"
01:28:11.398 [main] DEBUG org.apache.http.wire --  << "Ac[0xe4]cj[0xa0]%[0x1e]M[0xba][0xca][0xe6][0xc6]H[0xa7][0xd3][0xc0][0x2][0x8f][0x2][0x9b][0xc]q[0x9f]*`[0x8c]t&=5[0xb3][0xb2][0x9][0x9a][0x95][0xd5]J[0x9e].JV[0xc6][0x6][0xc8][0x7][0xaa]9[0x95]f[0x97]b[0xf8][0xca])19Q![0xa9]4[0xbb]T[0xa1][0xb2]4[Q[0xa9][0x16][0xe9][0x4][0x4]cC[0xcc][\n]"
01:28:11.398 [main] DEBUG org.apache.http.wire --  << "[0xe]C?[0xbe][0x86]"[0xb1]K[0xf8][0xcd][0x8d][0x91][0xd6]xR![0xfc][\r][0xd0][0x2][0x3][0xd9]O[0xd4]=[0xd9][0xc6][0x14][0x9f]M[0x88][0x1c]Bk?!:^4[0xa8]}[0x8c][0x91][0x96]v[0xd2][0xc4]x[0x9a][0xd6][0x9d][0xc6]$[0xad][0xe4]$w[0xb][0x82][0xb9]1I[0xcb]8)[0xb0][0x6]1[0xba]C[0x8b][0xb8]@=[0x1c][0x98]v[0xb][0xcd][0xcc][0x8d][0x91]&[0xe9]h[0xb0][0x95][0xc6][0xdc][0x18]i[0xc2][0x8c]6[0xe6]#:[0x18]4[0xce][0xdd]H{S[0xa9]Yc[0xe0]+$[0xb1][0xcc]`[0xd1][0xa8][0xe0]Gj[0xd9][0x6]$[0x16][0xa5][0x95][0xe6][0xa6]bX[0x94][0x98]W[0x92][0xa9][0x90][0x94]X[0xaa][0x90][0x9d]Z[0x92][0x9a][0x8d]2X`@[0xf4]e[0x8]H;U[0xe9][0x16][0x88]t+[0xff][0x91][0xa6][0xe4][0xe8][0xe6]9[0xba]%[0xa4][0xa6]:[0xbd]<[0x87][0xb4][0xc7][0x94]nV"f[0x8]h\[0x9c] [0xcd][0xd6][0xd1][0xcd]s[0x88][0xf6][0x9][0xad]=[0x87][0x18][0x1e][0xa6][0x9b][0xe7][0x10][0x8d]d:Yi[0x2]*[0xf5][0xa0][0xbb]*[0xe9]f%"}[0xd2][0xcd]JD[0xf9]I7+[0xe9][0x9e]|L[0x90]n[0xca][0xa0][0x97]/[0x91]f[0xa1][0xe8]e%[0xd2][0x12]|[0xc8]D@ZiIi[0x11]f][0x9f][0x9c][0x91][0x99][0x93][0x93][0x99][0xa7][0x90][0x99][0xa7][0x90]_Z[0xa4]P[0x99]_Z[0x92][0x81][0xa8][0xf1][0xc1][0xdd]DbN[0x9b]5AZ[0x88]O[0x83]f[0xb2][0x9][0xd2][0x9a]xZ[0x18][0x8f][0xb4]<[0x9d]&[0xc6]#[0xf2]2="[0xc3][0x14][0xcb](/[\r][0xc7][0xc9]M[0x91][0x96][0x9e][0xd2]jd[0xca][0x2])[0x1][0xe0][0xba]q[0x4][0x91]l[0x89][0x1e][0x6]1G[0xba][0xb7][0x82]N9[0xd3][0x9c][0xfe][0xbd][0xb]s[0xa4][0xde][0x5][0xbd]|[0x89][0xd4][0xfc][0xa7]m[0xb][0xc4][0x1c]i[0xdc][0x9c]n[0x9e]C4[0xaf][0xe8]f%[0xbd][0x9a][0xff][0xe6]XF[0xd1]1z[0x88]T[0x19][0x83]4GZ[0x96]G[0xe3]4[0x82][0xd4][0x4][0xa7][0xb5]M[0x88]6[0x14][0xad]mB$BZ[0xdb][0x84]h[0xa4][0xd1][0xda]&[0xba][0xa5]r[0xa4][0x5]t[0xb4][0xf6][0x13]b[0xb4][0x95][0xb6]6Y [0xf5]Rhm[0x13][0xe6][0xcc]8m[0xca][0x8][0xb],[0x8b]&he[0x13]b[0xa0][0x97][0xd6][0xa1]G[0xaf]2[0xc2][0x2][0xcb][0x1a][0x10]Z[0x85][0x1e][0xbd][0xca][0x8][0xb],[0xab][0x14]i[0xe5]'[0xc4]@[0x3][0xad][0xef][0xa6][0xb5]0@[0x94][0x12]4[0xb7][0xb][0xa9];J[0xe3][0x94][0x8e][0xb4][0x82][0x86][0x96][0x83][0xcd][0x16]X[0x8e][0x18][0xa2]Q[0x9a]@Z[0xa4]C[0xeb][0xb0][0xa3][[0x8e][0xc2][0xb2][0xe6][0x92]F[0xa1]G[0xb7]Yg[0xb][0xa4]Yg[0x9a][0x9f][0xa8]enaD[0xb7][0xba][0xc3][0x8][0xa9][0xd5][0x7][0xb9]HH[0xc1][0xd1][0xd0][0x4]#[0xba]<[0x12][0xf3]R[\n]"
01:28:11.398 [main] DEBUG org.apache.http.wire --  << "2[0xf2][0xf3]R[0x15][0x8a]![0xaa][0x90]:[0xc7]D[0xcf][0xe1]X[0x18][0xd1]-[0x9][0xd2][0xeb][0x9c]!s[0xb][0x92]f[0xa7])[0xd8][0xa3]anA[0xd2][0x4]5e6[0xd1]-[0xf9][0x19]#[0x9a].4[0x18]([0xb3]0[0xa6]_[0x82][0xa3]WO[0xc3][0xc2][0x18][0xd1][0x8a][0xa0]q[0x8d][0x81]t_2[0x8d]m[0xa2][0xd7][0x91]?[0xe6][0x16][0xf4]:[0xf2][0xc7][0xdc][0x82]^G[0xfe][0x98][[0xa0][0x1e][0xc4][0x83][0xf5][0x2]w[0xa4][0xe2][0x1a][0xb4][0x12][0x9e][0x98]!x[0xb][0xa4]!\C[0xa4]T[0x19][0xb7][0xb1]@[0x1a][0xeb][0xa7][0xad]E[0xa8][0xb7][\n]"
01:28:11.398 [main] DEBUG org.apache.http.wire --  << "P-[0xa0]P[0xf][0x9a][0xc0]j,u[0x2][\n]"
01:28:11.398 [main] DEBUG org.apache.http.wire --  << "u[0x1c][0x9e][0x96][0x16]![0x8a]e[0x1a][0xe7]|3[0xba][0x95][0x9b]H[0xb][0xc8]i[0xec]'[0xba]][0x93]m[0x81]e[0xef]=F[0xd3][0x8d]:I[0x8f][0xfe][0xb3][0xc]h[0xb7][0xf7][0xd0]0[0xb5]#[0xcd][0xd6][0xd1][0xb6][0xfc]A=[0xe1][0x9][0xab][0x8f][0xc8])[0xa8]Q[0x8f]s[0xc2]j,u[0x12][0x1][0xea]iN[0xb4][0xb4][0x88]nm[0x1c]z[0x1d]>cn[0x81][0xb4]^[0x12]W[0xf9][0x3][0x0][0x0][0x0][0xff][0xff]"
01:28:11.398 [main] DEBUG org.apache.http.wire --  << "[\r][\n]"
01:28:11.399 [main] DEBUG org.apache.http.wire --  << "8F[\r][\n]"
01:28:11.399 [main] DEBUG org.apache.http.wire --  << "R[0xa2]N4![0xad][0x9c][0xa4][0xb1]MH[0x13][0x81][0xb4][0xb6][0x89]n#[0xc4]t[0x9b]i[0xb4]@[0x9a]i[0xa4]u[0xe8][0xd1][0xad]>GZ[0xc9]Hk?[0xd1][0xad]o[0x87]t)[0x6][0xad][0xfd]D[0xb7]r[0x8f]n[0xb3][0xb2][0x16]X[0xb6]5[0xd1][0xa8][0x8d][0x82][0xb4]Y[0x99][0xc6][0xf1]D[0xb7][0xd9]>[0x94][0x8b][0x11]h[0xba][0x83][\n]"
01:28:11.399 [main] DEBUG org.apache.http.wire --  << "[0xf9]>[0x4][0xda][0x86][0x9e]%[0xdd]f\,[0x91][0xd6][0xe6][0xd1][0xda]O[0x88][0xf9][0x16][0x1a][0xdb]D[0xb7][0xd9][0x16]K[0xa4][0xd9][0x16]Z[0xfb][0x9][0xb1][0xa0][0x8d][0xd6]6[0xd1]kh[0xd3][0x92]n{[0x1f][0xb1][0xdd][0x1e]A[0x9b][0x12][0xd6][0x12]i[0xef]#([0x9e][0x0][0x0][0x0][0x0][0xff][0xff]"
01:28:11.399 [main] DEBUG org.apache.http.wire --  << "[\r][\n]"
01:28:11.399 [main] DEBUG org.apache.http.wire --  << "4A[\r][\n]"
01:28:11.399 [main] DEBUG org.apache.http.wire --  << "R[0xa0][0xd5]E[0x1][0xe6][0x96]t[0xdb][0xb9]hI[0xb7][0xd9]*K[0xba][0xcd]VY"[0x1d]CB[0xe3]xB[0x9a][0x17][0xa3][0xb5]Mt[0xcb][0xb9]F[0xf4]j-["[0xcf][0xbe][0xd1]6?!m[0x1][0xa5][0xd3][0x12]C[0xb4][0xbb]>h7Z[0x80]v[0xd5][0x7]--[0xa2]S5[0x5][0x0][0x0][0x0][0xff][0xff]"
01:28:11.399 [main] DEBUG org.apache.http.wire --  << "[\r][\n]"
01:28:11.399 [main] DEBUG org.apache.http.wire --  << "BD[\r][\n]"
01:28:11.399 [main] DEBUG org.apache.http.wire --  << "2[0xb7]4[0xa6][b7FL[0x0][0xd3]z[0xa1][0x88]%[0xd2]t[0x1c][0xed][0xed][0xa2][0xd7][0xc0][0xb2]%[0xd2][0x84][0x1c]d5>[0xcd]n~4[0xb7]D[0x9a][0x92][0xc3]c[0x17]b[0x10][0x91][0xd8]3 [0xcd]-[0xe9]6[0x5]gI[0xb7][0x89]1K[0xba]m[0x86][0xa6][0xdb][\r][0x15][0xe6]t[0xbb][0xa1][0xc2][0x9c]n[0xf7]F[0x98]#[0xdf][0x1b][0x81]'U[0xe3][0x1b][0x1c]%>[0x9d]#[\r][0xf6][0xe3][0xb1][0x8b][0x9c][0x1c][0x84]tS[0x4][0x1e][0x93][0xa9][0xe4][0xb]DM[0x84][0xc7].[0xb2]|[0x81][0xa8]yh[0xb9][0xc4][0xce][0x12]y.[0x1][0xb2][0xa4][0x88]v[0xb][0x8f],M[0x11][0x95]\0[0xed]-C[0xc]L[0xd2][0xbc][0x96]C[0xba][0x8b][0x82][0xf6]v![0x6]'i[0x9b]2[0x10]C)4[0xb5][0x7][0xe9]&[\n]"
01:28:11.399 [main] DEBUG org.apache.http.wire --  << "[0xda][0xda]C[0xaf][0xa9][0xb]K[0xd4][0xf5][0x1][0xb4][0xec][0x9e]#m[0xd1][0xb][0xce][0xcf][0x3][0x0][0x0][0x0][0xff][0xff]"
01:28:11.399 [main] DEBUG org.apache.http.wire --  << "[\r][\n]"
01:28:11.399 [main] DEBUG org.apache.http.wire --  << "1AA[\r][\n]"
01:28:11.399 [main] DEBUG org.apache.http.wire --  << "[0xa2][0xa9]Mtk[0xc7][0xa1][0xde][0x5]@[0xc3]n[0x4][0xd2][0xfc][0x1c][0xcd]3-[0xd2]e[0x0][0xb4][0xb7][0xb][0xa9][0x94][0xa5]m[0xa2][0xa0][0xdb][0xba][0x7]K[0xa4]u[0xf]4N[0xe8]H'[0x10][0xd2][0xd8]&[0xba][0xcd][0xda]Z[0xd2]m.[0xd5][0x92]ns[0xa9][0x96][0x16]t[0x1b][0x1d][0xc2]r[0xa4]"[0x8d][0xc6]u[0x91][0x8e]h[0xa1]q[0xda]C:[0x99][0x85][0xd6]6![0x9a][0xc8][0xb4][0xb6][0x89]n)[0x2][0xe9][0xd0]dZ[0x9c][0x89][0x85]|[\r][0x0]M[0xc3][0xcc][0x2][0xbc]g[0x0]z[0x2][\n]"
01:28:11.399 [main] DEBUG org.apache.http.wire --  << "[0xad]m[0xa2]S:[0xb0]0@[0xba]Q[0x9e][0xd6]~Bt1hm[0x13][0xa2][0xd1]Oc[0x9b][0xe8]5[0xaf]ia@[0xaf][0xdd]][0x16][0x6][0xf4][0x9a][0x3][0xb4]0[0xa0][0xee][0xf9][0xa7][0xb8][0x8f][0x96][0xb3][0xc0]v[0xa2]>Mj%[0xb][0x3]z[0xcd]-Y[0x18][0x18][0xd1][0xa9][0x4][0xb7]0[0xa0][0xd7][0x16]([0xb][0x3]#[0xba][0xe5]\zm[0xb6][0xb2]0[0xa0][0xd7]f+[0xb][0x3][0xa4]i[0x11][0x1a][0x97]{HC[0xfa]4[0xb6][0x9]i8<[0xc8][0xdf][0x1d]#[0xd3][0xba][0xe5][0x17])[0xa4]'[0xe6]f[0xe6][0xa5][0xa3][0x8c][0x1b][0x1a][0x80][0xeb]j"v[0x8c]X[0x18][0xa0]nD[0xa1][0xdd][0xa8][0x80][0x85][0x1][0xea][0xde][0x14][0x90]M[0xc6][0x18][0xfe][0xc1]7[0xd2]J[0xec][0x89]>[0x16][0x6][0x98][0xf7]4c[0xda][0x84][0x8]/[0x12][0xcc][0xc5][0xc8][0x9e][0xf8][0xcc]5[0xd0]Q"*[0x6][0x90]F[0xb7]i[0x9c][0x98][0x90]F[0xbb]im[0x13][0x9d][0x86][0x15],[0xc][0xe8]u[0x87][0xb0][0x85][0x1][0xd2][0xd8]#[0x8d]C[0x8f]^7[0xc6]Z[0x18][0xd0]k)[0xbd][0x85][0x1][0xbd]nW[0xb5]0[0xa0][0xd7][0x9d][0xa7][0x16][0x6][0xa8][0xa3][0x8f][0xa0][0x12][0xcd][0x94]F%[0x1a][0xd2][0x90] [0x8d][0xd3][0x1e][0xd2]ih[0xb4][0xb6][0x9][0xa3]4[0xa5]U[0xe8][0xd1]k[0xf0][0xcc][0xc2][0x80]^[0x83]g[0x16][0x6][0xf4][0x1a][0xd2][0xb2]0[0xa0][0xd7][0x90][0x96][0x85][0x1][0xbd][0x86][0xb4],[0xc][0xe8]5[0xa4]ea@[0xaf][0x3][0xce],[0xc][0xe8]u[0xc0][0x99][0x85][0x1][0xbd][0x16][0xed][[0x18]`[0xde][0xa6][0x9][0x0][0x0][0x0][0xff][0xff]"
01:28:11.399 [main] DEBUG org.apache.http.wire --  << "[\r][\n]"
01:28:11.399 [main] DEBUG org.apache.http.wire --  << "206[\r][\n]"
01:28:11.399 [main] DEBUG org.apache.http.wire --  << "[0xa2]U[0x19][0x1][0xda]bM[0x97][0xc1]-C[0xa4][0xbb]"[0x3][0x82][\r][0x8d]hSc[0x18][0xd2]m`[0xb][0xdb]%c[0xb4][0xf2][0x13][0xbd][0x86][0xd0][0xc][0xe9][0xb5][0x9][0xc1][0xc2][0x90]nCh[0x86]t[0x1b]BC[0xbe][0xc5][0x8c][0xb6]m[0x8]CCz[0xf5]3[0xc][0xe9]6XgH[0xaf][0x5][0xfb][0x16][0x86][0xf4]Z[0xb0]oaH[0xaf][0x5][0xfb][0x16][0x86][0xf4]Z[0xb0]oaH[0xaf][0x5][0xfb][0x16][0x86]t[0x1b]T5[0xa4][0xd7]!V[0x16][0x86]$[\r][0xdf][0x92]{u[0x8f][0x85]!I[0xab][0xf5])[0xb0][0x86]n5[0x13][0xd2][0xa6][0x0][0x1a][0x97][0xad]H[0x3][0xb7]4\keaH[0xaf]3[0xb2],[0xc][0x91]N[0xae][0xa2]u[0xd8][0x91]R/[0x91][0x9f][0xec][0x90][0x16][0xe7][0xd3]6[0x8a][0x10][0xb][0xba]hk[0xf]bH[0x80][0xb6][0xf6][0xd0]e[0xb9][0xa2][0x85]![0xd2][0x2]}[0x9a][0xfa][0x7][0xe9][0x84],[0xda][0xda][0x83][0x98][0x97][0xc7][0xb3][0x84][0x19][0xdf] >[0xb1][0x8b][0xbe]-[0xc][0x91]f>[0xf0][0xd8][0x85][0x18][0xc6]'[0xc1]d[0xc4][0xcc]!mC[0x8b][0x94]B[0x80][0x82][0xc3][0xff],[0xc]QO[0xe3][0xa2][0xe1]@[0xa4]![0xd2][0xd4][\n]"
01:28:11.399 [main] DEBUG org.apache.http.wire --  << "m[0xc3][0x8e]N%[0x81][0x9][0x9d]J[0x2][0xa4]I[0x1e][0x9a][0x86][0x1b][0xd2][0x14][0xf]m[0xed]A[0x94][0x4][0xb4][0xb5][0x87].[[0x1b],[0xc][0x91][0xb6]6[0xd0][0xd6]?[0x88]2[0x81][0xb6][0xf6] [0x1a][0xa4][0xb4][0xb5][0x87]N-[0x3]S:[0x95][0x7][0xa6]t*[0xf][0x90]&[0x13]][0xf2][0xb3]KR[0x8b][0x14]<R[0xcb][0x13][0xf3]H[0x1a]83[0x4]M[0xf3][0xe3][0x9b]e[0x86][0xde]Glh[0x80]4[0xa1][0xe8]][0x9a][0x9c][0x99][0x97][0xae][0xe0]_[0x94][0x8a]iYd[0xa2][0x82]cnA)[0xe8]&[0xa8]L[0x85][0x9c][0xd2][0xe4]R[0x85][0xa4][0xc4][0xbc][0xf4][0xd4][0x92][0x92][0x12]E[0xe4];[0x8a]-[0xc][0x91][0xe]e[0xa4]i[0xea]B:[0xa5][0x91][0xb6][0xf6] J[0x19][0x1a]w[0xc][0x90]b[0x82][0xb6]>[0xa2]S9C[0xb7][0x9]dC[0xa4]S'i[0x1b]r[0x88][0x92][0x86][0xd6]i[0x81]Ne[\r][0xd2][0x84]8MC[0x8e]^[0xa7][0xe5]Y[0x18]"M[0xbc][0xd3][0xd6]Gt+[0x17][0x90]&[0xf8]i[0xeb]#D[0xb9]@[0xe3][0xd4][0x8d][0xb4][0x90][0x80][0xb6]>B[0xb4]@[0xe8]sJ[0x86][0x85]![0xd2][0xb6][0x1f][0x9a]z[0x8d]n[0xeb][0x16][0xc][0x91]n[0x84][0xa6]q[0xb2][0xa0][0xdb][\n]"
01:28:11.399 [main] DEBUG org.apache.http.wire --  << "[0x9]Czm/[0xb2]0[0xa4][0xdb]Z[0xc]Cz[0x1d][0xd5]haH[0xb7]U[0x1f][0x86][0xa4][0x1d][0xd5][0x8][0x0][0x0][0x0][0xff][0xff]"
01:28:11.399 [main] DEBUG org.apache.http.wire --  << "[\r][\n]"
01:28:11.399 [main] DEBUG org.apache.http.wire --  << "CD[\r][\n]"
01:28:11.399 [main] DEBUG org.apache.http.wire --  << "[0xca]W [0xb8][0x94]n[0xeb]K[0xc][0x91][0x8e]j[0xa4]i[0x9][0x81][0xb4][0x8e][0x85][0xb6][0xf6] [0xf6]C[0xd3][0xd6][0x1e][0xc4][0xb0][0x2][0x8d][0xcb]![0xda][0xae][0x96][0x81][0xf5][0xbc][0x8c][0x91][0x16]{[0xc0][0xd7]i[0xbb][0xa4][0x16]'[0x17]e[0x16][0x94]d[0xe6][0x83][0xce][0xf]N[0x83]/[0xe1]V((-*[0xc8]/N-F[0xed]lY"[0x86]+i[0x10]&Tu)[0xdd][0x1a][0x17]H[0x9b][0xea]h[0x10]&[0xb1][0xb5]:[0x90]`[0xb1][0xb0]0[0xa4][0xdb][\n]"
01:28:11.399 [main] DEBUG org.apache.http.wire --  << "$Cz[0x1d]Pja[0x88][0xb4][0xd6][0x89][0x96][0xb9][0xd9][0x8][0xe9]2B[0xda][0xda]C[0x9f][0xd2][0xc9][0x8][0xe9]"B[0xda][0xfa][0x87]^[0xdd][0xe]#[0xa4]Ub4[0xd8][0x9c]jad[0x80][0x18][0x86][0xa4]m>5[0xa2][0xd7][0x1][0xb5][0x16]FH[0xd7][0xf4][0xd1][0xd8]Ot[[0x1b]fD[0xb7][0xb5]aF[0xf4][0xba]<[0xcf][0xc2][0x88]nk[0xc3][0x8c][0xe8][0xb6]6[0xcc][0x88][0xd6]+[0xb6]bk[0xb9][0x0][0x0][0x0][0x0][0xff][0xff]"
01:28:11.399 [main] DEBUG org.apache.http.wire --  << "[\r][\n]"
01:28:11.399 [main] DEBUG org.apache.http.wire --  << "A[\r][\n]"
01:28:11.399 [main] DEBUG org.apache.http.wire --  << "[0x3][0x0][0xd4]FU[0xc1][0x6]'[0x3][0x0]"
01:28:11.399 [main] DEBUG org.apache.http.wire --  << "[\r][\n]"
01:28:11.399 [main] DEBUG org.apache.http.wire --  << "0[\r][\n]"
01:28:11.399 [main] DEBUG org.apache.http.wire --  << "[\r][\n]"
01:28:11.399 [main] DEBUG io.restassured.internal.RestAssuredHttpBuilder -- Parsed data to instance of: class org.apache.http.conn.EofSensorInputStream
01:28:11.401 [main] DEBUG org.apache.http.impl.conn.BasicClientConnectionManager -- Releasing connection org.apache.http.impl.conn.ManagedClientConnectionImpl@54af9cce
01:28:11.401 [main] DEBUG org.apache.http.impl.conn.BasicClientConnectionManager -- Connection can be kept alive indefinitely
01:28:11.428 [Finalizer] DEBUG org.apache.http.impl.conn.DefaultClientConnection -- Connection 0.0.0.0:55374<->149.248.193.56:443 closed
01:28:11.428 [Finalizer] DEBUG org.apache.http.impl.conn.DefaultClientConnection -- Connection 0.0.0.0:55373<->149.248.193.56:443 closed
01:28:11.429 [Finalizer] DEBUG org.apache.http.impl.conn.DefaultClientConnection -- Connection 0.0.0.0:55372<->149.248.193.56:443 closed
01:28:11.429 [Finalizer] DEBUG org.apache.http.impl.conn.DefaultClientConnection -- Connection 0.0.0.0:55371<->149.248.193.56:443 closed
01:28:11.465 [main] DEBUG net.thucydides.core.steps.StepInterceptor -- STEP DONE: I GET HTTP request with valid endpoints all products
  &amp#27;[32mWhen &amp#27;[0m&amp#27;[32mI GET HTTP request with valid endpoints all products&amp#27;[0m   &amp#27;[90m# starter.stepdefinition.ProductsSteps.getHTTPRequestWithValidEndpointsAllProducts()&amp#27;[0m
01:28:11.468 [main] DEBUG net.thucydides.core.steps.StepInterceptor -- STARTING STEP: ProductsSteps.receiveResponseCode200ForGetAllProducts - I receive valid HTTP response 200 for get all products
01:28:11.468 [main] DEBUG net.thucydides.core.steps.StepInterceptor -- STEP DONE: I receive valid HTTP response 200 for get all products
  &amp#27;[32mThen &amp#27;[0m&amp#27;[32mI receive valid HTTP response 200 for get all products&amp#27;[0m &amp#27;[90m# starter.stepdefinition.ProductsSteps.receiveResponseCode200ForGetAllProducts()&amp#27;[0m
01:28:11.469 [main] INFO  -- 
  _____   ___   ___   _____     ___     _     ___   ___   ___   ___  
 |_   _| | __| / __| |_   _|   | _ \   /_\   / __| / __| | __| |   \ 
   | |   | _|  \__ \   | |     |  _/  / _ \  \__ \ \__ \ | _|  | |) |
   |_|   |___| |___/   |_|     |_|   /_/ \_\ |___/ |___/ |___| |___/ 

TC37 - Get all products
----------------------------------------------------------------------
]]></system-out>
  </testcase>
  <testcase name="TC38 - Get all products using invalid endpoints" classname="[05_Automation] - Product" time="0.123">
    <system-out><![CDATA[
Scenario: TC38 - Get all products using invalid endpoints                             &amp#27;[90m# src/test/resources/Products.feature:8&amp#27;[0m
01:28:11.474 [main] INFO io.cucumber.core.plugin.SerenityReporter -- Running feature from file:///D:/TaksAlterra/MiniProject/MiniProject_API/src/test/resources/Products.feature
01:28:11.474 [main] WARN io.cucumber.core.plugin.SerenityReporter -- Feature from file:///D:/TaksAlterra/MiniProject/MiniProject_API/src/test/resources/Products.feature is not under the 'features' directory. Requirements report will not be correctly generated!
01:28:11.475 [main] INFO  -- 
  _____   ___   ___   _____     ___   _____     _     ___   _____   ___   ___  
 |_   _| | __| / __| |_   _|   / __| |_   _|   /_\   | _ \ |_   _| | __| |   \ 
   | |   | _|  \__ \   | |     \__ \   | |    / _ \  |   /   | |   | _|  | |) |
   |_|   |___| |___/   |_|     |___/   |_|   /_/ \_\ |_|_\   |_|   |___| |___/ 

TC38 - Get all products using invalid endpoints([05-automation]---product;tc38---get-all-products-using-invalid-endpoints)
--------------------------------------------------------------------------------
01:28:11.482 [main] DEBUG net.thucydides.core.steps.StepInterceptor -- STARTING STEP: ProductsSteps.getAllProductsEndpoints2 - I GET all products endpoints 2
01:28:11.482 [main] DEBUG net.thucydides.core.steps.StepInterceptor -- STEP DONE: I GET all products endpoints 2
  &amp#27;[32mGiven &amp#27;[0m&amp#27;[32mI GET all products endpoints 2&amp#27;[0m                                                &amp#27;[90m# starter.stepdefinition.ProductsSteps.getAllProductsEndpoints2()&amp#27;[0m
01:28:11.485 [main] DEBUG net.thucydides.core.steps.StepInterceptor -- STARTING STEP: ProductsSteps.getHTTPRequestWithInvalidEndpoints - I GET HTTP request with invalid endpoints
01:28:11.486 [main] DEBUG net.thucydides.core.steps.StepInterceptor -- STARTING STEP: Products.getHTTPRequestWithInvalidEndpoints - I GET all products endpoints 2
01:28:11.486 [main] DEBUG net.thucydides.core.steps.StepInterceptor -- STEP DONE: I GET all products endpoints 2
01:28:11.493 [main] DEBUG org.apache.http.impl.conn.BasicClientConnectionManager -- Get connection for route {s}->https://altashop-api.fly.dev:443
01:28:11.493 [main] DEBUG org.apache.http.impl.conn.DefaultClientConnectionOperator -- Connecting to altashop-api.fly.dev:443
01:28:11.557 [main] DEBUG org.apache.http.client.protocol.RequestAddCookies -- CookieSpec selected: ignoreCookies
01:28:11.557 [main] DEBUG org.apache.http.client.protocol.RequestAuthCache -- Auth cache not set in the context
01:28:11.557 [main] DEBUG org.apache.http.client.protocol.RequestTargetAuthentication -- Target auth state: UNCHALLENGED
01:28:11.557 [main] DEBUG org.apache.http.client.protocol.RequestProxyAuthentication -- Proxy auth state: UNCHALLENGED
01:28:11.557 [main] DEBUG org.apache.http.impl.client.DefaultHttpClient -- Attempt 1 to execute request
01:28:11.557 [main] DEBUG org.apache.http.impl.conn.DefaultClientConnection -- Sending request: GET /api/product HTTP/1.1
01:28:11.557 [main] DEBUG org.apache.http.wire --  >> "GET /api/product HTTP/1.1[\r][\n]"
01:28:11.557 [main] DEBUG org.apache.http.wire --  >> "Accept: */*[\r][\n]"
01:28:11.557 [main] DEBUG org.apache.http.wire --  >> "Host: altashop-api.fly.dev[\r][\n]"
01:28:11.557 [main] DEBUG org.apache.http.wire --  >> "Connection: Keep-Alive[\r][\n]"
01:28:11.557 [main] DEBUG org.apache.http.wire --  >> "User-Agent: Apache-HttpClient/4.5.13 (Java/17.0.8)[\r][\n]"
01:28:11.557 [main] DEBUG org.apache.http.wire --  >> "Accept-Encoding: gzip,deflate[\r][\n]"
01:28:11.557 [main] DEBUG org.apache.http.wire --  >> "[\r][\n]"
01:28:11.557 [main] DEBUG org.apache.http.headers -- >> GET /api/product HTTP/1.1
01:28:11.557 [main] DEBUG org.apache.http.headers -- >> Accept: */*
01:28:11.557 [main] DEBUG org.apache.http.headers -- >> Host: altashop-api.fly.dev
01:28:11.557 [main] DEBUG org.apache.http.headers -- >> Connection: Keep-Alive
01:28:11.557 [main] DEBUG org.apache.http.headers -- >> User-Agent: Apache-HttpClient/4.5.13 (Java/17.0.8)
01:28:11.557 [main] DEBUG org.apache.http.headers -- >> Accept-Encoding: gzip,deflate
01:28:11.581 [main] DEBUG org.apache.http.wire --  << "HTTP/1.1 404 Not Found[\r][\n]"
01:28:11.581 [main] DEBUG org.apache.http.wire --  << "date: Thu, 02 Nov 2023 18:28:13 GMT[\r][\n]"
01:28:11.581 [main] DEBUG org.apache.http.wire --  << "content-encoding: gzip[\r][\n]"
01:28:11.581 [main] DEBUG org.apache.http.wire --  << "content-type: text/plain; charset=utf-8[\r][\n]"
01:28:11.581 [main] DEBUG org.apache.http.wire --  << "transfer-encoding: chunked[\r][\n]"
01:28:11.581 [main] DEBUG org.apache.http.wire --  << "server: Fly/7328d5b5 (2023-10-27)[\r][\n]"
01:28:11.581 [main] DEBUG org.apache.http.wire --  << "via: 1.1 fly.io[\r][\n]"
01:28:11.581 [main] DEBUG org.apache.http.wire --  << "fly-request-id: 01HE8MNZPH1XYFFJ4DD87394NX-sin[\r][\n]"
01:28:11.581 [main] DEBUG org.apache.http.wire --  << "[\r][\n]"
01:28:11.581 [main] DEBUG org.apache.http.impl.conn.DefaultClientConnection -- Receiving response: HTTP/1.1 404 Not Found
01:28:11.581 [main] DEBUG org.apache.http.headers -- << HTTP/1.1 404 Not Found
01:28:11.581 [main] DEBUG org.apache.http.headers -- << date: Thu, 02 Nov 2023 18:28:13 GMT
01:28:11.581 [main] DEBUG org.apache.http.headers -- << content-encoding: gzip
01:28:11.581 [main] DEBUG org.apache.http.headers -- << content-type: text/plain; charset=utf-8
01:28:11.581 [main] DEBUG org.apache.http.headers -- << transfer-encoding: chunked
01:28:11.581 [main] DEBUG org.apache.http.headers -- << server: Fly/7328d5b5 (2023-10-27)
01:28:11.581 [main] DEBUG org.apache.http.headers -- << via: 1.1 fly.io
01:28:11.581 [main] DEBUG org.apache.http.headers -- << fly-request-id: 01HE8MNZPH1XYFFJ4DD87394NX-sin
01:28:11.581 [main] DEBUG org.apache.http.impl.client.DefaultHttpClient -- Connection can be kept alive indefinitely
01:28:11.581 [main] DEBUG io.restassured.internal.RestAssuredHttpBuilder -- Parsing response as: text/plain; charset=utf-8
01:28:11.581 [main] DEBUG org.apache.http.wire --  << "1E[\r][\n]"
01:28:11.581 [main] DEBUG org.apache.http.wire --  << "[0x1f][0x8b][0x8][0x0][0x0][0x0][0x0][0x0][0x4][0xff][0xcb][0xcb]/QH[0xcb]/[0xcd]K[0xe1][0x2][0x0][0xd4]I[0xfa]r[\n]"
01:28:11.581 [main] DEBUG org.apache.http.wire --  << "[0x0][0x0][0x0]"
01:28:11.581 [main] DEBUG org.apache.http.wire --  << "[\r][\n]"
01:28:11.581 [main] DEBUG org.apache.http.wire --  << "0[\r][\n]"
01:28:11.581 [main] DEBUG org.apache.http.wire --  << "[\r][\n]"
01:28:11.581 [main] DEBUG io.restassured.internal.RestAssuredHttpBuilder -- Parsed data to instance of: class org.apache.http.conn.EofSensorInputStream
01:28:11.583 [main] DEBUG org.apache.http.impl.conn.BasicClientConnectionManager -- Releasing connection org.apache.http.impl.conn.ManagedClientConnectionImpl@32be672d
01:28:11.583 [main] DEBUG org.apache.http.impl.conn.BasicClientConnectionManager -- Connection can be kept alive indefinitely
01:28:11.583 [main] DEBUG net.thucydides.core.steps.StepInterceptor -- STEP DONE: I GET HTTP request with invalid endpoints
  &amp#27;[32mWhen &amp#27;[0m&amp#27;[32mI GET HTTP request with invalid endpoints&amp#27;[0m                                      &amp#27;[90m# starter.stepdefinition.ProductsSteps.getHTTPRequestWithInvalidEndpoints()&amp#27;[0m
01:28:11.589 [main] DEBUG net.thucydides.core.steps.StepInterceptor -- STARTING STEP: ProductsSteps.receiveResponseCode404ForGetAllProductUsingInvalidEndpoints - I receive valid HTTP response 404 for get all products using invalid endpoints
01:28:11.590 [main] DEBUG net.thucydides.core.steps.StepInterceptor -- STEP DONE: I receive valid HTTP response 404 for get all products using invalid endpoints
  &amp#27;[32mThen &amp#27;[0m&amp#27;[32mI receive valid HTTP response 404 for get all products using invalid endpoints&amp#27;[0m &amp#27;[90m# starter.stepdefinition.ProductsSteps.receiveResponseCode404ForGetAllProductUsingInvalidEndpoints()&amp#27;[0m
01:28:11.592 [main] INFO  -- 
  _____   ___   ___   _____     ___     _     ___   ___   ___   ___  
 |_   _| | __| / __| |_   _|   | _ \   /_\   / __| / __| | __| |   \ 
   | |   | _|  \__ \   | |     |  _/  / _ \  \__ \ \__ \ | _|  | |) |
   |_|   |___| |___/   |_|     |_|   /_/ \_\ |___/ |___/ |___| |___/ 

TC38 - Get all products using invalid endpoints
----------------------------------------------------------------------
]]></system-out>
  </testcase>
  <testcase name="TC39 - Add new products" classname="[05_Automation] - Product" time="0.107">
    <system-out><![CDATA[
Scenario: TC39 - Add new products                             &amp#27;[90m# src/test/resources/Products.feature:13&amp#27;[0m
01:28:11.597 [main] INFO io.cucumber.core.plugin.SerenityReporter -- Running feature from file:///D:/TaksAlterra/MiniProject/MiniProject_API/src/test/resources/Products.feature
01:28:11.597 [main] WARN io.cucumber.core.plugin.SerenityReporter -- Feature from file:///D:/TaksAlterra/MiniProject/MiniProject_API/src/test/resources/Products.feature is not under the 'features' directory. Requirements report will not be correctly generated!
01:28:11.598 [main] INFO  -- 
  _____   ___   ___   _____     ___   _____     _     ___   _____   ___   ___  
 |_   _| | __| / __| |_   _|   / __| |_   _|   /_\   | _ \ |_   _| | __| |   \ 
   | |   | _|  \__ \   | |     \__ \   | |    / _ \  |   /   | |   | _|  | |) |
   |_|   |___| |___/   |_|     |___/   |_|   /_/ \_\ |_|_\   |_|   |___| |___/ 

TC39 - Add new products([05-automation]---product;tc39---add-new-products)
--------------------------------------------------------------------------------
01:28:11.602 [main] DEBUG net.thucydides.core.steps.StepInterceptor -- STARTING STEP: ProductsSteps.postAddNewProductsEndpoints - I POST add new products endpoints
01:28:11.602 [main] DEBUG net.thucydides.core.steps.StepInterceptor -- STEP DONE: I POST add new products endpoints
  &amp#27;[32mGiven &amp#27;[0m&amp#27;[32mI POST add new products endpoints&amp#27;[0m                     &amp#27;[90m# starter.stepdefinition.ProductsSteps.postAddNewProductsEndpoints()&amp#27;[0m
01:28:11.603 [main] DEBUG net.thucydides.core.steps.StepInterceptor -- STARTING STEP: ProductsSteps.postHTTPRequestForAddNewProducts - I POST HTTP request for add new products
01:28:11.604 [main] DEBUG net.thucydides.core.steps.StepInterceptor -- STARTING STEP: Products.postHTTPRequestForAddNewProducts - I POST add new products endpoints
01:28:11.604 [main] DEBUG net.thucydides.core.steps.StepInterceptor -- STEP DONE: I POST add new products endpoints
01:28:11.607 [main] DEBUG org.apache.http.impl.conn.BasicClientConnectionManager -- Get connection for route {s}->https://altashop-api.fly.dev:443
01:28:11.607 [main] DEBUG org.apache.http.impl.conn.DefaultClientConnectionOperator -- Connecting to altashop-api.fly.dev:443
01:28:11.663 [main] DEBUG org.apache.http.client.protocol.RequestAddCookies -- CookieSpec selected: ignoreCookies
01:28:11.663 [main] DEBUG org.apache.http.client.protocol.RequestAuthCache -- Auth cache not set in the context
01:28:11.663 [main] DEBUG org.apache.http.client.protocol.RequestTargetAuthentication -- Target auth state: UNCHALLENGED
01:28:11.663 [main] DEBUG org.apache.http.client.protocol.RequestProxyAuthentication -- Proxy auth state: UNCHALLENGED
01:28:11.663 [main] DEBUG org.apache.http.impl.client.DefaultHttpClient -- Attempt 1 to execute request
01:28:11.663 [main] DEBUG org.apache.http.impl.conn.DefaultClientConnection -- Sending request: POST /api/products HTTP/1.1
01:28:11.663 [main] DEBUG org.apache.http.wire --  >> "POST /api/products HTTP/1.1[\r][\n]"
01:28:11.663 [main] DEBUG org.apache.http.wire --  >> "Accept: */*[\r][\n]"
01:28:11.663 [main] DEBUG org.apache.http.wire --  >> "Content-Type: application/json[\r][\n]"
01:28:11.663 [main] DEBUG org.apache.http.wire --  >> "Content-Length: 83[\r][\n]"
01:28:11.663 [main] DEBUG org.apache.http.wire --  >> "Host: altashop-api.fly.dev[\r][\n]"
01:28:11.663 [main] DEBUG org.apache.http.wire --  >> "Connection: Keep-Alive[\r][\n]"
01:28:11.664 [main] DEBUG org.apache.http.wire --  >> "User-Agent: Apache-HttpClient/4.5.13 (Java/17.0.8)[\r][\n]"
01:28:11.664 [main] DEBUG org.apache.http.wire --  >> "Accept-Encoding: gzip,deflate[\r][\n]"
01:28:11.664 [main] DEBUG org.apache.http.wire --  >> "[\r][\n]"
01:28:11.664 [main] DEBUG org.apache.http.headers -- >> POST /api/products HTTP/1.1
01:28:11.664 [main] DEBUG org.apache.http.headers -- >> Accept: */*
01:28:11.664 [main] DEBUG org.apache.http.headers -- >> Content-Type: application/json
01:28:11.664 [main] DEBUG org.apache.http.headers -- >> Content-Length: 83
01:28:11.664 [main] DEBUG org.apache.http.headers -- >> Host: altashop-api.fly.dev
01:28:11.664 [main] DEBUG org.apache.http.headers -- >> Connection: Keep-Alive
01:28:11.664 [main] DEBUG org.apache.http.headers -- >> User-Agent: Apache-HttpClient/4.5.13 (Java/17.0.8)
01:28:11.664 [main] DEBUG org.apache.http.headers -- >> Accept-Encoding: gzip,deflate
01:28:11.664 [main] DEBUG org.apache.http.wire --  >> "{"price":299,"name":"Sony PS5","description":"play has no limits","categories":[1]}"
01:28:11.693 [main] DEBUG org.apache.http.wire --  << "HTTP/1.1 200 OK[\r][\n]"
01:28:11.694 [main] DEBUG org.apache.http.wire --  << "content-type: application/json[\r][\n]"
01:28:11.694 [main] DEBUG org.apache.http.wire --  << "date: Thu, 02 Nov 2023 18:28:13 GMT[\r][\n]"
01:28:11.694 [main] DEBUG org.apache.http.wire --  << "content-encoding: gzip[\r][\n]"
01:28:11.694 [main] DEBUG org.apache.http.wire --  << "transfer-encoding: chunked[\r][\n]"
01:28:11.694 [main] DEBUG org.apache.http.wire --  << "server: Fly/7328d5b5 (2023-10-27)[\r][\n]"
01:28:11.694 [main] DEBUG org.apache.http.wire --  << "via: 1.1 fly.io[\r][\n]"
01:28:11.694 [main] DEBUG org.apache.http.wire --  << "fly-request-id: 01HE8MNZSTFGM9XP70WSFK38FH-sin[\r][\n]"
01:28:11.694 [main] DEBUG org.apache.http.wire --  << "[\r][\n]"
01:28:11.694 [main] DEBUG org.apache.http.impl.conn.DefaultClientConnection -- Receiving response: HTTP/1.1 200 OK
01:28:11.694 [main] DEBUG org.apache.http.headers -- << HTTP/1.1 200 OK
01:28:11.694 [main] DEBUG org.apache.http.headers -- << content-type: application/json
01:28:11.694 [main] DEBUG org.apache.http.headers -- << date: Thu, 02 Nov 2023 18:28:13 GMT
01:28:11.694 [main] DEBUG org.apache.http.headers -- << content-encoding: gzip
01:28:11.694 [main] DEBUG org.apache.http.headers -- << transfer-encoding: chunked
01:28:11.694 [main] DEBUG org.apache.http.headers -- << server: Fly/7328d5b5 (2023-10-27)
01:28:11.694 [main] DEBUG org.apache.http.headers -- << via: 1.1 fly.io
01:28:11.694 [main] DEBUG org.apache.http.headers -- << fly-request-id: 01HE8MNZSTFGM9XP70WSFK38FH-sin
01:28:11.694 [main] DEBUG org.apache.http.impl.client.DefaultHttpClient -- Connection can be kept alive indefinitely
01:28:11.694 [main] DEBUG io.restassured.internal.RestAssuredHttpBuilder -- Parsing response as: application/json
01:28:11.694 [main] DEBUG org.apache.http.wire --  << "87[\r][\n]"
01:28:11.694 [main] DEBUG org.apache.http.wire --  << "[0x1f][0x8b][0x8][0x0][0x0][0x0][0x0][0x0][0x4][0xff][0xab]VJI,IT[0xb2][0xaa]V[0xf2]tQ[0xb2][0xb2][0xb0]022[0xd0]Q[0xf2]K[0xcc]MU[0xb2]R[\n]"
01:28:11.694 [main] DEBUG org.apache.http.wire --  << "[0xce][0xcf][0xab]T[0x8][0x8]6U[0xd2]QrI-N.[0xca],([0xc9][0xcc][0xcf]S[0xb2]R*[0xc8]I[0xac]T[0xc8]H,V[0xc8][0xcb]W[0xc8][0xc9][0xcc][0xcd],)V[0xd2]Q[\n]"
01:28:11.694 [main] DEBUG org.apache.http.wire --  << "([0xca]LNU[0xb2]2[0xb2][0xb4][0xd4]Q[\n]"
01:28:11.694 [main] DEBUG org.apache.http.wire --  << "J,[0xc9][0xcc]K/V[0xb2]2[0xd0]QrN,IM[0xcf]/[0xca]L-V[0xb2][0x8a][0x8e][0xad][0xad][0xe5][0x2][0x0][0x1f][0x0][0xaf][0x9]s[0x0][0x0][0x0]"
01:28:11.694 [main] DEBUG org.apache.http.wire --  << "[\r][\n]"
01:28:11.694 [main] DEBUG org.apache.http.wire --  << "0[\r][\n]"
01:28:11.694 [main] DEBUG org.apache.http.wire --  << "[\r][\n]"
01:28:11.694 [main] DEBUG io.restassured.internal.RestAssuredHttpBuilder -- Parsed data to instance of: class org.apache.http.conn.EofSensorInputStream
01:28:11.695 [main] DEBUG org.apache.http.impl.conn.BasicClientConnectionManager -- Releasing connection org.apache.http.impl.conn.ManagedClientConnectionImpl@329b4b8b
01:28:11.695 [main] DEBUG org.apache.http.impl.conn.BasicClientConnectionManager -- Connection can be kept alive indefinitely
01:28:11.695 [main] DEBUG net.thucydides.core.steps.StepInterceptor -- STEP DONE: I POST HTTP request for add new products
  &amp#27;[32mWhen &amp#27;[0m&amp#27;[32mI POST HTTP request for add new products&amp#27;[0m               &amp#27;[90m# starter.stepdefinition.ProductsSteps.postHTTPRequestForAddNewProducts()&amp#27;[0m
01:28:11.697 [main] DEBUG net.thucydides.core.steps.StepInterceptor -- STARTING STEP: ProductsSteps.receiveResponseCode200ForAddNewProducts - I receive valid HTTP response 200 for add new products
01:28:11.698 [main] DEBUG net.thucydides.core.steps.StepInterceptor -- STEP DONE: I receive valid HTTP response 200 for add new products
  &amp#27;[32mThen &amp#27;[0m&amp#27;[32mI receive valid HTTP response 200 for add new products&amp#27;[0m &amp#27;[90m# starter.stepdefinition.ProductsSteps.receiveResponseCode200ForAddNewProducts()&amp#27;[0m
01:28:11.699 [main] INFO  -- 
  _____   ___   ___   _____     ___     _     ___   ___   ___   ___  
 |_   _| | __| / __| |_   _|   | _ \   /_\   / __| / __| | __| |   \ 
   | |   | _|  \__ \   | |     |  _/  / _ \  \__ \ \__ \ | _|  | |) |
   |_|   |___| |___/   |_|     |_|   /_/ \_\ |___/ |___/ |___| |___/ 

TC39 - Add new products
----------------------------------------------------------------------
]]></system-out>
  </testcase>
  <testcase name="TC40 - Add new products without name payload" classname="[05_Automation] - Product" time="0.11">
    <system-out><![CDATA[
Scenario: TC40 - Add new products without name payload                             &amp#27;[90m# src/test/resources/Products.feature:18&amp#27;[0m
01:28:11.706 [main] INFO io.cucumber.core.plugin.SerenityReporter -- Running feature from file:///D:/TaksAlterra/MiniProject/MiniProject_API/src/test/resources/Products.feature
01:28:11.706 [main] WARN io.cucumber.core.plugin.SerenityReporter -- Feature from file:///D:/TaksAlterra/MiniProject/MiniProject_API/src/test/resources/Products.feature is not under the 'features' directory. Requirements report will not be correctly generated!
01:28:11.709 [main] INFO  -- 
  _____   ___   ___   _____     ___   _____     _     ___   _____   ___   ___  
 |_   _| | __| / __| |_   _|   / __| |_   _|   /_\   | _ \ |_   _| | __| |   \ 
   | |   | _|  \__ \   | |     \__ \   | |    / _ \  |   /   | |   | _|  | |) |
   |_|   |___| |___/   |_|     |___/   |_|   /_/ \_\ |_|_\   |_|   |___| |___/ 

TC40 - Add new products without name payload([05-automation]---product;tc40---add-new-products-without-name-payload)
--------------------------------------------------------------------------------
01:28:11.718 [main] DEBUG net.thucydides.core.steps.StepInterceptor -- STARTING STEP: ProductsSteps.postAddNewProductsEndpoints2 - I POST add new products endpoints 2
01:28:11.718 [main] DEBUG net.thucydides.core.steps.StepInterceptor -- STEP DONE: I POST add new products endpoints 2
  &amp#27;[32mGiven &amp#27;[0m&amp#27;[32mI POST add new products endpoints 2&amp#27;[0m                                        &amp#27;[90m# starter.stepdefinition.ProductsSteps.postAddNewProductsEndpoints2()&amp#27;[0m
01:28:11.721 [main] DEBUG net.thucydides.core.steps.StepInterceptor -- STARTING STEP: ProductsSteps.postHTTPRequestForAddNewProductsWithoutNamePayload - I POST HTTP request for add new products without name payload
01:28:11.722 [main] DEBUG net.thucydides.core.steps.StepInterceptor -- STARTING STEP: Products.postHTTPRequestForAddNewProductsWithoutNamePayload - I POST add new products endpoints 2
01:28:11.722 [main] DEBUG net.thucydides.core.steps.StepInterceptor -- STEP DONE: I POST add new products endpoints 2
01:28:11.727 [main] DEBUG org.apache.http.impl.conn.BasicClientConnectionManager -- Get connection for route {s}->https://altashop-api.fly.dev:443
01:28:11.727 [main] DEBUG org.apache.http.impl.conn.DefaultClientConnectionOperator -- Connecting to altashop-api.fly.dev:443
01:28:11.776 [main] DEBUG org.apache.http.client.protocol.RequestAddCookies -- CookieSpec selected: ignoreCookies
01:28:11.776 [main] DEBUG org.apache.http.client.protocol.RequestAuthCache -- Auth cache not set in the context
01:28:11.776 [main] DEBUG org.apache.http.client.protocol.RequestTargetAuthentication -- Target auth state: UNCHALLENGED
01:28:11.776 [main] DEBUG org.apache.http.client.protocol.RequestProxyAuthentication -- Proxy auth state: UNCHALLENGED
01:28:11.776 [main] DEBUG org.apache.http.impl.client.DefaultHttpClient -- Attempt 1 to execute request
01:28:11.776 [main] DEBUG org.apache.http.impl.conn.DefaultClientConnection -- Sending request: POST /api/products HTTP/1.1
01:28:11.776 [main] DEBUG org.apache.http.wire --  >> "POST /api/products HTTP/1.1[\r][\n]"
01:28:11.776 [main] DEBUG org.apache.http.wire --  >> "Accept: */*[\r][\n]"
01:28:11.776 [main] DEBUG org.apache.http.wire --  >> "Content-Type: application/json[\r][\n]"
01:28:11.776 [main] DEBUG org.apache.http.wire --  >> "Content-Length: 65[\r][\n]"
01:28:11.776 [main] DEBUG org.apache.http.wire --  >> "Host: altashop-api.fly.dev[\r][\n]"
01:28:11.776 [main] DEBUG org.apache.http.wire --  >> "Connection: Keep-Alive[\r][\n]"
01:28:11.776 [main] DEBUG org.apache.http.wire --  >> "User-Agent: Apache-HttpClient/4.5.13 (Java/17.0.8)[\r][\n]"
01:28:11.776 [main] DEBUG org.apache.http.wire --  >> "Accept-Encoding: gzip,deflate[\r][\n]"
01:28:11.776 [main] DEBUG org.apache.http.wire --  >> "[\r][\n]"
01:28:11.776 [main] DEBUG org.apache.http.headers -- >> POST /api/products HTTP/1.1
01:28:11.776 [main] DEBUG org.apache.http.headers -- >> Accept: */*
01:28:11.776 [main] DEBUG org.apache.http.headers -- >> Content-Type: application/json
01:28:11.776 [main] DEBUG org.apache.http.headers -- >> Content-Length: 65
01:28:11.776 [main] DEBUG org.apache.http.headers -- >> Host: altashop-api.fly.dev
01:28:11.776 [main] DEBUG org.apache.http.headers -- >> Connection: Keep-Alive
01:28:11.776 [main] DEBUG org.apache.http.headers -- >> User-Agent: Apache-HttpClient/4.5.13 (Java/17.0.8)
01:28:11.776 [main] DEBUG org.apache.http.headers -- >> Accept-Encoding: gzip,deflate
01:28:11.776 [main] DEBUG org.apache.http.wire --  >> "{"price":299,"description":"play has no limits","categories":[1]}"
01:28:11.806 [main] DEBUG org.apache.http.wire --  << "HTTP/1.1 500 Internal Server Error[\r][\n]"
01:28:11.806 [main] DEBUG org.apache.http.wire --  << "content-type: application/json[\r][\n]"
01:28:11.806 [main] DEBUG org.apache.http.wire --  << "date: Thu, 02 Nov 2023 18:28:13 GMT[\r][\n]"
01:28:11.806 [main] DEBUG org.apache.http.wire --  << "content-encoding: gzip[\r][\n]"
01:28:11.806 [main] DEBUG org.apache.http.wire --  << "transfer-encoding: chunked[\r][\n]"
01:28:11.806 [main] DEBUG org.apache.http.wire --  << "server: Fly/7328d5b5 (2023-10-27)[\r][\n]"
01:28:11.806 [main] DEBUG org.apache.http.wire --  << "via: 1.1 fly.io[\r][\n]"
01:28:11.806 [main] DEBUG org.apache.http.wire --  << "fly-request-id: 01HE8MNZXAD2J5DJGSSXC038FK-sin[\r][\n]"
01:28:11.806 [main] DEBUG org.apache.http.wire --  << "[\r][\n]"
01:28:11.806 [main] DEBUG org.apache.http.impl.conn.DefaultClientConnection -- Receiving response: HTTP/1.1 500 Internal Server Error
01:28:11.806 [main] DEBUG org.apache.http.headers -- << HTTP/1.1 500 Internal Server Error
01:28:11.806 [main] DEBUG org.apache.http.headers -- << content-type: application/json
01:28:11.806 [main] DEBUG org.apache.http.headers -- << date: Thu, 02 Nov 2023 18:28:13 GMT
01:28:11.806 [main] DEBUG org.apache.http.headers -- << content-encoding: gzip
01:28:11.806 [main] DEBUG org.apache.http.headers -- << transfer-encoding: chunked
01:28:11.806 [main] DEBUG org.apache.http.headers -- << server: Fly/7328d5b5 (2023-10-27)
01:28:11.806 [main] DEBUG org.apache.http.headers -- << via: 1.1 fly.io
01:28:11.806 [main] DEBUG org.apache.http.headers -- << fly-request-id: 01HE8MNZXAD2J5DJGSSXC038FK-sin
01:28:11.806 [main] DEBUG org.apache.http.impl.client.DefaultHttpClient -- Connection can be kept alive indefinitely
01:28:11.806 [main] DEBUG io.restassured.internal.RestAssuredHttpBuilder -- Parsing response as: application/json
01:28:11.806 [main] DEBUG org.apache.http.wire --  << "80[\r][\n]"
01:28:11.806 [main] DEBUG org.apache.http.wire --  << "[0x1f][0x8b][0x8][0x0][0x0][0x0][0x0][0x0][0x4][0xff][0xab]VJ-*[0xca]/R[0xb2]Rr[\r][\n]"
01:28:11.806 [main] DEBUG org.apache.http.wire --  << "[0xf2][0xf][0xb2]R[0xc8]K-W([0xca]/WH[0xcb]/R(J[0xcd]I,[0xc9][0xcc][0xcf]S[0x88]Q*([0xca]O)M.)[0x8e]QR([0xcb][0xcc][0xcf]I,I-VH[0xce]HM[0xce]VH[0xce][0xcf]+.)J[0xcc][0xcc]+AR[0x16][0x9f][0x97][0x98][0x9b][0x1a][0xf]V[0x10][0xa3][0xa4][0xa0][0x11][0x1c][0xe8][0x13][0x1c][0xe2][0x18][0xe2][0xaa]`dljh[0xa2][0xa9]T[0xcb][0x5][0x0]5m[0xa8][0xef]x[0x0][0x0][0x0]"
01:28:11.806 [main] DEBUG org.apache.http.wire --  << "[\r][\n]"
01:28:11.806 [main] DEBUG org.apache.http.wire --  << "0[\r][\n]"
01:28:11.806 [main] DEBUG org.apache.http.wire --  << "[\r][\n]"
01:28:11.806 [main] DEBUG io.restassured.internal.RestAssuredHttpBuilder -- Parsed data to instance of: class org.apache.http.conn.EofSensorInputStream
01:28:11.807 [main] DEBUG org.apache.http.impl.conn.BasicClientConnectionManager -- Releasing connection org.apache.http.impl.conn.ManagedClientConnectionImpl@77217c17
01:28:11.807 [main] DEBUG org.apache.http.impl.conn.BasicClientConnectionManager -- Connection can be kept alive indefinitely
01:28:11.807 [main] DEBUG net.thucydides.core.steps.StepInterceptor -- STEP DONE: I POST HTTP request for add new products without name payload
  &amp#27;[32mWhen &amp#27;[0m&amp#27;[32mI POST HTTP request for add new products without name payload&amp#27;[0m               &amp#27;[90m# starter.stepdefinition.ProductsSteps.postHTTPRequestForAddNewProductsWithoutNamePayload()&amp#27;[0m
01:28:11.809 [main] DEBUG net.thucydides.core.steps.StepInterceptor -- STARTING STEP: ProductsSteps.receiveResponseCode500ForAddNewProductsWithoutNamePayload - I receive valid HTTP response 500 for add new products without name payload
01:28:11.809 [main] DEBUG net.thucydides.core.steps.StepInterceptor -- STEP DONE: I receive valid HTTP response 500 for add new products without name payload
  &amp#27;[32mThen &amp#27;[0m&amp#27;[32mI receive valid HTTP response 500 for add new products without name payload&amp#27;[0m &amp#27;[90m# starter.stepdefinition.ProductsSteps.receiveResponseCode500ForAddNewProductsWithoutNamePayload()&amp#27;[0m
01:28:11.810 [main] INFO  -- 
  _____   ___   ___   _____     ___     _     ___   ___   ___   ___  
 |_   _| | __| / __| |_   _|   | _ \   /_\   / __| / __| | __| |   \ 
   | |   | _|  \__ \   | |     |  _/  / _ \  \__ \ \__ \ | _|  | |) |
   |_|   |___| |___/   |_|     |_|   /_/ \_\ |___/ |___/ |___| |___/ 

TC40 - Add new products without name payload
----------------------------------------------------------------------
]]></system-out>
  </testcase>
  <testcase name="TC42 - Add new product with blank name payload" classname="[05_Automation] - Product" time="0.108">
    <system-out><![CDATA[
Scenario: TC42 - Add new product with blank name payload                              &amp#27;[90m# src/test/resources/Products.feature:28&amp#27;[0m
01:28:11.813 [main] INFO io.cucumber.core.plugin.SerenityReporter -- Running feature from file:///D:/TaksAlterra/MiniProject/MiniProject_API/src/test/resources/Products.feature
01:28:11.813 [main] WARN io.cucumber.core.plugin.SerenityReporter -- Feature from file:///D:/TaksAlterra/MiniProject/MiniProject_API/src/test/resources/Products.feature is not under the 'features' directory. Requirements report will not be correctly generated!
01:28:11.814 [main] INFO  -- 
  _____   ___   ___   _____     ___   _____     _     ___   _____   ___   ___  
 |_   _| | __| / __| |_   _|   / __| |_   _|   /_\   | _ \ |_   _| | __| |   \ 
   | |   | _|  \__ \   | |     \__ \   | |    / _ \  |   /   | |   | _|  | |) |
   |_|   |___| |___/   |_|     |___/   |_|   /_/ \_\ |_|_\   |_|   |___| |___/ 

TC42 - Add new product with blank name payload([05-automation]---product;tc42---add-new-product-with-blank-name-payload)
--------------------------------------------------------------------------------
01:28:11.817 [main] DEBUG net.thucydides.core.steps.StepInterceptor -- STARTING STEP: ProductsSteps.postAddNewProductsEndpoints4 - I POST add new products endpoints 4
01:28:11.817 [main] DEBUG net.thucydides.core.steps.StepInterceptor -- STEP DONE: I POST add new products endpoints 4
  &amp#27;[32mGiven &amp#27;[0m&amp#27;[32mI POST add new products endpoints 4&amp#27;[0m                                           &amp#27;[90m# starter.stepdefinition.ProductsSteps.postAddNewProductsEndpoints4()&amp#27;[0m
01:28:11.818 [main] DEBUG net.thucydides.core.steps.StepInterceptor -- STARTING STEP: ProductsSteps.postHTTPRequestForAddNewProductesWithBlankNamePayload - I POST HTTP request for add new products with blank name payload
01:28:11.819 [main] DEBUG net.thucydides.core.steps.StepInterceptor -- STARTING STEP: Products.postHTTPRequestForAddNewProductesWithBlankNamePayload - I POST add new products endpoints 4
01:28:11.820 [main] DEBUG net.thucydides.core.steps.StepInterceptor -- STEP DONE: I POST add new products endpoints 4
01:28:11.825 [main] DEBUG org.apache.http.impl.conn.BasicClientConnectionManager -- Get connection for route {s}->https://altashop-api.fly.dev:443
01:28:11.825 [main] DEBUG org.apache.http.impl.conn.DefaultClientConnectionOperator -- Connecting to altashop-api.fly.dev:443
01:28:11.883 [main] DEBUG org.apache.http.client.protocol.RequestAddCookies -- CookieSpec selected: ignoreCookies
01:28:11.883 [main] DEBUG org.apache.http.client.protocol.RequestAuthCache -- Auth cache not set in the context
01:28:11.883 [main] DEBUG org.apache.http.client.protocol.RequestTargetAuthentication -- Target auth state: UNCHALLENGED
01:28:11.883 [main] DEBUG org.apache.http.client.protocol.RequestProxyAuthentication -- Proxy auth state: UNCHALLENGED
01:28:11.883 [main] DEBUG org.apache.http.impl.client.DefaultHttpClient -- Attempt 1 to execute request
01:28:11.883 [main] DEBUG org.apache.http.impl.conn.DefaultClientConnection -- Sending request: POST /api/products HTTP/1.1
01:28:11.883 [main] DEBUG org.apache.http.wire --  >> "POST /api/products HTTP/1.1[\r][\n]"
01:28:11.883 [main] DEBUG org.apache.http.wire --  >> "Accept: */*[\r][\n]"
01:28:11.883 [main] DEBUG org.apache.http.wire --  >> "Content-Type: application/json[\r][\n]"
01:28:11.883 [main] DEBUG org.apache.http.wire --  >> "Content-Length: 75[\r][\n]"
01:28:11.883 [main] DEBUG org.apache.http.wire --  >> "Host: altashop-api.fly.dev[\r][\n]"
01:28:11.883 [main] DEBUG org.apache.http.wire --  >> "Connection: Keep-Alive[\r][\n]"
01:28:11.883 [main] DEBUG org.apache.http.wire --  >> "User-Agent: Apache-HttpClient/4.5.13 (Java/17.0.8)[\r][\n]"
01:28:11.883 [main] DEBUG org.apache.http.wire --  >> "Accept-Encoding: gzip,deflate[\r][\n]"
01:28:11.883 [main] DEBUG org.apache.http.wire --  >> "[\r][\n]"
01:28:11.883 [main] DEBUG org.apache.http.headers -- >> POST /api/products HTTP/1.1
01:28:11.883 [main] DEBUG org.apache.http.headers -- >> Accept: */*
01:28:11.883 [main] DEBUG org.apache.http.headers -- >> Content-Type: application/json
01:28:11.883 [main] DEBUG org.apache.http.headers -- >> Content-Length: 75
01:28:11.883 [main] DEBUG org.apache.http.headers -- >> Host: altashop-api.fly.dev
01:28:11.883 [main] DEBUG org.apache.http.headers -- >> Connection: Keep-Alive
01:28:11.883 [main] DEBUG org.apache.http.headers -- >> User-Agent: Apache-HttpClient/4.5.13 (Java/17.0.8)
01:28:11.883 [main] DEBUG org.apache.http.headers -- >> Accept-Encoding: gzip,deflate
01:28:11.883 [main] DEBUG org.apache.http.wire --  >> "{"price":299,"name":"","description":"play has no limits","categories":[1]}"
01:28:11.910 [main] DEBUG org.apache.http.wire --  << "HTTP/1.1 500 Internal Server Error[\r][\n]"
01:28:11.910 [main] DEBUG org.apache.http.wire --  << "content-type: application/json[\r][\n]"
01:28:11.910 [main] DEBUG org.apache.http.wire --  << "date: Thu, 02 Nov 2023 18:28:13 GMT[\r][\n]"
01:28:11.910 [main] DEBUG org.apache.http.wire --  << "content-encoding: gzip[\r][\n]"
01:28:11.910 [main] DEBUG org.apache.http.wire --  << "transfer-encoding: chunked[\r][\n]"
01:28:11.910 [main] DEBUG org.apache.http.wire --  << "server: Fly/7328d5b5 (2023-10-27)[\r][\n]"
01:28:11.910 [main] DEBUG org.apache.http.wire --  << "via: 1.1 fly.io[\r][\n]"
01:28:11.910 [main] DEBUG org.apache.http.wire --  << "fly-request-id: 01HE8MP00P4SXVA15JYM5HG0PD-sin[\r][\n]"
01:28:11.910 [main] DEBUG org.apache.http.wire --  << "[\r][\n]"
01:28:11.911 [main] DEBUG org.apache.http.impl.conn.DefaultClientConnection -- Receiving response: HTTP/1.1 500 Internal Server Error
01:28:11.911 [main] DEBUG org.apache.http.headers -- << HTTP/1.1 500 Internal Server Error
01:28:11.911 [main] DEBUG org.apache.http.headers -- << content-type: application/json
01:28:11.911 [main] DEBUG org.apache.http.headers -- << date: Thu, 02 Nov 2023 18:28:13 GMT
01:28:11.911 [main] DEBUG org.apache.http.headers -- << content-encoding: gzip
01:28:11.911 [main] DEBUG org.apache.http.headers -- << transfer-encoding: chunked
01:28:11.911 [main] DEBUG org.apache.http.headers -- << server: Fly/7328d5b5 (2023-10-27)
01:28:11.911 [main] DEBUG org.apache.http.headers -- << via: 1.1 fly.io
01:28:11.911 [main] DEBUG org.apache.http.headers -- << fly-request-id: 01HE8MP00P4SXVA15JYM5HG0PD-sin
01:28:11.911 [main] DEBUG org.apache.http.impl.client.DefaultHttpClient -- Connection can be kept alive indefinitely
01:28:11.911 [main] DEBUG io.restassured.internal.RestAssuredHttpBuilder -- Parsing response as: application/json
01:28:11.911 [main] DEBUG org.apache.http.wire --  << "80[\r][\n]"
01:28:11.911 [main] DEBUG org.apache.http.wire --  << "[0x1f][0x8b][0x8][0x0][0x0][0x0][0x0][0x0][0x4][0xff][0xab]VJ-*[0xca]/R[0xb2]Rr[\r][\n]"
01:28:11.911 [main] DEBUG org.apache.http.wire --  << "[0xf2][0xf][0xb2]R[0xc8]K-W([0xca]/WH[0xcb]/R(J[0xcd]I,[0xc9][0xcc][0xcf]S[0x88]Q*([0xca]O)M.)[0x8e]QR([0xcb][0xcc][0xcf]I,I-VH[0xce]HM[0xce]VH[0xce][0xcf]+.)J[0xcc][0xcc]+AR[0x16][0x9f][0x97][0x98][0x9b][0x1a][0xf]V[0x10][0xa3][0xa4][0xa0][0x11][0x1c][0xe8][0x13][0x1c][0xe2][0x18][0xe2][0xaa]`dljh[0xa2][0xa9]T[0xcb][0x5][0x0]5m[0xa8][0xef]x[0x0][0x0][0x0]"
01:28:11.911 [main] DEBUG org.apache.http.wire --  << "[\r][\n]"
01:28:11.911 [main] DEBUG org.apache.http.wire --  << "0[\r][\n]"
01:28:11.911 [main] DEBUG org.apache.http.wire --  << "[\r][\n]"
01:28:11.911 [main] DEBUG io.restassured.internal.RestAssuredHttpBuilder -- Parsed data to instance of: class org.apache.http.conn.EofSensorInputStream
01:28:11.914 [main] DEBUG org.apache.http.impl.conn.BasicClientConnectionManager -- Releasing connection org.apache.http.impl.conn.ManagedClientConnectionImpl@51bba775
01:28:11.914 [main] DEBUG org.apache.http.impl.conn.BasicClientConnectionManager -- Connection can be kept alive indefinitely
01:28:11.914 [main] DEBUG net.thucydides.core.steps.StepInterceptor -- STEP DONE: I POST HTTP request for add new products with blank name payload
  &amp#27;[32mWhen &amp#27;[0m&amp#27;[32mI POST HTTP request for add new products with blank name payload&amp#27;[0m               &amp#27;[90m# starter.stepdefinition.ProductsSteps.postHTTPRequestForAddNewProductesWithBlankNamePayload()&amp#27;[0m
01:28:11.916 [main] DEBUG net.thucydides.core.steps.StepInterceptor -- STARTING STEP: ProductsSteps.receiveResponseCode500ForAddNewProductesWithBlankNamePayload - I receive valid HTTP response 500 for add new products with blank name payload
01:28:11.916 [main] DEBUG net.thucydides.core.steps.StepInterceptor -- STEP DONE: I receive valid HTTP response 500 for add new products with blank name payload
  &amp#27;[32mThen &amp#27;[0m&amp#27;[32mI receive valid HTTP response 500 for add new products with blank name payload&amp#27;[0m &amp#27;[90m# starter.stepdefinition.ProductsSteps.receiveResponseCode500ForAddNewProductesWithBlankNamePayload()&amp#27;[0m
01:28:11.916 [main] INFO  -- 
  _____   ___   ___   _____     ___     _     ___   ___   ___   ___  
 |_   _| | __| / __| |_   _|   | _ \   /_\   / __| / __| | __| |   \ 
   | |   | _|  \__ \   | |     |  _/  / _ \  \__ \ \__ \ | _|  | |) |
   |_|   |___| |___/   |_|     |_|   /_/ \_\ |___/ |___/ |___| |___/ 

TC42 - Add new product with blank name payload
----------------------------------------------------------------------
]]></system-out>
  </testcase>
  <testcase name="TC44 - Add new product with blank price payload" classname="[05_Automation] - Product" time="0.098">
    <system-out><![CDATA[
Scenario: TC44 - Add new product with blank price payload                              &amp#27;[90m# src/test/resources/Products.feature:38&amp#27;[0m
01:28:11.921 [main] INFO io.cucumber.core.plugin.SerenityReporter -- Running feature from file:///D:/TaksAlterra/MiniProject/MiniProject_API/src/test/resources/Products.feature
01:28:11.921 [main] WARN io.cucumber.core.plugin.SerenityReporter -- Feature from file:///D:/TaksAlterra/MiniProject/MiniProject_API/src/test/resources/Products.feature is not under the 'features' directory. Requirements report will not be correctly generated!
01:28:11.921 [main] INFO  -- 
  _____   ___   ___   _____     ___   _____     _     ___   _____   ___   ___  
 |_   _| | __| / __| |_   _|   / __| |_   _|   /_\   | _ \ |_   _| | __| |   \ 
   | |   | _|  \__ \   | |     \__ \   | |    / _ \  |   /   | |   | _|  | |) |
   |_|   |___| |___/   |_|     |___/   |_|   /_/ \_\ |_|_\   |_|   |___| |___/ 

TC44 - Add new product with blank price payload([05-automation]---product;tc44---add-new-product-with-blank-price-payload)
--------------------------------------------------------------------------------
01:28:11.924 [main] DEBUG net.thucydides.core.steps.StepInterceptor -- STARTING STEP: ProductsSteps.postAddNewProductsEndpoints6 - I POST add new products endpoints 6
01:28:11.924 [main] DEBUG net.thucydides.core.steps.StepInterceptor -- STEP DONE: I POST add new products endpoints 6
  &amp#27;[32mGiven &amp#27;[0m&amp#27;[32mI POST add new products endpoints 6&amp#27;[0m                                            &amp#27;[90m# starter.stepdefinition.ProductsSteps.postAddNewProductsEndpoints6()&amp#27;[0m
01:28:11.925 [main] DEBUG net.thucydides.core.steps.StepInterceptor -- STARTING STEP: ProductsSteps.postHTTPRequestForAddNewProductsWithBlankPricePayload - I POST HTTP request for add new products with blank price payload
01:28:11.926 [main] DEBUG net.thucydides.core.steps.StepInterceptor -- STARTING STEP: Products.postHTTPRequestForAddNewProductsWithBlankPricePayload - I POST add new products endpoints 6
01:28:11.926 [main] DEBUG net.thucydides.core.steps.StepInterceptor -- STEP DONE: I POST add new products endpoints 6
01:28:11.930 [main] DEBUG org.apache.http.impl.conn.BasicClientConnectionManager -- Get connection for route {s}->https://altashop-api.fly.dev:443
01:28:11.930 [main] DEBUG org.apache.http.impl.conn.DefaultClientConnectionOperator -- Connecting to altashop-api.fly.dev:443
01:28:11.980 [main] DEBUG org.apache.http.client.protocol.RequestAddCookies -- CookieSpec selected: ignoreCookies
01:28:11.980 [main] DEBUG org.apache.http.client.protocol.RequestAuthCache -- Auth cache not set in the context
01:28:11.980 [main] DEBUG org.apache.http.client.protocol.RequestTargetAuthentication -- Target auth state: UNCHALLENGED
01:28:11.980 [main] DEBUG org.apache.http.client.protocol.RequestProxyAuthentication -- Proxy auth state: UNCHALLENGED
01:28:11.980 [main] DEBUG org.apache.http.impl.client.DefaultHttpClient -- Attempt 1 to execute request
01:28:11.980 [main] DEBUG org.apache.http.impl.conn.DefaultClientConnection -- Sending request: POST /api/products HTTP/1.1
01:28:11.980 [main] DEBUG org.apache.http.wire --  >> "POST /api/products HTTP/1.1[\r][\n]"
01:28:11.980 [main] DEBUG org.apache.http.wire --  >> "Accept: */*[\r][\n]"
01:28:11.980 [main] DEBUG org.apache.http.wire --  >> "Content-Type: application/json[\r][\n]"
01:28:11.980 [main] DEBUG org.apache.http.wire --  >> "Content-Length: 82[\r][\n]"
01:28:11.980 [main] DEBUG org.apache.http.wire --  >> "Host: altashop-api.fly.dev[\r][\n]"
01:28:11.980 [main] DEBUG org.apache.http.wire --  >> "Connection: Keep-Alive[\r][\n]"
01:28:11.980 [main] DEBUG org.apache.http.wire --  >> "User-Agent: Apache-HttpClient/4.5.13 (Java/17.0.8)[\r][\n]"
01:28:11.980 [main] DEBUG org.apache.http.wire --  >> "Accept-Encoding: gzip,deflate[\r][\n]"
01:28:11.980 [main] DEBUG org.apache.http.wire --  >> "[\r][\n]"
01:28:11.980 [main] DEBUG org.apache.http.headers -- >> POST /api/products HTTP/1.1
01:28:11.980 [main] DEBUG org.apache.http.headers -- >> Accept: */*
01:28:11.980 [main] DEBUG org.apache.http.headers -- >> Content-Type: application/json
01:28:11.980 [main] DEBUG org.apache.http.headers -- >> Content-Length: 82
01:28:11.980 [main] DEBUG org.apache.http.headers -- >> Host: altashop-api.fly.dev
01:28:11.980 [main] DEBUG org.apache.http.headers -- >> Connection: Keep-Alive
01:28:11.980 [main] DEBUG org.apache.http.headers -- >> User-Agent: Apache-HttpClient/4.5.13 (Java/17.0.8)
01:28:11.980 [main] DEBUG org.apache.http.headers -- >> Accept-Encoding: gzip,deflate
01:28:11.980 [main] DEBUG org.apache.http.wire --  >> "{"price":"","name":"Sony PS5","description":"play has no limits","categories":[1]}"
01:28:12.011 [main] DEBUG org.apache.http.wire --  << "HTTP/1.1 400 Bad Request[\r][\n]"
01:28:12.011 [main] DEBUG org.apache.http.wire --  << "content-type: application/json[\r][\n]"
01:28:12.011 [main] DEBUG org.apache.http.wire --  << "date: Thu, 02 Nov 2023 18:28:13 GMT[\r][\n]"
01:28:12.011 [main] DEBUG org.apache.http.wire --  << "content-encoding: gzip[\r][\n]"
01:28:12.011 [main] DEBUG org.apache.http.wire --  << "transfer-encoding: chunked[\r][\n]"
01:28:12.011 [main] DEBUG org.apache.http.wire --  << "server: Fly/7328d5b5 (2023-10-27)[\r][\n]"
01:28:12.011 [main] DEBUG org.apache.http.wire --  << "via: 1.1 fly.io[\r][\n]"
01:28:12.011 [main] DEBUG org.apache.http.wire --  << "fly-request-id: 01HE8MP03YG5XFFTW6J0SNC9GK-sin[\r][\n]"
01:28:12.011 [main] DEBUG org.apache.http.wire --  << "[\r][\n]"
01:28:12.011 [main] DEBUG org.apache.http.impl.conn.DefaultClientConnection -- Receiving response: HTTP/1.1 400 Bad Request
01:28:12.011 [main] DEBUG org.apache.http.headers -- << HTTP/1.1 400 Bad Request
01:28:12.011 [main] DEBUG org.apache.http.headers -- << content-type: application/json
01:28:12.011 [main] DEBUG org.apache.http.headers -- << date: Thu, 02 Nov 2023 18:28:13 GMT
01:28:12.011 [main] DEBUG org.apache.http.headers -- << content-encoding: gzip
01:28:12.011 [main] DEBUG org.apache.http.headers -- << transfer-encoding: chunked
01:28:12.011 [main] DEBUG org.apache.http.headers -- << server: Fly/7328d5b5 (2023-10-27)
01:28:12.011 [main] DEBUG org.apache.http.headers -- << via: 1.1 fly.io
01:28:12.011 [main] DEBUG org.apache.http.headers -- << fly-request-id: 01HE8MP03YG5XFFTW6J0SNC9GK-sin
01:28:12.011 [main] DEBUG org.apache.http.impl.client.DefaultHttpClient -- Connection can be kept alive indefinitely
01:28:12.011 [main] DEBUG io.restassured.internal.RestAssuredHttpBuilder -- Parsing response as: application/json
01:28:12.011 [main] DEBUG org.apache.http.wire --  << "71[\r][\n]"
01:28:12.011 [main] DEBUG org.apache.http.wire --  << "[0x1f][0x8b][0x8][0x0][0x0][0x0][0x0][0x0][0x4][0xff][0xab]VJ-*[0xca]/R[0xb2]R[0xca]*[0xce][0xcf][0xb3]RHN[0xcc][0xcb][0xcb]/Q([0xcd][0xcb]M,*[0xce]H[0xcc]Q(.)[0xca][0xcc]KW[0xc8][0xcc]+[0xc9]Wp[0xcf][0x7]qK[0x93]K[0x14][0xd2]2SsR[0x14][0x2][0x8a][0xf2]SJ[0x93]K[0x9c][0x8b]R[0x13]KR[0xf5][\n]"
01:28:12.011 [main] DEBUG org.apache.http.wire --  << "[0x8a]2[0x93]S[0x15][0xf2][0xd3][0x14]J*[0xb]R[0x15]J3[0xf3]J[0x94]j[0xb9][0x0][0xd2][0x2]#[0xd6]`[0x0][0x0][0x0]"
01:28:12.011 [main] DEBUG org.apache.http.wire --  << "[\r][\n]"
01:28:12.011 [main] DEBUG org.apache.http.wire --  << "0[\r][\n]"
01:28:12.011 [main] DEBUG org.apache.http.wire --  << "[\r][\n]"
01:28:12.011 [main] DEBUG io.restassured.internal.RestAssuredHttpBuilder -- Parsed data to instance of: class org.apache.http.conn.EofSensorInputStream
01:28:12.012 [main] DEBUG org.apache.http.impl.conn.BasicClientConnectionManager -- Releasing connection org.apache.http.impl.conn.ManagedClientConnectionImpl@67857a20
01:28:12.012 [main] DEBUG org.apache.http.impl.conn.BasicClientConnectionManager -- Connection can be kept alive indefinitely
01:28:12.012 [main] DEBUG net.thucydides.core.steps.StepInterceptor -- STEP DONE: I POST HTTP request for add new products with blank price payload
  &amp#27;[32mWhen &amp#27;[0m&amp#27;[32mI POST HTTP request for add new products with blank price payload&amp#27;[0m               &amp#27;[90m# starter.stepdefinition.ProductsSteps.postHTTPRequestForAddNewProductsWithBlankPricePayload()&amp#27;[0m
01:28:12.014 [main] DEBUG net.thucydides.core.steps.StepInterceptor -- STARTING STEP: ProductsSteps.receiveResponseCode400ForAddNewProductsWithBlankPricePayload - I receive valid HTTP response 400 for add new products with blank price payload
01:28:12.015 [main] DEBUG net.thucydides.core.steps.StepInterceptor -- STEP DONE: I receive valid HTTP response 400 for add new products with blank price payload
  &amp#27;[32mThen &amp#27;[0m&amp#27;[32mI receive valid HTTP response 400 for add new products with blank price payload&amp#27;[0m &amp#27;[90m# starter.stepdefinition.ProductsSteps.receiveResponseCode400ForAddNewProductsWithBlankPricePayload()&amp#27;[0m
01:28:12.016 [main] INFO  -- 
  _____   ___   ___   _____     ___     _     ___   ___   ___   ___  
 |_   _| | __| / __| |_   _|   | _ \   /_\   / __| / __| | __| |   \ 
   | |   | _|  \__ \   | |     |  _/  / _ \  \__ \ \__ \ | _|  | |) |
   |_|   |___| |___/   |_|     |_|   /_/ \_\ |___/ |___/ |___| |___/ 

TC44 - Add new product with blank price payload
----------------------------------------------------------------------
]]></system-out>
  </testcase>
  <testcase name="TC45 - Add new product with only space on price payload" classname="[05_Automation] - Product" time="0.118">
    <system-out><![CDATA[
Scenario: TC45 - Add new product with only space on price payload                              &amp#27;[90m# src/test/resources/Products.feature:43&amp#27;[0m
01:28:12.022 [main] INFO io.cucumber.core.plugin.SerenityReporter -- Running feature from file:///D:/TaksAlterra/MiniProject/MiniProject_API/src/test/resources/Products.feature
01:28:12.022 [main] WARN io.cucumber.core.plugin.SerenityReporter -- Feature from file:///D:/TaksAlterra/MiniProject/MiniProject_API/src/test/resources/Products.feature is not under the 'features' directory. Requirements report will not be correctly generated!
01:28:12.023 [main] INFO  -- 
  _____   ___   ___   _____     ___   _____     _     ___   _____   ___   ___  
 |_   _| | __| / __| |_   _|   / __| |_   _|   /_\   | _ \ |_   _| | __| |   \ 
   | |   | _|  \__ \   | |     \__ \   | |    / _ \  |   /   | |   | _|  | |) |
   |_|   |___| |___/   |_|     |___/   |_|   /_/ \_\ |_|_\   |_|   |___| |___/ 

TC45 - Add new product with only space on price payload([05-automation]---product;tc45---add-new-product-with-only-space-on-price-payload)
--------------------------------------------------------------------------------
01:28:12.027 [main] DEBUG net.thucydides.core.steps.StepInterceptor -- STARTING STEP: ProductsSteps.postAddNewProductsEndpoints7 - I POST add new products endpoints 7
01:28:12.027 [main] DEBUG net.thucydides.core.steps.StepInterceptor -- STEP DONE: I POST add new products endpoints 7
  &amp#27;[32mGiven &amp#27;[0m&amp#27;[32mI POST add new products endpoints 7&amp#27;[0m                                                    &amp#27;[90m# starter.stepdefinition.ProductsSteps.postAddNewProductsEndpoints7()&amp#27;[0m
01:28:12.029 [main] DEBUG net.thucydides.core.steps.StepInterceptor -- STARTING STEP: ProductsSteps.postHTTPRequestForAddNewProductsWithOnlySpaceOnPricePayload - I POST HTTP request for add new products with only space on price payload
01:28:12.030 [main] DEBUG net.thucydides.core.steps.StepInterceptor -- STARTING STEP: Products.postHTTPRequestForAddNewProductsWithOnlySpaceOnPricePayload - I POST add new products endpoints 7
01:28:12.030 [main] DEBUG net.thucydides.core.steps.StepInterceptor -- STEP DONE: I POST add new products endpoints 7
01:28:12.037 [main] DEBUG org.apache.http.impl.conn.BasicClientConnectionManager -- Get connection for route {s}->https://altashop-api.fly.dev:443
01:28:12.038 [main] DEBUG org.apache.http.impl.conn.DefaultClientConnectionOperator -- Connecting to altashop-api.fly.dev:443
01:28:12.090 [main] DEBUG org.apache.http.client.protocol.RequestAddCookies -- CookieSpec selected: ignoreCookies
01:28:12.090 [main] DEBUG org.apache.http.client.protocol.RequestAuthCache -- Auth cache not set in the context
01:28:12.090 [main] DEBUG org.apache.http.client.protocol.RequestTargetAuthentication -- Target auth state: UNCHALLENGED
01:28:12.090 [main] DEBUG org.apache.http.client.protocol.RequestProxyAuthentication -- Proxy auth state: UNCHALLENGED
01:28:12.090 [main] DEBUG org.apache.http.impl.client.DefaultHttpClient -- Attempt 1 to execute request
01:28:12.090 [main] DEBUG org.apache.http.impl.conn.DefaultClientConnection -- Sending request: POST /api/products HTTP/1.1
01:28:12.090 [main] DEBUG org.apache.http.wire --  >> "POST /api/products HTTP/1.1[\r][\n]"
01:28:12.090 [main] DEBUG org.apache.http.wire --  >> "Accept: */*[\r][\n]"
01:28:12.090 [main] DEBUG org.apache.http.wire --  >> "Content-Type: application/json[\r][\n]"
01:28:12.090 [main] DEBUG org.apache.http.wire --  >> "Content-Length: 83[\r][\n]"
01:28:12.090 [main] DEBUG org.apache.http.wire --  >> "Host: altashop-api.fly.dev[\r][\n]"
01:28:12.090 [main] DEBUG org.apache.http.wire --  >> "Connection: Keep-Alive[\r][\n]"
01:28:12.090 [main] DEBUG org.apache.http.wire --  >> "User-Agent: Apache-HttpClient/4.5.13 (Java/17.0.8)[\r][\n]"
01:28:12.090 [main] DEBUG org.apache.http.wire --  >> "Accept-Encoding: gzip,deflate[\r][\n]"
01:28:12.090 [main] DEBUG org.apache.http.wire --  >> "[\r][\n]"
01:28:12.090 [main] DEBUG org.apache.http.headers -- >> POST /api/products HTTP/1.1
01:28:12.090 [main] DEBUG org.apache.http.headers -- >> Accept: */*
01:28:12.090 [main] DEBUG org.apache.http.headers -- >> Content-Type: application/json
01:28:12.090 [main] DEBUG org.apache.http.headers -- >> Content-Length: 83
01:28:12.090 [main] DEBUG org.apache.http.headers -- >> Host: altashop-api.fly.dev
01:28:12.090 [main] DEBUG org.apache.http.headers -- >> Connection: Keep-Alive
01:28:12.090 [main] DEBUG org.apache.http.headers -- >> User-Agent: Apache-HttpClient/4.5.13 (Java/17.0.8)
01:28:12.090 [main] DEBUG org.apache.http.headers -- >> Accept-Encoding: gzip,deflate
01:28:12.090 [main] DEBUG org.apache.http.wire --  >> "{"price":" ","name":"Sony PS5","description":"play has no limits","categories":[1]}"
01:28:12.116 [main] DEBUG org.apache.http.wire --  << "HTTP/1.1 400 Bad Request[\r][\n]"
01:28:12.116 [main] DEBUG org.apache.http.wire --  << "content-type: application/json[\r][\n]"
01:28:12.116 [main] DEBUG org.apache.http.wire --  << "date: Thu, 02 Nov 2023 18:28:13 GMT[\r][\n]"
01:28:12.116 [main] DEBUG org.apache.http.wire --  << "content-encoding: gzip[\r][\n]"
01:28:12.116 [main] DEBUG org.apache.http.wire --  << "transfer-encoding: chunked[\r][\n]"
01:28:12.116 [main] DEBUG org.apache.http.wire --  << "server: Fly/7328d5b5 (2023-10-27)[\r][\n]"
01:28:12.116 [main] DEBUG org.apache.http.wire --  << "via: 1.1 fly.io[\r][\n]"
01:28:12.116 [main] DEBUG org.apache.http.wire --  << "fly-request-id: 01HE8MP074SZ2Z684ZT18XTJHD-sin[\r][\n]"
01:28:12.116 [main] DEBUG org.apache.http.wire --  << "[\r][\n]"
01:28:12.116 [main] DEBUG org.apache.http.impl.conn.DefaultClientConnection -- Receiving response: HTTP/1.1 400 Bad Request
01:28:12.116 [main] DEBUG org.apache.http.headers -- << HTTP/1.1 400 Bad Request
01:28:12.116 [main] DEBUG org.apache.http.headers -- << content-type: application/json
01:28:12.116 [main] DEBUG org.apache.http.headers -- << date: Thu, 02 Nov 2023 18:28:13 GMT
01:28:12.116 [main] DEBUG org.apache.http.headers -- << content-encoding: gzip
01:28:12.116 [main] DEBUG org.apache.http.headers -- << transfer-encoding: chunked
01:28:12.116 [main] DEBUG org.apache.http.headers -- << server: Fly/7328d5b5 (2023-10-27)
01:28:12.116 [main] DEBUG org.apache.http.headers -- << via: 1.1 fly.io
01:28:12.124 [main] DEBUG org.apache.http.headers -- << fly-request-id: 01HE8MP074SZ2Z684ZT18XTJHD-sin
01:28:12.124 [main] DEBUG org.apache.http.impl.client.DefaultHttpClient -- Connection can be kept alive indefinitely
01:28:12.124 [main] DEBUG io.restassured.internal.RestAssuredHttpBuilder -- Parsing response as: application/json
01:28:12.124 [main] DEBUG org.apache.http.wire --  << "71[\r][\n]"
01:28:12.124 [main] DEBUG org.apache.http.wire --  << "[0x1f][0x8b][0x8][0x0][0x0][0x0][0x0][0x0][0x4][0xff][0xab]VJ-*[0xca]/R[0xb2]R[0xca]*[0xce][0xcf][0xb3]RHN[0xcc][0xcb][0xcb]/Q([0xcd][0xcb]M,*[0xce]H[0xcc]Q(.)[0xca][0xcc]KW[0xc8][0xcc]+[0xc9]Wp[0xcf][0x7]qK[0x93]K[0x14][0xd2]2SsR[0x14][0x2][0x8a][0xf2]SJ[0x93]K[0x9c][0x8b]R[0x13]KR[0xf5][\n]"
01:28:12.124 [main] DEBUG org.apache.http.wire --  << "[0x8a]2[0x93]S[0x15][0xf2][0xd3][0x14]J*[0xb]R[0x15]J3[0xf3]J[0x94]j[0xb9][0x0][0xd2][0x2]#[0xd6]`[0x0][0x0][0x0]"
01:28:12.124 [main] DEBUG org.apache.http.wire --  << "[\r][\n]"
01:28:12.124 [main] DEBUG org.apache.http.wire --  << "0[\r][\n]"
01:28:12.124 [main] DEBUG org.apache.http.wire --  << "[\r][\n]"
01:28:12.125 [main] DEBUG io.restassured.internal.RestAssuredHttpBuilder -- Parsed data to instance of: class org.apache.http.conn.EofSensorInputStream
01:28:12.125 [Finalizer] DEBUG org.apache.http.impl.conn.DefaultClientConnection -- Connection 0.0.0.0:55379<->149.248.193.56:443 closed
01:28:12.125 [Finalizer] DEBUG org.apache.http.impl.conn.DefaultClientConnection -- Connection 0.0.0.0:55380<->149.248.193.56:443 closed
01:28:12.126 [Finalizer] DEBUG org.apache.http.impl.conn.DefaultClientConnection -- Connection 0.0.0.0:55376<->149.248.193.56:443 closed
01:28:12.126 [Finalizer] DEBUG org.apache.http.impl.conn.DefaultClientConnection -- Connection 0.0.0.0:55377<->149.248.193.56:443 closed
01:28:12.126 [Finalizer] DEBUG org.apache.http.impl.conn.DefaultClientConnection -- Connection 0.0.0.0:55378<->149.248.193.56:443 closed
01:28:12.126 [Finalizer] DEBUG org.apache.http.impl.conn.DefaultClientConnection -- Connection 0.0.0.0:55375<->149.248.193.56:443 closed
01:28:12.126 [main] DEBUG org.apache.http.impl.conn.BasicClientConnectionManager -- Releasing connection org.apache.http.impl.conn.ManagedClientConnectionImpl@676f70dc
01:28:12.126 [main] DEBUG org.apache.http.impl.conn.BasicClientConnectionManager -- Connection can be kept alive indefinitely
01:28:12.127 [main] DEBUG net.thucydides.core.steps.StepInterceptor -- STEP DONE: I POST HTTP request for add new products with only space on price payload
  &amp#27;[32mWhen &amp#27;[0m&amp#27;[32mI POST HTTP request for add new products with only space on price payload&amp#27;[0m               &amp#27;[90m# starter.stepdefinition.ProductsSteps.postHTTPRequestForAddNewProductsWithOnlySpaceOnPricePayload()&amp#27;[0m
01:28:12.132 [main] DEBUG net.thucydides.core.steps.StepInterceptor -- STARTING STEP: ProductsSteps.receiveResponseCode400ForAddNewProductsWithOnlySpaceOnPricePayload - I receive valid HTTP response 400 for add new products with only space on price payload
01:28:12.133 [main] DEBUG net.thucydides.core.steps.StepInterceptor -- STEP DONE: I receive valid HTTP response 400 for add new products with only space on price payload
  &amp#27;[32mThen &amp#27;[0m&amp#27;[32mI receive valid HTTP response 400 for add new products with only space on price payload&amp#27;[0m &amp#27;[90m# starter.stepdefinition.ProductsSteps.receiveResponseCode400ForAddNewProductsWithOnlySpaceOnPricePayload()&amp#27;[0m
01:28:12.134 [main] INFO  -- 
  _____   ___   ___   _____     ___     _     ___   ___   ___   ___  
 |_   _| | __| / __| |_   _|   | _ \   /_\   / __| / __| | __| |   \ 
   | |   | _|  \__ \   | |     |  _/  / _ \  \__ \ \__ \ | _|  | |) |
   |_|   |___| |___/   |_|     |_|   /_/ \_\ |___/ |___/ |___| |___/ 

TC45 - Add new product with only space on price payload
----------------------------------------------------------------------
]]></system-out>
  </testcase>
  <testcase name="TC48 - Add new product with body parameter is empty" classname="[05_Automation] - Product" time="0.121">
    <system-out><![CDATA[
Scenario: TC48 - Add new product with body parameter is empty                              &amp#27;[90m# src/test/resources/Products.feature:58&amp#27;[0m
01:28:12.140 [main] INFO io.cucumber.core.plugin.SerenityReporter -- Running feature from file:///D:/TaksAlterra/MiniProject/MiniProject_API/src/test/resources/Products.feature
01:28:12.140 [main] WARN io.cucumber.core.plugin.SerenityReporter -- Feature from file:///D:/TaksAlterra/MiniProject/MiniProject_API/src/test/resources/Products.feature is not under the 'features' directory. Requirements report will not be correctly generated!
01:28:12.141 [main] INFO  -- 
  _____   ___   ___   _____     ___   _____     _     ___   _____   ___   ___  
 |_   _| | __| / __| |_   _|   / __| |_   _|   /_\   | _ \ |_   _| | __| |   \ 
   | |   | _|  \__ \   | |     \__ \   | |    / _ \  |   /   | |   | _|  | |) |
   |_|   |___| |___/   |_|     |___/   |_|   /_/ \_\ |_|_\   |_|   |___| |___/ 

TC48 - Add new product with body parameter is empty([05-automation]---product;tc48---add-new-product-with-body-parameter-is-empty)
--------------------------------------------------------------------------------
01:28:12.149 [main] DEBUG net.thucydides.core.steps.StepInterceptor -- STARTING STEP: ProductsSteps.postAddNewProductsEndpoints10 - I POST add new products endpoints 10
01:28:12.150 [main] DEBUG net.thucydides.core.steps.StepInterceptor -- STEP DONE: I POST add new products endpoints 10
  &amp#27;[32mGiven &amp#27;[0m&amp#27;[32mI POST add new products endpoints 10&amp#27;[0m                                               &amp#27;[90m# starter.stepdefinition.ProductsSteps.postAddNewProductsEndpoints10()&amp#27;[0m
01:28:12.153 [main] DEBUG net.thucydides.core.steps.StepInterceptor -- STARTING STEP: ProductsSteps.postHTTPRequestForAddNewProductsWithBodyParameterIsEmpty - I POST HTTP request for add new products with body parameter is empty
01:28:12.154 [main] DEBUG net.thucydides.core.steps.StepInterceptor -- STARTING STEP: Products.postHTTPRequestForAddNewProductsWithBodyParameterIsEmpty - I POST add new products endpoints 10
01:28:12.154 [main] DEBUG net.thucydides.core.steps.StepInterceptor -- STEP DONE: I POST add new products endpoints 10
01:28:12.160 [main] DEBUG org.apache.http.impl.conn.BasicClientConnectionManager -- Get connection for route {s}->https://altashop-api.fly.dev:443
01:28:12.160 [main] DEBUG org.apache.http.impl.conn.DefaultClientConnectionOperator -- Connecting to altashop-api.fly.dev:443
01:28:12.227 [main] DEBUG org.apache.http.client.protocol.RequestAddCookies -- CookieSpec selected: ignoreCookies
01:28:12.227 [main] DEBUG org.apache.http.client.protocol.RequestAuthCache -- Auth cache not set in the context
01:28:12.227 [main] DEBUG org.apache.http.client.protocol.RequestTargetAuthentication -- Target auth state: UNCHALLENGED
01:28:12.227 [main] DEBUG org.apache.http.client.protocol.RequestProxyAuthentication -- Proxy auth state: UNCHALLENGED
01:28:12.227 [main] DEBUG org.apache.http.impl.client.DefaultHttpClient -- Attempt 1 to execute request
01:28:12.227 [main] DEBUG org.apache.http.impl.conn.DefaultClientConnection -- Sending request: POST /api/products HTTP/1.1
01:28:12.227 [main] DEBUG org.apache.http.wire --  >> "POST /api/products HTTP/1.1[\r][\n]"
01:28:12.227 [main] DEBUG org.apache.http.wire --  >> "Accept: */*[\r][\n]"
01:28:12.227 [main] DEBUG org.apache.http.wire --  >> "Content-Type: application/json[\r][\n]"
01:28:12.227 [main] DEBUG org.apache.http.wire --  >> "Content-Length: 56[\r][\n]"
01:28:12.227 [main] DEBUG org.apache.http.wire --  >> "Host: altashop-api.fly.dev[\r][\n]"
01:28:12.227 [main] DEBUG org.apache.http.wire --  >> "Connection: Keep-Alive[\r][\n]"
01:28:12.227 [main] DEBUG org.apache.http.wire --  >> "User-Agent: Apache-HttpClient/4.5.13 (Java/17.0.8)[\r][\n]"
01:28:12.227 [main] DEBUG org.apache.http.wire --  >> "Accept-Encoding: gzip,deflate[\r][\n]"
01:28:12.227 [main] DEBUG org.apache.http.wire --  >> "[\r][\n]"
01:28:12.227 [main] DEBUG org.apache.http.headers -- >> POST /api/products HTTP/1.1
01:28:12.227 [main] DEBUG org.apache.http.headers -- >> Accept: */*
01:28:12.227 [main] DEBUG org.apache.http.headers -- >> Content-Type: application/json
01:28:12.227 [main] DEBUG org.apache.http.headers -- >> Content-Length: 56
01:28:12.227 [main] DEBUG org.apache.http.headers -- >> Host: altashop-api.fly.dev
01:28:12.227 [main] DEBUG org.apache.http.headers -- >> Connection: Keep-Alive
01:28:12.227 [main] DEBUG org.apache.http.headers -- >> User-Agent: Apache-HttpClient/4.5.13 (Java/17.0.8)
01:28:12.227 [main] DEBUG org.apache.http.headers -- >> Accept-Encoding: gzip,deflate
01:28:12.227 [main] DEBUG org.apache.http.wire --  >> "{"price":"","name":"","description":"","categories":[1]}"
01:28:12.250 [main] DEBUG org.apache.http.wire --  << "HTTP/1.1 400 Bad Request[\r][\n]"
01:28:12.250 [main] DEBUG org.apache.http.wire --  << "content-type: application/json[\r][\n]"
01:28:12.250 [main] DEBUG org.apache.http.wire --  << "date: Thu, 02 Nov 2023 18:28:13 GMT[\r][\n]"
01:28:12.250 [main] DEBUG org.apache.http.wire --  << "content-encoding: gzip[\r][\n]"
01:28:12.250 [main] DEBUG org.apache.http.wire --  << "transfer-encoding: chunked[\r][\n]"
01:28:12.250 [main] DEBUG org.apache.http.wire --  << "server: Fly/7328d5b5 (2023-10-27)[\r][\n]"
01:28:12.250 [main] DEBUG org.apache.http.wire --  << "via: 1.1 fly.io[\r][\n]"
01:28:12.250 [main] DEBUG org.apache.http.wire --  << "fly-request-id: 01HE8MP0BC49YBE8PR6QNGDR6X-sin[\r][\n]"
01:28:12.250 [main] DEBUG org.apache.http.wire --  << "[\r][\n]"
01:28:12.250 [main] DEBUG org.apache.http.impl.conn.DefaultClientConnection -- Receiving response: HTTP/1.1 400 Bad Request
01:28:12.250 [main] DEBUG org.apache.http.headers -- << HTTP/1.1 400 Bad Request
01:28:12.250 [main] DEBUG org.apache.http.headers -- << content-type: application/json
01:28:12.250 [main] DEBUG org.apache.http.headers -- << date: Thu, 02 Nov 2023 18:28:13 GMT
01:28:12.250 [main] DEBUG org.apache.http.headers -- << content-encoding: gzip
01:28:12.250 [main] DEBUG org.apache.http.headers -- << transfer-encoding: chunked
01:28:12.250 [main] DEBUG org.apache.http.headers -- << server: Fly/7328d5b5 (2023-10-27)
01:28:12.250 [main] DEBUG org.apache.http.headers -- << via: 1.1 fly.io
01:28:12.250 [main] DEBUG org.apache.http.headers -- << fly-request-id: 01HE8MP0BC49YBE8PR6QNGDR6X-sin
01:28:12.250 [main] DEBUG org.apache.http.impl.client.DefaultHttpClient -- Connection can be kept alive indefinitely
01:28:12.250 [main] DEBUG io.restassured.internal.RestAssuredHttpBuilder -- Parsing response as: application/json
01:28:12.250 [main] DEBUG org.apache.http.wire --  << "71[\r][\n]"
01:28:12.250 [main] DEBUG org.apache.http.wire --  << "[0x1f][0x8b][0x8][0x0][0x0][0x0][0x0][0x0][0x4][0xff][0xab]VJ-*[0xca]/R[0xb2]R[0xca]*[0xce][0xcf][0xb3]RHN[0xcc][0xcb][0xcb]/Q([0xcd][0xcb]M,*[0xce]H[0xcc]Q(.)[0xca][0xcc]KW[0xc8][0xcc]+[0xc9]Wp[0xcf][0x7]qK[0x93]K[0x14][0xd2]2SsR[0x14][0x2][0x8a][0xf2]SJ[0x93]K[0x9c][0x8b]R[0x13]KR[0xf5][\n]"
01:28:12.250 [main] DEBUG org.apache.http.wire --  << "[0x8a]2[0x93]S[0x15][0xf2][0xd3][0x14]J*[0xb]R[0x15]J3[0xf3]J[0x94]j[0xb9][0x0][0xd2][0x2]#[0xd6]`[0x0][0x0][0x0]"
01:28:12.250 [main] DEBUG org.apache.http.wire --  << "[\r][\n]"
01:28:12.251 [main] DEBUG org.apache.http.wire --  << "0[\r][\n]"
01:28:12.251 [main] DEBUG org.apache.http.wire --  << "[\r][\n]"
01:28:12.251 [main] DEBUG io.restassured.internal.RestAssuredHttpBuilder -- Parsed data to instance of: class org.apache.http.conn.EofSensorInputStream
01:28:12.251 [main] DEBUG org.apache.http.impl.conn.BasicClientConnectionManager -- Releasing connection org.apache.http.impl.conn.ManagedClientConnectionImpl@3285c141
01:28:12.251 [main] DEBUG org.apache.http.impl.conn.BasicClientConnectionManager -- Connection can be kept alive indefinitely
01:28:12.251 [main] DEBUG net.thucydides.core.steps.StepInterceptor -- STEP DONE: I POST HTTP request for add new products with body parameter is empty
  &amp#27;[32mWhen &amp#27;[0m&amp#27;[32mI POST HTTP request for add new products with body parameter is empty&amp#27;[0m               &amp#27;[90m# starter.stepdefinition.ProductsSteps.postHTTPRequestForAddNewProductsWithBodyParameterIsEmpty()&amp#27;[0m
01:28:12.254 [main] DEBUG net.thucydides.core.steps.StepInterceptor -- STARTING STEP: ProductsSteps.receiveResponseCode400ForAddNewProductsWithBodyParameterIsEmpty - I receive valid HTTP response 400 for add new products with body parameter is empty
01:28:12.255 [main] DEBUG net.thucydides.core.steps.StepInterceptor -- STEP DONE: I receive valid HTTP response 400 for add new products with body parameter is empty
  &amp#27;[32mThen &amp#27;[0m&amp#27;[32mI receive valid HTTP response 400 for add new products with body parameter is empty&amp#27;[0m &amp#27;[90m# starter.stepdefinition.ProductsSteps.receiveResponseCode400ForAddNewProductsWithBodyParameterIsEmpty()&amp#27;[0m
01:28:12.255 [main] INFO  -- 
  _____   ___   ___   _____     ___     _     ___   ___   ___   ___  
 |_   _| | __| / __| |_   _|   | _ \   /_\   / __| / __| | __| |   \ 
   | |   | _|  \__ \   | |     |  _/  / _ \  \__ \ \__ \ | _|  | |) |
   |_|   |___| |___/   |_|     |_|   /_/ \_\ |___/ |___/ |___| |___/ 

TC48 - Add new product with body parameter is empty
----------------------------------------------------------------------
]]></system-out>
  </testcase>
  <testcase name="TC49 - Add new products with invalid HTTP method" classname="[05_Automation] - Product" time="0.1">
    <system-out><![CDATA[
Scenario: TC49 - Add new products with invalid HTTP method                                 &amp#27;[90m# src/test/resources/Products.feature:63&amp#27;[0m
01:28:12.261 [main] INFO io.cucumber.core.plugin.SerenityReporter -- Running feature from file:///D:/TaksAlterra/MiniProject/MiniProject_API/src/test/resources/Products.feature
01:28:12.261 [main] WARN io.cucumber.core.plugin.SerenityReporter -- Feature from file:///D:/TaksAlterra/MiniProject/MiniProject_API/src/test/resources/Products.feature is not under the 'features' directory. Requirements report will not be correctly generated!
01:28:12.262 [main] INFO  -- 
  _____   ___   ___   _____     ___   _____     _     ___   _____   ___   ___  
 |_   _| | __| / __| |_   _|   / __| |_   _|   /_\   | _ \ |_   _| | __| |   \ 
   | |   | _|  \__ \   | |     \__ \   | |    / _ \  |   /   | |   | _|  | |) |
   |_|   |___| |___/   |_|     |___/   |_|   /_/ \_\ |_|_\   |_|   |___| |___/ 

TC49 - Add new products with invalid HTTP method([05-automation]---product;tc49---add-new-products-with-invalid-http-method)
--------------------------------------------------------------------------------
01:28:12.266 [main] DEBUG net.thucydides.core.steps.StepInterceptor -- STARTING STEP: ProductsSteps.putAddNewProductsEndpoints - I PUT add new products endpoints
01:28:12.266 [main] DEBUG net.thucydides.core.steps.StepInterceptor -- STEP DONE: I PUT add new products endpoints
  &amp#27;[32mGiven &amp#27;[0m&amp#27;[32mI PUT add new products endpoints&amp#27;[0m                                                   &amp#27;[90m# starter.stepdefinition.ProductsSteps.putAddNewProductsEndpoints()&amp#27;[0m
01:28:12.267 [main] DEBUG net.thucydides.core.steps.StepInterceptor -- STARTING STEP: ProductsSteps.sendRequestForAddNewProductsWithInvalidHTTPMethod - I send request for add new products with invalid HTTP method
01:28:12.268 [main] DEBUG net.thucydides.core.steps.StepInterceptor -- STARTING STEP: Products.sendRequestForAddNewProductsWithInvalidHTTPMethod - I PUT add new products endpoints
01:28:12.268 [main] DEBUG net.thucydides.core.steps.StepInterceptor -- STEP DONE: I PUT add new products endpoints
01:28:12.276 [main] DEBUG org.apache.http.impl.conn.BasicClientConnectionManager -- Get connection for route {s}->https://altashop-api.fly.dev:443
01:28:12.276 [main] DEBUG org.apache.http.impl.conn.DefaultClientConnectionOperator -- Connecting to altashop-api.fly.dev:443
01:28:12.325 [main] DEBUG org.apache.http.client.protocol.RequestAddCookies -- CookieSpec selected: ignoreCookies
01:28:12.325 [main] DEBUG org.apache.http.client.protocol.RequestAuthCache -- Auth cache not set in the context
01:28:12.325 [main] DEBUG org.apache.http.client.protocol.RequestTargetAuthentication -- Target auth state: UNCHALLENGED
01:28:12.325 [main] DEBUG org.apache.http.client.protocol.RequestProxyAuthentication -- Proxy auth state: UNCHALLENGED
01:28:12.325 [main] DEBUG org.apache.http.impl.client.DefaultHttpClient -- Attempt 1 to execute request
01:28:12.325 [main] DEBUG org.apache.http.impl.conn.DefaultClientConnection -- Sending request: PUT /api/products HTTP/1.1
01:28:12.325 [main] DEBUG org.apache.http.wire --  >> "PUT /api/products HTTP/1.1[\r][\n]"
01:28:12.325 [main] DEBUG org.apache.http.wire --  >> "Accept: */*[\r][\n]"
01:28:12.325 [main] DEBUG org.apache.http.wire --  >> "Content-Type: application/json[\r][\n]"
01:28:12.325 [main] DEBUG org.apache.http.wire --  >> "Content-Length: 83[\r][\n]"
01:28:12.325 [main] DEBUG org.apache.http.wire --  >> "Host: altashop-api.fly.dev[\r][\n]"
01:28:12.325 [main] DEBUG org.apache.http.wire --  >> "Connection: Keep-Alive[\r][\n]"
01:28:12.325 [main] DEBUG org.apache.http.wire --  >> "User-Agent: Apache-HttpClient/4.5.13 (Java/17.0.8)[\r][\n]"
01:28:12.325 [main] DEBUG org.apache.http.wire --  >> "Accept-Encoding: gzip,deflate[\r][\n]"
01:28:12.325 [main] DEBUG org.apache.http.wire --  >> "[\r][\n]"
01:28:12.325 [main] DEBUG org.apache.http.headers -- >> PUT /api/products HTTP/1.1
01:28:12.325 [main] DEBUG org.apache.http.headers -- >> Accept: */*
01:28:12.325 [main] DEBUG org.apache.http.headers -- >> Content-Type: application/json
01:28:12.325 [main] DEBUG org.apache.http.headers -- >> Content-Length: 83
01:28:12.325 [main] DEBUG org.apache.http.headers -- >> Host: altashop-api.fly.dev
01:28:12.325 [main] DEBUG org.apache.http.headers -- >> Connection: Keep-Alive
01:28:12.325 [main] DEBUG org.apache.http.headers -- >> User-Agent: Apache-HttpClient/4.5.13 (Java/17.0.8)
01:28:12.325 [main] DEBUG org.apache.http.headers -- >> Accept-Encoding: gzip,deflate
01:28:12.325 [main] DEBUG org.apache.http.wire --  >> "{"price":299,"name":"Sony PS5","description":"play has no limits","categories":[1]}"
01:28:12.350 [main] DEBUG org.apache.http.wire --  << "HTTP/1.1 405 Method Not Allowed[\r][\n]"
01:28:12.350 [main] DEBUG org.apache.http.wire --  << "date: Thu, 02 Nov 2023 18:28:13 GMT[\r][\n]"
01:28:12.350 [main] DEBUG org.apache.http.wire --  << "content-encoding: gzip[\r][\n]"
01:28:12.350 [main] DEBUG org.apache.http.wire --  << "content-type: text/plain; charset=utf-8[\r][\n]"
01:28:12.350 [main] DEBUG org.apache.http.wire --  << "transfer-encoding: chunked[\r][\n]"
01:28:12.350 [main] DEBUG org.apache.http.wire --  << "server: Fly/7328d5b5 (2023-10-27)[\r][\n]"
01:28:12.350 [main] DEBUG org.apache.http.wire --  << "via: 1.1 fly.io[\r][\n]"
01:28:12.350 [main] DEBUG org.apache.http.wire --  << "fly-request-id: 01HE8MP0EHKD0GYP2JMCZRPY4C-sin[\r][\n]"
01:28:12.350 [main] DEBUG org.apache.http.wire --  << "[\r][\n]"
01:28:12.350 [main] DEBUG org.apache.http.impl.conn.DefaultClientConnection -- Receiving response: HTTP/1.1 405 Method Not Allowed
01:28:12.350 [main] DEBUG org.apache.http.headers -- << HTTP/1.1 405 Method Not Allowed
01:28:12.350 [main] DEBUG org.apache.http.headers -- << date: Thu, 02 Nov 2023 18:28:13 GMT
01:28:12.350 [main] DEBUG org.apache.http.headers -- << content-encoding: gzip
01:28:12.350 [main] DEBUG org.apache.http.headers -- << content-type: text/plain; charset=utf-8
01:28:12.350 [main] DEBUG org.apache.http.headers -- << transfer-encoding: chunked
01:28:12.350 [main] DEBUG org.apache.http.headers -- << server: Fly/7328d5b5 (2023-10-27)
01:28:12.350 [main] DEBUG org.apache.http.headers -- << via: 1.1 fly.io
01:28:12.350 [main] DEBUG org.apache.http.headers -- << fly-request-id: 01HE8MP0EHKD0GYP2JMCZRPY4C-sin
01:28:12.350 [main] DEBUG org.apache.http.impl.client.DefaultHttpClient -- Connection can be kept alive indefinitely
01:28:12.350 [main] DEBUG io.restassured.internal.RestAssuredHttpBuilder -- Parsing response as: text/plain; charset=utf-8
01:28:12.351 [main] DEBUG org.apache.http.wire --  << "27[\r][\n]"
01:28:12.351 [main] DEBUG org.apache.http.wire --  << "[0x1f][0x8b][0x8][0x0][0x0][0x0][0x0][0x0][0x4][0xff][0xcb]M-[0xc9][0xc8]OQ[0xc8][0xcb]/QH[0xcc][0xc9][0xc9]/OM[0xe1][0x2][0x0][0xe5]Yf[0xfa][0x13][0x0][0x0][0x0]"
01:28:12.351 [main] DEBUG org.apache.http.wire --  << "[\r][\n]"
01:28:12.351 [main] DEBUG org.apache.http.wire --  << "0[\r][\n]"
01:28:12.351 [main] DEBUG org.apache.http.wire --  << "[\r][\n]"
01:28:12.351 [main] DEBUG io.restassured.internal.RestAssuredHttpBuilder -- Parsed data to instance of: class org.apache.http.conn.EofSensorInputStream
01:28:12.352 [main] DEBUG org.apache.http.impl.conn.BasicClientConnectionManager -- Releasing connection org.apache.http.impl.conn.ManagedClientConnectionImpl@64f34c91
01:28:12.352 [main] DEBUG org.apache.http.impl.conn.BasicClientConnectionManager -- Connection can be kept alive indefinitely
01:28:12.353 [main] DEBUG net.thucydides.core.steps.StepInterceptor -- STEP DONE: I send request for add new products with invalid HTTP method
  &amp#27;[32mWhen &amp#27;[0m&amp#27;[32mI send request for add new products with invalid HTTP method&amp#27;[0m                        &amp#27;[90m# starter.stepdefinition.ProductsSteps.sendRequestForAddNewProductsWithInvalidHTTPMethod()&amp#27;[0m
01:28:12.354 [main] DEBUG net.thucydides.core.steps.StepInterceptor -- STARTING STEP: ProductsSteps.receiveResponseCode405ForAddNewProductsWithInvalidHTTPMethod - I receive valid HTTP response 405 for for add new products with invalid HTTP method
01:28:12.355 [main] DEBUG net.thucydides.core.steps.StepInterceptor -- STEP DONE: I receive valid HTTP response 405 for for add new products with invalid HTTP method
  &amp#27;[32mThen &amp#27;[0m&amp#27;[32mI receive valid HTTP response 405 for for add new products with invalid HTTP method&amp#27;[0m &amp#27;[90m# starter.stepdefinition.ProductsSteps.receiveResponseCode405ForAddNewProductsWithInvalidHTTPMethod()&amp#27;[0m
01:28:12.356 [main] INFO  -- 
  _____   ___   ___   _____     ___     _     ___   ___   ___   ___  
 |_   _| | __| / __| |_   _|   | _ \   /_\   / __| / __| | __| |   \ 
   | |   | _|  \__ \   | |     |  _/  / _ \  \__ \ \__ \ | _|  | |) |
   |_|   |___| |___/   |_|     |_|   /_/ \_\ |___/ |___/ |___| |___/ 

TC49 - Add new products with invalid HTTP method
----------------------------------------------------------------------
]]></system-out>
  </testcase>
  <testcase name="TC50 - Get products by ID" classname="[05_Automation] - Product" time="0.103">
    <system-out><![CDATA[
Scenario: TC50 - Get products by ID                             &amp#27;[90m# src/test/resources/Products.feature:68&amp#27;[0m
01:28:12.362 [main] INFO io.cucumber.core.plugin.SerenityReporter -- Running feature from file:///D:/TaksAlterra/MiniProject/MiniProject_API/src/test/resources/Products.feature
01:28:12.362 [main] WARN io.cucumber.core.plugin.SerenityReporter -- Feature from file:///D:/TaksAlterra/MiniProject/MiniProject_API/src/test/resources/Products.feature is not under the 'features' directory. Requirements report will not be correctly generated!
01:28:12.363 [main] INFO  -- 
  _____   ___   ___   _____     ___   _____     _     ___   _____   ___   ___  
 |_   _| | __| / __| |_   _|   / __| |_   _|   /_\   | _ \ |_   _| | __| |   \ 
   | |   | _|  \__ \   | |     \__ \   | |    / _ \  |   /   | |   | _|  | |) |
   |_|   |___| |___/   |_|     |___/   |_|   /_/ \_\ |_|_\   |_|   |___| |___/ 

TC50 - Get products by ID([05-automation]---product;tc50---get-products-by-id)
--------------------------------------------------------------------------------
01:28:12.366 [main] DEBUG net.thucydides.core.steps.StepInterceptor -- STARTING STEP: ProductsSteps.getProductsEndpointsByID - I GET products endpoints by ID
01:28:12.366 [main] DEBUG net.thucydides.core.steps.StepInterceptor -- STEP DONE: I GET products endpoints by ID
  &amp#27;[32mGiven &amp#27;[0m&amp#27;[32mI GET products endpoints by ID&amp#27;[0m                          &amp#27;[90m# starter.stepdefinition.ProductsSteps.getProductsEndpointsByID()&amp#27;[0m
01:28:12.367 [main] DEBUG net.thucydides.core.steps.StepInterceptor -- STARTING STEP: ProductsSteps.getHTTPRequestForProductsWithValidID - I GET HTTP request for products with valid ID
01:28:12.368 [main] DEBUG net.thucydides.core.steps.StepInterceptor -- STARTING STEP: Products.getHTTPRequestForProductsWithValidID - I GET products endpoints by ID
01:28:12.368 [main] DEBUG net.thucydides.core.steps.StepInterceptor -- STEP DONE: I GET products endpoints by ID
01:28:12.371 [main] DEBUG org.apache.http.impl.conn.BasicClientConnectionManager -- Get connection for route {s}->https://altashop-api.fly.dev:443
01:28:12.371 [main] DEBUG org.apache.http.impl.conn.DefaultClientConnectionOperator -- Connecting to altashop-api.fly.dev:443
01:28:12.427 [main] DEBUG org.apache.http.client.protocol.RequestAddCookies -- CookieSpec selected: ignoreCookies
01:28:12.427 [main] DEBUG org.apache.http.client.protocol.RequestAuthCache -- Auth cache not set in the context
01:28:12.427 [main] DEBUG org.apache.http.client.protocol.RequestTargetAuthentication -- Target auth state: UNCHALLENGED
01:28:12.427 [main] DEBUG org.apache.http.client.protocol.RequestProxyAuthentication -- Proxy auth state: UNCHALLENGED
01:28:12.427 [main] DEBUG org.apache.http.impl.client.DefaultHttpClient -- Attempt 1 to execute request
01:28:12.427 [main] DEBUG org.apache.http.impl.conn.DefaultClientConnection -- Sending request: GET /api/products/85536 HTTP/1.1
01:28:12.427 [main] DEBUG org.apache.http.wire --  >> "GET /api/products/85536 HTTP/1.1[\r][\n]"
01:28:12.427 [main] DEBUG org.apache.http.wire --  >> "Accept: */*[\r][\n]"
01:28:12.427 [main] DEBUG org.apache.http.wire --  >> "Host: altashop-api.fly.dev[\r][\n]"
01:28:12.427 [main] DEBUG org.apache.http.wire --  >> "Connection: Keep-Alive[\r][\n]"
01:28:12.427 [main] DEBUG org.apache.http.wire --  >> "User-Agent: Apache-HttpClient/4.5.13 (Java/17.0.8)[\r][\n]"
01:28:12.427 [main] DEBUG org.apache.http.wire --  >> "Accept-Encoding: gzip,deflate[\r][\n]"
01:28:12.427 [main] DEBUG org.apache.http.wire --  >> "[\r][\n]"
01:28:12.427 [main] DEBUG org.apache.http.headers -- >> GET /api/products/85536 HTTP/1.1
01:28:12.427 [main] DEBUG org.apache.http.headers -- >> Accept: */*
01:28:12.427 [main] DEBUG org.apache.http.headers -- >> Host: altashop-api.fly.dev
01:28:12.427 [main] DEBUG org.apache.http.headers -- >> Connection: Keep-Alive
01:28:12.427 [main] DEBUG org.apache.http.headers -- >> User-Agent: Apache-HttpClient/4.5.13 (Java/17.0.8)
01:28:12.427 [main] DEBUG org.apache.http.headers -- >> Accept-Encoding: gzip,deflate
01:28:12.455 [main] DEBUG org.apache.http.wire --  << "HTTP/1.1 200 OK[\r][\n]"
01:28:12.455 [main] DEBUG org.apache.http.wire --  << "content-type: application/json[\r][\n]"
01:28:12.455 [main] DEBUG org.apache.http.wire --  << "date: Thu, 02 Nov 2023 18:28:14 GMT[\r][\n]"
01:28:12.455 [main] DEBUG org.apache.http.wire --  << "content-encoding: gzip[\r][\n]"
01:28:12.455 [main] DEBUG org.apache.http.wire --  << "transfer-encoding: chunked[\r][\n]"
01:28:12.455 [main] DEBUG org.apache.http.wire --  << "server: Fly/7328d5b5 (2023-10-27)[\r][\n]"
01:28:12.455 [main] DEBUG org.apache.http.wire --  << "via: 1.1 fly.io[\r][\n]"
01:28:12.455 [main] DEBUG org.apache.http.wire --  << "fly-request-id: 01HE8MP0HNQQ2263BWXY1ZY9EK-sin[\r][\n]"
01:28:12.455 [main] DEBUG org.apache.http.wire --  << "[\r][\n]"
01:28:12.455 [main] DEBUG org.apache.http.impl.conn.DefaultClientConnection -- Receiving response: HTTP/1.1 200 OK
01:28:12.455 [main] DEBUG org.apache.http.headers -- << HTTP/1.1 200 OK
01:28:12.455 [main] DEBUG org.apache.http.headers -- << content-type: application/json
01:28:12.455 [main] DEBUG org.apache.http.headers -- << date: Thu, 02 Nov 2023 18:28:14 GMT
01:28:12.455 [main] DEBUG org.apache.http.headers -- << content-encoding: gzip
01:28:12.455 [main] DEBUG org.apache.http.headers -- << transfer-encoding: chunked
01:28:12.455 [main] DEBUG org.apache.http.headers -- << server: Fly/7328d5b5 (2023-10-27)
01:28:12.455 [main] DEBUG org.apache.http.headers -- << via: 1.1 fly.io
01:28:12.455 [main] DEBUG org.apache.http.headers -- << fly-request-id: 01HE8MP0HNQQ2263BWXY1ZY9EK-sin
01:28:12.455 [main] DEBUG org.apache.http.impl.client.DefaultHttpClient -- Connection can be kept alive indefinitely
01:28:12.455 [main] DEBUG io.restassured.internal.RestAssuredHttpBuilder -- Parsing response as: application/json
01:28:12.455 [main] DEBUG org.apache.http.wire --  << "8D[\r][\n]"
01:28:12.455 [main] DEBUG org.apache.http.wire --  << "[0x1f][0x8b][0x8][0x0][0x0][0x0][0x0][0x0][0x4][0xff][0xab]VJI,IT[0xb2][0xaa]V[0xf2]tQ[0xb2][0xb2]0556[0xd3]Q[0xf2]K[0xcc]MU[0xb2]R[\n]"
01:28:12.455 [main] DEBUG org.apache.http.wire --  << "r[0x8c]r[\r]R[0xd2]QrI-N.[0xca],([0xc9][0xcc][0xcf]S[0xb2]RrrU[0x8][0xf1]pU[0x8][0xf0][0xf7][0xc][0xf6][0xf4][0xf7]S[0xf0][0xf7]S[0x88][0xf4][0xf][\r]R[0x8]qu[0xf4]U[0xd2]Q[\n]"
01:28:12.455 [main] DEBUG org.apache.http.wire --  << "([0xca]LNU[0xb2]260[0xd0]Q[\n]"
01:28:12.455 [main] DEBUG org.apache.http.wire --  << "J,[0xc9][0xcc]K/V[0xb2]2[0xd6]QrN,IM[0xcf]/[0xca]L-V[0xb2][0x8a][0x8e][0xad][0xad][0xe5][0x2][0x0][0x92][0x17][0xfb][0xdb]y[0x0][0x0][0x0]"
01:28:12.455 [main] DEBUG org.apache.http.wire --  << "[\r][\n]"
01:28:12.455 [main] DEBUG org.apache.http.wire --  << "0[\r][\n]"
01:28:12.455 [main] DEBUG org.apache.http.wire --  << "[\r][\n]"
01:28:12.455 [main] DEBUG io.restassured.internal.RestAssuredHttpBuilder -- Parsed data to instance of: class org.apache.http.conn.EofSensorInputStream
01:28:12.456 [main] DEBUG org.apache.http.impl.conn.BasicClientConnectionManager -- Releasing connection org.apache.http.impl.conn.ManagedClientConnectionImpl@6b02909d
01:28:12.456 [main] DEBUG org.apache.http.impl.conn.BasicClientConnectionManager -- Connection can be kept alive indefinitely
01:28:12.456 [main] DEBUG net.thucydides.core.steps.StepInterceptor -- STEP DONE: I GET HTTP request for products with valid ID
  &amp#27;[32mWhen &amp#27;[0m&amp#27;[32mI GET HTTP request for products with valid ID&amp#27;[0m            &amp#27;[90m# starter.stepdefinition.ProductsSteps.getHTTPRequestForProductsWithValidID()&amp#27;[0m
01:28:12.458 [main] DEBUG net.thucydides.core.steps.StepInterceptor -- STARTING STEP: ProductsSteps.receiveResponseCode200ForProductsWithValidID - I receive valid HTTP response 200 for get products by ID
01:28:12.458 [main] DEBUG net.thucydides.core.steps.StepInterceptor -- STEP DONE: I receive valid HTTP response 200 for get products by ID
  &amp#27;[32mThen &amp#27;[0m&amp#27;[32mI receive valid HTTP response 200 for get products by ID&amp#27;[0m &amp#27;[90m# starter.stepdefinition.ProductsSteps.receiveResponseCode200ForProductsWithValidID()&amp#27;[0m
01:28:12.460 [main] INFO  -- 
  _____   ___   ___   _____     ___     _     ___   ___   ___   ___  
 |_   _| | __| / __| |_   _|   | _ \   /_\   / __| / __| | __| |   \ 
   | |   | _|  \__ \   | |     |  _/  / _ \  \__ \ \__ \ | _|  | |) |
   |_|   |___| |___/   |_|     |_|   /_/ \_\ |___/ |___/ |___| |___/ 

TC50 - Get products by ID
----------------------------------------------------------------------
]]></system-out>
  </testcase>
  <testcase name="TC51 - Get product using invalid ID with character symbols" classname="[05_Automation] - Product" time="0.104">
    <system-out><![CDATA[
Scenario: TC51 - Get product using invalid ID with character symbols                              &amp#27;[90m# src/test/resources/Products.feature:73&amp#27;[0m
01:28:12.463 [main] INFO io.cucumber.core.plugin.SerenityReporter -- Running feature from file:///D:/TaksAlterra/MiniProject/MiniProject_API/src/test/resources/Products.feature
01:28:12.463 [main] WARN io.cucumber.core.plugin.SerenityReporter -- Feature from file:///D:/TaksAlterra/MiniProject/MiniProject_API/src/test/resources/Products.feature is not under the 'features' directory. Requirements report will not be correctly generated!
01:28:12.463 [main] INFO  -- 
  _____   ___   ___   _____     ___   _____     _     ___   _____   ___   ___  
 |_   _| | __| / __| |_   _|   / __| |_   _|   /_\   | _ \ |_   _| | __| |   \ 
   | |   | _|  \__ \   | |     \__ \   | |    / _ \  |   /   | |   | _|  | |) |
   |_|   |___| |___/   |_|     |___/   |_|   /_/ \_\ |_|_\   |_|   |___| |___/ 

TC51 - Get product using invalid ID with character symbols([05-automation]---product;tc51---get-product-using-invalid-id-with-character-symbols)
--------------------------------------------------------------------------------
01:28:12.467 [main] DEBUG net.thucydides.core.steps.StepInterceptor -- STARTING STEP: ProductsSteps.getProductsEndpointsByID2 - I GET products endpoints by ID 2
01:28:12.467 [main] DEBUG net.thucydides.core.steps.StepInterceptor -- STEP DONE: I GET products endpoints by ID 2
  &amp#27;[32mGiven &amp#27;[0m&amp#27;[32mI GET products endpoints by ID 2&amp#27;[0m                                                          &amp#27;[90m# starter.stepdefinition.ProductsSteps.getProductsEndpointsByID2()&amp#27;[0m
01:28:12.468 [main] DEBUG net.thucydides.core.steps.StepInterceptor -- STARTING STEP: ProductsSteps.getHTTPRequestsForProductsUsingInvalidIDWithCharacterSysmbols - I GET HTTP request for products using invalid ID with character symbols
01:28:12.469 [main] DEBUG net.thucydides.core.steps.StepInterceptor -- STARTING STEP: Products.getHTTPRequestsForProductsUsingInvalidIDWithCharacterSysmbols - I GET products endpoints by ID 2
01:28:12.470 [main] DEBUG net.thucydides.core.steps.StepInterceptor -- STEP DONE: I GET products endpoints by ID 2
01:28:12.475 [main] DEBUG org.apache.http.impl.conn.BasicClientConnectionManager -- Get connection for route {s}->https://altashop-api.fly.dev:443
01:28:12.475 [main] DEBUG org.apache.http.impl.conn.DefaultClientConnectionOperator -- Connecting to altashop-api.fly.dev:443
01:28:12.533 [main] DEBUG org.apache.http.client.protocol.RequestAddCookies -- CookieSpec selected: ignoreCookies
01:28:12.533 [main] DEBUG org.apache.http.client.protocol.RequestAuthCache -- Auth cache not set in the context
01:28:12.533 [main] DEBUG org.apache.http.client.protocol.RequestTargetAuthentication -- Target auth state: UNCHALLENGED
01:28:12.533 [main] DEBUG org.apache.http.client.protocol.RequestProxyAuthentication -- Proxy auth state: UNCHALLENGED
01:28:12.533 [main] DEBUG org.apache.http.impl.client.DefaultHttpClient -- Attempt 1 to execute request
01:28:12.533 [main] DEBUG org.apache.http.impl.conn.DefaultClientConnection -- Sending request: GET /api/products/-11318 HTTP/1.1
01:28:12.533 [main] DEBUG org.apache.http.wire --  >> "GET /api/products/-11318 HTTP/1.1[\r][\n]"
01:28:12.533 [main] DEBUG org.apache.http.wire --  >> "Accept: */*[\r][\n]"
01:28:12.533 [main] DEBUG org.apache.http.wire --  >> "Host: altashop-api.fly.dev[\r][\n]"
01:28:12.533 [main] DEBUG org.apache.http.wire --  >> "Connection: Keep-Alive[\r][\n]"
01:28:12.533 [main] DEBUG org.apache.http.wire --  >> "User-Agent: Apache-HttpClient/4.5.13 (Java/17.0.8)[\r][\n]"
01:28:12.533 [main] DEBUG org.apache.http.wire --  >> "Accept-Encoding: gzip,deflate[\r][\n]"
01:28:12.533 [main] DEBUG org.apache.http.wire --  >> "[\r][\n]"
01:28:12.533 [main] DEBUG org.apache.http.headers -- >> GET /api/products/-11318 HTTP/1.1
01:28:12.533 [main] DEBUG org.apache.http.headers -- >> Accept: */*
01:28:12.533 [main] DEBUG org.apache.http.headers -- >> Host: altashop-api.fly.dev
01:28:12.533 [main] DEBUG org.apache.http.headers -- >> Connection: Keep-Alive
01:28:12.533 [main] DEBUG org.apache.http.headers -- >> User-Agent: Apache-HttpClient/4.5.13 (Java/17.0.8)
01:28:12.533 [main] DEBUG org.apache.http.headers -- >> Accept-Encoding: gzip,deflate
01:28:12.557 [main] DEBUG org.apache.http.wire --  << "HTTP/1.1 500 Internal Server Error[\r][\n]"
01:28:12.557 [main] DEBUG org.apache.http.wire --  << "content-type: application/json[\r][\n]"
01:28:12.557 [main] DEBUG org.apache.http.wire --  << "date: Thu, 02 Nov 2023 18:28:14 GMT[\r][\n]"
01:28:12.557 [main] DEBUG org.apache.http.wire --  << "content-encoding: gzip[\r][\n]"
01:28:12.557 [main] DEBUG org.apache.http.wire --  << "transfer-encoding: chunked[\r][\n]"
01:28:12.557 [main] DEBUG org.apache.http.wire --  << "server: Fly/7328d5b5 (2023-10-27)[\r][\n]"
01:28:12.557 [main] DEBUG org.apache.http.wire --  << "via: 1.1 fly.io[\r][\n]"
01:28:12.557 [main] DEBUG org.apache.http.wire --  << "fly-request-id: 01HE8MP0N0CVZ5SVF8PZ8RK232-sin[\r][\n]"
01:28:12.557 [main] DEBUG org.apache.http.wire --  << "[\r][\n]"
01:28:12.557 [main] DEBUG org.apache.http.impl.conn.DefaultClientConnection -- Receiving response: HTTP/1.1 500 Internal Server Error
01:28:12.557 [main] DEBUG org.apache.http.headers -- << HTTP/1.1 500 Internal Server Error
01:28:12.557 [main] DEBUG org.apache.http.headers -- << content-type: application/json
01:28:12.557 [main] DEBUG org.apache.http.headers -- << date: Thu, 02 Nov 2023 18:28:14 GMT
01:28:12.557 [main] DEBUG org.apache.http.headers -- << content-encoding: gzip
01:28:12.557 [main] DEBUG org.apache.http.headers -- << transfer-encoding: chunked
01:28:12.557 [main] DEBUG org.apache.http.headers -- << server: Fly/7328d5b5 (2023-10-27)
01:28:12.557 [main] DEBUG org.apache.http.headers -- << via: 1.1 fly.io
01:28:12.557 [main] DEBUG org.apache.http.headers -- << fly-request-id: 01HE8MP0N0CVZ5SVF8PZ8RK232-sin
01:28:12.557 [main] DEBUG org.apache.http.impl.client.DefaultHttpClient -- Connection can be kept alive indefinitely
01:28:12.557 [main] DEBUG io.restassured.internal.RestAssuredHttpBuilder -- Parsing response as: application/json
01:28:12.557 [main] DEBUG org.apache.http.wire --  << "5C[\r][\n]"
01:28:12.557 [main] DEBUG org.apache.http.wire --  << "[0x1f][0x8b][0x8][0x0][0x0][0x0][0x0][0x0][0x4][0xff][0xab]VJ-*[0xca]/R[0xb2]R2[0xb4]01137110767[0xb0]4510[0xb2][0xb4]P[0xc8],VH/JM,I-R([0xc9]H[0xcc]S[0xc8]M[0xac][0xc8][0xcc]-[0xcd]U(K[0xcc])MUH[0xcb]/R[0xf0][0xcc]+1Q[0xaa][0xe5][0x2][0x0]r[0xc0][0xb4]aH[0x0][0x0][0x0]"
01:28:12.557 [main] DEBUG org.apache.http.wire --  << "[\r][\n]"
01:28:12.557 [main] DEBUG org.apache.http.wire --  << "0[\r][\n]"
01:28:12.557 [main] DEBUG org.apache.http.wire --  << "[\r][\n]"
01:28:12.557 [main] DEBUG io.restassured.internal.RestAssuredHttpBuilder -- Parsed data to instance of: class org.apache.http.conn.EofSensorInputStream
01:28:12.558 [main] DEBUG org.apache.http.impl.conn.BasicClientConnectionManager -- Releasing connection org.apache.http.impl.conn.ManagedClientConnectionImpl@1f1b69bb
01:28:12.558 [main] DEBUG org.apache.http.impl.conn.BasicClientConnectionManager -- Connection can be kept alive indefinitely
01:28:12.558 [main] DEBUG net.thucydides.core.steps.StepInterceptor -- STEP DONE: I GET HTTP request for products using invalid ID with character symbols
  &amp#27;[32mWhen &amp#27;[0m&amp#27;[32mI GET HTTP request for products using invalid ID with character symbols&amp#27;[0m                    &amp#27;[90m# starter.stepdefinition.ProductsSteps.getHTTPRequestsForProductsUsingInvalidIDWithCharacterSysmbols()&amp#27;[0m
01:28:12.561 [main] DEBUG net.thucydides.core.steps.StepInterceptor -- STARTING STEP: ProductsSteps.receiveResponseCode500ForProductsUsingInvalidIDWithCharacterSysmbols - I receive valid HTTP response 500 for get products using invalid ID with character symbols
01:28:12.562 [main] DEBUG net.thucydides.core.steps.StepInterceptor -- STEP DONE: I receive valid HTTP response 500 for get products using invalid ID with character symbols
  &amp#27;[32mThen &amp#27;[0m&amp#27;[32mI receive valid HTTP response 500 for get products using invalid ID with character symbols&amp#27;[0m &amp#27;[90m# starter.stepdefinition.ProductsSteps.receiveResponseCode500ForProductsUsingInvalidIDWithCharacterSysmbols()&amp#27;[0m
01:28:12.563 [main] INFO  -- 
  _____   ___   ___   _____     ___     _     ___   ___   ___   ___  
 |_   _| | __| / __| |_   _|   | _ \   /_\   / __| / __| | __| |   \ 
   | |   | _|  \__ \   | |     |  _/  / _ \  \__ \ \__ \ | _|  | |) |
   |_|   |___| |___/   |_|     |_|   /_/ \_\ |___/ |___/ |___| |___/ 

TC51 - Get product using invalid ID with character symbols
----------------------------------------------------------------------
]]></system-out>
  </testcase>
  <testcase name="TC52 - Get categories by invalid ID with character alphabet" classname="[05_Automation] - Product" time="0.109">
    <system-out><![CDATA[
Scenario: TC52 - Get categories by invalid ID with character alphabet                              &amp#27;[90m# src/test/resources/Products.feature:78&amp#27;[0m
01:28:12.568 [main] INFO io.cucumber.core.plugin.SerenityReporter -- Running feature from file:///D:/TaksAlterra/MiniProject/MiniProject_API/src/test/resources/Products.feature
01:28:12.568 [main] WARN io.cucumber.core.plugin.SerenityReporter -- Feature from file:///D:/TaksAlterra/MiniProject/MiniProject_API/src/test/resources/Products.feature is not under the 'features' directory. Requirements report will not be correctly generated!
01:28:12.568 [main] INFO  -- 
  _____   ___   ___   _____     ___   _____     _     ___   _____   ___   ___  
 |_   _| | __| / __| |_   _|   / __| |_   _|   /_\   | _ \ |_   _| | __| |   \ 
   | |   | _|  \__ \   | |     \__ \   | |    / _ \  |   /   | |   | _|  | |) |
   |_|   |___| |___/   |_|     |___/   |_|   /_/ \_\ |_|_\   |_|   |___| |___/ 

TC52 - Get categories by invalid ID with character alphabet([05-automation]---product;tc52---get-categories-by-invalid-id-with-character-alphabet)
--------------------------------------------------------------------------------
01:28:12.572 [main] DEBUG net.thucydides.core.steps.StepInterceptor -- STARTING STEP: ProductsSteps.getProductsEndpointsbyID3 - I GET products endpoints by ID 3
01:28:12.572 [main] DEBUG net.thucydides.core.steps.StepInterceptor -- STEP DONE: I GET products endpoints by ID 3
  &amp#27;[32mGiven &amp#27;[0m&amp#27;[32mI GET products endpoints by ID 3&amp#27;[0m                                                           &amp#27;[90m# starter.stepdefinition.ProductsSteps.getProductsEndpointsbyID3()&amp#27;[0m
01:28:12.573 [main] DEBUG net.thucydides.core.steps.StepInterceptor -- STARTING STEP: ProductsSteps.getHTTPRequestsForProductsUsingInvalidIDWithCharacterAlphabet - I GET HTTP request for products using invalid ID with character alphabet
01:28:12.573 [main] DEBUG net.thucydides.core.steps.StepInterceptor -- STARTING STEP: Products.getHTTPRequestsForProductsUsingInvalidIDWithCharacterAlphabet - I GET products endpoints by ID 3
01:28:12.573 [main] DEBUG net.thucydides.core.steps.StepInterceptor -- STEP DONE: I GET products endpoints by ID 3
01:28:12.576 [main] DEBUG org.apache.http.impl.conn.BasicClientConnectionManager -- Get connection for route {s}->https://altashop-api.fly.dev:443
01:28:12.576 [main] DEBUG org.apache.http.impl.conn.DefaultClientConnectionOperator -- Connecting to altashop-api.fly.dev:443
01:28:12.641 [main] DEBUG org.apache.http.client.protocol.RequestAddCookies -- CookieSpec selected: ignoreCookies
01:28:12.641 [main] DEBUG org.apache.http.client.protocol.RequestAuthCache -- Auth cache not set in the context
01:28:12.641 [main] DEBUG org.apache.http.client.protocol.RequestTargetAuthentication -- Target auth state: UNCHALLENGED
01:28:12.641 [main] DEBUG org.apache.http.client.protocol.RequestProxyAuthentication -- Proxy auth state: UNCHALLENGED
01:28:12.641 [main] DEBUG org.apache.http.impl.client.DefaultHttpClient -- Attempt 1 to execute request
01:28:12.641 [main] DEBUG org.apache.http.impl.conn.DefaultClientConnection -- Sending request: GET /api/products/satu HTTP/1.1
01:28:12.641 [main] DEBUG org.apache.http.wire --  >> "GET /api/products/satu HTTP/1.1[\r][\n]"
01:28:12.641 [main] DEBUG org.apache.http.wire --  >> "Accept: */*[\r][\n]"
01:28:12.641 [main] DEBUG org.apache.http.wire --  >> "Host: altashop-api.fly.dev[\r][\n]"
01:28:12.641 [main] DEBUG org.apache.http.wire --  >> "Connection: Keep-Alive[\r][\n]"
01:28:12.641 [main] DEBUG org.apache.http.wire --  >> "User-Agent: Apache-HttpClient/4.5.13 (Java/17.0.8)[\r][\n]"
01:28:12.641 [main] DEBUG org.apache.http.wire --  >> "Accept-Encoding: gzip,deflate[\r][\n]"
01:28:12.641 [main] DEBUG org.apache.http.wire --  >> "[\r][\n]"
01:28:12.641 [main] DEBUG org.apache.http.headers -- >> GET /api/products/satu HTTP/1.1
01:28:12.641 [main] DEBUG org.apache.http.headers -- >> Accept: */*
01:28:12.641 [main] DEBUG org.apache.http.headers -- >> Host: altashop-api.fly.dev
01:28:12.641 [main] DEBUG org.apache.http.headers -- >> Connection: Keep-Alive
01:28:12.641 [main] DEBUG org.apache.http.headers -- >> User-Agent: Apache-HttpClient/4.5.13 (Java/17.0.8)
01:28:12.641 [main] DEBUG org.apache.http.headers -- >> Accept-Encoding: gzip,deflate
01:28:12.665 [main] DEBUG org.apache.http.wire --  << "HTTP/1.1 400 Bad Request[\r][\n]"
01:28:12.666 [main] DEBUG org.apache.http.wire --  << "content-type: application/json[\r][\n]"
01:28:12.666 [main] DEBUG org.apache.http.wire --  << "date: Thu, 02 Nov 2023 18:28:14 GMT[\r][\n]"
01:28:12.666 [main] DEBUG org.apache.http.wire --  << "content-encoding: gzip[\r][\n]"
01:28:12.666 [main] DEBUG org.apache.http.wire --  << "transfer-encoding: chunked[\r][\n]"
01:28:12.666 [main] DEBUG org.apache.http.wire --  << "server: Fly/7328d5b5 (2023-10-27)[\r][\n]"
01:28:12.666 [main] DEBUG org.apache.http.wire --  << "via: 1.1 fly.io[\r][\n]"
01:28:12.666 [main] DEBUG org.apache.http.wire --  << "fly-request-id: 01HE8MP0RDCJ7Z63YJZAJDD0HP-sin[\r][\n]"
01:28:12.666 [main] DEBUG org.apache.http.wire --  << "[\r][\n]"
01:28:12.666 [main] DEBUG org.apache.http.impl.conn.DefaultClientConnection -- Receiving response: HTTP/1.1 400 Bad Request
01:28:12.666 [main] DEBUG org.apache.http.headers -- << HTTP/1.1 400 Bad Request
01:28:12.666 [main] DEBUG org.apache.http.headers -- << content-type: application/json
01:28:12.666 [main] DEBUG org.apache.http.headers -- << date: Thu, 02 Nov 2023 18:28:14 GMT
01:28:12.666 [main] DEBUG org.apache.http.headers -- << content-encoding: gzip
01:28:12.666 [main] DEBUG org.apache.http.headers -- << transfer-encoding: chunked
01:28:12.666 [main] DEBUG org.apache.http.headers -- << server: Fly/7328d5b5 (2023-10-27)
01:28:12.666 [main] DEBUG org.apache.http.headers -- << via: 1.1 fly.io
01:28:12.666 [main] DEBUG org.apache.http.headers -- << fly-request-id: 01HE8MP0RDCJ7Z63YJZAJDD0HP-sin
01:28:12.666 [main] DEBUG org.apache.http.impl.client.DefaultHttpClient -- Connection can be kept alive indefinitely
01:28:12.666 [main] DEBUG io.restassured.internal.RestAssuredHttpBuilder -- Parsing response as: application/json
01:28:12.666 [main] DEBUG org.apache.http.wire --  << "4F[\r][\n]"
01:28:12.666 [main] DEBUG org.apache.http.wire --  << "[0x1f][0x8b][0x8][0x0][0x0][0x0][0x0][0x0][0x4][0xff][0xab]VJ-*[0xca]/R[0xb2]R*.)J[0xce][0xcf]+[0xd3]s,[0xc9][0xcf][0xb4]R(H,*[0xce][0xcc]KW[0x88]Q*N,)[0x8d]Q[0xb2]R[0xc8][0xcc]+K[0xcc][0xc9]LQ([0xae][0xcc]+I[0xac]P[0xaa][0xe5][0x2][0x0]n[0x13][0x8b][0x82];[0x0][0x0][0x0]"
01:28:12.666 [main] DEBUG org.apache.http.wire --  << "[\r][\n]"
01:28:12.666 [main] DEBUG org.apache.http.wire --  << "0[\r][\n]"
01:28:12.666 [main] DEBUG org.apache.http.wire --  << "[\r][\n]"
01:28:12.666 [main] DEBUG io.restassured.internal.RestAssuredHttpBuilder -- Parsed data to instance of: class org.apache.http.conn.EofSensorInputStream
01:28:12.667 [main] DEBUG org.apache.http.impl.conn.BasicClientConnectionManager -- Releasing connection org.apache.http.impl.conn.ManagedClientConnectionImpl@24bc52ce
01:28:12.667 [main] DEBUG org.apache.http.impl.conn.BasicClientConnectionManager -- Connection can be kept alive indefinitely
01:28:12.667 [main] DEBUG net.thucydides.core.steps.StepInterceptor -- STEP DONE: I GET HTTP request for products using invalid ID with character alphabet
  &amp#27;[32mWhen &amp#27;[0m&amp#27;[32mI GET HTTP request for products using invalid ID with character alphabet&amp#27;[0m                    &amp#27;[90m# starter.stepdefinition.ProductsSteps.getHTTPRequestsForProductsUsingInvalidIDWithCharacterAlphabet()&amp#27;[0m
01:28:12.669 [main] DEBUG net.thucydides.core.steps.StepInterceptor -- STARTING STEP: ProductsSteps.receiveResponseCode400ForProductsUsingInvalidIDWithCharacterAlphabet - I receive valid HTTP response 400 for get products using invalid ID with character alphabet
01:28:12.671 [main] DEBUG net.thucydides.core.steps.StepInterceptor -- STEP DONE: I receive valid HTTP response 400 for get products using invalid ID with character alphabet
  &amp#27;[32mThen &amp#27;[0m&amp#27;[32mI receive valid HTTP response 400 for get products using invalid ID with character alphabet&amp#27;[0m &amp#27;[90m# starter.stepdefinition.ProductsSteps.receiveResponseCode400ForProductsUsingInvalidIDWithCharacterAlphabet()&amp#27;[0m
01:28:12.672 [main] INFO  -- 
  _____   ___   ___   _____     ___     _     ___   ___   ___   ___  
 |_   _| | __| / __| |_   _|   | _ \   /_\   / __| / __| | __| |   \ 
   | |   | _|  \__ \   | |     |  _/  / _ \  \__ \ \__ \ | _|  | |) |
   |_|   |___| |___/   |_|     |_|   /_/ \_\ |___/ |___/ |___| |___/ 

TC52 - Get categories by invalid ID with character alphabet
----------------------------------------------------------------------
]]></system-out>
  </testcase>
  <testcase name="TC53 - Delete a products by ID" classname="[05_Automation] - Product" time="0.107">
    <system-out><![CDATA[
Scenario: TC53 - Delete a products by ID                       &amp#27;[90m# src/test/resources/Products.feature:83&amp#27;[0m
01:28:12.681 [main] INFO io.cucumber.core.plugin.SerenityReporter -- Running feature from file:///D:/TaksAlterra/MiniProject/MiniProject_API/src/test/resources/Products.feature
01:28:12.681 [main] WARN io.cucumber.core.plugin.SerenityReporter -- Feature from file:///D:/TaksAlterra/MiniProject/MiniProject_API/src/test/resources/Products.feature is not under the 'features' directory. Requirements report will not be correctly generated!
01:28:12.682 [main] INFO  -- 
  _____   ___   ___   _____     ___   _____     _     ___   _____   ___   ___  
 |_   _| | __| / __| |_   _|   / __| |_   _|   /_\   | _ \ |_   _| | __| |   \ 
   | |   | _|  \__ \   | |     \__ \   | |    / _ \  |   /   | |   | _|  | |) |
   |_|   |___| |___/   |_|     |___/   |_|   /_/ \_\ |_|_\   |_|   |___| |___/ 

TC53 - Delete a products by ID([05-automation]---product;tc53---delete-a-products-by-id)
--------------------------------------------------------------------------------
01:28:12.688 [main] DEBUG net.thucydides.core.steps.StepInterceptor -- STARTING STEP: ProductsSteps.deleteAProductsEndpointsByID - I DELETE a products endpoints by ID
01:28:12.688 [main] DEBUG net.thucydides.core.steps.StepInterceptor -- STEP DONE: I DELETE a products endpoints by ID
  &amp#27;[32mGiven &amp#27;[0m&amp#27;[32mI DELETE a products endpoints by ID&amp#27;[0m                    &amp#27;[90m# starter.stepdefinition.ProductsSteps.deleteAProductsEndpointsByID()&amp#27;[0m
01:28:12.690 [main] DEBUG net.thucydides.core.steps.StepInterceptor -- STARTING STEP: ProductsSteps.deleteHTTPRequestForAProductsWithValidID - I DELETE HTTP request for a products with valid ID
01:28:12.691 [main] DEBUG net.thucydides.core.steps.StepInterceptor -- STARTING STEP: Products.deleteHTTPRequestForAProductsWithValidID - I DELETE a products endpoints by ID
01:28:12.691 [main] DEBUG net.thucydides.core.steps.StepInterceptor -- STEP DONE: I DELETE a products endpoints by ID
01:28:12.694 [main] DEBUG org.apache.http.impl.conn.BasicClientConnectionManager -- Get connection for route {s}->https://altashop-api.fly.dev:443
01:28:12.694 [main] DEBUG org.apache.http.impl.conn.DefaultClientConnectionOperator -- Connecting to altashop-api.fly.dev:443
01:28:12.745 [main] DEBUG org.apache.http.client.protocol.RequestAddCookies -- CookieSpec selected: ignoreCookies
01:28:12.745 [main] DEBUG org.apache.http.client.protocol.RequestAuthCache -- Auth cache not set in the context
01:28:12.745 [main] DEBUG org.apache.http.client.protocol.RequestTargetAuthentication -- Target auth state: UNCHALLENGED
01:28:12.745 [main] DEBUG org.apache.http.client.protocol.RequestProxyAuthentication -- Proxy auth state: UNCHALLENGED
01:28:12.745 [main] DEBUG org.apache.http.impl.client.DefaultHttpClient -- Attempt 1 to execute request
01:28:12.746 [main] DEBUG org.apache.http.impl.conn.DefaultClientConnection -- Sending request: DELETE /api/products/11286 HTTP/1.1
01:28:12.746 [main] DEBUG org.apache.http.wire --  >> "DELETE /api/products/11286 HTTP/1.1[\r][\n]"
01:28:12.746 [main] DEBUG org.apache.http.wire --  >> "Accept: */*[\r][\n]"
01:28:12.746 [main] DEBUG org.apache.http.wire --  >> "Host: altashop-api.fly.dev[\r][\n]"
01:28:12.746 [main] DEBUG org.apache.http.wire --  >> "Connection: Keep-Alive[\r][\n]"
01:28:12.746 [main] DEBUG org.apache.http.wire --  >> "User-Agent: Apache-HttpClient/4.5.13 (Java/17.0.8)[\r][\n]"
01:28:12.746 [main] DEBUG org.apache.http.wire --  >> "Accept-Encoding: gzip,deflate[\r][\n]"
01:28:12.746 [main] DEBUG org.apache.http.wire --  >> "[\r][\n]"
01:28:12.746 [main] DEBUG org.apache.http.headers -- >> DELETE /api/products/11286 HTTP/1.1
01:28:12.746 [main] DEBUG org.apache.http.headers -- >> Accept: */*
01:28:12.746 [main] DEBUG org.apache.http.headers -- >> Host: altashop-api.fly.dev
01:28:12.746 [main] DEBUG org.apache.http.headers -- >> Connection: Keep-Alive
01:28:12.746 [main] DEBUG org.apache.http.headers -- >> User-Agent: Apache-HttpClient/4.5.13 (Java/17.0.8)
01:28:12.746 [main] DEBUG org.apache.http.headers -- >> Accept-Encoding: gzip,deflate
01:28:12.771 [main] DEBUG org.apache.http.wire --  << "HTTP/1.1 200 OK[\r][\n]"
01:28:12.772 [main] DEBUG org.apache.http.wire --  << "content-type: application/json[\r][\n]"
01:28:12.772 [main] DEBUG org.apache.http.wire --  << "date: Thu, 02 Nov 2023 18:28:14 GMT[\r][\n]"
01:28:12.772 [main] DEBUG org.apache.http.wire --  << "content-encoding: gzip[\r][\n]"
01:28:12.772 [main] DEBUG org.apache.http.wire --  << "transfer-encoding: chunked[\r][\n]"
01:28:12.772 [main] DEBUG org.apache.http.wire --  << "server: Fly/7328d5b5 (2023-10-27)[\r][\n]"
01:28:12.772 [main] DEBUG org.apache.http.wire --  << "via: 1.1 fly.io[\r][\n]"
01:28:12.772 [main] DEBUG org.apache.http.wire --  << "fly-request-id: 01HE8MP0VM77069G2YJ14ZAT47-sin[\r][\n]"
01:28:12.772 [main] DEBUG org.apache.http.wire --  << "[\r][\n]"
01:28:12.772 [main] DEBUG org.apache.http.impl.conn.DefaultClientConnection -- Receiving response: HTTP/1.1 200 OK
01:28:12.772 [main] DEBUG org.apache.http.headers -- << HTTP/1.1 200 OK
01:28:12.772 [main] DEBUG org.apache.http.headers -- << content-type: application/json
01:28:12.772 [main] DEBUG org.apache.http.headers -- << date: Thu, 02 Nov 2023 18:28:14 GMT
01:28:12.772 [main] DEBUG org.apache.http.headers -- << content-encoding: gzip
01:28:12.772 [main] DEBUG org.apache.http.headers -- << transfer-encoding: chunked
01:28:12.772 [main] DEBUG org.apache.http.headers -- << server: Fly/7328d5b5 (2023-10-27)
01:28:12.772 [main] DEBUG org.apache.http.headers -- << via: 1.1 fly.io
01:28:12.772 [main] DEBUG org.apache.http.headers -- << fly-request-id: 01HE8MP0VM77069G2YJ14ZAT47-sin
01:28:12.772 [main] DEBUG org.apache.http.impl.client.DefaultHttpClient -- Connection can be kept alive indefinitely
01:28:12.772 [main] DEBUG io.restassured.internal.RestAssuredHttpBuilder -- Parsing response as: application/json
01:28:12.772 [main] DEBUG org.apache.http.wire --  << "22[\r][\n]"
01:28:12.772 [main] DEBUG org.apache.http.wire --  << "[0x1f][0x8b][0x8][0x0][0x0][0x0][0x0][0x0][0x4][0xff][0xab]VJI,IT[0xb2][0xca]+[0xcd][0xc9][0xa9][0xe5][0x2][0x0][0xa3][0xab][0x8f]W[0xe][0x0][0x0][0x0]"
01:28:12.772 [main] DEBUG org.apache.http.wire --  << "[\r][\n]"
01:28:12.772 [main] DEBUG org.apache.http.wire --  << "0[\r][\n]"
01:28:12.772 [main] DEBUG org.apache.http.wire --  << "[\r][\n]"
01:28:12.772 [main] DEBUG io.restassured.internal.RestAssuredHttpBuilder -- Parsed data to instance of: class org.apache.http.conn.EofSensorInputStream
01:28:12.774 [main] DEBUG org.apache.http.impl.conn.BasicClientConnectionManager -- Releasing connection org.apache.http.impl.conn.ManagedClientConnectionImpl@f1b0658
01:28:12.774 [main] DEBUG org.apache.http.impl.conn.BasicClientConnectionManager -- Connection can be kept alive indefinitely
01:28:12.774 [main] DEBUG net.thucydides.core.steps.StepInterceptor -- STEP DONE: I DELETE HTTP request for a products with valid ID
  &amp#27;[32mWhen &amp#27;[0m&amp#27;[32mI DELETE HTTP request for a products with valid ID&amp#27;[0m      &amp#27;[90m# starter.stepdefinition.ProductsSteps.deleteHTTPRequestForAProductsWithValidID()&amp#27;[0m
01:28:12.777 [main] DEBUG net.thucydides.core.steps.StepInterceptor -- STARTING STEP: ProductsSteps.receiveResponseCode200ForDeleteAProducts - I receive valid HTTP response 200 for delete a products
01:28:12.778 [main] DEBUG net.thucydides.core.steps.StepInterceptor -- STEP DONE: I receive valid HTTP response 200 for delete a products
  &amp#27;[32mThen &amp#27;[0m&amp#27;[32mI receive valid HTTP response 200 for delete a products&amp#27;[0m &amp#27;[90m# starter.stepdefinition.ProductsSteps.receiveResponseCode200ForDeleteAProducts()&amp#27;[0m
01:28:12.780 [main] INFO  -- 
  _____   ___   ___   _____     ___     _     ___   ___   ___   ___  
 |_   _| | __| / __| |_   _|   | _ \   /_\   / __| / __| | __| |   \ 
   | |   | _|  \__ \   | |     |  _/  / _ \  \__ \ \__ \ | _|  | |) |
   |_|   |___| |___/   |_|     |_|   /_/ \_\ |___/ |___/ |___| |___/ 

TC53 - Delete a products by ID
----------------------------------------------------------------------
]]></system-out>
  </testcase>
  <testcase name="TC54 - Delete a products using invalid ID with character symbols" classname="[05_Automation] - Product" time="0.111">
    <system-out><![CDATA[
Scenario: TC54 - Delete a products using invalid ID with character symbols                      &amp#27;[90m# src/test/resources/Products.feature:88&amp#27;[0m
01:28:12.784 [main] INFO io.cucumber.core.plugin.SerenityReporter -- Running feature from file:///D:/TaksAlterra/MiniProject/MiniProject_API/src/test/resources/Products.feature
01:28:12.784 [main] WARN io.cucumber.core.plugin.SerenityReporter -- Feature from file:///D:/TaksAlterra/MiniProject/MiniProject_API/src/test/resources/Products.feature is not under the 'features' directory. Requirements report will not be correctly generated!
01:28:12.786 [main] INFO  -- 
  _____   ___   ___   _____     ___   _____     _     ___   _____   ___   ___  
 |_   _| | __| / __| |_   _|   / __| |_   _|   /_\   | _ \ |_   _| | __| |   \ 
   | |   | _|  \__ \   | |     \__ \   | |    / _ \  |   /   | |   | _|  | |) |
   |_|   |___| |___/   |_|     |___/   |_|   /_/ \_\ |_|_\   |_|   |___| |___/ 

TC54 - Delete a products using invalid ID with character symbols([05-automation]---product;tc54---delete-a-products-using-invalid-id-with-character-symbols)
--------------------------------------------------------------------------------
01:28:12.789 [main] DEBUG net.thucydides.core.steps.StepInterceptor -- STARTING STEP: ProductsSteps.deleteAProductsEndpointsByID2 - I DELETE a products endpoints by ID 2
01:28:12.789 [main] DEBUG net.thucydides.core.steps.StepInterceptor -- STEP DONE: I DELETE a products endpoints by ID 2
  &amp#27;[32mGiven &amp#27;[0m&amp#27;[32mI DELETE a products endpoints by ID 2&amp#27;[0m                                                   &amp#27;[90m# starter.stepdefinition.ProductsSteps.deleteAProductsEndpointsByID2()&amp#27;[0m
01:28:12.791 [main] DEBUG net.thucydides.core.steps.StepInterceptor -- STARTING STEP: ProductsSteps.deleteHTTPRequestForAProductsUsingInvalidIDWithCharacterSymbols - I DELETE HTTP request for a products using invalid ID with character symbols
01:28:12.792 [main] DEBUG net.thucydides.core.steps.StepInterceptor -- STARTING STEP: Products.deleteHTTPRequestForAProductsUsingInvalidIDWithCharacterSymbols - I DELETE a products endpoints by ID 2
01:28:12.792 [main] DEBUG net.thucydides.core.steps.StepInterceptor -- STEP DONE: I DELETE a products endpoints by ID 2
01:28:12.799 [main] DEBUG org.apache.http.impl.conn.BasicClientConnectionManager -- Get connection for route {s}->https://altashop-api.fly.dev:443
01:28:12.799 [main] DEBUG org.apache.http.impl.conn.DefaultClientConnectionOperator -- Connecting to altashop-api.fly.dev:443
01:28:12.860 [main] DEBUG org.apache.http.client.protocol.RequestAddCookies -- CookieSpec selected: ignoreCookies
01:28:12.860 [main] DEBUG org.apache.http.client.protocol.RequestAuthCache -- Auth cache not set in the context
01:28:12.860 [main] DEBUG org.apache.http.client.protocol.RequestTargetAuthentication -- Target auth state: UNCHALLENGED
01:28:12.860 [main] DEBUG org.apache.http.client.protocol.RequestProxyAuthentication -- Proxy auth state: UNCHALLENGED
01:28:12.860 [main] DEBUG org.apache.http.impl.client.DefaultHttpClient -- Attempt 1 to execute request
01:28:12.860 [main] DEBUG org.apache.http.impl.conn.DefaultClientConnection -- Sending request: DELETE /api/products/-11286 HTTP/1.1
01:28:12.860 [main] DEBUG org.apache.http.wire --  >> "DELETE /api/products/-11286 HTTP/1.1[\r][\n]"
01:28:12.860 [main] DEBUG org.apache.http.wire --  >> "Accept: */*[\r][\n]"
01:28:12.860 [main] DEBUG org.apache.http.wire --  >> "Host: altashop-api.fly.dev[\r][\n]"
01:28:12.860 [main] DEBUG org.apache.http.wire --  >> "Connection: Keep-Alive[\r][\n]"
01:28:12.860 [main] DEBUG org.apache.http.wire --  >> "User-Agent: Apache-HttpClient/4.5.13 (Java/17.0.8)[\r][\n]"
01:28:12.860 [main] DEBUG org.apache.http.wire --  >> "Accept-Encoding: gzip,deflate[\r][\n]"
01:28:12.860 [main] DEBUG org.apache.http.wire --  >> "[\r][\n]"
01:28:12.860 [main] DEBUG org.apache.http.headers -- >> DELETE /api/products/-11286 HTTP/1.1
01:28:12.860 [main] DEBUG org.apache.http.headers -- >> Accept: */*
01:28:12.860 [main] DEBUG org.apache.http.headers -- >> Host: altashop-api.fly.dev
01:28:12.860 [main] DEBUG org.apache.http.headers -- >> Connection: Keep-Alive
01:28:12.860 [main] DEBUG org.apache.http.headers -- >> User-Agent: Apache-HttpClient/4.5.13 (Java/17.0.8)
01:28:12.860 [main] DEBUG org.apache.http.headers -- >> Accept-Encoding: gzip,deflate
01:28:12.885 [main] DEBUG org.apache.http.wire --  << "HTTP/1.1 500 Internal Server Error[\r][\n]"
01:28:12.885 [main] DEBUG org.apache.http.wire --  << "content-type: application/json[\r][\n]"
01:28:12.885 [main] DEBUG org.apache.http.wire --  << "date: Thu, 02 Nov 2023 18:28:14 GMT[\r][\n]"
01:28:12.885 [main] DEBUG org.apache.http.wire --  << "content-encoding: gzip[\r][\n]"
01:28:12.885 [main] DEBUG org.apache.http.wire --  << "transfer-encoding: chunked[\r][\n]"
01:28:12.885 [main] DEBUG org.apache.http.wire --  << "server: Fly/7328d5b5 (2023-10-27)[\r][\n]"
01:28:12.885 [main] DEBUG org.apache.http.wire --  << "via: 1.1 fly.io[\r][\n]"
01:28:12.885 [main] DEBUG org.apache.http.wire --  << "fly-request-id: 01HE8MP0Z7A0CSK5ET6WEDWVFT-sin[\r][\n]"
01:28:12.885 [main] DEBUG org.apache.http.wire --  << "[\r][\n]"
01:28:12.885 [main] DEBUG org.apache.http.impl.conn.DefaultClientConnection -- Receiving response: HTTP/1.1 500 Internal Server Error
01:28:12.885 [main] DEBUG org.apache.http.headers -- << HTTP/1.1 500 Internal Server Error
01:28:12.885 [main] DEBUG org.apache.http.headers -- << content-type: application/json
01:28:12.885 [main] DEBUG org.apache.http.headers -- << date: Thu, 02 Nov 2023 18:28:14 GMT
01:28:12.885 [main] DEBUG org.apache.http.headers -- << content-encoding: gzip
01:28:12.885 [main] DEBUG org.apache.http.headers -- << transfer-encoding: chunked
01:28:12.885 [main] DEBUG org.apache.http.headers -- << server: Fly/7328d5b5 (2023-10-27)
01:28:12.885 [main] DEBUG org.apache.http.headers -- << via: 1.1 fly.io
01:28:12.885 [main] DEBUG org.apache.http.headers -- << fly-request-id: 01HE8MP0Z7A0CSK5ET6WEDWVFT-sin
01:28:12.885 [main] DEBUG org.apache.http.impl.client.DefaultHttpClient -- Connection can be kept alive indefinitely
01:28:12.885 [main] DEBUG io.restassured.internal.RestAssuredHttpBuilder -- Parsing response as: application/json
01:28:12.885 [main] DEBUG org.apache.http.wire --  << "5C[\r][\n]"
01:28:12.885 [main] DEBUG org.apache.http.wire --  << "[0x1f][0x8b][0x8][0x0][0x0][0x0][0x0][0x0][0x4][0xff][0xab]VJ-*[0xca]/R[0xb2]R2[0xb4]01137110767[0xb0]451066P[0xc8],VH/JM,I-R([0xc9]H[0xcc]S[0xc8]M[0xac][0xc8][0xcc]-[0xcd]U(K[0xcc])MUH[0xcb]/R[0xf0][0xcc]+1Q[0xaa][0xe5][0x2][0x0][0xb0][0xe0]NIH[0x0][0x0][0x0]"
01:28:12.885 [main] DEBUG org.apache.http.wire --  << "[\r][\n]"
01:28:12.886 [main] DEBUG org.apache.http.wire --  << "0[\r][\n]"
01:28:12.886 [main] DEBUG org.apache.http.wire --  << "[\r][\n]"
01:28:12.886 [main] DEBUG io.restassured.internal.RestAssuredHttpBuilder -- Parsed data to instance of: class org.apache.http.conn.EofSensorInputStream
01:28:12.887 [main] DEBUG org.apache.http.impl.conn.BasicClientConnectionManager -- Releasing connection org.apache.http.impl.conn.ManagedClientConnectionImpl@7c9d2ed7
01:28:12.887 [main] DEBUG org.apache.http.impl.conn.BasicClientConnectionManager -- Connection can be kept alive indefinitely
01:28:12.887 [main] DEBUG net.thucydides.core.steps.StepInterceptor -- STEP DONE: I DELETE HTTP request for a products using invalid ID with character symbols
  &amp#27;[32mWhen &amp#27;[0m&amp#27;[32mI DELETE HTTP request for a products using invalid ID with character symbols&amp#27;[0m             &amp#27;[90m# starter.stepdefinition.ProductsSteps.deleteHTTPRequestForAProductsUsingInvalidIDWithCharacterSymbols()&amp#27;[0m
01:28:12.889 [main] DEBUG net.thucydides.core.steps.StepInterceptor -- STARTING STEP: ProductsSteps.receiveResponseCode500ForAProductsUsingInvalidIDWithCharacterSymbols - I receive valid HTTP response 500 for a products using invalid ID with character symbols
01:28:12.891 [main] DEBUG net.thucydides.core.steps.StepInterceptor -- STEP DONE: I receive valid HTTP response 500 for a products using invalid ID with character symbols
  &amp#27;[32mThen &amp#27;[0m&amp#27;[32mI receive valid HTTP response 500 for a products using invalid ID with character symbols&amp#27;[0m &amp#27;[90m# starter.stepdefinition.ProductsSteps.receiveResponseCode500ForAProductsUsingInvalidIDWithCharacterSymbols()&amp#27;[0m
01:28:12.892 [main] INFO  -- 
  _____   ___   ___   _____     ___     _     ___   ___   ___   ___  
 |_   _| | __| / __| |_   _|   | _ \   /_\   / __| / __| | __| |   \ 
   | |   | _|  \__ \   | |     |  _/  / _ \  \__ \ \__ \ | _|  | |) |
   |_|   |___| |___/   |_|     |_|   /_/ \_\ |___/ |___/ |___| |___/ 

TC54 - Delete a products using invalid ID with character symbols
----------------------------------------------------------------------
]]></system-out>
  </testcase>
  <testcase name="TC55 - Delete a products using invalid ID with character alphabet" classname="[05_Automation] - Product" time="0.107">
    <system-out><![CDATA[
Scenario: TC55 - Delete a products using invalid ID with character alphabet                      &amp#27;[90m# src/test/resources/Products.feature:93&amp#27;[0m
01:28:12.896 [main] INFO io.cucumber.core.plugin.SerenityReporter -- Running feature from file:///D:/TaksAlterra/MiniProject/MiniProject_API/src/test/resources/Products.feature
01:28:12.896 [main] WARN io.cucumber.core.plugin.SerenityReporter -- Feature from file:///D:/TaksAlterra/MiniProject/MiniProject_API/src/test/resources/Products.feature is not under the 'features' directory. Requirements report will not be correctly generated!
01:28:12.896 [main] INFO  -- 
  _____   ___   ___   _____     ___   _____     _     ___   _____   ___   ___  
 |_   _| | __| / __| |_   _|   / __| |_   _|   /_\   | _ \ |_   _| | __| |   \ 
   | |   | _|  \__ \   | |     \__ \   | |    / _ \  |   /   | |   | _|  | |) |
   |_|   |___| |___/   |_|     |___/   |_|   /_/ \_\ |_|_\   |_|   |___| |___/ 

TC55 - Delete a products using invalid ID with character alphabet([05-automation]---product;tc55---delete-a-products-using-invalid-id-with-character-alphabet)
--------------------------------------------------------------------------------
01:28:12.901 [main] DEBUG net.thucydides.core.steps.StepInterceptor -- STARTING STEP: ProductsSteps.deleteAProductsEndpointsByID3 - I DELETE a products endpoints by ID 3
01:28:12.903 [main] DEBUG net.thucydides.core.steps.StepInterceptor -- STEP DONE: I DELETE a products endpoints by ID 3
  &amp#27;[32mGiven &amp#27;[0m&amp#27;[32mI DELETE a products endpoints by ID 3&amp#27;[0m                                                    &amp#27;[90m# starter.stepdefinition.ProductsSteps.deleteAProductsEndpointsByID3()&amp#27;[0m
01:28:12.906 [main] DEBUG net.thucydides.core.steps.StepInterceptor -- STARTING STEP: ProductsSteps.deleteHTTPRequestForAProductsUsingInvalidIDWithCharacterAlphabet - I DELETE HTTP request for a products using invalid ID with character alphabet
01:28:12.908 [main] DEBUG net.thucydides.core.steps.StepInterceptor -- STARTING STEP: Products.deleteHTTPRequestForAProductsUsingInvalidIDWithCharacterAlphabet - I DELETE a products endpoints by ID 3
01:28:12.908 [main] DEBUG net.thucydides.core.steps.StepInterceptor -- STEP DONE: I DELETE a products endpoints by ID 3
01:28:12.914 [main] DEBUG org.apache.http.impl.conn.BasicClientConnectionManager -- Get connection for route {s}->https://altashop-api.fly.dev:443
01:28:12.914 [main] DEBUG org.apache.http.impl.conn.DefaultClientConnectionOperator -- Connecting to altashop-api.fly.dev:443
01:28:12.967 [main] DEBUG org.apache.http.client.protocol.RequestAddCookies -- CookieSpec selected: ignoreCookies
01:28:12.968 [main] DEBUG org.apache.http.client.protocol.RequestAuthCache -- Auth cache not set in the context
01:28:12.968 [main] DEBUG org.apache.http.client.protocol.RequestTargetAuthentication -- Target auth state: UNCHALLENGED
01:28:12.968 [main] DEBUG org.apache.http.client.protocol.RequestProxyAuthentication -- Proxy auth state: UNCHALLENGED
01:28:12.968 [main] DEBUG org.apache.http.impl.client.DefaultHttpClient -- Attempt 1 to execute request
01:28:12.968 [main] DEBUG org.apache.http.impl.conn.DefaultClientConnection -- Sending request: DELETE /api/products/satu HTTP/1.1
01:28:12.968 [main] DEBUG org.apache.http.wire --  >> "DELETE /api/products/satu HTTP/1.1[\r][\n]"
01:28:12.968 [main] DEBUG org.apache.http.wire --  >> "Accept: */*[\r][\n]"
01:28:12.968 [main] DEBUG org.apache.http.wire --  >> "Host: altashop-api.fly.dev[\r][\n]"
01:28:12.968 [main] DEBUG org.apache.http.wire --  >> "Connection: Keep-Alive[\r][\n]"
01:28:12.968 [main] DEBUG org.apache.http.wire --  >> "User-Agent: Apache-HttpClient/4.5.13 (Java/17.0.8)[\r][\n]"
01:28:12.968 [main] DEBUG org.apache.http.wire --  >> "Accept-Encoding: gzip,deflate[\r][\n]"
01:28:12.968 [main] DEBUG org.apache.http.wire --  >> "[\r][\n]"
01:28:12.968 [main] DEBUG org.apache.http.headers -- >> DELETE /api/products/satu HTTP/1.1
01:28:12.968 [main] DEBUG org.apache.http.headers -- >> Accept: */*
01:28:12.968 [main] DEBUG org.apache.http.headers -- >> Host: altashop-api.fly.dev
01:28:12.968 [main] DEBUG org.apache.http.headers -- >> Connection: Keep-Alive
01:28:12.968 [main] DEBUG org.apache.http.headers -- >> User-Agent: Apache-HttpClient/4.5.13 (Java/17.0.8)
01:28:12.968 [main] DEBUG org.apache.http.headers -- >> Accept-Encoding: gzip,deflate
01:28:12.992 [main] DEBUG org.apache.http.wire --  << "HTTP/1.1 400 Bad Request[\r][\n]"
01:28:12.992 [main] DEBUG org.apache.http.wire --  << "content-type: application/json[\r][\n]"
01:28:12.992 [main] DEBUG org.apache.http.wire --  << "date: Thu, 02 Nov 2023 18:28:14 GMT[\r][\n]"
01:28:12.992 [main] DEBUG org.apache.http.wire --  << "content-encoding: gzip[\r][\n]"
01:28:12.992 [main] DEBUG org.apache.http.wire --  << "transfer-encoding: chunked[\r][\n]"
01:28:12.992 [main] DEBUG org.apache.http.wire --  << "server: Fly/7328d5b5 (2023-10-27)[\r][\n]"
01:28:12.992 [main] DEBUG org.apache.http.wire --  << "via: 1.1 fly.io[\r][\n]"
01:28:12.992 [main] DEBUG org.apache.http.wire --  << "fly-request-id: 01HE8MP12JJ304AMHY3Z748GWC-sin[\r][\n]"
01:28:12.992 [main] DEBUG org.apache.http.wire --  << "[\r][\n]"
01:28:12.992 [main] DEBUG org.apache.http.impl.conn.DefaultClientConnection -- Receiving response: HTTP/1.1 400 Bad Request
01:28:12.992 [main] DEBUG org.apache.http.headers -- << HTTP/1.1 400 Bad Request
01:28:12.992 [main] DEBUG org.apache.http.headers -- << content-type: application/json
01:28:12.992 [main] DEBUG org.apache.http.headers -- << date: Thu, 02 Nov 2023 18:28:14 GMT
01:28:12.992 [main] DEBUG org.apache.http.headers -- << content-encoding: gzip
01:28:12.992 [main] DEBUG org.apache.http.headers -- << transfer-encoding: chunked
01:28:12.992 [main] DEBUG org.apache.http.headers -- << server: Fly/7328d5b5 (2023-10-27)
01:28:12.992 [main] DEBUG org.apache.http.headers -- << via: 1.1 fly.io
01:28:12.992 [main] DEBUG org.apache.http.headers -- << fly-request-id: 01HE8MP12JJ304AMHY3Z748GWC-sin
01:28:12.992 [main] DEBUG org.apache.http.impl.client.DefaultHttpClient -- Connection can be kept alive indefinitely
01:28:12.992 [main] DEBUG io.restassured.internal.RestAssuredHttpBuilder -- Parsing response as: application/json
01:28:12.992 [main] DEBUG org.apache.http.wire --  << "4F[\r][\n]"
01:28:12.992 [main] DEBUG org.apache.http.wire --  << "[0x1f][0x8b][0x8][0x0][0x0][0x0][0x0][0x0][0x4][0xff][0xab]VJ-*[0xca]/R[0xb2]R*.)J[0xce][0xcf]+[0xd3]s,[0xc9][0xcf][0xb4]R(H,*[0xce][0xcc]KW[0x88]Q*N,)[0x8d]Q[0xb2]R[0xc8][0xcc]+K[0xcc][0xc9]LQ([0xae][0xcc]+I[0xac]P[0xaa][0xe5][0x2][0x0]n[0x13][0x8b][0x82];[0x0][0x0][0x0]"
01:28:12.992 [main] DEBUG org.apache.http.wire --  << "[\r][\n]"
01:28:12.992 [main] DEBUG org.apache.http.wire --  << "0[\r][\n]"
01:28:12.992 [main] DEBUG org.apache.http.wire --  << "[\r][\n]"
01:28:12.992 [main] DEBUG io.restassured.internal.RestAssuredHttpBuilder -- Parsed data to instance of: class org.apache.http.conn.EofSensorInputStream
01:28:12.993 [main] DEBUG org.apache.http.impl.conn.BasicClientConnectionManager -- Releasing connection org.apache.http.impl.conn.ManagedClientConnectionImpl@4e8e0052
01:28:12.993 [main] DEBUG org.apache.http.impl.conn.BasicClientConnectionManager -- Connection can be kept alive indefinitely
01:28:12.993 [main] DEBUG net.thucydides.core.steps.StepInterceptor -- STEP DONE: I DELETE HTTP request for a products using invalid ID with character alphabet
  &amp#27;[32mWhen &amp#27;[0m&amp#27;[32mI DELETE HTTP request for a products using invalid ID with character alphabet&amp#27;[0m             &amp#27;[90m# starter.stepdefinition.ProductsSteps.deleteHTTPRequestForAProductsUsingInvalidIDWithCharacterAlphabet()&amp#27;[0m
01:28:12.995 [main] DEBUG net.thucydides.core.steps.StepInterceptor -- STARTING STEP: ProductsSteps.receiveResponseCode400ForAProductsUsingInvalidIDWithCharacterAlphabet - I receive valid HTTP response 400 for a products using invalid ID with character alphabet
01:28:12.997 [main] DEBUG net.thucydides.core.steps.StepInterceptor -- STEP DONE: I receive valid HTTP response 400 for a products using invalid ID with character alphabet
  &amp#27;[32mThen &amp#27;[0m&amp#27;[32mI receive valid HTTP response 400 for a products using invalid ID with character alphabet&amp#27;[0m &amp#27;[90m# starter.stepdefinition.ProductsSteps.receiveResponseCode400ForAProductsUsingInvalidIDWithCharacterAlphabet()&amp#27;[0m
01:28:12.999 [main] INFO  -- 
  _____   ___   ___   _____     ___     _     ___   ___   ___   ___  
 |_   _| | __| / __| |_   _|   | _ \   /_\   / __| / __| | __| |   \ 
   | |   | _|  \__ \   | |     |  _/  / _ \  \__ \ \__ \ | _|  | |) |
   |_|   |___| |___/   |_|     |_|   /_/ \_\ |___/ |___/ |___| |___/ 

TC55 - Delete a products using invalid ID with character alphabet
----------------------------------------------------------------------
]]></system-out>
  </testcase>
  <testcase name="TC65 - Give products ratings" classname="[07_Automation] - Ratings" time="0.146">
    <system-out><![CDATA[01:28:13.000 [main] INFO io.cucumber.core.plugin.SerenityReporter -- Running feature from file:///D:/TaksAlterra/MiniProject/MiniProject_API/src/test/resources/Ratings.feature
01:28:13.000 [main] WARN io.cucumber.core.plugin.SerenityReporter -- Feature from file:///D:/TaksAlterra/MiniProject/MiniProject_API/src/test/resources/Ratings.feature is not under the 'features' directory. Requirements report will not be correctly generated!
01:28:13.001 [main] DEBUG net.thucydides.core.steps.StepEventBus -- Test suite started for story net.thucydides.core.model.Story@f34dfc64
01:28:13.001 [main] INFO  -- Test Suite Started: [07_Automation] - Ratings

Scenario: TC65 - Give products ratings                             &amp#27;[90m# src/test/resources/Ratings.feature:3&amp#27;[0m
01:28:13.007 [main] INFO io.cucumber.core.plugin.SerenityReporter -- Running feature from file:///D:/TaksAlterra/MiniProject/MiniProject_API/src/test/resources/Ratings.feature
01:28:13.007 [main] WARN io.cucumber.core.plugin.SerenityReporter -- Feature from file:///D:/TaksAlterra/MiniProject/MiniProject_API/src/test/resources/Ratings.feature is not under the 'features' directory. Requirements report will not be correctly generated!
01:28:13.008 [main] INFO  -- 
  _____   ___   ___   _____     ___   _____     _     ___   _____   ___   ___  
 |_   _| | __| / __| |_   _|   / __| |_   _|   /_\   | _ \ |_   _| | __| |   \ 
   | |   | _|  \__ \   | |     \__ \   | |    / _ \  |   /   | |   | _|  | |) |
   |_|   |___| |___/   |_|     |___/   |_|   /_/ \_\ |_|_\   |_|   |___| |___/ 

TC65 - Give products ratings([07-automation]---ratings;tc65---give-products-ratings)
--------------------------------------------------------------------------------
01:28:13.021 [main] DEBUG net.thucydides.core.steps.StepInterceptor -- STARTING STEP: RatingsSteps.postGiveProductsRatingsEndpoints - I POST give products ratings endpoints
01:28:13.022 [main] DEBUG net.thucydides.core.steps.StepInterceptor -- STEP DONE: I POST give products ratings endpoints
  &amp#27;[32mGiven &amp#27;[0m&amp#27;[32mI POST give products ratings endpoints&amp#27;[0m                     &amp#27;[90m# starter.stepdefinition.RatingsSteps.postGiveProductsRatingsEndpoints()&amp#27;[0m
01:28:13.023 [main] DEBUG net.thucydides.core.steps.StepInterceptor -- STARTING STEP: RatingsSteps.postHTTPRequestForGiveProductsRatings - I POST HTTP request for give products ratings
01:28:13.024 [main] DEBUG net.thucydides.core.steps.StepInterceptor -- STARTING STEP: Ratings.postHTTPRequestForGiveProductsRatings - I POST give products ratings endpoints
01:28:13.024 [main] DEBUG net.thucydides.core.steps.StepInterceptor -- STEP DONE: I POST give products ratings endpoints
01:28:13.030 [main] DEBUG org.apache.http.impl.conn.BasicClientConnectionManager -- Get connection for route {s}->https://altashop-api.fly.dev:443
01:28:13.031 [main] DEBUG org.apache.http.impl.conn.DefaultClientConnectionOperator -- Connecting to altashop-api.fly.dev:443
01:28:13.061 [Finalizer] DEBUG org.apache.http.impl.conn.DefaultClientConnection -- Connection 0.0.0.0:55387<->149.248.193.56:443 closed
01:28:13.061 [Finalizer] DEBUG org.apache.http.impl.conn.DefaultClientConnection -- Connection 0.0.0.0:55388<->149.248.193.56:443 closed
01:28:13.061 [Finalizer] DEBUG org.apache.http.impl.conn.DefaultClientConnection -- Connection 0.0.0.0:55389<->149.248.193.56:443 closed
01:28:13.061 [Finalizer] DEBUG org.apache.http.impl.conn.DefaultClientConnection -- Connection 0.0.0.0:55383<->149.248.193.56:443 closed
01:28:13.061 [Finalizer] DEBUG org.apache.http.impl.conn.DefaultClientConnection -- Connection 0.0.0.0:55384<->149.248.193.56:443 closed
01:28:13.061 [Finalizer] DEBUG org.apache.http.impl.conn.DefaultClientConnection -- Connection 0.0.0.0:55385<->149.248.193.56:443 closed
01:28:13.061 [Finalizer] DEBUG org.apache.http.impl.conn.DefaultClientConnection -- Connection 0.0.0.0:55386<->149.248.193.56:443 closed
01:28:13.063 [Finalizer] DEBUG org.apache.http.impl.conn.DefaultClientConnection -- Connection 0.0.0.0:55381<->149.248.193.56:443 closed
01:28:13.063 [Finalizer] DEBUG org.apache.http.impl.conn.DefaultClientConnection -- Connection 0.0.0.0:55382<->149.248.193.56:443 closed
01:28:13.094 [main] DEBUG org.apache.http.client.protocol.RequestAddCookies -- CookieSpec selected: ignoreCookies
01:28:13.094 [main] DEBUG org.apache.http.client.protocol.RequestAuthCache -- Auth cache not set in the context
01:28:13.094 [main] DEBUG org.apache.http.client.protocol.RequestProxyAuthentication -- Proxy auth state: UNCHALLENGED
01:28:13.094 [main] DEBUG org.apache.http.impl.client.DefaultHttpClient -- Attempt 1 to execute request
01:28:13.094 [main] DEBUG org.apache.http.impl.conn.DefaultClientConnection -- Sending request: POST /api/products/85536/ratings HTTP/1.1
01:28:13.094 [main] DEBUG org.apache.http.wire --  >> "POST /api/products/85536/ratings HTTP/1.1[\r][\n]"
01:28:13.094 [main] DEBUG org.apache.http.wire --  >> "Content-Type: application/json[\r][\n]"
01:28:13.094 [main] DEBUG org.apache.http.wire --  >> "Authorization: Bearer eyJhbGciOiJIUzI1NiIsInR5cCI6IkpXVCJ9.eyJGdWxsbmFtZSI6IldpeWFuIEhlcnJhIEhlcnZpYW5hIiwiRW1haWwiOiJ3aXlhbjEyM0BnbWFpbC5jb20ifQ.Rsm7iH_obOaXakAORv2RniUWUxeZfBjkK8S8HtuLly8[\r][\n]"
01:28:13.094 [main] DEBUG org.apache.http.wire --  >> "Accept: */*[\r][\n]"
01:28:13.094 [main] DEBUG org.apache.http.wire --  >> "Content-Length: 0[\r][\n]"
01:28:13.094 [main] DEBUG org.apache.http.wire --  >> "Host: altashop-api.fly.dev[\r][\n]"
01:28:13.095 [main] DEBUG org.apache.http.wire --  >> "Connection: Keep-Alive[\r][\n]"
01:28:13.095 [main] DEBUG org.apache.http.wire --  >> "User-Agent: Apache-HttpClient/4.5.13 (Java/17.0.8)[\r][\n]"
01:28:13.095 [main] DEBUG org.apache.http.wire --  >> "Accept-Encoding: gzip,deflate[\r][\n]"
01:28:13.095 [main] DEBUG org.apache.http.wire --  >> "[\r][\n]"
01:28:13.095 [main] DEBUG org.apache.http.headers -- >> POST /api/products/85536/ratings HTTP/1.1
01:28:13.095 [main] DEBUG org.apache.http.headers -- >> Content-Type: application/json
01:28:13.095 [main] DEBUG org.apache.http.headers -- >> Authorization: Bearer eyJhbGciOiJIUzI1NiIsInR5cCI6IkpXVCJ9.eyJGdWxsbmFtZSI6IldpeWFuIEhlcnJhIEhlcnZpYW5hIiwiRW1haWwiOiJ3aXlhbjEyM0BnbWFpbC5jb20ifQ.Rsm7iH_obOaXakAORv2RniUWUxeZfBjkK8S8HtuLly8
01:28:13.095 [main] DEBUG org.apache.http.headers -- >> Accept: */*
01:28:13.095 [main] DEBUG org.apache.http.headers -- >> Content-Length: 0
01:28:13.095 [main] DEBUG org.apache.http.headers -- >> Host: altashop-api.fly.dev
01:28:13.095 [main] DEBUG org.apache.http.headers -- >> Connection: Keep-Alive
01:28:13.095 [main] DEBUG org.apache.http.headers -- >> User-Agent: Apache-HttpClient/4.5.13 (Java/17.0.8)
01:28:13.095 [main] DEBUG org.apache.http.headers -- >> Accept-Encoding: gzip,deflate
01:28:13.141 [main] DEBUG org.apache.http.wire --  << "HTTP/1.1 200 OK[\r][\n]"
01:28:13.141 [main] DEBUG org.apache.http.wire --  << "content-type: application/json[\r][\n]"
01:28:13.141 [main] DEBUG org.apache.http.wire --  << "date: Thu, 02 Nov 2023 18:28:14 GMT[\r][\n]"
01:28:13.141 [main] DEBUG org.apache.http.wire --  << "content-encoding: gzip[\r][\n]"
01:28:13.141 [main] DEBUG org.apache.http.wire --  << "transfer-encoding: chunked[\r][\n]"
01:28:13.141 [main] DEBUG org.apache.http.wire --  << "server: Fly/7328d5b5 (2023-10-27)[\r][\n]"
01:28:13.141 [main] DEBUG org.apache.http.wire --  << "via: 1.1 fly.io[\r][\n]"
01:28:13.141 [main] DEBUG org.apache.http.wire --  << "fly-request-id: 01HE8MP16H4CQ2EFV5SSHJMPC1-sin[\r][\n]"
01:28:13.141 [main] DEBUG org.apache.http.wire --  << "[\r][\n]"
01:28:13.141 [main] DEBUG org.apache.http.impl.conn.DefaultClientConnection -- Receiving response: HTTP/1.1 200 OK
01:28:13.141 [main] DEBUG org.apache.http.headers -- << HTTP/1.1 200 OK
01:28:13.141 [main] DEBUG org.apache.http.headers -- << content-type: application/json
01:28:13.141 [main] DEBUG org.apache.http.headers -- << date: Thu, 02 Nov 2023 18:28:14 GMT
01:28:13.141 [main] DEBUG org.apache.http.headers -- << content-encoding: gzip
01:28:13.141 [main] DEBUG org.apache.http.headers -- << transfer-encoding: chunked
01:28:13.141 [main] DEBUG org.apache.http.headers -- << server: Fly/7328d5b5 (2023-10-27)
01:28:13.141 [main] DEBUG org.apache.http.headers -- << via: 1.1 fly.io
01:28:13.141 [main] DEBUG org.apache.http.headers -- << fly-request-id: 01HE8MP16H4CQ2EFV5SSHJMPC1-sin
01:28:13.142 [main] DEBUG org.apache.http.impl.client.DefaultHttpClient -- Connection can be kept alive indefinitely
01:28:13.142 [main] DEBUG io.restassured.internal.RestAssuredHttpBuilder -- Parsing response as: application/json
01:28:13.142 [main] DEBUG org.apache.http.wire --  << "8D[\r][\n]"
01:28:13.142 [main] DEBUG org.apache.http.wire --  << "[0x1f][0x8b][0x8][0x0][0x0][0x0][0x0][0x0][0x4][0xff][0xab]VJI,IT[0xb2][0xaa]V[0xf2]tQ[0xb2][0xb2]0556[0xd3]Q[0xf2]K[0xcc]MU[0xb2]R[\n]"
01:28:13.142 [main] DEBUG org.apache.http.wire --  << "r[0x8c]r[\r]R[0xd2]QrI-N.[0xca],([0xc9][0xcc][0xcf]S[0xb2]RrrU[0x8][0xf1]pU[0x8][0xf0][0xf7][0xc][0xf6][0xf4][0xf7]S[0xf0][0xf7]S[0x88][0xf4][0xf][\r]R[0x8]qu[0xf4]U[0xd2]Q[\n]"
01:28:13.142 [main] DEBUG org.apache.http.wire --  << "([0xca]LNU[0xb2]260[0xd0]Q[\n]"
01:28:13.142 [main] DEBUG org.apache.http.wire --  << "J,[0xc9][0xcc]K/V[0xb2]2[0xd6]QrN,IM[0xcf]/[0xca]L-V[0xb2][0x8a][0x8e][0xad][0xad][0xe5][0x2][0x0][0x92][0x17][0xfb][0xdb]y[0x0][0x0][0x0]"
01:28:13.142 [main] DEBUG org.apache.http.wire --  << "[\r][\n]"
01:28:13.142 [main] DEBUG org.apache.http.wire --  << "0[\r][\n]"
01:28:13.142 [main] DEBUG org.apache.http.wire --  << "[\r][\n]"
01:28:13.142 [main] DEBUG io.restassured.internal.RestAssuredHttpBuilder -- Parsed data to instance of: class org.apache.http.conn.EofSensorInputStream
01:28:13.143 [main] DEBUG org.apache.http.impl.conn.BasicClientConnectionManager -- Releasing connection org.apache.http.impl.conn.ManagedClientConnectionImpl@3a44ebd5
01:28:13.143 [main] DEBUG org.apache.http.impl.conn.BasicClientConnectionManager -- Connection can be kept alive indefinitely
01:28:13.143 [main] DEBUG net.thucydides.core.steps.StepInterceptor -- STEP DONE: I POST HTTP request for give products ratings
  &amp#27;[32mWhen &amp#27;[0m&amp#27;[32mI POST HTTP request for give products ratings&amp#27;[0m               &amp#27;[90m# starter.stepdefinition.RatingsSteps.postHTTPRequestForGiveProductsRatings()&amp#27;[0m
01:28:13.145 [main] DEBUG net.thucydides.core.steps.StepInterceptor -- STARTING STEP: RatingsSteps.receiveValidHTTPResponse200ForGiveProductsRatings - I receive valid HTTP response 200 for give products ratings
01:28:13.146 [main] DEBUG net.thucydides.core.steps.StepInterceptor -- STEP DONE: I receive valid HTTP response 200 for give products ratings
  &amp#27;[32mThen &amp#27;[0m&amp#27;[32mI receive valid HTTP response 200 for give products ratings&amp#27;[0m &amp#27;[90m# starter.stepdefinition.RatingsSteps.receiveValidHTTPResponse200ForGiveProductsRatings()&amp#27;[0m
01:28:13.147 [main] INFO  -- 
  _____   ___   ___   _____     ___     _     ___   ___   ___   ___  
 |_   _| | __| / __| |_   _|   | _ \   /_\   / __| / __| | __| |   \ 
   | |   | _|  \__ \   | |     |  _/  / _ \  \__ \ \__ \ | _|  | |) |
   |_|   |___| |___/   |_|     |_|   /_/ \_\ |___/ |___/ |___| |___/ 

TC65 - Give products ratings
----------------------------------------------------------------------
]]></system-out>
  </testcase>
  <testcase name="TC66 - Give product ratings without setting token" classname="[07_Automation] - Ratings" time="0.117">
    <system-out><![CDATA[
Scenario: TC66 - Give product ratings without setting token                              &amp#27;[90m# src/test/resources/Ratings.feature:8&amp#27;[0m
01:28:13.153 [main] INFO io.cucumber.core.plugin.SerenityReporter -- Running feature from file:///D:/TaksAlterra/MiniProject/MiniProject_API/src/test/resources/Ratings.feature
01:28:13.153 [main] WARN io.cucumber.core.plugin.SerenityReporter -- Feature from file:///D:/TaksAlterra/MiniProject/MiniProject_API/src/test/resources/Ratings.feature is not under the 'features' directory. Requirements report will not be correctly generated!
01:28:13.156 [main] INFO  -- 
  _____   ___   ___   _____     ___   _____     _     ___   _____   ___   ___  
 |_   _| | __| / __| |_   _|   / __| |_   _|   /_\   | _ \ |_   _| | __| |   \ 
   | |   | _|  \__ \   | |     \__ \   | |    / _ \  |   /   | |   | _|  | |) |
   |_|   |___| |___/   |_|     |___/   |_|   /_/ \_\ |_|_\   |_|   |___| |___/ 

TC66 - Give product ratings without setting token([07-automation]---ratings;tc66---give-product-ratings-without-setting-token)
--------------------------------------------------------------------------------
01:28:13.164 [main] DEBUG net.thucydides.core.steps.StepInterceptor -- STARTING STEP: RatingsSteps.postGiveProductsRatingsEndpoints2 - I POST give products ratings endpoints 2
01:28:13.165 [main] DEBUG net.thucydides.core.steps.StepInterceptor -- STEP DONE: I POST give products ratings endpoints 2
  &amp#27;[32mGiven &amp#27;[0m&amp#27;[32mI POST give products ratings endpoints 2&amp#27;[0m                                         &amp#27;[90m# starter.stepdefinition.RatingsSteps.postGiveProductsRatingsEndpoints2()&amp#27;[0m
01:28:13.166 [main] DEBUG net.thucydides.core.steps.StepInterceptor -- STARTING STEP: RatingsSteps.postHTTPRequestForGiveProductsRatingsWithoutSettingToken - I POST HTTP request for give products ratings without setting token
01:28:13.167 [main] DEBUG net.thucydides.core.steps.StepInterceptor -- STARTING STEP: Ratings.postHTTPRequestForGiveProductsRatingsWithoutSettingToken - I POST give products ratings endpoints 2
01:28:13.167 [main] DEBUG net.thucydides.core.steps.StepInterceptor -- STEP DONE: I POST give products ratings endpoints 2
01:28:13.171 [main] DEBUG org.apache.http.impl.conn.BasicClientConnectionManager -- Get connection for route {s}->https://altashop-api.fly.dev:443
01:28:13.172 [main] DEBUG org.apache.http.impl.conn.DefaultClientConnectionOperator -- Connecting to altashop-api.fly.dev:443
01:28:13.233 [main] DEBUG org.apache.http.client.protocol.RequestAddCookies -- CookieSpec selected: ignoreCookies
01:28:13.234 [main] DEBUG org.apache.http.client.protocol.RequestAuthCache -- Auth cache not set in the context
01:28:13.234 [main] DEBUG org.apache.http.client.protocol.RequestTargetAuthentication -- Target auth state: UNCHALLENGED
01:28:13.234 [main] DEBUG org.apache.http.client.protocol.RequestProxyAuthentication -- Proxy auth state: UNCHALLENGED
01:28:13.234 [main] DEBUG org.apache.http.impl.client.DefaultHttpClient -- Attempt 1 to execute request
01:28:13.234 [main] DEBUG org.apache.http.impl.conn.DefaultClientConnection -- Sending request: POST /api/products/11672/ratings HTTP/1.1
01:28:13.234 [main] DEBUG org.apache.http.wire --  >> "POST /api/products/11672/ratings HTTP/1.1[\r][\n]"
01:28:13.234 [main] DEBUG org.apache.http.wire --  >> "Content-Type: application/json[\r][\n]"
01:28:13.234 [main] DEBUG org.apache.http.wire --  >> "Accept: */*[\r][\n]"
01:28:13.234 [main] DEBUG org.apache.http.wire --  >> "Content-Length: 0[\r][\n]"
01:28:13.234 [main] DEBUG org.apache.http.wire --  >> "Host: altashop-api.fly.dev[\r][\n]"
01:28:13.234 [main] DEBUG org.apache.http.wire --  >> "Connection: Keep-Alive[\r][\n]"
01:28:13.234 [main] DEBUG org.apache.http.wire --  >> "User-Agent: Apache-HttpClient/4.5.13 (Java/17.0.8)[\r][\n]"
01:28:13.234 [main] DEBUG org.apache.http.wire --  >> "Accept-Encoding: gzip,deflate[\r][\n]"
01:28:13.234 [main] DEBUG org.apache.http.wire --  >> "[\r][\n]"
01:28:13.234 [main] DEBUG org.apache.http.headers -- >> POST /api/products/11672/ratings HTTP/1.1
01:28:13.234 [main] DEBUG org.apache.http.headers -- >> Content-Type: application/json
01:28:13.234 [main] DEBUG org.apache.http.headers -- >> Accept: */*
01:28:13.234 [main] DEBUG org.apache.http.headers -- >> Content-Length: 0
01:28:13.234 [main] DEBUG org.apache.http.headers -- >> Host: altashop-api.fly.dev
01:28:13.234 [main] DEBUG org.apache.http.headers -- >> Connection: Keep-Alive
01:28:13.234 [main] DEBUG org.apache.http.headers -- >> User-Agent: Apache-HttpClient/4.5.13 (Java/17.0.8)
01:28:13.234 [main] DEBUG org.apache.http.headers -- >> Accept-Encoding: gzip,deflate
01:28:13.258 [main] DEBUG org.apache.http.wire --  << "HTTP/1.1 401 Unauthorized[\r][\n]"
01:28:13.258 [main] DEBUG org.apache.http.wire --  << "content-type: application/json[\r][\n]"
01:28:13.258 [main] DEBUG org.apache.http.wire --  << "date: Thu, 02 Nov 2023 18:28:14 GMT[\r][\n]"
01:28:13.258 [main] DEBUG org.apache.http.wire --  << "content-encoding: gzip[\r][\n]"
01:28:13.258 [main] DEBUG org.apache.http.wire --  << "transfer-encoding: chunked[\r][\n]"
01:28:13.258 [main] DEBUG org.apache.http.wire --  << "server: Fly/7328d5b5 (2023-10-27)[\r][\n]"
01:28:13.258 [main] DEBUG org.apache.http.wire --  << "via: 1.1 fly.io[\r][\n]"
01:28:13.258 [main] DEBUG org.apache.http.wire --  << "fly-request-id: 01HE8MP1AX54RJT2MHFBEVBPFR-sin[\r][\n]"
01:28:13.258 [main] DEBUG org.apache.http.wire --  << "[\r][\n]"
01:28:13.258 [main] DEBUG org.apache.http.impl.conn.DefaultClientConnection -- Receiving response: HTTP/1.1 401 Unauthorized
01:28:13.258 [main] DEBUG org.apache.http.headers -- << HTTP/1.1 401 Unauthorized
01:28:13.258 [main] DEBUG org.apache.http.headers -- << content-type: application/json
01:28:13.258 [main] DEBUG org.apache.http.headers -- << date: Thu, 02 Nov 2023 18:28:14 GMT
01:28:13.258 [main] DEBUG org.apache.http.headers -- << content-encoding: gzip
01:28:13.258 [main] DEBUG org.apache.http.headers -- << transfer-encoding: chunked
01:28:13.258 [main] DEBUG org.apache.http.headers -- << server: Fly/7328d5b5 (2023-10-27)
01:28:13.258 [main] DEBUG org.apache.http.headers -- << via: 1.1 fly.io
01:28:13.258 [main] DEBUG org.apache.http.headers -- << fly-request-id: 01HE8MP1AX54RJT2MHFBEVBPFR-sin
01:28:13.259 [main] DEBUG org.apache.http.impl.client.DefaultHttpClient -- Connection can be kept alive indefinitely
01:28:13.259 [main] DEBUG org.apache.http.impl.client.DefaultHttpClient -- Authentication required
01:28:13.259 [main] DEBUG org.apache.http.impl.client.DefaultHttpClient -- altashop-api.fly.dev:443 requested authentication
01:28:13.259 [main] DEBUG org.apache.http.impl.client.DefaultHttpClient -- Response contains no authentication challenges
01:28:13.259 [main] DEBUG io.restassured.internal.RestAssuredHttpBuilder -- Parsing response as: application/json
01:28:13.259 [main] DEBUG org.apache.http.wire --  << "2D[\r][\n]"
01:28:13.259 [main] DEBUG org.apache.http.wire --  << "[0x1f][0x8b][0x8][0x0][0x0][0x0][0x0][0x0][0x4][0xff][0xab]VJ-*[0xca]/R[0xb2]R*[0xcd]K,-[0xc9][0xc8]/[0xca][0xac]JMQ[0xaa][0xe5][0x2][0x0]@[0x17]da[0x19][0x0][0x0][0x0]"
01:28:13.259 [main] DEBUG org.apache.http.wire --  << "[\r][\n]"
01:28:13.260 [main] DEBUG org.apache.http.wire --  << "0[\r][\n]"
01:28:13.260 [main] DEBUG org.apache.http.wire --  << "[\r][\n]"
01:28:13.260 [main] DEBUG io.restassured.internal.RestAssuredHttpBuilder -- Parsed data to instance of: class org.apache.http.conn.EofSensorInputStream
01:28:13.261 [main] DEBUG org.apache.http.impl.conn.BasicClientConnectionManager -- Releasing connection org.apache.http.impl.conn.ManagedClientConnectionImpl@4e8036bb
01:28:13.261 [main] DEBUG org.apache.http.impl.conn.BasicClientConnectionManager -- Connection can be kept alive indefinitely
01:28:13.261 [main] DEBUG net.thucydides.core.steps.StepInterceptor -- STEP DONE: I POST HTTP request for give products ratings without setting token
  &amp#27;[32mWhen &amp#27;[0m&amp#27;[32mI POST HTTP request for give products ratings without setting token&amp#27;[0m               &amp#27;[90m# starter.stepdefinition.RatingsSteps.postHTTPRequestForGiveProductsRatingsWithoutSettingToken()&amp#27;[0m
01:28:13.263 [main] DEBUG net.thucydides.core.steps.StepInterceptor -- STARTING STEP: RatingsSteps.receiveResponseCode401ForGiveProductsRatingsWithoutSettingToken - I receive valid HTTP response 401 for give products ratings without setting token
01:28:13.264 [main] DEBUG net.thucydides.core.steps.StepInterceptor -- STEP DONE: I receive valid HTTP response 401 for give products ratings without setting token
  &amp#27;[32mThen &amp#27;[0m&amp#27;[32mI receive valid HTTP response 401 for give products ratings without setting token&amp#27;[0m &amp#27;[90m# starter.stepdefinition.RatingsSteps.receiveResponseCode401ForGiveProductsRatingsWithoutSettingToken()&amp#27;[0m
01:28:13.264 [main] INFO  -- 
  _____   ___   ___   _____     ___     _     ___   ___   ___   ___  
 |_   _| | __| / __| |_   _|   | _ \   /_\   / __| / __| | __| |   \ 
   | |   | _|  \__ \   | |     |  _/  / _ \  \__ \ \__ \ | _|  | |) |
   |_|   |___| |___/   |_|     |_|   /_/ \_\ |___/ |___/ |___| |___/ 

TC66 - Give product ratings without setting token
----------------------------------------------------------------------
]]></system-out>
  </testcase>
  <testcase name="TC68 - Give products ratings with unavailable" classname="[07_Automation] - Ratings" time="0.101">
    <system-out><![CDATA[
Scenario: TC68 - Give products ratings with unavailable                             &amp#27;[90m# src/test/resources/Ratings.feature:18&amp#27;[0m
01:28:13.268 [main] INFO io.cucumber.core.plugin.SerenityReporter -- Running feature from file:///D:/TaksAlterra/MiniProject/MiniProject_API/src/test/resources/Ratings.feature
01:28:13.268 [main] WARN io.cucumber.core.plugin.SerenityReporter -- Feature from file:///D:/TaksAlterra/MiniProject/MiniProject_API/src/test/resources/Ratings.feature is not under the 'features' directory. Requirements report will not be correctly generated!
01:28:13.268 [main] INFO  -- 
  _____   ___   ___   _____     ___   _____     _     ___   _____   ___   ___  
 |_   _| | __| / __| |_   _|   / __| |_   _|   /_\   | _ \ |_   _| | __| |   \ 
   | |   | _|  \__ \   | |     \__ \   | |    / _ \  |   /   | |   | _|  | |) |
   |_|   |___| |___/   |_|     |___/   |_|   /_/ \_\ |_|_\   |_|   |___| |___/ 

TC68 - Give products ratings with unavailable([07-automation]---ratings;tc68---give-products-ratings-with-unavailable)
--------------------------------------------------------------------------------
01:28:13.272 [main] DEBUG net.thucydides.core.steps.StepInterceptor -- STARTING STEP: RatingsSteps.postGiveProductsRatingsEndpoints4 - I POST give products ratings endpoints 4
01:28:13.273 [main] DEBUG net.thucydides.core.steps.StepInterceptor -- STEP DONE: I POST give products ratings endpoints 4
  &amp#27;[32mGiven &amp#27;[0m&amp#27;[32mI POST give products ratings endpoints 4&amp#27;[0m                                    &amp#27;[90m# starter.stepdefinition.RatingsSteps.postGiveProductsRatingsEndpoints4()&amp#27;[0m
01:28:13.274 [main] DEBUG net.thucydides.core.steps.StepInterceptor -- STARTING STEP: RatingsSteps.postHTTPRequestForGiveProductsRatingsWithUnavailable - I POST HTTP request for give products ratings with unavailable
01:28:13.275 [main] DEBUG net.thucydides.core.steps.StepInterceptor -- STARTING STEP: Ratings.postHTTPRequestForGiveProductsRatingsWithUnavailable - I POST give products ratings endpoints 4
01:28:13.275 [main] DEBUG net.thucydides.core.steps.StepInterceptor -- STEP DONE: I POST give products ratings endpoints 4
01:28:13.281 [main] DEBUG org.apache.http.impl.conn.BasicClientConnectionManager -- Get connection for route {s}->https://altashop-api.fly.dev:443
01:28:13.281 [main] DEBUG org.apache.http.impl.conn.DefaultClientConnectionOperator -- Connecting to altashop-api.fly.dev:443
01:28:13.333 [main] DEBUG org.apache.http.client.protocol.RequestAddCookies -- CookieSpec selected: ignoreCookies
01:28:13.333 [main] DEBUG org.apache.http.client.protocol.RequestAuthCache -- Auth cache not set in the context
01:28:13.333 [main] DEBUG org.apache.http.client.protocol.RequestProxyAuthentication -- Proxy auth state: UNCHALLENGED
01:28:13.333 [main] DEBUG org.apache.http.impl.client.DefaultHttpClient -- Attempt 1 to execute request
01:28:13.333 [main] DEBUG org.apache.http.impl.conn.DefaultClientConnection -- Sending request: POST /api/products/2/ratings HTTP/1.1
01:28:13.333 [main] DEBUG org.apache.http.wire --  >> "POST /api/products/2/ratings HTTP/1.1[\r][\n]"
01:28:13.333 [main] DEBUG org.apache.http.wire --  >> "Content-Type: application/json[\r][\n]"
01:28:13.333 [main] DEBUG org.apache.http.wire --  >> "Authorization: Bearer eyJhbGciOiJIUzI1NiIsInR5cCI6IkpXVCJ9.eyJGdWxsbmFtZSI6IldpeWFuIEhlcnJhIEhlcnZpYW5hIiwiRW1haWwiOiJ3aXlhbkBtYWlsLmNvbSJ9.NPXYoUbe7TJtZoFcbm-zZ2v4Arez-S9PaYhOwdAKxZI[\r][\n]"
01:28:13.333 [main] DEBUG org.apache.http.wire --  >> "Accept: */*[\r][\n]"
01:28:13.333 [main] DEBUG org.apache.http.wire --  >> "Content-Length: 0[\r][\n]"
01:28:13.333 [main] DEBUG org.apache.http.wire --  >> "Host: altashop-api.fly.dev[\r][\n]"
01:28:13.333 [main] DEBUG org.apache.http.wire --  >> "Connection: Keep-Alive[\r][\n]"
01:28:13.333 [main] DEBUG org.apache.http.wire --  >> "User-Agent: Apache-HttpClient/4.5.13 (Java/17.0.8)[\r][\n]"
01:28:13.333 [main] DEBUG org.apache.http.wire --  >> "Accept-Encoding: gzip,deflate[\r][\n]"
01:28:13.333 [main] DEBUG org.apache.http.wire --  >> "[\r][\n]"
01:28:13.333 [main] DEBUG org.apache.http.headers -- >> POST /api/products/2/ratings HTTP/1.1
01:28:13.333 [main] DEBUG org.apache.http.headers -- >> Content-Type: application/json
01:28:13.333 [main] DEBUG org.apache.http.headers -- >> Authorization: Bearer eyJhbGciOiJIUzI1NiIsInR5cCI6IkpXVCJ9.eyJGdWxsbmFtZSI6IldpeWFuIEhlcnJhIEhlcnZpYW5hIiwiRW1haWwiOiJ3aXlhbkBtYWlsLmNvbSJ9.NPXYoUbe7TJtZoFcbm-zZ2v4Arez-S9PaYhOwdAKxZI
01:28:13.333 [main] DEBUG org.apache.http.headers -- >> Accept: */*
01:28:13.333 [main] DEBUG org.apache.http.headers -- >> Content-Length: 0
01:28:13.333 [main] DEBUG org.apache.http.headers -- >> Host: altashop-api.fly.dev
01:28:13.333 [main] DEBUG org.apache.http.headers -- >> Connection: Keep-Alive
01:28:13.333 [main] DEBUG org.apache.http.headers -- >> User-Agent: Apache-HttpClient/4.5.13 (Java/17.0.8)
01:28:13.333 [main] DEBUG org.apache.http.headers -- >> Accept-Encoding: gzip,deflate
01:28:13.361 [main] DEBUG org.apache.http.wire --  << "HTTP/1.1 401 Unauthorized[\r][\n]"
01:28:13.361 [main] DEBUG org.apache.http.wire --  << "content-type: application/json[\r][\n]"
01:28:13.361 [main] DEBUG org.apache.http.wire --  << "date: Thu, 02 Nov 2023 18:28:14 GMT[\r][\n]"
01:28:13.361 [main] DEBUG org.apache.http.wire --  << "content-encoding: gzip[\r][\n]"
01:28:13.361 [main] DEBUG org.apache.http.wire --  << "transfer-encoding: chunked[\r][\n]"
01:28:13.361 [main] DEBUG org.apache.http.wire --  << "server: Fly/7328d5b5 (2023-10-27)[\r][\n]"
01:28:13.361 [main] DEBUG org.apache.http.wire --  << "via: 1.1 fly.io[\r][\n]"
01:28:13.361 [main] DEBUG org.apache.http.wire --  << "fly-request-id: 01HE8MP1E22A9VHN2GRV40XJRX-sin[\r][\n]"
01:28:13.361 [main] DEBUG org.apache.http.wire --  << "[\r][\n]"
01:28:13.361 [main] DEBUG org.apache.http.impl.conn.DefaultClientConnection -- Receiving response: HTTP/1.1 401 Unauthorized
01:28:13.361 [main] DEBUG org.apache.http.headers -- << HTTP/1.1 401 Unauthorized
01:28:13.361 [main] DEBUG org.apache.http.headers -- << content-type: application/json
01:28:13.361 [main] DEBUG org.apache.http.headers -- << date: Thu, 02 Nov 2023 18:28:14 GMT
01:28:13.361 [main] DEBUG org.apache.http.headers -- << content-encoding: gzip
01:28:13.361 [main] DEBUG org.apache.http.headers -- << transfer-encoding: chunked
01:28:13.361 [main] DEBUG org.apache.http.headers -- << server: Fly/7328d5b5 (2023-10-27)
01:28:13.361 [main] DEBUG org.apache.http.headers -- << via: 1.1 fly.io
01:28:13.361 [main] DEBUG org.apache.http.headers -- << fly-request-id: 01HE8MP1E22A9VHN2GRV40XJRX-sin
01:28:13.361 [main] DEBUG org.apache.http.impl.client.DefaultHttpClient -- Connection can be kept alive indefinitely
01:28:13.361 [main] DEBUG org.apache.http.impl.client.DefaultHttpClient -- Authentication required
01:28:13.361 [main] DEBUG org.apache.http.impl.client.DefaultHttpClient -- altashop-api.fly.dev:443 requested authentication
01:28:13.361 [main] DEBUG org.apache.http.impl.client.DefaultHttpClient -- Response contains no authentication challenges
01:28:13.361 [main] DEBUG io.restassured.internal.RestAssuredHttpBuilder -- Parsing response as: application/json
01:28:13.361 [main] DEBUG org.apache.http.wire --  << "31[\r][\n]"
01:28:13.361 [main] DEBUG org.apache.http.wire --  << "[0x1f][0x8b][0x8][0x0][0x0][0x0][0x0][0x0][0x4][0xff][0xab]VJ-*[0xca]/R[0xb2]R*JM[0xce]/JQ[0xc8][0xcb]/QH[0xcb]/[0xcd]KQ[0xaa][0xe5][0x2][0x0]6`[0x14][0x2][0x1d][0x0][0x0][0x0]"
01:28:13.361 [main] DEBUG org.apache.http.wire --  << "[\r][\n]"
01:28:13.361 [main] DEBUG org.apache.http.wire --  << "0[\r][\n]"
01:28:13.361 [main] DEBUG org.apache.http.wire --  << "[\r][\n]"
01:28:13.361 [main] DEBUG io.restassured.internal.RestAssuredHttpBuilder -- Parsed data to instance of: class org.apache.http.conn.EofSensorInputStream
01:28:13.362 [main] DEBUG org.apache.http.impl.conn.BasicClientConnectionManager -- Releasing connection org.apache.http.impl.conn.ManagedClientConnectionImpl@16fa28eb
01:28:13.362 [main] DEBUG org.apache.http.impl.conn.BasicClientConnectionManager -- Connection can be kept alive indefinitely
01:28:13.362 [main] DEBUG net.thucydides.core.steps.StepInterceptor -- STEP DONE: I POST HTTP request for give products ratings with unavailable
  &amp#27;[32mWhen &amp#27;[0m&amp#27;[32mI POST HTTP request for give products ratings with unavailable&amp#27;[0m               &amp#27;[90m# starter.stepdefinition.RatingsSteps.postHTTPRequestForGiveProductsRatingsWithUnavailable()&amp#27;[0m
01:28:13.364 [main] DEBUG net.thucydides.core.steps.StepInterceptor -- STARTING STEP: RatingsSteps.receiveResponseCode401ForGiveProductsRatingsWithUnavailable - I receive valid HTTP response 401 for give products ratings with unavailable
01:28:13.365 [main] DEBUG net.thucydides.core.steps.StepInterceptor -- STEP DONE: I receive valid HTTP response 401 for give products ratings with unavailable
  &amp#27;[32mThen &amp#27;[0m&amp#27;[32mI receive valid HTTP response 401 for give products ratings with unavailable&amp#27;[0m &amp#27;[90m# starter.stepdefinition.RatingsSteps.receiveResponseCode401ForGiveProductsRatingsWithUnavailable()&amp#27;[0m
01:28:13.366 [main] INFO  -- 
  _____   ___   ___   _____     ___     _     ___   ___   ___   ___  
 |_   _| | __| / __| |_   _|   | _ \   /_\   / __| / __| | __| |   \ 
   | |   | _|  \__ \   | |     |  _/  / _ \  \__ \ \__ \ | _|  | |) |
   |_|   |___| |___/   |_|     |_|   /_/ \_\ |___/ |___/ |___| |___/ 

TC68 - Give products ratings with unavailable
----------------------------------------------------------------------
]]></system-out>
  </testcase>
  <testcase name="TC69 - Give products ratings with invalid HTTP method" classname="[07_Automation] - Ratings" time="0.118">
    <system-out><![CDATA[
Scenario: TC69 - Give products ratings with invalid HTTP method                             &amp#27;[90m# src/test/resources/Ratings.feature:23&amp#27;[0m
01:28:13.371 [main] INFO io.cucumber.core.plugin.SerenityReporter -- Running feature from file:///D:/TaksAlterra/MiniProject/MiniProject_API/src/test/resources/Ratings.feature
01:28:13.371 [main] WARN io.cucumber.core.plugin.SerenityReporter -- Feature from file:///D:/TaksAlterra/MiniProject/MiniProject_API/src/test/resources/Ratings.feature is not under the 'features' directory. Requirements report will not be correctly generated!
01:28:13.372 [main] INFO  -- 
  _____   ___   ___   _____     ___   _____     _     ___   _____   ___   ___  
 |_   _| | __| / __| |_   _|   / __| |_   _|   /_\   | _ \ |_   _| | __| |   \ 
   | |   | _|  \__ \   | |     \__ \   | |    / _ \  |   /   | |   | _|  | |) |
   |_|   |___| |___/   |_|     |___/   |_|   /_/ \_\ |_|_\   |_|   |___| |___/ 

TC69 - Give products ratings with invalid HTTP method([07-automation]---ratings;tc69---give-products-ratings-with-invalid-http-method)
--------------------------------------------------------------------------------
01:28:13.375 [main] DEBUG net.thucydides.core.steps.StepInterceptor -- STARTING STEP: RatingsSteps.putGiveProductsRatingsEndpoints - I set PUT give products ratings endpoints
01:28:13.375 [main] DEBUG net.thucydides.core.steps.StepInterceptor -- STEP DONE: I set PUT give products ratings endpoints
  &amp#27;[32mGiven &amp#27;[0m&amp#27;[32mI set PUT give products ratings endpoints&amp#27;[0m                                           &amp#27;[90m# starter.stepdefinition.RatingsSteps.putGiveProductsRatingsEndpoints()&amp#27;[0m
01:28:13.377 [main] DEBUG net.thucydides.core.steps.StepInterceptor -- STARTING STEP: RatingsSteps.sendHTTPRequestForGiveProductsRatingsWithInvalidHTTPMethod - I send HTTP request for give products ratings with invalid HTTP method
01:28:13.378 [main] DEBUG net.thucydides.core.steps.StepInterceptor -- STARTING STEP: Ratings.sendHTTPRequestForGiveProductsRatingsWithInvalidHTTPMethod - I set PUT give products ratings endpoints
01:28:13.378 [main] DEBUG net.thucydides.core.steps.StepInterceptor -- STEP DONE: I set PUT give products ratings endpoints
01:28:13.388 [main] DEBUG org.apache.http.impl.conn.BasicClientConnectionManager -- Get connection for route {s}->https://altashop-api.fly.dev:443
01:28:13.388 [main] DEBUG org.apache.http.impl.conn.DefaultClientConnectionOperator -- Connecting to altashop-api.fly.dev:443
01:28:13.447 [main] DEBUG org.apache.http.client.protocol.RequestAddCookies -- CookieSpec selected: ignoreCookies
01:28:13.447 [main] DEBUG org.apache.http.client.protocol.RequestAuthCache -- Auth cache not set in the context
01:28:13.447 [main] DEBUG org.apache.http.client.protocol.RequestTargetAuthentication -- Target auth state: UNCHALLENGED
01:28:13.447 [main] DEBUG org.apache.http.client.protocol.RequestProxyAuthentication -- Proxy auth state: UNCHALLENGED
01:28:13.447 [main] DEBUG org.apache.http.impl.client.DefaultHttpClient -- Attempt 1 to execute request
01:28:13.447 [main] DEBUG org.apache.http.impl.conn.DefaultClientConnection -- Sending request: PUT /api/products/11672/ratings HTTP/1.1
01:28:13.447 [main] DEBUG org.apache.http.wire --  >> "PUT /api/products/11672/ratings HTTP/1.1[\r][\n]"
01:28:13.447 [main] DEBUG org.apache.http.wire --  >> "Content-Type: application/json[\r][\n]"
01:28:13.447 [main] DEBUG org.apache.http.wire --  >> "Accept: */*[\r][\n]"
01:28:13.447 [main] DEBUG org.apache.http.wire --  >> "Content-Length: 0[\r][\n]"
01:28:13.447 [main] DEBUG org.apache.http.wire --  >> "Host: altashop-api.fly.dev[\r][\n]"
01:28:13.447 [main] DEBUG org.apache.http.wire --  >> "Connection: Keep-Alive[\r][\n]"
01:28:13.447 [main] DEBUG org.apache.http.wire --  >> "User-Agent: Apache-HttpClient/4.5.13 (Java/17.0.8)[\r][\n]"
01:28:13.447 [main] DEBUG org.apache.http.wire --  >> "Accept-Encoding: gzip,deflate[\r][\n]"
01:28:13.447 [main] DEBUG org.apache.http.wire --  >> "[\r][\n]"
01:28:13.447 [main] DEBUG org.apache.http.headers -- >> PUT /api/products/11672/ratings HTTP/1.1
01:28:13.447 [main] DEBUG org.apache.http.headers -- >> Content-Type: application/json
01:28:13.447 [main] DEBUG org.apache.http.headers -- >> Accept: */*
01:28:13.447 [main] DEBUG org.apache.http.headers -- >> Content-Length: 0
01:28:13.447 [main] DEBUG org.apache.http.headers -- >> Host: altashop-api.fly.dev
01:28:13.447 [main] DEBUG org.apache.http.headers -- >> Connection: Keep-Alive
01:28:13.447 [main] DEBUG org.apache.http.headers -- >> User-Agent: Apache-HttpClient/4.5.13 (Java/17.0.8)
01:28:13.447 [main] DEBUG org.apache.http.headers -- >> Accept-Encoding: gzip,deflate
01:28:13.471 [main] DEBUG org.apache.http.wire --  << "HTTP/1.1 405 Method Not Allowed[\r][\n]"
01:28:13.471 [main] DEBUG org.apache.http.wire --  << "date: Thu, 02 Nov 2023 18:28:15 GMT[\r][\n]"
01:28:13.471 [main] DEBUG org.apache.http.wire --  << "content-encoding: gzip[\r][\n]"
01:28:13.471 [main] DEBUG org.apache.http.wire --  << "content-type: text/plain; charset=utf-8[\r][\n]"
01:28:13.471 [main] DEBUG org.apache.http.wire --  << "transfer-encoding: chunked[\r][\n]"
01:28:13.471 [main] DEBUG org.apache.http.wire --  << "server: Fly/7328d5b5 (2023-10-27)[\r][\n]"
01:28:13.471 [main] DEBUG org.apache.http.wire --  << "via: 1.1 fly.io[\r][\n]"
01:28:13.471 [main] DEBUG org.apache.http.wire --  << "fly-request-id: 01HE8MP1HJ121KBA509WFGVDFS-sin[\r][\n]"
01:28:13.471 [main] DEBUG org.apache.http.wire --  << "[\r][\n]"
01:28:13.471 [main] DEBUG org.apache.http.impl.conn.DefaultClientConnection -- Receiving response: HTTP/1.1 405 Method Not Allowed
01:28:13.471 [main] DEBUG org.apache.http.headers -- << HTTP/1.1 405 Method Not Allowed
01:28:13.471 [main] DEBUG org.apache.http.headers -- << date: Thu, 02 Nov 2023 18:28:15 GMT
01:28:13.471 [main] DEBUG org.apache.http.headers -- << content-encoding: gzip
01:28:13.471 [main] DEBUG org.apache.http.headers -- << content-type: text/plain; charset=utf-8
01:28:13.471 [main] DEBUG org.apache.http.headers -- << transfer-encoding: chunked
01:28:13.471 [main] DEBUG org.apache.http.headers -- << server: Fly/7328d5b5 (2023-10-27)
01:28:13.472 [main] DEBUG org.apache.http.headers -- << via: 1.1 fly.io
01:28:13.472 [main] DEBUG org.apache.http.headers -- << fly-request-id: 01HE8MP1HJ121KBA509WFGVDFS-sin
01:28:13.472 [main] DEBUG org.apache.http.impl.client.DefaultHttpClient -- Connection can be kept alive indefinitely
01:28:13.472 [main] DEBUG io.restassured.internal.RestAssuredHttpBuilder -- Parsing response as: text/plain; charset=utf-8
01:28:13.472 [main] DEBUG org.apache.http.wire --  << "27[\r][\n]"
01:28:13.472 [main] DEBUG org.apache.http.wire --  << "[0x1f][0x8b][0x8][0x0][0x0][0x0][0x0][0x0][0x4][0xff][0xcb]M-[0xc9][0xc8]OQ[0xc8][0xcb]/QH[0xcc][0xc9][0xc9]/OM[0xe1][0x2][0x0][0xe5]Yf[0xfa][0x13][0x0][0x0][0x0]"
01:28:13.472 [main] DEBUG org.apache.http.wire --  << "[\r][\n]"
01:28:13.472 [main] DEBUG org.apache.http.wire --  << "0[\r][\n]"
01:28:13.472 [main] DEBUG org.apache.http.wire --  << "[\r][\n]"
01:28:13.472 [main] DEBUG io.restassured.internal.RestAssuredHttpBuilder -- Parsed data to instance of: class org.apache.http.conn.EofSensorInputStream
01:28:13.472 [main] DEBUG org.apache.http.impl.conn.BasicClientConnectionManager -- Releasing connection org.apache.http.impl.conn.ManagedClientConnectionImpl@5aa0d535
01:28:13.472 [main] DEBUG org.apache.http.impl.conn.BasicClientConnectionManager -- Connection can be kept alive indefinitely
01:28:13.472 [main] DEBUG net.thucydides.core.steps.StepInterceptor -- STEP DONE: I send HTTP request for give products ratings with invalid HTTP method
  &amp#27;[32mWhen &amp#27;[0m&amp#27;[32mI send HTTP request for give products ratings with invalid HTTP method&amp#27;[0m               &amp#27;[90m# starter.stepdefinition.RatingsSteps.sendHTTPRequestForGiveProductsRatingsWithInvalidHTTPMethod()&amp#27;[0m
01:28:13.478 [main] DEBUG net.thucydides.core.steps.StepInterceptor -- STARTING STEP: RatingsSteps.receiveResponseCode405ForGiveProductsRatingsWithInvalidHTTPMethod - I receive valid HTTP response 405 for give products ratings with invalid HTTP method
01:28:13.479 [main] DEBUG net.thucydides.core.steps.StepInterceptor -- STEP DONE: I receive valid HTTP response 405 for give products ratings with invalid HTTP method
  &amp#27;[32mThen &amp#27;[0m&amp#27;[32mI receive valid HTTP response 405 for give products ratings with invalid HTTP method&amp#27;[0m &amp#27;[90m# starter.stepdefinition.RatingsSteps.receiveResponseCode405ForGiveProductsRatingsWithInvalidHTTPMethod()&amp#27;[0m
01:28:13.482 [main] INFO  -- 
  _____   ___   ___   _____     ___     _     ___   ___   ___   ___  
 |_   _| | __| / __| |_   _|   | _ \   /_\   / __| / __| | __| |   \ 
   | |   | _|  \__ \   | |     |  _/  / _ \  \__ \ \__ \ | _|  | |) |
   |_|   |___| |___/   |_|     |_|   /_/ \_\ |___/ |___/ |___| |___/ 

TC69 - Give products ratings with invalid HTTP method
----------------------------------------------------------------------
]]></system-out>
  </testcase>
  <testcase name="TC70 - Get products ratings" classname="[07_Automation] - Ratings" time="0.096">
    <system-out><![CDATA[
Scenario: TC70 - Get products ratings                             &amp#27;[90m# src/test/resources/Ratings.feature:28&amp#27;[0m
01:28:13.488 [main] INFO io.cucumber.core.plugin.SerenityReporter -- Running feature from file:///D:/TaksAlterra/MiniProject/MiniProject_API/src/test/resources/Ratings.feature
01:28:13.488 [main] WARN io.cucumber.core.plugin.SerenityReporter -- Feature from file:///D:/TaksAlterra/MiniProject/MiniProject_API/src/test/resources/Ratings.feature is not under the 'features' directory. Requirements report will not be correctly generated!
01:28:13.489 [main] INFO  -- 
  _____   ___   ___   _____     ___   _____     _     ___   _____   ___   ___  
 |_   _| | __| / __| |_   _|   / __| |_   _|   /_\   | _ \ |_   _| | __| |   \ 
   | |   | _|  \__ \   | |     \__ \   | |    / _ \  |   /   | |   | _|  | |) |
   |_|   |___| |___/   |_|     |___/   |_|   /_/ \_\ |_|_\   |_|   |___| |___/ 

TC70 - Get products ratings([07-automation]---ratings;tc70---get-products-ratings)
--------------------------------------------------------------------------------
01:28:13.493 [main] DEBUG net.thucydides.core.steps.StepInterceptor -- STARTING STEP: RatingsSteps.getProductsRatingsEndpoints - I GET products ratings endpoints
01:28:13.493 [main] DEBUG net.thucydides.core.steps.StepInterceptor -- STEP DONE: I GET products ratings endpoints
  &amp#27;[32mGiven &amp#27;[0m&amp#27;[32mI GET products ratings endpoints&amp#27;[0m                          &amp#27;[90m# starter.stepdefinition.RatingsSteps.getProductsRatingsEndpoints()&amp#27;[0m
01:28:13.496 [main] DEBUG net.thucydides.core.steps.StepInterceptor -- STARTING STEP: RatingsSteps.getHTTPRequestForProductsRatings - I GET HTTP request for products ratings
01:28:13.497 [main] DEBUG net.thucydides.core.steps.StepInterceptor -- STARTING STEP: Ratings.getHTTPRequestForProductsRatings - I GET products ratings endpoints
01:28:13.497 [main] DEBUG net.thucydides.core.steps.StepInterceptor -- STEP DONE: I GET products ratings endpoints
01:28:13.500 [main] DEBUG org.apache.http.impl.conn.BasicClientConnectionManager -- Get connection for route {s}->https://altashop-api.fly.dev:443
01:28:13.500 [main] DEBUG org.apache.http.impl.conn.DefaultClientConnectionOperator -- Connecting to altashop-api.fly.dev:443
01:28:13.550 [main] DEBUG org.apache.http.client.protocol.RequestAddCookies -- CookieSpec selected: ignoreCookies
01:28:13.550 [main] DEBUG org.apache.http.client.protocol.RequestAuthCache -- Auth cache not set in the context
01:28:13.550 [main] DEBUG org.apache.http.client.protocol.RequestProxyAuthentication -- Proxy auth state: UNCHALLENGED
01:28:13.550 [main] DEBUG org.apache.http.impl.client.DefaultHttpClient -- Attempt 1 to execute request
01:28:13.550 [main] DEBUG org.apache.http.impl.conn.DefaultClientConnection -- Sending request: GET /api/products/11672/ratings HTTP/1.1
01:28:13.550 [main] DEBUG org.apache.http.wire --  >> "GET /api/products/11672/ratings HTTP/1.1[\r][\n]"
01:28:13.550 [main] DEBUG org.apache.http.wire --  >> "Authorization: Bearer eyJhbGciOiJIUzI1NiIsInR5cCI6IkpXVCJ9.eyJGdWxsbmFtZSI6IldpeWFuIEhlcnJhIEhlcnZpYW5hIiwiRW1haWwiOiJ3aXlhbkBtYWlsLmNvbSJ9.NPXYoUbe7TJtZoFcbm-zZ2v4Arez-S9PaYhOwdAKxZI[\r][\n]"
01:28:13.550 [main] DEBUG org.apache.http.wire --  >> "Accept: */*[\r][\n]"
01:28:13.550 [main] DEBUG org.apache.http.wire --  >> "Host: altashop-api.fly.dev[\r][\n]"
01:28:13.550 [main] DEBUG org.apache.http.wire --  >> "Connection: Keep-Alive[\r][\n]"
01:28:13.550 [main] DEBUG org.apache.http.wire --  >> "User-Agent: Apache-HttpClient/4.5.13 (Java/17.0.8)[\r][\n]"
01:28:13.550 [main] DEBUG org.apache.http.wire --  >> "Accept-Encoding: gzip,deflate[\r][\n]"
01:28:13.550 [main] DEBUG org.apache.http.wire --  >> "[\r][\n]"
01:28:13.550 [main] DEBUG org.apache.http.headers -- >> GET /api/products/11672/ratings HTTP/1.1
01:28:13.550 [main] DEBUG org.apache.http.headers -- >> Authorization: Bearer eyJhbGciOiJIUzI1NiIsInR5cCI6IkpXVCJ9.eyJGdWxsbmFtZSI6IldpeWFuIEhlcnJhIEhlcnZpYW5hIiwiRW1haWwiOiJ3aXlhbkBtYWlsLmNvbSJ9.NPXYoUbe7TJtZoFcbm-zZ2v4Arez-S9PaYhOwdAKxZI
01:28:13.550 [main] DEBUG org.apache.http.headers -- >> Accept: */*
01:28:13.550 [main] DEBUG org.apache.http.headers -- >> Host: altashop-api.fly.dev
01:28:13.550 [main] DEBUG org.apache.http.headers -- >> Connection: Keep-Alive
01:28:13.550 [main] DEBUG org.apache.http.headers -- >> User-Agent: Apache-HttpClient/4.5.13 (Java/17.0.8)
01:28:13.550 [main] DEBUG org.apache.http.headers -- >> Accept-Encoding: gzip,deflate
01:28:13.575 [main] DEBUG org.apache.http.wire --  << "HTTP/1.1 200 OK[\r][\n]"
01:28:13.575 [main] DEBUG org.apache.http.wire --  << "content-type: application/json[\r][\n]"
01:28:13.575 [main] DEBUG org.apache.http.wire --  << "date: Thu, 02 Nov 2023 18:28:15 GMT[\r][\n]"
01:28:13.575 [main] DEBUG org.apache.http.wire --  << "content-encoding: gzip[\r][\n]"
01:28:13.575 [main] DEBUG org.apache.http.wire --  << "transfer-encoding: chunked[\r][\n]"
01:28:13.575 [main] DEBUG org.apache.http.wire --  << "server: Fly/7328d5b5 (2023-10-27)[\r][\n]"
01:28:13.575 [main] DEBUG org.apache.http.wire --  << "via: 1.1 fly.io[\r][\n]"
01:28:13.575 [main] DEBUG org.apache.http.wire --  << "fly-request-id: 01HE8MP1MRQB106AF17SEJH0ZX-sin[\r][\n]"
01:28:13.575 [main] DEBUG org.apache.http.wire --  << "[\r][\n]"
01:28:13.575 [main] DEBUG org.apache.http.impl.conn.DefaultClientConnection -- Receiving response: HTTP/1.1 200 OK
01:28:13.575 [main] DEBUG org.apache.http.headers -- << HTTP/1.1 200 OK
01:28:13.575 [main] DEBUG org.apache.http.headers -- << content-type: application/json
01:28:13.575 [main] DEBUG org.apache.http.headers -- << date: Thu, 02 Nov 2023 18:28:15 GMT
01:28:13.575 [main] DEBUG org.apache.http.headers -- << content-encoding: gzip
01:28:13.575 [main] DEBUG org.apache.http.headers -- << transfer-encoding: chunked
01:28:13.575 [main] DEBUG org.apache.http.headers -- << server: Fly/7328d5b5 (2023-10-27)
01:28:13.575 [main] DEBUG org.apache.http.headers -- << via: 1.1 fly.io
01:28:13.575 [main] DEBUG org.apache.http.headers -- << fly-request-id: 01HE8MP1MRQB106AF17SEJH0ZX-sin
01:28:13.575 [main] DEBUG org.apache.http.impl.client.DefaultHttpClient -- Connection can be kept alive indefinitely
01:28:13.575 [main] DEBUG io.restassured.internal.RestAssuredHttpBuilder -- Parsing response as: application/json
01:28:13.575 [main] DEBUG org.apache.http.wire --  << "1F[\r][\n]"
01:28:13.575 [main] DEBUG org.apache.http.wire --  << "[0x1f][0x8b][0x8][0x0][0x0][0x0][0x0][0x0][0x4][0xff][0xab]VJI,IT[0xb2]2[0xa8][0xe5][0x2][0x0]h[0x80][0xd5]A[0xb][0x0][0x0][0x0]"
01:28:13.575 [main] DEBUG org.apache.http.wire --  << "[\r][\n]"
01:28:13.575 [main] DEBUG org.apache.http.wire --  << "0[\r][\n]"
01:28:13.575 [main] DEBUG org.apache.http.wire --  << "[\r][\n]"
01:28:13.575 [main] DEBUG io.restassured.internal.RestAssuredHttpBuilder -- Parsed data to instance of: class org.apache.http.conn.EofSensorInputStream
01:28:13.576 [main] DEBUG org.apache.http.impl.conn.BasicClientConnectionManager -- Releasing connection org.apache.http.impl.conn.ManagedClientConnectionImpl@3e1ba156
01:28:13.576 [main] DEBUG org.apache.http.impl.conn.BasicClientConnectionManager -- Connection can be kept alive indefinitely
01:28:13.576 [main] DEBUG net.thucydides.core.steps.StepInterceptor -- STEP DONE: I GET HTTP request for products ratings
  &amp#27;[32mWhen &amp#27;[0m&amp#27;[32mI GET HTTP request for products ratings&amp#27;[0m                    &amp#27;[90m# starter.stepdefinition.RatingsSteps.getHTTPRequestForProductsRatings()&amp#27;[0m
01:28:13.578 [main] DEBUG net.thucydides.core.steps.StepInterceptor -- STARTING STEP: RatingsSteps.receiveResponseCode200ForProductsRatings - I receive valid HTTP response 200 for get products ratings
01:28:13.578 [main] DEBUG net.thucydides.core.steps.StepInterceptor -- STEP DONE: I receive valid HTTP response 200 for get products ratings
  &amp#27;[32mThen &amp#27;[0m&amp#27;[32mI receive valid HTTP response 200 for get products ratings&amp#27;[0m &amp#27;[90m# starter.stepdefinition.RatingsSteps.receiveResponseCode200ForProductsRatings()&amp#27;[0m
01:28:13.580 [main] INFO  -- 
  _____   ___   ___   _____     ___     _     ___   ___   ___   ___  
 |_   _| | __| / __| |_   _|   | _ \   /_\   / __| / __| | __| |   \ 
   | |   | _|  \__ \   | |     |  _/  / _ \  \__ \ \__ \ | _|  | |) |
   |_|   |___| |___/   |_|     |_|   /_/ \_\ |___/ |___/ |___| |___/ 

TC70 - Get products ratings
----------------------------------------------------------------------
]]></system-out>
  </testcase>
  <testcase name="TC71 - Get product rating using invalid product ID with character symbols" classname="[07_Automation] - Ratings" time="0.116">
    <system-out><![CDATA[
Scenario: TC71 - Get product rating using invalid product ID with character symbols                               &amp#27;[90m# src/test/resources/Ratings.feature:33&amp#27;[0m
01:28:13.586 [main] INFO io.cucumber.core.plugin.SerenityReporter -- Running feature from file:///D:/TaksAlterra/MiniProject/MiniProject_API/src/test/resources/Ratings.feature
01:28:13.586 [main] WARN io.cucumber.core.plugin.SerenityReporter -- Feature from file:///D:/TaksAlterra/MiniProject/MiniProject_API/src/test/resources/Ratings.feature is not under the 'features' directory. Requirements report will not be correctly generated!
01:28:13.587 [main] INFO  -- 
  _____   ___   ___   _____     ___   _____     _     ___   _____   ___   ___  
 |_   _| | __| / __| |_   _|   / __| |_   _|   /_\   | _ \ |_   _| | __| |   \ 
   | |   | _|  \__ \   | |     \__ \   | |    / _ \  |   /   | |   | _|  | |) |
   |_|   |___| |___/   |_|     |___/   |_|   /_/ \_\ |_|_\   |_|   |___| |___/ 

TC71 - Get product rating using invalid product ID with character symbols([07-automation]---ratings;tc71---get-product-rating-using-invalid-product-id-with-character-symbols)
--------------------------------------------------------------------------------
01:28:13.594 [main] DEBUG net.thucydides.core.steps.StepInterceptor -- STARTING STEP: RatingsSteps.getProductsRatingsEndpointsByID - I GET products ratings endpoints by ID
01:28:13.595 [main] DEBUG net.thucydides.core.steps.StepInterceptor -- STEP DONE: I GET products ratings endpoints by ID
  &amp#27;[32mGiven &amp#27;[0m&amp#27;[32mI GET products ratings endpoints by ID&amp#27;[0m                                                                    &amp#27;[90m# starter.stepdefinition.RatingsSteps.getProductsRatingsEndpointsByID()&amp#27;[0m
01:28:13.599 [main] DEBUG net.thucydides.core.steps.StepInterceptor -- STARTING STEP: RatingsSteps.getHTTPRequestForProductsRatingsUsingInvalidProductsIDWithCharacterSymbols - I GET HTTP request for products ratings using invalid products ID with character symbols
01:28:13.599 [main] DEBUG net.thucydides.core.steps.StepInterceptor -- STARTING STEP: Ratings.getHTTPRequestForProductsRatingsUsingInvalidProductsIDWithCharacterSymbols - I GET products ratings endpoints by ID
01:28:13.599 [main] DEBUG net.thucydides.core.steps.StepInterceptor -- STEP DONE: I GET products ratings endpoints by ID
01:28:13.603 [main] DEBUG org.apache.http.impl.conn.BasicClientConnectionManager -- Get connection for route {s}->https://altashop-api.fly.dev:443
01:28:13.604 [main] DEBUG org.apache.http.impl.conn.DefaultClientConnectionOperator -- Connecting to altashop-api.fly.dev:443
01:28:13.663 [main] DEBUG org.apache.http.client.protocol.RequestAddCookies -- CookieSpec selected: ignoreCookies
01:28:13.663 [main] DEBUG org.apache.http.client.protocol.RequestAuthCache -- Auth cache not set in the context
01:28:13.663 [main] DEBUG org.apache.http.client.protocol.RequestProxyAuthentication -- Proxy auth state: UNCHALLENGED
01:28:13.663 [main] DEBUG org.apache.http.impl.client.DefaultHttpClient -- Attempt 1 to execute request
01:28:13.663 [main] DEBUG org.apache.http.impl.conn.DefaultClientConnection -- Sending request: GET /api/products/-11672/ratings HTTP/1.1
01:28:13.663 [main] DEBUG org.apache.http.wire --  >> "GET /api/products/-11672/ratings HTTP/1.1[\r][\n]"
01:28:13.663 [main] DEBUG org.apache.http.wire --  >> "Authorization: Bearer eyJhbGciOiJIUzI1NiIsInR5cCI6IkpXVCJ9.eyJGdWxsbmFtZSI6IldpeWFuIEhlcnJhIEhlcnZpYW5hIiwiRW1haWwiOiJ3aXlhbkBtYWlsLmNvbSJ9.NPXYoUbe7TJtZoFcbm-zZ2v4Arez-S9PaYhOwdAKxZI[\r][\n]"
01:28:13.663 [main] DEBUG org.apache.http.wire --  >> "Accept: */*[\r][\n]"
01:28:13.663 [main] DEBUG org.apache.http.wire --  >> "Host: altashop-api.fly.dev[\r][\n]"
01:28:13.663 [main] DEBUG org.apache.http.wire --  >> "Connection: Keep-Alive[\r][\n]"
01:28:13.663 [main] DEBUG org.apache.http.wire --  >> "User-Agent: Apache-HttpClient/4.5.13 (Java/17.0.8)[\r][\n]"
01:28:13.663 [main] DEBUG org.apache.http.wire --  >> "Accept-Encoding: gzip,deflate[\r][\n]"
01:28:13.663 [main] DEBUG org.apache.http.wire --  >> "[\r][\n]"
01:28:13.663 [main] DEBUG org.apache.http.headers -- >> GET /api/products/-11672/ratings HTTP/1.1
01:28:13.663 [main] DEBUG org.apache.http.headers -- >> Authorization: Bearer eyJhbGciOiJIUzI1NiIsInR5cCI6IkpXVCJ9.eyJGdWxsbmFtZSI6IldpeWFuIEhlcnJhIEhlcnZpYW5hIiwiRW1haWwiOiJ3aXlhbkBtYWlsLmNvbSJ9.NPXYoUbe7TJtZoFcbm-zZ2v4Arez-S9PaYhOwdAKxZI
01:28:13.663 [main] DEBUG org.apache.http.headers -- >> Accept: */*
01:28:13.663 [main] DEBUG org.apache.http.headers -- >> Host: altashop-api.fly.dev
01:28:13.663 [main] DEBUG org.apache.http.headers -- >> Connection: Keep-Alive
01:28:13.663 [main] DEBUG org.apache.http.headers -- >> User-Agent: Apache-HttpClient/4.5.13 (Java/17.0.8)
01:28:13.663 [main] DEBUG org.apache.http.headers -- >> Accept-Encoding: gzip,deflate
01:28:13.690 [main] DEBUG org.apache.http.wire --  << "HTTP/1.1 500 Internal Server Error[\r][\n]"
01:28:13.691 [main] DEBUG org.apache.http.wire --  << "content-type: application/json[\r][\n]"
01:28:13.691 [main] DEBUG org.apache.http.wire --  << "date: Thu, 02 Nov 2023 18:28:15 GMT[\r][\n]"
01:28:13.691 [main] DEBUG org.apache.http.wire --  << "content-encoding: gzip[\r][\n]"
01:28:13.691 [main] DEBUG org.apache.http.wire --  << "transfer-encoding: chunked[\r][\n]"
01:28:13.691 [main] DEBUG org.apache.http.wire --  << "server: Fly/7328d5b5 (2023-10-27)[\r][\n]"
01:28:13.691 [main] DEBUG org.apache.http.wire --  << "via: 1.1 fly.io[\r][\n]"
01:28:13.691 [main] DEBUG org.apache.http.wire --  << "fly-request-id: 01HE8MP1RAH0B1WHK8H74Q0QTS-sin[\r][\n]"
01:28:13.691 [main] DEBUG org.apache.http.wire --  << "[\r][\n]"
01:28:13.691 [main] DEBUG org.apache.http.impl.conn.DefaultClientConnection -- Receiving response: HTTP/1.1 500 Internal Server Error
01:28:13.691 [main] DEBUG org.apache.http.headers -- << HTTP/1.1 500 Internal Server Error
01:28:13.691 [main] DEBUG org.apache.http.headers -- << content-type: application/json
01:28:13.691 [main] DEBUG org.apache.http.headers -- << date: Thu, 02 Nov 2023 18:28:15 GMT
01:28:13.691 [main] DEBUG org.apache.http.headers -- << content-encoding: gzip
01:28:13.691 [main] DEBUG org.apache.http.headers -- << transfer-encoding: chunked
01:28:13.691 [main] DEBUG org.apache.http.headers -- << server: Fly/7328d5b5 (2023-10-27)
01:28:13.691 [main] DEBUG org.apache.http.headers -- << via: 1.1 fly.io
01:28:13.691 [main] DEBUG org.apache.http.headers -- << fly-request-id: 01HE8MP1RAH0B1WHK8H74Q0QTS-sin
01:28:13.691 [main] DEBUG org.apache.http.impl.client.DefaultHttpClient -- Connection can be kept alive indefinitely
01:28:13.691 [main] DEBUG io.restassured.internal.RestAssuredHttpBuilder -- Parsing response as: application/json
01:28:13.691 [main] DEBUG org.apache.http.wire --  << "5C[\r][\n]"
01:28:13.691 [main] DEBUG org.apache.http.wire --  << "[0x1f][0x8b][0x8][0x0][0x0][0x0][0x0][0x0][0x4][0xff][0xab]VJ-*[0xca]/R[0xb2]R2[0xb4]01137110767[0xb0]45[0xb6][0xb4]41Q[0xc8],VH/JM,I-R([0xc9]H[0xcc]S[0xc8]M[0xac][0xc8][0xcc]-[0xcd]U(K[0xcc])MUH[0xcb]/R[0xf0][0xcc]+1Q[0xaa][0xe5][0x2][0x0][0xbe][0xee]j*H[0x0][0x0][0x0]"
01:28:13.691 [main] DEBUG org.apache.http.wire --  << "[\r][\n]"
01:28:13.691 [main] DEBUG org.apache.http.wire --  << "0[\r][\n]"
01:28:13.691 [main] DEBUG org.apache.http.wire --  << "[\r][\n]"
01:28:13.691 [main] DEBUG io.restassured.internal.RestAssuredHttpBuilder -- Parsed data to instance of: class org.apache.http.conn.EofSensorInputStream
01:28:13.692 [main] DEBUG org.apache.http.impl.conn.BasicClientConnectionManager -- Releasing connection org.apache.http.impl.conn.ManagedClientConnectionImpl@7eaa52d6
01:28:13.692 [main] DEBUG org.apache.http.impl.conn.BasicClientConnectionManager -- Connection can be kept alive indefinitely
01:28:13.692 [main] DEBUG net.thucydides.core.steps.StepInterceptor -- STEP DONE: I GET HTTP request for products ratings using invalid products ID with character symbols
  &amp#27;[32mWhen &amp#27;[0m&amp#27;[32mI GET HTTP request for products ratings using invalid products ID with character symbols&amp#27;[0m                   &amp#27;[90m# starter.stepdefinition.RatingsSteps.getHTTPRequestForProductsRatingsUsingInvalidProductsIDWithCharacterSymbols()&amp#27;[0m
01:28:13.694 [main] DEBUG net.thucydides.core.steps.StepInterceptor -- STARTING STEP: RatingsSteps.receiveResponseCode500ForProductsRatingsUsingInvalidProductsIDWithCharacterSymbols - I receive valid HTTP response 500 for get products ratings using invalid product ID with character symbols
01:28:13.695 [main] DEBUG net.thucydides.core.steps.StepInterceptor -- STEP DONE: I receive valid HTTP response 500 for get products ratings using invalid product ID with character symbols
  &amp#27;[32mThen &amp#27;[0m&amp#27;[32mI receive valid HTTP response 500 for get products ratings using invalid product ID with character symbols&amp#27;[0m &amp#27;[90m# starter.stepdefinition.RatingsSteps.receiveResponseCode500ForProductsRatingsUsingInvalidProductsIDWithCharacterSymbols()&amp#27;[0m
01:28:13.695 [main] INFO  -- 
  _____   ___   ___   _____     ___     _     ___   ___   ___   ___  
 |_   _| | __| / __| |_   _|   | _ \   /_\   / __| / __| | __| |   \ 
   | |   | _|  \__ \   | |     |  _/  / _ \  \__ \ \__ \ | _|  | |) |
   |_|   |___| |___/   |_|     |_|   /_/ \_\ |___/ |___/ |___| |___/ 

TC71 - Get product rating using invalid product ID with character symbols
----------------------------------------------------------------------
]]></system-out>
  </testcase>
  <testcase name="TC72 - Get product rating using invalid product id with character alphabet" classname="[07_Automation] - Ratings" time="0.106">
    <system-out><![CDATA[
Scenario: TC72 - Get product rating using invalid product id with character alphabet                               &amp#27;[90m# src/test/resources/Ratings.feature:38&amp#27;[0m
01:28:13.700 [main] INFO io.cucumber.core.plugin.SerenityReporter -- Running feature from file:///D:/TaksAlterra/MiniProject/MiniProject_API/src/test/resources/Ratings.feature
01:28:13.700 [main] WARN io.cucumber.core.plugin.SerenityReporter -- Feature from file:///D:/TaksAlterra/MiniProject/MiniProject_API/src/test/resources/Ratings.feature is not under the 'features' directory. Requirements report will not be correctly generated!
01:28:13.700 [main] INFO  -- 
  _____   ___   ___   _____     ___   _____     _     ___   _____   ___   ___  
 |_   _| | __| / __| |_   _|   / __| |_   _|   /_\   | _ \ |_   _| | __| |   \ 
   | |   | _|  \__ \   | |     \__ \   | |    / _ \  |   /   | |   | _|  | |) |
   |_|   |___| |___/   |_|     |___/   |_|   /_/ \_\ |_|_\   |_|   |___| |___/ 

TC72 - Get product rating using invalid product id with character alphabet([07-automation]---ratings;tc72---get-product-rating-using-invalid-product-id-with-character-alphabet)
--------------------------------------------------------------------------------
01:28:13.704 [main] DEBUG net.thucydides.core.steps.StepInterceptor -- STARTING STEP: RatingsSteps.getProductsRatingsEndpointsByID2 - I GET products ratings endpoints by ID 2
01:28:13.704 [main] DEBUG net.thucydides.core.steps.StepInterceptor -- STEP DONE: I GET products ratings endpoints by ID 2
  &amp#27;[32mGiven &amp#27;[0m&amp#27;[32mI GET products ratings endpoints by ID 2&amp#27;[0m                                                                   &amp#27;[90m# starter.stepdefinition.RatingsSteps.getProductsRatingsEndpointsByID2()&amp#27;[0m
01:28:13.705 [main] DEBUG net.thucydides.core.steps.StepInterceptor -- STARTING STEP: RatingsSteps.getHTTPRequestForProductsRatingsUsingInvalidProductsIDWithCharacterAlphabet - I GET HTTP request for products ratings using invalid products ID with character alphabet
01:28:13.706 [main] DEBUG net.thucydides.core.steps.StepInterceptor -- STARTING STEP: Ratings.getHTTPRequestForProductsRatingsUsingInvalidProductsIDWithCharacterAlphabet - I GET products ratings endpoints by ID 2
01:28:13.706 [main] DEBUG net.thucydides.core.steps.StepInterceptor -- STEP DONE: I GET products ratings endpoints by ID 2
01:28:13.713 [main] DEBUG org.apache.http.impl.conn.BasicClientConnectionManager -- Get connection for route {s}->https://altashop-api.fly.dev:443
01:28:13.713 [main] DEBUG org.apache.http.impl.conn.DefaultClientConnectionOperator -- Connecting to altashop-api.fly.dev:443
01:28:13.771 [main] DEBUG org.apache.http.client.protocol.RequestAddCookies -- CookieSpec selected: ignoreCookies
01:28:13.771 [main] DEBUG org.apache.http.client.protocol.RequestAuthCache -- Auth cache not set in the context
01:28:13.771 [main] DEBUG org.apache.http.client.protocol.RequestProxyAuthentication -- Proxy auth state: UNCHALLENGED
01:28:13.771 [main] DEBUG org.apache.http.impl.client.DefaultHttpClient -- Attempt 1 to execute request
01:28:13.771 [main] DEBUG org.apache.http.impl.conn.DefaultClientConnection -- Sending request: GET /api/products/satu/ratings HTTP/1.1
01:28:13.771 [main] DEBUG org.apache.http.wire --  >> "GET /api/products/satu/ratings HTTP/1.1[\r][\n]"
01:28:13.771 [main] DEBUG org.apache.http.wire --  >> "Authorization: Bearer eyJhbGciOiJIUzI1NiIsInR5cCI6IkpXVCJ9.eyJGdWxsbmFtZSI6IldpeWFuIEhlcnJhIEhlcnZpYW5hIiwiRW1haWwiOiJ3aXlhbkBtYWlsLmNvbSJ9.NPXYoUbe7TJtZoFcbm-zZ2v4Arez-S9PaYhOwdAKxZI[\r][\n]"
01:28:13.771 [main] DEBUG org.apache.http.wire --  >> "Accept: */*[\r][\n]"
01:28:13.771 [main] DEBUG org.apache.http.wire --  >> "Host: altashop-api.fly.dev[\r][\n]"
01:28:13.771 [main] DEBUG org.apache.http.wire --  >> "Connection: Keep-Alive[\r][\n]"
01:28:13.771 [main] DEBUG org.apache.http.wire --  >> "User-Agent: Apache-HttpClient/4.5.13 (Java/17.0.8)[\r][\n]"
01:28:13.771 [main] DEBUG org.apache.http.wire --  >> "Accept-Encoding: gzip,deflate[\r][\n]"
01:28:13.771 [main] DEBUG org.apache.http.wire --  >> "[\r][\n]"
01:28:13.771 [main] DEBUG org.apache.http.headers -- >> GET /api/products/satu/ratings HTTP/1.1
01:28:13.771 [main] DEBUG org.apache.http.headers -- >> Authorization: Bearer eyJhbGciOiJIUzI1NiIsInR5cCI6IkpXVCJ9.eyJGdWxsbmFtZSI6IldpeWFuIEhlcnJhIEhlcnZpYW5hIiwiRW1haWwiOiJ3aXlhbkBtYWlsLmNvbSJ9.NPXYoUbe7TJtZoFcbm-zZ2v4Arez-S9PaYhOwdAKxZI
01:28:13.771 [main] DEBUG org.apache.http.headers -- >> Accept: */*
01:28:13.771 [main] DEBUG org.apache.http.headers -- >> Host: altashop-api.fly.dev
01:28:13.771 [main] DEBUG org.apache.http.headers -- >> Connection: Keep-Alive
01:28:13.771 [main] DEBUG org.apache.http.headers -- >> User-Agent: Apache-HttpClient/4.5.13 (Java/17.0.8)
01:28:13.771 [main] DEBUG org.apache.http.headers -- >> Accept-Encoding: gzip,deflate
01:28:13.795 [main] DEBUG org.apache.http.wire --  << "HTTP/1.1 400 Bad Request[\r][\n]"
01:28:13.795 [main] DEBUG org.apache.http.wire --  << "content-type: application/json[\r][\n]"
01:28:13.795 [main] DEBUG org.apache.http.wire --  << "date: Thu, 02 Nov 2023 18:28:15 GMT[\r][\n]"
01:28:13.795 [main] DEBUG org.apache.http.wire --  << "content-encoding: gzip[\r][\n]"
01:28:13.795 [main] DEBUG org.apache.http.wire --  << "transfer-encoding: chunked[\r][\n]"
01:28:13.795 [main] DEBUG org.apache.http.wire --  << "server: Fly/7328d5b5 (2023-10-27)[\r][\n]"
01:28:13.795 [main] DEBUG org.apache.http.wire --  << "via: 1.1 fly.io[\r][\n]"
01:28:13.795 [main] DEBUG org.apache.http.wire --  << "fly-request-id: 01HE8MP1VPHK14M38E58D18T7G-sin[\r][\n]"
01:28:13.795 [main] DEBUG org.apache.http.wire --  << "[\r][\n]"
01:28:13.795 [main] DEBUG org.apache.http.impl.conn.DefaultClientConnection -- Receiving response: HTTP/1.1 400 Bad Request
01:28:13.795 [main] DEBUG org.apache.http.headers -- << HTTP/1.1 400 Bad Request
01:28:13.795 [main] DEBUG org.apache.http.headers -- << content-type: application/json
01:28:13.795 [main] DEBUG org.apache.http.headers -- << date: Thu, 02 Nov 2023 18:28:15 GMT
01:28:13.795 [main] DEBUG org.apache.http.headers -- << content-encoding: gzip
01:28:13.795 [main] DEBUG org.apache.http.headers -- << transfer-encoding: chunked
01:28:13.795 [main] DEBUG org.apache.http.headers -- << server: Fly/7328d5b5 (2023-10-27)
01:28:13.795 [main] DEBUG org.apache.http.headers -- << via: 1.1 fly.io
01:28:13.795 [main] DEBUG org.apache.http.headers -- << fly-request-id: 01HE8MP1VPHK14M38E58D18T7G-sin
01:28:13.796 [main] DEBUG org.apache.http.impl.client.DefaultHttpClient -- Connection can be kept alive indefinitely
01:28:13.796 [main] DEBUG io.restassured.internal.RestAssuredHttpBuilder -- Parsing response as: application/json
01:28:13.796 [main] DEBUG org.apache.http.wire --  << "4F[\r][\n]"
01:28:13.796 [main] DEBUG org.apache.http.wire --  << "[0x1f][0x8b][0x8][0x0][0x0][0x0][0x0][0x0][0x4][0xff][0xab]VJ-*[0xca]/R[0xb2]R*.)J[0xce][0xcf]+[0xd3]s,[0xc9][0xcf][0xb4]R(H,*[0xce][0xcc]KW[0x88]Q*N,)[0x8d]Q[0xb2]R[0xc8][0xcc]+K[0xcc][0xc9]LQ([0xae][0xcc]+I[0xac]P[0xaa][0xe5][0x2][0x0]n[0x13][0x8b][0x82];[0x0][0x0][0x0]"
01:28:13.796 [main] DEBUG org.apache.http.wire --  << "[\r][\n]"
01:28:13.796 [main] DEBUG org.apache.http.wire --  << "0[\r][\n]"
01:28:13.796 [main] DEBUG org.apache.http.wire --  << "[\r][\n]"
01:28:13.796 [main] DEBUG io.restassured.internal.RestAssuredHttpBuilder -- Parsed data to instance of: class org.apache.http.conn.EofSensorInputStream
01:28:13.797 [main] DEBUG org.apache.http.impl.conn.BasicClientConnectionManager -- Releasing connection org.apache.http.impl.conn.ManagedClientConnectionImpl@7906de2f
01:28:13.797 [main] DEBUG org.apache.http.impl.conn.BasicClientConnectionManager -- Connection can be kept alive indefinitely
01:28:13.797 [main] DEBUG net.thucydides.core.steps.StepInterceptor -- STEP DONE: I GET HTTP request for products ratings using invalid products ID with character alphabet
  &amp#27;[32mWhen &amp#27;[0m&amp#27;[32mI GET HTTP request for products ratings using invalid products ID with character alphabet&amp#27;[0m                   &amp#27;[90m# starter.stepdefinition.RatingsSteps.getHTTPRequestForProductsRatingsUsingInvalidProductsIDWithCharacterAlphabet()&amp#27;[0m
01:28:13.800 [main] DEBUG net.thucydides.core.steps.StepInterceptor -- STARTING STEP: RatingsSteps.receiveResponseCode400ForProductsRatingsUsingInvalidProductsIDWithCharacterAlphabet - I receive valid HTTP response 400 for get products ratings using invalid product ID with character alphabet
01:28:13.800 [main] DEBUG net.thucydides.core.steps.StepInterceptor -- STEP DONE: I receive valid HTTP response 400 for get products ratings using invalid product ID with character alphabet
  &amp#27;[32mThen &amp#27;[0m&amp#27;[32mI receive valid HTTP response 400 for get products ratings using invalid product ID with character alphabet&amp#27;[0m &amp#27;[90m# starter.stepdefinition.RatingsSteps.receiveResponseCode400ForProductsRatingsUsingInvalidProductsIDWithCharacterAlphabet()&amp#27;[0m
01:28:13.801 [main] INFO  -- 
  _____   ___   ___   _____     ___     _     ___   ___   ___   ___  
 |_   _| | __| / __| |_   _|   | _ \   /_\   / __| / __| | __| |   \ 
   | |   | _|  \__ \   | |     |  _/  / _ \  \__ \ \__ \ | _|  | |) |
   |_|   |___| |___/   |_|     |_|   /_/ \_\ |___/ |___/ |___| |___/ 

TC72 - Get product rating using invalid product id with character alphabet
----------------------------------------------------------------------
]]></system-out>
  </testcase>
  <testcase name="TC01 - Register using valid format fullname, email and password" classname="[01_Automation] - Register" time="0.128">
    <system-out><![CDATA[01:28:13.802 [main] INFO io.cucumber.core.plugin.SerenityReporter -- Running feature from file:///D:/TaksAlterra/MiniProject/MiniProject_API/src/test/resources/Register.feature
01:28:13.802 [main] WARN io.cucumber.core.plugin.SerenityReporter -- Feature from file:///D:/TaksAlterra/MiniProject/MiniProject_API/src/test/resources/Register.feature is not under the 'features' directory. Requirements report will not be correctly generated!
01:28:13.802 [main] DEBUG net.thucydides.core.steps.StepEventBus -- Test suite started for story net.thucydides.core.model.Story@7a445946
01:28:13.802 [main] INFO  -- Test Suite Started: [01_Automation] - Register

Scenario: TC01 - Register using valid format fullname, email and password &amp#27;[90m# src/test/resources/Register.feature:3&amp#27;[0m
01:28:13.806 [main] INFO io.cucumber.core.plugin.SerenityReporter -- Running feature from file:///D:/TaksAlterra/MiniProject/MiniProject_API/src/test/resources/Register.feature
01:28:13.806 [main] WARN io.cucumber.core.plugin.SerenityReporter -- Feature from file:///D:/TaksAlterra/MiniProject/MiniProject_API/src/test/resources/Register.feature is not under the 'features' directory. Requirements report will not be correctly generated!
01:28:13.807 [main] INFO  -- 
  _____   ___   ___   _____     ___   _____     _     ___   _____   ___   ___  
 |_   _| | __| / __| |_   _|   / __| |_   _|   /_\   | _ \ |_   _| | __| |   \ 
   | |   | _|  \__ \   | |     \__ \   | |    / _ \  |   /   | |   | _|  | |) |
   |_|   |___| |___/   |_|     |___/   |_|   /_/ \_\ |_|_\   |_|   |___| |___/ 

TC01 - Register using valid format fullname, email and password([01-automation]---register;tc01---register-using-valid-format-fullname--email-and-password)
--------------------------------------------------------------------------------
01:28:13.821 [main] DEBUG net.thucydides.core.steps.StepInterceptor -- STARTING STEP: RegisterSteps.postRegisterEndpoints - I POST register endpoints
01:28:13.821 [main] DEBUG net.thucydides.core.steps.StepInterceptor -- STEP DONE: I POST register endpoints
  &amp#27;[32mGiven &amp#27;[0m&amp#27;[32mI POST register endpoints&amp#27;[0m                                         &amp#27;[90m# starter.stepdefinition.RegisterSteps.postRegisterEndpoints()&amp#27;[0m
01:28:13.822 [main] DEBUG net.thucydides.core.steps.StepInterceptor -- STARTING STEP: RegisterSteps.postHTTPRequestForRegister - I POST HTTP request for register using valid data
01:28:13.823 [main] DEBUG net.thucydides.core.steps.StepInterceptor -- STARTING STEP: Register.postHTTPRequestForRegister - I POST register endpoints
01:28:13.823 [main] DEBUG net.thucydides.core.steps.StepInterceptor -- STEP DONE: I POST register endpoints
01:28:13.827 [main] DEBUG org.apache.http.impl.conn.BasicClientConnectionManager -- Get connection for route {s}->https://altashop-api.fly.dev:443
01:28:13.827 [main] DEBUG org.apache.http.impl.conn.DefaultClientConnectionOperator -- Connecting to altashop-api.fly.dev:443
01:28:13.879 [main] DEBUG org.apache.http.client.protocol.RequestAddCookies -- CookieSpec selected: ignoreCookies
01:28:13.880 [main] DEBUG org.apache.http.client.protocol.RequestAuthCache -- Auth cache not set in the context
01:28:13.880 [main] DEBUG org.apache.http.client.protocol.RequestTargetAuthentication -- Target auth state: UNCHALLENGED
01:28:13.880 [main] DEBUG org.apache.http.client.protocol.RequestProxyAuthentication -- Proxy auth state: UNCHALLENGED
01:28:13.880 [main] DEBUG org.apache.http.impl.client.DefaultHttpClient -- Attempt 1 to execute request
01:28:13.880 [main] DEBUG org.apache.http.impl.conn.DefaultClientConnection -- Sending request: POST /api/auth/register HTTP/1.1
01:28:13.880 [main] DEBUG org.apache.http.wire --  >> "POST /api/auth/register HTTP/1.1[\r][\n]"
01:28:13.880 [main] DEBUG org.apache.http.wire --  >> "Accept: */*[\r][\n]"
01:28:13.880 [main] DEBUG org.apache.http.wire --  >> "Content-Type: application/json[\r][\n]"
01:28:13.880 [main] DEBUG org.apache.http.wire --  >> "Content-Length: 77[\r][\n]"
01:28:13.880 [main] DEBUG org.apache.http.wire --  >> "Host: altashop-api.fly.dev[\r][\n]"
01:28:13.880 [main] DEBUG org.apache.http.wire --  >> "Connection: Keep-Alive[\r][\n]"
01:28:13.880 [main] DEBUG org.apache.http.wire --  >> "User-Agent: Apache-HttpClient/4.5.13 (Java/17.0.8)[\r][\n]"
01:28:13.880 [main] DEBUG org.apache.http.wire --  >> "Accept-Encoding: gzip,deflate[\r][\n]"
01:28:13.880 [main] DEBUG org.apache.http.wire --  >> "[\r][\n]"
01:28:13.880 [main] DEBUG org.apache.http.headers -- >> POST /api/auth/register HTTP/1.1
01:28:13.880 [main] DEBUG org.apache.http.headers -- >> Accept: */*
01:28:13.880 [main] DEBUG org.apache.http.headers -- >> Content-Type: application/json
01:28:13.880 [main] DEBUG org.apache.http.headers -- >> Content-Length: 77
01:28:13.880 [main] DEBUG org.apache.http.headers -- >> Host: altashop-api.fly.dev
01:28:13.880 [main] DEBUG org.apache.http.headers -- >> Connection: Keep-Alive
01:28:13.880 [main] DEBUG org.apache.http.headers -- >> User-Agent: Apache-HttpClient/4.5.13 (Java/17.0.8)
01:28:13.880 [main] DEBUG org.apache.http.headers -- >> Accept-Encoding: gzip,deflate
01:28:13.880 [main] DEBUG org.apache.http.wire --  >> "{"password":"sindi123","fullname":"Deva Sindi","email":"devasindi@gmail.com"}"
01:28:13.927 [main] DEBUG org.apache.http.wire --  << "HTTP/1.1 200 OK[\r][\n]"
01:28:13.927 [main] DEBUG org.apache.http.wire --  << "content-type: application/json[\r][\n]"
01:28:13.927 [main] DEBUG org.apache.http.wire --  << "date: Thu, 02 Nov 2023 18:28:15 GMT[\r][\n]"
01:28:13.927 [main] DEBUG org.apache.http.wire --  << "content-encoding: gzip[\r][\n]"
01:28:13.927 [main] DEBUG org.apache.http.wire --  << "transfer-encoding: chunked[\r][\n]"
01:28:13.927 [main] DEBUG org.apache.http.wire --  << "server: Fly/7328d5b5 (2023-10-27)[\r][\n]"
01:28:13.927 [main] DEBUG org.apache.http.wire --  << "via: 1.1 fly.io[\r][\n]"
01:28:13.927 [main] DEBUG org.apache.http.wire --  << "fly-request-id: 01HE8MP1Z3WZ7A8ZK3V2176ZCR-sin[\r][\n]"
01:28:13.927 [main] DEBUG org.apache.http.wire --  << "[\r][\n]"
01:28:13.927 [main] DEBUG org.apache.http.impl.conn.DefaultClientConnection -- Receiving response: HTTP/1.1 200 OK
01:28:13.927 [main] DEBUG org.apache.http.headers -- << HTTP/1.1 200 OK
01:28:13.927 [main] DEBUG org.apache.http.headers -- << content-type: application/json
01:28:13.927 [main] DEBUG org.apache.http.headers -- << date: Thu, 02 Nov 2023 18:28:15 GMT
01:28:13.927 [main] DEBUG org.apache.http.headers -- << content-encoding: gzip
01:28:13.927 [main] DEBUG org.apache.http.headers -- << transfer-encoding: chunked
01:28:13.927 [main] DEBUG org.apache.http.headers -- << server: Fly/7328d5b5 (2023-10-27)
01:28:13.927 [main] DEBUG org.apache.http.headers -- << via: 1.1 fly.io
01:28:13.927 [main] DEBUG org.apache.http.headers -- << fly-request-id: 01HE8MP1Z3WZ7A8ZK3V2176ZCR-sin
01:28:13.927 [main] DEBUG org.apache.http.impl.client.DefaultHttpClient -- Connection can be kept alive indefinitely
01:28:13.927 [main] DEBUG io.restassured.internal.RestAssuredHttpBuilder -- Parsing response as: application/json
01:28:13.927 [main] DEBUG org.apache.http.wire --  << "6E[\r][\n]"
01:28:13.927 [main] DEBUG org.apache.http.wire --  << "[0x1f][0x8b][0x8][0x0][0x0][0x0][0x0][0x0][0x4][0xff][0xab]VJI,IT[0xb2][0xaa]V[0xf2]tQ[0xb2]26[0xb0]06[0xd6]Qr+[0xcd][0xc9][0xc9]K[0xcc]MU[0xb2]RrI-KT[0x8][0xce][0xcc]K[0xc9]T[0xd2]Qr[0xcd]M[0xcc][0xcc]Q[0xb2]RJI-K,[0x6][0x89]9[0xa4][0x83]D[0xf4][0x92][0xf3]s[0x95]t[0x94][0x2][0x12][0x8b][0x8b][0xcb][0xf3][0x8b]R[0x94][0xac][0x94][0xc0][0x92][0x86]F[0xc6]J[0xb5][0xb5]\[0x0]B[0x92][0xed][0xf1]b[0x0][0x0][0x0]"
01:28:13.927 [main] DEBUG org.apache.http.wire --  << "[\r][\n]"
01:28:13.927 [main] DEBUG org.apache.http.wire --  << "0[\r][\n]"
01:28:13.927 [main] DEBUG org.apache.http.wire --  << "[\r][\n]"
01:28:13.927 [main] DEBUG io.restassured.internal.RestAssuredHttpBuilder -- Parsed data to instance of: class org.apache.http.conn.EofSensorInputStream
01:28:13.928 [main] DEBUG org.apache.http.impl.conn.BasicClientConnectionManager -- Releasing connection org.apache.http.impl.conn.ManagedClientConnectionImpl@5498d2a2
01:28:13.928 [main] DEBUG org.apache.http.impl.conn.BasicClientConnectionManager -- Connection can be kept alive indefinitely
01:28:13.928 [main] DEBUG net.thucydides.core.steps.StepInterceptor -- STEP DONE: I POST HTTP request for register using valid data
  &amp#27;[32mWhen &amp#27;[0m&amp#27;[32mI POST HTTP request for register using valid data&amp#27;[0m                  &amp#27;[90m# starter.stepdefinition.RegisterSteps.postHTTPRequestForRegister()&amp#27;[0m
01:28:13.930 [main] DEBUG net.thucydides.core.steps.StepInterceptor -- STARTING STEP: RegisterSteps.receiveResponseCode200ForRegister - I receive valid HTTP response 200 for register
01:28:13.931 [main] DEBUG net.thucydides.core.steps.StepInterceptor -- STEP DONE: I receive valid HTTP response 200 for register
  &amp#27;[32mThen &amp#27;[0m&amp#27;[32mI receive valid HTTP response 200 for register&amp#27;[0m                     &amp#27;[90m# starter.stepdefinition.RegisterSteps.receiveResponseCode200ForRegister()&amp#27;[0m
01:28:13.932 [main] INFO  -- 
  _____   ___   ___   _____     ___     _     ___   ___   ___   ___  
 |_   _| | __| / __| |_   _|   | _ \   /_\   / __| / __| | __| |   \ 
   | |   | _|  \__ \   | |     |  _/  / _ \  \__ \ \__ \ | _|  | |) |
   |_|   |___| |___/   |_|     |_|   /_/ \_\ |___/ |___/ |___| |___/ 

TC01 - Register using valid format fullname, email and password
----------------------------------------------------------------------
]]></system-out>
  </testcase>
  <testcase name="TC02 - Register without using fullname" classname="[01_Automation] - Register" time="0.105">
    <system-out><![CDATA[
Scenario: TC02 - Register without using fullname                             &amp#27;[90m# src/test/resources/Register.feature:8&amp#27;[0m
01:28:13.936 [main] INFO io.cucumber.core.plugin.SerenityReporter -- Running feature from file:///D:/TaksAlterra/MiniProject/MiniProject_API/src/test/resources/Register.feature
01:28:13.936 [main] WARN io.cucumber.core.plugin.SerenityReporter -- Feature from file:///D:/TaksAlterra/MiniProject/MiniProject_API/src/test/resources/Register.feature is not under the 'features' directory. Requirements report will not be correctly generated!
01:28:13.937 [main] INFO  -- 
  _____   ___   ___   _____     ___   _____     _     ___   _____   ___   ___  
 |_   _| | __| / __| |_   _|   / __| |_   _|   /_\   | _ \ |_   _| | __| |   \ 
   | |   | _|  \__ \   | |     \__ \   | |    / _ \  |   /   | |   | _|  | |) |
   |_|   |___| |___/   |_|     |___/   |_|   /_/ \_\ |_|_\   |_|   |___| |___/ 

TC02 - Register without using fullname([01-automation]---register;tc02---register-without-using-fullname)
--------------------------------------------------------------------------------
01:28:13.941 [main] DEBUG net.thucydides.core.steps.StepInterceptor -- STARTING STEP: RegisterSteps.postRegisterEndpoints2 - I POST register endpoints 2
01:28:13.941 [main] DEBUG net.thucydides.core.steps.StepInterceptor -- STEP DONE: I POST register endpoints 2
  &amp#27;[32mGiven &amp#27;[0m&amp#27;[32mI POST register endpoints 2&amp#27;[0m                                          &amp#27;[90m# starter.stepdefinition.RegisterSteps.postRegisterEndpoints2()&amp#27;[0m
01:28:13.943 [main] DEBUG net.thucydides.core.steps.StepInterceptor -- STARTING STEP: RegisterSteps.postHTTPRequestForRegisterWithoutUsingFullname - I POST HTTP request for register without using fullname
01:28:13.944 [main] DEBUG net.thucydides.core.steps.StepInterceptor -- STARTING STEP: Register.postHTTPRequestForRegisterWithoutUsingFullname - I POST register endpoints 2
01:28:13.944 [main] DEBUG net.thucydides.core.steps.StepInterceptor -- STEP DONE: I POST register endpoints 2
01:28:13.948 [main] DEBUG org.apache.http.impl.conn.BasicClientConnectionManager -- Get connection for route {s}->https://altashop-api.fly.dev:443
01:28:13.948 [main] DEBUG org.apache.http.impl.conn.DefaultClientConnectionOperator -- Connecting to altashop-api.fly.dev:443
01:28:14.005 [main] DEBUG org.apache.http.client.protocol.RequestAddCookies -- CookieSpec selected: ignoreCookies
01:28:14.005 [main] DEBUG org.apache.http.client.protocol.RequestAuthCache -- Auth cache not set in the context
01:28:14.005 [main] DEBUG org.apache.http.client.protocol.RequestTargetAuthentication -- Target auth state: UNCHALLENGED
01:28:14.005 [main] DEBUG org.apache.http.client.protocol.RequestProxyAuthentication -- Proxy auth state: UNCHALLENGED
01:28:14.005 [main] DEBUG org.apache.http.impl.client.DefaultHttpClient -- Attempt 1 to execute request
01:28:14.005 [main] DEBUG org.apache.http.impl.conn.DefaultClientConnection -- Sending request: POST /api/auth/register HTTP/1.1
01:28:14.005 [main] DEBUG org.apache.http.wire --  >> "POST /api/auth/register HTTP/1.1[\r][\n]"
01:28:14.005 [main] DEBUG org.apache.http.wire --  >> "Accept: */*[\r][\n]"
01:28:14.005 [main] DEBUG org.apache.http.wire --  >> "Content-Type: application/json[\r][\n]"
01:28:14.005 [main] DEBUG org.apache.http.wire --  >> "Content-Length: 62[\r][\n]"
01:28:14.005 [main] DEBUG org.apache.http.wire --  >> "Host: altashop-api.fly.dev[\r][\n]"
01:28:14.005 [main] DEBUG org.apache.http.wire --  >> "Connection: Keep-Alive[\r][\n]"
01:28:14.005 [main] DEBUG org.apache.http.wire --  >> "User-Agent: Apache-HttpClient/4.5.13 (Java/17.0.8)[\r][\n]"
01:28:14.005 [main] DEBUG org.apache.http.wire --  >> "Accept-Encoding: gzip,deflate[\r][\n]"
01:28:14.005 [main] DEBUG org.apache.http.wire --  >> "[\r][\n]"
01:28:14.005 [main] DEBUG org.apache.http.headers -- >> POST /api/auth/register HTTP/1.1
01:28:14.005 [main] DEBUG org.apache.http.headers -- >> Accept: */*
01:28:14.005 [main] DEBUG org.apache.http.headers -- >> Content-Type: application/json
01:28:14.005 [main] DEBUG org.apache.http.headers -- >> Content-Length: 62
01:28:14.005 [main] DEBUG org.apache.http.headers -- >> Host: altashop-api.fly.dev
01:28:14.005 [main] DEBUG org.apache.http.headers -- >> Connection: Keep-Alive
01:28:14.005 [main] DEBUG org.apache.http.headers -- >> User-Agent: Apache-HttpClient/4.5.13 (Java/17.0.8)
01:28:14.005 [main] DEBUG org.apache.http.headers -- >> Accept-Encoding: gzip,deflate
01:28:14.005 [main] DEBUG org.apache.http.wire --  >> "{"password":"aca123","fullname":"","email":"aca123@gmail.com"}"
01:28:14.029 [main] DEBUG org.apache.http.wire --  << "HTTP/1.1 400 Bad Request[\r][\n]"
01:28:14.029 [main] DEBUG org.apache.http.wire --  << "content-type: application/json[\r][\n]"
01:28:14.029 [main] DEBUG org.apache.http.wire --  << "date: Thu, 02 Nov 2023 18:28:15 GMT[\r][\n]"
01:28:14.029 [main] DEBUG org.apache.http.wire --  << "content-encoding: gzip[\r][\n]"
01:28:14.029 [main] DEBUG org.apache.http.wire --  << "transfer-encoding: chunked[\r][\n]"
01:28:14.029 [main] DEBUG org.apache.http.wire --  << "server: Fly/7328d5b5 (2023-10-27)[\r][\n]"
01:28:14.029 [main] DEBUG org.apache.http.wire --  << "via: 1.1 fly.io[\r][\n]"
01:28:14.029 [main] DEBUG org.apache.http.wire --  << "fly-request-id: 01HE8MP230MQTY2KE0F63D9A1A-sin[\r][\n]"
01:28:14.029 [main] DEBUG org.apache.http.wire --  << "[\r][\n]"
01:28:14.029 [main] DEBUG org.apache.http.impl.conn.DefaultClientConnection -- Receiving response: HTTP/1.1 400 Bad Request
01:28:14.029 [main] DEBUG org.apache.http.headers -- << HTTP/1.1 400 Bad Request
01:28:14.029 [main] DEBUG org.apache.http.headers -- << content-type: application/json
01:28:14.029 [main] DEBUG org.apache.http.headers -- << date: Thu, 02 Nov 2023 18:28:15 GMT
01:28:14.029 [main] DEBUG org.apache.http.headers -- << content-encoding: gzip
01:28:14.029 [main] DEBUG org.apache.http.headers -- << transfer-encoding: chunked
01:28:14.029 [main] DEBUG org.apache.http.headers -- << server: Fly/7328d5b5 (2023-10-27)
01:28:14.029 [main] DEBUG org.apache.http.headers -- << via: 1.1 fly.io
01:28:14.029 [main] DEBUG org.apache.http.headers -- << fly-request-id: 01HE8MP230MQTY2KE0F63D9A1A-sin
01:28:14.029 [main] DEBUG org.apache.http.impl.client.DefaultHttpClient -- Connection can be kept alive indefinitely
01:28:14.029 [main] DEBUG io.restassured.internal.RestAssuredHttpBuilder -- Parsing response as: application/json
01:28:14.029 [main] DEBUG org.apache.http.wire --  << "35[\r][\n]"
01:28:14.029 [main] DEBUG org.apache.http.wire --  << "[0x1f][0x8b][0x8][0x0][0x0][0x0][0x0][0x0][0x4][0xff][0xab]VJ-*[0xca]/R[0xb2]RJ+[0xcd][0xc9][0xc9]K[0xcc]MU[0xc8],V(J-,[0xcd],JMQ[0xaa][0xe5][0x2][0x0]ok4[0xc9]![0x0][0x0][0x0]"
01:28:14.029 [main] DEBUG org.apache.http.wire --  << "[\r][\n]"
01:28:14.029 [main] DEBUG org.apache.http.wire --  << "0[\r][\n]"
01:28:14.029 [main] DEBUG org.apache.http.wire --  << "[\r][\n]"
01:28:14.029 [main] DEBUG io.restassured.internal.RestAssuredHttpBuilder -- Parsed data to instance of: class org.apache.http.conn.EofSensorInputStream
01:28:14.030 [main] DEBUG org.apache.http.impl.conn.BasicClientConnectionManager -- Releasing connection org.apache.http.impl.conn.ManagedClientConnectionImpl@231c8be4
01:28:14.030 [main] DEBUG org.apache.http.impl.conn.BasicClientConnectionManager -- Connection can be kept alive indefinitely
01:28:14.030 [main] DEBUG net.thucydides.core.steps.StepInterceptor -- STEP DONE: I POST HTTP request for register without using fullname
  &amp#27;[32mWhen &amp#27;[0m&amp#27;[32mI POST HTTP request for register without using fullname&amp#27;[0m               &amp#27;[90m# starter.stepdefinition.RegisterSteps.postHTTPRequestForRegisterWithoutUsingFullname()&amp#27;[0m
01:28:14.032 [main] DEBUG net.thucydides.core.steps.StepInterceptor -- STARTING STEP: RegisterSteps.receiveResponseCode400ForRegisterWithoutUsingFullname - I receive valid HTTP response 400 for register without using fullname
01:28:14.034 [main] DEBUG net.thucydides.core.steps.StepInterceptor -- STEP DONE: I receive valid HTTP response 400 for register without using fullname
  &amp#27;[32mThen &amp#27;[0m&amp#27;[32mI receive valid HTTP response 400 for register without using fullname&amp#27;[0m &amp#27;[90m# starter.stepdefinition.RegisterSteps.receiveResponseCode400ForRegisterWithoutUsingFullname()&amp#27;[0m
01:28:14.036 [main] INFO  -- 
  _____   ___   ___   _____     ___     _     ___   ___   ___   ___  
 |_   _| | __| / __| |_   _|   | _ \   /_\   / __| / __| | __| |   \ 
   | |   | _|  \__ \   | |     |  _/  / _ \  \__ \ \__ \ | _|  | |) |
   |_|   |___| |___/   |_|     |_|   /_/ \_\ |___/ |___/ |___| |___/ 

TC02 - Register without using fullname
----------------------------------------------------------------------
]]></system-out>
  </testcase>
  <testcase name="TC03 - Register without using email" classname="[01_Automation] - Register" time="0.114">
    <system-out><![CDATA[
Scenario: TC03 - Register without using email                             &amp#27;[90m# src/test/resources/Register.feature:13&amp#27;[0m
01:28:14.042 [main] INFO io.cucumber.core.plugin.SerenityReporter -- Running feature from file:///D:/TaksAlterra/MiniProject/MiniProject_API/src/test/resources/Register.feature
01:28:14.042 [main] WARN io.cucumber.core.plugin.SerenityReporter -- Feature from file:///D:/TaksAlterra/MiniProject/MiniProject_API/src/test/resources/Register.feature is not under the 'features' directory. Requirements report will not be correctly generated!
01:28:14.042 [main] INFO  -- 
  _____   ___   ___   _____     ___   _____     _     ___   _____   ___   ___  
 |_   _| | __| / __| |_   _|   / __| |_   _|   /_\   | _ \ |_   _| | __| |   \ 
   | |   | _|  \__ \   | |     \__ \   | |    / _ \  |   /   | |   | _|  | |) |
   |_|   |___| |___/   |_|     |___/   |_|   /_/ \_\ |_|_\   |_|   |___| |___/ 

TC03 - Register without using email([01-automation]---register;tc03---register-without-using-email)
--------------------------------------------------------------------------------
01:28:14.046 [main] DEBUG net.thucydides.core.steps.StepInterceptor -- STARTING STEP: RegisterSteps.postRegisterEndpoints3 - I POST register endpoints 3
01:28:14.046 [main] DEBUG net.thucydides.core.steps.StepInterceptor -- STEP DONE: I POST register endpoints 3
  &amp#27;[32mGiven &amp#27;[0m&amp#27;[32mI POST register endpoints 3&amp#27;[0m                                       &amp#27;[90m# starter.stepdefinition.RegisterSteps.postRegisterEndpoints3()&amp#27;[0m
01:28:14.047 [main] DEBUG net.thucydides.core.steps.StepInterceptor -- STARTING STEP: RegisterSteps.postHTTPRequestForRegisterWithoutUsingEmail - I POST HTTP request for register without using email
01:28:14.048 [main] DEBUG net.thucydides.core.steps.StepInterceptor -- STARTING STEP: Register.postHTTPRequestForRegisterWithoutUsingEmail - I POST register endpoints 3
01:28:14.048 [main] DEBUG net.thucydides.core.steps.StepInterceptor -- STEP DONE: I POST register endpoints 3
01:28:14.051 [main] DEBUG org.apache.http.impl.conn.BasicClientConnectionManager -- Get connection for route {s}->https://altashop-api.fly.dev:443
01:28:14.052 [main] DEBUG org.apache.http.impl.conn.DefaultClientConnectionOperator -- Connecting to altashop-api.fly.dev:443
01:28:14.116 [main] DEBUG org.apache.http.client.protocol.RequestAddCookies -- CookieSpec selected: ignoreCookies
01:28:14.116 [main] DEBUG org.apache.http.client.protocol.RequestAuthCache -- Auth cache not set in the context
01:28:14.116 [main] DEBUG org.apache.http.client.protocol.RequestTargetAuthentication -- Target auth state: UNCHALLENGED
01:28:14.116 [main] DEBUG org.apache.http.client.protocol.RequestProxyAuthentication -- Proxy auth state: UNCHALLENGED
01:28:14.116 [main] DEBUG org.apache.http.impl.client.DefaultHttpClient -- Attempt 1 to execute request
01:28:14.116 [main] DEBUG org.apache.http.impl.conn.DefaultClientConnection -- Sending request: POST /api/auth/register HTTP/1.1
01:28:14.116 [main] DEBUG org.apache.http.wire --  >> "POST /api/auth/register HTTP/1.1[\r][\n]"
01:28:14.116 [main] DEBUG org.apache.http.wire --  >> "Accept: */*[\r][\n]"
01:28:14.116 [main] DEBUG org.apache.http.wire --  >> "Content-Type: application/json[\r][\n]"
01:28:14.116 [main] DEBUG org.apache.http.wire --  >> "Content-Length: 68[\r][\n]"
01:28:14.116 [main] DEBUG org.apache.http.wire --  >> "Host: altashop-api.fly.dev[\r][\n]"
01:28:14.116 [main] DEBUG org.apache.http.wire --  >> "Connection: Keep-Alive[\r][\n]"
01:28:14.116 [main] DEBUG org.apache.http.wire --  >> "User-Agent: Apache-HttpClient/4.5.13 (Java/17.0.8)[\r][\n]"
01:28:14.116 [main] DEBUG org.apache.http.wire --  >> "Accept-Encoding: gzip,deflate[\r][\n]"
01:28:14.116 [main] DEBUG org.apache.http.wire --  >> "[\r][\n]"
01:28:14.116 [main] DEBUG org.apache.http.headers -- >> POST /api/auth/register HTTP/1.1
01:28:14.116 [main] DEBUG org.apache.http.headers -- >> Accept: */*
01:28:14.116 [main] DEBUG org.apache.http.headers -- >> Content-Type: application/json
01:28:14.116 [main] DEBUG org.apache.http.headers -- >> Content-Length: 68
01:28:14.116 [main] DEBUG org.apache.http.headers -- >> Host: altashop-api.fly.dev
01:28:14.116 [main] DEBUG org.apache.http.headers -- >> Connection: Keep-Alive
01:28:14.116 [main] DEBUG org.apache.http.headers -- >> User-Agent: Apache-HttpClient/4.5.13 (Java/17.0.8)
01:28:14.116 [main] DEBUG org.apache.http.headers -- >> Accept-Encoding: gzip,deflate
01:28:14.116 [main] DEBUG org.apache.http.wire --  >> "{"password":"aca123","fullname":"Tasya Fitria Anggraini","email":""}"
01:28:14.141 [main] DEBUG org.apache.http.wire --  << "HTTP/1.1 400 Bad Request[\r][\n]"
01:28:14.141 [main] DEBUG org.apache.http.wire --  << "content-type: application/json[\r][\n]"
01:28:14.141 [main] DEBUG org.apache.http.wire --  << "date: Thu, 02 Nov 2023 18:28:15 GMT[\r][\n]"
01:28:14.141 [main] DEBUG org.apache.http.wire --  << "content-encoding: gzip[\r][\n]"
01:28:14.141 [main] DEBUG org.apache.http.wire --  << "transfer-encoding: chunked[\r][\n]"
01:28:14.141 [main] DEBUG org.apache.http.wire --  << "server: Fly/7328d5b5 (2023-10-27)[\r][\n]"
01:28:14.141 [main] DEBUG org.apache.http.wire --  << "via: 1.1 fly.io[\r][\n]"
01:28:14.141 [main] DEBUG org.apache.http.wire --  << "fly-request-id: 01HE8MP26FPA0HF4RBZM8VAY5Q-sin[\r][\n]"
01:28:14.141 [main] DEBUG org.apache.http.wire --  << "[\r][\n]"
01:28:14.141 [main] DEBUG org.apache.http.impl.conn.DefaultClientConnection -- Receiving response: HTTP/1.1 400 Bad Request
01:28:14.141 [main] DEBUG org.apache.http.headers -- << HTTP/1.1 400 Bad Request
01:28:14.141 [main] DEBUG org.apache.http.headers -- << content-type: application/json
01:28:14.141 [main] DEBUG org.apache.http.headers -- << date: Thu, 02 Nov 2023 18:28:15 GMT
01:28:14.141 [main] DEBUG org.apache.http.headers -- << content-encoding: gzip
01:28:14.141 [main] DEBUG org.apache.http.headers -- << transfer-encoding: chunked
01:28:14.141 [main] DEBUG org.apache.http.headers -- << server: Fly/7328d5b5 (2023-10-27)
01:28:14.141 [main] DEBUG org.apache.http.headers -- << via: 1.1 fly.io
01:28:14.141 [main] DEBUG org.apache.http.headers -- << fly-request-id: 01HE8MP26FPA0HF4RBZM8VAY5Q-sin
01:28:14.141 [main] DEBUG org.apache.http.impl.client.DefaultHttpClient -- Connection can be kept alive indefinitely
01:28:14.141 [main] DEBUG io.restassured.internal.RestAssuredHttpBuilder -- Parsing response as: application/json
01:28:14.141 [main] DEBUG org.apache.http.wire --  << "32[\r][\n]"
01:28:14.141 [main] DEBUG org.apache.http.wire --  << "[0x1f][0x8b][0x8][0x0][0x0][0x0][0x0][0x0][0x4][0xff][0xab]VJ-*[0xca]/R[0xb2]RJ[0xcd]M[0xcc][0xcc]Q[0xc8],V(J-,[0xcd],JMQ[0xaa][0xe5][0x2][0x0]&[0xe3][0xaa]j[0x1e][0x0][0x0][0x0]"
01:28:14.141 [main] DEBUG org.apache.http.wire --  << "[\r][\n]"
01:28:14.141 [main] DEBUG org.apache.http.wire --  << "0[\r][\n]"
01:28:14.141 [main] DEBUG org.apache.http.wire --  << "[\r][\n]"
01:28:14.145 [main] DEBUG io.restassured.internal.RestAssuredHttpBuilder -- Parsed data to instance of: class org.apache.http.conn.EofSensorInputStream
01:28:14.145 [Finalizer] DEBUG org.apache.http.impl.conn.DefaultClientConnection -- Connection 0.0.0.0:55393<->149.248.193.56:443 closed
01:28:14.145 [Finalizer] DEBUG org.apache.http.impl.conn.DefaultClientConnection -- Connection 0.0.0.0:55392<->149.248.193.56:443 closed
01:28:14.146 [Finalizer] DEBUG org.apache.http.impl.conn.DefaultClientConnection -- Connection 0.0.0.0:55391<->149.248.193.56:443 closed
01:28:14.146 [main] DEBUG org.apache.http.impl.conn.BasicClientConnectionManager -- Releasing connection org.apache.http.impl.conn.ManagedClientConnectionImpl@858bf8c
01:28:14.146 [main] DEBUG org.apache.http.impl.conn.BasicClientConnectionManager -- Connection can be kept alive indefinitely
01:28:14.146 [Finalizer] DEBUG org.apache.http.impl.conn.DefaultClientConnection -- Connection 0.0.0.0:55390<->149.248.193.56:443 closed
01:28:14.146 [main] DEBUG net.thucydides.core.steps.StepInterceptor -- STEP DONE: I POST HTTP request for register without using email
  &amp#27;[32mWhen &amp#27;[0m&amp#27;[32mI POST HTTP request for register without using email&amp#27;[0m               &amp#27;[90m# starter.stepdefinition.RegisterSteps.postHTTPRequestForRegisterWithoutUsingEmail()&amp#27;[0m
01:28:14.146 [Finalizer] DEBUG org.apache.http.impl.conn.DefaultClientConnection -- Connection 0.0.0.0:55396<->149.248.193.56:443 closed
01:28:14.146 [Finalizer] DEBUG org.apache.http.impl.conn.DefaultClientConnection -- Connection 0.0.0.0:55395<->149.248.193.56:443 closed
01:28:14.146 [Finalizer] DEBUG org.apache.http.impl.conn.DefaultClientConnection -- Connection 0.0.0.0:55394<->149.248.193.56:443 closed
01:28:14.147 [Finalizer] DEBUG org.apache.http.impl.conn.DefaultClientConnection -- Connection 0.0.0.0:55398<->149.248.193.56:443 closed
01:28:14.147 [Finalizer] DEBUG org.apache.http.impl.conn.DefaultClientConnection -- Connection 0.0.0.0:55397<->149.248.193.56:443 closed
01:28:14.149 [main] DEBUG net.thucydides.core.steps.StepInterceptor -- STARTING STEP: RegisterSteps.receiveResponseCode400ForRegisterWithoutUsingEmail - I receive valid HTTP response 400 for register without using email
01:28:14.150 [main] DEBUG net.thucydides.core.steps.StepInterceptor -- STEP DONE: I receive valid HTTP response 400 for register without using email
  &amp#27;[32mThen &amp#27;[0m&amp#27;[32mI receive valid HTTP response 400 for register without using email&amp#27;[0m &amp#27;[90m# starter.stepdefinition.RegisterSteps.receiveResponseCode400ForRegisterWithoutUsingEmail()&amp#27;[0m
01:28:14.151 [main] INFO  -- 
  _____   ___   ___   _____     ___     _     ___   ___   ___   ___  
 |_   _| | __| / __| |_   _|   | _ \   /_\   / __| / __| | __| |   \ 
   | |   | _|  \__ \   | |     |  _/  / _ \  \__ \ \__ \ | _|  | |) |
   |_|   |___| |___/   |_|     |_|   /_/ \_\ |___/ |___/ |___| |___/ 

TC03 - Register without using email
----------------------------------------------------------------------
]]></system-out>
  </testcase>
  <testcase name="TC04 - Register without using password" classname="[01_Automation] - Register" time="0.123">
    <system-out><![CDATA[
Scenario: TC04 - Register without using password                             &amp#27;[90m# src/test/resources/Register.feature:18&amp#27;[0m
01:28:14.157 [main] INFO io.cucumber.core.plugin.SerenityReporter -- Running feature from file:///D:/TaksAlterra/MiniProject/MiniProject_API/src/test/resources/Register.feature
01:28:14.157 [main] WARN io.cucumber.core.plugin.SerenityReporter -- Feature from file:///D:/TaksAlterra/MiniProject/MiniProject_API/src/test/resources/Register.feature is not under the 'features' directory. Requirements report will not be correctly generated!
01:28:14.159 [main] INFO  -- 
  _____   ___   ___   _____     ___   _____     _     ___   _____   ___   ___  
 |_   _| | __| / __| |_   _|   / __| |_   _|   /_\   | _ \ |_   _| | __| |   \ 
   | |   | _|  \__ \   | |     \__ \   | |    / _ \  |   /   | |   | _|  | |) |
   |_|   |___| |___/   |_|     |___/   |_|   /_/ \_\ |_|_\   |_|   |___| |___/ 

TC04 - Register without using password([01-automation]---register;tc04---register-without-using-password)
--------------------------------------------------------------------------------
01:28:14.167 [main] DEBUG net.thucydides.core.steps.StepInterceptor -- STARTING STEP: RegisterSteps.postRegisterEndpoints4 - I POST register endpoints 4
01:28:14.167 [main] DEBUG net.thucydides.core.steps.StepInterceptor -- STEP DONE: I POST register endpoints 4
  &amp#27;[32mGiven &amp#27;[0m&amp#27;[32mI POST register endpoints 4&amp#27;[0m                                          &amp#27;[90m# starter.stepdefinition.RegisterSteps.postRegisterEndpoints4()&amp#27;[0m
01:28:14.167 [main] DEBUG net.thucydides.core.steps.StepInterceptor -- STARTING STEP: RegisterSteps.postHTTPRequestForRegisterWithoutUsingPassword - I POST HTTP request for register without using password
01:28:14.169 [main] DEBUG net.thucydides.core.steps.StepInterceptor -- STARTING STEP: Register.postHTTPRequestForRegisterWithoutUsingPassword - I POST register endpoints 4
01:28:14.169 [main] DEBUG net.thucydides.core.steps.StepInterceptor -- STEP DONE: I POST register endpoints 4
01:28:14.174 [main] DEBUG org.apache.http.impl.conn.BasicClientConnectionManager -- Get connection for route {s}->https://altashop-api.fly.dev:443
01:28:14.174 [main] DEBUG org.apache.http.impl.conn.DefaultClientConnectionOperator -- Connecting to altashop-api.fly.dev:443
01:28:14.238 [main] DEBUG org.apache.http.client.protocol.RequestAddCookies -- CookieSpec selected: ignoreCookies
01:28:14.238 [main] DEBUG org.apache.http.client.protocol.RequestAuthCache -- Auth cache not set in the context
01:28:14.238 [main] DEBUG org.apache.http.client.protocol.RequestTargetAuthentication -- Target auth state: UNCHALLENGED
01:28:14.238 [main] DEBUG org.apache.http.client.protocol.RequestProxyAuthentication -- Proxy auth state: UNCHALLENGED
01:28:14.238 [main] DEBUG org.apache.http.impl.client.DefaultHttpClient -- Attempt 1 to execute request
01:28:14.238 [main] DEBUG org.apache.http.impl.conn.DefaultClientConnection -- Sending request: POST /api/auth/register HTTP/1.1
01:28:14.238 [main] DEBUG org.apache.http.wire --  >> "POST /api/auth/register HTTP/1.1[\r][\n]"
01:28:14.238 [main] DEBUG org.apache.http.wire --  >> "Accept: */*[\r][\n]"
01:28:14.238 [main] DEBUG org.apache.http.wire --  >> "Content-Type: application/json[\r][\n]"
01:28:14.238 [main] DEBUG org.apache.http.wire --  >> "Content-Length: 78[\r][\n]"
01:28:14.238 [main] DEBUG org.apache.http.wire --  >> "Host: altashop-api.fly.dev[\r][\n]"
01:28:14.238 [main] DEBUG org.apache.http.wire --  >> "Connection: Keep-Alive[\r][\n]"
01:28:14.238 [main] DEBUG org.apache.http.wire --  >> "User-Agent: Apache-HttpClient/4.5.13 (Java/17.0.8)[\r][\n]"
01:28:14.238 [main] DEBUG org.apache.http.wire --  >> "Accept-Encoding: gzip,deflate[\r][\n]"
01:28:14.238 [main] DEBUG org.apache.http.wire --  >> "[\r][\n]"
01:28:14.238 [main] DEBUG org.apache.http.headers -- >> POST /api/auth/register HTTP/1.1
01:28:14.238 [main] DEBUG org.apache.http.headers -- >> Accept: */*
01:28:14.238 [main] DEBUG org.apache.http.headers -- >> Content-Type: application/json
01:28:14.238 [main] DEBUG org.apache.http.headers -- >> Content-Length: 78
01:28:14.238 [main] DEBUG org.apache.http.headers -- >> Host: altashop-api.fly.dev
01:28:14.238 [main] DEBUG org.apache.http.headers -- >> Connection: Keep-Alive
01:28:14.238 [main] DEBUG org.apache.http.headers -- >> User-Agent: Apache-HttpClient/4.5.13 (Java/17.0.8)
01:28:14.238 [main] DEBUG org.apache.http.headers -- >> Accept-Encoding: gzip,deflate
01:28:14.238 [main] DEBUG org.apache.http.wire --  >> "{"password":"","fullname":"Tasya Fitria Anggraini","email":"aca123@gmail.com"}"
01:28:14.263 [main] DEBUG org.apache.http.wire --  << "HTTP/1.1 400 Bad Request[\r][\n]"
01:28:14.263 [main] DEBUG org.apache.http.wire --  << "content-type: application/json[\r][\n]"
01:28:14.263 [main] DEBUG org.apache.http.wire --  << "date: Thu, 02 Nov 2023 18:28:15 GMT[\r][\n]"
01:28:14.263 [main] DEBUG org.apache.http.wire --  << "content-encoding: gzip[\r][\n]"
01:28:14.263 [main] DEBUG org.apache.http.wire --  << "transfer-encoding: chunked[\r][\n]"
01:28:14.263 [main] DEBUG org.apache.http.wire --  << "server: Fly/7328d5b5 (2023-10-27)[\r][\n]"
01:28:14.263 [main] DEBUG org.apache.http.wire --  << "via: 1.1 fly.io[\r][\n]"
01:28:14.263 [main] DEBUG org.apache.http.wire --  << "fly-request-id: 01HE8MP2A90BP8WHFAX0HX4F9A-sin[\r][\n]"
01:28:14.263 [main] DEBUG org.apache.http.wire --  << "[\r][\n]"
01:28:14.263 [main] DEBUG org.apache.http.impl.conn.DefaultClientConnection -- Receiving response: HTTP/1.1 400 Bad Request
01:28:14.263 [main] DEBUG org.apache.http.headers -- << HTTP/1.1 400 Bad Request
01:28:14.263 [main] DEBUG org.apache.http.headers -- << content-type: application/json
01:28:14.263 [main] DEBUG org.apache.http.headers -- << date: Thu, 02 Nov 2023 18:28:15 GMT
01:28:14.263 [main] DEBUG org.apache.http.headers -- << content-encoding: gzip
01:28:14.263 [main] DEBUG org.apache.http.headers -- << transfer-encoding: chunked
01:28:14.263 [main] DEBUG org.apache.http.headers -- << server: Fly/7328d5b5 (2023-10-27)
01:28:14.263 [main] DEBUG org.apache.http.headers -- << via: 1.1 fly.io
01:28:14.263 [main] DEBUG org.apache.http.headers -- << fly-request-id: 01HE8MP2A90BP8WHFAX0HX4F9A-sin
01:28:14.263 [main] DEBUG org.apache.http.impl.client.DefaultHttpClient -- Connection can be kept alive indefinitely
01:28:14.263 [main] DEBUG io.restassured.internal.RestAssuredHttpBuilder -- Parsing response as: application/json
01:28:14.263 [main] DEBUG org.apache.http.wire --  << "35[\r][\n]"
01:28:14.263 [main] DEBUG org.apache.http.wire --  << "[0x1f][0x8b][0x8][0x0][0x0][0x0][0x0][0x0][0x4][0xff][0xab]VJ-*[0xca]/R[0xb2]R*H,..[0xcf]/JQ[0xc8],V(J-,[0xcd],JMQ[0xaa][0xe5][0x2][0x0][0xb9][0x8f][0xe5][0xe0]![0x0][0x0][0x0]"
01:28:14.263 [main] DEBUG org.apache.http.wire --  << "[\r][\n]"
01:28:14.263 [main] DEBUG org.apache.http.wire --  << "0[\r][\n]"
01:28:14.263 [main] DEBUG org.apache.http.wire --  << "[\r][\n]"
01:28:14.263 [main] DEBUG io.restassured.internal.RestAssuredHttpBuilder -- Parsed data to instance of: class org.apache.http.conn.EofSensorInputStream
01:28:14.264 [main] DEBUG org.apache.http.impl.conn.BasicClientConnectionManager -- Releasing connection org.apache.http.impl.conn.ManagedClientConnectionImpl@3294b641
01:28:14.264 [main] DEBUG org.apache.http.impl.conn.BasicClientConnectionManager -- Connection can be kept alive indefinitely
01:28:14.264 [main] DEBUG net.thucydides.core.steps.StepInterceptor -- STEP DONE: I POST HTTP request for register without using password
  &amp#27;[32mWhen &amp#27;[0m&amp#27;[32mI POST HTTP request for register without using password&amp#27;[0m               &amp#27;[90m# starter.stepdefinition.RegisterSteps.postHTTPRequestForRegisterWithoutUsingPassword()&amp#27;[0m
01:28:14.269 [main] DEBUG net.thucydides.core.steps.StepInterceptor -- STARTING STEP: RegisterSteps.receiveResponseCode400ForRegisterWithoutUsingPassword - I receive valid HTTP response 400 for register without using password
01:28:14.270 [main] DEBUG net.thucydides.core.steps.StepInterceptor -- STEP DONE: I receive valid HTTP response 400 for register without using password
  &amp#27;[32mThen &amp#27;[0m&amp#27;[32mI receive valid HTTP response 400 for register without using password&amp#27;[0m &amp#27;[90m# starter.stepdefinition.RegisterSteps.receiveResponseCode400ForRegisterWithoutUsingPassword()&amp#27;[0m
01:28:14.273 [main] INFO  -- 
  _____   ___   ___   _____     ___     _     ___   ___   ___   ___  
 |_   _| | __| / __| |_   _|   | _ \   /_\   / __| / __| | __| |   \ 
   | |   | _|  \__ \   | |     |  _/  / _ \  \__ \ \__ \ | _|  | |) |
   |_|   |___| |___/   |_|     |_|   /_/ \_\ |___/ |___/ |___| |___/ 

TC04 - Register without using password
----------------------------------------------------------------------
]]></system-out>
  </testcase>
  <testcase name="TC08 - Register with existed account" classname="[01_Automation] - Register" time="0.14">
    <system-out><![CDATA[
Scenario: TC08 - Register with existed account                             &amp#27;[90m# src/test/resources/Register.feature:38&amp#27;[0m
01:28:14.282 [main] INFO io.cucumber.core.plugin.SerenityReporter -- Running feature from file:///D:/TaksAlterra/MiniProject/MiniProject_API/src/test/resources/Register.feature
01:28:14.283 [main] WARN io.cucumber.core.plugin.SerenityReporter -- Feature from file:///D:/TaksAlterra/MiniProject/MiniProject_API/src/test/resources/Register.feature is not under the 'features' directory. Requirements report will not be correctly generated!
01:28:14.284 [main] INFO  -- 
  _____   ___   ___   _____     ___   _____     _     ___   _____   ___   ___  
 |_   _| | __| / __| |_   _|   / __| |_   _|   /_\   | _ \ |_   _| | __| |   \ 
   | |   | _|  \__ \   | |     \__ \   | |    / _ \  |   /   | |   | _|  | |) |
   |_|   |___| |___/   |_|     |___/   |_|   /_/ \_\ |_|_\   |_|   |___| |___/ 

TC08 - Register with existed account([01-automation]---register;tc08---register-with-existed-account)
--------------------------------------------------------------------------------
01:28:14.291 [main] DEBUG net.thucydides.core.steps.StepInterceptor -- STARTING STEP: RegisterSteps.postRegisterEndpoints8 - I POST register endpoints 8
01:28:14.291 [main] DEBUG net.thucydides.core.steps.StepInterceptor -- STEP DONE: I POST register endpoints 8
  &amp#27;[32mGiven &amp#27;[0m&amp#27;[32mI POST register endpoints 8&amp#27;[0m                                        &amp#27;[90m# starter.stepdefinition.RegisterSteps.postRegisterEndpoints8()&amp#27;[0m
01:28:14.292 [main] DEBUG net.thucydides.core.steps.StepInterceptor -- STARTING STEP: RegisterSteps.postHTTPRequestForRegisterWithExistedAccount - I POST HTTP request for register with existed account
01:28:14.293 [main] DEBUG net.thucydides.core.steps.StepInterceptor -- STARTING STEP: Register.postHTTPRequestForRegisterWithExistedAccount - I POST register endpoints 8
01:28:14.293 [main] DEBUG net.thucydides.core.steps.StepInterceptor -- STEP DONE: I POST register endpoints 8
01:28:14.297 [main] DEBUG org.apache.http.impl.conn.BasicClientConnectionManager -- Get connection for route {s}->https://altashop-api.fly.dev:443
01:28:14.297 [main] DEBUG org.apache.http.impl.conn.DefaultClientConnectionOperator -- Connecting to altashop-api.fly.dev:443
01:28:14.360 [main] DEBUG org.apache.http.client.protocol.RequestAddCookies -- CookieSpec selected: ignoreCookies
01:28:14.360 [main] DEBUG org.apache.http.client.protocol.RequestAuthCache -- Auth cache not set in the context
01:28:14.360 [main] DEBUG org.apache.http.client.protocol.RequestTargetAuthentication -- Target auth state: UNCHALLENGED
01:28:14.360 [main] DEBUG org.apache.http.client.protocol.RequestProxyAuthentication -- Proxy auth state: UNCHALLENGED
01:28:14.360 [main] DEBUG org.apache.http.impl.client.DefaultHttpClient -- Attempt 1 to execute request
01:28:14.360 [main] DEBUG org.apache.http.impl.conn.DefaultClientConnection -- Sending request: POST /api/auth/register HTTP/1.1
01:28:14.360 [main] DEBUG org.apache.http.wire --  >> "POST /api/auth/register HTTP/1.1[\r][\n]"
01:28:14.360 [main] DEBUG org.apache.http.wire --  >> "Accept: */*[\r][\n]"
01:28:14.360 [main] DEBUG org.apache.http.wire --  >> "Content-Type: application/json[\r][\n]"
01:28:14.360 [main] DEBUG org.apache.http.wire --  >> "Content-Length: 77[\r][\n]"
01:28:14.360 [main] DEBUG org.apache.http.wire --  >> "Host: altashop-api.fly.dev[\r][\n]"
01:28:14.360 [main] DEBUG org.apache.http.wire --  >> "Connection: Keep-Alive[\r][\n]"
01:28:14.360 [main] DEBUG org.apache.http.wire --  >> "User-Agent: Apache-HttpClient/4.5.13 (Java/17.0.8)[\r][\n]"
01:28:14.360 [main] DEBUG org.apache.http.wire --  >> "Accept-Encoding: gzip,deflate[\r][\n]"
01:28:14.360 [main] DEBUG org.apache.http.wire --  >> "[\r][\n]"
01:28:14.360 [main] DEBUG org.apache.http.headers -- >> POST /api/auth/register HTTP/1.1
01:28:14.360 [main] DEBUG org.apache.http.headers -- >> Accept: */*
01:28:14.360 [main] DEBUG org.apache.http.headers -- >> Content-Type: application/json
01:28:14.360 [main] DEBUG org.apache.http.headers -- >> Content-Length: 77
01:28:14.360 [main] DEBUG org.apache.http.headers -- >> Host: altashop-api.fly.dev
01:28:14.360 [main] DEBUG org.apache.http.headers -- >> Connection: Keep-Alive
01:28:14.360 [main] DEBUG org.apache.http.headers -- >> User-Agent: Apache-HttpClient/4.5.13 (Java/17.0.8)
01:28:14.360 [main] DEBUG org.apache.http.headers -- >> Accept-Encoding: gzip,deflate
01:28:14.360 [main] DEBUG org.apache.http.wire --  >> "{"password":"sindi123","fullname":"Deva Sindi","email":"devasindi@gmail.com"}"
01:28:14.407 [main] DEBUG org.apache.http.wire --  << "HTTP/1.1 400 Bad Request[\r][\n]"
01:28:14.407 [main] DEBUG org.apache.http.wire --  << "content-type: application/json[\r][\n]"
01:28:14.407 [main] DEBUG org.apache.http.wire --  << "date: Thu, 02 Nov 2023 18:28:15 GMT[\r][\n]"
01:28:14.407 [main] DEBUG org.apache.http.wire --  << "content-encoding: gzip[\r][\n]"
01:28:14.407 [main] DEBUG org.apache.http.wire --  << "transfer-encoding: chunked[\r][\n]"
01:28:14.407 [main] DEBUG org.apache.http.wire --  << "server: Fly/7328d5b5 (2023-10-27)[\r][\n]"
01:28:14.407 [main] DEBUG org.apache.http.wire --  << "via: 1.1 fly.io[\r][\n]"
01:28:14.407 [main] DEBUG org.apache.http.wire --  << "fly-request-id: 01HE8MP2E52SDT0TP7AEQNHS8P-sin[\r][\n]"
01:28:14.407 [main] DEBUG org.apache.http.wire --  << "[\r][\n]"
01:28:14.407 [main] DEBUG org.apache.http.impl.conn.DefaultClientConnection -- Receiving response: HTTP/1.1 400 Bad Request
01:28:14.407 [main] DEBUG org.apache.http.headers -- << HTTP/1.1 400 Bad Request
01:28:14.407 [main] DEBUG org.apache.http.headers -- << content-type: application/json
01:28:14.407 [main] DEBUG org.apache.http.headers -- << date: Thu, 02 Nov 2023 18:28:15 GMT
01:28:14.407 [main] DEBUG org.apache.http.headers -- << content-encoding: gzip
01:28:14.407 [main] DEBUG org.apache.http.headers -- << transfer-encoding: chunked
01:28:14.407 [main] DEBUG org.apache.http.headers -- << server: Fly/7328d5b5 (2023-10-27)
01:28:14.407 [main] DEBUG org.apache.http.headers -- << via: 1.1 fly.io
01:28:14.407 [main] DEBUG org.apache.http.headers -- << fly-request-id: 01HE8MP2E52SDT0TP7AEQNHS8P-sin
01:28:14.407 [main] DEBUG org.apache.http.impl.client.DefaultHttpClient -- Connection can be kept alive indefinitely
01:28:14.407 [main] DEBUG io.restassured.internal.RestAssuredHttpBuilder -- Parsing response as: application/json
01:28:14.407 [main] DEBUG org.apache.http.wire --  << "7B[\r][\n]"
01:28:14.407 [main] DEBUG org.apache.http.wire --  << "[0x1f][0x8b][0x8][0x0][0x0][0x0][0x0][0x0][0x4][0xff][0xab]VJ-*[0xca]/R[0xb2]Rr[\r][\n]"
01:28:14.407 [main] DEBUG org.apache.http.wire --  << "[0xf2][0xf][0xb2]RH)-[0xc8][0xc9]LN,IU[0xc8]N[0xad]T(K[0xcc])MU([0xcb][0xcc][0xcf]I,I-V([0xcd][0xcb],,MUH[0xce][0xcf]+.)J[0xcc][0xcc]+Q[0x88]Q*-N-*[0x8e]O[0xcd]M[0xcc][0xcc][0x89][0xcf]N[0xad][0x8c]QR[0xd0][0x8][0xe][0xf4][0x9][0xe]q[0xc]qU02650[0xd5]T[0xaa][0xe5][0x2][0x0][0x1a]G[0x13]pg[0x0][0x0][0x0]"
01:28:14.407 [main] DEBUG org.apache.http.wire --  << "[\r][\n]"
01:28:14.407 [main] DEBUG org.apache.http.wire --  << "0[\r][\n]"
01:28:14.407 [main] DEBUG org.apache.http.wire --  << "[\r][\n]"
01:28:14.408 [main] DEBUG io.restassured.internal.RestAssuredHttpBuilder -- Parsed data to instance of: class org.apache.http.conn.EofSensorInputStream
01:28:14.409 [main] DEBUG org.apache.http.impl.conn.BasicClientConnectionManager -- Releasing connection org.apache.http.impl.conn.ManagedClientConnectionImpl@40cdc640
01:28:14.409 [main] DEBUG org.apache.http.impl.conn.BasicClientConnectionManager -- Connection can be kept alive indefinitely
01:28:14.409 [main] DEBUG net.thucydides.core.steps.StepInterceptor -- STEP DONE: I POST HTTP request for register with existed account
  &amp#27;[32mWhen &amp#27;[0m&amp#27;[32mI POST HTTP request for register with existed account&amp#27;[0m               &amp#27;[90m# starter.stepdefinition.RegisterSteps.postHTTPRequestForRegisterWithExistedAccount()&amp#27;[0m
01:28:14.412 [main] DEBUG net.thucydides.core.steps.StepInterceptor -- STARTING STEP: RegisterSteps.receiveResponseCode400ForRegisterWithExistedAccount - I receive valid HTTP response 400 for register with existed account
01:28:14.413 [main] DEBUG net.thucydides.core.steps.StepInterceptor -- STEP DONE: I receive valid HTTP response 400 for register with existed account
  &amp#27;[32mThen &amp#27;[0m&amp#27;[32mI receive valid HTTP response 400 for register with existed account&amp#27;[0m &amp#27;[90m# starter.stepdefinition.RegisterSteps.receiveResponseCode400ForRegisterWithExistedAccount()&amp#27;[0m
01:28:14.415 [main] INFO  -- 
  _____   ___   ___   _____     ___     _     ___   ___   ___   ___  
 |_   _| | __| / __| |_   _|   | _ \   /_\   / __| / __| | __| |   \ 
   | |   | _|  \__ \   | |     |  _/  / _ \  \__ \ \__ \ | _|  | |) |
   |_|   |___| |___/   |_|     |_|   /_/ \_\ |___/ |___/ |___| |___/ 

TC08 - Register with existed account
----------------------------------------------------------------------
]]></system-out>
  </testcase>
  <testcase name="TC09 - Register with invalid payload format" classname="[01_Automation] - Register" time="0.108">
    <system-out><![CDATA[
Scenario: TC09 - Register with invalid payload format                             &amp#27;[90m# src/test/resources/Register.feature:43&amp#27;[0m
01:28:14.421 [main] INFO io.cucumber.core.plugin.SerenityReporter -- Running feature from file:///D:/TaksAlterra/MiniProject/MiniProject_API/src/test/resources/Register.feature
01:28:14.421 [main] WARN io.cucumber.core.plugin.SerenityReporter -- Feature from file:///D:/TaksAlterra/MiniProject/MiniProject_API/src/test/resources/Register.feature is not under the 'features' directory. Requirements report will not be correctly generated!
01:28:14.421 [main] INFO  -- 
  _____   ___   ___   _____     ___   _____     _     ___   _____   ___   ___  
 |_   _| | __| / __| |_   _|   / __| |_   _|   /_\   | _ \ |_   _| | __| |   \ 
   | |   | _|  \__ \   | |     \__ \   | |    / _ \  |   /   | |   | _|  | |) |
   |_|   |___| |___/   |_|     |___/   |_|   /_/ \_\ |_|_\   |_|   |___| |___/ 

TC09 - Register with invalid payload format([01-automation]---register;tc09---register-with-invalid-payload-format)
--------------------------------------------------------------------------------
01:28:14.425 [main] DEBUG net.thucydides.core.steps.StepInterceptor -- STARTING STEP: RegisterSteps.postRegisterEndpoints9 - I POST register endpoints 9
01:28:14.425 [main] DEBUG net.thucydides.core.steps.StepInterceptor -- STEP DONE: I POST register endpoints 9
  &amp#27;[32mGiven &amp#27;[0m&amp#27;[32mI POST register endpoints 9&amp#27;[0m                                               &amp#27;[90m# starter.stepdefinition.RegisterSteps.postRegisterEndpoints9()&amp#27;[0m
01:28:14.426 [main] DEBUG net.thucydides.core.steps.StepInterceptor -- STARTING STEP: RegisterSteps.postHTTPRequestForRegisterWithInvalidPayloadFormat - I POST HTTP request for register with invalid payload format
01:28:14.427 [main] DEBUG net.thucydides.core.steps.StepInterceptor -- STARTING STEP: Register.postHTTPRequestForRegisterWithInvalidPayloadFormat - I POST register endpoints 9
01:28:14.427 [main] DEBUG net.thucydides.core.steps.StepInterceptor -- STEP DONE: I POST register endpoints 9
01:28:14.433 [main] DEBUG org.apache.http.impl.conn.BasicClientConnectionManager -- Get connection for route {s}->https://altashop-api.fly.dev:443
01:28:14.433 [main] DEBUG org.apache.http.impl.conn.DefaultClientConnectionOperator -- Connecting to altashop-api.fly.dev:443
01:28:14.483 [main] DEBUG org.apache.http.client.protocol.RequestAddCookies -- CookieSpec selected: ignoreCookies
01:28:14.483 [main] DEBUG org.apache.http.client.protocol.RequestAuthCache -- Auth cache not set in the context
01:28:14.483 [main] DEBUG org.apache.http.client.protocol.RequestTargetAuthentication -- Target auth state: UNCHALLENGED
01:28:14.483 [main] DEBUG org.apache.http.client.protocol.RequestProxyAuthentication -- Proxy auth state: UNCHALLENGED
01:28:14.483 [main] DEBUG org.apache.http.impl.client.DefaultHttpClient -- Attempt 1 to execute request
01:28:14.483 [main] DEBUG org.apache.http.impl.conn.DefaultClientConnection -- Sending request: POST /api/auth/register HTTP/1.1
01:28:14.483 [main] DEBUG org.apache.http.wire --  >> "POST /api/auth/register HTTP/1.1[\r][\n]"
01:28:14.483 [main] DEBUG org.apache.http.wire --  >> "Accept: */*[\r][\n]"
01:28:14.483 [main] DEBUG org.apache.http.wire --  >> "Content-Type: application/json[\r][\n]"
01:28:14.483 [main] DEBUG org.apache.http.wire --  >> "Content-Length: 66[\r][\n]"
01:28:14.483 [main] DEBUG org.apache.http.wire --  >> "Host: altashop-api.fly.dev[\r][\n]"
01:28:14.483 [main] DEBUG org.apache.http.wire --  >> "Connection: Keep-Alive[\r][\n]"
01:28:14.483 [main] DEBUG org.apache.http.wire --  >> "User-Agent: Apache-HttpClient/4.5.13 (Java/17.0.8)[\r][\n]"
01:28:14.483 [main] DEBUG org.apache.http.wire --  >> "Accept-Encoding: gzip,deflate[\r][\n]"
01:28:14.483 [main] DEBUG org.apache.http.wire --  >> "[\r][\n]"
01:28:14.483 [main] DEBUG org.apache.http.headers -- >> POST /api/auth/register HTTP/1.1
01:28:14.483 [main] DEBUG org.apache.http.headers -- >> Accept: */*
01:28:14.483 [main] DEBUG org.apache.http.headers -- >> Content-Type: application/json
01:28:14.483 [main] DEBUG org.apache.http.headers -- >> Content-Length: 66
01:28:14.483 [main] DEBUG org.apache.http.headers -- >> Host: altashop-api.fly.dev
01:28:14.483 [main] DEBUG org.apache.http.headers -- >> Connection: Keep-Alive
01:28:14.483 [main] DEBUG org.apache.http.headers -- >> User-Agent: Apache-HttpClient/4.5.13 (Java/17.0.8)
01:28:14.483 [main] DEBUG org.apache.http.headers -- >> Accept-Encoding: gzip,deflate
01:28:14.483 [main] DEBUG org.apache.http.wire --  >> "{"fullnme":"Rici Nivia","mail":"ici123@gmail.com","pass":"ici123"}"
01:28:14.509 [main] DEBUG org.apache.http.wire --  << "HTTP/1.1 400 Bad Request[\r][\n]"
01:28:14.509 [main] DEBUG org.apache.http.wire --  << "content-type: application/json[\r][\n]"
01:28:14.509 [main] DEBUG org.apache.http.wire --  << "date: Thu, 02 Nov 2023 18:28:16 GMT[\r][\n]"
01:28:14.509 [main] DEBUG org.apache.http.wire --  << "content-encoding: gzip[\r][\n]"
01:28:14.509 [main] DEBUG org.apache.http.wire --  << "transfer-encoding: chunked[\r][\n]"
01:28:14.509 [main] DEBUG org.apache.http.wire --  << "server: Fly/7328d5b5 (2023-10-27)[\r][\n]"
01:28:14.509 [main] DEBUG org.apache.http.wire --  << "via: 1.1 fly.io[\r][\n]"
01:28:14.509 [main] DEBUG org.apache.http.wire --  << "fly-request-id: 01HE8MP2HY9VTE633E1MNWXVX9-sin[\r][\n]"
01:28:14.509 [main] DEBUG org.apache.http.wire --  << "[\r][\n]"
01:28:14.509 [main] DEBUG org.apache.http.impl.conn.DefaultClientConnection -- Receiving response: HTTP/1.1 400 Bad Request
01:28:14.509 [main] DEBUG org.apache.http.headers -- << HTTP/1.1 400 Bad Request
01:28:14.509 [main] DEBUG org.apache.http.headers -- << content-type: application/json
01:28:14.509 [main] DEBUG org.apache.http.headers -- << date: Thu, 02 Nov 2023 18:28:16 GMT
01:28:14.509 [main] DEBUG org.apache.http.headers -- << content-encoding: gzip
01:28:14.509 [main] DEBUG org.apache.http.headers -- << transfer-encoding: chunked
01:28:14.509 [main] DEBUG org.apache.http.headers -- << server: Fly/7328d5b5 (2023-10-27)
01:28:14.509 [main] DEBUG org.apache.http.headers -- << via: 1.1 fly.io
01:28:14.509 [main] DEBUG org.apache.http.headers -- << fly-request-id: 01HE8MP2HY9VTE633E1MNWXVX9-sin
01:28:14.509 [main] DEBUG org.apache.http.impl.client.DefaultHttpClient -- Connection can be kept alive indefinitely
01:28:14.509 [main] DEBUG io.restassured.internal.RestAssuredHttpBuilder -- Parsing response as: application/json
01:28:14.509 [main] DEBUG org.apache.http.wire --  << "32[\r][\n]"
01:28:14.509 [main] DEBUG org.apache.http.wire --  << "[0x1f][0x8b][0x8][0x0][0x0][0x0][0x0][0x0][0x4][0xff][0xab]VJ-*[0xca]/R[0xb2]RJ[0xcd]M[0xcc][0xcc]Q[0xc8],V(J-,[0xcd],JMQ[0xaa][0xe5][0x2][0x0]&[0xe3][0xaa]j[0x1e][0x0][0x0][0x0]"
01:28:14.509 [main] DEBUG org.apache.http.wire --  << "[\r][\n]"
01:28:14.509 [main] DEBUG org.apache.http.wire --  << "0[\r][\n]"
01:28:14.509 [main] DEBUG org.apache.http.wire --  << "[\r][\n]"
01:28:14.509 [main] DEBUG io.restassured.internal.RestAssuredHttpBuilder -- Parsed data to instance of: class org.apache.http.conn.EofSensorInputStream
01:28:14.510 [main] DEBUG org.apache.http.impl.conn.BasicClientConnectionManager -- Releasing connection org.apache.http.impl.conn.ManagedClientConnectionImpl@6701fe26
01:28:14.510 [main] DEBUG org.apache.http.impl.conn.BasicClientConnectionManager -- Connection can be kept alive indefinitely
01:28:14.510 [main] DEBUG net.thucydides.core.steps.StepInterceptor -- STEP DONE: I POST HTTP request for register with invalid payload format
  &amp#27;[32mWhen &amp#27;[0m&amp#27;[32mI POST HTTP request for register with invalid payload format&amp#27;[0m               &amp#27;[90m# starter.stepdefinition.RegisterSteps.postHTTPRequestForRegisterWithInvalidPayloadFormat()&amp#27;[0m
01:28:14.515 [main] DEBUG net.thucydides.core.steps.StepInterceptor -- STARTING STEP: RegisterSteps.receiveResponseCode400ForRegisterWithInvalidPayloadFormat - I receive valid HTTP response 400 for register with invalid payload format
01:28:14.516 [main] DEBUG net.thucydides.core.steps.StepInterceptor -- STEP DONE: I receive valid HTTP response 400 for register with invalid payload format
  &amp#27;[32mThen &amp#27;[0m&amp#27;[32mI receive valid HTTP response 400 for register with invalid payload format&amp#27;[0m &amp#27;[90m# starter.stepdefinition.RegisterSteps.receiveResponseCode400ForRegisterWithInvalidPayloadFormat()&amp#27;[0m
01:28:14.521 [main] INFO  -- 
  _____   ___   ___   _____     ___     _     ___   ___   ___   ___  
 |_   _| | __| / __| |_   _|   | _ \   /_\   / __| / __| | __| |   \ 
   | |   | _|  \__ \   | |     |  _/  / _ \  \__ \ \__ \ | _|  | |) |
   |_|   |___| |___/   |_|     |_|   /_/ \_\ |___/ |___/ |___| |___/ 

TC09 - Register with invalid payload format
----------------------------------------------------------------------
]]></system-out>
  </testcase>
  <testcase name="TC10 - Register without any payload" classname="[01_Automation] - Register" time="0.113">
    <system-out><![CDATA[
Scenario: TC10 - Register without any payload                             &amp#27;[90m# src/test/resources/Register.feature:48&amp#27;[0m
01:28:14.536 [main] INFO io.cucumber.core.plugin.SerenityReporter -- Running feature from file:///D:/TaksAlterra/MiniProject/MiniProject_API/src/test/resources/Register.feature
01:28:14.536 [main] WARN io.cucumber.core.plugin.SerenityReporter -- Feature from file:///D:/TaksAlterra/MiniProject/MiniProject_API/src/test/resources/Register.feature is not under the 'features' directory. Requirements report will not be correctly generated!
01:28:14.539 [main] INFO  -- 
  _____   ___   ___   _____     ___   _____     _     ___   _____   ___   ___  
 |_   _| | __| / __| |_   _|   / __| |_   _|   /_\   | _ \ |_   _| | __| |   \ 
   | |   | _|  \__ \   | |     \__ \   | |    / _ \  |   /   | |   | _|  | |) |
   |_|   |___| |___/   |_|     |___/   |_|   /_/ \_\ |_|_\   |_|   |___| |___/ 

TC10 - Register without any payload([01-automation]---register;tc10---register-without-any-payload)
--------------------------------------------------------------------------------
01:28:14.545 [main] DEBUG net.thucydides.core.steps.StepInterceptor -- STARTING STEP: RegisterSteps.postRegisterEndpoints10 - I POST register endpoints 10
01:28:14.546 [main] DEBUG net.thucydides.core.steps.StepInterceptor -- STEP DONE: I POST register endpoints 10
  &amp#27;[32mGiven &amp#27;[0m&amp#27;[32mI POST register endpoints 10&amp#27;[0m                                      &amp#27;[90m# starter.stepdefinition.RegisterSteps.postRegisterEndpoints10()&amp#27;[0m
01:28:14.549 [main] DEBUG net.thucydides.core.steps.StepInterceptor -- STARTING STEP: RegisterSteps.postHTTPRequestForRegisterWithoutAnyPayload - I POST HTTP request for register without any payload
01:28:14.549 [main] DEBUG net.thucydides.core.steps.StepInterceptor -- STARTING STEP: Register.postHTTPRequestForRegisterWithoutAnyPayload - I POST register endpoints 10
01:28:14.549 [main] DEBUG net.thucydides.core.steps.StepInterceptor -- STEP DONE: I POST register endpoints 10
01:28:14.554 [main] DEBUG org.apache.http.impl.conn.BasicClientConnectionManager -- Get connection for route {s}->https://altashop-api.fly.dev:443
01:28:14.554 [main] DEBUG org.apache.http.impl.conn.DefaultClientConnectionOperator -- Connecting to altashop-api.fly.dev:443
01:28:14.603 [main] DEBUG org.apache.http.client.protocol.RequestAddCookies -- CookieSpec selected: ignoreCookies
01:28:14.603 [main] DEBUG org.apache.http.client.protocol.RequestAuthCache -- Auth cache not set in the context
01:28:14.603 [main] DEBUG org.apache.http.client.protocol.RequestTargetAuthentication -- Target auth state: UNCHALLENGED
01:28:14.603 [main] DEBUG org.apache.http.client.protocol.RequestProxyAuthentication -- Proxy auth state: UNCHALLENGED
01:28:14.603 [main] DEBUG org.apache.http.impl.client.DefaultHttpClient -- Attempt 1 to execute request
01:28:14.603 [main] DEBUG org.apache.http.impl.conn.DefaultClientConnection -- Sending request: POST /api/auth/register HTTP/1.1
01:28:14.603 [main] DEBUG org.apache.http.wire --  >> "POST /api/auth/register HTTP/1.1[\r][\n]"
01:28:14.603 [main] DEBUG org.apache.http.wire --  >> "Accept: */*[\r][\n]"
01:28:14.603 [main] DEBUG org.apache.http.wire --  >> "Content-Type: application/json[\r][\n]"
01:28:14.603 [main] DEBUG org.apache.http.wire --  >> "Content-Length: 2[\r][\n]"
01:28:14.603 [main] DEBUG org.apache.http.wire --  >> "Host: altashop-api.fly.dev[\r][\n]"
01:28:14.604 [main] DEBUG org.apache.http.wire --  >> "Connection: Keep-Alive[\r][\n]"
01:28:14.604 [main] DEBUG org.apache.http.wire --  >> "User-Agent: Apache-HttpClient/4.5.13 (Java/17.0.8)[\r][\n]"
01:28:14.604 [main] DEBUG org.apache.http.wire --  >> "Accept-Encoding: gzip,deflate[\r][\n]"
01:28:14.604 [main] DEBUG org.apache.http.wire --  >> "[\r][\n]"
01:28:14.604 [main] DEBUG org.apache.http.headers -- >> POST /api/auth/register HTTP/1.1
01:28:14.604 [main] DEBUG org.apache.http.headers -- >> Accept: */*
01:28:14.604 [main] DEBUG org.apache.http.headers -- >> Content-Type: application/json
01:28:14.604 [main] DEBUG org.apache.http.headers -- >> Content-Length: 2
01:28:14.604 [main] DEBUG org.apache.http.headers -- >> Host: altashop-api.fly.dev
01:28:14.604 [main] DEBUG org.apache.http.headers -- >> Connection: Keep-Alive
01:28:14.604 [main] DEBUG org.apache.http.headers -- >> User-Agent: Apache-HttpClient/4.5.13 (Java/17.0.8)
01:28:14.604 [main] DEBUG org.apache.http.headers -- >> Accept-Encoding: gzip,deflate
01:28:14.604 [main] DEBUG org.apache.http.wire --  >> "{}"
01:28:14.626 [main] DEBUG org.apache.http.wire --  << "HTTP/1.1 400 Bad Request[\r][\n]"
01:28:14.626 [main] DEBUG org.apache.http.wire --  << "content-type: application/json[\r][\n]"
01:28:14.626 [main] DEBUG org.apache.http.wire --  << "date: Thu, 02 Nov 2023 18:28:16 GMT[\r][\n]"
01:28:14.626 [main] DEBUG org.apache.http.wire --  << "content-encoding: gzip[\r][\n]"
01:28:14.626 [main] DEBUG org.apache.http.wire --  << "transfer-encoding: chunked[\r][\n]"
01:28:14.626 [main] DEBUG org.apache.http.wire --  << "server: Fly/7328d5b5 (2023-10-27)[\r][\n]"
01:28:14.626 [main] DEBUG org.apache.http.wire --  << "via: 1.1 fly.io[\r][\n]"
01:28:14.626 [main] DEBUG org.apache.http.wire --  << "fly-request-id: 01HE8MP2NP26JVR0JXH3H50PKN-sin[\r][\n]"
01:28:14.626 [main] DEBUG org.apache.http.wire --  << "[\r][\n]"
01:28:14.626 [main] DEBUG org.apache.http.impl.conn.DefaultClientConnection -- Receiving response: HTTP/1.1 400 Bad Request
01:28:14.626 [main] DEBUG org.apache.http.headers -- << HTTP/1.1 400 Bad Request
01:28:14.626 [main] DEBUG org.apache.http.headers -- << content-type: application/json
01:28:14.626 [main] DEBUG org.apache.http.headers -- << date: Thu, 02 Nov 2023 18:28:16 GMT
01:28:14.626 [main] DEBUG org.apache.http.headers -- << content-encoding: gzip
01:28:14.626 [main] DEBUG org.apache.http.headers -- << transfer-encoding: chunked
01:28:14.626 [main] DEBUG org.apache.http.headers -- << server: Fly/7328d5b5 (2023-10-27)
01:28:14.626 [main] DEBUG org.apache.http.headers -- << via: 1.1 fly.io
01:28:14.626 [main] DEBUG org.apache.http.headers -- << fly-request-id: 01HE8MP2NP26JVR0JXH3H50PKN-sin
01:28:14.626 [main] DEBUG org.apache.http.impl.client.DefaultHttpClient -- Connection can be kept alive indefinitely
01:28:14.628 [main] DEBUG io.restassured.internal.RestAssuredHttpBuilder -- Parsing response as: application/json
01:28:14.628 [main] DEBUG org.apache.http.wire --  << "32[\r][\n]"
01:28:14.628 [main] DEBUG org.apache.http.wire --  << "[0x1f][0x8b][0x8][0x0][0x0][0x0][0x0][0x0][0x4][0xff][0xab]VJ-*[0xca]/R[0xb2]RJ[0xcd]M[0xcc][0xcc]Q[0xc8],V(J-,[0xcd],JMQ[0xaa][0xe5][0x2][0x0]&[0xe3][0xaa]j[0x1e][0x0][0x0][0x0]"
01:28:14.628 [main] DEBUG org.apache.http.wire --  << "[\r][\n]"
01:28:14.628 [main] DEBUG org.apache.http.wire --  << "0[\r][\n]"
01:28:14.628 [main] DEBUG org.apache.http.wire --  << "[\r][\n]"
01:28:14.628 [main] DEBUG io.restassured.internal.RestAssuredHttpBuilder -- Parsed data to instance of: class org.apache.http.conn.EofSensorInputStream
01:28:14.629 [main] DEBUG org.apache.http.impl.conn.BasicClientConnectionManager -- Releasing connection org.apache.http.impl.conn.ManagedClientConnectionImpl@6e7d874c
01:28:14.630 [main] DEBUG org.apache.http.impl.conn.BasicClientConnectionManager -- Connection can be kept alive indefinitely
01:28:14.630 [main] DEBUG net.thucydides.core.steps.StepInterceptor -- STEP DONE: I POST HTTP request for register without any payload
  &amp#27;[32mWhen &amp#27;[0m&amp#27;[32mI POST HTTP request for register without any payload&amp#27;[0m               &amp#27;[90m# starter.stepdefinition.RegisterSteps.postHTTPRequestForRegisterWithoutAnyPayload()&amp#27;[0m
01:28:14.633 [main] DEBUG net.thucydides.core.steps.StepInterceptor -- STARTING STEP: RegisterSteps.receiveResponseCode400ForRegisterWithoutAnyPayload - I receive valid HTTP response 400 for register without any payload
01:28:14.633 [main] DEBUG net.thucydides.core.steps.StepInterceptor -- STEP DONE: I receive valid HTTP response 400 for register without any payload
  &amp#27;[32mThen &amp#27;[0m&amp#27;[32mI receive valid HTTP response 400 for register without any payload&amp#27;[0m &amp#27;[90m# starter.stepdefinition.RegisterSteps.receiveResponseCode400ForRegisterWithoutAnyPayload()&amp#27;[0m
01:28:14.635 [main] INFO  -- 
  _____   ___   ___   _____     ___     _     ___   ___   ___   ___  
 |_   _| | __| / __| |_   _|   | _ \   /_\   / __| / __| | __| |   \ 
   | |   | _|  \__ \   | |     |  _/  / _ \  \__ \ \__ \ | _|  | |) |
   |_|   |___| |___/   |_|     |_|   /_/ \_\ |___/ |___/ |___| |___/ 

TC10 - Register without any payload
----------------------------------------------------------------------
]]></system-out>
  </testcase>
  <testcase name="TC11 - Register with body parameter is empty" classname="[01_Automation] - Register" time="0.092">
    <system-out><![CDATA[
Scenario: TC11 - Register with body parameter is empty                             &amp#27;[90m# src/test/resources/Register.feature:53&amp#27;[0m
01:28:14.640 [main] INFO io.cucumber.core.plugin.SerenityReporter -- Running feature from file:///D:/TaksAlterra/MiniProject/MiniProject_API/src/test/resources/Register.feature
01:28:14.640 [main] WARN io.cucumber.core.plugin.SerenityReporter -- Feature from file:///D:/TaksAlterra/MiniProject/MiniProject_API/src/test/resources/Register.feature is not under the 'features' directory. Requirements report will not be correctly generated!
01:28:14.641 [main] INFO  -- 
  _____   ___   ___   _____     ___   _____     _     ___   _____   ___   ___  
 |_   _| | __| / __| |_   _|   / __| |_   _|   /_\   | _ \ |_   _| | __| |   \ 
   | |   | _|  \__ \   | |     \__ \   | |    / _ \  |   /   | |   | _|  | |) |
   |_|   |___| |___/   |_|     |___/   |_|   /_/ \_\ |_|_\   |_|   |___| |___/ 

TC11 - Register with body parameter is empty([01-automation]---register;tc11---register-with-body-parameter-is-empty)
--------------------------------------------------------------------------------
01:28:14.644 [main] DEBUG net.thucydides.core.steps.StepInterceptor -- STARTING STEP: RegisterSteps.postRegisterEndpoints11 - I POST register endpoints 11
01:28:14.644 [main] DEBUG net.thucydides.core.steps.StepInterceptor -- STEP DONE: I POST register endpoints 11
  &amp#27;[32mGiven &amp#27;[0m&amp#27;[32mI POST register endpoints 11&amp#27;[0m                                               &amp#27;[90m# starter.stepdefinition.RegisterSteps.postRegisterEndpoints11()&amp#27;[0m
01:28:14.645 [main] DEBUG net.thucydides.core.steps.StepInterceptor -- STARTING STEP: RegisterSteps.postHTTPRequestForRegisterWithBodyParameterIsEmpty - I POST HTTP request for register with body parameter is empty
01:28:14.647 [main] DEBUG net.thucydides.core.steps.StepInterceptor -- STARTING STEP: Register.postHTTPRequestForRegisterWithBodyParameterIsEmpty - I POST register endpoints 11
01:28:14.647 [main] DEBUG net.thucydides.core.steps.StepInterceptor -- STEP DONE: I POST register endpoints 11
01:28:14.651 [main] DEBUG org.apache.http.impl.conn.BasicClientConnectionManager -- Get connection for route {s}->https://altashop-api.fly.dev:443
01:28:14.651 [main] DEBUG org.apache.http.impl.conn.DefaultClientConnectionOperator -- Connecting to altashop-api.fly.dev:443
01:28:14.698 [main] DEBUG org.apache.http.client.protocol.RequestAddCookies -- CookieSpec selected: ignoreCookies
01:28:14.698 [main] DEBUG org.apache.http.client.protocol.RequestAuthCache -- Auth cache not set in the context
01:28:14.698 [main] DEBUG org.apache.http.client.protocol.RequestTargetAuthentication -- Target auth state: UNCHALLENGED
01:28:14.698 [main] DEBUG org.apache.http.client.protocol.RequestProxyAuthentication -- Proxy auth state: UNCHALLENGED
01:28:14.698 [main] DEBUG org.apache.http.impl.client.DefaultHttpClient -- Attempt 1 to execute request
01:28:14.698 [main] DEBUG org.apache.http.impl.conn.DefaultClientConnection -- Sending request: POST /api/auth/register HTTP/1.1
01:28:14.698 [main] DEBUG org.apache.http.wire --  >> "POST /api/auth/register HTTP/1.1[\r][\n]"
01:28:14.698 [main] DEBUG org.apache.http.wire --  >> "Accept: */*[\r][\n]"
01:28:14.698 [main] DEBUG org.apache.http.wire --  >> "Content-Type: application/json[\r][\n]"
01:28:14.698 [main] DEBUG org.apache.http.wire --  >> "Content-Length: 40[\r][\n]"
01:28:14.698 [main] DEBUG org.apache.http.wire --  >> "Host: altashop-api.fly.dev[\r][\n]"
01:28:14.698 [main] DEBUG org.apache.http.wire --  >> "Connection: Keep-Alive[\r][\n]"
01:28:14.698 [main] DEBUG org.apache.http.wire --  >> "User-Agent: Apache-HttpClient/4.5.13 (Java/17.0.8)[\r][\n]"
01:28:14.698 [main] DEBUG org.apache.http.wire --  >> "Accept-Encoding: gzip,deflate[\r][\n]"
01:28:14.698 [main] DEBUG org.apache.http.wire --  >> "[\r][\n]"
01:28:14.698 [main] DEBUG org.apache.http.headers -- >> POST /api/auth/register HTTP/1.1
01:28:14.698 [main] DEBUG org.apache.http.headers -- >> Accept: */*
01:28:14.698 [main] DEBUG org.apache.http.headers -- >> Content-Type: application/json
01:28:14.698 [main] DEBUG org.apache.http.headers -- >> Content-Length: 40
01:28:14.698 [main] DEBUG org.apache.http.headers -- >> Host: altashop-api.fly.dev
01:28:14.698 [main] DEBUG org.apache.http.headers -- >> Connection: Keep-Alive
01:28:14.698 [main] DEBUG org.apache.http.headers -- >> User-Agent: Apache-HttpClient/4.5.13 (Java/17.0.8)
01:28:14.698 [main] DEBUG org.apache.http.headers -- >> Accept-Encoding: gzip,deflate
01:28:14.698 [main] DEBUG org.apache.http.wire --  >> "{"password":"","fullname":"","email":""}"
01:28:14.723 [main] DEBUG org.apache.http.wire --  << "HTTP/1.1 400 Bad Request[\r][\n]"
01:28:14.723 [main] DEBUG org.apache.http.wire --  << "content-type: application/json[\r][\n]"
01:28:14.723 [main] DEBUG org.apache.http.wire --  << "date: Thu, 02 Nov 2023 18:28:16 GMT[\r][\n]"
01:28:14.723 [main] DEBUG org.apache.http.wire --  << "content-encoding: gzip[\r][\n]"
01:28:14.723 [main] DEBUG org.apache.http.wire --  << "transfer-encoding: chunked[\r][\n]"
01:28:14.723 [main] DEBUG org.apache.http.wire --  << "server: Fly/7328d5b5 (2023-10-27)[\r][\n]"
01:28:14.723 [main] DEBUG org.apache.http.wire --  << "via: 1.1 fly.io[\r][\n]"
01:28:14.723 [main] DEBUG org.apache.http.wire --  << "fly-request-id: 01HE8MP2RPPHT3V8CQHXCG3ACQ-sin[\r][\n]"
01:28:14.723 [main] DEBUG org.apache.http.wire --  << "[\r][\n]"
01:28:14.723 [main] DEBUG org.apache.http.impl.conn.DefaultClientConnection -- Receiving response: HTTP/1.1 400 Bad Request
01:28:14.723 [main] DEBUG org.apache.http.headers -- << HTTP/1.1 400 Bad Request
01:28:14.723 [main] DEBUG org.apache.http.headers -- << content-type: application/json
01:28:14.723 [main] DEBUG org.apache.http.headers -- << date: Thu, 02 Nov 2023 18:28:16 GMT
01:28:14.723 [main] DEBUG org.apache.http.headers -- << content-encoding: gzip
01:28:14.723 [main] DEBUG org.apache.http.headers -- << transfer-encoding: chunked
01:28:14.723 [main] DEBUG org.apache.http.headers -- << server: Fly/7328d5b5 (2023-10-27)
01:28:14.723 [main] DEBUG org.apache.http.headers -- << via: 1.1 fly.io
01:28:14.723 [main] DEBUG org.apache.http.headers -- << fly-request-id: 01HE8MP2RPPHT3V8CQHXCG3ACQ-sin
01:28:14.723 [main] DEBUG org.apache.http.impl.client.DefaultHttpClient -- Connection can be kept alive indefinitely
01:28:14.723 [main] DEBUG io.restassured.internal.RestAssuredHttpBuilder -- Parsing response as: application/json
01:28:14.723 [main] DEBUG org.apache.http.wire --  << "32[\r][\n]"
01:28:14.723 [main] DEBUG org.apache.http.wire --  << "[0x1f][0x8b][0x8][0x0][0x0][0x0][0x0][0x0][0x4][0xff][0xab]VJ-*[0xca]/R[0xb2]RJ[0xcd]M[0xcc][0xcc]Q[0xc8],V(J-,[0xcd],JMQ[0xaa][0xe5][0x2][0x0]&[0xe3][0xaa]j[0x1e][0x0][0x0][0x0]"
01:28:14.723 [main] DEBUG org.apache.http.wire --  << "[\r][\n]"
01:28:14.723 [main] DEBUG org.apache.http.wire --  << "0[\r][\n]"
01:28:14.723 [main] DEBUG org.apache.http.wire --  << "[\r][\n]"
01:28:14.723 [main] DEBUG io.restassured.internal.RestAssuredHttpBuilder -- Parsed data to instance of: class org.apache.http.conn.EofSensorInputStream
01:28:14.724 [main] DEBUG org.apache.http.impl.conn.BasicClientConnectionManager -- Releasing connection org.apache.http.impl.conn.ManagedClientConnectionImpl@6654e105
01:28:14.724 [main] DEBUG org.apache.http.impl.conn.BasicClientConnectionManager -- Connection can be kept alive indefinitely
01:28:14.724 [main] DEBUG net.thucydides.core.steps.StepInterceptor -- STEP DONE: I POST HTTP request for register with body parameter is empty
  &amp#27;[32mWhen &amp#27;[0m&amp#27;[32mI POST HTTP request for register with body parameter is empty&amp#27;[0m               &amp#27;[90m# starter.stepdefinition.RegisterSteps.postHTTPRequestForRegisterWithBodyParameterIsEmpty()&amp#27;[0m
01:28:14.726 [main] DEBUG net.thucydides.core.steps.StepInterceptor -- STARTING STEP: RegisterSteps.receiveResponseCode400ForRegisterWithBodyParameterIsEmpty - I receive valid HTTP response 400 for register with body parameter is empty
01:28:14.726 [main] DEBUG net.thucydides.core.steps.StepInterceptor -- STEP DONE: I receive valid HTTP response 400 for register with body parameter is empty
  &amp#27;[32mThen &amp#27;[0m&amp#27;[32mI receive valid HTTP response 400 for register with body parameter is empty&amp#27;[0m &amp#27;[90m# starter.stepdefinition.RegisterSteps.receiveResponseCode400ForRegisterWithBodyParameterIsEmpty()&amp#27;[0m
01:28:14.727 [main] INFO  -- 
  _____   ___   ___   _____     ___     _     ___   ___   ___   ___  
 |_   _| | __| / __| |_   _|   | _ \   /_\   / __| / __| | __| |   \ 
   | |   | _|  \__ \   | |     |  _/  / _ \  \__ \ \__ \ | _|  | |) |
   |_|   |___| |___/   |_|     |_|   /_/ \_\ |___/ |___/ |___| |___/ 

TC11 - Register with body parameter is empty
----------------------------------------------------------------------
]]></system-out>
  </testcase>
  <testcase name="TC12 - Register with invalid HTTP method" classname="[01_Automation] - Register" time="0.091">
    <system-out><![CDATA[
Scenario: TC12 - Register with invalid HTTP method                             &amp#27;[90m# src/test/resources/Register.feature:58&amp#27;[0m
01:28:14.732 [main] INFO io.cucumber.core.plugin.SerenityReporter -- Running feature from file:///D:/TaksAlterra/MiniProject/MiniProject_API/src/test/resources/Register.feature
01:28:14.732 [main] WARN io.cucumber.core.plugin.SerenityReporter -- Feature from file:///D:/TaksAlterra/MiniProject/MiniProject_API/src/test/resources/Register.feature is not under the 'features' directory. Requirements report will not be correctly generated!
01:28:14.732 [main] INFO  -- 
  _____   ___   ___   _____     ___   _____     _     ___   _____   ___   ___  
 |_   _| | __| / __| |_   _|   / __| |_   _|   /_\   | _ \ |_   _| | __| |   \ 
   | |   | _|  \__ \   | |     \__ \   | |    / _ \  |   /   | |   | _|  | |) |
   |_|   |___| |___/   |_|     |___/   |_|   /_/ \_\ |_|_\   |_|   |___| |___/ 

TC12 - Register with invalid HTTP method([01-automation]---register;tc12---register-with-invalid-http-method)
--------------------------------------------------------------------------------
01:28:14.736 [main] DEBUG net.thucydides.core.steps.StepInterceptor -- STARTING STEP: RegisterSteps.putRegisterEndpoints - I PUT register endpoints
01:28:14.736 [main] DEBUG net.thucydides.core.steps.StepInterceptor -- STEP DONE: I PUT register endpoints
  &amp#27;[32mGiven &amp#27;[0m&amp#27;[32mI PUT register endpoints&amp#27;[0m                                               &amp#27;[90m# starter.stepdefinition.RegisterSteps.putRegisterEndpoints()&amp#27;[0m
01:28:14.737 [main] DEBUG net.thucydides.core.steps.StepInterceptor -- STARTING STEP: RegisterSteps.putRequestForRegisterWithInvalidHTTPMethod - I send request for register with invalid HTTP method
01:28:14.738 [main] DEBUG net.thucydides.core.steps.StepInterceptor -- STARTING STEP: Register.putRequestForRegisterWithInvalidHTTPMethod - I PUT register endpoints
01:28:14.738 [main] DEBUG net.thucydides.core.steps.StepInterceptor -- STEP DONE: I PUT register endpoints
01:28:14.741 [main] DEBUG org.apache.http.impl.conn.BasicClientConnectionManager -- Get connection for route {s}->https://altashop-api.fly.dev:443
01:28:14.741 [main] DEBUG org.apache.http.impl.conn.DefaultClientConnectionOperator -- Connecting to altashop-api.fly.dev:443
01:28:14.790 [main] DEBUG org.apache.http.client.protocol.RequestAddCookies -- CookieSpec selected: ignoreCookies
01:28:14.790 [main] DEBUG org.apache.http.client.protocol.RequestAuthCache -- Auth cache not set in the context
01:28:14.790 [main] DEBUG org.apache.http.client.protocol.RequestTargetAuthentication -- Target auth state: UNCHALLENGED
01:28:14.790 [main] DEBUG org.apache.http.client.protocol.RequestProxyAuthentication -- Proxy auth state: UNCHALLENGED
01:28:14.790 [main] DEBUG org.apache.http.impl.client.DefaultHttpClient -- Attempt 1 to execute request
01:28:14.790 [main] DEBUG org.apache.http.impl.conn.DefaultClientConnection -- Sending request: PUT /api/auth/register HTTP/1.1
01:28:14.790 [main] DEBUG org.apache.http.wire --  >> "PUT /api/auth/register HTTP/1.1[\r][\n]"
01:28:14.790 [main] DEBUG org.apache.http.wire --  >> "Accept: */*[\r][\n]"
01:28:14.790 [main] DEBUG org.apache.http.wire --  >> "Content-Type: application/json[\r][\n]"
01:28:14.790 [main] DEBUG org.apache.http.wire --  >> "Content-Length: 82[\r][\n]"
01:28:14.790 [main] DEBUG org.apache.http.wire --  >> "Host: altashop-api.fly.dev[\r][\n]"
01:28:14.790 [main] DEBUG org.apache.http.wire --  >> "Connection: Keep-Alive[\r][\n]"
01:28:14.790 [main] DEBUG org.apache.http.wire --  >> "User-Agent: Apache-HttpClient/4.5.13 (Java/17.0.8)[\r][\n]"
01:28:14.790 [main] DEBUG org.apache.http.wire --  >> "Accept-Encoding: gzip,deflate[\r][\n]"
01:28:14.790 [main] DEBUG org.apache.http.wire --  >> "[\r][\n]"
01:28:14.790 [main] DEBUG org.apache.http.headers -- >> PUT /api/auth/register HTTP/1.1
01:28:14.790 [main] DEBUG org.apache.http.headers -- >> Accept: */*
01:28:14.790 [main] DEBUG org.apache.http.headers -- >> Content-Type: application/json
01:28:14.790 [main] DEBUG org.apache.http.headers -- >> Content-Length: 82
01:28:14.790 [main] DEBUG org.apache.http.headers -- >> Host: altashop-api.fly.dev
01:28:14.790 [main] DEBUG org.apache.http.headers -- >> Connection: Keep-Alive
01:28:14.790 [main] DEBUG org.apache.http.headers -- >> User-Agent: Apache-HttpClient/4.5.13 (Java/17.0.8)
01:28:14.790 [main] DEBUG org.apache.http.headers -- >> Accept-Encoding: gzip,deflate
01:28:14.790 [main] DEBUG org.apache.http.wire --  >> "{"password":"riska123","fullname":"Riska Ameiyawati","email":"riska123@gmail.com"}"
01:28:14.815 [main] DEBUG org.apache.http.wire --  << "HTTP/1.1 405 Method Not Allowed[\r][\n]"
01:28:14.815 [main] DEBUG org.apache.http.wire --  << "date: Thu, 02 Nov 2023 18:28:16 GMT[\r][\n]"
01:28:14.815 [main] DEBUG org.apache.http.wire --  << "content-encoding: gzip[\r][\n]"
01:28:14.815 [main] DEBUG org.apache.http.wire --  << "content-type: text/plain; charset=utf-8[\r][\n]"
01:28:14.815 [main] DEBUG org.apache.http.wire --  << "transfer-encoding: chunked[\r][\n]"
01:28:14.815 [main] DEBUG org.apache.http.wire --  << "server: Fly/7328d5b5 (2023-10-27)[\r][\n]"
01:28:14.815 [main] DEBUG org.apache.http.wire --  << "via: 1.1 fly.io[\r][\n]"
01:28:14.815 [main] DEBUG org.apache.http.wire --  << "fly-request-id: 01HE8MP2VHP5KAGS05ZPC3YSXA-sin[\r][\n]"
01:28:14.815 [main] DEBUG org.apache.http.wire --  << "[\r][\n]"
01:28:14.815 [main] DEBUG org.apache.http.impl.conn.DefaultClientConnection -- Receiving response: HTTP/1.1 405 Method Not Allowed
01:28:14.815 [main] DEBUG org.apache.http.headers -- << HTTP/1.1 405 Method Not Allowed
01:28:14.815 [main] DEBUG org.apache.http.headers -- << date: Thu, 02 Nov 2023 18:28:16 GMT
01:28:14.815 [main] DEBUG org.apache.http.headers -- << content-encoding: gzip
01:28:14.815 [main] DEBUG org.apache.http.headers -- << content-type: text/plain; charset=utf-8
01:28:14.815 [main] DEBUG org.apache.http.headers -- << transfer-encoding: chunked
01:28:14.815 [main] DEBUG org.apache.http.headers -- << server: Fly/7328d5b5 (2023-10-27)
01:28:14.815 [main] DEBUG org.apache.http.headers -- << via: 1.1 fly.io
01:28:14.815 [main] DEBUG org.apache.http.headers -- << fly-request-id: 01HE8MP2VHP5KAGS05ZPC3YSXA-sin
01:28:14.815 [main] DEBUG org.apache.http.impl.client.DefaultHttpClient -- Connection can be kept alive indefinitely
01:28:14.815 [main] DEBUG io.restassured.internal.RestAssuredHttpBuilder -- Parsing response as: text/plain; charset=utf-8
01:28:14.815 [main] DEBUG org.apache.http.wire --  << "27[\r][\n]"
01:28:14.815 [main] DEBUG org.apache.http.wire --  << "[0x1f][0x8b][0x8][0x0][0x0][0x0][0x0][0x0][0x4][0xff][0xcb]M-[0xc9][0xc8]OQ[0xc8][0xcb]/QH[0xcc][0xc9][0xc9]/OM[0xe1][0x2][0x0][0xe5]Yf[0xfa][0x13][0x0][0x0][0x0]"
01:28:14.815 [main] DEBUG org.apache.http.wire --  << "[\r][\n]"
01:28:14.815 [main] DEBUG org.apache.http.wire --  << "0[\r][\n]"
01:28:14.815 [main] DEBUG org.apache.http.wire --  << "[\r][\n]"
01:28:14.816 [main] DEBUG io.restassured.internal.RestAssuredHttpBuilder -- Parsed data to instance of: class org.apache.http.conn.EofSensorInputStream
01:28:14.816 [main] DEBUG org.apache.http.impl.conn.BasicClientConnectionManager -- Releasing connection org.apache.http.impl.conn.ManagedClientConnectionImpl@6050d04d
01:28:14.816 [main] DEBUG org.apache.http.impl.conn.BasicClientConnectionManager -- Connection can be kept alive indefinitely
01:28:14.817 [main] DEBUG net.thucydides.core.steps.StepInterceptor -- STEP DONE: I send request for register with invalid HTTP method
  &amp#27;[32mWhen &amp#27;[0m&amp#27;[32mI send request for register with invalid HTTP method&amp#27;[0m                    &amp#27;[90m# starter.stepdefinition.RegisterSteps.putRequestForRegisterWithInvalidHTTPMethod()&amp#27;[0m
01:28:14.818 [main] DEBUG net.thucydides.core.steps.StepInterceptor -- STARTING STEP: RegisterSteps.receiveResponseCode405ForRegisterWithInvalidHTTPMethod - I receive valid HTTP response 405 for register with invalid HTTP method
01:28:14.818 [main] DEBUG net.thucydides.core.steps.StepInterceptor -- STEP DONE: I receive valid HTTP response 405 for register with invalid HTTP method
  &amp#27;[32mThen &amp#27;[0m&amp#27;[32mI receive valid HTTP response 405 for register with invalid HTTP method&amp#27;[0m &amp#27;[90m# starter.stepdefinition.RegisterSteps.receiveResponseCode405ForRegisterWithInvalidHTTPMethod()&amp#27;[0m
01:28:14.819 [main] INFO  -- 
  _____   ___   ___   _____     ___     _     ___   ___   ___   ___  
 |_   _| | __| / __| |_   _|   | _ \   /_\   / __| / __| | __| |   \ 
   | |   | _|  \__ \   | |     |  _/  / _ \  \__ \ \__ \ | _|  | |) |
   |_|   |___| |___/   |_|     |_|   /_/ \_\ |___/ |___/ |___| |___/ 

TC12 - Register with invalid HTTP method
----------------------------------------------------------------------
]]></system-out>
  </testcase>
  <testcase name="TC22 - Get user information" classname="[03_Automation] - User Information" time="0.108">
    <system-out><![CDATA[01:28:14.820 [main] INFO io.cucumber.core.plugin.SerenityReporter -- Running feature from file:///D:/TaksAlterra/MiniProject/MiniProject_API/src/test/resources/UserInformation.feature
01:28:14.820 [main] WARN io.cucumber.core.plugin.SerenityReporter -- Feature from file:///D:/TaksAlterra/MiniProject/MiniProject_API/src/test/resources/UserInformation.feature is not under the 'features' directory. Requirements report will not be correctly generated!
01:28:14.820 [main] DEBUG net.thucydides.core.steps.StepEventBus -- Test suite started for story net.thucydides.core.model.Story@18f4b3f3
01:28:14.820 [main] INFO  -- Test Suite Started: [03_Automation] - User Information

Scenario: TC22 - Get user information                         &amp#27;[90m# src/test/resources/UserInformation.feature:3&amp#27;[0m
01:28:14.826 [main] INFO io.cucumber.core.plugin.SerenityReporter -- Running feature from file:///D:/TaksAlterra/MiniProject/MiniProject_API/src/test/resources/UserInformation.feature
01:28:14.826 [main] WARN io.cucumber.core.plugin.SerenityReporter -- Feature from file:///D:/TaksAlterra/MiniProject/MiniProject_API/src/test/resources/UserInformation.feature is not under the 'features' directory. Requirements report will not be correctly generated!
01:28:14.828 [main] INFO  -- 
  _____   ___   ___   _____     ___   _____     _     ___   _____   ___   ___  
 |_   _| | __| / __| |_   _|   / __| |_   _|   /_\   | _ \ |_   _| | __| |   \ 
   | |   | _|  \__ \   | |     \__ \   | |    / _ \  |   /   | |   | _|  | |) |
   |_|   |___| |___/   |_|     |___/   |_|   /_/ \_\ |_|_\   |_|   |___| |___/ 

TC22 - Get user information([03-automation]---user-information;tc22---get-user-information)
--------------------------------------------------------------------------------
01:28:14.839 [main] DEBUG net.thucydides.core.steps.StepInterceptor -- STARTING STEP: UserInformationSteps.getUserInformationEndpoints - I GET user information endpoints
01:28:14.839 [main] DEBUG net.thucydides.core.steps.StepInterceptor -- STEP DONE: I GET user information endpoints
  &amp#27;[32mGiven &amp#27;[0m&amp#27;[32mI GET user information endpoints&amp#27;[0m                      &amp#27;[90m# starter.stepdefinition.UserInformationSteps.getUserInformationEndpoints()&amp#27;[0m
01:28:14.841 [main] DEBUG net.thucydides.core.steps.StepInterceptor -- STARTING STEP: UserInformationSteps.getHTTPRequestUserInformation - I GET HTTP request with valid token
01:28:14.842 [main] DEBUG net.thucydides.core.steps.StepInterceptor -- STARTING STEP: UserInformation.getHTTPRequestUserInformation - I GET user information endpoints
01:28:14.842 [main] DEBUG net.thucydides.core.steps.StepInterceptor -- STEP DONE: I GET user information endpoints
01:28:14.845 [main] DEBUG org.apache.http.impl.conn.BasicClientConnectionManager -- Get connection for route {s}->https://altashop-api.fly.dev:443
01:28:14.845 [main] DEBUG org.apache.http.impl.conn.DefaultClientConnectionOperator -- Connecting to altashop-api.fly.dev:443
01:28:14.896 [main] DEBUG org.apache.http.client.protocol.RequestAddCookies -- CookieSpec selected: ignoreCookies
01:28:14.896 [main] DEBUG org.apache.http.client.protocol.RequestAuthCache -- Auth cache not set in the context
01:28:14.896 [main] DEBUG org.apache.http.client.protocol.RequestProxyAuthentication -- Proxy auth state: UNCHALLENGED
01:28:14.896 [main] DEBUG org.apache.http.impl.client.DefaultHttpClient -- Attempt 1 to execute request
01:28:14.896 [main] DEBUG org.apache.http.impl.conn.DefaultClientConnection -- Sending request: GET /api/auth/info HTTP/1.1
01:28:14.896 [main] DEBUG org.apache.http.wire --  >> "GET /api/auth/info HTTP/1.1[\r][\n]"
01:28:14.896 [main] DEBUG org.apache.http.wire --  >> "Authorization: Bearer eyJhbGciOiJIUzI1NiIsInR5cCI6IkpXVCJ9.eyJGdWxsbmFtZSI6IldpeWFuIEhlcnJhIEhlcnZpYW5hIiwiRW1haWwiOiJ3aXlhbjEyM0BnbWFpbC5jb20ifQ.Rsm7iH_obOaXakAORv2RniUWUxeZfBjkK8S8HtuLly8[\r][\n]"
01:28:14.896 [main] DEBUG org.apache.http.wire --  >> "Accept: */*[\r][\n]"
01:28:14.896 [main] DEBUG org.apache.http.wire --  >> "Host: altashop-api.fly.dev[\r][\n]"
01:28:14.896 [main] DEBUG org.apache.http.wire --  >> "Connection: Keep-Alive[\r][\n]"
01:28:14.896 [main] DEBUG org.apache.http.wire --  >> "User-Agent: Apache-HttpClient/4.5.13 (Java/17.0.8)[\r][\n]"
01:28:14.896 [main] DEBUG org.apache.http.wire --  >> "Accept-Encoding: gzip,deflate[\r][\n]"
01:28:14.896 [main] DEBUG org.apache.http.wire --  >> "[\r][\n]"
01:28:14.896 [main] DEBUG org.apache.http.headers -- >> GET /api/auth/info HTTP/1.1
01:28:14.896 [main] DEBUG org.apache.http.headers -- >> Authorization: Bearer eyJhbGciOiJIUzI1NiIsInR5cCI6IkpXVCJ9.eyJGdWxsbmFtZSI6IldpeWFuIEhlcnJhIEhlcnZpYW5hIiwiRW1haWwiOiJ3aXlhbjEyM0BnbWFpbC5jb20ifQ.Rsm7iH_obOaXakAORv2RniUWUxeZfBjkK8S8HtuLly8
01:28:14.896 [main] DEBUG org.apache.http.headers -- >> Accept: */*
01:28:14.896 [main] DEBUG org.apache.http.headers -- >> Host: altashop-api.fly.dev
01:28:14.896 [main] DEBUG org.apache.http.headers -- >> Connection: Keep-Alive
01:28:14.896 [main] DEBUG org.apache.http.headers -- >> User-Agent: Apache-HttpClient/4.5.13 (Java/17.0.8)
01:28:14.896 [main] DEBUG org.apache.http.headers -- >> Accept-Encoding: gzip,deflate
01:28:14.924 [main] DEBUG org.apache.http.wire --  << "HTTP/1.1 200 OK[\r][\n]"
01:28:14.924 [main] DEBUG org.apache.http.wire --  << "content-type: application/json[\r][\n]"
01:28:14.924 [main] DEBUG org.apache.http.wire --  << "date: Thu, 02 Nov 2023 18:28:16 GMT[\r][\n]"
01:28:14.924 [main] DEBUG org.apache.http.wire --  << "content-encoding: gzip[\r][\n]"
01:28:14.924 [main] DEBUG org.apache.http.wire --  << "transfer-encoding: chunked[\r][\n]"
01:28:14.924 [main] DEBUG org.apache.http.wire --  << "server: Fly/7328d5b5 (2023-10-27)[\r][\n]"
01:28:14.924 [main] DEBUG org.apache.http.wire --  << "via: 1.1 fly.io[\r][\n]"
01:28:14.924 [main] DEBUG org.apache.http.wire --  << "fly-request-id: 01HE8MP2YV3C6D0FBEZC2WFZET-sin[\r][\n]"
01:28:14.924 [main] DEBUG org.apache.http.wire --  << "[\r][\n]"
01:28:14.924 [main] DEBUG org.apache.http.impl.conn.DefaultClientConnection -- Receiving response: HTTP/1.1 200 OK
01:28:14.924 [main] DEBUG org.apache.http.headers -- << HTTP/1.1 200 OK
01:28:14.924 [main] DEBUG org.apache.http.headers -- << content-type: application/json
01:28:14.924 [main] DEBUG org.apache.http.headers -- << date: Thu, 02 Nov 2023 18:28:16 GMT
01:28:14.924 [main] DEBUG org.apache.http.headers -- << content-encoding: gzip
01:28:14.924 [main] DEBUG org.apache.http.headers -- << transfer-encoding: chunked
01:28:14.924 [main] DEBUG org.apache.http.headers -- << server: Fly/7328d5b5 (2023-10-27)
01:28:14.924 [main] DEBUG org.apache.http.headers -- << via: 1.1 fly.io
01:28:14.924 [main] DEBUG org.apache.http.headers -- << fly-request-id: 01HE8MP2YV3C6D0FBEZC2WFZET-sin
01:28:14.924 [main] DEBUG org.apache.http.impl.client.DefaultHttpClient -- Connection can be kept alive indefinitely
01:28:14.924 [main] DEBUG io.restassured.internal.RestAssuredHttpBuilder -- Parsing response as: application/json
01:28:14.924 [main] DEBUG org.apache.http.wire --  << "6F[\r][\n]"
01:28:14.924 [main] DEBUG org.apache.http.wire --  << "[0x1f][0x8b][0x8][0x0][0x0][0x0][0x0][0x0][0x4][0xff][0xab]VJI,IT[0xb2][0xaa]V[0xf2]tQ[0xb2]2[0xb2]476[0xd7]Qr+[0xcd][0xc9][0xc9]K[0xcc]MU[0xb2]R[\n]"
01:28:14.924 [main] DEBUG org.apache.http.wire --  << "[0xcf][0xac]L[0xcc]S[0xf0]H-*J[0x4][0x91]e[0x99][0x89]y[0x89]J:J[0xae][0xb9][0x89][0x99]9JVJ[0xe5] iC#c[0x87]t[0x90][0x80]^r~[0xae][0x92][0x8e]R@bqqy~Q[\n]"
01:28:14.924 [main] DEBUG org.apache.http.wire --  << "[0x92][0xbc]Rm-[0x17][0x0][0xaf]ye[0x92]k[0x0][0x0][0x0]"
01:28:14.924 [main] DEBUG org.apache.http.wire --  << "[\r][\n]"
01:28:14.924 [main] DEBUG org.apache.http.wire --  << "0[\r][\n]"
01:28:14.924 [main] DEBUG org.apache.http.wire --  << "[\r][\n]"
01:28:14.924 [main] DEBUG io.restassured.internal.RestAssuredHttpBuilder -- Parsed data to instance of: class org.apache.http.conn.EofSensorInputStream
01:28:14.924 [main] DEBUG org.apache.http.impl.conn.BasicClientConnectionManager -- Releasing connection org.apache.http.impl.conn.ManagedClientConnectionImpl@439b893a
01:28:14.924 [main] DEBUG org.apache.http.impl.conn.BasicClientConnectionManager -- Connection can be kept alive indefinitely
01:28:14.926 [main] DEBUG net.thucydides.core.steps.StepInterceptor -- STEP DONE: I GET HTTP request with valid token
  &amp#27;[32mWhen &amp#27;[0m&amp#27;[32mI GET HTTP request with valid token&amp#27;[0m                    &amp#27;[90m# starter.stepdefinition.UserInformationSteps.getHTTPRequestUserInformation()&amp#27;[0m
01:28:14.927 [main] DEBUG net.thucydides.core.steps.StepInterceptor -- STARTING STEP: UserInformationSteps.receiveResponseCode200UserInformation - I receive valid HTTP response 200 for user information
01:28:14.927 [main] DEBUG net.thucydides.core.steps.StepInterceptor -- STEP DONE: I receive valid HTTP response 200 for user information
  &amp#27;[32mThen &amp#27;[0m&amp#27;[32mI receive valid HTTP response 200 for user information&amp#27;[0m &amp#27;[90m# starter.stepdefinition.UserInformationSteps.receiveResponseCode200UserInformation()&amp#27;[0m
01:28:14.928 [main] INFO  -- 
  _____   ___   ___   _____     ___     _     ___   ___   ___   ___  
 |_   _| | __| / __| |_   _|   | _ \   /_\   / __| / __| | __| |   \ 
   | |   | _|  \__ \   | |     |  _/  / _ \  \__ \ \__ \ | _|  | |) |
   |_|   |___| |___/   |_|     |_|   /_/ \_\ |___/ |___/ |___| |___/ 

TC22 - Get user information
----------------------------------------------------------------------
]]></system-out>
  </testcase>
  <testcase name="TC23 - Get user information without token" classname="[03_Automation] - User Information" time="0.091">
    <system-out><![CDATA[
Scenario: TC23 - Get user information without token                         &amp#27;[90m# src/test/resources/UserInformation.feature:8&amp#27;[0m
01:28:14.932 [main] INFO io.cucumber.core.plugin.SerenityReporter -- Running feature from file:///D:/TaksAlterra/MiniProject/MiniProject_API/src/test/resources/UserInformation.feature
01:28:14.932 [main] WARN io.cucumber.core.plugin.SerenityReporter -- Feature from file:///D:/TaksAlterra/MiniProject/MiniProject_API/src/test/resources/UserInformation.feature is not under the 'features' directory. Requirements report will not be correctly generated!
01:28:14.932 [main] INFO  -- 
  _____   ___   ___   _____     ___   _____     _     ___   _____   ___   ___  
 |_   _| | __| / __| |_   _|   / __| |_   _|   /_\   | _ \ |_   _| | __| |   \ 
   | |   | _|  \__ \   | |     \__ \   | |    / _ \  |   /   | |   | _|  | |) |
   |_|   |___| |___/   |_|     |___/   |_|   /_/ \_\ |_|_\   |_|   |___| |___/ 

TC23 - Get user information without token([03-automation]---user-information;tc23---get-user-information-without-token)
--------------------------------------------------------------------------------
01:28:14.936 [main] DEBUG net.thucydides.core.steps.StepInterceptor -- STARTING STEP: UserInformationSteps.getUserInformationEndpoints2 - I GET user information endpoints 2
01:28:14.936 [main] DEBUG net.thucydides.core.steps.StepInterceptor -- STEP DONE: I GET user information endpoints 2
  &amp#27;[32mGiven &amp#27;[0m&amp#27;[32mI GET user information endpoints 2&amp#27;[0m                                  &amp#27;[90m# starter.stepdefinition.UserInformationSteps.getUserInformationEndpoints2()&amp#27;[0m
01:28:14.937 [main] DEBUG net.thucydides.core.steps.StepInterceptor -- STARTING STEP: UserInformationSteps.getHTTPRequestForUserInformationWithoutToken - I GET HTTP request for user information without token
01:28:14.938 [main] DEBUG net.thucydides.core.steps.StepInterceptor -- STARTING STEP: UserInformation.getHTTPRequestForUserInformationWithoutToken - I GET user information endpoints
01:28:14.938 [main] DEBUG net.thucydides.core.steps.StepInterceptor -- STEP DONE: I GET user information endpoints
01:28:14.941 [main] DEBUG org.apache.http.impl.conn.BasicClientConnectionManager -- Get connection for route {s}->https://altashop-api.fly.dev:443
01:28:14.941 [main] DEBUG org.apache.http.impl.conn.DefaultClientConnectionOperator -- Connecting to altashop-api.fly.dev:443
01:28:14.990 [main] DEBUG org.apache.http.client.protocol.RequestAddCookies -- CookieSpec selected: ignoreCookies
01:28:14.990 [main] DEBUG org.apache.http.client.protocol.RequestAuthCache -- Auth cache not set in the context
01:28:14.990 [main] DEBUG org.apache.http.client.protocol.RequestTargetAuthentication -- Target auth state: UNCHALLENGED
01:28:14.991 [main] DEBUG org.apache.http.client.protocol.RequestProxyAuthentication -- Proxy auth state: UNCHALLENGED
01:28:14.991 [main] DEBUG org.apache.http.impl.client.DefaultHttpClient -- Attempt 1 to execute request
01:28:14.991 [main] DEBUG org.apache.http.impl.conn.DefaultClientConnection -- Sending request: GET /api/auth/info HTTP/1.1
01:28:14.991 [main] DEBUG org.apache.http.wire --  >> "GET /api/auth/info HTTP/1.1[\r][\n]"
01:28:14.991 [main] DEBUG org.apache.http.wire --  >> "Accept: */*[\r][\n]"
01:28:14.991 [main] DEBUG org.apache.http.wire --  >> "Host: altashop-api.fly.dev[\r][\n]"
01:28:14.991 [main] DEBUG org.apache.http.wire --  >> "Connection: Keep-Alive[\r][\n]"
01:28:14.991 [main] DEBUG org.apache.http.wire --  >> "User-Agent: Apache-HttpClient/4.5.13 (Java/17.0.8)[\r][\n]"
01:28:14.991 [main] DEBUG org.apache.http.wire --  >> "Accept-Encoding: gzip,deflate[\r][\n]"
01:28:14.991 [main] DEBUG org.apache.http.wire --  >> "[\r][\n]"
01:28:14.991 [main] DEBUG org.apache.http.headers -- >> GET /api/auth/info HTTP/1.1
01:28:14.991 [main] DEBUG org.apache.http.headers -- >> Accept: */*
01:28:14.991 [main] DEBUG org.apache.http.headers -- >> Host: altashop-api.fly.dev
01:28:14.991 [main] DEBUG org.apache.http.headers -- >> Connection: Keep-Alive
01:28:14.991 [main] DEBUG org.apache.http.headers -- >> User-Agent: Apache-HttpClient/4.5.13 (Java/17.0.8)
01:28:14.991 [main] DEBUG org.apache.http.headers -- >> Accept-Encoding: gzip,deflate
01:28:15.014 [main] DEBUG org.apache.http.wire --  << "HTTP/1.1 401 Unauthorized[\r][\n]"
01:28:15.014 [main] DEBUG org.apache.http.wire --  << "content-type: application/json[\r][\n]"
01:28:15.014 [main] DEBUG org.apache.http.wire --  << "date: Thu, 02 Nov 2023 18:28:16 GMT[\r][\n]"
01:28:15.014 [main] DEBUG org.apache.http.wire --  << "content-encoding: gzip[\r][\n]"
01:28:15.014 [main] DEBUG org.apache.http.wire --  << "transfer-encoding: chunked[\r][\n]"
01:28:15.014 [main] DEBUG org.apache.http.wire --  << "server: Fly/7328d5b5 (2023-10-27)[\r][\n]"
01:28:15.014 [main] DEBUG org.apache.http.wire --  << "via: 1.1 fly.io[\r][\n]"
01:28:15.014 [main] DEBUG org.apache.http.wire --  << "fly-request-id: 01HE8MP31SW66CSNZDY2YTA7W5-sin[\r][\n]"
01:28:15.014 [main] DEBUG org.apache.http.wire --  << "[\r][\n]"
01:28:15.014 [main] DEBUG org.apache.http.impl.conn.DefaultClientConnection -- Receiving response: HTTP/1.1 401 Unauthorized
01:28:15.014 [main] DEBUG org.apache.http.headers -- << HTTP/1.1 401 Unauthorized
01:28:15.014 [main] DEBUG org.apache.http.headers -- << content-type: application/json
01:28:15.014 [main] DEBUG org.apache.http.headers -- << date: Thu, 02 Nov 2023 18:28:16 GMT
01:28:15.014 [main] DEBUG org.apache.http.headers -- << content-encoding: gzip
01:28:15.014 [main] DEBUG org.apache.http.headers -- << transfer-encoding: chunked
01:28:15.014 [main] DEBUG org.apache.http.headers -- << server: Fly/7328d5b5 (2023-10-27)
01:28:15.014 [main] DEBUG org.apache.http.headers -- << via: 1.1 fly.io
01:28:15.014 [main] DEBUG org.apache.http.headers -- << fly-request-id: 01HE8MP31SW66CSNZDY2YTA7W5-sin
01:28:15.014 [main] DEBUG org.apache.http.impl.client.DefaultHttpClient -- Connection can be kept alive indefinitely
01:28:15.014 [main] DEBUG org.apache.http.impl.client.DefaultHttpClient -- Authentication required
01:28:15.014 [main] DEBUG org.apache.http.impl.client.DefaultHttpClient -- altashop-api.fly.dev:443 requested authentication
01:28:15.014 [main] DEBUG org.apache.http.impl.client.DefaultHttpClient -- Response contains no authentication challenges
01:28:15.014 [main] DEBUG io.restassured.internal.RestAssuredHttpBuilder -- Parsing response as: application/json
01:28:15.014 [main] DEBUG org.apache.http.wire --  << "2D[\r][\n]"
01:28:15.014 [main] DEBUG org.apache.http.wire --  << "[0x1f][0x8b][0x8][0x0][0x0][0x0][0x0][0x0][0x4][0xff][0xab]VJ-*[0xca]/R[0xb2]R*[0xcd]K,-[0xc9][0xc8]/[0xca][0xac]JMQ[0xaa][0xe5][0x2][0x0]@[0x17]da[0x19][0x0][0x0][0x0]"
01:28:15.014 [main] DEBUG org.apache.http.wire --  << "[\r][\n]"
01:28:15.014 [main] DEBUG org.apache.http.wire --  << "0[\r][\n]"
01:28:15.014 [main] DEBUG org.apache.http.wire --  << "[\r][\n]"
01:28:15.014 [main] DEBUG io.restassured.internal.RestAssuredHttpBuilder -- Parsed data to instance of: class org.apache.http.conn.EofSensorInputStream
01:28:15.016 [main] DEBUG org.apache.http.impl.conn.BasicClientConnectionManager -- Releasing connection org.apache.http.impl.conn.ManagedClientConnectionImpl@59929512
01:28:15.016 [main] DEBUG org.apache.http.impl.conn.BasicClientConnectionManager -- Connection can be kept alive indefinitely
01:28:15.016 [main] DEBUG net.thucydides.core.steps.StepInterceptor -- STEP DONE: I GET HTTP request for user information without token
  &amp#27;[32mWhen &amp#27;[0m&amp#27;[32mI GET HTTP request for user information without token&amp#27;[0m                &amp#27;[90m# starter.stepdefinition.UserInformationSteps.getHTTPRequestForUserInformationWithoutToken()&amp#27;[0m
01:28:15.017 [main] DEBUG net.thucydides.core.steps.StepInterceptor -- STARTING STEP: UserInformationSteps.receiveResponseCode401ForUserInformationWithoutToken - I receive valid HTTP response 401 for user information without token
01:28:15.018 [main] DEBUG net.thucydides.core.steps.StepInterceptor -- STEP DONE: I receive valid HTTP response 401 for user information without token
  &amp#27;[32mThen &amp#27;[0m&amp#27;[32mI receive valid HTTP response 401 for user information without token&amp#27;[0m &amp#27;[90m# starter.stepdefinition.UserInformationSteps.receiveResponseCode401ForUserInformationWithoutToken()&amp#27;[0m
01:28:15.019 [main] INFO  -- 
  _____   ___   ___   _____     ___     _     ___   ___   ___   ___  
 |_   _| | __| / __| |_   _|   | _ \   /_\   / __| / __| | __| |   \ 
   | |   | _|  \__ \   | |     |  _/  / _ \  \__ \ \__ \ | _|  | |) |
   |_|   |___| |___/   |_|     |_|   /_/ \_\ |___/ |___/ |___| |___/ 

TC23 - Get user information without token
----------------------------------------------------------------------
]]></system-out>
  </testcase>
</testsuite>