<?xml version="1.0" encoding="UTF-8"?>
<testsuite xmlns:xsi="http://www.w3.org/2001/XMLSchema-instance" xsi:noNamespaceSchemaLocation="https://maven.apache.org/surefire/maven-failsafe-plugin/xsd/failsafe-test-report-3.0.xsd" version="3.0" name="starter.CucumberTestSuite" time="15.379" tests="67" errors="0" skipped="0" failures="1">
  <properties>
    <property name="java.specification.version" value="17"/>
    <property name="sun.cpu.isalist" value="amd64"/>
    <property name="sun.jnu.encoding" value="Cp1252"/>
    <property name="java.class.path" value="D:\TaksAlterra\MiniProject\MiniProject_API\target\test-classes;C:\Users\Lenovo\.m2\repository\net\serenity-bdd\serenity-core\3.6.12\serenity-core-3.6.12.jar;C:\Users\Lenovo\.m2\repository\net\serenity-bdd\serenity-model\3.6.12\serenity-model-3.6.12.jar;C:\Users\Lenovo\.m2\repository\org\apache\commons\commons-text\1.10.0\commons-text-1.10.0.jar;C:\Users\Lenovo\.m2\repository\commons-net\commons-net\3.9.0\commons-net-3.9.0.jar;C:\Users\Lenovo\.m2\repository\com\google\guava\guava\31.1-jre\guava-31.1-jre.jar;C:\Users\Lenovo\.m2\repository\com\google\guava\failureaccess\1.0.1\failureaccess-1.0.1.jar;C:\Users\Lenovo\.m2\repository\com\google\guava\listenablefuture\9999.0-empty-to-avoid-conflict-with-guava\listenablefuture-9999.0-empty-to-avoid-conflict-with-guava.jar;C:\Users\Lenovo\.m2\repository\com\google\code\findbugs\jsr305\3.0.2\jsr305-3.0.2.jar;C:\Users\Lenovo\.m2\repository\org\checkerframework\checker-qual\3.12.0\checker-qual-3.12.0.jar;C:\Users\Lenovo\.m2\repository\com\google\errorprone\error_prone_annotations\2.11.0\error_prone_annotations-2.11.0.jar;C:\Users\Lenovo\.m2\repository\com\google\j2objc\j2objc-annotations\1.3\j2objc-annotations-1.3.jar;C:\Users\Lenovo\.m2\repository\com\google\inject\guice\5.1.0\guice-5.1.0.jar;C:\Users\Lenovo\.m2\repository\javax\inject\javax.inject\1\javax.inject-1.jar;C:\Users\Lenovo\.m2\repository\aopalliance\aopalliance\1.0\aopalliance-1.0.jar;C:\Users\Lenovo\.m2\repository\org\jsoup\jsoup\1.14.3\jsoup-1.14.3.jar;C:\Users\Lenovo\.m2\repository\com\thoughtworks\xstream\xstream\1.4.20\xstream-1.4.20.jar;C:\Users\Lenovo\.m2\repository\io\github\x-stream\mxparser\1.2.2\mxparser-1.2.2.jar;C:\Users\Lenovo\.m2\repository\xmlpull\xmlpull\1.1.3.1\xmlpull-1.1.3.1.jar;C:\Users\Lenovo\.m2\repository\com\typesafe\config\1.4.2\config-1.4.2.jar;C:\Users\Lenovo\.m2\repository\org\imgscalr\imgscalr-lib\4.2\imgscalr-lib-4.2.jar;C:\Users\Lenovo\.m2\repository\org\awaitility\awaitility\4.2.0\awaitility-4.2.0.jar;C:\Users\Lenovo\.m2\repository\org\freemarker\freemarker\2.3.31\freemarker-2.3.31.jar;C:\Users\Lenovo\.m2\repository\io\github\classgraph\classgraph\4.8.138\classgraph-4.8.138.jar;C:\Users\Lenovo\.m2\repository\net\sourceforge\jexcelapi\jxl\2.6.12\jxl-2.6.12.jar;C:\Users\Lenovo\.m2\repository\net\bytebuddy\byte-buddy-agent\1.12.22\byte-buddy-agent-1.12.22.jar;C:\Users\Lenovo\.m2\repository\org\objenesis\objenesis\3.1\objenesis-3.1.jar;C:\Users\Lenovo\.m2\repository\net\serenity-bdd\serenity-reports\3.6.12\serenity-reports-3.6.12.jar;C:\Users\Lenovo\.m2\repository\net\serenity-bdd\serenity-stats\3.6.12\serenity-stats-3.6.12.jar;C:\Users\Lenovo\.m2\repository\net\serenity-bdd\serenity-reports-configuration\3.6.12\serenity-reports-configuration-3.6.12.jar;C:\Users\Lenovo\.m2\repository\com\vladsch\flexmark\flexmark-all\0.34.30\flexmark-all-0.34.30.jar;C:\Users\Lenovo\.m2\repository\com\vladsch\flexmark\flexmark\0.34.30\flexmark-0.34.30.jar;C:\Users\Lenovo\.m2\repository\com\vladsch\flexmark\flexmark-ext-abbreviation\0.34.30\flexmark-ext-abbreviation-0.34.30.jar;C:\Users\Lenovo\.m2\repository\com\vladsch\flexmark\flexmark-ext-admonition\0.34.30\flexmark-ext-admonition-0.34.30.jar;C:\Users\Lenovo\.m2\repository\com\vladsch\flexmark\flexmark-ext-anchorlink\0.34.30\flexmark-ext-anchorlink-0.34.30.jar;C:\Users\Lenovo\.m2\repository\com\vladsch\flexmark\flexmark-ext-aside\0.34.30\flexmark-ext-aside-0.34.30.jar;C:\Users\Lenovo\.m2\repository\com\vladsch\flexmark\flexmark-ext-attributes\0.34.30\flexmark-ext-attributes-0.34.30.jar;C:\Users\Lenovo\.m2\repository\com\vladsch\flexmark\flexmark-ext-autolink\0.34.30\flexmark-ext-autolink-0.34.30.jar;C:\Users\Lenovo\.m2\repository\org\nibor\autolink\autolink\0.6.0\autolink-0.6.0.jar;C:\Users\Lenovo\.m2\repository\com\vladsch\flexmark\flexmark-ext-definition\0.34.30\flexmark-ext-definition-0.34.30.jar;C:\Users\Lenovo\.m2\repository\com\vladsch\flexmark\flexmark-ext-emoji\0.34.30\flexmark-ext-emoji-0.34.30.jar;C:\Users\Lenovo\.m2\repository\com\vladsch\flexmark\flexmark-ext-enumerated-reference\0.34.30\flexmark-ext-enumerated-reference-0.34.30.jar;C:\Users\Lenovo\.m2\repository\com\vladsch\flexmark\flexmark-ext-escaped-character\0.34.30\flexmark-ext-escaped-character-0.34.30.jar;C:\Users\Lenovo\.m2\repository\com\vladsch\flexmark\flexmark-ext-footnotes\0.34.30\flexmark-ext-footnotes-0.34.30.jar;C:\Users\Lenovo\.m2\repository\com\vladsch\flexmark\flexmark-ext-gfm-issues\0.34.30\flexmark-ext-gfm-issues-0.34.30.jar;C:\Users\Lenovo\.m2\repository\com\vladsch\flexmark\flexmark-ext-gfm-strikethrough\0.34.30\flexmark-ext-gfm-strikethrough-0.34.30.jar;C:\Users\Lenovo\.m2\repository\com\vladsch\flexmark\flexmark-ext-gfm-tables\0.34.30\flexmark-ext-gfm-tables-0.34.30.jar;C:\Users\Lenovo\.m2\repository\com\vladsch\flexmark\flexmark-ext-gfm-tasklist\0.34.30\flexmark-ext-gfm-tasklist-0.34.30.jar;C:\Users\Lenovo\.m2\repository\com\vladsch\flexmark\flexmark-ext-gfm-users\0.34.30\flexmark-ext-gfm-users-0.34.30.jar;C:\Users\Lenovo\.m2\repository\com\vladsch\flexmark\flexmark-ext-gitlab\0.34.30\flexmark-ext-gitlab-0.34.30.jar;C:\Users\Lenovo\.m2\repository\com\vladsch\flexmark\flexmark-ext-jekyll-front-matter\0.34.30\flexmark-ext-jekyll-front-matter-0.34.30.jar;C:\Users\Lenovo\.m2\repository\com\vladsch\flexmark\flexmark-ext-jekyll-tag\0.34.30\flexmark-ext-jekyll-tag-0.34.30.jar;C:\Users\Lenovo\.m2\repository\com\vladsch\flexmark\flexmark-ext-media-tags\0.34.30\flexmark-ext-media-tags-0.34.30.jar;C:\Users\Lenovo\.m2\repository\com\vladsch\flexmark\flexmark-test-util\0.34.30\flexmark-test-util-0.34.30.jar;C:\Users\Lenovo\.m2\repository\com\vladsch\flexmark\flexmark-ext-ins\0.34.30\flexmark-ext-ins-0.34.30.jar;C:\Users\Lenovo\.m2\repository\com\vladsch\flexmark\flexmark-ext-xwiki-macros\0.34.30\flexmark-ext-xwiki-macros-0.34.30.jar;C:\Users\Lenovo\.m2\repository\com\vladsch\flexmark\flexmark-ext-superscript\0.34.30\flexmark-ext-superscript-0.34.30.jar;C:\Users\Lenovo\.m2\repository\com\vladsch\flexmark\flexmark-ext-tables\0.34.30\flexmark-ext-tables-0.34.30.jar;C:\Users\Lenovo\.m2\repository\com\vladsch\flexmark\flexmark-ext-toc\0.34.30\flexmark-ext-toc-0.34.30.jar;C:\Users\Lenovo\.m2\repository\com\vladsch\flexmark\flexmark-ext-typographic\0.34.30\flexmark-ext-typographic-0.34.30.jar;C:\Users\Lenovo\.m2\repository\com\vladsch\flexmark\flexmark-ext-wikilink\0.34.30\flexmark-ext-wikilink-0.34.30.jar;C:\Users\Lenovo\.m2\repository\com\vladsch\flexmark\flexmark-ext-yaml-front-matter\0.34.30\flexmark-ext-yaml-front-matter-0.34.30.jar;C:\Users\Lenovo\.m2\repository\com\vladsch\flexmark\flexmark-ext-youtube-embedded\0.34.30\flexmark-ext-youtube-embedded-0.34.30.jar;C:\Users\Lenovo\.m2\repository\com\vladsch\flexmark\flexmark-formatter\0.34.30\flexmark-formatter-0.34.30.jar;C:\Users\Lenovo\.m2\repository\com\vladsch\flexmark\flexmark-html-parser\0.34.30\flexmark-html-parser-0.34.30.jar;C:\Users\Lenovo\.m2\repository\com\vladsch\flexmark\flexmark-jira-converter\0.34.30\flexmark-jira-converter-0.34.30.jar;C:\Users\Lenovo\.m2\repository\com\vladsch\flexmark\flexmark-pdf-converter\0.34.30\flexmark-pdf-converter-0.34.30.jar;C:\Users\Lenovo\.m2\repository\com\openhtmltopdf\openhtmltopdf-core\0.0.1-RC13\openhtmltopdf-core-0.0.1-RC13.jar;C:\Users\Lenovo\.m2\repository\com\openhtmltopdf\openhtmltopdf-pdfbox\0.0.1-RC13\openhtmltopdf-pdfbox-0.0.1-RC13.jar;C:\Users\Lenovo\.m2\repository\org\apache\pdfbox\pdfbox\2.0.8\pdfbox-2.0.8.jar;C:\Users\Lenovo\.m2\repository\org\apache\pdfbox\fontbox\2.0.8\fontbox-2.0.8.jar;C:\Users\Lenovo\.m2\repository\org\apache\pdfbox\xmpbox\2.0.8\xmpbox-2.0.8.jar;C:\Users\Lenovo\.m2\repository\de\rototor\pdfbox\graphics2d\0.12\graphics2d-0.12.jar;C:\Users\Lenovo\.m2\repository\com\openhtmltopdf\openhtmltopdf-rtl-support\0.0.1-RC13\openhtmltopdf-rtl-support-0.0.1-RC13.jar;C:\Users\Lenovo\.m2\repository\com\ibm\icu\icu4j\59.1\icu4j-59.1.jar;C:\Users\Lenovo\.m2\repository\com\openhtmltopdf\openhtmltopdf-jsoup-dom-converter\0.0.1-RC13\openhtmltopdf-jsoup-dom-converter-0.0.1-RC13.jar;C:\Users\Lenovo\.m2\repository\com\vladsch\flexmark\flexmark-profile-pegdown\0.34.30\flexmark-profile-pegdown-0.34.30.jar;C:\Users\Lenovo\.m2\repository\com\vladsch\flexmark\flexmark-util\0.34.30\flexmark-util-0.34.30.jar;C:\Users\Lenovo\.m2\repository\com\vladsch\flexmark\flexmark-youtrack-converter\0.34.30\flexmark-youtrack-converter-0.34.30.jar;C:\Users\Lenovo\.m2\repository\es\nitaur\markdown\txtmark\0.16\txtmark-0.16.jar;C:\Users\Lenovo\.m2\repository\net\serenity-bdd\serenity-report-resources\3.6.12\serenity-report-resources-3.6.12.jar;C:\Users\Lenovo\.m2\repository\com\google\code\gson\gson\2.9.0\gson-2.9.0.jar;C:\Users\Lenovo\.m2\repository\com\fasterxml\jackson\core\jackson-core\2.14.2\jackson-core-2.14.2.jar;C:\Users\Lenovo\.m2\repository\com\fasterxml\jackson\core\jackson-databind\2.14.2\jackson-databind-2.14.2.jar;C:\Users\Lenovo\.m2\repository\com\fasterxml\jackson\core\jackson-annotations\2.14.2\jackson-annotations-2.14.2.jar;C:\Users\Lenovo\.m2\repository\commons-codec\commons-codec\1.15\commons-codec-1.15.jar;C:\Users\Lenovo\.m2\repository\commons-io\commons-io\2.11.0\commons-io-2.11.0.jar;C:\Users\Lenovo\.m2\repository\org\apache\httpcomponents\httpclient\4.5.13\httpclient-4.5.13.jar;C:\Users\Lenovo\.m2\repository\org\apache\httpcomponents\httpcore\4.4.13\httpcore-4.4.13.jar;C:\Users\Lenovo\.m2\repository\commons-logging\commons-logging\1.2\commons-logging-1.2.jar;C:\Users\Lenovo\.m2\repository\org\seleniumhq\selenium\selenium-java\4.8.0\selenium-java-4.8.0.jar;C:\Users\Lenovo\.m2\repository\org\seleniumhq\selenium\selenium-devtools-v107\4.8.0\selenium-devtools-v107-4.8.0.jar;C:\Users\Lenovo\.m2\repository\org\seleniumhq\selenium\selenium-devtools-v108\4.8.0\selenium-devtools-v108-4.8.0.jar;C:\Users\Lenovo\.m2\repository\org\seleniumhq\selenium\selenium-devtools-v109\4.8.0\selenium-devtools-v109-4.8.0.jar;C:\Users\Lenovo\.m2\repository\org\seleniumhq\selenium\selenium-devtools-v85\4.8.0\selenium-devtools-v85-4.8.0.jar;C:\Users\Lenovo\.m2\repository\org\seleniumhq\selenium\selenium-remote-driver\4.8.0\selenium-remote-driver-4.8.0.jar;C:\Users\Lenovo\.m2\repository\io\netty\netty-buffer\4.1.87.Final\netty-buffer-4.1.87.Final.jar;C:\Users\Lenovo\.m2\repository\io\netty\netty-codec-http\4.1.87.Final\netty-codec-http-4.1.87.Final.jar;C:\Users\Lenovo\.m2\repository\io\netty\netty-codec\4.1.87.Final\netty-codec-4.1.87.Final.jar;C:\Users\Lenovo\.m2\repository\io\netty\netty-handler\4.1.87.Final\netty-handler-4.1.87.Final.jar;C:\Users\Lenovo\.m2\repository\io\netty\netty-common\4.1.87.Final\netty-common-4.1.87.Final.jar;C:\Users\Lenovo\.m2\repository\io\netty\netty-transport-classes-epoll\4.1.87.Final\netty-transport-classes-epoll-4.1.87.Final.jar;C:\Users\Lenovo\.m2\repository\io\netty\netty-transport-classes-kqueue\4.1.87.Final\netty-transport-classes-kqueue-4.1.87.Final.jar;C:\Users\Lenovo\.m2\repository\io\netty\netty-transport-native-epoll\4.1.87.Final\netty-transport-native-epoll-4.1.87.Final.jar;C:\Users\Lenovo\.m2\repository\io\netty\netty-transport-native-kqueue\4.1.87.Final\netty-transport-native-kqueue-4.1.87.Final.jar;C:\Users\Lenovo\.m2\repository\io\netty\netty-transport-native-unix-common\4.1.87.Final\netty-transport-native-unix-common-4.1.87.Final.jar;C:\Users\Lenovo\.m2\repository\io\netty\netty-transport\4.1.87.Final\netty-transport-4.1.87.Final.jar;C:\Users\Lenovo\.m2\repository\io\netty\netty-resolver\4.1.87.Final\netty-resolver-4.1.87.Final.jar;C:\Users\Lenovo\.m2\repository\io\opentelemetry\opentelemetry-api\1.22.0\opentelemetry-api-1.22.0.jar;C:\Users\Lenovo\.m2\repository\io\opentelemetry\opentelemetry-context\1.22.0\opentelemetry-context-1.22.0.jar;C:\Users\Lenovo\.m2\repository\io\opentelemetry\opentelemetry-exporter-logging\1.22.0\opentelemetry-exporter-logging-1.22.0.jar;C:\Users\Lenovo\.m2\repository\io\opentelemetry\opentelemetry-sdk-metrics\1.22.0\opentelemetry-sdk-metrics-1.22.0.jar;C:\Users\Lenovo\.m2\repository\io\opentelemetry\opentelemetry-sdk-logs\1.22.0-alpha\opentelemetry-sdk-logs-1.22.0-alpha.jar;C:\Users\Lenovo\.m2\repository\io\opentelemetry\opentelemetry-api-logs\1.22.0-alpha\opentelemetry-api-logs-1.22.0-alpha.jar;C:\Users\Lenovo\.m2\repository\io\opentelemetry\opentelemetry-sdk-common\1.22.0\opentelemetry-sdk-common-1.22.0.jar;C:\Users\Lenovo\.m2\repository\io\opentelemetry\opentelemetry-sdk-extension-autoconfigure-spi\1.22.0\opentelemetry-sdk-extension-autoconfigure-spi-1.22.0.jar;C:\Users\Lenovo\.m2\repository\io\opentelemetry\opentelemetry-sdk-extension-autoconfigure\1.22.0-alpha\opentelemetry-sdk-extension-autoconfigure-1.22.0-alpha.jar;C:\Users\Lenovo\.m2\repository\io\opentelemetry\opentelemetry-sdk-trace\1.22.0\opentelemetry-sdk-trace-1.22.0.jar;C:\Users\Lenovo\.m2\repository\io\opentelemetry\opentelemetry-sdk\1.22.0\opentelemetry-sdk-1.22.0.jar;C:\Users\Lenovo\.m2\repository\io\opentelemetry\opentelemetry-semconv\1.22.0-alpha\opentelemetry-semconv-1.22.0-alpha.jar;C:\Users\Lenovo\.m2\repository\io\ous\jtoml\2.0.0\jtoml-2.0.0.jar;C:\Users\Lenovo\.m2\repository\org\apache\commons\commons-exec\1.3\commons-exec-1.3.jar;C:\Users\Lenovo\.m2\repository\org\asynchttpclient\async-http-client\2.12.3\async-http-client-2.12.3.jar;C:\Users\Lenovo\.m2\repository\org\asynchttpclient\async-http-client-netty-utils\2.12.3\async-http-client-netty-utils-2.12.3.jar;C:\Users\Lenovo\.m2\repository\io\netty\netty-codec-socks\4.1.60.Final\netty-codec-socks-4.1.60.Final.jar;C:\Users\Lenovo\.m2\repository\io\netty\netty-handler-proxy\4.1.60.Final\netty-handler-proxy-4.1.60.Final.jar;C:\Users\Lenovo\.m2\repository\io\netty\netty-transport-native-epoll\4.1.60.Final\netty-transport-native-epoll-4.1.60.Final-linux-x86_64.jar;C:\Users\Lenovo\.m2\repository\io\netty\netty-transport-native-kqueue\4.1.60.Final\netty-transport-native-kqueue-4.1.60.Final-osx-x86_64.jar;C:\Users\Lenovo\.m2\repository\org\reactivestreams\reactive-streams\1.0.3\reactive-streams-1.0.3.jar;C:\Users\Lenovo\.m2\repository\com\typesafe\netty\netty-reactive-streams\2.0.4\netty-reactive-streams-2.0.4.jar;C:\Users\Lenovo\.m2\repository\org\seleniumhq\selenium\selenium-manager\4.8.0\selenium-manager-4.8.0.jar;C:\Users\Lenovo\.m2\repository\org\seleniumhq\selenium\selenium-safari-driver\4.8.0\selenium-safari-driver-4.8.0.jar;C:\Users\Lenovo\.m2\repository\org\seleniumhq\selenium\selenium-api\4.8.0\selenium-api-4.8.0.jar;C:\Users\Lenovo\.m2\repository\org\seleniumhq\selenium\selenium-support\4.8.0\selenium-support-4.8.0.jar;C:\Users\Lenovo\.m2\repository\com\google\auto\service\auto-service-annotations\1.0.1\auto-service-annotations-1.0.1.jar;C:\Users\Lenovo\.m2\repository\com\google\auto\service\auto-service\1.0.1\auto-service-1.0.1.jar;C:\Users\Lenovo\.m2\repository\com\google\auto\auto-common\1.2\auto-common-1.2.jar;C:\Users\Lenovo\.m2\repository\org\seleniumhq\selenium\selenium-json\4.8.0\selenium-json-4.8.0.jar;C:\Users\Lenovo\.m2\repository\org\seleniumhq\selenium\selenium-chrome-driver\4.8.0\selenium-chrome-driver-4.8.0.jar;C:\Users\Lenovo\.m2\repository\org\seleniumhq\selenium\selenium-chromium-driver\4.8.0\selenium-chromium-driver-4.8.0.jar;C:\Users\Lenovo\.m2\repository\org\seleniumhq\selenium\selenium-firefox-driver\4.8.0\selenium-firefox-driver-4.8.0.jar;C:\Users\Lenovo\.m2\repository\org\seleniumhq\selenium\selenium-http\4.8.0\selenium-http-4.8.0.jar;C:\Users\Lenovo\.m2\repository\dev\failsafe\failsafe\3.3.0\failsafe-3.3.0.jar;C:\Users\Lenovo\.m2\repository\org\seleniumhq\selenium\selenium-edge-driver\4.8.0\selenium-edge-driver-4.8.0.jar;C:\Users\Lenovo\.m2\repository\org\seleniumhq\selenium\selenium-ie-driver\4.8.0\selenium-ie-driver-4.8.0.jar;C:\Users\Lenovo\.m2\repository\org\projectlombok\lombok\1.18.20\lombok-1.18.20.jar;C:\Users\Lenovo\.m2\repository\io\appium\java-client\8.3.0\java-client-8.3.0.jar;C:\Users\Lenovo\.m2\repository\commons-validator\commons-validator\1.7\commons-validator-1.7.jar;C:\Users\Lenovo\.m2\repository\commons-digester\commons-digester\2.1\commons-digester-2.1.jar;C:\Users\Lenovo\.m2\repository\org\apache\groovy\groovy\4.0.6\groovy-4.0.6.jar;C:\Users\Lenovo\.m2\repository\net\sf\opencsv\opencsv\2.0\opencsv-2.0.jar;C:\Users\Lenovo\.m2\repository\commons-beanutils\commons-beanutils\1.9.4\commons-beanutils-1.9.4.jar;C:\Users\Lenovo\.m2\repository\org\apache\commons\commons-lang3\3.12.0\commons-lang3-3.12.0.jar;C:\Users\Lenovo\.m2\repository\commons-collections\commons-collections\3.2.2\commons-collections-3.2.2.jar;C:\Users\Lenovo\.m2\repository\org\fluentlenium\fluentlenium-core\0.10.2\fluentlenium-core-0.10.2.jar;C:\Users\Lenovo\.m2\repository\io\github\bonigarcia\webdrivermanager\5.3.0\webdrivermanager-5.3.0.jar;C:\Users\Lenovo\.m2\repository\com\github\docker-java\docker-java\3.2.13\docker-java-3.2.13.jar;C:\Users\Lenovo\.m2\repository\com\github\docker-java\docker-java-core\3.2.13\docker-java-core-3.2.13.jar;C:\Users\Lenovo\.m2\repository\com\github\docker-java\docker-java-api\3.2.13\docker-java-api-3.2.13.jar;C:\Users\Lenovo\.m2\repository\org\apache\commons\commons-compress\1.21\commons-compress-1.21.jar;C:\Users\Lenovo\.m2\repository\org\bouncycastle\bcpkix-jdk15on\1.64\bcpkix-jdk15on-1.64.jar;C:\Users\Lenovo\.m2\repository\org\bouncycastle\bcprov-jdk15on\1.64\bcprov-jdk15on-1.64.jar;C:\Users\Lenovo\.m2\repository\org\slf4j\jcl-over-slf4j\1.7.30\jcl-over-slf4j-1.7.30.jar;C:\Users\Lenovo\.m2\repository\com\github\docker-java\docker-java-transport-httpclient5\3.2.13\docker-java-transport-httpclient5-3.2.13.jar;C:\Users\Lenovo\.m2\repository\com\github\docker-java\docker-java-transport\3.2.13\docker-java-transport-3.2.13.jar;C:\Users\Lenovo\.m2\repository\net\java\dev\jna\jna\5.8.0\jna-5.8.0.jar;C:\Users\Lenovo\.m2\repository\org\brotli\dec\0.1.2\dec-0.1.2.jar;C:\Users\Lenovo\.m2\repository\org\apache\httpcomponents\client5\httpclient5\5.1.3\httpclient5-5.1.3.jar;C:\Users\Lenovo\.m2\repository\org\apache\httpcomponents\core5\httpcore5\5.1.3\httpcore5-5.1.3.jar;C:\Users\Lenovo\.m2\repository\org\apache\httpcomponents\core5\httpcore5-h2\5.1.3\httpcore5-h2-5.1.3.jar;C:\Users\Lenovo\.m2\repository\com\jhlabs\filters\2.0.235\filters-2.0.235.jar;C:\Users\Lenovo\.m2\repository\com\paulhammant\ngwebdriver\1.1.6\ngwebdriver-1.1.6.jar;C:\Users\Lenovo\.m2\repository\joda-time\joda-time\2.8.2\joda-time-2.8.2.jar;C:\Users\Lenovo\.m2\repository\org\hamcrest\hamcrest\2.2\hamcrest-2.2.jar;C:\Users\Lenovo\.m2\repository\com\google\jimfs\jimfs\1.2\jimfs-1.2.jar;C:\Users\Lenovo\.m2\repository\org\mockito\mockito-core\3.3.3\mockito-core-3.3.3.jar;C:\Users\Lenovo\.m2\repository\javax\xml\bind\jaxb-api\2.3.1\jaxb-api-2.3.1.jar;C:\Users\Lenovo\.m2\repository\javax\activation\javax.activation-api\1.2.0\javax.activation-api-1.2.0.jar;C:\Users\Lenovo\.m2\repository\com\sun\xml\bind\jaxb-core\2.3.0.1\jaxb-core-2.3.0.1.jar;C:\Users\Lenovo\.m2\repository\com\sun\xml\bind\jaxb-impl\2.3.3\jaxb-impl-2.3.3.jar;C:\Users\Lenovo\.m2\repository\jakarta\xml\bind\jakarta.xml.bind-api\2.3.3\jakarta.xml.bind-api-2.3.3.jar;C:\Users\Lenovo\.m2\repository\com\sun\activation\jakarta.activation\1.2.2\jakarta.activation-1.2.2.jar;C:\Users\Lenovo\.m2\repository\javax\activation\activation\1.1.1\activation-1.1.1.jar;C:\Users\Lenovo\.m2\repository\net\serenity-bdd\serenity-rest-assured\3.6.12\serenity-rest-assured-3.6.12.jar;C:\Users\Lenovo\.m2\repository\io\rest-assured\rest-assured\5.2.0\rest-assured-5.2.0.jar;C:\Users\Lenovo\.m2\repository\org\apache\httpcomponents\httpmime\4.5.13\httpmime-4.5.13.jar;C:\Users\Lenovo\.m2\repository\org\ccil\cowan\tagsoup\tagsoup\1.2.1\tagsoup-1.2.1.jar;C:\Users\Lenovo\.m2\repository\io\rest-assured\json-path\5.2.0\json-path-5.2.0.jar;C:\Users\Lenovo\.m2\repository\io\rest-assured\rest-assured-common\5.2.0\rest-assured-common-5.2.0.jar;C:\Users\Lenovo\.m2\repository\io\rest-assured\xml-path\5.2.0\xml-path-5.2.0.jar;C:\Users\Lenovo\.m2\repository\org\apache\groovy\groovy-json\4.0.6\groovy-json-4.0.6.jar;C:\Users\Lenovo\.m2\repository\org\apache\groovy\groovy-xml\4.0.6\groovy-xml-4.0.6.jar;C:\Users\Lenovo\.m2\repository\org\opentest4j\opentest4j\1.2.0\opentest4j-1.2.0.jar;C:\Users\Lenovo\.m2\repository\net\serenity-bdd\serenity-cucumber\3.6.12\serenity-cucumber-3.6.12.jar;C:\Users\Lenovo\.m2\repository\io\cucumber\cucumber-core\7.11.0\cucumber-core-7.11.0.jar;C:\Users\Lenovo\.m2\repository\io\cucumber\cucumber-gherkin\7.11.0\cucumber-gherkin-7.11.0.jar;C:\Users\Lenovo\.m2\repository\io\cucumber\cucumber-gherkin-messages\7.11.0\cucumber-gherkin-messages-7.11.0.jar;C:\Users\Lenovo\.m2\repository\io\cucumber\gherkin\26.0.3\gherkin-26.0.3.jar;C:\Users\Lenovo\.m2\repository\io\cucumber\messages\21.0.1\messages-21.0.1.jar;C:\Users\Lenovo\.m2\repository\io\cucumber\tag-expressions\5.0.1\tag-expressions-5.0.1.jar;C:\Users\Lenovo\.m2\repository\io\cucumber\cucumber-expressions\16.1.1\cucumber-expressions-16.1.1.jar;C:\Users\Lenovo\.m2\repository\io\cucumber\datatable\7.11.0\datatable-7.11.0.jar;C:\Users\Lenovo\.m2\repository\io\cucumber\cucumber-plugin\7.11.0\cucumber-plugin-7.11.0.jar;C:\Users\Lenovo\.m2\repository\io\cucumber\docstring\7.11.0\docstring-7.11.0.jar;C:\Users\Lenovo\.m2\repository\io\cucumber\html-formatter\20.2.1\html-formatter-20.2.1.jar;C:\Users\Lenovo\.m2\repository\io\cucumber\junit-xml-formatter\0.1.0\junit-xml-formatter-0.1.0.jar;C:\Users\Lenovo\.m2\repository\io\cucumber\ci-environment\9.1.0\ci-environment-9.1.0.jar;C:\Users\Lenovo\.m2\repository\io\cucumber\cucumber-java\7.11.0\cucumber-java-7.11.0.jar;C:\Users\Lenovo\.m2\repository\io\cucumber\cucumber-junit\7.11.0\cucumber-junit-7.11.0.jar;C:\Users\Lenovo\.m2\repository\org\apache\commons\commons-csv\1.5\commons-csv-1.5.jar;C:\Users\Lenovo\.m2\repository\net\serenity-bdd\serenity-screenplay\3.6.12\serenity-screenplay-3.6.12.jar;C:\Users\Lenovo\.m2\repository\net\serenity-bdd\serenity-screenplay-webdriver\3.6.12\serenity-screenplay-webdriver-3.6.12.jar;C:\Users\Lenovo\.m2\repository\net\serenity-bdd\serenity-ensure\3.6.12\serenity-ensure-3.6.12.jar;C:\Users\Lenovo\.m2\repository\net\serenity-bdd\serenity-junit\3.6.12\serenity-junit-3.6.12.jar;C:\Users\Lenovo\.m2\repository\org\jetbrains\kotlin\kotlin-stdlib\1.7.21\kotlin-stdlib-1.7.21.jar;C:\Users\Lenovo\.m2\repository\org\jetbrains\kotlin\kotlin-stdlib-common\1.7.21\kotlin-stdlib-common-1.7.21.jar;C:\Users\Lenovo\.m2\repository\org\jetbrains\annotations\13.0\annotations-13.0.jar;C:\Users\Lenovo\.m2\repository\org\junit\platform\junit-platform-launcher\1.9.2\junit-platform-launcher-1.9.2.jar;C:\Users\Lenovo\.m2\repository\org\junit\platform\junit-platform-engine\1.9.2\junit-platform-engine-1.9.2.jar;C:\Users\Lenovo\.m2\repository\org\junit\platform\junit-platform-commons\1.9.2\junit-platform-commons-1.9.2.jar;C:\Users\Lenovo\.m2\repository\org\apiguardian\apiguardian-api\1.1.2\apiguardian-api-1.1.2.jar;C:\Users\Lenovo\.m2\repository\org\junit\jupiter\junit-jupiter-engine\5.9.2\junit-jupiter-engine-5.9.2.jar;C:\Users\Lenovo\.m2\repository\org\junit\jupiter\junit-jupiter-api\5.9.2\junit-jupiter-api-5.9.2.jar;C:\Users\Lenovo\.m2\repository\org\junit\vintage\junit-vintage-engine\5.9.2\junit-vintage-engine-5.9.2.jar;C:\Users\Lenovo\.m2\repository\junit\junit\4.13.2\junit-4.13.2.jar;C:\Users\Lenovo\.m2\repository\org\hamcrest\hamcrest-core\1.3\hamcrest-core-1.3.jar;C:\Users\Lenovo\.m2\repository\ch\qos\logback\logback-classic\1.4.6\logback-classic-1.4.6.jar;C:\Users\Lenovo\.m2\repository\ch\qos\logback\logback-core\1.4.6\logback-core-1.4.6.jar;C:\Users\Lenovo\.m2\repository\org\slf4j\slf4j-api\2.0.4\slf4j-api-2.0.4.jar;C:\Users\Lenovo\.m2\repository\org\assertj\assertj-core\3.24.2\assertj-core-3.24.2.jar;C:\Users\Lenovo\.m2\repository\net\bytebuddy\byte-buddy\1.12.21\byte-buddy-1.12.21.jar;C:\Users\Lenovo\.m2\repository\com\googlecode\json-simple\json-simple\1.1.1\json-simple-1.1.1.jar;C:\Users\Lenovo\.m2\repository\org\testng\testng\7.7.0\testng-7.7.0.jar;C:\Users\Lenovo\.m2\repository\com\beust\jcommander\1.82\jcommander-1.82.jar;C:\Users\Lenovo\.m2\repository\org\webjars\jquery\3.6.1\jquery-3.6.1.jar;"/>
    <property name="java.vm.vendor" value="Oracle Corporation"/>
    <property name="sun.arch.data.model" value="64"/>
    <property name="user.variant" value=""/>
    <property name="java.vendor.url" value="https://java.oracle.com/"/>
    <property name="user.timezone" value="Asia/Bangkok"/>
    <property name="os.name" value="Windows 11"/>
    <property name="java.vm.specification.version" value="17"/>
    <property name="sun.java.launcher" value="SUN_STANDARD"/>
    <property name="user.country" value="US"/>
    <property name="sun.boot.library.path" value="C:\Program Files\Java\jdk-17\bin"/>
    <property name="sun.java.command" value="org.apache.maven.surefire.booter.ForkedBooter C:\Users\Lenovo\AppData\Local\Temp\surefire7273901639942554969 2023-10-31T04-37-18_420-jvmRun1 surefire16256451357239247154tmp surefire_016964361345880007327tmp"/>
    <property name="jdk.debug" value="release"/>
    <property name="surefire.test.class.path" value="D:\TaksAlterra\MiniProject\MiniProject_API\target\test-classes;C:\Users\Lenovo\.m2\repository\net\serenity-bdd\serenity-core\3.6.12\serenity-core-3.6.12.jar;C:\Users\Lenovo\.m2\repository\net\serenity-bdd\serenity-model\3.6.12\serenity-model-3.6.12.jar;C:\Users\Lenovo\.m2\repository\org\apache\commons\commons-text\1.10.0\commons-text-1.10.0.jar;C:\Users\Lenovo\.m2\repository\commons-net\commons-net\3.9.0\commons-net-3.9.0.jar;C:\Users\Lenovo\.m2\repository\com\google\guava\guava\31.1-jre\guava-31.1-jre.jar;C:\Users\Lenovo\.m2\repository\com\google\guava\failureaccess\1.0.1\failureaccess-1.0.1.jar;C:\Users\Lenovo\.m2\repository\com\google\guava\listenablefuture\9999.0-empty-to-avoid-conflict-with-guava\listenablefuture-9999.0-empty-to-avoid-conflict-with-guava.jar;C:\Users\Lenovo\.m2\repository\com\google\code\findbugs\jsr305\3.0.2\jsr305-3.0.2.jar;C:\Users\Lenovo\.m2\repository\org\checkerframework\checker-qual\3.12.0\checker-qual-3.12.0.jar;C:\Users\Lenovo\.m2\repository\com\google\errorprone\error_prone_annotations\2.11.0\error_prone_annotations-2.11.0.jar;C:\Users\Lenovo\.m2\repository\com\google\j2objc\j2objc-annotations\1.3\j2objc-annotations-1.3.jar;C:\Users\Lenovo\.m2\repository\com\google\inject\guice\5.1.0\guice-5.1.0.jar;C:\Users\Lenovo\.m2\repository\javax\inject\javax.inject\1\javax.inject-1.jar;C:\Users\Lenovo\.m2\repository\aopalliance\aopalliance\1.0\aopalliance-1.0.jar;C:\Users\Lenovo\.m2\repository\org\jsoup\jsoup\1.14.3\jsoup-1.14.3.jar;C:\Users\Lenovo\.m2\repository\com\thoughtworks\xstream\xstream\1.4.20\xstream-1.4.20.jar;C:\Users\Lenovo\.m2\repository\io\github\x-stream\mxparser\1.2.2\mxparser-1.2.2.jar;C:\Users\Lenovo\.m2\repository\xmlpull\xmlpull\1.1.3.1\xmlpull-1.1.3.1.jar;C:\Users\Lenovo\.m2\repository\com\typesafe\config\1.4.2\config-1.4.2.jar;C:\Users\Lenovo\.m2\repository\org\imgscalr\imgscalr-lib\4.2\imgscalr-lib-4.2.jar;C:\Users\Lenovo\.m2\repository\org\awaitility\awaitility\4.2.0\awaitility-4.2.0.jar;C:\Users\Lenovo\.m2\repository\org\freemarker\freemarker\2.3.31\freemarker-2.3.31.jar;C:\Users\Lenovo\.m2\repository\io\github\classgraph\classgraph\4.8.138\classgraph-4.8.138.jar;C:\Users\Lenovo\.m2\repository\net\sourceforge\jexcelapi\jxl\2.6.12\jxl-2.6.12.jar;C:\Users\Lenovo\.m2\repository\net\bytebuddy\byte-buddy-agent\1.12.22\byte-buddy-agent-1.12.22.jar;C:\Users\Lenovo\.m2\repository\org\objenesis\objenesis\3.1\objenesis-3.1.jar;C:\Users\Lenovo\.m2\repository\net\serenity-bdd\serenity-reports\3.6.12\serenity-reports-3.6.12.jar;C:\Users\Lenovo\.m2\repository\net\serenity-bdd\serenity-stats\3.6.12\serenity-stats-3.6.12.jar;C:\Users\Lenovo\.m2\repository\net\serenity-bdd\serenity-reports-configuration\3.6.12\serenity-reports-configuration-3.6.12.jar;C:\Users\Lenovo\.m2\repository\com\vladsch\flexmark\flexmark-all\0.34.30\flexmark-all-0.34.30.jar;C:\Users\Lenovo\.m2\repository\com\vladsch\flexmark\flexmark\0.34.30\flexmark-0.34.30.jar;C:\Users\Lenovo\.m2\repository\com\vladsch\flexmark\flexmark-ext-abbreviation\0.34.30\flexmark-ext-abbreviation-0.34.30.jar;C:\Users\Lenovo\.m2\repository\com\vladsch\flexmark\flexmark-ext-admonition\0.34.30\flexmark-ext-admonition-0.34.30.jar;C:\Users\Lenovo\.m2\repository\com\vladsch\flexmark\flexmark-ext-anchorlink\0.34.30\flexmark-ext-anchorlink-0.34.30.jar;C:\Users\Lenovo\.m2\repository\com\vladsch\flexmark\flexmark-ext-aside\0.34.30\flexmark-ext-aside-0.34.30.jar;C:\Users\Lenovo\.m2\repository\com\vladsch\flexmark\flexmark-ext-attributes\0.34.30\flexmark-ext-attributes-0.34.30.jar;C:\Users\Lenovo\.m2\repository\com\vladsch\flexmark\flexmark-ext-autolink\0.34.30\flexmark-ext-autolink-0.34.30.jar;C:\Users\Lenovo\.m2\repository\org\nibor\autolink\autolink\0.6.0\autolink-0.6.0.jar;C:\Users\Lenovo\.m2\repository\com\vladsch\flexmark\flexmark-ext-definition\0.34.30\flexmark-ext-definition-0.34.30.jar;C:\Users\Lenovo\.m2\repository\com\vladsch\flexmark\flexmark-ext-emoji\0.34.30\flexmark-ext-emoji-0.34.30.jar;C:\Users\Lenovo\.m2\repository\com\vladsch\flexmark\flexmark-ext-enumerated-reference\0.34.30\flexmark-ext-enumerated-reference-0.34.30.jar;C:\Users\Lenovo\.m2\repository\com\vladsch\flexmark\flexmark-ext-escaped-character\0.34.30\flexmark-ext-escaped-character-0.34.30.jar;C:\Users\Lenovo\.m2\repository\com\vladsch\flexmark\flexmark-ext-footnotes\0.34.30\flexmark-ext-footnotes-0.34.30.jar;C:\Users\Lenovo\.m2\repository\com\vladsch\flexmark\flexmark-ext-gfm-issues\0.34.30\flexmark-ext-gfm-issues-0.34.30.jar;C:\Users\Lenovo\.m2\repository\com\vladsch\flexmark\flexmark-ext-gfm-strikethrough\0.34.30\flexmark-ext-gfm-strikethrough-0.34.30.jar;C:\Users\Lenovo\.m2\repository\com\vladsch\flexmark\flexmark-ext-gfm-tables\0.34.30\flexmark-ext-gfm-tables-0.34.30.jar;C:\Users\Lenovo\.m2\repository\com\vladsch\flexmark\flexmark-ext-gfm-tasklist\0.34.30\flexmark-ext-gfm-tasklist-0.34.30.jar;C:\Users\Lenovo\.m2\repository\com\vladsch\flexmark\flexmark-ext-gfm-users\0.34.30\flexmark-ext-gfm-users-0.34.30.jar;C:\Users\Lenovo\.m2\repository\com\vladsch\flexmark\flexmark-ext-gitlab\0.34.30\flexmark-ext-gitlab-0.34.30.jar;C:\Users\Lenovo\.m2\repository\com\vladsch\flexmark\flexmark-ext-jekyll-front-matter\0.34.30\flexmark-ext-jekyll-front-matter-0.34.30.jar;C:\Users\Lenovo\.m2\repository\com\vladsch\flexmark\flexmark-ext-jekyll-tag\0.34.30\flexmark-ext-jekyll-tag-0.34.30.jar;C:\Users\Lenovo\.m2\repository\com\vladsch\flexmark\flexmark-ext-media-tags\0.34.30\flexmark-ext-media-tags-0.34.30.jar;C:\Users\Lenovo\.m2\repository\com\vladsch\flexmark\flexmark-test-util\0.34.30\flexmark-test-util-0.34.30.jar;C:\Users\Lenovo\.m2\repository\com\vladsch\flexmark\flexmark-ext-ins\0.34.30\flexmark-ext-ins-0.34.30.jar;C:\Users\Lenovo\.m2\repository\com\vladsch\flexmark\flexmark-ext-xwiki-macros\0.34.30\flexmark-ext-xwiki-macros-0.34.30.jar;C:\Users\Lenovo\.m2\repository\com\vladsch\flexmark\flexmark-ext-superscript\0.34.30\flexmark-ext-superscript-0.34.30.jar;C:\Users\Lenovo\.m2\repository\com\vladsch\flexmark\flexmark-ext-tables\0.34.30\flexmark-ext-tables-0.34.30.jar;C:\Users\Lenovo\.m2\repository\com\vladsch\flexmark\flexmark-ext-toc\0.34.30\flexmark-ext-toc-0.34.30.jar;C:\Users\Lenovo\.m2\repository\com\vladsch\flexmark\flexmark-ext-typographic\0.34.30\flexmark-ext-typographic-0.34.30.jar;C:\Users\Lenovo\.m2\repository\com\vladsch\flexmark\flexmark-ext-wikilink\0.34.30\flexmark-ext-wikilink-0.34.30.jar;C:\Users\Lenovo\.m2\repository\com\vladsch\flexmark\flexmark-ext-yaml-front-matter\0.34.30\flexmark-ext-yaml-front-matter-0.34.30.jar;C:\Users\Lenovo\.m2\repository\com\vladsch\flexmark\flexmark-ext-youtube-embedded\0.34.30\flexmark-ext-youtube-embedded-0.34.30.jar;C:\Users\Lenovo\.m2\repository\com\vladsch\flexmark\flexmark-formatter\0.34.30\flexmark-formatter-0.34.30.jar;C:\Users\Lenovo\.m2\repository\com\vladsch\flexmark\flexmark-html-parser\0.34.30\flexmark-html-parser-0.34.30.jar;C:\Users\Lenovo\.m2\repository\com\vladsch\flexmark\flexmark-jira-converter\0.34.30\flexmark-jira-converter-0.34.30.jar;C:\Users\Lenovo\.m2\repository\com\vladsch\flexmark\flexmark-pdf-converter\0.34.30\flexmark-pdf-converter-0.34.30.jar;C:\Users\Lenovo\.m2\repository\com\openhtmltopdf\openhtmltopdf-core\0.0.1-RC13\openhtmltopdf-core-0.0.1-RC13.jar;C:\Users\Lenovo\.m2\repository\com\openhtmltopdf\openhtmltopdf-pdfbox\0.0.1-RC13\openhtmltopdf-pdfbox-0.0.1-RC13.jar;C:\Users\Lenovo\.m2\repository\org\apache\pdfbox\pdfbox\2.0.8\pdfbox-2.0.8.jar;C:\Users\Lenovo\.m2\repository\org\apache\pdfbox\fontbox\2.0.8\fontbox-2.0.8.jar;C:\Users\Lenovo\.m2\repository\org\apache\pdfbox\xmpbox\2.0.8\xmpbox-2.0.8.jar;C:\Users\Lenovo\.m2\repository\de\rototor\pdfbox\graphics2d\0.12\graphics2d-0.12.jar;C:\Users\Lenovo\.m2\repository\com\openhtmltopdf\openhtmltopdf-rtl-support\0.0.1-RC13\openhtmltopdf-rtl-support-0.0.1-RC13.jar;C:\Users\Lenovo\.m2\repository\com\ibm\icu\icu4j\59.1\icu4j-59.1.jar;C:\Users\Lenovo\.m2\repository\com\openhtmltopdf\openhtmltopdf-jsoup-dom-converter\0.0.1-RC13\openhtmltopdf-jsoup-dom-converter-0.0.1-RC13.jar;C:\Users\Lenovo\.m2\repository\com\vladsch\flexmark\flexmark-profile-pegdown\0.34.30\flexmark-profile-pegdown-0.34.30.jar;C:\Users\Lenovo\.m2\repository\com\vladsch\flexmark\flexmark-util\0.34.30\flexmark-util-0.34.30.jar;C:\Users\Lenovo\.m2\repository\com\vladsch\flexmark\flexmark-youtrack-converter\0.34.30\flexmark-youtrack-converter-0.34.30.jar;C:\Users\Lenovo\.m2\repository\es\nitaur\markdown\txtmark\0.16\txtmark-0.16.jar;C:\Users\Lenovo\.m2\repository\net\serenity-bdd\serenity-report-resources\3.6.12\serenity-report-resources-3.6.12.jar;C:\Users\Lenovo\.m2\repository\com\google\code\gson\gson\2.9.0\gson-2.9.0.jar;C:\Users\Lenovo\.m2\repository\com\fasterxml\jackson\core\jackson-core\2.14.2\jackson-core-2.14.2.jar;C:\Users\Lenovo\.m2\repository\com\fasterxml\jackson\core\jackson-databind\2.14.2\jackson-databind-2.14.2.jar;C:\Users\Lenovo\.m2\repository\com\fasterxml\jackson\core\jackson-annotations\2.14.2\jackson-annotations-2.14.2.jar;C:\Users\Lenovo\.m2\repository\commons-codec\commons-codec\1.15\commons-codec-1.15.jar;C:\Users\Lenovo\.m2\repository\commons-io\commons-io\2.11.0\commons-io-2.11.0.jar;C:\Users\Lenovo\.m2\repository\org\apache\httpcomponents\httpclient\4.5.13\httpclient-4.5.13.jar;C:\Users\Lenovo\.m2\repository\org\apache\httpcomponents\httpcore\4.4.13\httpcore-4.4.13.jar;C:\Users\Lenovo\.m2\repository\commons-logging\commons-logging\1.2\commons-logging-1.2.jar;C:\Users\Lenovo\.m2\repository\org\seleniumhq\selenium\selenium-java\4.8.0\selenium-java-4.8.0.jar;C:\Users\Lenovo\.m2\repository\org\seleniumhq\selenium\selenium-devtools-v107\4.8.0\selenium-devtools-v107-4.8.0.jar;C:\Users\Lenovo\.m2\repository\org\seleniumhq\selenium\selenium-devtools-v108\4.8.0\selenium-devtools-v108-4.8.0.jar;C:\Users\Lenovo\.m2\repository\org\seleniumhq\selenium\selenium-devtools-v109\4.8.0\selenium-devtools-v109-4.8.0.jar;C:\Users\Lenovo\.m2\repository\org\seleniumhq\selenium\selenium-devtools-v85\4.8.0\selenium-devtools-v85-4.8.0.jar;C:\Users\Lenovo\.m2\repository\org\seleniumhq\selenium\selenium-remote-driver\4.8.0\selenium-remote-driver-4.8.0.jar;C:\Users\Lenovo\.m2\repository\io\netty\netty-buffer\4.1.87.Final\netty-buffer-4.1.87.Final.jar;C:\Users\Lenovo\.m2\repository\io\netty\netty-codec-http\4.1.87.Final\netty-codec-http-4.1.87.Final.jar;C:\Users\Lenovo\.m2\repository\io\netty\netty-codec\4.1.87.Final\netty-codec-4.1.87.Final.jar;C:\Users\Lenovo\.m2\repository\io\netty\netty-handler\4.1.87.Final\netty-handler-4.1.87.Final.jar;C:\Users\Lenovo\.m2\repository\io\netty\netty-common\4.1.87.Final\netty-common-4.1.87.Final.jar;C:\Users\Lenovo\.m2\repository\io\netty\netty-transport-classes-epoll\4.1.87.Final\netty-transport-classes-epoll-4.1.87.Final.jar;C:\Users\Lenovo\.m2\repository\io\netty\netty-transport-classes-kqueue\4.1.87.Final\netty-transport-classes-kqueue-4.1.87.Final.jar;C:\Users\Lenovo\.m2\repository\io\netty\netty-transport-native-epoll\4.1.87.Final\netty-transport-native-epoll-4.1.87.Final.jar;C:\Users\Lenovo\.m2\repository\io\netty\netty-transport-native-kqueue\4.1.87.Final\netty-transport-native-kqueue-4.1.87.Final.jar;C:\Users\Lenovo\.m2\repository\io\netty\netty-transport-native-unix-common\4.1.87.Final\netty-transport-native-unix-common-4.1.87.Final.jar;C:\Users\Lenovo\.m2\repository\io\netty\netty-transport\4.1.87.Final\netty-transport-4.1.87.Final.jar;C:\Users\Lenovo\.m2\repository\io\netty\netty-resolver\4.1.87.Final\netty-resolver-4.1.87.Final.jar;C:\Users\Lenovo\.m2\repository\io\opentelemetry\opentelemetry-api\1.22.0\opentelemetry-api-1.22.0.jar;C:\Users\Lenovo\.m2\repository\io\opentelemetry\opentelemetry-context\1.22.0\opentelemetry-context-1.22.0.jar;C:\Users\Lenovo\.m2\repository\io\opentelemetry\opentelemetry-exporter-logging\1.22.0\opentelemetry-exporter-logging-1.22.0.jar;C:\Users\Lenovo\.m2\repository\io\opentelemetry\opentelemetry-sdk-metrics\1.22.0\opentelemetry-sdk-metrics-1.22.0.jar;C:\Users\Lenovo\.m2\repository\io\opentelemetry\opentelemetry-sdk-logs\1.22.0-alpha\opentelemetry-sdk-logs-1.22.0-alpha.jar;C:\Users\Lenovo\.m2\repository\io\opentelemetry\opentelemetry-api-logs\1.22.0-alpha\opentelemetry-api-logs-1.22.0-alpha.jar;C:\Users\Lenovo\.m2\repository\io\opentelemetry\opentelemetry-sdk-common\1.22.0\opentelemetry-sdk-common-1.22.0.jar;C:\Users\Lenovo\.m2\repository\io\opentelemetry\opentelemetry-sdk-extension-autoconfigure-spi\1.22.0\opentelemetry-sdk-extension-autoconfigure-spi-1.22.0.jar;C:\Users\Lenovo\.m2\repository\io\opentelemetry\opentelemetry-sdk-extension-autoconfigure\1.22.0-alpha\opentelemetry-sdk-extension-autoconfigure-1.22.0-alpha.jar;C:\Users\Lenovo\.m2\repository\io\opentelemetry\opentelemetry-sdk-trace\1.22.0\opentelemetry-sdk-trace-1.22.0.jar;C:\Users\Lenovo\.m2\repository\io\opentelemetry\opentelemetry-sdk\1.22.0\opentelemetry-sdk-1.22.0.jar;C:\Users\Lenovo\.m2\repository\io\opentelemetry\opentelemetry-semconv\1.22.0-alpha\opentelemetry-semconv-1.22.0-alpha.jar;C:\Users\Lenovo\.m2\repository\io\ous\jtoml\2.0.0\jtoml-2.0.0.jar;C:\Users\Lenovo\.m2\repository\org\apache\commons\commons-exec\1.3\commons-exec-1.3.jar;C:\Users\Lenovo\.m2\repository\org\asynchttpclient\async-http-client\2.12.3\async-http-client-2.12.3.jar;C:\Users\Lenovo\.m2\repository\org\asynchttpclient\async-http-client-netty-utils\2.12.3\async-http-client-netty-utils-2.12.3.jar;C:\Users\Lenovo\.m2\repository\io\netty\netty-codec-socks\4.1.60.Final\netty-codec-socks-4.1.60.Final.jar;C:\Users\Lenovo\.m2\repository\io\netty\netty-handler-proxy\4.1.60.Final\netty-handler-proxy-4.1.60.Final.jar;C:\Users\Lenovo\.m2\repository\io\netty\netty-transport-native-epoll\4.1.60.Final\netty-transport-native-epoll-4.1.60.Final-linux-x86_64.jar;C:\Users\Lenovo\.m2\repository\io\netty\netty-transport-native-kqueue\4.1.60.Final\netty-transport-native-kqueue-4.1.60.Final-osx-x86_64.jar;C:\Users\Lenovo\.m2\repository\org\reactivestreams\reactive-streams\1.0.3\reactive-streams-1.0.3.jar;C:\Users\Lenovo\.m2\repository\com\typesafe\netty\netty-reactive-streams\2.0.4\netty-reactive-streams-2.0.4.jar;C:\Users\Lenovo\.m2\repository\org\seleniumhq\selenium\selenium-manager\4.8.0\selenium-manager-4.8.0.jar;C:\Users\Lenovo\.m2\repository\org\seleniumhq\selenium\selenium-safari-driver\4.8.0\selenium-safari-driver-4.8.0.jar;C:\Users\Lenovo\.m2\repository\org\seleniumhq\selenium\selenium-api\4.8.0\selenium-api-4.8.0.jar;C:\Users\Lenovo\.m2\repository\org\seleniumhq\selenium\selenium-support\4.8.0\selenium-support-4.8.0.jar;C:\Users\Lenovo\.m2\repository\com\google\auto\service\auto-service-annotations\1.0.1\auto-service-annotations-1.0.1.jar;C:\Users\Lenovo\.m2\repository\com\google\auto\service\auto-service\1.0.1\auto-service-1.0.1.jar;C:\Users\Lenovo\.m2\repository\com\google\auto\auto-common\1.2\auto-common-1.2.jar;C:\Users\Lenovo\.m2\repository\org\seleniumhq\selenium\selenium-json\4.8.0\selenium-json-4.8.0.jar;C:\Users\Lenovo\.m2\repository\org\seleniumhq\selenium\selenium-chrome-driver\4.8.0\selenium-chrome-driver-4.8.0.jar;C:\Users\Lenovo\.m2\repository\org\seleniumhq\selenium\selenium-chromium-driver\4.8.0\selenium-chromium-driver-4.8.0.jar;C:\Users\Lenovo\.m2\repository\org\seleniumhq\selenium\selenium-firefox-driver\4.8.0\selenium-firefox-driver-4.8.0.jar;C:\Users\Lenovo\.m2\repository\org\seleniumhq\selenium\selenium-http\4.8.0\selenium-http-4.8.0.jar;C:\Users\Lenovo\.m2\repository\dev\failsafe\failsafe\3.3.0\failsafe-3.3.0.jar;C:\Users\Lenovo\.m2\repository\org\seleniumhq\selenium\selenium-edge-driver\4.8.0\selenium-edge-driver-4.8.0.jar;C:\Users\Lenovo\.m2\repository\org\seleniumhq\selenium\selenium-ie-driver\4.8.0\selenium-ie-driver-4.8.0.jar;C:\Users\Lenovo\.m2\repository\org\projectlombok\lombok\1.18.20\lombok-1.18.20.jar;C:\Users\Lenovo\.m2\repository\io\appium\java-client\8.3.0\java-client-8.3.0.jar;C:\Users\Lenovo\.m2\repository\commons-validator\commons-validator\1.7\commons-validator-1.7.jar;C:\Users\Lenovo\.m2\repository\commons-digester\commons-digester\2.1\commons-digester-2.1.jar;C:\Users\Lenovo\.m2\repository\org\apache\groovy\groovy\4.0.6\groovy-4.0.6.jar;C:\Users\Lenovo\.m2\repository\net\sf\opencsv\opencsv\2.0\opencsv-2.0.jar;C:\Users\Lenovo\.m2\repository\commons-beanutils\commons-beanutils\1.9.4\commons-beanutils-1.9.4.jar;C:\Users\Lenovo\.m2\repository\org\apache\commons\commons-lang3\3.12.0\commons-lang3-3.12.0.jar;C:\Users\Lenovo\.m2\repository\commons-collections\commons-collections\3.2.2\commons-collections-3.2.2.jar;C:\Users\Lenovo\.m2\repository\org\fluentlenium\fluentlenium-core\0.10.2\fluentlenium-core-0.10.2.jar;C:\Users\Lenovo\.m2\repository\io\github\bonigarcia\webdrivermanager\5.3.0\webdrivermanager-5.3.0.jar;C:\Users\Lenovo\.m2\repository\com\github\docker-java\docker-java\3.2.13\docker-java-3.2.13.jar;C:\Users\Lenovo\.m2\repository\com\github\docker-java\docker-java-core\3.2.13\docker-java-core-3.2.13.jar;C:\Users\Lenovo\.m2\repository\com\github\docker-java\docker-java-api\3.2.13\docker-java-api-3.2.13.jar;C:\Users\Lenovo\.m2\repository\org\apache\commons\commons-compress\1.21\commons-compress-1.21.jar;C:\Users\Lenovo\.m2\repository\org\bouncycastle\bcpkix-jdk15on\1.64\bcpkix-jdk15on-1.64.jar;C:\Users\Lenovo\.m2\repository\org\bouncycastle\bcprov-jdk15on\1.64\bcprov-jdk15on-1.64.jar;C:\Users\Lenovo\.m2\repository\org\slf4j\jcl-over-slf4j\1.7.30\jcl-over-slf4j-1.7.30.jar;C:\Users\Lenovo\.m2\repository\com\github\docker-java\docker-java-transport-httpclient5\3.2.13\docker-java-transport-httpclient5-3.2.13.jar;C:\Users\Lenovo\.m2\repository\com\github\docker-java\docker-java-transport\3.2.13\docker-java-transport-3.2.13.jar;C:\Users\Lenovo\.m2\repository\net\java\dev\jna\jna\5.8.0\jna-5.8.0.jar;C:\Users\Lenovo\.m2\repository\org\brotli\dec\0.1.2\dec-0.1.2.jar;C:\Users\Lenovo\.m2\repository\org\apache\httpcomponents\client5\httpclient5\5.1.3\httpclient5-5.1.3.jar;C:\Users\Lenovo\.m2\repository\org\apache\httpcomponents\core5\httpcore5\5.1.3\httpcore5-5.1.3.jar;C:\Users\Lenovo\.m2\repository\org\apache\httpcomponents\core5\httpcore5-h2\5.1.3\httpcore5-h2-5.1.3.jar;C:\Users\Lenovo\.m2\repository\com\jhlabs\filters\2.0.235\filters-2.0.235.jar;C:\Users\Lenovo\.m2\repository\com\paulhammant\ngwebdriver\1.1.6\ngwebdriver-1.1.6.jar;C:\Users\Lenovo\.m2\repository\joda-time\joda-time\2.8.2\joda-time-2.8.2.jar;C:\Users\Lenovo\.m2\repository\org\hamcrest\hamcrest\2.2\hamcrest-2.2.jar;C:\Users\Lenovo\.m2\repository\com\google\jimfs\jimfs\1.2\jimfs-1.2.jar;C:\Users\Lenovo\.m2\repository\org\mockito\mockito-core\3.3.3\mockito-core-3.3.3.jar;C:\Users\Lenovo\.m2\repository\javax\xml\bind\jaxb-api\2.3.1\jaxb-api-2.3.1.jar;C:\Users\Lenovo\.m2\repository\javax\activation\javax.activation-api\1.2.0\javax.activation-api-1.2.0.jar;C:\Users\Lenovo\.m2\repository\com\sun\xml\bind\jaxb-core\2.3.0.1\jaxb-core-2.3.0.1.jar;C:\Users\Lenovo\.m2\repository\com\sun\xml\bind\jaxb-impl\2.3.3\jaxb-impl-2.3.3.jar;C:\Users\Lenovo\.m2\repository\jakarta\xml\bind\jakarta.xml.bind-api\2.3.3\jakarta.xml.bind-api-2.3.3.jar;C:\Users\Lenovo\.m2\repository\com\sun\activation\jakarta.activation\1.2.2\jakarta.activation-1.2.2.jar;C:\Users\Lenovo\.m2\repository\javax\activation\activation\1.1.1\activation-1.1.1.jar;C:\Users\Lenovo\.m2\repository\net\serenity-bdd\serenity-rest-assured\3.6.12\serenity-rest-assured-3.6.12.jar;C:\Users\Lenovo\.m2\repository\io\rest-assured\rest-assured\5.2.0\rest-assured-5.2.0.jar;C:\Users\Lenovo\.m2\repository\org\apache\httpcomponents\httpmime\4.5.13\httpmime-4.5.13.jar;C:\Users\Lenovo\.m2\repository\org\ccil\cowan\tagsoup\tagsoup\1.2.1\tagsoup-1.2.1.jar;C:\Users\Lenovo\.m2\repository\io\rest-assured\json-path\5.2.0\json-path-5.2.0.jar;C:\Users\Lenovo\.m2\repository\io\rest-assured\rest-assured-common\5.2.0\rest-assured-common-5.2.0.jar;C:\Users\Lenovo\.m2\repository\io\rest-assured\xml-path\5.2.0\xml-path-5.2.0.jar;C:\Users\Lenovo\.m2\repository\org\apache\groovy\groovy-json\4.0.6\groovy-json-4.0.6.jar;C:\Users\Lenovo\.m2\repository\org\apache\groovy\groovy-xml\4.0.6\groovy-xml-4.0.6.jar;C:\Users\Lenovo\.m2\repository\org\opentest4j\opentest4j\1.2.0\opentest4j-1.2.0.jar;C:\Users\Lenovo\.m2\repository\net\serenity-bdd\serenity-cucumber\3.6.12\serenity-cucumber-3.6.12.jar;C:\Users\Lenovo\.m2\repository\io\cucumber\cucumber-core\7.11.0\cucumber-core-7.11.0.jar;C:\Users\Lenovo\.m2\repository\io\cucumber\cucumber-gherkin\7.11.0\cucumber-gherkin-7.11.0.jar;C:\Users\Lenovo\.m2\repository\io\cucumber\cucumber-gherkin-messages\7.11.0\cucumber-gherkin-messages-7.11.0.jar;C:\Users\Lenovo\.m2\repository\io\cucumber\gherkin\26.0.3\gherkin-26.0.3.jar;C:\Users\Lenovo\.m2\repository\io\cucumber\messages\21.0.1\messages-21.0.1.jar;C:\Users\Lenovo\.m2\repository\io\cucumber\tag-expressions\5.0.1\tag-expressions-5.0.1.jar;C:\Users\Lenovo\.m2\repository\io\cucumber\cucumber-expressions\16.1.1\cucumber-expressions-16.1.1.jar;C:\Users\Lenovo\.m2\repository\io\cucumber\datatable\7.11.0\datatable-7.11.0.jar;C:\Users\Lenovo\.m2\repository\io\cucumber\cucumber-plugin\7.11.0\cucumber-plugin-7.11.0.jar;C:\Users\Lenovo\.m2\repository\io\cucumber\docstring\7.11.0\docstring-7.11.0.jar;C:\Users\Lenovo\.m2\repository\io\cucumber\html-formatter\20.2.1\html-formatter-20.2.1.jar;C:\Users\Lenovo\.m2\repository\io\cucumber\junit-xml-formatter\0.1.0\junit-xml-formatter-0.1.0.jar;C:\Users\Lenovo\.m2\repository\io\cucumber\ci-environment\9.1.0\ci-environment-9.1.0.jar;C:\Users\Lenovo\.m2\repository\io\cucumber\cucumber-java\7.11.0\cucumber-java-7.11.0.jar;C:\Users\Lenovo\.m2\repository\io\cucumber\cucumber-junit\7.11.0\cucumber-junit-7.11.0.jar;C:\Users\Lenovo\.m2\repository\org\apache\commons\commons-csv\1.5\commons-csv-1.5.jar;C:\Users\Lenovo\.m2\repository\net\serenity-bdd\serenity-screenplay\3.6.12\serenity-screenplay-3.6.12.jar;C:\Users\Lenovo\.m2\repository\net\serenity-bdd\serenity-screenplay-webdriver\3.6.12\serenity-screenplay-webdriver-3.6.12.jar;C:\Users\Lenovo\.m2\repository\net\serenity-bdd\serenity-ensure\3.6.12\serenity-ensure-3.6.12.jar;C:\Users\Lenovo\.m2\repository\net\serenity-bdd\serenity-junit\3.6.12\serenity-junit-3.6.12.jar;C:\Users\Lenovo\.m2\repository\org\jetbrains\kotlin\kotlin-stdlib\1.7.21\kotlin-stdlib-1.7.21.jar;C:\Users\Lenovo\.m2\repository\org\jetbrains\kotlin\kotlin-stdlib-common\1.7.21\kotlin-stdlib-common-1.7.21.jar;C:\Users\Lenovo\.m2\repository\org\jetbrains\annotations\13.0\annotations-13.0.jar;C:\Users\Lenovo\.m2\repository\org\junit\platform\junit-platform-launcher\1.9.2\junit-platform-launcher-1.9.2.jar;C:\Users\Lenovo\.m2\repository\org\junit\platform\junit-platform-engine\1.9.2\junit-platform-engine-1.9.2.jar;C:\Users\Lenovo\.m2\repository\org\junit\platform\junit-platform-commons\1.9.2\junit-platform-commons-1.9.2.jar;C:\Users\Lenovo\.m2\repository\org\apiguardian\apiguardian-api\1.1.2\apiguardian-api-1.1.2.jar;C:\Users\Lenovo\.m2\repository\org\junit\jupiter\junit-jupiter-engine\5.9.2\junit-jupiter-engine-5.9.2.jar;C:\Users\Lenovo\.m2\repository\org\junit\jupiter\junit-jupiter-api\5.9.2\junit-jupiter-api-5.9.2.jar;C:\Users\Lenovo\.m2\repository\org\junit\vintage\junit-vintage-engine\5.9.2\junit-vintage-engine-5.9.2.jar;C:\Users\Lenovo\.m2\repository\junit\junit\4.13.2\junit-4.13.2.jar;C:\Users\Lenovo\.m2\repository\org\hamcrest\hamcrest-core\1.3\hamcrest-core-1.3.jar;C:\Users\Lenovo\.m2\repository\ch\qos\logback\logback-classic\1.4.6\logback-classic-1.4.6.jar;C:\Users\Lenovo\.m2\repository\ch\qos\logback\logback-core\1.4.6\logback-core-1.4.6.jar;C:\Users\Lenovo\.m2\repository\org\slf4j\slf4j-api\2.0.4\slf4j-api-2.0.4.jar;C:\Users\Lenovo\.m2\repository\org\assertj\assertj-core\3.24.2\assertj-core-3.24.2.jar;C:\Users\Lenovo\.m2\repository\net\bytebuddy\byte-buddy\1.12.21\byte-buddy-1.12.21.jar;C:\Users\Lenovo\.m2\repository\com\googlecode\json-simple\json-simple\1.1.1\json-simple-1.1.1.jar;C:\Users\Lenovo\.m2\repository\org\testng\testng\7.7.0\testng-7.7.0.jar;C:\Users\Lenovo\.m2\repository\com\beust\jcommander\1.82\jcommander-1.82.jar;C:\Users\Lenovo\.m2\repository\org\webjars\jquery\3.6.1\jquery-3.6.1.jar;"/>
    <property name="sun.cpu.endian" value="little"/>
    <property name="user.home" value="C:\Users\Lenovo"/>
    <property name="user.language" value="en"/>
    <property name="java.specification.vendor" value="Oracle Corporation"/>
    <property name="jdk.module.path" value="D:\TaksAlterra\MiniProject\MiniProject_API\target\MiniProject_API-1.0-SNAPSHOT.jar"/>
    <property name="java.version.date" value="2023-07-18"/>
    <property name="java.home" value="C:\Program Files\Java\jdk-17"/>
    <property name="file.separator" value="\"/>
    <property name="basedir" value="D:\TaksAlterra\MiniProject\MiniProject_API"/>
    <property name="java.vm.compressedOopsMode" value="Zero based"/>
    <property name="line.separator" value="&#10;"/>
    <property name="java.vm.specification.vendor" value="Oracle Corporation"/>
    <property name="java.specification.name" value="Java Platform API Specification"/>
    <property name="surefire.real.class.path" value="C:\Users\Lenovo\.m2\repository\org\apache\maven\surefire\surefire-booter\3.0.0-M5\surefire-booter-3.0.0-M5.jar;C:\Users\Lenovo\.m2\repository\org\apache\maven\surefire\surefire-api\3.0.0-M5\surefire-api-3.0.0-M5.jar;C:\Users\Lenovo\.m2\repository\org\apache\maven\surefire\surefire-logger-api\3.0.0-M5\surefire-logger-api-3.0.0-M5.jar;C:\Users\Lenovo\.m2\repository\org\apache\maven\surefire\surefire-shared-utils\3.0.0-M4\surefire-shared-utils-3.0.0-M4.jar;C:\Users\Lenovo\.m2\repository\org\apache\maven\surefire\surefire-extensions-spi\3.0.0-M5\surefire-extensions-spi-3.0.0-M5.jar;D:\TaksAlterra\MiniProject\MiniProject_API\target\test-classes;C:\Users\Lenovo\.m2\repository\net\serenity-bdd\serenity-core\3.6.12\serenity-core-3.6.12.jar;C:\Users\Lenovo\.m2\repository\net\serenity-bdd\serenity-model\3.6.12\serenity-model-3.6.12.jar;C:\Users\Lenovo\.m2\repository\org\apache\commons\commons-text\1.10.0\commons-text-1.10.0.jar;C:\Users\Lenovo\.m2\repository\commons-net\commons-net\3.9.0\commons-net-3.9.0.jar;C:\Users\Lenovo\.m2\repository\com\google\guava\guava\31.1-jre\guava-31.1-jre.jar;C:\Users\Lenovo\.m2\repository\com\google\guava\failureaccess\1.0.1\failureaccess-1.0.1.jar;C:\Users\Lenovo\.m2\repository\com\google\guava\listenablefuture\9999.0-empty-to-avoid-conflict-with-guava\listenablefuture-9999.0-empty-to-avoid-conflict-with-guava.jar;C:\Users\Lenovo\.m2\repository\com\google\code\findbugs\jsr305\3.0.2\jsr305-3.0.2.jar;C:\Users\Lenovo\.m2\repository\org\checkerframework\checker-qual\3.12.0\checker-qual-3.12.0.jar;C:\Users\Lenovo\.m2\repository\com\google\errorprone\error_prone_annotations\2.11.0\error_prone_annotations-2.11.0.jar;C:\Users\Lenovo\.m2\repository\com\google\j2objc\j2objc-annotations\1.3\j2objc-annotations-1.3.jar;C:\Users\Lenovo\.m2\repository\com\google\inject\guice\5.1.0\guice-5.1.0.jar;C:\Users\Lenovo\.m2\repository\javax\inject\javax.inject\1\javax.inject-1.jar;C:\Users\Lenovo\.m2\repository\aopalliance\aopalliance\1.0\aopalliance-1.0.jar;C:\Users\Lenovo\.m2\repository\org\jsoup\jsoup\1.14.3\jsoup-1.14.3.jar;C:\Users\Lenovo\.m2\repository\com\thoughtworks\xstream\xstream\1.4.20\xstream-1.4.20.jar;C:\Users\Lenovo\.m2\repository\io\github\x-stream\mxparser\1.2.2\mxparser-1.2.2.jar;C:\Users\Lenovo\.m2\repository\xmlpull\xmlpull\1.1.3.1\xmlpull-1.1.3.1.jar;C:\Users\Lenovo\.m2\repository\com\typesafe\config\1.4.2\config-1.4.2.jar;C:\Users\Lenovo\.m2\repository\org\imgscalr\imgscalr-lib\4.2\imgscalr-lib-4.2.jar;C:\Users\Lenovo\.m2\repository\org\awaitility\awaitility\4.2.0\awaitility-4.2.0.jar;C:\Users\Lenovo\.m2\repository\org\freemarker\freemarker\2.3.31\freemarker-2.3.31.jar;C:\Users\Lenovo\.m2\repository\io\github\classgraph\classgraph\4.8.138\classgraph-4.8.138.jar;C:\Users\Lenovo\.m2\repository\net\sourceforge\jexcelapi\jxl\2.6.12\jxl-2.6.12.jar;C:\Users\Lenovo\.m2\repository\net\bytebuddy\byte-buddy-agent\1.12.22\byte-buddy-agent-1.12.22.jar;C:\Users\Lenovo\.m2\repository\org\objenesis\objenesis\3.1\objenesis-3.1.jar;C:\Users\Lenovo\.m2\repository\net\serenity-bdd\serenity-reports\3.6.12\serenity-reports-3.6.12.jar;C:\Users\Lenovo\.m2\repository\net\serenity-bdd\serenity-stats\3.6.12\serenity-stats-3.6.12.jar;C:\Users\Lenovo\.m2\repository\net\serenity-bdd\serenity-reports-configuration\3.6.12\serenity-reports-configuration-3.6.12.jar;C:\Users\Lenovo\.m2\repository\com\vladsch\flexmark\flexmark-all\0.34.30\flexmark-all-0.34.30.jar;C:\Users\Lenovo\.m2\repository\com\vladsch\flexmark\flexmark\0.34.30\flexmark-0.34.30.jar;C:\Users\Lenovo\.m2\repository\com\vladsch\flexmark\flexmark-ext-abbreviation\0.34.30\flexmark-ext-abbreviation-0.34.30.jar;C:\Users\Lenovo\.m2\repository\com\vladsch\flexmark\flexmark-ext-admonition\0.34.30\flexmark-ext-admonition-0.34.30.jar;C:\Users\Lenovo\.m2\repository\com\vladsch\flexmark\flexmark-ext-anchorlink\0.34.30\flexmark-ext-anchorlink-0.34.30.jar;C:\Users\Lenovo\.m2\repository\com\vladsch\flexmark\flexmark-ext-aside\0.34.30\flexmark-ext-aside-0.34.30.jar;C:\Users\Lenovo\.m2\repository\com\vladsch\flexmark\flexmark-ext-attributes\0.34.30\flexmark-ext-attributes-0.34.30.jar;C:\Users\Lenovo\.m2\repository\com\vladsch\flexmark\flexmark-ext-autolink\0.34.30\flexmark-ext-autolink-0.34.30.jar;C:\Users\Lenovo\.m2\repository\org\nibor\autolink\autolink\0.6.0\autolink-0.6.0.jar;C:\Users\Lenovo\.m2\repository\com\vladsch\flexmark\flexmark-ext-definition\0.34.30\flexmark-ext-definition-0.34.30.jar;C:\Users\Lenovo\.m2\repository\com\vladsch\flexmark\flexmark-ext-emoji\0.34.30\flexmark-ext-emoji-0.34.30.jar;C:\Users\Lenovo\.m2\repository\com\vladsch\flexmark\flexmark-ext-enumerated-reference\0.34.30\flexmark-ext-enumerated-reference-0.34.30.jar;C:\Users\Lenovo\.m2\repository\com\vladsch\flexmark\flexmark-ext-escaped-character\0.34.30\flexmark-ext-escaped-character-0.34.30.jar;C:\Users\Lenovo\.m2\repository\com\vladsch\flexmark\flexmark-ext-footnotes\0.34.30\flexmark-ext-footnotes-0.34.30.jar;C:\Users\Lenovo\.m2\repository\com\vladsch\flexmark\flexmark-ext-gfm-issues\0.34.30\flexmark-ext-gfm-issues-0.34.30.jar;C:\Users\Lenovo\.m2\repository\com\vladsch\flexmark\flexmark-ext-gfm-strikethrough\0.34.30\flexmark-ext-gfm-strikethrough-0.34.30.jar;C:\Users\Lenovo\.m2\repository\com\vladsch\flexmark\flexmark-ext-gfm-tables\0.34.30\flexmark-ext-gfm-tables-0.34.30.jar;C:\Users\Lenovo\.m2\repository\com\vladsch\flexmark\flexmark-ext-gfm-tasklist\0.34.30\flexmark-ext-gfm-tasklist-0.34.30.jar;C:\Users\Lenovo\.m2\repository\com\vladsch\flexmark\flexmark-ext-gfm-users\0.34.30\flexmark-ext-gfm-users-0.34.30.jar;C:\Users\Lenovo\.m2\repository\com\vladsch\flexmark\flexmark-ext-gitlab\0.34.30\flexmark-ext-gitlab-0.34.30.jar;C:\Users\Lenovo\.m2\repository\com\vladsch\flexmark\flexmark-ext-jekyll-front-matter\0.34.30\flexmark-ext-jekyll-front-matter-0.34.30.jar;C:\Users\Lenovo\.m2\repository\com\vladsch\flexmark\flexmark-ext-jekyll-tag\0.34.30\flexmark-ext-jekyll-tag-0.34.30.jar;C:\Users\Lenovo\.m2\repository\com\vladsch\flexmark\flexmark-ext-media-tags\0.34.30\flexmark-ext-media-tags-0.34.30.jar;C:\Users\Lenovo\.m2\repository\com\vladsch\flexmark\flexmark-test-util\0.34.30\flexmark-test-util-0.34.30.jar;C:\Users\Lenovo\.m2\repository\com\vladsch\flexmark\flexmark-ext-ins\0.34.30\flexmark-ext-ins-0.34.30.jar;C:\Users\Lenovo\.m2\repository\com\vladsch\flexmark\flexmark-ext-xwiki-macros\0.34.30\flexmark-ext-xwiki-macros-0.34.30.jar;C:\Users\Lenovo\.m2\repository\com\vladsch\flexmark\flexmark-ext-superscript\0.34.30\flexmark-ext-superscript-0.34.30.jar;C:\Users\Lenovo\.m2\repository\com\vladsch\flexmark\flexmark-ext-tables\0.34.30\flexmark-ext-tables-0.34.30.jar;C:\Users\Lenovo\.m2\repository\com\vladsch\flexmark\flexmark-ext-toc\0.34.30\flexmark-ext-toc-0.34.30.jar;C:\Users\Lenovo\.m2\repository\com\vladsch\flexmark\flexmark-ext-typographic\0.34.30\flexmark-ext-typographic-0.34.30.jar;C:\Users\Lenovo\.m2\repository\com\vladsch\flexmark\flexmark-ext-wikilink\0.34.30\flexmark-ext-wikilink-0.34.30.jar;C:\Users\Lenovo\.m2\repository\com\vladsch\flexmark\flexmark-ext-yaml-front-matter\0.34.30\flexmark-ext-yaml-front-matter-0.34.30.jar;C:\Users\Lenovo\.m2\repository\com\vladsch\flexmark\flexmark-ext-youtube-embedded\0.34.30\flexmark-ext-youtube-embedded-0.34.30.jar;C:\Users\Lenovo\.m2\repository\com\vladsch\flexmark\flexmark-formatter\0.34.30\flexmark-formatter-0.34.30.jar;C:\Users\Lenovo\.m2\repository\com\vladsch\flexmark\flexmark-html-parser\0.34.30\flexmark-html-parser-0.34.30.jar;C:\Users\Lenovo\.m2\repository\com\vladsch\flexmark\flexmark-jira-converter\0.34.30\flexmark-jira-converter-0.34.30.jar;C:\Users\Lenovo\.m2\repository\com\vladsch\flexmark\flexmark-pdf-converter\0.34.30\flexmark-pdf-converter-0.34.30.jar;C:\Users\Lenovo\.m2\repository\com\openhtmltopdf\openhtmltopdf-core\0.0.1-RC13\openhtmltopdf-core-0.0.1-RC13.jar;C:\Users\Lenovo\.m2\repository\com\openhtmltopdf\openhtmltopdf-pdfbox\0.0.1-RC13\openhtmltopdf-pdfbox-0.0.1-RC13.jar;C:\Users\Lenovo\.m2\repository\org\apache\pdfbox\pdfbox\2.0.8\pdfbox-2.0.8.jar;C:\Users\Lenovo\.m2\repository\org\apache\pdfbox\fontbox\2.0.8\fontbox-2.0.8.jar;C:\Users\Lenovo\.m2\repository\org\apache\pdfbox\xmpbox\2.0.8\xmpbox-2.0.8.jar;C:\Users\Lenovo\.m2\repository\de\rototor\pdfbox\graphics2d\0.12\graphics2d-0.12.jar;C:\Users\Lenovo\.m2\repository\com\openhtmltopdf\openhtmltopdf-rtl-support\0.0.1-RC13\openhtmltopdf-rtl-support-0.0.1-RC13.jar;C:\Users\Lenovo\.m2\repository\com\ibm\icu\icu4j\59.1\icu4j-59.1.jar;C:\Users\Lenovo\.m2\repository\com\openhtmltopdf\openhtmltopdf-jsoup-dom-converter\0.0.1-RC13\openhtmltopdf-jsoup-dom-converter-0.0.1-RC13.jar;C:\Users\Lenovo\.m2\repository\com\vladsch\flexmark\flexmark-profile-pegdown\0.34.30\flexmark-profile-pegdown-0.34.30.jar;C:\Users\Lenovo\.m2\repository\com\vladsch\flexmark\flexmark-util\0.34.30\flexmark-util-0.34.30.jar;C:\Users\Lenovo\.m2\repository\com\vladsch\flexmark\flexmark-youtrack-converter\0.34.30\flexmark-youtrack-converter-0.34.30.jar;C:\Users\Lenovo\.m2\repository\es\nitaur\markdown\txtmark\0.16\txtmark-0.16.jar;C:\Users\Lenovo\.m2\repository\net\serenity-bdd\serenity-report-resources\3.6.12\serenity-report-resources-3.6.12.jar;C:\Users\Lenovo\.m2\repository\com\google\code\gson\gson\2.9.0\gson-2.9.0.jar;C:\Users\Lenovo\.m2\repository\com\fasterxml\jackson\core\jackson-core\2.14.2\jackson-core-2.14.2.jar;C:\Users\Lenovo\.m2\repository\com\fasterxml\jackson\core\jackson-databind\2.14.2\jackson-databind-2.14.2.jar;C:\Users\Lenovo\.m2\repository\com\fasterxml\jackson\core\jackson-annotations\2.14.2\jackson-annotations-2.14.2.jar;C:\Users\Lenovo\.m2\repository\commons-codec\commons-codec\1.15\commons-codec-1.15.jar;C:\Users\Lenovo\.m2\repository\commons-io\commons-io\2.11.0\commons-io-2.11.0.jar;C:\Users\Lenovo\.m2\repository\org\apache\httpcomponents\httpclient\4.5.13\httpclient-4.5.13.jar;C:\Users\Lenovo\.m2\repository\org\apache\httpcomponents\httpcore\4.4.13\httpcore-4.4.13.jar;C:\Users\Lenovo\.m2\repository\commons-logging\commons-logging\1.2\commons-logging-1.2.jar;C:\Users\Lenovo\.m2\repository\org\seleniumhq\selenium\selenium-java\4.8.0\selenium-java-4.8.0.jar;C:\Users\Lenovo\.m2\repository\org\seleniumhq\selenium\selenium-devtools-v107\4.8.0\selenium-devtools-v107-4.8.0.jar;C:\Users\Lenovo\.m2\repository\org\seleniumhq\selenium\selenium-devtools-v108\4.8.0\selenium-devtools-v108-4.8.0.jar;C:\Users\Lenovo\.m2\repository\org\seleniumhq\selenium\selenium-devtools-v109\4.8.0\selenium-devtools-v109-4.8.0.jar;C:\Users\Lenovo\.m2\repository\org\seleniumhq\selenium\selenium-devtools-v85\4.8.0\selenium-devtools-v85-4.8.0.jar;C:\Users\Lenovo\.m2\repository\org\seleniumhq\selenium\selenium-remote-driver\4.8.0\selenium-remote-driver-4.8.0.jar;C:\Users\Lenovo\.m2\repository\io\netty\netty-buffer\4.1.87.Final\netty-buffer-4.1.87.Final.jar;C:\Users\Lenovo\.m2\repository\io\netty\netty-codec-http\4.1.87.Final\netty-codec-http-4.1.87.Final.jar;C:\Users\Lenovo\.m2\repository\io\netty\netty-codec\4.1.87.Final\netty-codec-4.1.87.Final.jar;C:\Users\Lenovo\.m2\repository\io\netty\netty-handler\4.1.87.Final\netty-handler-4.1.87.Final.jar;C:\Users\Lenovo\.m2\repository\io\netty\netty-common\4.1.87.Final\netty-common-4.1.87.Final.jar;C:\Users\Lenovo\.m2\repository\io\netty\netty-transport-classes-epoll\4.1.87.Final\netty-transport-classes-epoll-4.1.87.Final.jar;C:\Users\Lenovo\.m2\repository\io\netty\netty-transport-classes-kqueue\4.1.87.Final\netty-transport-classes-kqueue-4.1.87.Final.jar;C:\Users\Lenovo\.m2\repository\io\netty\netty-transport-native-epoll\4.1.87.Final\netty-transport-native-epoll-4.1.87.Final.jar;C:\Users\Lenovo\.m2\repository\io\netty\netty-transport-native-kqueue\4.1.87.Final\netty-transport-native-kqueue-4.1.87.Final.jar;C:\Users\Lenovo\.m2\repository\io\netty\netty-transport-native-unix-common\4.1.87.Final\netty-transport-native-unix-common-4.1.87.Final.jar;C:\Users\Lenovo\.m2\repository\io\netty\netty-transport\4.1.87.Final\netty-transport-4.1.87.Final.jar;C:\Users\Lenovo\.m2\repository\io\netty\netty-resolver\4.1.87.Final\netty-resolver-4.1.87.Final.jar;C:\Users\Lenovo\.m2\repository\io\opentelemetry\opentelemetry-api\1.22.0\opentelemetry-api-1.22.0.jar;C:\Users\Lenovo\.m2\repository\io\opentelemetry\opentelemetry-context\1.22.0\opentelemetry-context-1.22.0.jar;C:\Users\Lenovo\.m2\repository\io\opentelemetry\opentelemetry-exporter-logging\1.22.0\opentelemetry-exporter-logging-1.22.0.jar;C:\Users\Lenovo\.m2\repository\io\opentelemetry\opentelemetry-sdk-metrics\1.22.0\opentelemetry-sdk-metrics-1.22.0.jar;C:\Users\Lenovo\.m2\repository\io\opentelemetry\opentelemetry-sdk-logs\1.22.0-alpha\opentelemetry-sdk-logs-1.22.0-alpha.jar;C:\Users\Lenovo\.m2\repository\io\opentelemetry\opentelemetry-api-logs\1.22.0-alpha\opentelemetry-api-logs-1.22.0-alpha.jar;C:\Users\Lenovo\.m2\repository\io\opentelemetry\opentelemetry-sdk-common\1.22.0\opentelemetry-sdk-common-1.22.0.jar;C:\Users\Lenovo\.m2\repository\io\opentelemetry\opentelemetry-sdk-extension-autoconfigure-spi\1.22.0\opentelemetry-sdk-extension-autoconfigure-spi-1.22.0.jar;C:\Users\Lenovo\.m2\repository\io\opentelemetry\opentelemetry-sdk-extension-autoconfigure\1.22.0-alpha\opentelemetry-sdk-extension-autoconfigure-1.22.0-alpha.jar;C:\Users\Lenovo\.m2\repository\io\opentelemetry\opentelemetry-sdk-trace\1.22.0\opentelemetry-sdk-trace-1.22.0.jar;C:\Users\Lenovo\.m2\repository\io\opentelemetry\opentelemetry-sdk\1.22.0\opentelemetry-sdk-1.22.0.jar;C:\Users\Lenovo\.m2\repository\io\opentelemetry\opentelemetry-semconv\1.22.0-alpha\opentelemetry-semconv-1.22.0-alpha.jar;C:\Users\Lenovo\.m2\repository\io\ous\jtoml\2.0.0\jtoml-2.0.0.jar;C:\Users\Lenovo\.m2\repository\org\apache\commons\commons-exec\1.3\commons-exec-1.3.jar;C:\Users\Lenovo\.m2\repository\org\asynchttpclient\async-http-client\2.12.3\async-http-client-2.12.3.jar;C:\Users\Lenovo\.m2\repository\org\asynchttpclient\async-http-client-netty-utils\2.12.3\async-http-client-netty-utils-2.12.3.jar;C:\Users\Lenovo\.m2\repository\io\netty\netty-codec-socks\4.1.60.Final\netty-codec-socks-4.1.60.Final.jar;C:\Users\Lenovo\.m2\repository\io\netty\netty-handler-proxy\4.1.60.Final\netty-handler-proxy-4.1.60.Final.jar;C:\Users\Lenovo\.m2\repository\io\netty\netty-transport-native-epoll\4.1.60.Final\netty-transport-native-epoll-4.1.60.Final-linux-x86_64.jar;C:\Users\Lenovo\.m2\repository\io\netty\netty-transport-native-kqueue\4.1.60.Final\netty-transport-native-kqueue-4.1.60.Final-osx-x86_64.jar;C:\Users\Lenovo\.m2\repository\org\reactivestreams\reactive-streams\1.0.3\reactive-streams-1.0.3.jar;C:\Users\Lenovo\.m2\repository\com\typesafe\netty\netty-reactive-streams\2.0.4\netty-reactive-streams-2.0.4.jar;C:\Users\Lenovo\.m2\repository\org\seleniumhq\selenium\selenium-manager\4.8.0\selenium-manager-4.8.0.jar;C:\Users\Lenovo\.m2\repository\org\seleniumhq\selenium\selenium-safari-driver\4.8.0\selenium-safari-driver-4.8.0.jar;C:\Users\Lenovo\.m2\repository\org\seleniumhq\selenium\selenium-api\4.8.0\selenium-api-4.8.0.jar;C:\Users\Lenovo\.m2\repository\org\seleniumhq\selenium\selenium-support\4.8.0\selenium-support-4.8.0.jar;C:\Users\Lenovo\.m2\repository\com\google\auto\service\auto-service-annotations\1.0.1\auto-service-annotations-1.0.1.jar;C:\Users\Lenovo\.m2\repository\com\google\auto\service\auto-service\1.0.1\auto-service-1.0.1.jar;C:\Users\Lenovo\.m2\repository\com\google\auto\auto-common\1.2\auto-common-1.2.jar;C:\Users\Lenovo\.m2\repository\org\seleniumhq\selenium\selenium-json\4.8.0\selenium-json-4.8.0.jar;C:\Users\Lenovo\.m2\repository\org\seleniumhq\selenium\selenium-chrome-driver\4.8.0\selenium-chrome-driver-4.8.0.jar;C:\Users\Lenovo\.m2\repository\org\seleniumhq\selenium\selenium-chromium-driver\4.8.0\selenium-chromium-driver-4.8.0.jar;C:\Users\Lenovo\.m2\repository\org\seleniumhq\selenium\selenium-firefox-driver\4.8.0\selenium-firefox-driver-4.8.0.jar;C:\Users\Lenovo\.m2\repository\org\seleniumhq\selenium\selenium-http\4.8.0\selenium-http-4.8.0.jar;C:\Users\Lenovo\.m2\repository\dev\failsafe\failsafe\3.3.0\failsafe-3.3.0.jar;C:\Users\Lenovo\.m2\repository\org\seleniumhq\selenium\selenium-edge-driver\4.8.0\selenium-edge-driver-4.8.0.jar;C:\Users\Lenovo\.m2\repository\org\seleniumhq\selenium\selenium-ie-driver\4.8.0\selenium-ie-driver-4.8.0.jar;C:\Users\Lenovo\.m2\repository\org\projectlombok\lombok\1.18.20\lombok-1.18.20.jar;C:\Users\Lenovo\.m2\repository\io\appium\java-client\8.3.0\java-client-8.3.0.jar;C:\Users\Lenovo\.m2\repository\commons-validator\commons-validator\1.7\commons-validator-1.7.jar;C:\Users\Lenovo\.m2\repository\commons-digester\commons-digester\2.1\commons-digester-2.1.jar;C:\Users\Lenovo\.m2\repository\org\apache\groovy\groovy\4.0.6\groovy-4.0.6.jar;C:\Users\Lenovo\.m2\repository\net\sf\opencsv\opencsv\2.0\opencsv-2.0.jar;C:\Users\Lenovo\.m2\repository\commons-beanutils\commons-beanutils\1.9.4\commons-beanutils-1.9.4.jar;C:\Users\Lenovo\.m2\repository\org\apache\commons\commons-lang3\3.12.0\commons-lang3-3.12.0.jar;C:\Users\Lenovo\.m2\repository\commons-collections\commons-collections\3.2.2\commons-collections-3.2.2.jar;C:\Users\Lenovo\.m2\repository\org\fluentlenium\fluentlenium-core\0.10.2\fluentlenium-core-0.10.2.jar;C:\Users\Lenovo\.m2\repository\io\github\bonigarcia\webdrivermanager\5.3.0\webdrivermanager-5.3.0.jar;C:\Users\Lenovo\.m2\repository\com\github\docker-java\docker-java\3.2.13\docker-java-3.2.13.jar;C:\Users\Lenovo\.m2\repository\com\github\docker-java\docker-java-core\3.2.13\docker-java-core-3.2.13.jar;C:\Users\Lenovo\.m2\repository\com\github\docker-java\docker-java-api\3.2.13\docker-java-api-3.2.13.jar;C:\Users\Lenovo\.m2\repository\org\apache\commons\commons-compress\1.21\commons-compress-1.21.jar;C:\Users\Lenovo\.m2\repository\org\bouncycastle\bcpkix-jdk15on\1.64\bcpkix-jdk15on-1.64.jar;C:\Users\Lenovo\.m2\repository\org\bouncycastle\bcprov-jdk15on\1.64\bcprov-jdk15on-1.64.jar;C:\Users\Lenovo\.m2\repository\org\slf4j\jcl-over-slf4j\1.7.30\jcl-over-slf4j-1.7.30.jar;C:\Users\Lenovo\.m2\repository\com\github\docker-java\docker-java-transport-httpclient5\3.2.13\docker-java-transport-httpclient5-3.2.13.jar;C:\Users\Lenovo\.m2\repository\com\github\docker-java\docker-java-transport\3.2.13\docker-java-transport-3.2.13.jar;C:\Users\Lenovo\.m2\repository\net\java\dev\jna\jna\5.8.0\jna-5.8.0.jar;C:\Users\Lenovo\.m2\repository\org\brotli\dec\0.1.2\dec-0.1.2.jar;C:\Users\Lenovo\.m2\repository\org\apache\httpcomponents\client5\httpclient5\5.1.3\httpclient5-5.1.3.jar;C:\Users\Lenovo\.m2\repository\org\apache\httpcomponents\core5\httpcore5\5.1.3\httpcore5-5.1.3.jar;C:\Users\Lenovo\.m2\repository\org\apache\httpcomponents\core5\httpcore5-h2\5.1.3\httpcore5-h2-5.1.3.jar;C:\Users\Lenovo\.m2\repository\com\jhlabs\filters\2.0.235\filters-2.0.235.jar;C:\Users\Lenovo\.m2\repository\com\paulhammant\ngwebdriver\1.1.6\ngwebdriver-1.1.6.jar;C:\Users\Lenovo\.m2\repository\joda-time\joda-time\2.8.2\joda-time-2.8.2.jar;C:\Users\Lenovo\.m2\repository\org\hamcrest\hamcrest\2.2\hamcrest-2.2.jar;C:\Users\Lenovo\.m2\repository\com\google\jimfs\jimfs\1.2\jimfs-1.2.jar;C:\Users\Lenovo\.m2\repository\org\mockito\mockito-core\3.3.3\mockito-core-3.3.3.jar;C:\Users\Lenovo\.m2\repository\javax\xml\bind\jaxb-api\2.3.1\jaxb-api-2.3.1.jar;C:\Users\Lenovo\.m2\repository\javax\activation\javax.activation-api\1.2.0\javax.activation-api-1.2.0.jar;C:\Users\Lenovo\.m2\repository\com\sun\xml\bind\jaxb-core\2.3.0.1\jaxb-core-2.3.0.1.jar;C:\Users\Lenovo\.m2\repository\com\sun\xml\bind\jaxb-impl\2.3.3\jaxb-impl-2.3.3.jar;C:\Users\Lenovo\.m2\repository\jakarta\xml\bind\jakarta.xml.bind-api\2.3.3\jakarta.xml.bind-api-2.3.3.jar;C:\Users\Lenovo\.m2\repository\com\sun\activation\jakarta.activation\1.2.2\jakarta.activation-1.2.2.jar;C:\Users\Lenovo\.m2\repository\javax\activation\activation\1.1.1\activation-1.1.1.jar;C:\Users\Lenovo\.m2\repository\net\serenity-bdd\serenity-rest-assured\3.6.12\serenity-rest-assured-3.6.12.jar;C:\Users\Lenovo\.m2\repository\io\rest-assured\rest-assured\5.2.0\rest-assured-5.2.0.jar;C:\Users\Lenovo\.m2\repository\org\apache\httpcomponents\httpmime\4.5.13\httpmime-4.5.13.jar;C:\Users\Lenovo\.m2\repository\org\ccil\cowan\tagsoup\tagsoup\1.2.1\tagsoup-1.2.1.jar;C:\Users\Lenovo\.m2\repository\io\rest-assured\json-path\5.2.0\json-path-5.2.0.jar;C:\Users\Lenovo\.m2\repository\io\rest-assured\rest-assured-common\5.2.0\rest-assured-common-5.2.0.jar;C:\Users\Lenovo\.m2\repository\io\rest-assured\xml-path\5.2.0\xml-path-5.2.0.jar;C:\Users\Lenovo\.m2\repository\org\apache\groovy\groovy-json\4.0.6\groovy-json-4.0.6.jar;C:\Users\Lenovo\.m2\repository\org\apache\groovy\groovy-xml\4.0.6\groovy-xml-4.0.6.jar;C:\Users\Lenovo\.m2\repository\org\opentest4j\opentest4j\1.2.0\opentest4j-1.2.0.jar;C:\Users\Lenovo\.m2\repository\net\serenity-bdd\serenity-cucumber\3.6.12\serenity-cucumber-3.6.12.jar;C:\Users\Lenovo\.m2\repository\io\cucumber\cucumber-core\7.11.0\cucumber-core-7.11.0.jar;C:\Users\Lenovo\.m2\repository\io\cucumber\cucumber-gherkin\7.11.0\cucumber-gherkin-7.11.0.jar;C:\Users\Lenovo\.m2\repository\io\cucumber\cucumber-gherkin-messages\7.11.0\cucumber-gherkin-messages-7.11.0.jar;C:\Users\Lenovo\.m2\repository\io\cucumber\gherkin\26.0.3\gherkin-26.0.3.jar;C:\Users\Lenovo\.m2\repository\io\cucumber\messages\21.0.1\messages-21.0.1.jar;C:\Users\Lenovo\.m2\repository\io\cucumber\tag-expressions\5.0.1\tag-expressions-5.0.1.jar;C:\Users\Lenovo\.m2\repository\io\cucumber\cucumber-expressions\16.1.1\cucumber-expressions-16.1.1.jar;C:\Users\Lenovo\.m2\repository\io\cucumber\datatable\7.11.0\datatable-7.11.0.jar;C:\Users\Lenovo\.m2\repository\io\cucumber\cucumber-plugin\7.11.0\cucumber-plugin-7.11.0.jar;C:\Users\Lenovo\.m2\repository\io\cucumber\docstring\7.11.0\docstring-7.11.0.jar;C:\Users\Lenovo\.m2\repository\io\cucumber\html-formatter\20.2.1\html-formatter-20.2.1.jar;C:\Users\Lenovo\.m2\repository\io\cucumber\junit-xml-formatter\0.1.0\junit-xml-formatter-0.1.0.jar;C:\Users\Lenovo\.m2\repository\io\cucumber\ci-environment\9.1.0\ci-environment-9.1.0.jar;C:\Users\Lenovo\.m2\repository\io\cucumber\cucumber-java\7.11.0\cucumber-java-7.11.0.jar;C:\Users\Lenovo\.m2\repository\io\cucumber\cucumber-junit\7.11.0\cucumber-junit-7.11.0.jar;C:\Users\Lenovo\.m2\repository\org\apache\commons\commons-csv\1.5\commons-csv-1.5.jar;C:\Users\Lenovo\.m2\repository\net\serenity-bdd\serenity-screenplay\3.6.12\serenity-screenplay-3.6.12.jar;C:\Users\Lenovo\.m2\repository\net\serenity-bdd\serenity-screenplay-webdriver\3.6.12\serenity-screenplay-webdriver-3.6.12.jar;C:\Users\Lenovo\.m2\repository\net\serenity-bdd\serenity-ensure\3.6.12\serenity-ensure-3.6.12.jar;C:\Users\Lenovo\.m2\repository\net\serenity-bdd\serenity-junit\3.6.12\serenity-junit-3.6.12.jar;C:\Users\Lenovo\.m2\repository\org\jetbrains\kotlin\kotlin-stdlib\1.7.21\kotlin-stdlib-1.7.21.jar;C:\Users\Lenovo\.m2\repository\org\jetbrains\kotlin\kotlin-stdlib-common\1.7.21\kotlin-stdlib-common-1.7.21.jar;C:\Users\Lenovo\.m2\repository\org\jetbrains\annotations\13.0\annotations-13.0.jar;C:\Users\Lenovo\.m2\repository\org\junit\platform\junit-platform-launcher\1.9.2\junit-platform-launcher-1.9.2.jar;C:\Users\Lenovo\.m2\repository\org\junit\platform\junit-platform-engine\1.9.2\junit-platform-engine-1.9.2.jar;C:\Users\Lenovo\.m2\repository\org\junit\platform\junit-platform-commons\1.9.2\junit-platform-commons-1.9.2.jar;C:\Users\Lenovo\.m2\repository\org\apiguardian\apiguardian-api\1.1.2\apiguardian-api-1.1.2.jar;C:\Users\Lenovo\.m2\repository\org\junit\jupiter\junit-jupiter-engine\5.9.2\junit-jupiter-engine-5.9.2.jar;C:\Users\Lenovo\.m2\repository\org\junit\jupiter\junit-jupiter-api\5.9.2\junit-jupiter-api-5.9.2.jar;C:\Users\Lenovo\.m2\repository\org\junit\vintage\junit-vintage-engine\5.9.2\junit-vintage-engine-5.9.2.jar;C:\Users\Lenovo\.m2\repository\junit\junit\4.13.2\junit-4.13.2.jar;C:\Users\Lenovo\.m2\repository\org\hamcrest\hamcrest-core\1.3\hamcrest-core-1.3.jar;C:\Users\Lenovo\.m2\repository\ch\qos\logback\logback-classic\1.4.6\logback-classic-1.4.6.jar;C:\Users\Lenovo\.m2\repository\ch\qos\logback\logback-core\1.4.6\logback-core-1.4.6.jar;C:\Users\Lenovo\.m2\repository\org\slf4j\slf4j-api\2.0.4\slf4j-api-2.0.4.jar;C:\Users\Lenovo\.m2\repository\org\assertj\assertj-core\3.24.2\assertj-core-3.24.2.jar;C:\Users\Lenovo\.m2\repository\net\bytebuddy\byte-buddy\1.12.21\byte-buddy-1.12.21.jar;C:\Users\Lenovo\.m2\repository\com\googlecode\json-simple\json-simple\1.1.1\json-simple-1.1.1.jar;C:\Users\Lenovo\.m2\repository\org\testng\testng\7.7.0\testng-7.7.0.jar;C:\Users\Lenovo\.m2\repository\com\beust\jcommander\1.82\jcommander-1.82.jar;C:\Users\Lenovo\.m2\repository\org\webjars\jquery\3.6.1\jquery-3.6.1.jar;C:\Users\Lenovo\.m2\repository\org\apache\maven\surefire\surefire-junit-platform\3.0.0-M5\surefire-junit-platform-3.0.0-M5.jar;C:\Users\Lenovo\.m2\repository\org\apache\maven\surefire\common-java5\3.0.0-M5\common-java5-3.0.0-M5.jar"/>
    <property name="user.script" value=""/>
    <property name="sun.management.compiler" value="HotSpot 64-Bit Tiered Compilers"/>
    <property name="java.runtime.version" value="17.0.8+9-LTS-211"/>
    <property name="user.name" value="Lenovo"/>
    <property name="path.separator" value=";"/>
    <property name="os.version" value="10.0"/>
    <property name="java.runtime.name" value="Java(TM) SE Runtime Environment"/>
    <property name="file.encoding" value="Cp1252"/>
    <property name="webdriver.base.url" value=""/>
    <property name="java.vm.name" value="Java HotSpot(TM) 64-Bit Server VM"/>
    <property name="localRepository" value="C:\Users\Lenovo\.m2\repository"/>
    <property name="java.vendor.url.bug" value="https://bugreport.java.com/bugreport/"/>
    <property name="java.io.tmpdir" value="C:\Users\Lenovo\AppData\Local\Temp\"/>
    <property name="java.version" value="17.0.8"/>
    <property name="user.dir" value="D:\TaksAlterra\MiniProject\MiniProject_API"/>
    <property name="os.arch" value="amd64"/>
    <property name="java.vm.specification.name" value="Java Virtual Machine Specification"/>
    <property name="sun.os.patch.level" value=""/>
    <property name="native.encoding" value="Cp1252"/>
    <property name="java.library.path" value="C:\Program Files\Java\jdk-17\bin;C:\WINDOWS\Sun\Java\bin;C:\WINDOWS\system32;C:\WINDOWS;C:\Program Files\Python311\Scripts\;C:\Program Files\Python311\;C:\Program Files\Common Files\Oracle\Java\javapath;C:\WINDOWS\system32;C:\WINDOWS;C:\WINDOWS\System32\Wbem;C:\WINDOWS\System32\WindowsPowerShell\v1.0\;C:\WINDOWS\System32\OpenSSH\;C:\Program Files\Microsoft VS Code\bin;C:\Program Files\Cloudflare\Cloudflare WARP\;C:\mingw32\bin;C:\Program Files\nodejs\;C:\Program Files\Git\cmd;C:\xampp\php;C:\composer;C:\Program Files\Java\jdk-17\bin;D:\maven\apache-maven-3.9.4\bin;C:\Users\Lenovo\AppData\Roaming\npm;C:\Program Files\Genymobile\Genymotion\tools;C:\Users\Lenovo\AppData\Local\Microsoft\WindowsApps;;C:\Users\Lenovo\AppData\Local\spicetify;C:\Users\Lenovo\AppData\Roaming\npm;C:\Users\Lenovo\AppData\Roaming\Composer\vendor\bin;."/>
    <property name="java.vm.info" value="mixed mode"/>
    <property name="java.vendor" value="Oracle Corporation"/>
    <property name="java.vm.version" value="17.0.8+9-LTS-211"/>
    <property name="sun.io.unicode.encoding" value="UnicodeLittle"/>
    <property name="java.class.version" value="61.0"/>
  </properties>
  <testcase name="TC73 - Get comment products valid endpoints" classname="[08_Automation] - Comment" time="2.804">
    <system-out><![CDATA[04:37:21.438 [main] DEBUG net.thucydides.core.guice.Injectors -- Created injector for module net.thucydides.core.guice.ThucydidesModule
04:37:21.691 [main] INFO io.cucumber.core.plugin.SerenityReporter -- Running feature from file:///D:/TaksAlterra/MiniProject/MiniProject_API/src/test/resources/Comment.feature
04:37:21.691 [main] WARN io.cucumber.core.plugin.SerenityReporter -- Feature from file:///D:/TaksAlterra/MiniProject/MiniProject_API/src/test/resources/Comment.feature is not under the 'features' directory. Requirements report will not be correctly generated!
04:37:21.826 [main] DEBUG net.thucydides.core.guice.Injectors -- Created injector for module net.thucydides.core.guice.webdriver.WebDriverModule
04:37:21.845 [main] INFO  -- 

-------------------------------------------------------------------------------------
     _______. _______ .______       _______ .__   __.  __  .___________.____    ____ 
    /       ||   ____||   _  \     |   ____||  \ |  | |  | |           |\   \  /   / 
   |   (----`|  |__   |  |_)  |    |  |__   |   \|  | |  | `---|  |----` \   \/   /  
    \   \    |   __|  |      /     |   __|  |  . `  | |  |     |  |       \_    _/   
.----)   |   |  |____ |  |\  \----.|  |____ |  |\   | |  |     |  |         |  |     
|_______/    |_______|| _| `._____||_______||__| \__| |__|     |__|         |__|    
                                                                                     
 News and tutorials at http://www.serenity-bdd.info                                  
 Documentation at https://wakaleo.gitbooks.io/the-serenity-book/content/             
 Join the Serenity Community on Gitter: https://gitter.im/serenity-bdd/serenity-core 
 Serenity BDD Support and Training at http://serenity-bdd.info/#/trainingandsupport  
-------------------------------------------------------------------------------------

04:37:21.847 [main] DEBUG net.thucydides.core.steps.StepEventBus -- Test suite started for story net.thucydides.core.model.Story@67ab0f63
04:37:21.849 [main] INFO  -- Test Suite Started: [08_Automation] - Comment
04:37:21.860 [main] INFO io.cucumber.core.plugin.SerenityReporter -- Running feature from file:///D:/TaksAlterra/MiniProject/MiniProject_API/src/test/resources/Login.feature
04:37:21.860 [main] WARN io.cucumber.core.plugin.SerenityReporter -- Feature from file:///D:/TaksAlterra/MiniProject/MiniProject_API/src/test/resources/Login.feature is not under the 'features' directory. Requirements report will not be correctly generated!
04:37:21.865 [main] DEBUG net.thucydides.core.steps.StepEventBus -- Test suite started for story net.thucydides.core.model.Story@9ac5c9a9
04:37:21.865 [main] INFO  -- Test Suite Started: [02_Automation] - Login
04:37:21.865 [main] INFO io.cucumber.core.plugin.SerenityReporter -- Running feature from file:///D:/TaksAlterra/MiniProject/MiniProject_API/src/test/resources/Orders.feature
04:37:21.866 [main] WARN io.cucumber.core.plugin.SerenityReporter -- Feature from file:///D:/TaksAlterra/MiniProject/MiniProject_API/src/test/resources/Orders.feature is not under the 'features' directory. Requirements report will not be correctly generated!
04:37:21.869 [main] DEBUG net.thucydides.core.steps.StepEventBus -- Test suite started for story net.thucydides.core.model.Story@d9dd1d4b
04:37:21.870 [main] INFO  -- Test Suite Started: [06_Automation] - Orders
04:37:21.870 [main] INFO io.cucumber.core.plugin.SerenityReporter -- Running feature from file:///D:/TaksAlterra/MiniProject/MiniProject_API/src/test/resources/ProductCategories.feature
04:37:21.870 [main] WARN io.cucumber.core.plugin.SerenityReporter -- Feature from file:///D:/TaksAlterra/MiniProject/MiniProject_API/src/test/resources/ProductCategories.feature is not under the 'features' directory. Requirements report will not be correctly generated!
04:37:21.874 [main] DEBUG net.thucydides.core.steps.StepEventBus -- Test suite started for story net.thucydides.core.model.Story@97399b2e
04:37:21.874 [main] INFO  -- Test Suite Started: [04_Automation] - Product Categories
04:37:21.874 [main] INFO io.cucumber.core.plugin.SerenityReporter -- Running feature from file:///D:/TaksAlterra/MiniProject/MiniProject_API/src/test/resources/Products.feature
04:37:21.874 [main] WARN io.cucumber.core.plugin.SerenityReporter -- Feature from file:///D:/TaksAlterra/MiniProject/MiniProject_API/src/test/resources/Products.feature is not under the 'features' directory. Requirements report will not be correctly generated!
04:37:21.878 [main] DEBUG net.thucydides.core.steps.StepEventBus -- Test suite started for story net.thucydides.core.model.Story@6d4c1ca7
04:37:21.878 [main] INFO  -- Test Suite Started: [05_Automation] - Product
04:37:21.878 [main] INFO io.cucumber.core.plugin.SerenityReporter -- Running feature from file:///D:/TaksAlterra/MiniProject/MiniProject_API/src/test/resources/Ratings.feature
04:37:21.879 [main] WARN io.cucumber.core.plugin.SerenityReporter -- Feature from file:///D:/TaksAlterra/MiniProject/MiniProject_API/src/test/resources/Ratings.feature is not under the 'features' directory. Requirements report will not be correctly generated!
04:37:21.881 [main] DEBUG net.thucydides.core.steps.StepEventBus -- Test suite started for story net.thucydides.core.model.Story@f34dfc64
04:37:21.882 [main] INFO  -- Test Suite Started: [07_Automation] - Ratings
04:37:21.882 [main] INFO io.cucumber.core.plugin.SerenityReporter -- Running feature from file:///D:/TaksAlterra/MiniProject/MiniProject_API/src/test/resources/Register.feature
04:37:21.882 [main] WARN io.cucumber.core.plugin.SerenityReporter -- Feature from file:///D:/TaksAlterra/MiniProject/MiniProject_API/src/test/resources/Register.feature is not under the 'features' directory. Requirements report will not be correctly generated!
04:37:21.885 [main] DEBUG net.thucydides.core.steps.StepEventBus -- Test suite started for story net.thucydides.core.model.Story@7a445946
04:37:21.885 [main] INFO  -- Test Suite Started: [01_Automation] - Register
04:37:21.885 [main] INFO io.cucumber.core.plugin.SerenityReporter -- Running feature from file:///D:/TaksAlterra/MiniProject/MiniProject_API/src/test/resources/UserInformation.feature
04:37:21.885 [main] WARN io.cucumber.core.plugin.SerenityReporter -- Feature from file:///D:/TaksAlterra/MiniProject/MiniProject_API/src/test/resources/UserInformation.feature is not under the 'features' directory. Requirements report will not be correctly generated!
04:37:21.888 [main] DEBUG net.thucydides.core.steps.StepEventBus -- Test suite started for story net.thucydides.core.model.Story@18f4b3f3
04:37:21.888 [main] INFO  -- Test Suite Started: [03_Automation] - User Information
04:37:21.889 [main] INFO io.cucumber.core.plugin.SerenityReporter -- Running feature from file:///D:/TaksAlterra/MiniProject/MiniProject_API/src/test/resources/Comment.feature
04:37:21.889 [main] WARN io.cucumber.core.plugin.SerenityReporter -- Feature from file:///D:/TaksAlterra/MiniProject/MiniProject_API/src/test/resources/Comment.feature is not under the 'features' directory. Requirements report will not be correctly generated!
04:37:21.890 [main] DEBUG net.thucydides.core.steps.StepEventBus -- Test suite started for story net.thucydides.core.model.Story@67ab0f63
04:37:21.891 [main] INFO  -- Test Suite Started: [08_Automation] - Comment

Scenario: TC73 - Get comment products valid endpoints           &amp#27;[90m# src/test/resources/Comment.feature:3&amp#27;[0m
04:37:21.982 [main] INFO io.cucumber.core.plugin.SerenityReporter -- Running feature from file:///D:/TaksAlterra/MiniProject/MiniProject_API/src/test/resources/Comment.feature
04:37:21.982 [main] WARN io.cucumber.core.plugin.SerenityReporter -- Feature from file:///D:/TaksAlterra/MiniProject/MiniProject_API/src/test/resources/Comment.feature is not under the 'features' directory. Requirements report will not be correctly generated!
04:37:22.068 [main] INFO  -- 
  _____   ___   ___   _____     ___   _____     _     ___   _____   ___   ___  
 |_   _| | __| / __| |_   _|   / __| |_   _|   /_\   | _ \ |_   _| | __| |   \ 
   | |   | _|  \__ \   | |     \__ \   | |    / _ \  |   /   | |   | _|  | |) |
   |_|   |___| |___/   |_|     |___/   |_|   /_/ \_\ |_|_\   |_|   |___| |___/ 

TC73 - Get comment products valid endpoints([08-automation]---comment;tc73---get-comment-products-valid-endpoints)
--------------------------------------------------------------------------------
04:37:22.411 [main] DEBUG net.thucydides.core.steps.StepInterceptor -- STARTING STEP: CommentSteps.getCommentProductsEndpoints - I GET comment products endpoints
04:37:22.413 [main] DEBUG net.thucydides.core.steps.StepInterceptor -- STEP DONE: I GET comment products endpoints
  &amp#27;[32mGiven &amp#27;[0m&amp#27;[32mI GET comment products endpoints&amp#27;[0m                        &amp#27;[90m# starter.stepdefinition.CommentSteps.getCommentProductsEndpoints()&amp#27;[0m
04:37:22.421 [main] DEBUG net.thucydides.core.steps.StepInterceptor -- STARTING STEP: CommentSteps.getHTTPRequestWithValidDataForCommentsProducts - I GET HTTP request with valid data for comments products
04:37:23.776 [main] DEBUG net.thucydides.core.steps.StepInterceptor -- STARTING STEP: Comment.getHTTPRequestWithValidDataForCommentsProducts - I GET comment products endpoints
04:37:23.777 [main] DEBUG net.thucydides.core.steps.StepInterceptor -- STEP DONE: I GET comment products endpoints
04:37:24.292 [main] DEBUG org.apache.http.impl.conn.BasicClientConnectionManager -- Get connection for route {s}->https://altashop-api.fly.dev:443
04:37:24.391 [main] DEBUG org.apache.http.impl.conn.DefaultClientConnectionOperator -- Connecting to altashop-api.fly.dev:443
04:37:24.547 [main] DEBUG org.apache.http.client.protocol.RequestAddCookies -- CookieSpec selected: ignoreCookies
04:37:24.548 [main] DEBUG org.apache.http.client.protocol.RequestAuthCache -- Auth cache not set in the context
04:37:24.548 [main] DEBUG org.apache.http.client.protocol.RequestProxyAuthentication -- Proxy auth state: UNCHALLENGED
04:37:24.548 [main] DEBUG org.apache.http.impl.client.DefaultHttpClient -- Attempt 1 to execute request
04:37:24.549 [main] DEBUG org.apache.http.impl.conn.DefaultClientConnection -- Sending request: GET /api/products/2/comments HTTP/1.1
04:37:24.549 [main] DEBUG org.apache.http.wire --  >> "GET /api/products/2/comments HTTP/1.1[\r][\n]"
04:37:24.549 [main] DEBUG org.apache.http.wire --  >> "Authorization: Bearer eyJhbGciOiJIUzI1NiIsInR5cCI6IkpXVCJ9.eyJGdWxsbmFtZSI6Ik5hdXJhIFZpZXRhIEhhZmxhIiwiRW1haWwiOiJuYXVyYWhhZmxhQGdtYWlsLmNvbSJ9.s7o8kacM5c5L7fMRQwNBVTO4m2AeQS4Fu9QSdP9ASbA[\r][\n]"
04:37:24.549 [main] DEBUG org.apache.http.wire --  >> "Accept: */*[\r][\n]"
04:37:24.549 [main] DEBUG org.apache.http.wire --  >> "Host: altashop-api.fly.dev[\r][\n]"
04:37:24.549 [main] DEBUG org.apache.http.wire --  >> "Connection: Keep-Alive[\r][\n]"
04:37:24.549 [main] DEBUG org.apache.http.wire --  >> "User-Agent: Apache-HttpClient/4.5.13 (Java/17.0.8)[\r][\n]"
04:37:24.549 [main] DEBUG org.apache.http.wire --  >> "Accept-Encoding: gzip,deflate[\r][\n]"
04:37:24.550 [main] DEBUG org.apache.http.wire --  >> "[\r][\n]"
04:37:24.550 [main] DEBUG org.apache.http.headers -- >> GET /api/products/2/comments HTTP/1.1
04:37:24.550 [main] DEBUG org.apache.http.headers -- >> Authorization: Bearer eyJhbGciOiJIUzI1NiIsInR5cCI6IkpXVCJ9.eyJGdWxsbmFtZSI6Ik5hdXJhIFZpZXRhIEhhZmxhIiwiRW1haWwiOiJuYXVyYWhhZmxhQGdtYWlsLmNvbSJ9.s7o8kacM5c5L7fMRQwNBVTO4m2AeQS4Fu9QSdP9ASbA
04:37:24.550 [main] DEBUG org.apache.http.headers -- >> Accept: */*
04:37:24.550 [main] DEBUG org.apache.http.headers -- >> Host: altashop-api.fly.dev
04:37:24.550 [main] DEBUG org.apache.http.headers -- >> Connection: Keep-Alive
04:37:24.550 [main] DEBUG org.apache.http.headers -- >> User-Agent: Apache-HttpClient/4.5.13 (Java/17.0.8)
04:37:24.550 [main] DEBUG org.apache.http.headers -- >> Accept-Encoding: gzip,deflate
04:37:24.582 [main] DEBUG org.apache.http.wire --  << "HTTP/1.1 200 OK[\r][\n]"
04:37:24.583 [main] DEBUG org.apache.http.wire --  << "content-type: application/json[\r][\n]"
04:37:24.583 [main] DEBUG org.apache.http.wire --  << "date: Mon, 30 Oct 2023 21:37:26 GMT[\r][\n]"
04:37:24.583 [main] DEBUG org.apache.http.wire --  << "transfer-encoding: chunked[\r][\n]"
04:37:24.583 [main] DEBUG org.apache.http.wire --  << "content-encoding: gzip[\r][\n]"
04:37:24.583 [main] DEBUG org.apache.http.wire --  << "server: Fly/7328d5b5 (2023-10-27)[\r][\n]"
04:37:24.583 [main] DEBUG org.apache.http.wire --  << "via: 1.1 fly.io[\r][\n]"
04:37:24.583 [main] DEBUG org.apache.http.wire --  << "fly-request-id: 01HE18A9K5TMZK4QRSCAG9A370-sin[\r][\n]"
04:37:24.583 [main] DEBUG org.apache.http.wire --  << "[\r][\n]"
04:37:24.583 [main] DEBUG org.apache.http.impl.conn.DefaultClientConnection -- Receiving response: HTTP/1.1 200 OK
04:37:24.584 [main] DEBUG org.apache.http.headers -- << HTTP/1.1 200 OK
04:37:24.584 [main] DEBUG org.apache.http.headers -- << content-type: application/json
04:37:24.584 [main] DEBUG org.apache.http.headers -- << date: Mon, 30 Oct 2023 21:37:26 GMT
04:37:24.584 [main] DEBUG org.apache.http.headers -- << transfer-encoding: chunked
04:37:24.584 [main] DEBUG org.apache.http.headers -- << content-encoding: gzip
04:37:24.584 [main] DEBUG org.apache.http.headers -- << server: Fly/7328d5b5 (2023-10-27)
04:37:24.584 [main] DEBUG org.apache.http.headers -- << via: 1.1 fly.io
04:37:24.584 [main] DEBUG org.apache.http.headers -- << fly-request-id: 01HE18A9K5TMZK4QRSCAG9A370-sin
04:37:24.587 [main] DEBUG org.apache.http.impl.client.DefaultHttpClient -- Connection can be kept alive indefinitely
04:37:24.589 [main] DEBUG io.restassured.internal.RestAssuredHttpBuilder -- Parsing response as: application/json
04:37:24.589 [main] DEBUG org.apache.http.wire --  << "F3[\r][\n]"
04:37:24.589 [main] DEBUG org.apache.http.wire --  << "[0x1f][0x8b][0x8][0x0][0x0][0x0][0x0][0x0][0x4][0xff][0xaa]VJI,IT[0xb2][0x8a][0xae]V[0xf2]tQ[0xb2]244[0xb3]4[0xd7]Qr[0xce][0xcf]+I[0xcd]+Q[0xb2]R*[0xc9]HUHO[0xcc]M-VH,JUH/JM,Q[0xc8][0xcc]K[0xce])M[0xc9][0xcc]KWp/J[0xcc]S[0x8])-[0xca],[0xce][0xcd]W0WH*-Q(NL[0xc9][0xa9]Tp[0xf]1Q[0xc8],V[0xc8]-M[0xce]PHJ-)I-R[0xd2]Q[\n]"
04:37:24.589 [main] DEBUG org.apache.http.wire --  << "-N-R[0xb2][0xca]+[0xcd][0xc9][0xd1]Q[\n]"
04:37:24.590 [main] DEBUG org.apache.http.wire --  << "([0xca]O)M.[0x81]q[0x9d][0xf3]ss[0xc1][0x16][0x82]dku`[0x8e]174[0x19]D[0x8e]12[0x18]L[0x8e]1[0x1c]L[0x8e]1[0x1a]L[0x8e]1[0x1e]D[0x8e]1[0x1e]L[0x8e]1[0x19]L[0xd1]d2[0x98]B[0xc6]r[0x10][0xe5]&[0xb][0xa3]A[0x14]2[0x16]F[0x83][0xa8][0x4][0xb6]02[0x1d]<Y[0xdb][0xc2][0xc8]l09f[0x10][0xd5][0xda][0x16]F[0x16][0x83](d[0x8c][0x7]Q[0xad]mal9[0x88]B[0xc6][0x84][0xec][0x90][0x1][0x0][0x0][0x0][0xff][0xff]"
04:37:24.590 [main] DEBUG org.apache.http.wire --  << "[\r][\n]"
04:37:24.590 [main] DEBUG org.apache.http.wire --  << "151[\r][\n]"
04:37:24.590 [main] DEBUG org.apache.http.wire --  << "[0xa2]~K[0xcf][0xc2]d0[0x95][0xc0][0x83][0xa9][0xa2][0xb4]0[0x19]L%[0xb0][0xc9]`*[0xf4]L[0x7]SEi:[0x98]B[0xc6][0xc]%k'[0x92][0xd5][0xf9][0xb2]0C[0xc9][0x92][\n]"
04:37:24.590 [main] DEBUG org.apache.http.wire --  << "[0xe4][0x19]b1[0x98][0xea][0x2][0x8b]ATKZ[0x1a][0xa0][0xc4][0x91]_j[0xb9]BQjNjbq[0xaa]B[0x1][0xb4]sLN[0x97][0xd9][0xd2][0x0]%[0xd6][0xc0][0xfd][0xec]l[0x5][0xa7][0xc4][0xa2]R[0xb2][0xe2][0xcf][0xd2]p[0x10]5[0xb9],[\r][0x7]Q[0x1e][0xb3]4[0x1c]L[0x89][0xc9]p[0x10]e3[0xcb][0xc1]4Pbi[0x84][0x92][0x1f][0x6]v<[0xcb][0xd2]h[0x10][0xf5][0xc0]-M[0x6]S[0x2]6[0x19]D-cKS[0x94][0xa2]y[0x80][0xd3][0x8c][0xe9]`*[0x81]M[0x7]S[0x9a]1[0x1d]Li[0xc6]l0em[0xb3]A[0xd4]2[0xb6]4[0x1b]D[0x1d][0x18]K[0xb3][0xc1][0x94][0x9b][0xcc][0x6]S{[0xc6]l05![0xcc][0x6]S[0xd6]6[0x1f]L[0xd5][0x81][0xf9]`j[0xcf][0x98][0xf][0xa6]B[0xcf]|0[0x15]z[0xe6][0x83][0xa9][0xd0]3[0x1f]L[0x85][0x9e][0xf9]`*[0xf4][0xcc][0x7]S{[0xc6]|0[0x15]z[0x16][0x83][0xa9][0xd0][0xb3][0x18]L[0xb9][0xc9]r0[0x95]3[0x96][0x83]*d[0x6]S9c9[0x98][0xca][0x99][0xc1][0xb4][0xaa][0xc6][0xd2]r[0xf0][0xb4][0xf4][0x8c][0xc][0xc][0x6]O[0xa1]gd`8x[0xb2][0xb6][0x91][0xc1] [0x1a]z52[0x18]DC[0xaf]F[0x6][0x83]h[0xe8][0xd5][0xc8]`[0x10][\r][0xbd][0x1a][0x19][0x18][0xe][0xa6][0xdc]4[0x88][0xc6][0x81][0x8d][0xc][0x6][0xd1]8[0xb0][0x91][0xc1] [0x1a][0x7]62 }[0xbd][0x11][0x0][0x0][0x0][0xff][0xff]"
04:37:24.590 [main] DEBUG org.apache.http.wire --  << "[\r][\n]"
04:37:24.590 [main] DEBUG org.apache.http.wire --  << "274[\r][\n]"
04:37:24.590 [main] DEBUG org.apache.http.wire --  << "[0xa2][0xd9][0x8a]O#[0x83]A[0xb4][0xde][0xc8][0xc8]`[0x10][0xad]722[0x18]D[0xeb][0x8d][0x8c][0xc][0x8c][0x6]O[0xbf][0xc9][0xc8]`[0x10][0xad]7220[0x1a]L%[0xb0][0xf1][0xe0]i[0x90][0x1b][0x19][0xc][0xa2][0xc5]OF[0x6][0x83]h[0xf1][0x93][0x91][0xc1] Z[0xfc]dd0[0x88][0x16][0xe6][0x1a][0x19][0xc][0xa2][0xc5]OF[0x6]&[0x83])7[\r][0xa2][0x95]XF[0x6][0x83]h*[0xd9][0xc8][0xc0]d0uo[0x7][0xd1][0xbc][0xb6][0x91][0xc1] [0x9a][0xd7]620[0x1d]<[0x13][0x19]F[0x6][0xa6][0x83]g"[0xc3][0xc8]`[0x10][0xad]k420[0x1d]<[0x3][0x8c]F[0x6][0x83]h-[0x84][0x91][0x1][0xea][0xfa][0xc8][0x1]]%bd0[0x88][0xa6][0x92][0x8d][0xc][0x6][0xd1]T[0xb2][0x91][0xc1] [0x9a]J62[0x18]DS[0xc9]F[0x6][0x83]h*[0xd9][0xc8]`[0x10]M%[0x1b][0x19][0xc][0xa2][0xa9]d#[0x83]A4[0x95]ld0[0x88][0xa6][0x92][0x8d][0xc][0x6][0xd1]T[0xb2][0x91][0xc1] [0x9a]J620[0x1f]Lm[0xe0]A4[0xaf]md0[0x88][0xe6][0xb5][0x8d][0xc],[0x6]S[0x1b][0xd8]b0M~[\r][0xa2][0x19]#[0x3][0x8b]A[0xd4][0xf1]7[0x1c]L#[0xe4][0x86][0x83]i[0x84][0xdc]p0[\r][0xbd][0x1a][0xe][0xa2]}[0xa7]F[0x86][0xc6][0x83][0xa8][0x9c]14[0x1e]D}m[0xc3]At@[0x83][0x91][0xa1][0xf1] [0xea]k[0x1b][0x9a][0xe][0xa2]&[0x84]![0xea][0x86][0xc6][0x81][0xed]k[0x1b][0xe][0xa2][0xd5][0xf5]F[0x86][0x83]hA[0xbb][0x91][0xe1]`j[0xcf][0x18]Z[0xc][0xa6]rfP5!,[0x6][0xcf][0xd2]8##[0x83]AT[0xe8][0x19][0x19][0xc][0xaa][0x90][0x19]D[0x93][0xec]F[0x83]i[0x9d][0x9e][0x91][0xe1][0xe0]Y[0x9c]ldd8[0x88][0xca][0x19][0xa3][0xc1][0xb4][0x82][0xd1]h0[0xad]`4[0x1a]L+[0x18][0x8d][0x6][0xd3][0xa2]A[0xa3][0xc1][0xb4]h[0xd0]h0[0xad][0xd3]3[0x1a]L[0xcb][0x9c][0x8c][0x7]S[0xd6]6[0x1e]L[0xa3][0x10][0xc6][0x83][0xa9][0xe3]o<[0x98][0xfa][0xda][0xc6][0x83]i[0x1][0x98][0xb1][0xf1] j[0xcf][0x18][0x1b][0xf][0xa2][0xee][0xad][0xf1]`Z%b<[0x98][0x16]f[0x18][0xf][0xa2]c[0x95][0x8c][0x8c][0x7][0xd3][0x90][0x88][0xf1] :[0xfd][0xc0][0xc8]x0[0xad][0x85]0[0x1e]DG1[0x18][0x19][0xf][0xa2][0xd3][0xf][0x8c][0x8c][0x7][0xd3][0x1c][0xa5][0xf1]`[0x9a][0x16]4[0x1e]L[0xd3][0x82][0xc6][0x83]i[0xf2][0xcb]x[0x10][0x9d][0xe0]fdl9[0x88]:[0xfe][0xc6][0x83][0xe8][0xd4]`#[0xe3]A[0xb4]+[0xd9][0xc8][0xd8]r[0x10]M[0x98][0x1a][0xf][0xa2][0x8d][0xc0]F[0xc6][0x83]i[0xef][0xad][0x9][0xea][0x11][0x84][0x3];[0xab]b[0x82]zp[0xe1]@;f[0x10][0x8d][0x3][0x9b][0x18][0xc][0xa2][0xae][0x8a][0xc9]`[0x1a][0x7]61[0x1c]D[0xf3][0xda]&[0x83]i[0x1c][0xd8]d0[\r][0x16][0x99][0xc][0xa6]q`[0x93][0xc1]4[0xe]l2[0x98][0xc6][0x81]M[0x6][0xd3][0xd0][0xab][0xc9]`[0xda]"m2[0x98]F;M[0x6][0xd3][0x9a]+[0x93][0xc1]4Bn2[0x98]6[0x2][0x9b][0xc][0xa6][0x5]`&[0x6]T][0xdb][0x9][0x0][0x0][0x0][0xff][0xff]"
04:37:24.590 [main] DEBUG org.apache.http.wire --  << "[\r][\n]"
04:37:24.590 [main] DEBUG org.apache.http.wire --  << "185[\r][\n]"
04:37:24.590 [main] DEBUG org.apache.http.wire --  << "[0xa2][0xe8]V'#[0x13][0x83]A[0xd4];0[0x19]L[0xab][0xd1]L[0x6][0xd3][0x2]0[0x93][0xc1]4w`2[0x98][0xe6][0xe]L[0x6][0xd3][0xdc][0x81][0xc9]`[0xda][0xc9]n2[0x98]v[0xb2][0x9b][0xc][0xa6][0x9d][0xec]&[0x83]i'[0xbb][0xc9]`[0xda]<n2[0x98]6[0x8f][0x9b][0xc][0xa6][0x99]8[0x93][0xc1][0xb4]_[0xdb]d0m[0x91]6[0x19]L[[0xa4]M[0x6][0xd3][0xae]d[0x93][0xc1]4aj2[0x98]&LM[0x6][0xd3][0x84][0xa9][0xc9]`[0x9a]05[0x19]L[0x13][0xa6]&[0x83]i[0xc2][0xd4]d0[0xad][0xae]7A[0xdd]V[0xef][0x99][0x97][0xa9][0x90][0x98][0x92][0x98][0x93][0x98][0xa1][0x90][0xc][0xb9]>W!/?7[0xb5]H[0xc1][0x88][0x9c][0x9b]~[0x8c]LP[0xb7][0xa6]S[0xdd]t[0x94][0x91]Z[0xaa][0x9b][0x8e][0xd2][0xbd][0xa5][0xba][0xe9]([0xfd]U[0xaa][0x9b][0x8e][0xb2]*[0x8a][0xda][0xa6][0xa3]n[0xea][0xa4][0xba][0xe9]([0x87][0x9d]Q[0xdb]t[0xd4][0xf9]U[0xaa][0x9b]N[0xd3]4[0x83]:[0x3]Ju[0xb7][0xd3]4[0xcd]X[0xa2][0xc4][0xea][0xc0][0xce][0xc4][0x99][0xe][0xa6]9J[0xd3][0xc1]4Gij0[0x88][0xf6][0x1d][0x98][0xe][0xa6][0x1]F[0xd3][0xc1][0xb4][0xa5][0xc8]t0[0x8d]v[0x9a][0xe][0xa6])[0x1e][0xd3][0xc1]4[0xc5]c:[0x98]N[0xc1]5[0x1d]Lg[0xbd][0x9a][0xe][0xa6][0xd5][0xf5][0xa6][0x83]i[0xb8][0xde]t0[\r][0xd7][0x9b][0xe][0xa6][0xa1]W[0xd3]At[0x83][0xb2][0x91][0xe9]`[0x1a][0x7]6[0x1d]L[0xe3][0xc0][0xa6][0x83]i[0x1c][0xd8]t0[0x8d][0x3][0x9b][0xe][0xa6][0xa1]W[0xd3][0xc1][0xb4]#[0xc3]t0[0xcd]k[0x9b][0xe][0xa6][0xcd]V[0xa6][0x83][0xe9],[0x11]S[0xe3]A[0xb4][0x82][0xd1]t0[0x9d][0x9c]l:[0x98][0xce][0x7]6[0x1d]L[0xf3]M[0xa6][0x83]i[0x8a][0xc7]t0M[0xf1][0x98][0xe][0xa6]SpM[0x7][0xd3]|[0x93][0xe9]`[0x9a]o2[0x1d]D[0xd7][0x13][0x1b][0x99][0xd2]o[0xf2][0xb][0x0][0x0][0x0][0xff][0xff]"
04:37:24.590 [main] DEBUG org.apache.http.wire --  << "[\r][\n]"
04:37:24.591 [main] DEBUG org.apache.http.wire --  << "9C[\r][\n]"
04:37:24.591 [main] DEBUG org.apache.http.wire --  << "*M.Q[0xb2][0xca]+[0xcd][0xc9][0xd1]Qr[0x86]L[0x5]@[0xb8][0xb5]:[0xd5]J[0x9e].JV[0x86]F[0xa6][0x83]i[0xf2][0xcb]t0M~[0x99][0xe][0xa6][0xc9]/[0xd3][0xc1]t[0xb4][0x94][0xe9]`[0x9a][0x89]3[0x1d]L3q[0xa6][0x83][0xe9][0xb4]mS3[0x94][0xc9][0x80][0x1][0x1e][0xae]G[0x9d][0xa3][0x1c]h[0xc7][0xc][0xa6][0x89][0xc][0xd4][0xf9][0xd5][0x1][0xe][0x99][0xc1]t[0xf4][0xb7][0xe9]`:[0xfa][0xdb]t0[0x1d][0xfd]m:[0x98][0x8e][0xfe]6[0x1d]LG[0x9b][0xe][0xa6][0xa3][0xbf]M[0x7][0xd3][0xb6]zS[0xd4][0xa3][0xbf][0xa9]<[0xf3]l[0x8a][0xba]O[0x9e][0xea][0xa6][0xa3]LiR[0xdd]t[0x94]u[0x1c][0x3]\[0x2][0xf][0x82]3[0x18]ck[0xb9][0x0][0x0][0x0][0x0][0xff][0xff]"
04:37:24.591 [main] DEBUG org.apache.http.wire --  << "[\r][\n]"
04:37:24.591 [main] DEBUG org.apache.http.wire --  << "A[\r][\n]"
04:37:24.591 [main] DEBUG org.apache.http.wire --  << "[0x3][0x0][0xf8][0x14][0x9f][0x12][0x0][0x9c][0x0][0x0]"
04:37:24.591 [main] DEBUG org.apache.http.wire --  << "[\r][\n]"
04:37:24.591 [main] DEBUG org.apache.http.wire --  << "0[\r][\n]"
04:37:24.591 [main] DEBUG org.apache.http.wire --  << "[\r][\n]"
04:37:24.591 [main] DEBUG io.restassured.internal.RestAssuredHttpBuilder -- Parsed data to instance of: class org.apache.http.conn.EofSensorInputStream
04:37:24.617 [main] DEBUG org.apache.http.impl.conn.BasicClientConnectionManager -- Releasing connection org.apache.http.impl.conn.ManagedClientConnectionImpl@731e0bff
04:37:24.617 [main] DEBUG org.apache.http.impl.conn.BasicClientConnectionManager -- Connection can be kept alive indefinitely
04:37:24.665 [main] DEBUG net.thucydides.core.steps.StepInterceptor -- STEP DONE: I GET HTTP request with valid data for comments products
  &amp#27;[32mWhen &amp#27;[0m&amp#27;[32mI GET HTTP request with valid data for comments products&amp#27;[0m &amp#27;[90m# starter.stepdefinition.CommentSteps.getHTTPRequestWithValidDataForCommentsProducts()&amp#27;[0m
04:37:24.669 [main] DEBUG net.thucydides.core.steps.StepInterceptor -- STARTING STEP: CommentSteps.receiveResponseCode200ForCommentsProducts - I receive valid HTTP response 200 for comments products
04:37:24.688 [main] DEBUG net.thucydides.core.steps.StepInterceptor -- STEP DONE: I receive valid HTTP response 200 for comments products
  &amp#27;[32mThen &amp#27;[0m&amp#27;[32mI receive valid HTTP response 200 for comments products&amp#27;[0m  &amp#27;[90m# starter.stepdefinition.CommentSteps.receiveResponseCode200ForCommentsProducts()&amp#27;[0m
04:37:24.693 [main] INFO  -- 
  _____   ___   ___   _____     ___     _     ___   ___   ___   ___  
 |_   _| | __| / __| |_   _|   | _ \   /_\   / __| / __| | __| |   \ 
   | |   | _|  \__ \   | |     |  _/  / _ \  \__ \ \__ \ | _|  | |) |
   |_|   |___| |___/   |_|     |_|   /_/ \_\ |___/ |___/ |___| |___/ 

TC73 - Get comment products valid endpoints
----------------------------------------------------------------------
]]></system-out>
  </testcase>
  <testcase name="TC74 - Get comment for products invalid endpoints" classname="[08_Automation] - Comment" time="0.15">
    <system-out><![CDATA[
Scenario: TC74 - Get comment for products invalid endpoints                            &amp#27;[90m# src/test/resources/Comment.feature:8&amp#27;[0m
04:37:24.713 [main] INFO io.cucumber.core.plugin.SerenityReporter -- Running feature from file:///D:/TaksAlterra/MiniProject/MiniProject_API/src/test/resources/Comment.feature
04:37:24.713 [main] WARN io.cucumber.core.plugin.SerenityReporter -- Feature from file:///D:/TaksAlterra/MiniProject/MiniProject_API/src/test/resources/Comment.feature is not under the 'features' directory. Requirements report will not be correctly generated!
04:37:24.715 [main] INFO  -- 
  _____   ___   ___   _____     ___   _____     _     ___   _____   ___   ___  
 |_   _| | __| / __| |_   _|   / __| |_   _|   /_\   | _ \ |_   _| | __| |   \ 
   | |   | _|  \__ \   | |     \__ \   | |    / _ \  |   /   | |   | _|  | |) |
   |_|   |___| |___/   |_|     |___/   |_|   /_/ \_\ |_|_\   |_|   |___| |___/ 

TC74 - Get comment for products invalid endpoints([08-automation]---comment;tc74---get-comment-for-products-invalid-endpoints)
--------------------------------------------------------------------------------
04:37:24.723 [main] DEBUG net.thucydides.core.steps.StepInterceptor -- STARTING STEP: CommentSteps.getCommentProductsEndpoints2 - I GET comment products endpoints 2
04:37:24.723 [main] DEBUG net.thucydides.core.steps.StepInterceptor -- STEP DONE: I GET comment products endpoints 2
  &amp#27;[32mGiven &amp#27;[0m&amp#27;[32mI GET comment products endpoints 2&amp#27;[0m                                             &amp#27;[90m# starter.stepdefinition.CommentSteps.getCommentProductsEndpoints2()&amp#27;[0m
04:37:24.726 [main] DEBUG net.thucydides.core.steps.StepInterceptor -- STARTING STEP: CommentSteps.getHTTPRequestForCommentProductsUsingInvalidEndpoints - I GET HTTP request for comments products using invalid endpoints
04:37:24.729 [main] DEBUG net.thucydides.core.steps.StepInterceptor -- STARTING STEP: Comment.getHTTPRequestForCommentProductsUsingInvalidEndpoints - I GET comment products endpoints 2
04:37:24.729 [main] DEBUG net.thucydides.core.steps.StepInterceptor -- STEP DONE: I GET comment products endpoints 2
04:37:24.743 [main] DEBUG org.apache.http.impl.conn.BasicClientConnectionManager -- Get connection for route {s}->https://altashop-api.fly.dev:443
04:37:24.743 [main] DEBUG org.apache.http.impl.conn.DefaultClientConnectionOperator -- Connecting to altashop-api.fly.dev:443
04:37:24.807 [main] DEBUG org.apache.http.client.protocol.RequestAddCookies -- CookieSpec selected: ignoreCookies
04:37:24.807 [main] DEBUG org.apache.http.client.protocol.RequestAuthCache -- Auth cache not set in the context
04:37:24.807 [main] DEBUG org.apache.http.client.protocol.RequestProxyAuthentication -- Proxy auth state: UNCHALLENGED
04:37:24.807 [main] DEBUG org.apache.http.impl.client.DefaultHttpClient -- Attempt 1 to execute request
04:37:24.807 [main] DEBUG org.apache.http.impl.conn.DefaultClientConnection -- Sending request: GET /api/products/2/comment HTTP/1.1
04:37:24.807 [main] DEBUG org.apache.http.wire --  >> "GET /api/products/2/comment HTTP/1.1[\r][\n]"
04:37:24.807 [main] DEBUG org.apache.http.wire --  >> "Authorization: Bearer eyJhbGciOiJIUzI1NiIsInR5cCI6IkpXVCJ9.eyJGdWxsbmFtZSI6Ik5hdXJhIFZpZXRhIEhhZmxhIiwiRW1haWwiOiJuYXVyYWhhZmxhQGdtYWlsLmNvbSJ9.s7o8kacM5c5L7fMRQwNBVTO4m2AeQS4Fu9QSdP9ASbA[\r][\n]"
04:37:24.807 [main] DEBUG org.apache.http.wire --  >> "Accept: */*[\r][\n]"
04:37:24.807 [main] DEBUG org.apache.http.wire --  >> "Host: altashop-api.fly.dev[\r][\n]"
04:37:24.807 [main] DEBUG org.apache.http.wire --  >> "Connection: Keep-Alive[\r][\n]"
04:37:24.807 [main] DEBUG org.apache.http.wire --  >> "User-Agent: Apache-HttpClient/4.5.13 (Java/17.0.8)[\r][\n]"
04:37:24.807 [main] DEBUG org.apache.http.wire --  >> "Accept-Encoding: gzip,deflate[\r][\n]"
04:37:24.807 [main] DEBUG org.apache.http.wire --  >> "[\r][\n]"
04:37:24.807 [main] DEBUG org.apache.http.headers -- >> GET /api/products/2/comment HTTP/1.1
04:37:24.807 [main] DEBUG org.apache.http.headers -- >> Authorization: Bearer eyJhbGciOiJIUzI1NiIsInR5cCI6IkpXVCJ9.eyJGdWxsbmFtZSI6Ik5hdXJhIFZpZXRhIEhhZmxhIiwiRW1haWwiOiJuYXVyYWhhZmxhQGdtYWlsLmNvbSJ9.s7o8kacM5c5L7fMRQwNBVTO4m2AeQS4Fu9QSdP9ASbA
04:37:24.808 [main] DEBUG org.apache.http.headers -- >> Accept: */*
04:37:24.808 [main] DEBUG org.apache.http.headers -- >> Host: altashop-api.fly.dev
04:37:24.808 [main] DEBUG org.apache.http.headers -- >> Connection: Keep-Alive
04:37:24.808 [main] DEBUG org.apache.http.headers -- >> User-Agent: Apache-HttpClient/4.5.13 (Java/17.0.8)
04:37:24.808 [main] DEBUG org.apache.http.headers -- >> Accept-Encoding: gzip,deflate
04:37:24.833 [main] DEBUG org.apache.http.wire --  << "HTTP/1.1 404 Not Found[\r][\n]"
04:37:24.833 [main] DEBUG org.apache.http.wire --  << "date: Mon, 30 Oct 2023 21:37:26 GMT[\r][\n]"
04:37:24.833 [main] DEBUG org.apache.http.wire --  << "content-encoding: gzip[\r][\n]"
04:37:24.833 [main] DEBUG org.apache.http.wire --  << "content-type: text/plain; charset=utf-8[\r][\n]"
04:37:24.833 [main] DEBUG org.apache.http.wire --  << "transfer-encoding: chunked[\r][\n]"
04:37:24.833 [main] DEBUG org.apache.http.wire --  << "server: Fly/7328d5b5 (2023-10-27)[\r][\n]"
04:37:24.833 [main] DEBUG org.apache.http.wire --  << "via: 1.1 fly.io[\r][\n]"
04:37:24.833 [main] DEBUG org.apache.http.wire --  << "fly-request-id: 01HE18A9V4ZQHP5D0P3D69T4CY-sin[\r][\n]"
04:37:24.833 [main] DEBUG org.apache.http.wire --  << "[\r][\n]"
04:37:24.833 [main] DEBUG org.apache.http.impl.conn.DefaultClientConnection -- Receiving response: HTTP/1.1 404 Not Found
04:37:24.833 [main] DEBUG org.apache.http.headers -- << HTTP/1.1 404 Not Found
04:37:24.833 [main] DEBUG org.apache.http.headers -- << date: Mon, 30 Oct 2023 21:37:26 GMT
04:37:24.833 [main] DEBUG org.apache.http.headers -- << content-encoding: gzip
04:37:24.833 [main] DEBUG org.apache.http.headers -- << content-type: text/plain; charset=utf-8
04:37:24.833 [main] DEBUG org.apache.http.headers -- << transfer-encoding: chunked
04:37:24.833 [main] DEBUG org.apache.http.headers -- << server: Fly/7328d5b5 (2023-10-27)
04:37:24.833 [main] DEBUG org.apache.http.headers -- << via: 1.1 fly.io
04:37:24.833 [main] DEBUG org.apache.http.headers -- << fly-request-id: 01HE18A9V4ZQHP5D0P3D69T4CY-sin
04:37:24.833 [main] DEBUG org.apache.http.impl.client.DefaultHttpClient -- Connection can be kept alive indefinitely
04:37:24.834 [main] DEBUG io.restassured.internal.RestAssuredHttpBuilder -- Parsing response as: text/plain; charset=utf-8
04:37:24.834 [main] DEBUG org.apache.http.wire --  << "1E[\r][\n]"
04:37:24.834 [main] DEBUG org.apache.http.wire --  << "[0x1f][0x8b][0x8][0x0][0x0][0x0][0x0][0x0][0x4][0xff][0xcb][0xcb]/QH[0xcb]/[0xcd]K[0xe1][0x2][0x0][0xd4]I[0xfa]r[\n]"
04:37:24.834 [main] DEBUG org.apache.http.wire --  << "[0x0][0x0][0x0]"
04:37:24.834 [main] DEBUG org.apache.http.wire --  << "[\r][\n]"
04:37:24.834 [main] DEBUG org.apache.http.wire --  << "0[\r][\n]"
04:37:24.834 [main] DEBUG org.apache.http.wire --  << "[\r][\n]"
04:37:24.834 [main] DEBUG io.restassured.internal.RestAssuredHttpBuilder -- Parsed data to instance of: class org.apache.http.conn.EofSensorInputStream
04:37:24.839 [main] DEBUG org.apache.http.impl.conn.BasicClientConnectionManager -- Releasing connection org.apache.http.impl.conn.ManagedClientConnectionImpl@6a0e97fc
04:37:24.839 [main] DEBUG org.apache.http.impl.conn.BasicClientConnectionManager -- Connection can be kept alive indefinitely
04:37:24.840 [main] DEBUG net.thucydides.core.steps.StepInterceptor -- STEP DONE: I GET HTTP request for comments products using invalid endpoints
  &amp#27;[32mWhen &amp#27;[0m&amp#27;[32mI GET HTTP request for comments products using invalid endpoints&amp#27;[0m                &amp#27;[90m# starter.stepdefinition.CommentSteps.getHTTPRequestForCommentProductsUsingInvalidEndpoints()&amp#27;[0m
04:37:24.843 [main] DEBUG net.thucydides.core.steps.StepInterceptor -- STARTING STEP: CommentSteps.receiveResponseCode404ForCommentProductsUsingInvalidEndpoints - I receive valid HTTP response 404 for comments products using invalid endpoints
04:37:24.844 [main] DEBUG net.thucydides.core.steps.StepInterceptor -- STEP DONE: I receive valid HTTP response 404 for comments products using invalid endpoints
  &amp#27;[32mThen &amp#27;[0m&amp#27;[32mI receive valid HTTP response 404 for comments products using invalid endpoints&amp#27;[0m &amp#27;[90m# starter.stepdefinition.CommentSteps.receiveResponseCode404ForCommentProductsUsingInvalidEndpoints()&amp#27;[0m
04:37:24.846 [main] INFO  -- 
  _____   ___   ___   _____     ___     _     ___   ___   ___   ___  
 |_   _| | __| / __| |_   _|   | _ \   /_\   / __| / __| | __| |   \ 
   | |   | _|  \__ \   | |     |  _/  / _ \  \__ \ \__ \ | _|  | |) |
   |_|   |___| |___/   |_|     |_|   /_/ \_\ |___/ |___/ |___| |___/ 

TC74 - Get comment for products invalid endpoints
----------------------------------------------------------------------
]]></system-out>
  </testcase>
  <testcase name="TC75 - Create a comment for products" classname="[08_Automation] - Comment" time="0.177">
    <system-out><![CDATA[04:37:24.871 [Finalizer] DEBUG org.apache.http.impl.conn.DefaultClientConnection -- Connection 0.0.0.0:54360<->149.248.193.56:443 closed

Scenario: TC75 - Create a comment for products                       &amp#27;[90m# src/test/resources/Comment.feature:13&amp#27;[0m
04:37:24.875 [main] INFO io.cucumber.core.plugin.SerenityReporter -- Running feature from file:///D:/TaksAlterra/MiniProject/MiniProject_API/src/test/resources/Comment.feature
04:37:24.876 [main] WARN io.cucumber.core.plugin.SerenityReporter -- Feature from file:///D:/TaksAlterra/MiniProject/MiniProject_API/src/test/resources/Comment.feature is not under the 'features' directory. Requirements report will not be correctly generated!
04:37:24.878 [main] INFO  -- 
  _____   ___   ___   _____     ___   _____     _     ___   _____   ___   ___  
 |_   _| | __| / __| |_   _|   / __| |_   _|   /_\   | _ \ |_   _| | __| |   \ 
   | |   | _|  \__ \   | |     \__ \   | |    / _ \  |   /   | |   | _|  | |) |
   |_|   |___| |___/   |_|     |___/   |_|   /_/ \_\ |_|_\   |_|   |___| |___/ 

TC75 - Create a comment for products([08-automation]---comment;tc75---create-a-comment-for-products)
--------------------------------------------------------------------------------
04:37:24.886 [main] DEBUG net.thucydides.core.steps.StepInterceptor -- STARTING STEP: CommentSteps.postCreateCommentForProductsEndpoints - I POST create a comment for products endpoints
04:37:24.886 [main] DEBUG net.thucydides.core.steps.StepInterceptor -- STEP DONE: I POST create a comment for products endpoints
  &amp#27;[32mGiven &amp#27;[0m&amp#27;[32mI POST create a comment for products endpoints&amp#27;[0m               &amp#27;[90m# starter.stepdefinition.CommentSteps.postCreateCommentForProductsEndpoints()&amp#27;[0m
04:37:24.888 [main] DEBUG net.thucydides.core.steps.StepInterceptor -- STARTING STEP: CommentSteps.postHTTPRequestCreateCommentForProducts - I POST HTTP request create a comment for products
04:37:24.894 [main] DEBUG net.thucydides.core.steps.StepInterceptor -- STARTING STEP: Comment.postHTTPRequestCreateCommentForProducts - I POST create a comment for products endpoints
04:37:24.894 [main] DEBUG net.thucydides.core.steps.StepInterceptor -- STEP DONE: I POST create a comment for products endpoints
04:37:24.928 [main] DEBUG org.apache.http.impl.conn.BasicClientConnectionManager -- Get connection for route {s}->https://altashop-api.fly.dev:443
04:37:24.928 [main] DEBUG org.apache.http.impl.conn.DefaultClientConnectionOperator -- Connecting to altashop-api.fly.dev:443
04:37:24.984 [main] DEBUG org.apache.http.client.protocol.RequestAddCookies -- CookieSpec selected: ignoreCookies
04:37:24.984 [main] DEBUG org.apache.http.client.protocol.RequestAuthCache -- Auth cache not set in the context
04:37:24.984 [main] DEBUG org.apache.http.client.protocol.RequestProxyAuthentication -- Proxy auth state: UNCHALLENGED
04:37:24.984 [main] DEBUG org.apache.http.impl.client.DefaultHttpClient -- Attempt 1 to execute request
04:37:24.985 [main] DEBUG org.apache.http.impl.conn.DefaultClientConnection -- Sending request: POST /api/products/2/comments HTTP/1.1
04:37:24.985 [main] DEBUG org.apache.http.wire --  >> "POST /api/products/2/comments HTTP/1.1[\r][\n]"
04:37:24.985 [main] DEBUG org.apache.http.wire --  >> "Authorization: Bearer eyJhbGciOiJIUzI1NiIsInR5cCI6IkpXVCJ9.eyJGdWxsbmFtZSI6Ik5hdXJhIFZpZXRhIEhhZmxhIiwiRW1haWwiOiJuYXVyYWhhZmxhQGdtYWlsLmNvbSJ9.s7o8kacM5c5L7fMRQwNBVTO4m2AeQS4Fu9QSdP9ASbA[\r][\n]"
04:37:24.985 [main] DEBUG org.apache.http.wire --  >> "Accept: */*[\r][\n]"
04:37:24.985 [main] DEBUG org.apache.http.wire --  >> "Content-Type: application/json[\r][\n]"
04:37:24.985 [main] DEBUG org.apache.http.wire --  >> "Content-Length: 87[\r][\n]"
04:37:24.985 [main] DEBUG org.apache.http.wire --  >> "Host: altashop-api.fly.dev[\r][\n]"
04:37:24.985 [main] DEBUG org.apache.http.wire --  >> "Connection: Keep-Alive[\r][\n]"
04:37:24.985 [main] DEBUG org.apache.http.wire --  >> "User-Agent: Apache-HttpClient/4.5.13 (Java/17.0.8)[\r][\n]"
04:37:24.985 [main] DEBUG org.apache.http.wire --  >> "Accept-Encoding: gzip,deflate[\r][\n]"
04:37:24.985 [main] DEBUG org.apache.http.wire --  >> "[\r][\n]"
04:37:24.985 [main] DEBUG org.apache.http.headers -- >> POST /api/products/2/comments HTTP/1.1
04:37:24.985 [main] DEBUG org.apache.http.headers -- >> Authorization: Bearer eyJhbGciOiJIUzI1NiIsInR5cCI6IkpXVCJ9.eyJGdWxsbmFtZSI6Ik5hdXJhIFZpZXRhIEhhZmxhIiwiRW1haWwiOiJuYXVyYWhhZmxhQGdtYWlsLmNvbSJ9.s7o8kacM5c5L7fMRQwNBVTO4m2AeQS4Fu9QSdP9ASbA
04:37:24.985 [main] DEBUG org.apache.http.headers -- >> Accept: */*
04:37:24.985 [main] DEBUG org.apache.http.headers -- >> Content-Type: application/json
04:37:24.985 [main] DEBUG org.apache.http.headers -- >> Content-Length: 87
04:37:24.985 [main] DEBUG org.apache.http.headers -- >> Host: altashop-api.fly.dev
04:37:24.985 [main] DEBUG org.apache.http.headers -- >> Connection: Keep-Alive
04:37:24.985 [main] DEBUG org.apache.http.headers -- >> User-Agent: Apache-HttpClient/4.5.13 (Java/17.0.8)
04:37:24.985 [main] DEBUG org.apache.http.headers -- >> Accept-Encoding: gzip,deflate
04:37:24.985 [main] DEBUG org.apache.http.wire --  >> "{"content":"the games are great including Gran Turismo 7 but sadly GT4 is much better"}"
04:37:25.016 [main] DEBUG org.apache.http.wire --  << "HTTP/1.1 200 OK[\r][\n]"
04:37:25.016 [main] DEBUG org.apache.http.wire --  << "content-type: application/json[\r][\n]"
04:37:25.016 [main] DEBUG org.apache.http.wire --  << "date: Mon, 30 Oct 2023 21:37:26 GMT[\r][\n]"
04:37:25.016 [main] DEBUG org.apache.http.wire --  << "content-encoding: gzip[\r][\n]"
04:37:25.016 [main] DEBUG org.apache.http.wire --  << "transfer-encoding: chunked[\r][\n]"
04:37:25.016 [main] DEBUG org.apache.http.wire --  << "server: Fly/7328d5b5 (2023-10-27)[\r][\n]"
04:37:25.016 [main] DEBUG org.apache.http.wire --  << "via: 1.1 fly.io[\r][\n]"
04:37:25.016 [main] DEBUG org.apache.http.wire --  << "fly-request-id: 01HE18AA0QVQFK8MFMJM1KXBZ1-sin[\r][\n]"
04:37:25.016 [main] DEBUG org.apache.http.wire --  << "[\r][\n]"
04:37:25.016 [main] DEBUG org.apache.http.impl.conn.DefaultClientConnection -- Receiving response: HTTP/1.1 200 OK
04:37:25.016 [main] DEBUG org.apache.http.headers -- << HTTP/1.1 200 OK
04:37:25.016 [main] DEBUG org.apache.http.headers -- << content-type: application/json
04:37:25.016 [main] DEBUG org.apache.http.headers -- << date: Mon, 30 Oct 2023 21:37:26 GMT
04:37:25.016 [main] DEBUG org.apache.http.headers -- << content-encoding: gzip
04:37:25.016 [main] DEBUG org.apache.http.headers -- << transfer-encoding: chunked
04:37:25.016 [main] DEBUG org.apache.http.headers -- << server: Fly/7328d5b5 (2023-10-27)
04:37:25.016 [main] DEBUG org.apache.http.headers -- << via: 1.1 fly.io
04:37:25.016 [main] DEBUG org.apache.http.headers -- << fly-request-id: 01HE18AA0QVQFK8MFMJM1KXBZ1-sin
04:37:25.017 [main] DEBUG org.apache.http.impl.client.DefaultHttpClient -- Connection can be kept alive indefinitely
04:37:25.017 [main] DEBUG io.restassured.internal.RestAssuredHttpBuilder -- Parsing response as: application/json
04:37:25.017 [main] DEBUG org.apache.http.wire --  << "9E[\r][\n]"
04:37:25.017 [main] DEBUG org.apache.http.wire --  << "[0x1f][0x8b][0x8][0x0][0x0][0x0][0x0][0x0][0x4][0xff][0xab]VJI,IT[0xb2][0xaa]V[0xf2]tQ[0xb2]242[0xb5]0[0xd7]Qr[0xce][0xcf]+I[0xcd]+Q[0xb2]R*[0xc9]HUHO[0xcc]M-VH,JUH/JM,Q[0xc8][0xcc]K[0xce])M[0xc9][0xcc]KWp/J[0xcc]S[0x8])-[0xca],[0xce][0xcd]W0WH*-Q(NL[0xc9][0xa9]Tp[0xf]1Q[0xc8],V[0xc8]-M[0xce]PHJ-)I-R[0xd2]Q[\n]"
04:37:25.017 [main] DEBUG org.apache.http.wire --  << "-N-R[0xb2][0xca]+[0xcd][0xc9][0xd1]Q[\n]"
04:37:25.017 [main] DEBUG org.apache.http.wire --  << "([0xca]O)M.[0x81]q[0x9d][0xf3]ss[0xc1][0x16][0x82]dkk[0xb9][0x0][0x9a]a`[0xbe][0x96][0x0][0x0][0x0]"
04:37:25.017 [main] DEBUG org.apache.http.wire --  << "[\r][\n]"
04:37:25.017 [main] DEBUG org.apache.http.wire --  << "0[\r][\n]"
04:37:25.017 [main] DEBUG org.apache.http.wire --  << "[\r][\n]"
04:37:25.017 [main] DEBUG io.restassured.internal.RestAssuredHttpBuilder -- Parsed data to instance of: class org.apache.http.conn.EofSensorInputStream
04:37:25.019 [main] DEBUG org.apache.http.impl.conn.BasicClientConnectionManager -- Releasing connection org.apache.http.impl.conn.ManagedClientConnectionImpl@2211e731
04:37:25.019 [main] DEBUG org.apache.http.impl.conn.BasicClientConnectionManager -- Connection can be kept alive indefinitely
04:37:25.019 [main] DEBUG net.thucydides.core.steps.StepInterceptor -- STEP DONE: I POST HTTP request create a comment for products
  &amp#27;[32mWhen &amp#27;[0m&amp#27;[32mI POST HTTP request create a comment for products&amp#27;[0m             &amp#27;[90m# starter.stepdefinition.CommentSteps.postHTTPRequestCreateCommentForProducts()&amp#27;[0m
04:37:25.022 [main] DEBUG net.thucydides.core.steps.StepInterceptor -- STARTING STEP: CommentSteps.receiveResponseCode200ForCreateCommentProducts - I receive valid HTTP response 200 for create comment products
04:37:25.023 [main] DEBUG net.thucydides.core.steps.StepInterceptor -- STEP DONE: I receive valid HTTP response 200 for create comment products
  &amp#27;[32mThen &amp#27;[0m&amp#27;[32mI receive valid HTTP response 200 for create comment products&amp#27;[0m &amp#27;[90m# starter.stepdefinition.CommentSteps.receiveResponseCode200ForCreateCommentProducts()&amp#27;[0m
04:37:25.024 [main] INFO  -- 
  _____   ___   ___   _____     ___     _     ___   ___   ___   ___  
 |_   _| | __| / __| |_   _|   | _ \   /_\   / __| / __| | __| |   \ 
   | |   | _|  \__ \   | |     |  _/  / _ \  \__ \ \__ \ | _|  | |) |
   |_|   |___| |___/   |_|     |_|   /_/ \_\ |___/ |___/ |___| |___/ 

TC75 - Create a comment for products
----------------------------------------------------------------------
]]></system-out>
  </testcase>
  <testcase name="TC76 - Create a comment product invalid by ID with character symbols" classname="[08_Automation] - Comment" time="0.125">
    <system-out><![CDATA[
Scenario: TC76 - Create a comment product invalid by ID with character symbols                     &amp#27;[90m# src/test/resources/Comment.feature:18&amp#27;[0m
04:37:25.036 [main] INFO io.cucumber.core.plugin.SerenityReporter -- Running feature from file:///D:/TaksAlterra/MiniProject/MiniProject_API/src/test/resources/Comment.feature
04:37:25.036 [main] WARN io.cucumber.core.plugin.SerenityReporter -- Feature from file:///D:/TaksAlterra/MiniProject/MiniProject_API/src/test/resources/Comment.feature is not under the 'features' directory. Requirements report will not be correctly generated!
04:37:25.038 [main] INFO  -- 
  _____   ___   ___   _____     ___   _____     _     ___   _____   ___   ___  
 |_   _| | __| / __| |_   _|   / __| |_   _|   /_\   | _ \ |_   _| | __| |   \ 
   | |   | _|  \__ \   | |     \__ \   | |    / _ \  |   /   | |   | _|  | |) |
   |_|   |___| |___/   |_|     |___/   |_|   /_/ \_\ |_|_\   |_|   |___| |___/ 

TC76 - Create a comment product invalid by ID with character symbols([08-automation]---comment;tc76---create-a-comment-product-invalid-by-id-with-character-symbols)
--------------------------------------------------------------------------------
04:37:25.044 [main] DEBUG net.thucydides.core.steps.StepInterceptor -- STARTING STEP: CommentSteps.postCreateCommentForProductsEndpointsByID - I POST create a comment for products endpoints by ID
04:37:25.044 [main] DEBUG net.thucydides.core.steps.StepInterceptor -- STEP DONE: I POST create a comment for products endpoints by ID
  &amp#27;[32mGiven &amp#27;[0m&amp#27;[32mI POST create a comment for products endpoints by ID&amp#27;[0m                                       &amp#27;[90m# starter.stepdefinition.CommentSteps.postCreateCommentForProductsEndpointsByID()&amp#27;[0m
04:37:25.046 [main] DEBUG net.thucydides.core.steps.StepInterceptor -- STARTING STEP: CommentSteps.postHTTPRequestForCommentProductsInvalidByIDWithCharacterSymbols - I POST HTTP request for comment products invalid by ID with character symbols
04:37:25.048 [main] DEBUG net.thucydides.core.steps.StepInterceptor -- STARTING STEP: Comment.postHTTPRequestForCommentProductsInvalidByIDWithCharacterSymbols - I POST create a comment for products endpoints by ID
04:37:25.049 [main] DEBUG net.thucydides.core.steps.StepInterceptor -- STEP DONE: I POST create a comment for products endpoints by ID
04:37:25.063 [main] DEBUG org.apache.http.impl.conn.BasicClientConnectionManager -- Get connection for route {s}->https://altashop-api.fly.dev:443
04:37:25.063 [main] DEBUG org.apache.http.impl.conn.DefaultClientConnectionOperator -- Connecting to altashop-api.fly.dev:443
04:37:25.116 [main] DEBUG org.apache.http.client.protocol.RequestAddCookies -- CookieSpec selected: ignoreCookies
04:37:25.116 [main] DEBUG org.apache.http.client.protocol.RequestAuthCache -- Auth cache not set in the context
04:37:25.116 [main] DEBUG org.apache.http.client.protocol.RequestProxyAuthentication -- Proxy auth state: UNCHALLENGED
04:37:25.116 [main] DEBUG org.apache.http.impl.client.DefaultHttpClient -- Attempt 1 to execute request
04:37:25.116 [main] DEBUG org.apache.http.impl.conn.DefaultClientConnection -- Sending request: POST /api/products/-2/comments HTTP/1.1
04:37:25.116 [main] DEBUG org.apache.http.wire --  >> "POST /api/products/-2/comments HTTP/1.1[\r][\n]"
04:37:25.116 [main] DEBUG org.apache.http.wire --  >> "Authorization: Bearer eyJhbGciOiJIUzI1NiIsInR5cCI6IkpXVCJ9.eyJGdWxsbmFtZSI6Ik5hdXJhIFZpZXRhIEhhZmxhIiwiRW1haWwiOiJuYXVyYWhhZmxhQGdtYWlsLmNvbSJ9.s7o8kacM5c5L7fMRQwNBVTO4m2AeQS4Fu9QSdP9ASbA[\r][\n]"
04:37:25.116 [main] DEBUG org.apache.http.wire --  >> "Accept: */*[\r][\n]"
04:37:25.116 [main] DEBUG org.apache.http.wire --  >> "Content-Type: application/json[\r][\n]"
04:37:25.116 [main] DEBUG org.apache.http.wire --  >> "Content-Length: 87[\r][\n]"
04:37:25.116 [main] DEBUG org.apache.http.wire --  >> "Host: altashop-api.fly.dev[\r][\n]"
04:37:25.116 [main] DEBUG org.apache.http.wire --  >> "Connection: Keep-Alive[\r][\n]"
04:37:25.116 [main] DEBUG org.apache.http.wire --  >> "User-Agent: Apache-HttpClient/4.5.13 (Java/17.0.8)[\r][\n]"
04:37:25.116 [main] DEBUG org.apache.http.wire --  >> "Accept-Encoding: gzip,deflate[\r][\n]"
04:37:25.116 [main] DEBUG org.apache.http.wire --  >> "[\r][\n]"
04:37:25.116 [main] DEBUG org.apache.http.headers -- >> POST /api/products/-2/comments HTTP/1.1
04:37:25.117 [main] DEBUG org.apache.http.headers -- >> Authorization: Bearer eyJhbGciOiJIUzI1NiIsInR5cCI6IkpXVCJ9.eyJGdWxsbmFtZSI6Ik5hdXJhIFZpZXRhIEhhZmxhIiwiRW1haWwiOiJuYXVyYWhhZmxhQGdtYWlsLmNvbSJ9.s7o8kacM5c5L7fMRQwNBVTO4m2AeQS4Fu9QSdP9ASbA
04:37:25.117 [main] DEBUG org.apache.http.headers -- >> Accept: */*
04:37:25.117 [main] DEBUG org.apache.http.headers -- >> Content-Type: application/json
04:37:25.117 [main] DEBUG org.apache.http.headers -- >> Content-Length: 87
04:37:25.117 [main] DEBUG org.apache.http.headers -- >> Host: altashop-api.fly.dev
04:37:25.117 [main] DEBUG org.apache.http.headers -- >> Connection: Keep-Alive
04:37:25.117 [main] DEBUG org.apache.http.headers -- >> User-Agent: Apache-HttpClient/4.5.13 (Java/17.0.8)
04:37:25.117 [main] DEBUG org.apache.http.headers -- >> Accept-Encoding: gzip,deflate
04:37:25.117 [main] DEBUG org.apache.http.wire --  >> "{"content":"the games are great including Gran Turismo 7 but sadly GT4 is much better"}"
04:37:25.143 [main] DEBUG org.apache.http.wire --  << "HTTP/1.1 500 Internal Server Error[\r][\n]"
04:37:25.143 [main] DEBUG org.apache.http.wire --  << "content-type: application/json[\r][\n]"
04:37:25.143 [main] DEBUG org.apache.http.wire --  << "date: Mon, 30 Oct 2023 21:37:26 GMT[\r][\n]"
04:37:25.143 [main] DEBUG org.apache.http.wire --  << "content-encoding: gzip[\r][\n]"
04:37:25.143 [main] DEBUG org.apache.http.wire --  << "transfer-encoding: chunked[\r][\n]"
04:37:25.143 [main] DEBUG org.apache.http.wire --  << "server: Fly/7328d5b5 (2023-10-27)[\r][\n]"
04:37:25.143 [main] DEBUG org.apache.http.wire --  << "via: 1.1 fly.io[\r][\n]"
04:37:25.143 [main] DEBUG org.apache.http.wire --  << "fly-request-id: 01HE18AA4RZ1JV8X1VZ9NADCH2-sin[\r][\n]"
04:37:25.143 [main] DEBUG org.apache.http.wire --  << "[\r][\n]"
04:37:25.143 [main] DEBUG org.apache.http.impl.conn.DefaultClientConnection -- Receiving response: HTTP/1.1 500 Internal Server Error
04:37:25.143 [main] DEBUG org.apache.http.headers -- << HTTP/1.1 500 Internal Server Error
04:37:25.143 [main] DEBUG org.apache.http.headers -- << content-type: application/json
04:37:25.143 [main] DEBUG org.apache.http.headers -- << date: Mon, 30 Oct 2023 21:37:26 GMT
04:37:25.143 [main] DEBUG org.apache.http.headers -- << content-encoding: gzip
04:37:25.143 [main] DEBUG org.apache.http.headers -- << transfer-encoding: chunked
04:37:25.143 [main] DEBUG org.apache.http.headers -- << server: Fly/7328d5b5 (2023-10-27)
04:37:25.143 [main] DEBUG org.apache.http.headers -- << via: 1.1 fly.io
04:37:25.143 [main] DEBUG org.apache.http.headers -- << fly-request-id: 01HE18AA4RZ1JV8X1VZ9NADCH2-sin
04:37:25.144 [main] DEBUG org.apache.http.impl.client.DefaultHttpClient -- Connection can be kept alive indefinitely
04:37:25.144 [main] DEBUG io.restassured.internal.RestAssuredHttpBuilder -- Parsing response as: application/json
04:37:25.144 [main] DEBUG org.apache.http.wire --  << "5C[\r][\n]"
04:37:25.144 [main] DEBUG org.apache.http.wire --  << "[0x1f][0x8b][0x8][0x0][0x0][0x0][0x0][0x0][0x4][0xff][0xab]VJ-*[0xca]/R[0xb2]R2[0xb4]01137110767[0xb0]455434Q[0xc8],VH/JM,I-R([0xc9]H[0xcc]S[0xc8]M[0xac][0xc8][0xcc]-[0xcd]U(K[0xcc])MUH[0xcb]/R[0xf0][0xcc]+1Q[0xaa][0xe5][0x2][0x0][0x90]^[0xcd][0x8c]H[0x0][0x0][0x0]"
04:37:25.144 [main] DEBUG org.apache.http.wire --  << "[\r][\n]"
04:37:25.144 [main] DEBUG org.apache.http.wire --  << "0[\r][\n]"
04:37:25.144 [main] DEBUG org.apache.http.wire --  << "[\r][\n]"
04:37:25.144 [main] DEBUG io.restassured.internal.RestAssuredHttpBuilder -- Parsed data to instance of: class org.apache.http.conn.EofSensorInputStream
04:37:25.145 [main] DEBUG org.apache.http.impl.conn.BasicClientConnectionManager -- Releasing connection org.apache.http.impl.conn.ManagedClientConnectionImpl@29ccab93
04:37:25.145 [main] DEBUG org.apache.http.impl.conn.BasicClientConnectionManager -- Connection can be kept alive indefinitely
04:37:25.145 [main] DEBUG net.thucydides.core.steps.StepInterceptor -- STEP DONE: I POST HTTP request for comment products invalid by ID with character symbols
  &amp#27;[32mWhen &amp#27;[0m&amp#27;[32mI POST HTTP request for comment products invalid by ID with character symbols&amp#27;[0m               &amp#27;[90m# starter.stepdefinition.CommentSteps.postHTTPRequestForCommentProductsInvalidByIDWithCharacterSymbols()&amp#27;[0m
04:37:25.147 [main] DEBUG net.thucydides.core.steps.StepInterceptor -- STARTING STEP: CommentSteps.receiveResponseCode401ForCommentProductsInvalidByIDWithCharacterSymbols - I receive valid HTTP response 500 for comment products invalid by ID with character symbols
04:37:25.149 [main] DEBUG net.thucydides.core.steps.StepInterceptor -- STEP DONE: I receive valid HTTP response 500 for comment products invalid by ID with character symbols
  &amp#27;[32mThen &amp#27;[0m&amp#27;[32mI receive valid HTTP response 500 for comment products invalid by ID with character symbols&amp#27;[0m &amp#27;[90m# starter.stepdefinition.CommentSteps.receiveResponseCode401ForCommentProductsInvalidByIDWithCharacterSymbols()&amp#27;[0m
04:37:25.150 [main] INFO  -- 
  _____   ___   ___   _____     ___     _     ___   ___   ___   ___  
 |_   _| | __| / __| |_   _|   | _ \   /_\   / __| / __| | __| |   \ 
   | |   | _|  \__ \   | |     |  _/  / _ \  \__ \ \__ \ | _|  | |) |
   |_|   |___| |___/   |_|     |_|   /_/ \_\ |___/ |___/ |___| |___/ 

TC76 - Create a comment product invalid by ID with character symbols
----------------------------------------------------------------------
]]></system-out>
  </testcase>
  <testcase name="TC77 - Create a comment product invalid by ID with character alphabet" classname="[08_Automation] - Comment" time="0.118">
    <system-out><![CDATA[
Scenario: TC77 - Create a comment product invalid by ID with character alphabet                     &amp#27;[90m# src/test/resources/Comment.feature:23&amp#27;[0m
04:37:25.160 [main] INFO io.cucumber.core.plugin.SerenityReporter -- Running feature from file:///D:/TaksAlterra/MiniProject/MiniProject_API/src/test/resources/Comment.feature
04:37:25.160 [main] WARN io.cucumber.core.plugin.SerenityReporter -- Feature from file:///D:/TaksAlterra/MiniProject/MiniProject_API/src/test/resources/Comment.feature is not under the 'features' directory. Requirements report will not be correctly generated!
04:37:25.161 [main] INFO  -- 
  _____   ___   ___   _____     ___   _____     _     ___   _____   ___   ___  
 |_   _| | __| / __| |_   _|   / __| |_   _|   /_\   | _ \ |_   _| | __| |   \ 
   | |   | _|  \__ \   | |     \__ \   | |    / _ \  |   /   | |   | _|  | |) |
   |_|   |___| |___/   |_|     |___/   |_|   /_/ \_\ |_|_\   |_|   |___| |___/ 

TC77 - Create a comment product invalid by ID with character alphabet([08-automation]---comment;tc77---create-a-comment-product-invalid-by-id-with-character-alphabet)
--------------------------------------------------------------------------------
04:37:25.166 [main] DEBUG net.thucydides.core.steps.StepInterceptor -- STARTING STEP: CommentSteps.postCreateCommentForProductsEndpointsByID2 - I POST create a comment for products endpoints by ID 2
04:37:25.166 [main] DEBUG net.thucydides.core.steps.StepInterceptor -- STEP DONE: I POST create a comment for products endpoints by ID 2
  &amp#27;[32mGiven &amp#27;[0m&amp#27;[32mI POST create a comment for products endpoints by ID 2&amp#27;[0m                                      &amp#27;[90m# starter.stepdefinition.CommentSteps.postCreateCommentForProductsEndpointsByID2()&amp#27;[0m
04:37:25.169 [main] DEBUG net.thucydides.core.steps.StepInterceptor -- STARTING STEP: CommentSteps.postHTTPRequestForCommentProductsInvalidByIDWithCharacterAlphabet - I POST HTTP request for comment products invalid by ID with character alphabet
04:37:25.171 [main] DEBUG net.thucydides.core.steps.StepInterceptor -- STARTING STEP: Comment.postHTTPRequestForCommentProductsInvalidByIDWithCharacterAlphabet - I POST create a comment for products endpoints by ID 2
04:37:25.171 [main] DEBUG net.thucydides.core.steps.StepInterceptor -- STEP DONE: I POST create a comment for products endpoints by ID 2
04:37:25.183 [main] DEBUG org.apache.http.impl.conn.BasicClientConnectionManager -- Get connection for route {s}->https://altashop-api.fly.dev:443
04:37:25.183 [main] DEBUG org.apache.http.impl.conn.DefaultClientConnectionOperator -- Connecting to altashop-api.fly.dev:443
04:37:25.237 [main] DEBUG org.apache.http.client.protocol.RequestAddCookies -- CookieSpec selected: ignoreCookies
04:37:25.237 [main] DEBUG org.apache.http.client.protocol.RequestAuthCache -- Auth cache not set in the context
04:37:25.237 [main] DEBUG org.apache.http.client.protocol.RequestProxyAuthentication -- Proxy auth state: UNCHALLENGED
04:37:25.237 [main] DEBUG org.apache.http.impl.client.DefaultHttpClient -- Attempt 1 to execute request
04:37:25.237 [main] DEBUG org.apache.http.impl.conn.DefaultClientConnection -- Sending request: POST /api/products/dua/comments HTTP/1.1
04:37:25.237 [main] DEBUG org.apache.http.wire --  >> "POST /api/products/dua/comments HTTP/1.1[\r][\n]"
04:37:25.237 [main] DEBUG org.apache.http.wire --  >> "Authorization: Bearer eyJhbGciOiJIUzI1NiIsInR5cCI6IkpXVCJ9.eyJGdWxsbmFtZSI6Ik5hdXJhIFZpZXRhIEhhZmxhIiwiRW1haWwiOiJuYXVyYWhhZmxhQGdtYWlsLmNvbSJ9.s7o8kacM5c5L7fMRQwNBVTO4m2AeQS4Fu9QSdP9ASbA[\r][\n]"
04:37:25.237 [main] DEBUG org.apache.http.wire --  >> "Accept: */*[\r][\n]"
04:37:25.237 [main] DEBUG org.apache.http.wire --  >> "Content-Type: application/json[\r][\n]"
04:37:25.237 [main] DEBUG org.apache.http.wire --  >> "Content-Length: 87[\r][\n]"
04:37:25.237 [main] DEBUG org.apache.http.wire --  >> "Host: altashop-api.fly.dev[\r][\n]"
04:37:25.237 [main] DEBUG org.apache.http.wire --  >> "Connection: Keep-Alive[\r][\n]"
04:37:25.237 [main] DEBUG org.apache.http.wire --  >> "User-Agent: Apache-HttpClient/4.5.13 (Java/17.0.8)[\r][\n]"
04:37:25.237 [main] DEBUG org.apache.http.wire --  >> "Accept-Encoding: gzip,deflate[\r][\n]"
04:37:25.237 [main] DEBUG org.apache.http.wire --  >> "[\r][\n]"
04:37:25.237 [main] DEBUG org.apache.http.headers -- >> POST /api/products/dua/comments HTTP/1.1
04:37:25.237 [main] DEBUG org.apache.http.headers -- >> Authorization: Bearer eyJhbGciOiJIUzI1NiIsInR5cCI6IkpXVCJ9.eyJGdWxsbmFtZSI6Ik5hdXJhIFZpZXRhIEhhZmxhIiwiRW1haWwiOiJuYXVyYWhhZmxhQGdtYWlsLmNvbSJ9.s7o8kacM5c5L7fMRQwNBVTO4m2AeQS4Fu9QSdP9ASbA
04:37:25.237 [main] DEBUG org.apache.http.headers -- >> Accept: */*
04:37:25.237 [main] DEBUG org.apache.http.headers -- >> Content-Type: application/json
04:37:25.238 [main] DEBUG org.apache.http.headers -- >> Content-Length: 87
04:37:25.238 [main] DEBUG org.apache.http.headers -- >> Host: altashop-api.fly.dev
04:37:25.238 [main] DEBUG org.apache.http.headers -- >> Connection: Keep-Alive
04:37:25.238 [main] DEBUG org.apache.http.headers -- >> User-Agent: Apache-HttpClient/4.5.13 (Java/17.0.8)
04:37:25.238 [main] DEBUG org.apache.http.headers -- >> Accept-Encoding: gzip,deflate
04:37:25.238 [main] DEBUG org.apache.http.wire --  >> "{"content":"the games are great including Gran Turismo 7 but sadly GT4 is much better"}"
04:37:25.261 [main] DEBUG org.apache.http.wire --  << "HTTP/1.1 400 Bad Request[\r][\n]"
04:37:25.261 [main] DEBUG org.apache.http.wire --  << "content-type: application/json[\r][\n]"
04:37:25.261 [main] DEBUG org.apache.http.wire --  << "date: Mon, 30 Oct 2023 21:37:26 GMT[\r][\n]"
04:37:25.261 [main] DEBUG org.apache.http.wire --  << "content-encoding: gzip[\r][\n]"
04:37:25.261 [main] DEBUG org.apache.http.wire --  << "transfer-encoding: chunked[\r][\n]"
04:37:25.261 [main] DEBUG org.apache.http.wire --  << "server: Fly/7328d5b5 (2023-10-27)[\r][\n]"
04:37:25.261 [main] DEBUG org.apache.http.wire --  << "via: 1.1 fly.io[\r][\n]"
04:37:25.261 [main] DEBUG org.apache.http.wire --  << "fly-request-id: 01HE18AA8J6E150K56WD4TB56V-sin[\r][\n]"
04:37:25.261 [main] DEBUG org.apache.http.wire --  << "[\r][\n]"
04:37:25.261 [main] DEBUG org.apache.http.impl.conn.DefaultClientConnection -- Receiving response: HTTP/1.1 400 Bad Request
04:37:25.262 [main] DEBUG org.apache.http.headers -- << HTTP/1.1 400 Bad Request
04:37:25.262 [main] DEBUG org.apache.http.headers -- << content-type: application/json
04:37:25.262 [main] DEBUG org.apache.http.headers -- << date: Mon, 30 Oct 2023 21:37:26 GMT
04:37:25.262 [main] DEBUG org.apache.http.headers -- << content-encoding: gzip
04:37:25.262 [main] DEBUG org.apache.http.headers -- << transfer-encoding: chunked
04:37:25.262 [main] DEBUG org.apache.http.headers -- << server: Fly/7328d5b5 (2023-10-27)
04:37:25.262 [main] DEBUG org.apache.http.headers -- << via: 1.1 fly.io
04:37:25.262 [main] DEBUG org.apache.http.headers -- << fly-request-id: 01HE18AA8J6E150K56WD4TB56V-sin
04:37:25.262 [main] DEBUG org.apache.http.impl.client.DefaultHttpClient -- Connection can be kept alive indefinitely
04:37:25.262 [main] DEBUG io.restassured.internal.RestAssuredHttpBuilder -- Parsing response as: application/json
04:37:25.262 [main] DEBUG org.apache.http.wire --  << "4E[\r][\n]"
04:37:25.262 [main] DEBUG org.apache.http.wire --  << "[0x1f][0x8b][0x8][0x0][0x0][0x0][0x0][0x0][0x4][0xff][0xab]VJ-*[0xca]/R[0xb2]R*.)J[0xce][0xcf]+[0xd3]s,[0xc9][0xcf][0xb4]R(H,*[0xce][0xcc]KW[0x88]QJ)M[0x8c]Q[0xb2]R[0xc8][0xcc]+K[0xcc][0xc9]LQ([0xae][0xcc]+I[0xac]P[0xaa][0xe5][0x2][0x0][0xd1][0xc0]5[0xfb]:[0x0][0x0][0x0]"
04:37:25.262 [main] DEBUG org.apache.http.wire --  << "[\r][\n]"
04:37:25.262 [main] DEBUG org.apache.http.wire --  << "0[\r][\n]"
04:37:25.262 [main] DEBUG org.apache.http.wire --  << "[\r][\n]"
04:37:25.262 [main] DEBUG io.restassured.internal.RestAssuredHttpBuilder -- Parsed data to instance of: class org.apache.http.conn.EofSensorInputStream
04:37:25.263 [main] DEBUG org.apache.http.impl.conn.BasicClientConnectionManager -- Releasing connection org.apache.http.impl.conn.ManagedClientConnectionImpl@32c6d164
04:37:25.263 [main] DEBUG org.apache.http.impl.conn.BasicClientConnectionManager -- Connection can be kept alive indefinitely
04:37:25.264 [main] DEBUG net.thucydides.core.steps.StepInterceptor -- STEP DONE: I POST HTTP request for comment products invalid by ID with character alphabet
  &amp#27;[32mWhen &amp#27;[0m&amp#27;[32mI POST HTTP request for comment products invalid by ID with character alphabet&amp#27;[0m               &amp#27;[90m# starter.stepdefinition.CommentSteps.postHTTPRequestForCommentProductsInvalidByIDWithCharacterAlphabet()&amp#27;[0m
04:37:25.266 [main] DEBUG net.thucydides.core.steps.StepInterceptor -- STARTING STEP: CommentSteps.receiveResponseCode400ForCommentProductsInvalidByIDWithCharacterAlphabet - I receive valid HTTP response 400 for comment products invalid by ID with character alphabet
04:37:25.267 [main] DEBUG net.thucydides.core.steps.StepInterceptor -- STEP DONE: I receive valid HTTP response 400 for comment products invalid by ID with character alphabet
  &amp#27;[32mThen &amp#27;[0m&amp#27;[32mI receive valid HTTP response 400 for comment products invalid by ID with character alphabet&amp#27;[0m &amp#27;[90m# starter.stepdefinition.CommentSteps.receiveResponseCode400ForCommentProductsInvalidByIDWithCharacterAlphabet()&amp#27;[0m
04:37:25.268 [main] INFO  -- 
  _____   ___   ___   _____     ___     _     ___   ___   ___   ___  
 |_   _| | __| / __| |_   _|   | _ \   /_\   / __| / __| | __| |   \ 
   | |   | _|  \__ \   | |     |  _/  / _ \  \__ \ \__ \ | _|  | |) |
   |_|   |___| |___/   |_|     |_|   /_/ \_\ |___/ |___/ |___| |___/ 

TC77 - Create a comment product invalid by ID with character alphabet
----------------------------------------------------------------------
]]></system-out>
  </testcase>
  <testcase name="TC78 - Create a comment for products with body parameter is empty" classname="[08_Automation] - Comment" time="0.122">
    <system-out><![CDATA[
Scenario: TC78 - Create a comment for products with body parameter is empty                &amp#27;[90m# src/test/resources/Comment.feature:28&amp#27;[0m
04:37:25.277 [main] INFO io.cucumber.core.plugin.SerenityReporter -- Running feature from file:///D:/TaksAlterra/MiniProject/MiniProject_API/src/test/resources/Comment.feature
04:37:25.277 [main] WARN io.cucumber.core.plugin.SerenityReporter -- Feature from file:///D:/TaksAlterra/MiniProject/MiniProject_API/src/test/resources/Comment.feature is not under the 'features' directory. Requirements report will not be correctly generated!
04:37:25.279 [main] INFO  -- 
  _____   ___   ___   _____     ___   _____     _     ___   _____   ___   ___  
 |_   _| | __| / __| |_   _|   / __| |_   _|   /_\   | _ \ |_   _| | __| |   \ 
   | |   | _|  \__ \   | |     \__ \   | |    / _ \  |   /   | |   | _|  | |) |
   |_|   |___| |___/   |_|     |___/   |_|   /_/ \_\ |_|_\   |_|   |___| |___/ 

TC78 - Create a comment for products with body parameter is empty([08-automation]---comment;tc78---create-a-comment-for-products-with-body-parameter-is-empty)
--------------------------------------------------------------------------------
04:37:25.287 [Finalizer] DEBUG org.apache.http.impl.conn.DefaultClientConnection -- Connection 0.0.0.0:54363<->149.248.193.56:443 closed
04:37:25.287 [Finalizer] DEBUG org.apache.http.impl.conn.DefaultClientConnection -- Connection 0.0.0.0:54362<->149.248.193.56:443 closed
04:37:25.292 [main] DEBUG net.thucydides.core.steps.StepInterceptor -- STARTING STEP: CommentSteps.postCreateCommentForProductsEndpoints2 - I POST create a comment for products endpoints 2
04:37:25.292 [main] DEBUG net.thucydides.core.steps.StepInterceptor -- STEP DONE: I POST create a comment for products endpoints 2
  &amp#27;[32mGiven &amp#27;[0m&amp#27;[32mI POST create a comment for products endpoints 2&amp#27;[0m                                   &amp#27;[90m# starter.stepdefinition.CommentSteps.postCreateCommentForProductsEndpoints2()&amp#27;[0m
04:37:25.294 [main] DEBUG net.thucydides.core.steps.StepInterceptor -- STARTING STEP: CommentSteps.postHTTPRequestForCommentProductsWithBodyParameterIsEmpty - I POST HTTP request for comment products with body parameter is empty
04:37:25.296 [main] DEBUG net.thucydides.core.steps.StepInterceptor -- STARTING STEP: Comment.postHTTPRequestForCommentProductsWithBodyParameterIsEmpty - I POST create a comment for products endpoints 2
04:37:25.296 [main] DEBUG net.thucydides.core.steps.StepInterceptor -- STEP DONE: I POST create a comment for products endpoints 2
04:37:25.307 [main] DEBUG org.apache.http.impl.conn.BasicClientConnectionManager -- Get connection for route {s}->https://altashop-api.fly.dev:443
04:37:25.307 [main] DEBUG org.apache.http.impl.conn.DefaultClientConnectionOperator -- Connecting to altashop-api.fly.dev:443
04:37:25.357 [main] DEBUG org.apache.http.client.protocol.RequestAddCookies -- CookieSpec selected: ignoreCookies
04:37:25.357 [main] DEBUG org.apache.http.client.protocol.RequestAuthCache -- Auth cache not set in the context
04:37:25.357 [main] DEBUG org.apache.http.client.protocol.RequestProxyAuthentication -- Proxy auth state: UNCHALLENGED
04:37:25.357 [main] DEBUG org.apache.http.impl.client.DefaultHttpClient -- Attempt 1 to execute request
04:37:25.357 [main] DEBUG org.apache.http.impl.conn.DefaultClientConnection -- Sending request: POST /api/products/2/comments HTTP/1.1
04:37:25.357 [main] DEBUG org.apache.http.wire --  >> "POST /api/products/2/comments HTTP/1.1[\r][\n]"
04:37:25.357 [main] DEBUG org.apache.http.wire --  >> "Authorization: Bearer eyJhbGciOiJIUzI1NiIsInR5cCI6IkpXVCJ9.eyJGdWxsbmFtZSI6Ik5hdXJhIFZpZXRhIEhhZmxhIiwiRW1haWwiOiJuYXVyYWhhZmxhQGdtYWlsLmNvbSJ9.s7o8kacM5c5L7fMRQwNBVTO4m2AeQS4Fu9QSdP9ASbA)[\r][\n]"
04:37:25.357 [main] DEBUG org.apache.http.wire --  >> "Accept: */*[\r][\n]"
04:37:25.357 [main] DEBUG org.apache.http.wire --  >> "Content-Type: application/json[\r][\n]"
04:37:25.357 [main] DEBUG org.apache.http.wire --  >> "Content-Length: 2[\r][\n]"
04:37:25.357 [main] DEBUG org.apache.http.wire --  >> "Host: altashop-api.fly.dev[\r][\n]"
04:37:25.357 [main] DEBUG org.apache.http.wire --  >> "Connection: Keep-Alive[\r][\n]"
04:37:25.357 [main] DEBUG org.apache.http.wire --  >> "User-Agent: Apache-HttpClient/4.5.13 (Java/17.0.8)[\r][\n]"
04:37:25.357 [main] DEBUG org.apache.http.wire --  >> "Accept-Encoding: gzip,deflate[\r][\n]"
04:37:25.357 [main] DEBUG org.apache.http.wire --  >> "[\r][\n]"
04:37:25.357 [main] DEBUG org.apache.http.headers -- >> POST /api/products/2/comments HTTP/1.1
04:37:25.357 [main] DEBUG org.apache.http.headers -- >> Authorization: Bearer eyJhbGciOiJIUzI1NiIsInR5cCI6IkpXVCJ9.eyJGdWxsbmFtZSI6Ik5hdXJhIFZpZXRhIEhhZmxhIiwiRW1haWwiOiJuYXVyYWhhZmxhQGdtYWlsLmNvbSJ9.s7o8kacM5c5L7fMRQwNBVTO4m2AeQS4Fu9QSdP9ASbA)
04:37:25.357 [main] DEBUG org.apache.http.headers -- >> Accept: */*
04:37:25.357 [main] DEBUG org.apache.http.headers -- >> Content-Type: application/json
04:37:25.357 [main] DEBUG org.apache.http.headers -- >> Content-Length: 2
04:37:25.357 [main] DEBUG org.apache.http.headers -- >> Host: altashop-api.fly.dev
04:37:25.357 [main] DEBUG org.apache.http.headers -- >> Connection: Keep-Alive
04:37:25.357 [main] DEBUG org.apache.http.headers -- >> User-Agent: Apache-HttpClient/4.5.13 (Java/17.0.8)
04:37:25.357 [main] DEBUG org.apache.http.headers -- >> Accept-Encoding: gzip,deflate
04:37:25.357 [main] DEBUG org.apache.http.wire --  >> "{}"
04:37:25.382 [main] DEBUG org.apache.http.wire --  << "HTTP/1.1 401 Unauthorized[\r][\n]"
04:37:25.382 [main] DEBUG org.apache.http.wire --  << "content-type: application/json[\r][\n]"
04:37:25.382 [main] DEBUG org.apache.http.wire --  << "date: Mon, 30 Oct 2023 21:37:26 GMT[\r][\n]"
04:37:25.382 [main] DEBUG org.apache.http.wire --  << "content-encoding: gzip[\r][\n]"
04:37:25.382 [main] DEBUG org.apache.http.wire --  << "transfer-encoding: chunked[\r][\n]"
04:37:25.382 [main] DEBUG org.apache.http.wire --  << "server: Fly/7328d5b5 (2023-10-27)[\r][\n]"
04:37:25.382 [main] DEBUG org.apache.http.wire --  << "via: 1.1 fly.io[\r][\n]"
04:37:25.382 [main] DEBUG org.apache.http.wire --  << "fly-request-id: 01HE18AACAFQGBEE2WPZFNTD6M-sin[\r][\n]"
04:37:25.382 [main] DEBUG org.apache.http.wire --  << "[\r][\n]"
04:37:25.382 [main] DEBUG org.apache.http.impl.conn.DefaultClientConnection -- Receiving response: HTTP/1.1 401 Unauthorized
04:37:25.382 [main] DEBUG org.apache.http.headers -- << HTTP/1.1 401 Unauthorized
04:37:25.382 [main] DEBUG org.apache.http.headers -- << content-type: application/json
04:37:25.382 [main] DEBUG org.apache.http.headers -- << date: Mon, 30 Oct 2023 21:37:26 GMT
04:37:25.382 [main] DEBUG org.apache.http.headers -- << content-encoding: gzip
04:37:25.382 [main] DEBUG org.apache.http.headers -- << transfer-encoding: chunked
04:37:25.382 [main] DEBUG org.apache.http.headers -- << server: Fly/7328d5b5 (2023-10-27)
04:37:25.382 [main] DEBUG org.apache.http.headers -- << via: 1.1 fly.io
04:37:25.382 [main] DEBUG org.apache.http.headers -- << fly-request-id: 01HE18AACAFQGBEE2WPZFNTD6M-sin
04:37:25.382 [main] DEBUG org.apache.http.impl.client.DefaultHttpClient -- Connection can be kept alive indefinitely
04:37:25.382 [main] DEBUG org.apache.http.impl.client.DefaultHttpClient -- Authentication required
04:37:25.382 [main] DEBUG org.apache.http.impl.client.DefaultHttpClient -- altashop-api.fly.dev:443 requested authentication
04:37:25.382 [main] DEBUG org.apache.http.impl.client.DefaultHttpClient -- Response contains no authentication challenges
04:37:25.383 [main] DEBUG io.restassured.internal.RestAssuredHttpBuilder -- Parsing response as: application/json
04:37:25.383 [main] DEBUG org.apache.http.wire --  << "45[\r][\n]"
04:37:25.383 [main] DEBUG org.apache.http.wire --  << "[0x1f][0x8b][0x8][0x0][0x0][0x0][0x0][0x0][0x4][0xff][0xab]VJ-*[0xca]/R[0xb2]R[0xca][0xcc][0xc9]IMO[0xcc]QHJ,N53QHI,ITH,Q[0xc8][0xcc]+(-QH[0xaa],IU01V[0xaa][0xe5][0x2][0x0]W[0xa1][0x99][0xe4]1[0x0][0x0][0x0]"
04:37:25.383 [main] DEBUG org.apache.http.wire --  << "[\r][\n]"
04:37:25.383 [main] DEBUG org.apache.http.wire --  << "0[\r][\n]"
04:37:25.383 [main] DEBUG org.apache.http.wire --  << "[\r][\n]"
04:37:25.383 [main] DEBUG io.restassured.internal.RestAssuredHttpBuilder -- Parsed data to instance of: class org.apache.http.conn.EofSensorInputStream
04:37:25.384 [main] DEBUG org.apache.http.impl.conn.BasicClientConnectionManager -- Releasing connection org.apache.http.impl.conn.ManagedClientConnectionImpl@36120a8b
04:37:25.384 [main] DEBUG org.apache.http.impl.conn.BasicClientConnectionManager -- Connection can be kept alive indefinitely
04:37:25.384 [main] DEBUG net.thucydides.core.steps.StepInterceptor -- STEP DONE: I POST HTTP request for comment products with body parameter is empty
  &amp#27;[32mWhen &amp#27;[0m&amp#27;[32mI POST HTTP request for comment products with body parameter is empty&amp#27;[0m               &amp#27;[90m# starter.stepdefinition.CommentSteps.postHTTPRequestForCommentProductsWithBodyParameterIsEmpty()&amp#27;[0m
04:37:25.387 [main] DEBUG net.thucydides.core.steps.StepInterceptor -- STARTING STEP: CommentSteps.receiveResponseCode401ForCommentProductsWithBodyParameterIsEmpty - I receive valid HTTP response 401 for comment products with body parameter is empty
04:37:25.388 [main] DEBUG net.thucydides.core.steps.StepInterceptor -- STEP DONE: I receive valid HTTP response 401 for comment products with body parameter is empty
  &amp#27;[32mThen &amp#27;[0m&amp#27;[32mI receive valid HTTP response 401 for comment products with body parameter is empty&amp#27;[0m &amp#27;[90m# starter.stepdefinition.CommentSteps.receiveResponseCode401ForCommentProductsWithBodyParameterIsEmpty()&amp#27;[0m
04:37:25.390 [main] INFO  -- 
  _____   ___   ___   _____     ___     _     ___   ___   ___   ___  
 |_   _| | __| / __| |_   _|   | _ \   /_\   / __| / __| | __| |   \ 
   | |   | _|  \__ \   | |     |  _/  / _ \  \__ \ \__ \ | _|  | |) |
   |_|   |___| |___/   |_|     |_|   /_/ \_\ |___/ |___/ |___| |___/ 

TC78 - Create a comment for products with body parameter is empty
----------------------------------------------------------------------
]]></system-out>
  </testcase>
  <testcase name="TC13 - Login valid account" classname="[02_Automation] - Login" time="0.158">
    <system-out><![CDATA[04:37:25.393 [main] INFO io.cucumber.core.plugin.SerenityReporter -- Running feature from file:///D:/TaksAlterra/MiniProject/MiniProject_API/src/test/resources/Login.feature
04:37:25.393 [main] WARN io.cucumber.core.plugin.SerenityReporter -- Feature from file:///D:/TaksAlterra/MiniProject/MiniProject_API/src/test/resources/Login.feature is not under the 'features' directory. Requirements report will not be correctly generated!
04:37:25.395 [main] DEBUG net.thucydides.core.steps.StepEventBus -- Test suite started for story net.thucydides.core.model.Story@9ac5c9a9
04:37:25.395 [main] INFO  -- Test Suite Started: [02_Automation] - Login

Scenario: TC13 - Login valid account                  &amp#27;[90m# src/test/resources/Login.feature:3&amp#27;[0m
04:37:25.405 [main] INFO io.cucumber.core.plugin.SerenityReporter -- Running feature from file:///D:/TaksAlterra/MiniProject/MiniProject_API/src/test/resources/Login.feature
04:37:25.405 [main] WARN io.cucumber.core.plugin.SerenityReporter -- Feature from file:///D:/TaksAlterra/MiniProject/MiniProject_API/src/test/resources/Login.feature is not under the 'features' directory. Requirements report will not be correctly generated!
04:37:25.407 [main] INFO  -- 
  _____   ___   ___   _____     ___   _____     _     ___   _____   ___   ___  
 |_   _| | __| / __| |_   _|   / __| |_   _|   /_\   | _ \ |_   _| | __| |   \ 
   | |   | _|  \__ \   | |     \__ \   | |    / _ \  |   /   | |   | _|  | |) |
   |_|   |___| |___/   |_|     |___/   |_|   /_/ \_\ |_|_\   |_|   |___| |___/ 

TC13 - Login valid account([02-automation]---login;tc13---login-valid-account)
--------------------------------------------------------------------------------
04:37:25.431 [main] DEBUG net.thucydides.core.steps.StepInterceptor -- STARTING STEP: LoginSteps.postLoginEndpoints - I POST login endpoints
04:37:25.431 [main] DEBUG net.thucydides.core.steps.StepInterceptor -- STEP DONE: I POST login endpoints
  &amp#27;[32mGiven &amp#27;[0m&amp#27;[32mI POST login endpoints&amp#27;[0m                        &amp#27;[90m# starter.stepdefinition.LoginSteps.postLoginEndpoints()&amp#27;[0m
04:37:25.435 [main] DEBUG net.thucydides.core.steps.StepInterceptor -- STARTING STEP: LoginSteps.postHTTPRequestForLogin - I POST HTTP request for login using valid data
04:37:25.436 [main] DEBUG net.thucydides.core.steps.StepInterceptor -- STARTING STEP: Login.postHTTPRequestForLogin - I POST login endpoints
04:37:25.437 [main] DEBUG net.thucydides.core.steps.StepInterceptor -- STEP DONE: I POST login endpoints
04:37:25.447 [main] DEBUG org.apache.http.impl.conn.BasicClientConnectionManager -- Get connection for route {s}->https://altashop-api.fly.dev:443
04:37:25.447 [main] DEBUG org.apache.http.impl.conn.DefaultClientConnectionOperator -- Connecting to altashop-api.fly.dev:443
04:37:25.519 [main] DEBUG org.apache.http.client.protocol.RequestAddCookies -- CookieSpec selected: ignoreCookies
04:37:25.519 [main] DEBUG org.apache.http.client.protocol.RequestAuthCache -- Auth cache not set in the context
04:37:25.519 [main] DEBUG org.apache.http.client.protocol.RequestTargetAuthentication -- Target auth state: UNCHALLENGED
04:37:25.519 [main] DEBUG org.apache.http.client.protocol.RequestProxyAuthentication -- Proxy auth state: UNCHALLENGED
04:37:25.519 [main] DEBUG org.apache.http.impl.client.DefaultHttpClient -- Attempt 1 to execute request
04:37:25.519 [main] DEBUG org.apache.http.impl.conn.DefaultClientConnection -- Sending request: POST /api/auth/login HTTP/1.1
04:37:25.519 [main] DEBUG org.apache.http.wire --  >> "POST /api/auth/login HTTP/1.1[\r][\n]"
04:37:25.519 [main] DEBUG org.apache.http.wire --  >> "Accept: */*[\r][\n]"
04:37:25.519 [main] DEBUG org.apache.http.wire --  >> "Content-Type: application/json[\r][\n]"
04:37:25.519 [main] DEBUG org.apache.http.wire --  >> "Content-Length: 56[\r][\n]"
04:37:25.519 [main] DEBUG org.apache.http.wire --  >> "Host: altashop-api.fly.dev[\r][\n]"
04:37:25.519 [main] DEBUG org.apache.http.wire --  >> "Connection: Keep-Alive[\r][\n]"
04:37:25.519 [main] DEBUG org.apache.http.wire --  >> "User-Agent: Apache-HttpClient/4.5.13 (Java/17.0.8)[\r][\n]"
04:37:25.519 [main] DEBUG org.apache.http.wire --  >> "Accept-Encoding: gzip,deflate[\r][\n]"
04:37:25.519 [main] DEBUG org.apache.http.wire --  >> "[\r][\n]"
04:37:25.519 [main] DEBUG org.apache.http.headers -- >> POST /api/auth/login HTTP/1.1
04:37:25.519 [main] DEBUG org.apache.http.headers -- >> Accept: */*
04:37:25.519 [main] DEBUG org.apache.http.headers -- >> Content-Type: application/json
04:37:25.519 [main] DEBUG org.apache.http.headers -- >> Content-Length: 56
04:37:25.519 [main] DEBUG org.apache.http.headers -- >> Host: altashop-api.fly.dev
04:37:25.519 [main] DEBUG org.apache.http.headers -- >> Connection: Keep-Alive
04:37:25.519 [main] DEBUG org.apache.http.headers -- >> User-Agent: Apache-HttpClient/4.5.13 (Java/17.0.8)
04:37:25.519 [main] DEBUG org.apache.http.headers -- >> Accept-Encoding: gzip,deflate
04:37:25.519 [main] DEBUG org.apache.http.wire --  >> "{"password":"Sezzle2021","email":"tasyafangg@gmail.com"}"
04:37:25.545 [main] DEBUG org.apache.http.wire --  << "HTTP/1.1 200 OK[\r][\n]"
04:37:25.546 [main] DEBUG org.apache.http.wire --  << "content-type: application/json[\r][\n]"
04:37:25.546 [main] DEBUG org.apache.http.wire --  << "date: Mon, 30 Oct 2023 21:37:27 GMT[\r][\n]"
04:37:25.546 [main] DEBUG org.apache.http.wire --  << "content-encoding: gzip[\r][\n]"
04:37:25.546 [main] DEBUG org.apache.http.wire --  << "transfer-encoding: chunked[\r][\n]"
04:37:25.546 [main] DEBUG org.apache.http.wire --  << "server: Fly/7328d5b5 (2023-10-27)[\r][\n]"
04:37:25.546 [main] DEBUG org.apache.http.wire --  << "via: 1.1 fly.io[\r][\n]"
04:37:25.546 [main] DEBUG org.apache.http.wire --  << "fly-request-id: 01HE18AAHC45P4K3FTFZS0B52K-sin[\r][\n]"
04:37:25.546 [main] DEBUG org.apache.http.wire --  << "[\r][\n]"
04:37:25.546 [main] DEBUG org.apache.http.impl.conn.DefaultClientConnection -- Receiving response: HTTP/1.1 200 OK
04:37:25.546 [main] DEBUG org.apache.http.headers -- << HTTP/1.1 200 OK
04:37:25.546 [main] DEBUG org.apache.http.headers -- << content-type: application/json
04:37:25.546 [main] DEBUG org.apache.http.headers -- << date: Mon, 30 Oct 2023 21:37:27 GMT
04:37:25.546 [main] DEBUG org.apache.http.headers -- << content-encoding: gzip
04:37:25.546 [main] DEBUG org.apache.http.headers -- << transfer-encoding: chunked
04:37:25.546 [main] DEBUG org.apache.http.headers -- << server: Fly/7328d5b5 (2023-10-27)
04:37:25.546 [main] DEBUG org.apache.http.headers -- << via: 1.1 fly.io
04:37:25.546 [main] DEBUG org.apache.http.headers -- << fly-request-id: 01HE18AAHC45P4K3FTFZS0B52K-sin
04:37:25.546 [main] DEBUG org.apache.http.impl.client.DefaultHttpClient -- Connection can be kept alive indefinitely
04:37:25.546 [main] DEBUG io.restassured.internal.RestAssuredHttpBuilder -- Parsing response as: application/json
04:37:25.546 [main] DEBUG org.apache.http.wire --  << "C6[\r][\n]"
04:37:25.546 [main] DEBUG org.apache.http.wire --  << "[0x1f][0x8b][0x8][0x0][0x0][0x0][0x0][0x0][0x4][0xff][0xab]VJI,IT[0xb2]RJ[0xad][0xf4][0xca]HrO[0xce][0xf4][0xcf][0xf4][0xf2][0xc][0xad][0xf2]4[0xf4][0xcb][0xf4],[0xf6][0xcc][0xb]2Mv[0xf6]4[0xf3][0xcc].[0x88][0x8]s[0xf6][0xb2][0xd4]K[0xad][0xf4]rO[0x9][0xaf](N[0xca]u+[0x89][\n]"
04:37:25.546 [main] DEBUG org.apache.http.wire --  << "[0xf6]4[0xf3][0xcc][0x9][0xca]H6[0xce][0xc9][0xf0]t[0x8d]*H[0xf1][0xf0]*[0x88][0xc]vrJ[0xca]M[0xc9]K[0xce]u+H[0xca][0xcd][0xce][0xf4]q[0xf6]rK[\n]"
04:37:25.546 [main] DEBUG org.apache.http.wire --  << "w+H[0x2][0x19][0x92][0x7]Q[0x1b][0x95][0xeb]V[0x1a]e[0x94][0xe2][0x18]ed[0x98][0x91][0x18]^^[0x1a]idY[0xe2][0x99]g[0xa0]g[0x92][0x19]Xjn[0xe0][0xe2]d[0x98][0x91][0x9d][0xe1][0x18][0xe0][0x99][0xe2]kRT[0xe0][0x9f][0x1b]d[0x11][0x9a][0x91][0xe8]U[0x1e][0xe1][0x98][0x94][0x1b][0xe9]g[0x18][0xe9]QUV[0x92][0x98][0xae]T[0xcb][0x5][0x0]ZM[0xc9]i[0xb8][0x0][0x0][0x0]"
04:37:25.546 [main] DEBUG org.apache.http.wire --  << "[\r][\n]"
04:37:25.546 [main] DEBUG org.apache.http.wire --  << "0[\r][\n]"
04:37:25.546 [main] DEBUG org.apache.http.wire --  << "[\r][\n]"
04:37:25.546 [main] DEBUG io.restassured.internal.RestAssuredHttpBuilder -- Parsed data to instance of: class org.apache.http.conn.EofSensorInputStream
04:37:25.547 [main] DEBUG org.apache.http.impl.conn.BasicClientConnectionManager -- Releasing connection org.apache.http.impl.conn.ManagedClientConnectionImpl@637506d8
04:37:25.547 [main] DEBUG org.apache.http.impl.conn.BasicClientConnectionManager -- Connection can be kept alive indefinitely
04:37:25.548 [main] DEBUG net.thucydides.core.steps.StepInterceptor -- STEP DONE: I POST HTTP request for login using valid data
  &amp#27;[32mWhen &amp#27;[0m&amp#27;[32mI POST HTTP request for login using valid data&amp#27;[0m &amp#27;[90m# starter.stepdefinition.LoginSteps.postHTTPRequestForLogin()&amp#27;[0m
04:37:25.550 [main] DEBUG net.thucydides.core.steps.StepInterceptor -- STARTING STEP: LoginSteps.receiveResponseCode200ForLogin - I receive valid HTTP response 200 for login
04:37:25.551 [main] DEBUG net.thucydides.core.steps.StepInterceptor -- STEP DONE: I receive valid HTTP response 200 for login
  &amp#27;[32mThen &amp#27;[0m&amp#27;[32mI receive valid HTTP response 200 for login&amp#27;[0m    &amp#27;[90m# starter.stepdefinition.LoginSteps.receiveResponseCode200ForLogin()&amp#27;[0m
04:37:25.552 [main] INFO  -- 
  _____   ___   ___   _____     ___     _     ___   ___   ___   ___  
 |_   _| | __| / __| |_   _|   | _ \   /_\   / __| / __| | __| |   \ 
   | |   | _|  \__ \   | |     |  _/  / _ \  \__ \ \__ \ | _|  | |) |
   |_|   |___| |___/   |_|     |_|   /_/ \_\ |___/ |___/ |___| |___/ 

TC13 - Login valid account
----------------------------------------------------------------------
]]></system-out>
  </testcase>
  <testcase name="TC14 - Login using valid account but empty email" classname="[02_Automation] - Login" time="0.126">
    <system-out><![CDATA[
Scenario: TC14 - Login using valid account but empty email                             &amp#27;[90m# src/test/resources/Login.feature:8&amp#27;[0m
04:37:25.562 [main] INFO io.cucumber.core.plugin.SerenityReporter -- Running feature from file:///D:/TaksAlterra/MiniProject/MiniProject_API/src/test/resources/Login.feature
04:37:25.562 [main] WARN io.cucumber.core.plugin.SerenityReporter -- Feature from file:///D:/TaksAlterra/MiniProject/MiniProject_API/src/test/resources/Login.feature is not under the 'features' directory. Requirements report will not be correctly generated!
04:37:25.564 [main] INFO  -- 
  _____   ___   ___   _____     ___   _____     _     ___   _____   ___   ___  
 |_   _| | __| / __| |_   _|   / __| |_   _|   /_\   | _ \ |_   _| | __| |   \ 
   | |   | _|  \__ \   | |     \__ \   | |    / _ \  |   /   | |   | _|  | |) |
   |_|   |___| |___/   |_|     |___/   |_|   /_/ \_\ |_|_\   |_|   |___| |___/ 

TC14 - Login using valid account but empty email([02-automation]---login;tc14---login-using-valid-account-but-empty-email)
--------------------------------------------------------------------------------
04:37:25.571 [main] DEBUG net.thucydides.core.steps.StepInterceptor -- STARTING STEP: LoginSteps.postLoginEndpoints2 - I POST login endpoints 2
04:37:25.571 [main] DEBUG net.thucydides.core.steps.StepInterceptor -- STEP DONE: I POST login endpoints 2
  &amp#27;[32mGiven &amp#27;[0m&amp#27;[32mI POST login endpoints 2&amp#27;[0m                                                       &amp#27;[90m# starter.stepdefinition.LoginSteps.postLoginEndpoints2()&amp#27;[0m
04:37:25.574 [main] DEBUG net.thucydides.core.steps.StepInterceptor -- STARTING STEP: LoginSteps.postHTTPRequestForLoginUsingValidAccountButEmptyEmail - I POST HTTP request for login using valid account but empty email
04:37:25.575 [main] DEBUG net.thucydides.core.steps.StepInterceptor -- STARTING STEP: Login.postHTTPRequestForLoginUsingValidAccountButEmptyEmail - I POST login endpoints 2
04:37:25.575 [main] DEBUG net.thucydides.core.steps.StepInterceptor -- STEP DONE: I POST login endpoints 2
04:37:25.588 [main] DEBUG org.apache.http.impl.conn.BasicClientConnectionManager -- Get connection for route {s}->https://altashop-api.fly.dev:443
04:37:25.588 [main] DEBUG org.apache.http.impl.conn.DefaultClientConnectionOperator -- Connecting to altashop-api.fly.dev:443
04:37:25.641 [main] DEBUG org.apache.http.client.protocol.RequestAddCookies -- CookieSpec selected: ignoreCookies
04:37:25.641 [main] DEBUG org.apache.http.client.protocol.RequestAuthCache -- Auth cache not set in the context
04:37:25.641 [main] DEBUG org.apache.http.client.protocol.RequestTargetAuthentication -- Target auth state: UNCHALLENGED
04:37:25.641 [main] DEBUG org.apache.http.client.protocol.RequestProxyAuthentication -- Proxy auth state: UNCHALLENGED
04:37:25.641 [main] DEBUG org.apache.http.impl.client.DefaultHttpClient -- Attempt 1 to execute request
04:37:25.642 [main] DEBUG org.apache.http.impl.conn.DefaultClientConnection -- Sending request: POST /api/auth/login HTTP/1.1
04:37:25.642 [main] DEBUG org.apache.http.wire --  >> "POST /api/auth/login HTTP/1.1[\r][\n]"
04:37:25.642 [main] DEBUG org.apache.http.wire --  >> "Accept: */*[\r][\n]"
04:37:25.642 [main] DEBUG org.apache.http.wire --  >> "Content-Type: application/json[\r][\n]"
04:37:25.642 [main] DEBUG org.apache.http.wire --  >> "Content-Length: 36[\r][\n]"
04:37:25.642 [main] DEBUG org.apache.http.wire --  >> "Host: altashop-api.fly.dev[\r][\n]"
04:37:25.642 [main] DEBUG org.apache.http.wire --  >> "Connection: Keep-Alive[\r][\n]"
04:37:25.642 [main] DEBUG org.apache.http.wire --  >> "User-Agent: Apache-HttpClient/4.5.13 (Java/17.0.8)[\r][\n]"
04:37:25.642 [main] DEBUG org.apache.http.wire --  >> "Accept-Encoding: gzip,deflate[\r][\n]"
04:37:25.642 [main] DEBUG org.apache.http.wire --  >> "[\r][\n]"
04:37:25.642 [main] DEBUG org.apache.http.headers -- >> POST /api/auth/login HTTP/1.1
04:37:25.642 [main] DEBUG org.apache.http.headers -- >> Accept: */*
04:37:25.642 [main] DEBUG org.apache.http.headers -- >> Content-Type: application/json
04:37:25.642 [main] DEBUG org.apache.http.headers -- >> Content-Length: 36
04:37:25.642 [main] DEBUG org.apache.http.headers -- >> Host: altashop-api.fly.dev
04:37:25.642 [main] DEBUG org.apache.http.headers -- >> Connection: Keep-Alive
04:37:25.642 [main] DEBUG org.apache.http.headers -- >> User-Agent: Apache-HttpClient/4.5.13 (Java/17.0.8)
04:37:25.642 [main] DEBUG org.apache.http.headers -- >> Accept-Encoding: gzip,deflate
04:37:25.642 [main] DEBUG org.apache.http.wire --  >> "{"password":"Sezzle2021","email":""}"
04:37:25.669 [main] DEBUG org.apache.http.wire --  << "HTTP/1.1 400 Bad Request[\r][\n]"
04:37:25.669 [main] DEBUG org.apache.http.wire --  << "content-type: application/json[\r][\n]"
04:37:25.669 [main] DEBUG org.apache.http.wire --  << "date: Mon, 30 Oct 2023 21:37:27 GMT[\r][\n]"
04:37:25.669 [main] DEBUG org.apache.http.wire --  << "content-encoding: gzip[\r][\n]"
04:37:25.669 [main] DEBUG org.apache.http.wire --  << "transfer-encoding: chunked[\r][\n]"
04:37:25.669 [main] DEBUG org.apache.http.wire --  << "server: Fly/7328d5b5 (2023-10-27)[\r][\n]"
04:37:25.669 [main] DEBUG org.apache.http.wire --  << "via: 1.1 fly.io[\r][\n]"
04:37:25.669 [main] DEBUG org.apache.http.wire --  << "fly-request-id: 01HE18AAN91B7K68EQ15HE7S83-sin[\r][\n]"
04:37:25.669 [main] DEBUG org.apache.http.wire --  << "[\r][\n]"
04:37:25.669 [main] DEBUG org.apache.http.impl.conn.DefaultClientConnection -- Receiving response: HTTP/1.1 400 Bad Request
04:37:25.669 [main] DEBUG org.apache.http.headers -- << HTTP/1.1 400 Bad Request
04:37:25.669 [main] DEBUG org.apache.http.headers -- << content-type: application/json
04:37:25.669 [main] DEBUG org.apache.http.headers -- << date: Mon, 30 Oct 2023 21:37:27 GMT
04:37:25.669 [main] DEBUG org.apache.http.headers -- << content-encoding: gzip
04:37:25.669 [main] DEBUG org.apache.http.headers -- << transfer-encoding: chunked
04:37:25.669 [main] DEBUG org.apache.http.headers -- << server: Fly/7328d5b5 (2023-10-27)
04:37:25.669 [main] DEBUG org.apache.http.headers -- << via: 1.1 fly.io
04:37:25.670 [main] DEBUG org.apache.http.headers -- << fly-request-id: 01HE18AAN91B7K68EQ15HE7S83-sin
04:37:25.670 [main] DEBUG org.apache.http.impl.client.DefaultHttpClient -- Connection can be kept alive indefinitely
04:37:25.670 [main] DEBUG io.restassured.internal.RestAssuredHttpBuilder -- Parsing response as: application/json
04:37:25.670 [main] DEBUG org.apache.http.wire --  << "32[\r][\n]"
04:37:25.670 [main] DEBUG org.apache.http.wire --  << "[0x1f][0x8b][0x8][0x0][0x0][0x0][0x0][0x0][0x4][0xff][0xab]VJ-*[0xca]/R[0xb2]RJ[0xcd]M[0xcc][0xcc]Q[0xc8],V(J-,[0xcd],JMQ[0xaa][0xe5][0x2][0x0]&[0xe3][0xaa]j[0x1e][0x0][0x0][0x0]"
04:37:25.670 [main] DEBUG org.apache.http.wire --  << "[\r][\n]"
04:37:25.670 [main] DEBUG org.apache.http.wire --  << "0[\r][\n]"
04:37:25.670 [main] DEBUG org.apache.http.wire --  << "[\r][\n]"
04:37:25.670 [main] DEBUG io.restassured.internal.RestAssuredHttpBuilder -- Parsed data to instance of: class org.apache.http.conn.EofSensorInputStream
04:37:25.672 [main] DEBUG org.apache.http.impl.conn.BasicClientConnectionManager -- Releasing connection org.apache.http.impl.conn.ManagedClientConnectionImpl@4be1dce6
04:37:25.672 [main] DEBUG org.apache.http.impl.conn.BasicClientConnectionManager -- Connection can be kept alive indefinitely
04:37:25.673 [main] DEBUG net.thucydides.core.steps.StepInterceptor -- STEP DONE: I POST HTTP request for login using valid account but empty email
  &amp#27;[32mWhen &amp#27;[0m&amp#27;[32mI POST HTTP request for login using valid account but empty email&amp#27;[0m               &amp#27;[90m# starter.stepdefinition.LoginSteps.postHTTPRequestForLoginUsingValidAccountButEmptyEmail()&amp#27;[0m
04:37:25.675 [main] DEBUG net.thucydides.core.steps.StepInterceptor -- STARTING STEP: LoginSteps.receiveResponseCode400ForLoginUsingValidAccountButEmptyEmail - I receive valid HTTP response 400 for login using valid account but empty email
04:37:25.677 [main] DEBUG net.thucydides.core.steps.StepInterceptor -- STEP DONE: I receive valid HTTP response 400 for login using valid account but empty email
  &amp#27;[32mThen &amp#27;[0m&amp#27;[32mI receive valid HTTP response 400 for login using valid account but empty email&amp#27;[0m &amp#27;[90m# starter.stepdefinition.LoginSteps.receiveResponseCode400ForLoginUsingValidAccountButEmptyEmail()&amp#27;[0m
04:37:25.678 [main] INFO  -- 
  _____   ___   ___   _____     ___     _     ___   ___   ___   ___  
 |_   _| | __| / __| |_   _|   | _ \   /_\   / __| / __| | __| |   \ 
   | |   | _|  \__ \   | |     |  _/  / _ \  \__ \ \__ \ | _|  | |) |
   |_|   |___| |___/   |_|     |_|   /_/ \_\ |___/ |___/ |___| |___/ 

TC14 - Login using valid account but empty email
----------------------------------------------------------------------
]]></system-out>
  </testcase>
  <testcase name="TC15 - Login using valid account but empty password" classname="[02_Automation] - Login" time="0.112">
    <system-out><![CDATA[
Scenario: TC15 - Login using valid account but empty password                             &amp#27;[90m# src/test/resources/Login.feature:13&amp#27;[0m
04:37:25.685 [main] INFO io.cucumber.core.plugin.SerenityReporter -- Running feature from file:///D:/TaksAlterra/MiniProject/MiniProject_API/src/test/resources/Login.feature
04:37:25.685 [main] WARN io.cucumber.core.plugin.SerenityReporter -- Feature from file:///D:/TaksAlterra/MiniProject/MiniProject_API/src/test/resources/Login.feature is not under the 'features' directory. Requirements report will not be correctly generated!
04:37:25.687 [main] INFO  -- 
  _____   ___   ___   _____     ___   _____     _     ___   _____   ___   ___  
 |_   _| | __| / __| |_   _|   / __| |_   _|   /_\   | _ \ |_   _| | __| |   \ 
   | |   | _|  \__ \   | |     \__ \   | |    / _ \  |   /   | |   | _|  | |) |
   |_|   |___| |___/   |_|     |___/   |_|   /_/ \_\ |_|_\   |_|   |___| |___/ 

TC15 - Login using valid account but empty password([02-automation]---login;tc15---login-using-valid-account-but-empty-password)
--------------------------------------------------------------------------------
04:37:25.692 [main] DEBUG net.thucydides.core.steps.StepInterceptor -- STARTING STEP: LoginSteps.postLoginEndpoints3 - I POST login endpoints 3
04:37:25.693 [main] DEBUG net.thucydides.core.steps.StepInterceptor -- STEP DONE: I POST login endpoints 3
  &amp#27;[32mGiven &amp#27;[0m&amp#27;[32mI POST login endpoints 3&amp#27;[0m                                                          &amp#27;[90m# starter.stepdefinition.LoginSteps.postLoginEndpoints3()&amp#27;[0m
04:37:25.695 [main] DEBUG net.thucydides.core.steps.StepInterceptor -- STARTING STEP: LoginSteps.postHTTPRequestForLoginUsingValidAccountButEmptyPassword - I POST HTTP request for login using valid account but empty password
04:37:25.697 [main] DEBUG net.thucydides.core.steps.StepInterceptor -- STARTING STEP: Login.postHTTPRequestForLoginUsingValidAccountButEmptyPassword - I POST login endpoints 3
04:37:25.697 [main] DEBUG net.thucydides.core.steps.StepInterceptor -- STEP DONE: I POST login endpoints 3
04:37:25.706 [main] DEBUG org.apache.http.impl.conn.BasicClientConnectionManager -- Get connection for route {s}->https://altashop-api.fly.dev:443
04:37:25.706 [main] DEBUG org.apache.http.impl.conn.DefaultClientConnectionOperator -- Connecting to altashop-api.fly.dev:443
04:37:25.761 [main] DEBUG org.apache.http.client.protocol.RequestAddCookies -- CookieSpec selected: ignoreCookies
04:37:25.761 [main] DEBUG org.apache.http.client.protocol.RequestAuthCache -- Auth cache not set in the context
04:37:25.761 [main] DEBUG org.apache.http.client.protocol.RequestTargetAuthentication -- Target auth state: UNCHALLENGED
04:37:25.761 [main] DEBUG org.apache.http.client.protocol.RequestProxyAuthentication -- Proxy auth state: UNCHALLENGED
04:37:25.761 [main] DEBUG org.apache.http.impl.client.DefaultHttpClient -- Attempt 1 to execute request
04:37:25.761 [main] DEBUG org.apache.http.impl.conn.DefaultClientConnection -- Sending request: POST /api/auth/login HTTP/1.1
04:37:25.761 [main] DEBUG org.apache.http.wire --  >> "POST /api/auth/login HTTP/1.1[\r][\n]"
04:37:25.761 [main] DEBUG org.apache.http.wire --  >> "Accept: */*[\r][\n]"
04:37:25.761 [main] DEBUG org.apache.http.wire --  >> "Content-Type: application/json[\r][\n]"
04:37:25.761 [main] DEBUG org.apache.http.wire --  >> "Content-Length: 46[\r][\n]"
04:37:25.761 [main] DEBUG org.apache.http.wire --  >> "Host: altashop-api.fly.dev[\r][\n]"
04:37:25.761 [main] DEBUG org.apache.http.wire --  >> "Connection: Keep-Alive[\r][\n]"
04:37:25.761 [main] DEBUG org.apache.http.wire --  >> "User-Agent: Apache-HttpClient/4.5.13 (Java/17.0.8)[\r][\n]"
04:37:25.761 [main] DEBUG org.apache.http.wire --  >> "Accept-Encoding: gzip,deflate[\r][\n]"
04:37:25.761 [main] DEBUG org.apache.http.wire --  >> "[\r][\n]"
04:37:25.761 [main] DEBUG org.apache.http.headers -- >> POST /api/auth/login HTTP/1.1
04:37:25.761 [main] DEBUG org.apache.http.headers -- >> Accept: */*
04:37:25.761 [main] DEBUG org.apache.http.headers -- >> Content-Type: application/json
04:37:25.761 [main] DEBUG org.apache.http.headers -- >> Content-Length: 46
04:37:25.761 [main] DEBUG org.apache.http.headers -- >> Host: altashop-api.fly.dev
04:37:25.761 [main] DEBUG org.apache.http.headers -- >> Connection: Keep-Alive
04:37:25.761 [main] DEBUG org.apache.http.headers -- >> User-Agent: Apache-HttpClient/4.5.13 (Java/17.0.8)
04:37:25.761 [main] DEBUG org.apache.http.headers -- >> Accept-Encoding: gzip,deflate
04:37:25.761 [main] DEBUG org.apache.http.wire --  >> "{"password":"","email":"tasyafangg@gmail.com"}"
04:37:25.786 [main] DEBUG org.apache.http.wire --  << "HTTP/1.1 400 Bad Request[\r][\n]"
04:37:25.786 [main] DEBUG org.apache.http.wire --  << "content-type: application/json[\r][\n]"
04:37:25.786 [main] DEBUG org.apache.http.wire --  << "date: Mon, 30 Oct 2023 21:37:27 GMT[\r][\n]"
04:37:25.786 [main] DEBUG org.apache.http.wire --  << "content-encoding: gzip[\r][\n]"
04:37:25.786 [main] DEBUG org.apache.http.wire --  << "transfer-encoding: chunked[\r][\n]"
04:37:25.786 [main] DEBUG org.apache.http.wire --  << "server: Fly/7328d5b5 (2023-10-27)[\r][\n]"
04:37:25.786 [main] DEBUG org.apache.http.wire --  << "via: 1.1 fly.io[\r][\n]"
04:37:25.786 [main] DEBUG org.apache.http.wire --  << "fly-request-id: 01HE18AARYQY18DWH5983R5XGP-sin[\r][\n]"
04:37:25.786 [main] DEBUG org.apache.http.wire --  << "[\r][\n]"
04:37:25.786 [main] DEBUG org.apache.http.impl.conn.DefaultClientConnection -- Receiving response: HTTP/1.1 400 Bad Request
04:37:25.786 [main] DEBUG org.apache.http.headers -- << HTTP/1.1 400 Bad Request
04:37:25.786 [main] DEBUG org.apache.http.headers -- << content-type: application/json
04:37:25.786 [main] DEBUG org.apache.http.headers -- << date: Mon, 30 Oct 2023 21:37:27 GMT
04:37:25.786 [main] DEBUG org.apache.http.headers -- << content-encoding: gzip
04:37:25.786 [main] DEBUG org.apache.http.headers -- << transfer-encoding: chunked
04:37:25.786 [main] DEBUG org.apache.http.headers -- << server: Fly/7328d5b5 (2023-10-27)
04:37:25.786 [main] DEBUG org.apache.http.headers -- << via: 1.1 fly.io
04:37:25.786 [main] DEBUG org.apache.http.headers -- << fly-request-id: 01HE18AARYQY18DWH5983R5XGP-sin
04:37:25.786 [main] DEBUG org.apache.http.impl.client.DefaultHttpClient -- Connection can be kept alive indefinitely
04:37:25.786 [main] DEBUG io.restassured.internal.RestAssuredHttpBuilder -- Parsing response as: application/json
04:37:25.786 [main] DEBUG org.apache.http.wire --  << "35[\r][\n]"
04:37:25.786 [main] DEBUG org.apache.http.wire --  << "[0x1f][0x8b][0x8][0x0][0x0][0x0][0x0][0x0][0x4][0xff][0xab]VJ-*[0xca]/R[0xb2]R*H,..[0xcf]/JQ[0xc8],V(J-,[0xcd],JMQ[0xaa][0xe5][0x2][0x0][0xb9][0x8f][0xe5][0xe0]![0x0][0x0][0x0]"
04:37:25.786 [main] DEBUG org.apache.http.wire --  << "[\r][\n]"
04:37:25.787 [main] DEBUG org.apache.http.wire --  << "0[\r][\n]"
04:37:25.787 [main] DEBUG org.apache.http.wire --  << "[\r][\n]"
04:37:25.787 [main] DEBUG io.restassured.internal.RestAssuredHttpBuilder -- Parsed data to instance of: class org.apache.http.conn.EofSensorInputStream
04:37:25.788 [main] DEBUG org.apache.http.impl.conn.BasicClientConnectionManager -- Releasing connection org.apache.http.impl.conn.ManagedClientConnectionImpl@3b1137b0
04:37:25.788 [main] DEBUG org.apache.http.impl.conn.BasicClientConnectionManager -- Connection can be kept alive indefinitely
04:37:25.788 [main] DEBUG net.thucydides.core.steps.StepInterceptor -- STEP DONE: I POST HTTP request for login using valid account but empty password
  &amp#27;[32mWhen &amp#27;[0m&amp#27;[32mI POST HTTP request for login using valid account but empty password&amp#27;[0m               &amp#27;[90m# starter.stepdefinition.LoginSteps.postHTTPRequestForLoginUsingValidAccountButEmptyPassword()&amp#27;[0m
04:37:25.789 [main] DEBUG net.thucydides.core.steps.StepInterceptor -- STARTING STEP: LoginSteps.receiveResponseCode400ForLoginUsingValidAccountButEmptyPassword - I receive valid HTTP response 400 for login using valid account but empty password
04:37:25.790 [main] DEBUG net.thucydides.core.steps.StepInterceptor -- STEP DONE: I receive valid HTTP response 400 for login using valid account but empty password
  &amp#27;[32mThen &amp#27;[0m&amp#27;[32mI receive valid HTTP response 400 for login using valid account but empty password&amp#27;[0m &amp#27;[90m# starter.stepdefinition.LoginSteps.receiveResponseCode400ForLoginUsingValidAccountButEmptyPassword()&amp#27;[0m
04:37:25.791 [main] INFO  -- 
  _____   ___   ___   _____     ___     _     ___   ___   ___   ___  
 |_   _| | __| / __| |_   _|   | _ \   /_\   / __| / __| | __| |   \ 
   | |   | _|  \__ \   | |     |  _/  / _ \  \__ \ \__ \ | _|  | |) |
   |_|   |___| |___/   |_|     |_|   /_/ \_\ |___/ |___/ |___| |___/ 

TC15 - Login using valid account but empty password
----------------------------------------------------------------------
]]></system-out>
  </testcase>
  <testcase name="TC16 - Login with valid account but change email with password and password with email" classname="[02_Automation] - Login" time="0.1">
    <system-out><![CDATA[
Scenario: TC16 - Login with valid account but change email with password and password with email                             &amp#27;[90m# src/test/resources/Login.feature:18&amp#27;[0m
04:37:25.797 [main] INFO io.cucumber.core.plugin.SerenityReporter -- Running feature from file:///D:/TaksAlterra/MiniProject/MiniProject_API/src/test/resources/Login.feature
04:37:25.797 [main] WARN io.cucumber.core.plugin.SerenityReporter -- Feature from file:///D:/TaksAlterra/MiniProject/MiniProject_API/src/test/resources/Login.feature is not under the 'features' directory. Requirements report will not be correctly generated!
04:37:25.797 [main] INFO  -- 
  _____   ___   ___   _____     ___   _____     _     ___   _____   ___   ___  
 |_   _| | __| / __| |_   _|   / __| |_   _|   /_\   | _ \ |_   _| | __| |   \ 
   | |   | _|  \__ \   | |     \__ \   | |    / _ \  |   /   | |   | _|  | |) |
   |_|   |___| |___/   |_|     |___/   |_|   /_/ \_\ |_|_\   |_|   |___| |___/ 

TC16 - Login with valid account but change email with password and password with email([02-automation]---login;tc16---login-with-valid-account-but-change-email-with-password-and-password-with-email)
--------------------------------------------------------------------------------
04:37:25.801 [main] DEBUG net.thucydides.core.steps.StepInterceptor -- STARTING STEP: LoginSteps.postLoginEndpoint4 - I POST login endpoints 4
04:37:25.802 [main] DEBUG net.thucydides.core.steps.StepInterceptor -- STEP DONE: I POST login endpoints 4
  &amp#27;[32mGiven &amp#27;[0m&amp#27;[32mI POST login endpoints 4&amp#27;[0m                                                                                             &amp#27;[90m# starter.stepdefinition.LoginSteps.postLoginEndpoint4()&amp#27;[0m
04:37:25.803 [main] DEBUG net.thucydides.core.steps.StepInterceptor -- STARTING STEP: LoginSteps.postHTTPRequestForLoginWithValidAccoutButChangeEmailWithPasswordAndPasswordWithEmail - I POST HTTP request for login with valid account but change email with password and password with email
04:37:25.804 [main] DEBUG net.thucydides.core.steps.StepInterceptor -- STARTING STEP: Login.postHTTPRequestForLoginWithValidAccoutButChangeEmailWithPasswordAndPasswordWithEmail - I POST login endpoints 4
04:37:25.804 [main] DEBUG net.thucydides.core.steps.StepInterceptor -- STEP DONE: I POST login endpoints 4
04:37:25.811 [main] DEBUG org.apache.http.impl.conn.BasicClientConnectionManager -- Get connection for route {s}->https://altashop-api.fly.dev:443
04:37:25.811 [main] DEBUG org.apache.http.impl.conn.DefaultClientConnectionOperator -- Connecting to altashop-api.fly.dev:443
04:37:25.861 [main] DEBUG org.apache.http.client.protocol.RequestAddCookies -- CookieSpec selected: ignoreCookies
04:37:25.861 [main] DEBUG org.apache.http.client.protocol.RequestAuthCache -- Auth cache not set in the context
04:37:25.861 [main] DEBUG org.apache.http.client.protocol.RequestTargetAuthentication -- Target auth state: UNCHALLENGED
04:37:25.861 [main] DEBUG org.apache.http.client.protocol.RequestProxyAuthentication -- Proxy auth state: UNCHALLENGED
04:37:25.861 [main] DEBUG org.apache.http.impl.client.DefaultHttpClient -- Attempt 1 to execute request
04:37:25.861 [main] DEBUG org.apache.http.impl.conn.DefaultClientConnection -- Sending request: POST /api/auth/login HTTP/1.1
04:37:25.861 [main] DEBUG org.apache.http.wire --  >> "POST /api/auth/login HTTP/1.1[\r][\n]"
04:37:25.861 [main] DEBUG org.apache.http.wire --  >> "Accept: */*[\r][\n]"
04:37:25.861 [main] DEBUG org.apache.http.wire --  >> "Content-Type: application/json[\r][\n]"
04:37:25.861 [main] DEBUG org.apache.http.wire --  >> "Content-Length: 56[\r][\n]"
04:37:25.861 [main] DEBUG org.apache.http.wire --  >> "Host: altashop-api.fly.dev[\r][\n]"
04:37:25.861 [main] DEBUG org.apache.http.wire --  >> "Connection: Keep-Alive[\r][\n]"
04:37:25.861 [main] DEBUG org.apache.http.wire --  >> "User-Agent: Apache-HttpClient/4.5.13 (Java/17.0.8)[\r][\n]"
04:37:25.861 [main] DEBUG org.apache.http.wire --  >> "Accept-Encoding: gzip,deflate[\r][\n]"
04:37:25.861 [main] DEBUG org.apache.http.wire --  >> "[\r][\n]"
04:37:25.861 [main] DEBUG org.apache.http.headers -- >> POST /api/auth/login HTTP/1.1
04:37:25.861 [main] DEBUG org.apache.http.headers -- >> Accept: */*
04:37:25.861 [main] DEBUG org.apache.http.headers -- >> Content-Type: application/json
04:37:25.861 [main] DEBUG org.apache.http.headers -- >> Content-Length: 56
04:37:25.861 [main] DEBUG org.apache.http.headers -- >> Host: altashop-api.fly.dev
04:37:25.861 [main] DEBUG org.apache.http.headers -- >> Connection: Keep-Alive
04:37:25.861 [main] DEBUG org.apache.http.headers -- >> User-Agent: Apache-HttpClient/4.5.13 (Java/17.0.8)
04:37:25.861 [main] DEBUG org.apache.http.headers -- >> Accept-Encoding: gzip,deflate
04:37:25.861 [main] DEBUG org.apache.http.wire --  >> "{"password":"tasyafangg@gmail.com","email":"Sezzle2021"}"
04:37:25.886 [main] DEBUG org.apache.http.wire --  << "HTTP/1.1 400 Bad Request[\r][\n]"
04:37:25.886 [main] DEBUG org.apache.http.wire --  << "content-type: application/json[\r][\n]"
04:37:25.886 [main] DEBUG org.apache.http.wire --  << "date: Mon, 30 Oct 2023 21:37:27 GMT[\r][\n]"
04:37:25.886 [main] DEBUG org.apache.http.wire --  << "content-encoding: gzip[\r][\n]"
04:37:25.886 [main] DEBUG org.apache.http.wire --  << "transfer-encoding: chunked[\r][\n]"
04:37:25.886 [main] DEBUG org.apache.http.wire --  << "server: Fly/7328d5b5 (2023-10-27)[\r][\n]"
04:37:25.886 [main] DEBUG org.apache.http.wire --  << "via: 1.1 fly.io[\r][\n]"
04:37:25.886 [main] DEBUG org.apache.http.wire --  << "fly-request-id: 01HE18AAW1PQ6PQB7WDYGHXM28-sin[\r][\n]"
04:37:25.886 [main] DEBUG org.apache.http.wire --  << "[\r][\n]"
04:37:25.886 [main] DEBUG org.apache.http.impl.conn.DefaultClientConnection -- Receiving response: HTTP/1.1 400 Bad Request
04:37:25.886 [main] DEBUG org.apache.http.headers -- << HTTP/1.1 400 Bad Request
04:37:25.886 [main] DEBUG org.apache.http.headers -- << content-type: application/json
04:37:25.886 [main] DEBUG org.apache.http.headers -- << date: Mon, 30 Oct 2023 21:37:27 GMT
04:37:25.886 [main] DEBUG org.apache.http.headers -- << content-encoding: gzip
04:37:25.886 [main] DEBUG org.apache.http.headers -- << transfer-encoding: chunked
04:37:25.886 [main] DEBUG org.apache.http.headers -- << server: Fly/7328d5b5 (2023-10-27)
04:37:25.886 [main] DEBUG org.apache.http.headers -- << via: 1.1 fly.io
04:37:25.886 [main] DEBUG org.apache.http.headers -- << fly-request-id: 01HE18AAW1PQ6PQB7WDYGHXM28-sin
04:37:25.887 [main] DEBUG org.apache.http.impl.client.DefaultHttpClient -- Connection can be kept alive indefinitely
04:37:25.887 [main] DEBUG io.restassured.internal.RestAssuredHttpBuilder -- Parsing response as: application/json
04:37:25.887 [main] DEBUG org.apache.http.wire --  << "31[\r][\n]"
04:37:25.887 [main] DEBUG org.apache.http.wire --  << "[0x1f][0x8b][0x8][0x0][0x0][0x0][0x0][0x0][0x4][0xff][0xab]VJ-*[0xca]/R[0xb2]R*JM[0xce]/JQ[0xc8][0xcb]/QH[0xcb]/[0xcd]KQ[0xaa][0xe5][0x2][0x0]6`[0x14][0x2][0x1d][0x0][0x0][0x0]"
04:37:25.887 [main] DEBUG org.apache.http.wire --  << "[\r][\n]"
04:37:25.887 [main] DEBUG org.apache.http.wire --  << "0[\r][\n]"
04:37:25.887 [main] DEBUG org.apache.http.wire --  << "[\r][\n]"
04:37:25.887 [main] DEBUG io.restassured.internal.RestAssuredHttpBuilder -- Parsed data to instance of: class org.apache.http.conn.EofSensorInputStream
04:37:25.888 [main] DEBUG org.apache.http.impl.conn.BasicClientConnectionManager -- Releasing connection org.apache.http.impl.conn.ManagedClientConnectionImpl@594c66c3
04:37:25.888 [main] DEBUG org.apache.http.impl.conn.BasicClientConnectionManager -- Connection can be kept alive indefinitely
04:37:25.888 [main] DEBUG net.thucydides.core.steps.StepInterceptor -- STEP DONE: I POST HTTP request for login with valid account but change email with password and password with email
  &amp#27;[32mWhen &amp#27;[0m&amp#27;[32mI POST HTTP request for login with valid account but change email with password and password with email&amp#27;[0m               &amp#27;[90m# starter.stepdefinition.LoginSteps.postHTTPRequestForLoginWithValidAccoutButChangeEmailWithPasswordAndPasswordWithEmail()&amp#27;[0m
04:37:25.890 [main] DEBUG net.thucydides.core.steps.StepInterceptor -- STARTING STEP: LoginSteps.receiveResponseCode400ForLoginWithValidAccoutButChangeEmailWithPasswordAndPasswordWithEmail - I receive valid HTTP response 400 for login with valid account but change email with password and password with email
04:37:25.891 [main] DEBUG net.thucydides.core.steps.StepInterceptor -- STEP DONE: I receive valid HTTP response 400 for login with valid account but change email with password and password with email
  &amp#27;[32mThen &amp#27;[0m&amp#27;[32mI receive valid HTTP response 400 for login with valid account but change email with password and password with email&amp#27;[0m &amp#27;[90m# starter.stepdefinition.LoginSteps.receiveResponseCode400ForLoginWithValidAccoutButChangeEmailWithPasswordAndPasswordWithEmail()&amp#27;[0m
04:37:25.891 [main] INFO  -- 
  _____   ___   ___   _____     ___     _     ___   ___   ___   ___  
 |_   _| | __| / __| |_   _|   | _ \   /_\   / __| / __| | __| |   \ 
   | |   | _|  \__ \   | |     |  _/  / _ \  \__ \ \__ \ | _|  | |) |
   |_|   |___| |___/   |_|     |_|   /_/ \_\ |___/ |___/ |___| |___/ 

TC16 - Login with valid account but change email with password and password with email
----------------------------------------------------------------------
]]></system-out>
  </testcase>
  <testcase name="TC18 - Login without payload" classname="[02_Automation] - Login" time="0.107">
    <system-out><![CDATA[
Scenario: TC18 - Login without payload                             &amp#27;[90m# src/test/resources/Login.feature:28&amp#27;[0m
04:37:25.895 [main] INFO io.cucumber.core.plugin.SerenityReporter -- Running feature from file:///D:/TaksAlterra/MiniProject/MiniProject_API/src/test/resources/Login.feature
04:37:25.895 [main] WARN io.cucumber.core.plugin.SerenityReporter -- Feature from file:///D:/TaksAlterra/MiniProject/MiniProject_API/src/test/resources/Login.feature is not under the 'features' directory. Requirements report will not be correctly generated!
04:37:25.896 [main] INFO  -- 
  _____   ___   ___   _____     ___   _____     _     ___   _____   ___   ___  
 |_   _| | __| / __| |_   _|   / __| |_   _|   /_\   | _ \ |_   _| | __| |   \ 
   | |   | _|  \__ \   | |     \__ \   | |    / _ \  |   /   | |   | _|  | |) |
   |_|   |___| |___/   |_|     |___/   |_|   /_/ \_\ |_|_\   |_|   |___| |___/ 

TC18 - Login without payload([02-automation]---login;tc18---login-without-payload)
--------------------------------------------------------------------------------
04:37:25.903 [Finalizer] DEBUG org.apache.http.impl.conn.DefaultClientConnection -- Connection 0.0.0.0:54366<->149.248.193.56:443 closed
04:37:25.903 [Finalizer] DEBUG org.apache.http.impl.conn.DefaultClientConnection -- Connection 0.0.0.0:54367<->149.248.193.56:443 closed
04:37:25.903 [Finalizer] DEBUG org.apache.http.impl.conn.DefaultClientConnection -- Connection 0.0.0.0:54368<->149.248.193.56:443 closed
04:37:25.903 [Finalizer] DEBUG org.apache.http.impl.conn.DefaultClientConnection -- Connection 0.0.0.0:54364<->149.248.193.56:443 closed
04:37:25.904 [Finalizer] DEBUG org.apache.http.impl.conn.DefaultClientConnection -- Connection 0.0.0.0:54365<->149.248.193.56:443 closed
04:37:25.904 [main] DEBUG net.thucydides.core.steps.StepInterceptor -- STARTING STEP: LoginSteps.postLoginEndpoints6 - I POST login endpoints 6
04:37:25.904 [main] DEBUG net.thucydides.core.steps.StepInterceptor -- STEP DONE: I POST login endpoints 6
  &amp#27;[32mGiven &amp#27;[0m&amp#27;[32mI POST login endpoints 6&amp#27;[0m                                   &amp#27;[90m# starter.stepdefinition.LoginSteps.postLoginEndpoints6()&amp#27;[0m
04:37:25.906 [main] DEBUG net.thucydides.core.steps.StepInterceptor -- STARTING STEP: LoginSteps.postHTTPRequestForLoginWithoutPayload - I POST HTTP request for login without payload
04:37:25.907 [main] DEBUG net.thucydides.core.steps.StepInterceptor -- STARTING STEP: Login.postHTTPRequestForLoginWithoutPayload - I POST login endpoints 6
04:37:25.907 [main] DEBUG net.thucydides.core.steps.StepInterceptor -- STEP DONE: I POST login endpoints 6
04:37:25.913 [main] DEBUG org.apache.http.impl.conn.BasicClientConnectionManager -- Get connection for route {s}->https://altashop-api.fly.dev:443
04:37:25.913 [main] DEBUG org.apache.http.impl.conn.DefaultClientConnectionOperator -- Connecting to altashop-api.fly.dev:443
04:37:25.968 [main] DEBUG org.apache.http.client.protocol.RequestAddCookies -- CookieSpec selected: ignoreCookies
04:37:25.968 [main] DEBUG org.apache.http.client.protocol.RequestAuthCache -- Auth cache not set in the context
04:37:25.968 [main] DEBUG org.apache.http.client.protocol.RequestTargetAuthentication -- Target auth state: UNCHALLENGED
04:37:25.968 [main] DEBUG org.apache.http.client.protocol.RequestProxyAuthentication -- Proxy auth state: UNCHALLENGED
04:37:25.968 [main] DEBUG org.apache.http.impl.client.DefaultHttpClient -- Attempt 1 to execute request
04:37:25.968 [main] DEBUG org.apache.http.impl.conn.DefaultClientConnection -- Sending request: POST /api/auth/login HTTP/1.1
04:37:25.968 [main] DEBUG org.apache.http.wire --  >> "POST /api/auth/login HTTP/1.1[\r][\n]"
04:37:25.968 [main] DEBUG org.apache.http.wire --  >> "Accept: */*[\r][\n]"
04:37:25.968 [main] DEBUG org.apache.http.wire --  >> "Content-Type: application/json[\r][\n]"
04:37:25.968 [main] DEBUG org.apache.http.wire --  >> "Content-Length: 2[\r][\n]"
04:37:25.968 [main] DEBUG org.apache.http.wire --  >> "Host: altashop-api.fly.dev[\r][\n]"
04:37:25.968 [main] DEBUG org.apache.http.wire --  >> "Connection: Keep-Alive[\r][\n]"
04:37:25.968 [main] DEBUG org.apache.http.wire --  >> "User-Agent: Apache-HttpClient/4.5.13 (Java/17.0.8)[\r][\n]"
04:37:25.968 [main] DEBUG org.apache.http.wire --  >> "Accept-Encoding: gzip,deflate[\r][\n]"
04:37:25.968 [main] DEBUG org.apache.http.wire --  >> "[\r][\n]"
04:37:25.968 [main] DEBUG org.apache.http.headers -- >> POST /api/auth/login HTTP/1.1
04:37:25.968 [main] DEBUG org.apache.http.headers -- >> Accept: */*
04:37:25.968 [main] DEBUG org.apache.http.headers -- >> Content-Type: application/json
04:37:25.968 [main] DEBUG org.apache.http.headers -- >> Content-Length: 2
04:37:25.968 [main] DEBUG org.apache.http.headers -- >> Host: altashop-api.fly.dev
04:37:25.968 [main] DEBUG org.apache.http.headers -- >> Connection: Keep-Alive
04:37:25.968 [main] DEBUG org.apache.http.headers -- >> User-Agent: Apache-HttpClient/4.5.13 (Java/17.0.8)
04:37:25.968 [main] DEBUG org.apache.http.headers -- >> Accept-Encoding: gzip,deflate
04:37:25.968 [main] DEBUG org.apache.http.wire --  >> "{}"
04:37:25.993 [main] DEBUG org.apache.http.wire --  << "HTTP/1.1 400 Bad Request[\r][\n]"
04:37:25.993 [main] DEBUG org.apache.http.wire --  << "content-type: application/json[\r][\n]"
04:37:25.993 [main] DEBUG org.apache.http.wire --  << "date: Mon, 30 Oct 2023 21:37:27 GMT[\r][\n]"
04:37:25.993 [main] DEBUG org.apache.http.wire --  << "content-encoding: gzip[\r][\n]"
04:37:25.993 [main] DEBUG org.apache.http.wire --  << "transfer-encoding: chunked[\r][\n]"
04:37:25.993 [main] DEBUG org.apache.http.wire --  << "server: Fly/7328d5b5 (2023-10-27)[\r][\n]"
04:37:25.993 [main] DEBUG org.apache.http.wire --  << "via: 1.1 fly.io[\r][\n]"
04:37:25.993 [main] DEBUG org.apache.http.wire --  << "fly-request-id: 01HE18AAZCTRRV7TSDH7VCVETD-sin[\r][\n]"
04:37:25.993 [main] DEBUG org.apache.http.wire --  << "[\r][\n]"
04:37:25.993 [main] DEBUG org.apache.http.impl.conn.DefaultClientConnection -- Receiving response: HTTP/1.1 400 Bad Request
04:37:25.993 [main] DEBUG org.apache.http.headers -- << HTTP/1.1 400 Bad Request
04:37:25.993 [main] DEBUG org.apache.http.headers -- << content-type: application/json
04:37:25.993 [main] DEBUG org.apache.http.headers -- << date: Mon, 30 Oct 2023 21:37:27 GMT
04:37:25.993 [main] DEBUG org.apache.http.headers -- << content-encoding: gzip
04:37:25.993 [main] DEBUG org.apache.http.headers -- << transfer-encoding: chunked
04:37:25.993 [main] DEBUG org.apache.http.headers -- << server: Fly/7328d5b5 (2023-10-27)
04:37:25.993 [main] DEBUG org.apache.http.headers -- << via: 1.1 fly.io
04:37:25.993 [main] DEBUG org.apache.http.headers -- << fly-request-id: 01HE18AAZCTRRV7TSDH7VCVETD-sin
04:37:25.993 [main] DEBUG org.apache.http.impl.client.DefaultHttpClient -- Connection can be kept alive indefinitely
04:37:25.993 [main] DEBUG io.restassured.internal.RestAssuredHttpBuilder -- Parsing response as: application/json
04:37:25.993 [main] DEBUG org.apache.http.wire --  << "32[\r][\n]"
04:37:25.993 [main] DEBUG org.apache.http.wire --  << "[0x1f][0x8b][0x8][0x0][0x0][0x0][0x0][0x0][0x4][0xff][0xab]VJ-*[0xca]/R[0xb2]RJ[0xcd]M[0xcc][0xcc]Q[0xc8],V(J-,[0xcd],JMQ[0xaa][0xe5][0x2][0x0]&[0xe3][0xaa]j[0x1e][0x0][0x0][0x0]"
04:37:25.993 [main] DEBUG org.apache.http.wire --  << "[\r][\n]"
04:37:25.994 [main] DEBUG org.apache.http.wire --  << "0[\r][\n]"
04:37:25.994 [main] DEBUG org.apache.http.wire --  << "[\r][\n]"
04:37:25.994 [main] DEBUG io.restassured.internal.RestAssuredHttpBuilder -- Parsed data to instance of: class org.apache.http.conn.EofSensorInputStream
04:37:25.994 [main] DEBUG org.apache.http.impl.conn.BasicClientConnectionManager -- Releasing connection org.apache.http.impl.conn.ManagedClientConnectionImpl@17034458
04:37:25.995 [main] DEBUG org.apache.http.impl.conn.BasicClientConnectionManager -- Connection can be kept alive indefinitely
04:37:25.995 [main] DEBUG net.thucydides.core.steps.StepInterceptor -- STEP DONE: I POST HTTP request for login without payload
  &amp#27;[32mWhen &amp#27;[0m&amp#27;[32mI POST HTTP request for login without payload&amp#27;[0m               &amp#27;[90m# starter.stepdefinition.LoginSteps.postHTTPRequestForLoginWithoutPayload()&amp#27;[0m
04:37:25.997 [main] DEBUG net.thucydides.core.steps.StepInterceptor -- STARTING STEP: LoginSteps.receiveResponseCode400ForLoginWithoutPayload - I receive valid HTTP response 400 for login without payload
04:37:25.997 [main] DEBUG net.thucydides.core.steps.StepInterceptor -- STEP DONE: I receive valid HTTP response 400 for login without payload
  &amp#27;[32mThen &amp#27;[0m&amp#27;[32mI receive valid HTTP response 400 for login without payload&amp#27;[0m &amp#27;[90m# starter.stepdefinition.LoginSteps.receiveResponseCode400ForLoginWithoutPayload()&amp#27;[0m
04:37:25.998 [main] INFO  -- 
  _____   ___   ___   _____     ___     _     ___   ___   ___   ___  
 |_   _| | __| / __| |_   _|   | _ \   /_\   / __| / __| | __| |   \ 
   | |   | _|  \__ \   | |     |  _/  / _ \  \__ \ \__ \ | _|  | |) |
   |_|   |___| |___/   |_|     |_|   /_/ \_\ |___/ |___/ |___| |___/ 

TC18 - Login without payload
----------------------------------------------------------------------
]]></system-out>
  </testcase>
  <testcase name="TC19 - Login with invalid format payload" classname="[02_Automation] - Login" time="0.107">
    <system-out><![CDATA[
Scenario: TC19 - Login with invalid format payload                             &amp#27;[90m# src/test/resources/Login.feature:33&amp#27;[0m
04:37:26.002 [main] INFO io.cucumber.core.plugin.SerenityReporter -- Running feature from file:///D:/TaksAlterra/MiniProject/MiniProject_API/src/test/resources/Login.feature
04:37:26.002 [main] WARN io.cucumber.core.plugin.SerenityReporter -- Feature from file:///D:/TaksAlterra/MiniProject/MiniProject_API/src/test/resources/Login.feature is not under the 'features' directory. Requirements report will not be correctly generated!
04:37:26.003 [main] INFO  -- 
  _____   ___   ___   _____     ___   _____     _     ___   _____   ___   ___  
 |_   _| | __| / __| |_   _|   / __| |_   _|   /_\   | _ \ |_   _| | __| |   \ 
   | |   | _|  \__ \   | |     \__ \   | |    / _ \  |   /   | |   | _|  | |) |
   |_|   |___| |___/   |_|     |___/   |_|   /_/ \_\ |_|_\   |_|   |___| |___/ 

TC19 - Login with invalid format payload([02-automation]---login;tc19---login-with-invalid-format-payload)
--------------------------------------------------------------------------------
04:37:26.007 [main] DEBUG net.thucydides.core.steps.StepInterceptor -- STARTING STEP: LoginSteps.postLoginEndpoints7 - I POST login endpoints 7
04:37:26.007 [main] DEBUG net.thucydides.core.steps.StepInterceptor -- STEP DONE: I POST login endpoints 7
  &amp#27;[32mGiven &amp#27;[0m&amp#27;[32mI POST login endpoints 7&amp#27;[0m                                               &amp#27;[90m# starter.stepdefinition.LoginSteps.postLoginEndpoints7()&amp#27;[0m
04:37:26.009 [main] DEBUG net.thucydides.core.steps.StepInterceptor -- STARTING STEP: LoginSteps.postHTTPRequestForLoginWithInvalidFormatPayload - I POST HTTP request for login with invalid format payload
04:37:26.010 [main] DEBUG net.thucydides.core.steps.StepInterceptor -- STARTING STEP: Login.postHTTPRequestForLoginWithInvalidFormatPayload - I POST login endpoints 7
04:37:26.010 [main] DEBUG net.thucydides.core.steps.StepInterceptor -- STEP DONE: I POST login endpoints 7
04:37:26.016 [main] DEBUG org.apache.http.impl.conn.BasicClientConnectionManager -- Get connection for route {s}->https://altashop-api.fly.dev:443
04:37:26.016 [main] DEBUG org.apache.http.impl.conn.DefaultClientConnectionOperator -- Connecting to altashop-api.fly.dev:443
04:37:26.076 [main] DEBUG org.apache.http.client.protocol.RequestAddCookies -- CookieSpec selected: ignoreCookies
04:37:26.076 [main] DEBUG org.apache.http.client.protocol.RequestAuthCache -- Auth cache not set in the context
04:37:26.076 [main] DEBUG org.apache.http.client.protocol.RequestTargetAuthentication -- Target auth state: UNCHALLENGED
04:37:26.076 [main] DEBUG org.apache.http.client.protocol.RequestProxyAuthentication -- Proxy auth state: UNCHALLENGED
04:37:26.076 [main] DEBUG org.apache.http.impl.client.DefaultHttpClient -- Attempt 1 to execute request
04:37:26.076 [main] DEBUG org.apache.http.impl.conn.DefaultClientConnection -- Sending request: POST /api/auth/login HTTP/1.1
04:37:26.076 [main] DEBUG org.apache.http.wire --  >> "POST /api/auth/login HTTP/1.1[\r][\n]"
04:37:26.076 [main] DEBUG org.apache.http.wire --  >> "Accept: */*[\r][\n]"
04:37:26.076 [main] DEBUG org.apache.http.wire --  >> "Content-Type: application/json[\r][\n]"
04:37:26.076 [main] DEBUG org.apache.http.wire --  >> "Content-Length: 51[\r][\n]"
04:37:26.076 [main] DEBUG org.apache.http.wire --  >> "Host: altashop-api.fly.dev[\r][\n]"
04:37:26.076 [main] DEBUG org.apache.http.wire --  >> "Connection: Keep-Alive[\r][\n]"
04:37:26.076 [main] DEBUG org.apache.http.wire --  >> "User-Agent: Apache-HttpClient/4.5.13 (Java/17.0.8)[\r][\n]"
04:37:26.076 [main] DEBUG org.apache.http.wire --  >> "Accept-Encoding: gzip,deflate[\r][\n]"
04:37:26.076 [main] DEBUG org.apache.http.wire --  >> "[\r][\n]"
04:37:26.076 [main] DEBUG org.apache.http.headers -- >> POST /api/auth/login HTTP/1.1
04:37:26.076 [main] DEBUG org.apache.http.headers -- >> Accept: */*
04:37:26.076 [main] DEBUG org.apache.http.headers -- >> Content-Type: application/json
04:37:26.076 [main] DEBUG org.apache.http.headers -- >> Content-Length: 51
04:37:26.076 [main] DEBUG org.apache.http.headers -- >> Host: altashop-api.fly.dev
04:37:26.076 [main] DEBUG org.apache.http.headers -- >> Connection: Keep-Alive
04:37:26.076 [main] DEBUG org.apache.http.headers -- >> User-Agent: Apache-HttpClient/4.5.13 (Java/17.0.8)
04:37:26.076 [main] DEBUG org.apache.http.headers -- >> Accept-Encoding: gzip,deflate
04:37:26.076 [main] DEBUG org.apache.http.wire --  >> "{"mail":"tasyafangg@gmail.com","pass":"Sezzle2021"}"
04:37:26.100 [main] DEBUG org.apache.http.wire --  << "HTTP/1.1 400 Bad Request[\r][\n]"
04:37:26.100 [main] DEBUG org.apache.http.wire --  << "content-type: application/json[\r][\n]"
04:37:26.100 [main] DEBUG org.apache.http.wire --  << "date: Mon, 30 Oct 2023 21:37:27 GMT[\r][\n]"
04:37:26.100 [main] DEBUG org.apache.http.wire --  << "content-encoding: gzip[\r][\n]"
04:37:26.100 [main] DEBUG org.apache.http.wire --  << "transfer-encoding: chunked[\r][\n]"
04:37:26.100 [main] DEBUG org.apache.http.wire --  << "server: Fly/7328d5b5 (2023-10-27)[\r][\n]"
04:37:26.100 [main] DEBUG org.apache.http.wire --  << "via: 1.1 fly.io[\r][\n]"
04:37:26.100 [main] DEBUG org.apache.http.wire --  << "fly-request-id: 01HE18AB2RE81QW7CZM7CCRN29-sin[\r][\n]"
04:37:26.100 [main] DEBUG org.apache.http.wire --  << "[\r][\n]"
04:37:26.100 [main] DEBUG org.apache.http.impl.conn.DefaultClientConnection -- Receiving response: HTTP/1.1 400 Bad Request
04:37:26.100 [main] DEBUG org.apache.http.headers -- << HTTP/1.1 400 Bad Request
04:37:26.100 [main] DEBUG org.apache.http.headers -- << content-type: application/json
04:37:26.100 [main] DEBUG org.apache.http.headers -- << date: Mon, 30 Oct 2023 21:37:27 GMT
04:37:26.100 [main] DEBUG org.apache.http.headers -- << content-encoding: gzip
04:37:26.100 [main] DEBUG org.apache.http.headers -- << transfer-encoding: chunked
04:37:26.100 [main] DEBUG org.apache.http.headers -- << server: Fly/7328d5b5 (2023-10-27)
04:37:26.100 [main] DEBUG org.apache.http.headers -- << via: 1.1 fly.io
04:37:26.100 [main] DEBUG org.apache.http.headers -- << fly-request-id: 01HE18AB2RE81QW7CZM7CCRN29-sin
04:37:26.100 [main] DEBUG org.apache.http.impl.client.DefaultHttpClient -- Connection can be kept alive indefinitely
04:37:26.100 [main] DEBUG io.restassured.internal.RestAssuredHttpBuilder -- Parsing response as: application/json
04:37:26.100 [main] DEBUG org.apache.http.wire --  << "32[\r][\n]"
04:37:26.100 [main] DEBUG org.apache.http.wire --  << "[0x1f][0x8b][0x8][0x0][0x0][0x0][0x0][0x0][0x4][0xff][0xab]VJ-*[0xca]/R[0xb2]RJ[0xcd]M[0xcc][0xcc]Q[0xc8],V(J-,[0xcd],JMQ[0xaa][0xe5][0x2][0x0]&[0xe3][0xaa]j[0x1e][0x0][0x0][0x0]"
04:37:26.100 [main] DEBUG org.apache.http.wire --  << "[\r][\n]"
04:37:26.100 [main] DEBUG org.apache.http.wire --  << "0[\r][\n]"
04:37:26.100 [main] DEBUG org.apache.http.wire --  << "[\r][\n]"
04:37:26.101 [main] DEBUG io.restassured.internal.RestAssuredHttpBuilder -- Parsed data to instance of: class org.apache.http.conn.EofSensorInputStream
04:37:26.101 [main] DEBUG org.apache.http.impl.conn.BasicClientConnectionManager -- Releasing connection org.apache.http.impl.conn.ManagedClientConnectionImpl@2568611c
04:37:26.101 [main] DEBUG org.apache.http.impl.conn.BasicClientConnectionManager -- Connection can be kept alive indefinitely
04:37:26.102 [main] DEBUG net.thucydides.core.steps.StepInterceptor -- STEP DONE: I POST HTTP request for login with invalid format payload
  &amp#27;[32mWhen &amp#27;[0m&amp#27;[32mI POST HTTP request for login with invalid format payload&amp#27;[0m               &amp#27;[90m# starter.stepdefinition.LoginSteps.postHTTPRequestForLoginWithInvalidFormatPayload()&amp#27;[0m
04:37:26.104 [main] DEBUG net.thucydides.core.steps.StepInterceptor -- STARTING STEP: LoginSteps.receiveResponseCode400ForLoginWithInvalidFormatPayload - I receive valid HTTP response 400 for login with invalid format payload
04:37:26.105 [main] DEBUG net.thucydides.core.steps.StepInterceptor -- STEP DONE: I receive valid HTTP response 400 for login with invalid format payload
  &amp#27;[32mThen &amp#27;[0m&amp#27;[32mI receive valid HTTP response 400 for login with invalid format payload&amp#27;[0m &amp#27;[90m# starter.stepdefinition.LoginSteps.receiveResponseCode400ForLoginWithInvalidFormatPayload()&amp#27;[0m
04:37:26.105 [main] INFO  -- 
  _____   ___   ___   _____     ___     _     ___   ___   ___   ___  
 |_   _| | __| / __| |_   _|   | _ \   /_\   / __| / __| | __| |   \ 
   | |   | _|  \__ \   | |     |  _/  / _ \  \__ \ \__ \ | _|  | |) |
   |_|   |___| |___/   |_|     |_|   /_/ \_\ |___/ |___/ |___| |___/ 

TC19 - Login with invalid format payload
----------------------------------------------------------------------
]]></system-out>
  </testcase>
  <testcase name="TC20 - Login with body parameter is empty" classname="[02_Automation] - Login" time="0.109">
    <system-out><![CDATA[
Scenario: TC20 - Login with body parameter is empty                             &amp#27;[90m# src/test/resources/Login.feature:38&amp#27;[0m
04:37:26.110 [main] INFO io.cucumber.core.plugin.SerenityReporter -- Running feature from file:///D:/TaksAlterra/MiniProject/MiniProject_API/src/test/resources/Login.feature
04:37:26.110 [main] WARN io.cucumber.core.plugin.SerenityReporter -- Feature from file:///D:/TaksAlterra/MiniProject/MiniProject_API/src/test/resources/Login.feature is not under the 'features' directory. Requirements report will not be correctly generated!
04:37:26.111 [main] INFO  -- 
  _____   ___   ___   _____     ___   _____     _     ___   _____   ___   ___  
 |_   _| | __| / __| |_   _|   / __| |_   _|   /_\   | _ \ |_   _| | __| |   \ 
   | |   | _|  \__ \   | |     \__ \   | |    / _ \  |   /   | |   | _|  | |) |
   |_|   |___| |___/   |_|     |___/   |_|   /_/ \_\ |_|_\   |_|   |___| |___/ 

TC20 - Login with body parameter is empty([02-automation]---login;tc20---login-with-body-parameter-is-empty)
--------------------------------------------------------------------------------
04:37:26.114 [main] DEBUG net.thucydides.core.steps.StepInterceptor -- STARTING STEP: LoginSteps.postLoginEndpoints8 - I POST login endpoints 8
04:37:26.114 [main] DEBUG net.thucydides.core.steps.StepInterceptor -- STEP DONE: I POST login endpoints 8
  &amp#27;[32mGiven &amp#27;[0m&amp#27;[32mI POST login endpoints 8&amp#27;[0m                                                &amp#27;[90m# starter.stepdefinition.LoginSteps.postLoginEndpoints8()&amp#27;[0m
04:37:26.116 [main] DEBUG net.thucydides.core.steps.StepInterceptor -- STARTING STEP: LoginSteps.postHTTPRequestForLoginWithBodyParameterIsEmpty - I POST HTTP request for login with body parameter is empty
04:37:26.117 [main] DEBUG net.thucydides.core.steps.StepInterceptor -- STARTING STEP: Login.postHTTPRequestForLoginWithBodyParameterIsEmpty - I POST login endpoints 8
04:37:26.117 [main] DEBUG net.thucydides.core.steps.StepInterceptor -- STEP DONE: I POST login endpoints 8
04:37:26.122 [main] DEBUG org.apache.http.impl.conn.BasicClientConnectionManager -- Get connection for route {s}->https://altashop-api.fly.dev:443
04:37:26.122 [main] DEBUG org.apache.http.impl.conn.DefaultClientConnectionOperator -- Connecting to altashop-api.fly.dev:443
04:37:26.183 [main] DEBUG org.apache.http.client.protocol.RequestAddCookies -- CookieSpec selected: ignoreCookies
04:37:26.183 [main] DEBUG org.apache.http.client.protocol.RequestAuthCache -- Auth cache not set in the context
04:37:26.183 [main] DEBUG org.apache.http.client.protocol.RequestTargetAuthentication -- Target auth state: UNCHALLENGED
04:37:26.183 [main] DEBUG org.apache.http.client.protocol.RequestProxyAuthentication -- Proxy auth state: UNCHALLENGED
04:37:26.183 [main] DEBUG org.apache.http.impl.client.DefaultHttpClient -- Attempt 1 to execute request
04:37:26.183 [main] DEBUG org.apache.http.impl.conn.DefaultClientConnection -- Sending request: POST /api/auth/login HTTP/1.1
04:37:26.184 [main] DEBUG org.apache.http.wire --  >> "POST /api/auth/login HTTP/1.1[\r][\n]"
04:37:26.184 [main] DEBUG org.apache.http.wire --  >> "Accept: */*[\r][\n]"
04:37:26.184 [main] DEBUG org.apache.http.wire --  >> "Content-Type: application/json[\r][\n]"
04:37:26.184 [main] DEBUG org.apache.http.wire --  >> "Content-Length: 26[\r][\n]"
04:37:26.184 [main] DEBUG org.apache.http.wire --  >> "Host: altashop-api.fly.dev[\r][\n]"
04:37:26.184 [main] DEBUG org.apache.http.wire --  >> "Connection: Keep-Alive[\r][\n]"
04:37:26.184 [main] DEBUG org.apache.http.wire --  >> "User-Agent: Apache-HttpClient/4.5.13 (Java/17.0.8)[\r][\n]"
04:37:26.184 [main] DEBUG org.apache.http.wire --  >> "Accept-Encoding: gzip,deflate[\r][\n]"
04:37:26.184 [main] DEBUG org.apache.http.wire --  >> "[\r][\n]"
04:37:26.184 [main] DEBUG org.apache.http.headers -- >> POST /api/auth/login HTTP/1.1
04:37:26.184 [main] DEBUG org.apache.http.headers -- >> Accept: */*
04:37:26.184 [main] DEBUG org.apache.http.headers -- >> Content-Type: application/json
04:37:26.184 [main] DEBUG org.apache.http.headers -- >> Content-Length: 26
04:37:26.184 [main] DEBUG org.apache.http.headers -- >> Host: altashop-api.fly.dev
04:37:26.184 [main] DEBUG org.apache.http.headers -- >> Connection: Keep-Alive
04:37:26.184 [main] DEBUG org.apache.http.headers -- >> User-Agent: Apache-HttpClient/4.5.13 (Java/17.0.8)
04:37:26.184 [main] DEBUG org.apache.http.headers -- >> Accept-Encoding: gzip,deflate
04:37:26.184 [main] DEBUG org.apache.http.wire --  >> "{"password":"","email":""}"
04:37:26.208 [main] DEBUG org.apache.http.wire --  << "HTTP/1.1 400 Bad Request[\r][\n]"
04:37:26.208 [main] DEBUG org.apache.http.wire --  << "content-type: application/json[\r][\n]"
04:37:26.208 [main] DEBUG org.apache.http.wire --  << "date: Mon, 30 Oct 2023 21:37:27 GMT[\r][\n]"
04:37:26.208 [main] DEBUG org.apache.http.wire --  << "content-encoding: gzip[\r][\n]"
04:37:26.208 [main] DEBUG org.apache.http.wire --  << "transfer-encoding: chunked[\r][\n]"
04:37:26.208 [main] DEBUG org.apache.http.wire --  << "server: Fly/7328d5b5 (2023-10-27)[\r][\n]"
04:37:26.208 [main] DEBUG org.apache.http.wire --  << "via: 1.1 fly.io[\r][\n]"
04:37:26.208 [main] DEBUG org.apache.http.wire --  << "fly-request-id: 01HE18AB64X3E802YGDD3J285K-sin[\r][\n]"
04:37:26.208 [main] DEBUG org.apache.http.wire --  << "[\r][\n]"
04:37:26.208 [main] DEBUG org.apache.http.impl.conn.DefaultClientConnection -- Receiving response: HTTP/1.1 400 Bad Request
04:37:26.208 [main] DEBUG org.apache.http.headers -- << HTTP/1.1 400 Bad Request
04:37:26.208 [main] DEBUG org.apache.http.headers -- << content-type: application/json
04:37:26.208 [main] DEBUG org.apache.http.headers -- << date: Mon, 30 Oct 2023 21:37:27 GMT
04:37:26.208 [main] DEBUG org.apache.http.headers -- << content-encoding: gzip
04:37:26.208 [main] DEBUG org.apache.http.headers -- << transfer-encoding: chunked
04:37:26.208 [main] DEBUG org.apache.http.headers -- << server: Fly/7328d5b5 (2023-10-27)
04:37:26.208 [main] DEBUG org.apache.http.headers -- << via: 1.1 fly.io
04:37:26.208 [main] DEBUG org.apache.http.headers -- << fly-request-id: 01HE18AB64X3E802YGDD3J285K-sin
04:37:26.208 [main] DEBUG org.apache.http.impl.client.DefaultHttpClient -- Connection can be kept alive indefinitely
04:37:26.208 [main] DEBUG io.restassured.internal.RestAssuredHttpBuilder -- Parsing response as: application/json
04:37:26.208 [main] DEBUG org.apache.http.wire --  << "32[\r][\n]"
04:37:26.208 [main] DEBUG org.apache.http.wire --  << "[0x1f][0x8b][0x8][0x0][0x0][0x0][0x0][0x0][0x4][0xff][0xab]VJ-*[0xca]/R[0xb2]RJ[0xcd]M[0xcc][0xcc]Q[0xc8],V(J-,[0xcd],JMQ[0xaa][0xe5][0x2][0x0]&[0xe3][0xaa]j[0x1e][0x0][0x0][0x0]"
04:37:26.208 [main] DEBUG org.apache.http.wire --  << "[\r][\n]"
04:37:26.208 [main] DEBUG org.apache.http.wire --  << "0[\r][\n]"
04:37:26.208 [main] DEBUG org.apache.http.wire --  << "[\r][\n]"
04:37:26.208 [main] DEBUG io.restassured.internal.RestAssuredHttpBuilder -- Parsed data to instance of: class org.apache.http.conn.EofSensorInputStream
04:37:26.210 [main] DEBUG org.apache.http.impl.conn.BasicClientConnectionManager -- Releasing connection org.apache.http.impl.conn.ManagedClientConnectionImpl@12765ebd
04:37:26.210 [main] DEBUG org.apache.http.impl.conn.BasicClientConnectionManager -- Connection can be kept alive indefinitely
04:37:26.211 [main] DEBUG net.thucydides.core.steps.StepInterceptor -- STEP DONE: I POST HTTP request for login with body parameter is empty
  &amp#27;[32mWhen &amp#27;[0m&amp#27;[32mI POST HTTP request for login with body parameter is empty&amp#27;[0m               &amp#27;[90m# starter.stepdefinition.LoginSteps.postHTTPRequestForLoginWithBodyParameterIsEmpty()&amp#27;[0m
04:37:26.212 [main] DEBUG net.thucydides.core.steps.StepInterceptor -- STARTING STEP: LoginSteps.receiveResponseCode400ForLoginWithBodyParameterIsEmpty - I receive valid HTTP response 400 for login with body parameter is empty
04:37:26.213 [main] DEBUG net.thucydides.core.steps.StepInterceptor -- STEP DONE: I receive valid HTTP response 400 for login with body parameter is empty
  &amp#27;[32mThen &amp#27;[0m&amp#27;[32mI receive valid HTTP response 400 for login with body parameter is empty&amp#27;[0m &amp#27;[90m# starter.stepdefinition.LoginSteps.receiveResponseCode400ForLoginWithBodyParameterIsEmpty()&amp#27;[0m
04:37:26.214 [main] INFO  -- 
  _____   ___   ___   _____     ___     _     ___   ___   ___   ___  
 |_   _| | __| / __| |_   _|   | _ \   /_\   / __| / __| | __| |   \ 
   | |   | _|  \__ \   | |     |  _/  / _ \  \__ \ \__ \ | _|  | |) |
   |_|   |___| |___/   |_|     |_|   /_/ \_\ |___/ |___/ |___| |___/ 

TC20 - Login with body parameter is empty
----------------------------------------------------------------------
]]></system-out>
  </testcase>
  <testcase name="TC21 - Login with invalid HTTP method" classname="[02_Automation] - Login" time="0.109">
    <system-out><![CDATA[
Scenario: TC21 - Login with invalid HTTP method                             &amp#27;[90m# src/test/resources/Login.feature:43&amp#27;[0m
04:37:26.219 [main] INFO io.cucumber.core.plugin.SerenityReporter -- Running feature from file:///D:/TaksAlterra/MiniProject/MiniProject_API/src/test/resources/Login.feature
04:37:26.220 [main] WARN io.cucumber.core.plugin.SerenityReporter -- Feature from file:///D:/TaksAlterra/MiniProject/MiniProject_API/src/test/resources/Login.feature is not under the 'features' directory. Requirements report will not be correctly generated!
04:37:26.221 [main] INFO  -- 
  _____   ___   ___   _____     ___   _____     _     ___   _____   ___   ___  
 |_   _| | __| / __| |_   _|   / __| |_   _|   /_\   | _ \ |_   _| | __| |   \ 
   | |   | _|  \__ \   | |     \__ \   | |    / _ \  |   /   | |   | _|  | |) |
   |_|   |___| |___/   |_|     |___/   |_|   /_/ \_\ |_|_\   |_|   |___| |___/ 

TC21 - Login with invalid HTTP method([02-automation]---login;tc21---login-with-invalid-http-method)
--------------------------------------------------------------------------------
04:37:26.224 [main] DEBUG net.thucydides.core.steps.StepInterceptor -- STARTING STEP: LoginSteps.postLoginEndpoints9 - I POST login endpoints 9
04:37:26.224 [main] DEBUG net.thucydides.core.steps.StepInterceptor -- STEP DONE: I POST login endpoints 9
  &amp#27;[32mGiven &amp#27;[0m&amp#27;[32mI PUT login endpoints 9&amp#27;[0m                                             &amp#27;[90m# starter.stepdefinition.LoginSteps.postLoginEndpoints9()&amp#27;[0m
04:37:26.226 [main] DEBUG net.thucydides.core.steps.StepInterceptor -- STARTING STEP: LoginSteps.postHTTPRequestForLoginWithInvalidHTTPMethod - I send request for login with invalid HTTP method
04:37:26.226 [main] DEBUG net.thucydides.core.steps.StepInterceptor -- STARTING STEP: Login.postHTTPRequestForLoginWithInvalidHTTPMethod - I POST login endpoints 9
04:37:26.226 [main] DEBUG net.thucydides.core.steps.StepInterceptor -- STEP DONE: I POST login endpoints 9
04:37:26.233 [main] DEBUG org.apache.http.impl.conn.BasicClientConnectionManager -- Get connection for route {s}->https://altashop-api.fly.dev:443
04:37:26.233 [main] DEBUG org.apache.http.impl.conn.DefaultClientConnectionOperator -- Connecting to altashop-api.fly.dev:443
04:37:26.292 [main] DEBUG org.apache.http.client.protocol.RequestAddCookies -- CookieSpec selected: ignoreCookies
04:37:26.292 [main] DEBUG org.apache.http.client.protocol.RequestAuthCache -- Auth cache not set in the context
04:37:26.292 [main] DEBUG org.apache.http.client.protocol.RequestTargetAuthentication -- Target auth state: UNCHALLENGED
04:37:26.292 [main] DEBUG org.apache.http.client.protocol.RequestProxyAuthentication -- Proxy auth state: UNCHALLENGED
04:37:26.292 [main] DEBUG org.apache.http.impl.client.DefaultHttpClient -- Attempt 1 to execute request
04:37:26.292 [main] DEBUG org.apache.http.impl.conn.DefaultClientConnection -- Sending request: PUT /api/auth/login HTTP/1.1
04:37:26.292 [main] DEBUG org.apache.http.wire --  >> "PUT /api/auth/login HTTP/1.1[\r][\n]"
04:37:26.293 [main] DEBUG org.apache.http.wire --  >> "Accept: */*[\r][\n]"
04:37:26.293 [main] DEBUG org.apache.http.wire --  >> "Content-Type: application/json[\r][\n]"
04:37:26.293 [main] DEBUG org.apache.http.wire --  >> "Content-Length: 56[\r][\n]"
04:37:26.293 [main] DEBUG org.apache.http.wire --  >> "Host: altashop-api.fly.dev[\r][\n]"
04:37:26.293 [main] DEBUG org.apache.http.wire --  >> "Connection: Keep-Alive[\r][\n]"
04:37:26.293 [main] DEBUG org.apache.http.wire --  >> "User-Agent: Apache-HttpClient/4.5.13 (Java/17.0.8)[\r][\n]"
04:37:26.293 [main] DEBUG org.apache.http.wire --  >> "Accept-Encoding: gzip,deflate[\r][\n]"
04:37:26.293 [main] DEBUG org.apache.http.wire --  >> "[\r][\n]"
04:37:26.293 [main] DEBUG org.apache.http.headers -- >> PUT /api/auth/login HTTP/1.1
04:37:26.293 [main] DEBUG org.apache.http.headers -- >> Accept: */*
04:37:26.293 [main] DEBUG org.apache.http.headers -- >> Content-Type: application/json
04:37:26.293 [main] DEBUG org.apache.http.headers -- >> Content-Length: 56
04:37:26.293 [main] DEBUG org.apache.http.headers -- >> Host: altashop-api.fly.dev
04:37:26.293 [main] DEBUG org.apache.http.headers -- >> Connection: Keep-Alive
04:37:26.293 [main] DEBUG org.apache.http.headers -- >> User-Agent: Apache-HttpClient/4.5.13 (Java/17.0.8)
04:37:26.293 [main] DEBUG org.apache.http.headers -- >> Accept-Encoding: gzip,deflate
04:37:26.293 [main] DEBUG org.apache.http.wire --  >> "{"password":"Sezzle2021","email":"tasyafangg@gmail.com"}"
04:37:26.316 [main] DEBUG org.apache.http.wire --  << "HTTP/1.1 405 Method Not Allowed[\r][\n]"
04:37:26.316 [main] DEBUG org.apache.http.wire --  << "date: Mon, 30 Oct 2023 21:37:27 GMT[\r][\n]"
04:37:26.316 [main] DEBUG org.apache.http.wire --  << "content-encoding: gzip[\r][\n]"
04:37:26.316 [main] DEBUG org.apache.http.wire --  << "content-type: text/plain; charset=utf-8[\r][\n]"
04:37:26.316 [main] DEBUG org.apache.http.wire --  << "transfer-encoding: chunked[\r][\n]"
04:37:26.316 [main] DEBUG org.apache.http.wire --  << "server: Fly/7328d5b5 (2023-10-27)[\r][\n]"
04:37:26.316 [main] DEBUG org.apache.http.wire --  << "via: 1.1 fly.io[\r][\n]"
04:37:26.316 [main] DEBUG org.apache.http.wire --  << "fly-request-id: 01HE18AB9JVRFKZ7MWD9852RB5-sin[\r][\n]"
04:37:26.316 [main] DEBUG org.apache.http.wire --  << "[\r][\n]"
04:37:26.316 [main] DEBUG org.apache.http.impl.conn.DefaultClientConnection -- Receiving response: HTTP/1.1 405 Method Not Allowed
04:37:26.316 [main] DEBUG org.apache.http.headers -- << HTTP/1.1 405 Method Not Allowed
04:37:26.316 [main] DEBUG org.apache.http.headers -- << date: Mon, 30 Oct 2023 21:37:27 GMT
04:37:26.316 [main] DEBUG org.apache.http.headers -- << content-encoding: gzip
04:37:26.316 [main] DEBUG org.apache.http.headers -- << content-type: text/plain; charset=utf-8
04:37:26.316 [main] DEBUG org.apache.http.headers -- << transfer-encoding: chunked
04:37:26.316 [main] DEBUG org.apache.http.headers -- << server: Fly/7328d5b5 (2023-10-27)
04:37:26.316 [main] DEBUG org.apache.http.headers -- << via: 1.1 fly.io
04:37:26.316 [main] DEBUG org.apache.http.headers -- << fly-request-id: 01HE18AB9JVRFKZ7MWD9852RB5-sin
04:37:26.316 [main] DEBUG org.apache.http.impl.client.DefaultHttpClient -- Connection can be kept alive indefinitely
04:37:26.316 [main] DEBUG io.restassured.internal.RestAssuredHttpBuilder -- Parsing response as: text/plain; charset=utf-8
04:37:26.316 [main] DEBUG org.apache.http.wire --  << "27[\r][\n]"
04:37:26.316 [main] DEBUG org.apache.http.wire --  << "[0x1f][0x8b][0x8][0x0][0x0][0x0][0x0][0x0][0x4][0xff][0xcb]M-[0xc9][0xc8]OQ[0xc8][0xcb]/QH[0xcc][0xc9][0xc9]/OM[0xe1][0x2][0x0][0xe5]Yf[0xfa][0x13][0x0][0x0][0x0]"
04:37:26.316 [main] DEBUG org.apache.http.wire --  << "[\r][\n]"
04:37:26.316 [main] DEBUG org.apache.http.wire --  << "0[\r][\n]"
04:37:26.316 [main] DEBUG org.apache.http.wire --  << "[\r][\n]"
04:37:26.316 [main] DEBUG io.restassured.internal.RestAssuredHttpBuilder -- Parsed data to instance of: class org.apache.http.conn.EofSensorInputStream
04:37:26.319 [main] DEBUG org.apache.http.impl.conn.BasicClientConnectionManager -- Releasing connection org.apache.http.impl.conn.ManagedClientConnectionImpl@c7c07ff
04:37:26.319 [main] DEBUG org.apache.http.impl.conn.BasicClientConnectionManager -- Connection can be kept alive indefinitely
04:37:26.319 [main] DEBUG net.thucydides.core.steps.StepInterceptor -- STEP DONE: I send request for login with invalid HTTP method
  &amp#27;[32mWhen &amp#27;[0m&amp#27;[32mI send request for login with invalid HTTP method&amp#27;[0m                    &amp#27;[90m# starter.stepdefinition.LoginSteps.postHTTPRequestForLoginWithInvalidHTTPMethod()&amp#27;[0m
04:37:26.321 [main] DEBUG net.thucydides.core.steps.StepInterceptor -- STARTING STEP: LoginSteps.receiveResponseCode405ForLoginWithInvalidHTTPMethod - I receive valid HTTP response 405 for login with invalid HTTP method
04:37:26.322 [main] DEBUG net.thucydides.core.steps.StepInterceptor -- STEP DONE: I receive valid HTTP response 405 for login with invalid HTTP method
  &amp#27;[32mThen &amp#27;[0m&amp#27;[32mI receive valid HTTP response 405 for login with invalid HTTP method&amp#27;[0m &amp#27;[90m# starter.stepdefinition.LoginSteps.receiveResponseCode405ForLoginWithInvalidHTTPMethod()&amp#27;[0m
04:37:26.323 [main] INFO  -- 
  _____   ___   ___   _____     ___     _     ___   ___   ___   ___  
 |_   _| | __| / __| |_   _|   | _ \   /_\   / __| / __| | __| |   \ 
   | |   | _|  \__ \   | |     |  _/  / _ \  \__ \ \__ \ | _|  | |) |
   |_|   |___| |___/   |_|     |_|   /_/ \_\ |___/ |___/ |___| |___/ 

TC21 - Login with invalid HTTP method
----------------------------------------------------------------------
]]></system-out>
  </testcase>
  <testcase name="TC56 - Add new orders" classname="[06_Automation] - Orders" time="0.131">
    <system-out><![CDATA[04:37:26.324 [main] INFO io.cucumber.core.plugin.SerenityReporter -- Running feature from file:///D:/TaksAlterra/MiniProject/MiniProject_API/src/test/resources/Orders.feature
04:37:26.324 [main] WARN io.cucumber.core.plugin.SerenityReporter -- Feature from file:///D:/TaksAlterra/MiniProject/MiniProject_API/src/test/resources/Orders.feature is not under the 'features' directory. Requirements report will not be correctly generated!
04:37:26.325 [main] DEBUG net.thucydides.core.steps.StepEventBus -- Test suite started for story net.thucydides.core.model.Story@d9dd1d4b
04:37:26.325 [main] INFO  -- Test Suite Started: [06_Automation] - Orders

Scenario: TC56 - Add new orders                               &amp#27;[90m# src/test/resources/Orders.feature:3&amp#27;[0m
04:37:26.330 [main] INFO io.cucumber.core.plugin.SerenityReporter -- Running feature from file:///D:/TaksAlterra/MiniProject/MiniProject_API/src/test/resources/Orders.feature
04:37:26.330 [main] WARN io.cucumber.core.plugin.SerenityReporter -- Feature from file:///D:/TaksAlterra/MiniProject/MiniProject_API/src/test/resources/Orders.feature is not under the 'features' directory. Requirements report will not be correctly generated!
04:37:26.331 [main] INFO  -- 
  _____   ___   ___   _____     ___   _____     _     ___   _____   ___   ___  
 |_   _| | __| / __| |_   _|   / __| |_   _|   /_\   | _ \ |_   _| | __| |   \ 
   | |   | _|  \__ \   | |     \__ \   | |    / _ \  |   /   | |   | _|  | |) |
   |_|   |___| |___/   |_|     |___/   |_|   /_/ \_\ |_|_\   |_|   |___| |___/ 

TC56 - Add new orders([06-automation]---orders;tc56---add-new-orders)
--------------------------------------------------------------------------------
04:37:26.344 [main] DEBUG net.thucydides.core.steps.StepInterceptor -- STARTING STEP: OrdersSteps.postAddNewOrdersEndpoints - I POST add new orders endpoints
04:37:26.345 [main] DEBUG net.thucydides.core.steps.StepInterceptor -- STEP DONE: I POST add new orders endpoints
  &amp#27;[32mGiven &amp#27;[0m&amp#27;[32mI POST add new orders endpoints&amp#27;[0m                       &amp#27;[90m# starter.stepdefinition.OrdersSteps.postAddNewOrdersEndpoints()&amp#27;[0m
04:37:26.346 [main] DEBUG net.thucydides.core.steps.StepInterceptor -- STARTING STEP: OrdersSteps.postHTTPRequestAddNewOrdersWithValidData - I POST HTTP request for add new orders with valid data
04:37:26.349 [main] DEBUG net.thucydides.core.steps.StepInterceptor -- STARTING STEP: Orders.postHTTPRequestAddNewOrdersWithValidData - I POST add new orders endpoints
04:37:26.349 [main] DEBUG net.thucydides.core.steps.StepInterceptor -- STEP DONE: I POST add new orders endpoints
04:37:26.356 [main] DEBUG org.apache.http.impl.conn.BasicClientConnectionManager -- Get connection for route {s}->https://altashop-api.fly.dev:443
04:37:26.357 [main] DEBUG org.apache.http.impl.conn.DefaultClientConnectionOperator -- Connecting to altashop-api.fly.dev:443
04:37:26.418 [main] DEBUG org.apache.http.client.protocol.RequestAddCookies -- CookieSpec selected: ignoreCookies
04:37:26.418 [main] DEBUG org.apache.http.client.protocol.RequestAuthCache -- Auth cache not set in the context
04:37:26.418 [main] DEBUG org.apache.http.client.protocol.RequestProxyAuthentication -- Proxy auth state: UNCHALLENGED
04:37:26.418 [main] DEBUG org.apache.http.impl.client.DefaultHttpClient -- Attempt 1 to execute request
04:37:26.418 [main] DEBUG org.apache.http.impl.conn.DefaultClientConnection -- Sending request: POST /api/orders HTTP/1.1
04:37:26.418 [main] DEBUG org.apache.http.wire --  >> "POST /api/orders HTTP/1.1[\r][\n]"
04:37:26.418 [main] DEBUG org.apache.http.wire --  >> "Authorization: Bearer eyJhbGciOiJIUzI1NiIsInR5cCI6IkpXVCJ9.eyJGdWxsbmFtZSI6IldpeWFuIEhlcnJhIEhlcnZpYW5hIiwiRW1haWwiOiJ3aXlhbjEyM0BnbWFpbC5jb20ifQ.Rsm7iH_obOaXakAORv2RniUWUxeZfBjkK8S8HtuLly8[\r][\n]"
04:37:26.418 [main] DEBUG org.apache.http.wire --  >> "Accept: */*[\r][\n]"
04:37:26.418 [main] DEBUG org.apache.http.wire --  >> "Content-Type: application/json[\r][\n]"
04:37:26.418 [main] DEBUG org.apache.http.wire --  >> "Content-Length: 53[\r][\n]"
04:37:26.418 [main] DEBUG org.apache.http.wire --  >> "Host: altashop-api.fly.dev[\r][\n]"
04:37:26.418 [main] DEBUG org.apache.http.wire --  >> "Connection: Keep-Alive[\r][\n]"
04:37:26.418 [main] DEBUG org.apache.http.wire --  >> "User-Agent: Apache-HttpClient/4.5.13 (Java/17.0.8)[\r][\n]"
04:37:26.418 [main] DEBUG org.apache.http.wire --  >> "Accept-Encoding: gzip,deflate[\r][\n]"
04:37:26.418 [main] DEBUG org.apache.http.wire --  >> "[\r][\n]"
04:37:26.418 [main] DEBUG org.apache.http.headers -- >> POST /api/orders HTTP/1.1
04:37:26.418 [main] DEBUG org.apache.http.headers -- >> Authorization: Bearer eyJhbGciOiJIUzI1NiIsInR5cCI6IkpXVCJ9.eyJGdWxsbmFtZSI6IldpeWFuIEhlcnJhIEhlcnZpYW5hIiwiRW1haWwiOiJ3aXlhbjEyM0BnbWFpbC5jb20ifQ.Rsm7iH_obOaXakAORv2RniUWUxeZfBjkK8S8HtuLly8
04:37:26.418 [main] DEBUG org.apache.http.headers -- >> Accept: */*
04:37:26.418 [main] DEBUG org.apache.http.headers -- >> Content-Type: application/json
04:37:26.418 [main] DEBUG org.apache.http.headers -- >> Content-Length: 53
04:37:26.418 [main] DEBUG org.apache.http.headers -- >> Host: altashop-api.fly.dev
04:37:26.418 [main] DEBUG org.apache.http.headers -- >> Connection: Keep-Alive
04:37:26.418 [main] DEBUG org.apache.http.headers -- >> User-Agent: Apache-HttpClient/4.5.13 (Java/17.0.8)
04:37:26.418 [main] DEBUG org.apache.http.headers -- >> Accept-Encoding: gzip,deflate
04:37:26.418 [main] DEBUG org.apache.http.wire --  >> "[{"order_items":[{"quantity":1,"product_id":12604}]}]"
04:37:26.450 [main] DEBUG org.apache.http.wire --  << "HTTP/1.1 200 OK[\r][\n]"
04:37:26.450 [main] DEBUG org.apache.http.wire --  << "content-type: application/json[\r][\n]"
04:37:26.450 [main] DEBUG org.apache.http.wire --  << "date: Mon, 30 Oct 2023 21:37:27 GMT[\r][\n]"
04:37:26.450 [main] DEBUG org.apache.http.wire --  << "content-encoding: gzip[\r][\n]"
04:37:26.450 [main] DEBUG org.apache.http.wire --  << "transfer-encoding: chunked[\r][\n]"
04:37:26.450 [main] DEBUG org.apache.http.wire --  << "server: Fly/7328d5b5 (2023-10-27)[\r][\n]"
04:37:26.450 [main] DEBUG org.apache.http.wire --  << "via: 1.1 fly.io[\r][\n]"
04:37:26.450 [main] DEBUG org.apache.http.wire --  << "fly-request-id: 01HE18ABDGMZ5JB5DRXVPKS5FA-sin[\r][\n]"
04:37:26.450 [main] DEBUG org.apache.http.wire --  << "[\r][\n]"
04:37:26.451 [main] DEBUG org.apache.http.impl.conn.DefaultClientConnection -- Receiving response: HTTP/1.1 200 OK
04:37:26.451 [main] DEBUG org.apache.http.headers -- << HTTP/1.1 200 OK
04:37:26.451 [main] DEBUG org.apache.http.headers -- << content-type: application/json
04:37:26.451 [main] DEBUG org.apache.http.headers -- << date: Mon, 30 Oct 2023 21:37:27 GMT
04:37:26.451 [main] DEBUG org.apache.http.headers -- << content-encoding: gzip
04:37:26.451 [main] DEBUG org.apache.http.headers -- << transfer-encoding: chunked
04:37:26.451 [main] DEBUG org.apache.http.headers -- << server: Fly/7328d5b5 (2023-10-27)
04:37:26.451 [main] DEBUG org.apache.http.headers -- << via: 1.1 fly.io
04:37:26.451 [main] DEBUG org.apache.http.headers -- << fly-request-id: 01HE18ABDGMZ5JB5DRXVPKS5FA-sin
04:37:26.451 [main] DEBUG org.apache.http.impl.client.DefaultHttpClient -- Connection can be kept alive indefinitely
04:37:26.451 [main] DEBUG io.restassured.internal.RestAssuredHttpBuilder -- Parsing response as: application/json
04:37:26.451 [main] DEBUG org.apache.http.wire --  << "9D[\r][\n]"
04:37:26.451 [main] DEBUG org.apache.http.wire --  << "[0x1f][0x8b][0x8][0x0][0x0][0x0][0x0][0x0][0x4][0xff][0xab]VJI,IT[0xb2][0x8a][0xae]V[0xf2]tQ[0xb2]24644[0xd3]Q[\n]"
04:37:26.451 [main] DEBUG org.apache.http.wire --  << "-N-R[0xb2][0x82][0x8][0x19]Y[0x9a][0x1b][0x9b][0xeb]([0xb9][0x95][0xe6][0xe4][0xe4]%[0xe6][0xa6]*Y)[0x85]gV&[0xe6])x[0xa4][0x16][0x15]%[0x82][0xc8][0xb2][0xcc][0xc4][0xbc]D%[0x1d]%[0xd7][0xdc][0xc4][0xcc][0x1c]%+[0xa5]r[0x90][0xb4][0xa1][0x91][0xb1]C:H@/9?WIG) [0xb1][0xb8][0xb8]<[0xbf]([0x5]I^[0xa9]VG)[0xa0](?[0xa5]4[0xb9]D[0xc9]*[0xaf]4'GG)[0xb0]41[0xaf]$[0xb3][0xa4]R[0xc9][0xca][0xa0]6[0xb6][0x96][0xb][0x0][0xbb]c[0xa8]9[0x9d][0x0][0x0][0x0]"
04:37:26.451 [main] DEBUG org.apache.http.wire --  << "[\r][\n]"
04:37:26.451 [main] DEBUG org.apache.http.wire --  << "0[\r][\n]"
04:37:26.451 [main] DEBUG org.apache.http.wire --  << "[\r][\n]"
04:37:26.451 [main] DEBUG io.restassured.internal.RestAssuredHttpBuilder -- Parsed data to instance of: class org.apache.http.conn.EofSensorInputStream
04:37:26.452 [main] DEBUG org.apache.http.impl.conn.BasicClientConnectionManager -- Releasing connection org.apache.http.impl.conn.ManagedClientConnectionImpl@462b239f
04:37:26.452 [main] DEBUG org.apache.http.impl.conn.BasicClientConnectionManager -- Connection can be kept alive indefinitely
04:37:26.453 [main] DEBUG net.thucydides.core.steps.StepInterceptor -- STEP DONE: I POST HTTP request for add new orders with valid data
  &amp#27;[32mWhen &amp#27;[0m&amp#27;[32mI POST HTTP request for add new orders with valid data&amp#27;[0m &amp#27;[90m# starter.stepdefinition.OrdersSteps.postHTTPRequestAddNewOrdersWithValidData()&amp#27;[0m
04:37:26.454 [main] DEBUG net.thucydides.core.steps.StepInterceptor -- STARTING STEP: OrdersSteps.receiveResponsceCode200ForAddNewOrders - I receive valid HTTP response 200 for add new orders
04:37:26.455 [main] DEBUG net.thucydides.core.steps.StepInterceptor -- STEP DONE: I receive valid HTTP response 200 for add new orders
  &amp#27;[32mThen &amp#27;[0m&amp#27;[32mI receive valid HTTP response 200 for add new orders&amp#27;[0m   &amp#27;[90m# starter.stepdefinition.OrdersSteps.receiveResponsceCode200ForAddNewOrders()&amp#27;[0m
04:37:26.455 [main] INFO  -- 
  _____   ___   ___   _____     ___     _     ___   ___   ___   ___  
 |_   _| | __| / __| |_   _|   | _ \   /_\   / __| / __| | __| |   \ 
   | |   | _|  \__ \   | |     |  _/  / _ \  \__ \ \__ \ | _|  | |) |
   |_|   |___| |___/   |_|     |_|   /_/ \_\ |___/ |___/ |___| |___/ 

TC56 - Add new orders
----------------------------------------------------------------------
]]></system-out>
  </testcase>
  <testcase name="TC57 - Add new orders without set the token" classname="[06_Automation] - Orders" time="0.115">
    <system-out><![CDATA[
Scenario: TC57 - Add new orders without set the token                             &amp#27;[90m# src/test/resources/Orders.feature:8&amp#27;[0m
04:37:26.460 [main] INFO io.cucumber.core.plugin.SerenityReporter -- Running feature from file:///D:/TaksAlterra/MiniProject/MiniProject_API/src/test/resources/Orders.feature
04:37:26.460 [main] WARN io.cucumber.core.plugin.SerenityReporter -- Feature from file:///D:/TaksAlterra/MiniProject/MiniProject_API/src/test/resources/Orders.feature is not under the 'features' directory. Requirements report will not be correctly generated!
04:37:26.462 [main] INFO  -- 
  _____   ___   ___   _____     ___   _____     _     ___   _____   ___   ___  
 |_   _| | __| / __| |_   _|   / __| |_   _|   /_\   | _ \ |_   _| | __| |   \ 
   | |   | _|  \__ \   | |     \__ \   | |    / _ \  |   /   | |   | _|  | |) |
   |_|   |___| |___/   |_|     |___/   |_|   /_/ \_\ |_|_\   |_|   |___| |___/ 

TC57 - Add new orders without set the token([06-automation]---orders;tc57---add-new-orders-without-set-the-token)
--------------------------------------------------------------------------------
04:37:26.466 [main] DEBUG net.thucydides.core.steps.StepInterceptor -- STARTING STEP: OrdersSteps.postAddNewOrdersEndpoints2 - I POST add new orders endpoints 2
04:37:26.466 [main] DEBUG net.thucydides.core.steps.StepInterceptor -- STEP DONE: I POST add new orders endpoints 2
  &amp#27;[32mGiven &amp#27;[0m&amp#27;[32mI POST add new orders endpoints 2&amp#27;[0m                                         &amp#27;[90m# starter.stepdefinition.OrdersSteps.postAddNewOrdersEndpoints2()&amp#27;[0m
04:37:26.468 [main] DEBUG net.thucydides.core.steps.StepInterceptor -- STARTING STEP: OrdersSteps.postHTTPRequestForAddNewOrdersWithoutSetTheToken - I POST HTTP request for add new orders without set the token
04:37:26.471 [main] DEBUG net.thucydides.core.steps.StepInterceptor -- STARTING STEP: Orders.postHTTPRequestForAddNewOrdersWithoutSetTheToken - I POST add new orders endpoints 2
04:37:26.471 [main] DEBUG net.thucydides.core.steps.StepInterceptor -- STEP DONE: I POST add new orders endpoints 2
04:37:26.475 [Finalizer] DEBUG org.apache.http.impl.conn.DefaultClientConnection -- Connection 0.0.0.0:54373<->149.248.193.56:443 closed
04:37:26.475 [Finalizer] DEBUG org.apache.http.impl.conn.DefaultClientConnection -- Connection 0.0.0.0:54371<->149.248.193.56:443 closed
04:37:26.475 [Finalizer] DEBUG org.apache.http.impl.conn.DefaultClientConnection -- Connection 0.0.0.0:54370<->149.248.193.56:443 closed
04:37:26.476 [Finalizer] DEBUG org.apache.http.impl.conn.DefaultClientConnection -- Connection 0.0.0.0:54369<->149.248.193.56:443 closed
04:37:26.476 [Finalizer] DEBUG org.apache.http.impl.conn.DefaultClientConnection -- Connection 0.0.0.0:54375<->149.248.193.56:443 closed
04:37:26.476 [Finalizer] DEBUG org.apache.http.impl.conn.DefaultClientConnection -- Connection 0.0.0.0:54374<->149.248.193.56:443 closed
04:37:26.489 [main] DEBUG org.apache.http.impl.conn.BasicClientConnectionManager -- Get connection for route {s}->https://altashop-api.fly.dev:443
04:37:26.489 [main] DEBUG org.apache.http.impl.conn.DefaultClientConnectionOperator -- Connecting to altashop-api.fly.dev:443
04:37:26.539 [main] DEBUG org.apache.http.client.protocol.RequestAddCookies -- CookieSpec selected: ignoreCookies
04:37:26.539 [main] DEBUG org.apache.http.client.protocol.RequestAuthCache -- Auth cache not set in the context
04:37:26.539 [main] DEBUG org.apache.http.client.protocol.RequestTargetAuthentication -- Target auth state: UNCHALLENGED
04:37:26.539 [main] DEBUG org.apache.http.client.protocol.RequestProxyAuthentication -- Proxy auth state: UNCHALLENGED
04:37:26.539 [main] DEBUG org.apache.http.impl.client.DefaultHttpClient -- Attempt 1 to execute request
04:37:26.539 [main] DEBUG org.apache.http.impl.conn.DefaultClientConnection -- Sending request: POST /api/orders HTTP/1.1
04:37:26.539 [main] DEBUG org.apache.http.wire --  >> "POST /api/orders HTTP/1.1[\r][\n]"
04:37:26.539 [main] DEBUG org.apache.http.wire --  >> "Accept: */*[\r][\n]"
04:37:26.539 [main] DEBUG org.apache.http.wire --  >> "Content-Type: application/json[\r][\n]"
04:37:26.539 [main] DEBUG org.apache.http.wire --  >> "Content-Length: 53[\r][\n]"
04:37:26.539 [main] DEBUG org.apache.http.wire --  >> "Host: altashop-api.fly.dev[\r][\n]"
04:37:26.539 [main] DEBUG org.apache.http.wire --  >> "Connection: Keep-Alive[\r][\n]"
04:37:26.539 [main] DEBUG org.apache.http.wire --  >> "User-Agent: Apache-HttpClient/4.5.13 (Java/17.0.8)[\r][\n]"
04:37:26.539 [main] DEBUG org.apache.http.wire --  >> "Accept-Encoding: gzip,deflate[\r][\n]"
04:37:26.539 [main] DEBUG org.apache.http.wire --  >> "[\r][\n]"
04:37:26.539 [main] DEBUG org.apache.http.headers -- >> POST /api/orders HTTP/1.1
04:37:26.539 [main] DEBUG org.apache.http.headers -- >> Accept: */*
04:37:26.539 [main] DEBUG org.apache.http.headers -- >> Content-Type: application/json
04:37:26.539 [main] DEBUG org.apache.http.headers -- >> Content-Length: 53
04:37:26.539 [main] DEBUG org.apache.http.headers -- >> Host: altashop-api.fly.dev
04:37:26.539 [main] DEBUG org.apache.http.headers -- >> Connection: Keep-Alive
04:37:26.539 [main] DEBUG org.apache.http.headers -- >> User-Agent: Apache-HttpClient/4.5.13 (Java/17.0.8)
04:37:26.539 [main] DEBUG org.apache.http.headers -- >> Accept-Encoding: gzip,deflate
04:37:26.539 [main] DEBUG org.apache.http.wire --  >> "[{"order_items":[{"quantity":1,"product_id":11649}]}]"
04:37:26.563 [main] DEBUG org.apache.http.wire --  << "HTTP/1.1 401 Unauthorized[\r][\n]"
04:37:26.563 [main] DEBUG org.apache.http.wire --  << "content-type: application/json[\r][\n]"
04:37:26.563 [main] DEBUG org.apache.http.wire --  << "date: Mon, 30 Oct 2023 21:37:28 GMT[\r][\n]"
04:37:26.563 [main] DEBUG org.apache.http.wire --  << "content-encoding: gzip[\r][\n]"
04:37:26.563 [main] DEBUG org.apache.http.wire --  << "transfer-encoding: chunked[\r][\n]"
04:37:26.563 [main] DEBUG org.apache.http.wire --  << "server: Fly/7328d5b5 (2023-10-27)[\r][\n]"
04:37:26.563 [main] DEBUG org.apache.http.wire --  << "via: 1.1 fly.io[\r][\n]"
04:37:26.563 [main] DEBUG org.apache.http.wire --  << "fly-request-id: 01HE18ABH8YBER0K4YHSW32G74-sin[\r][\n]"
04:37:26.563 [main] DEBUG org.apache.http.wire --  << "[\r][\n]"
04:37:26.563 [main] DEBUG org.apache.http.impl.conn.DefaultClientConnection -- Receiving response: HTTP/1.1 401 Unauthorized
04:37:26.563 [main] DEBUG org.apache.http.headers -- << HTTP/1.1 401 Unauthorized
04:37:26.563 [main] DEBUG org.apache.http.headers -- << content-type: application/json
04:37:26.563 [main] DEBUG org.apache.http.headers -- << date: Mon, 30 Oct 2023 21:37:28 GMT
04:37:26.563 [main] DEBUG org.apache.http.headers -- << content-encoding: gzip
04:37:26.563 [main] DEBUG org.apache.http.headers -- << transfer-encoding: chunked
04:37:26.563 [main] DEBUG org.apache.http.headers -- << server: Fly/7328d5b5 (2023-10-27)
04:37:26.563 [main] DEBUG org.apache.http.headers -- << via: 1.1 fly.io
04:37:26.563 [main] DEBUG org.apache.http.headers -- << fly-request-id: 01HE18ABH8YBER0K4YHSW32G74-sin
04:37:26.563 [main] DEBUG org.apache.http.impl.client.DefaultHttpClient -- Connection can be kept alive indefinitely
04:37:26.563 [main] DEBUG org.apache.http.impl.client.DefaultHttpClient -- Authentication required
04:37:26.563 [main] DEBUG org.apache.http.impl.client.DefaultHttpClient -- altashop-api.fly.dev:443 requested authentication
04:37:26.563 [main] DEBUG org.apache.http.impl.client.DefaultHttpClient -- Response contains no authentication challenges
04:37:26.564 [main] DEBUG io.restassured.internal.RestAssuredHttpBuilder -- Parsing response as: application/json
04:37:26.564 [main] DEBUG org.apache.http.wire --  << "2D[\r][\n]"
04:37:26.564 [main] DEBUG org.apache.http.wire --  << "[0x1f][0x8b][0x8][0x0][0x0][0x0][0x0][0x0][0x4][0xff][0xab]VJ-*[0xca]/R[0xb2]R*[0xcd]K,-[0xc9][0xc8]/[0xca][0xac]JMQ[0xaa][0xe5][0x2][0x0]@[0x17]da[0x19][0x0][0x0][0x0]"
04:37:26.564 [main] DEBUG org.apache.http.wire --  << "[\r][\n]"
04:37:26.564 [main] DEBUG org.apache.http.wire --  << "0[\r][\n]"
04:37:26.564 [main] DEBUG org.apache.http.wire --  << "[\r][\n]"
04:37:26.564 [main] DEBUG io.restassured.internal.RestAssuredHttpBuilder -- Parsed data to instance of: class org.apache.http.conn.EofSensorInputStream
04:37:26.566 [main] DEBUG org.apache.http.impl.conn.BasicClientConnectionManager -- Releasing connection org.apache.http.impl.conn.ManagedClientConnectionImpl@2f2d8770
04:37:26.566 [main] DEBUG org.apache.http.impl.conn.BasicClientConnectionManager -- Connection can be kept alive indefinitely
04:37:26.566 [main] DEBUG net.thucydides.core.steps.StepInterceptor -- STEP DONE: I POST HTTP request for add new orders without set the token
  &amp#27;[32mWhen &amp#27;[0m&amp#27;[32mI POST HTTP request for add new orders without set the token&amp#27;[0m               &amp#27;[90m# starter.stepdefinition.OrdersSteps.postHTTPRequestForAddNewOrdersWithoutSetTheToken()&amp#27;[0m
04:37:26.569 [main] DEBUG net.thucydides.core.steps.StepInterceptor -- STARTING STEP: OrdersSteps.receiveResponseCode401ForAddNewOrdersWithoutSetTheToken - I receive valid HTTP response 401 for add new orders without set the token
04:37:26.570 [main] DEBUG net.thucydides.core.steps.StepInterceptor -- STEP DONE: I receive valid HTTP response 401 for add new orders without set the token
  &amp#27;[32mThen &amp#27;[0m&amp#27;[32mI receive valid HTTP response 401 for add new orders without set the token&amp#27;[0m &amp#27;[90m# starter.stepdefinition.OrdersSteps.receiveResponseCode401ForAddNewOrdersWithoutSetTheToken()&amp#27;[0m
04:37:26.571 [main] INFO  -- 
  _____   ___   ___   _____     ___     _     ___   ___   ___   ___  
 |_   _| | __| / __| |_   _|   | _ \   /_\   / __| / __| | __| |   \ 
   | |   | _|  \__ \   | |     |  _/  / _ \  \__ \ \__ \ | _|  | |) |
   |_|   |___| |___/   |_|     |_|   /_/ \_\ |___/ |___/ |___| |___/ 

TC57 - Add new orders without set the token
----------------------------------------------------------------------
]]></system-out>
  </testcase>
  <testcase name="TC60 - Get all orders" classname="[06_Automation] - Orders" time="0.113">
    <system-out><![CDATA[
Scenario: TC60 - Get all orders                                   &amp#27;[90m# src/test/resources/Orders.feature:23&amp#27;[0m
04:37:26.576 [main] INFO io.cucumber.core.plugin.SerenityReporter -- Running feature from file:///D:/TaksAlterra/MiniProject/MiniProject_API/src/test/resources/Orders.feature
04:37:26.576 [main] WARN io.cucumber.core.plugin.SerenityReporter -- Feature from file:///D:/TaksAlterra/MiniProject/MiniProject_API/src/test/resources/Orders.feature is not under the 'features' directory. Requirements report will not be correctly generated!
04:37:26.577 [main] INFO  -- 
  _____   ___   ___   _____     ___   _____     _     ___   _____   ___   ___  
 |_   _| | __| / __| |_   _|   / __| |_   _|   /_\   | _ \ |_   _| | __| |   \ 
   | |   | _|  \__ \   | |     \__ \   | |    / _ \  |   /   | |   | _|  | |) |
   |_|   |___| |___/   |_|     |___/   |_|   /_/ \_\ |_|_\   |_|   |___| |___/ 

TC60 - Get all orders([06-automation]---orders;tc60---get-all-orders)
--------------------------------------------------------------------------------
04:37:26.580 [main] DEBUG net.thucydides.core.steps.StepInterceptor -- STARTING STEP: OrdersSteps.getAllOrdersEndpoints - I GET all orders endpoints
04:37:26.580 [main] DEBUG net.thucydides.core.steps.StepInterceptor -- STEP DONE: I GET all orders endpoints
  &amp#27;[32mGiven &amp#27;[0m&amp#27;[32mI GET all orders endpoints&amp#27;[0m                                &amp#27;[90m# starter.stepdefinition.OrdersSteps.getAllOrdersEndpoints()&amp#27;[0m
04:37:26.582 [main] DEBUG net.thucydides.core.steps.StepInterceptor -- STARTING STEP: OrdersSteps.getHTTPRequestAllOrders - I GET HTTP request with valid endpoints for get all orders
04:37:26.583 [main] DEBUG net.thucydides.core.steps.StepInterceptor -- STARTING STEP: Orders.getHTTPRequestAllOrders - I GET all orders endpoints
04:37:26.583 [main] DEBUG net.thucydides.core.steps.StepInterceptor -- STEP DONE: I GET all orders endpoints
04:37:26.588 [main] DEBUG org.apache.http.impl.conn.BasicClientConnectionManager -- Get connection for route {s}->https://altashop-api.fly.dev:443
04:37:26.588 [main] DEBUG org.apache.http.impl.conn.DefaultClientConnectionOperator -- Connecting to altashop-api.fly.dev:443
04:37:26.638 [main] DEBUG org.apache.http.client.protocol.RequestAddCookies -- CookieSpec selected: ignoreCookies
04:37:26.638 [main] DEBUG org.apache.http.client.protocol.RequestAuthCache -- Auth cache not set in the context
04:37:26.638 [main] DEBUG org.apache.http.client.protocol.RequestProxyAuthentication -- Proxy auth state: UNCHALLENGED
04:37:26.638 [main] DEBUG org.apache.http.impl.client.DefaultHttpClient -- Attempt 1 to execute request
04:37:26.638 [main] DEBUG org.apache.http.impl.conn.DefaultClientConnection -- Sending request: GET /api/orders HTTP/1.1
04:37:26.638 [main] DEBUG org.apache.http.wire --  >> "GET /api/orders HTTP/1.1[\r][\n]"
04:37:26.638 [main] DEBUG org.apache.http.wire --  >> "Authorization: Bearer eyJhbGciOiJIUzI1NiIsInR5cCI6IkpXVCJ9.eyJGdWxsbmFtZSI6IldpeWFuIEhlcnJhIEhlcnZpYW5hIiwiRW1haWwiOiJ3aXlhbjEyM0BnbWFpbC5jb20ifQ.Rsm7iH_obOaXakAORv2RniUWUxeZfBjkK8S8HtuLly8[\r][\n]"
04:37:26.638 [main] DEBUG org.apache.http.wire --  >> "Accept: */*[\r][\n]"
04:37:26.639 [main] DEBUG org.apache.http.wire --  >> "Host: altashop-api.fly.dev[\r][\n]"
04:37:26.639 [main] DEBUG org.apache.http.wire --  >> "Connection: Keep-Alive[\r][\n]"
04:37:26.639 [main] DEBUG org.apache.http.wire --  >> "User-Agent: Apache-HttpClient/4.5.13 (Java/17.0.8)[\r][\n]"
04:37:26.639 [main] DEBUG org.apache.http.wire --  >> "Accept-Encoding: gzip,deflate[\r][\n]"
04:37:26.639 [main] DEBUG org.apache.http.wire --  >> "[\r][\n]"
04:37:26.639 [main] DEBUG org.apache.http.headers -- >> GET /api/orders HTTP/1.1
04:37:26.639 [main] DEBUG org.apache.http.headers -- >> Authorization: Bearer eyJhbGciOiJIUzI1NiIsInR5cCI6IkpXVCJ9.eyJGdWxsbmFtZSI6IldpeWFuIEhlcnJhIEhlcnZpYW5hIiwiRW1haWwiOiJ3aXlhbjEyM0BnbWFpbC5jb20ifQ.Rsm7iH_obOaXakAORv2RniUWUxeZfBjkK8S8HtuLly8
04:37:26.639 [main] DEBUG org.apache.http.headers -- >> Accept: */*
04:37:26.639 [main] DEBUG org.apache.http.headers -- >> Host: altashop-api.fly.dev
04:37:26.639 [main] DEBUG org.apache.http.headers -- >> Connection: Keep-Alive
04:37:26.639 [main] DEBUG org.apache.http.headers -- >> User-Agent: Apache-HttpClient/4.5.13 (Java/17.0.8)
04:37:26.639 [main] DEBUG org.apache.http.headers -- >> Accept-Encoding: gzip,deflate
04:37:26.678 [main] DEBUG org.apache.http.wire --  << "HTTP/1.1 200 OK[\r][\n]"
04:37:26.678 [main] DEBUG org.apache.http.wire --  << "content-type: application/json[\r][\n]"
04:37:26.678 [main] DEBUG org.apache.http.wire --  << "date: Mon, 30 Oct 2023 21:37:28 GMT[\r][\n]"
04:37:26.678 [main] DEBUG org.apache.http.wire --  << "content-encoding: gzip[\r][\n]"
04:37:26.678 [main] DEBUG org.apache.http.wire --  << "transfer-encoding: chunked[\r][\n]"
04:37:26.678 [main] DEBUG org.apache.http.wire --  << "server: Fly/7328d5b5 (2023-10-27)[\r][\n]"
04:37:26.678 [main] DEBUG org.apache.http.wire --  << "via: 1.1 fly.io[\r][\n]"
04:37:26.678 [main] DEBUG org.apache.http.wire --  << "fly-request-id: 01HE18ABMB8BQGV43FB3GHMMCA-sin[\r][\n]"
04:37:26.678 [main] DEBUG org.apache.http.wire --  << "[\r][\n]"
04:37:26.678 [main] DEBUG org.apache.http.impl.conn.DefaultClientConnection -- Receiving response: HTTP/1.1 200 OK
04:37:26.678 [main] DEBUG org.apache.http.headers -- << HTTP/1.1 200 OK
04:37:26.678 [main] DEBUG org.apache.http.headers -- << content-type: application/json
04:37:26.678 [main] DEBUG org.apache.http.headers -- << date: Mon, 30 Oct 2023 21:37:28 GMT
04:37:26.678 [main] DEBUG org.apache.http.headers -- << content-encoding: gzip
04:37:26.678 [main] DEBUG org.apache.http.headers -- << transfer-encoding: chunked
04:37:26.678 [main] DEBUG org.apache.http.headers -- << server: Fly/7328d5b5 (2023-10-27)
04:37:26.678 [main] DEBUG org.apache.http.headers -- << via: 1.1 fly.io
04:37:26.678 [main] DEBUG org.apache.http.headers -- << fly-request-id: 01HE18ABMB8BQGV43FB3GHMMCA-sin
04:37:26.678 [main] DEBUG org.apache.http.impl.client.DefaultHttpClient -- Connection can be kept alive indefinitely
04:37:26.678 [main] DEBUG io.restassured.internal.RestAssuredHttpBuilder -- Parsing response as: application/json
04:37:26.678 [main] DEBUG org.apache.http.wire --  << "20[\r][\n]"
04:37:26.678 [main] DEBUG org.apache.http.wire --  << "[0x1f][0x8b][0x8][0x0][0x0][0x0][0x0][0x0][0x4][0xff][0xab]VJI,IT[0xb2][0x8a][0x8e][0xad][0xe5][0x2][0x0][0xaa][0xe3][0xeb][0xc5][0xc][0x0][0x0][0x0]"
04:37:26.678 [main] DEBUG org.apache.http.wire --  << "[\r][\n]"
04:37:26.679 [main] DEBUG org.apache.http.wire --  << "0[\r][\n]"
04:37:26.679 [main] DEBUG org.apache.http.wire --  << "[\r][\n]"
04:37:26.679 [main] DEBUG io.restassured.internal.RestAssuredHttpBuilder -- Parsed data to instance of: class org.apache.http.conn.EofSensorInputStream
04:37:26.680 [main] DEBUG org.apache.http.impl.conn.BasicClientConnectionManager -- Releasing connection org.apache.http.impl.conn.ManagedClientConnectionImpl@c8531b9
04:37:26.680 [main] DEBUG org.apache.http.impl.conn.BasicClientConnectionManager -- Connection can be kept alive indefinitely
04:37:26.680 [main] DEBUG net.thucydides.core.steps.StepInterceptor -- STEP DONE: I GET HTTP request with valid endpoints for get all orders
  &amp#27;[32mWhen &amp#27;[0m&amp#27;[32mI GET HTTP request with valid endpoints for get all orders&amp#27;[0m &amp#27;[90m# starter.stepdefinition.OrdersSteps.getHTTPRequestAllOrders()&amp#27;[0m
04:37:26.681 [main] DEBUG net.thucydides.core.steps.StepInterceptor -- STARTING STEP: OrdersSteps.receiveResponseCode200GetAllOrders - I receive valid HTTP response 200 for get all orders
04:37:26.682 [main] DEBUG net.thucydides.core.steps.StepInterceptor -- STEP DONE: I receive valid HTTP response 200 for get all orders
  &amp#27;[32mThen &amp#27;[0m&amp#27;[32mI receive valid HTTP response 200 for get all orders&amp#27;[0m       &amp#27;[90m# starter.stepdefinition.OrdersSteps.receiveResponseCode200GetAllOrders()&amp#27;[0m
04:37:26.683 [main] INFO  -- 
  _____   ___   ___   _____     ___     _     ___   ___   ___   ___  
 |_   _| | __| / __| |_   _|   | _ \   /_\   / __| / __| | __| |   \ 
   | |   | _|  \__ \   | |     |  _/  / _ \  \__ \ \__ \ | _|  | |) |
   |_|   |___| |___/   |_|     |_|   /_/ \_\ |___/ |___/ |___| |___/ 

TC60 - Get all orders
----------------------------------------------------------------------
]]></system-out>
  </testcase>
  <testcase name="TC61 - Get all orders without token" classname="[06_Automation] - Orders" time="0.115">
    <system-out><![CDATA[
Scenario: TC61 - Get all orders without token                             &amp#27;[90m# src/test/resources/Orders.feature:28&amp#27;[0m
04:37:26.688 [main] INFO io.cucumber.core.plugin.SerenityReporter -- Running feature from file:///D:/TaksAlterra/MiniProject/MiniProject_API/src/test/resources/Orders.feature
04:37:26.688 [main] WARN io.cucumber.core.plugin.SerenityReporter -- Feature from file:///D:/TaksAlterra/MiniProject/MiniProject_API/src/test/resources/Orders.feature is not under the 'features' directory. Requirements report will not be correctly generated!
04:37:26.689 [main] INFO  -- 
  _____   ___   ___   _____     ___   _____     _     ___   _____   ___   ___  
 |_   _| | __| / __| |_   _|   / __| |_   _|   /_\   | _ \ |_   _| | __| |   \ 
   | |   | _|  \__ \   | |     \__ \   | |    / _ \  |   /   | |   | _|  | |) |
   |_|   |___| |___/   |_|     |___/   |_|   /_/ \_\ |_|_\   |_|   |___| |___/ 

TC61 - Get all orders without token([06-automation]---orders;tc61---get-all-orders-without-token)
--------------------------------------------------------------------------------
04:37:26.693 [main] DEBUG net.thucydides.core.steps.StepInterceptor -- STARTING STEP: OrdersSteps.getAllProductsEndpoints2 - I GET all orders endpoints 2
04:37:26.693 [main] DEBUG net.thucydides.core.steps.StepInterceptor -- STEP DONE: I GET all orders endpoints 2
  &amp#27;[32mGiven &amp#27;[0m&amp#27;[32mI GET all orders endpoints 2&amp#27;[0m                                      &amp#27;[90m# starter.stepdefinition.OrdersSteps.getAllProductsEndpoints2()&amp#27;[0m
04:37:26.694 [main] DEBUG net.thucydides.core.steps.StepInterceptor -- STARTING STEP: OrdersSteps.getHTTPRequestForGetAllOrdersWithoutToken - I GET HTTP request for get all orders without token
04:37:26.694 [main] DEBUG net.thucydides.core.steps.StepInterceptor -- STARTING STEP: Orders.getHTTPRequestForGetAllOrdersWithoutToken - I GET all orders endpoints 2
04:37:26.694 [main] DEBUG net.thucydides.core.steps.StepInterceptor -- STEP DONE: I GET all orders endpoints 2
04:37:26.698 [main] DEBUG org.apache.http.impl.conn.BasicClientConnectionManager -- Get connection for route {s}->https://altashop-api.fly.dev:443
04:37:26.698 [main] DEBUG org.apache.http.impl.conn.DefaultClientConnectionOperator -- Connecting to altashop-api.fly.dev:443
04:37:26.770 [main] DEBUG org.apache.http.client.protocol.RequestAddCookies -- CookieSpec selected: ignoreCookies
04:37:26.770 [main] DEBUG org.apache.http.client.protocol.RequestAuthCache -- Auth cache not set in the context
04:37:26.770 [main] DEBUG org.apache.http.client.protocol.RequestTargetAuthentication -- Target auth state: UNCHALLENGED
04:37:26.770 [main] DEBUG org.apache.http.client.protocol.RequestProxyAuthentication -- Proxy auth state: UNCHALLENGED
04:37:26.770 [main] DEBUG org.apache.http.impl.client.DefaultHttpClient -- Attempt 1 to execute request
04:37:26.770 [main] DEBUG org.apache.http.impl.conn.DefaultClientConnection -- Sending request: GET /api/orders HTTP/1.1
04:37:26.770 [main] DEBUG org.apache.http.wire --  >> "GET /api/orders HTTP/1.1[\r][\n]"
04:37:26.770 [main] DEBUG org.apache.http.wire --  >> "Accept: */*[\r][\n]"
04:37:26.770 [main] DEBUG org.apache.http.wire --  >> "Host: altashop-api.fly.dev[\r][\n]"
04:37:26.770 [main] DEBUG org.apache.http.wire --  >> "Connection: Keep-Alive[\r][\n]"
04:37:26.770 [main] DEBUG org.apache.http.wire --  >> "User-Agent: Apache-HttpClient/4.5.13 (Java/17.0.8)[\r][\n]"
04:37:26.770 [main] DEBUG org.apache.http.wire --  >> "Accept-Encoding: gzip,deflate[\r][\n]"
04:37:26.770 [main] DEBUG org.apache.http.wire --  >> "[\r][\n]"
04:37:26.770 [main] DEBUG org.apache.http.headers -- >> GET /api/orders HTTP/1.1
04:37:26.770 [main] DEBUG org.apache.http.headers -- >> Accept: */*
04:37:26.770 [main] DEBUG org.apache.http.headers -- >> Host: altashop-api.fly.dev
04:37:26.770 [main] DEBUG org.apache.http.headers -- >> Connection: Keep-Alive
04:37:26.770 [main] DEBUG org.apache.http.headers -- >> User-Agent: Apache-HttpClient/4.5.13 (Java/17.0.8)
04:37:26.770 [main] DEBUG org.apache.http.headers -- >> Accept-Encoding: gzip,deflate
04:37:26.793 [main] DEBUG org.apache.http.wire --  << "HTTP/1.1 401 Unauthorized[\r][\n]"
04:37:26.793 [main] DEBUG org.apache.http.wire --  << "content-type: application/json[\r][\n]"
04:37:26.793 [main] DEBUG org.apache.http.wire --  << "date: Mon, 30 Oct 2023 21:37:28 GMT[\r][\n]"
04:37:26.793 [main] DEBUG org.apache.http.wire --  << "content-encoding: gzip[\r][\n]"
04:37:26.793 [main] DEBUG org.apache.http.wire --  << "transfer-encoding: chunked[\r][\n]"
04:37:26.793 [main] DEBUG org.apache.http.wire --  << "server: Fly/7328d5b5 (2023-10-27)[\r][\n]"
04:37:26.793 [main] DEBUG org.apache.http.wire --  << "via: 1.1 fly.io[\r][\n]"
04:37:26.793 [main] DEBUG org.apache.http.wire --  << "fly-request-id: 01HE18ABRED9EMQ52PS7C6EQZ7-sin[\r][\n]"
04:37:26.793 [main] DEBUG org.apache.http.wire --  << "[\r][\n]"
04:37:26.793 [main] DEBUG org.apache.http.impl.conn.DefaultClientConnection -- Receiving response: HTTP/1.1 401 Unauthorized
04:37:26.793 [main] DEBUG org.apache.http.headers -- << HTTP/1.1 401 Unauthorized
04:37:26.793 [main] DEBUG org.apache.http.headers -- << content-type: application/json
04:37:26.793 [main] DEBUG org.apache.http.headers -- << date: Mon, 30 Oct 2023 21:37:28 GMT
04:37:26.793 [main] DEBUG org.apache.http.headers -- << content-encoding: gzip
04:37:26.793 [main] DEBUG org.apache.http.headers -- << transfer-encoding: chunked
04:37:26.793 [main] DEBUG org.apache.http.headers -- << server: Fly/7328d5b5 (2023-10-27)
04:37:26.793 [main] DEBUG org.apache.http.headers -- << via: 1.1 fly.io
04:37:26.793 [main] DEBUG org.apache.http.headers -- << fly-request-id: 01HE18ABRED9EMQ52PS7C6EQZ7-sin
04:37:26.794 [main] DEBUG org.apache.http.impl.client.DefaultHttpClient -- Connection can be kept alive indefinitely
04:37:26.794 [main] DEBUG org.apache.http.impl.client.DefaultHttpClient -- Authentication required
04:37:26.794 [main] DEBUG org.apache.http.impl.client.DefaultHttpClient -- altashop-api.fly.dev:443 requested authentication
04:37:26.794 [main] DEBUG org.apache.http.impl.client.DefaultHttpClient -- Response contains no authentication challenges
04:37:26.794 [main] DEBUG io.restassured.internal.RestAssuredHttpBuilder -- Parsing response as: application/json
04:37:26.794 [main] DEBUG org.apache.http.wire --  << "2D[\r][\n]"
04:37:26.794 [main] DEBUG org.apache.http.wire --  << "[0x1f][0x8b][0x8][0x0][0x0][0x0][0x0][0x0][0x4][0xff][0xab]VJ-*[0xca]/R[0xb2]R*[0xcd]K,-[0xc9][0xc8]/[0xca][0xac]JMQ[0xaa][0xe5][0x2][0x0]@[0x17]da[0x19][0x0][0x0][0x0]"
04:37:26.794 [main] DEBUG org.apache.http.wire --  << "[\r][\n]"
04:37:26.794 [main] DEBUG org.apache.http.wire --  << "0[\r][\n]"
04:37:26.794 [main] DEBUG org.apache.http.wire --  << "[\r][\n]"
04:37:26.794 [main] DEBUG io.restassured.internal.RestAssuredHttpBuilder -- Parsed data to instance of: class org.apache.http.conn.EofSensorInputStream
04:37:26.795 [main] DEBUG org.apache.http.impl.conn.BasicClientConnectionManager -- Releasing connection org.apache.http.impl.conn.ManagedClientConnectionImpl@2d1f3639
04:37:26.795 [main] DEBUG org.apache.http.impl.conn.BasicClientConnectionManager -- Connection can be kept alive indefinitely
04:37:26.795 [main] DEBUG net.thucydides.core.steps.StepInterceptor -- STEP DONE: I GET HTTP request for get all orders without token
  &amp#27;[32mWhen &amp#27;[0m&amp#27;[32mI GET HTTP request for get all orders without token&amp#27;[0m                &amp#27;[90m# starter.stepdefinition.OrdersSteps.getHTTPRequestForGetAllOrdersWithoutToken()&amp#27;[0m
04:37:26.798 [main] DEBUG net.thucydides.core.steps.StepInterceptor -- STARTING STEP: OrdersSteps.receiveResponseCode401ForGetAllOrdersWithoutToken - I receive valid HTTP response 401 for get all orders without token
04:37:26.798 [main] DEBUG net.thucydides.core.steps.StepInterceptor -- STEP DONE: I receive valid HTTP response 401 for get all orders without token
  &amp#27;[32mThen &amp#27;[0m&amp#27;[32mI receive valid HTTP response 401 for get all orders without token&amp#27;[0m &amp#27;[90m# starter.stepdefinition.OrdersSteps.receiveResponseCode401ForGetAllOrdersWithoutToken()&amp#27;[0m
04:37:26.799 [main] INFO  -- 
  _____   ___   ___   _____     ___     _     ___   ___   ___   ___  
 |_   _| | __| / __| |_   _|   | _ \   /_\   / __| / __| | __| |   \ 
   | |   | _|  \__ \   | |     |  _/  / _ \  \__ \ \__ \ | _|  | |) |
   |_|   |___| |___/   |_|     |_|   /_/ \_\ |___/ |___/ |___| |___/ 

TC61 - Get all orders without token
----------------------------------------------------------------------
]]></system-out>
  </testcase>
  <testcase name="TC62 - Get order by ID" classname="[06_Automation] - Orders" time="0.111">
    <system-out><![CDATA[
Scenario: TC62 - Get order by ID                             &amp#27;[90m# src/test/resources/Orders.feature:33&amp#27;[0m
04:37:26.804 [main] INFO io.cucumber.core.plugin.SerenityReporter -- Running feature from file:///D:/TaksAlterra/MiniProject/MiniProject_API/src/test/resources/Orders.feature
04:37:26.804 [main] WARN io.cucumber.core.plugin.SerenityReporter -- Feature from file:///D:/TaksAlterra/MiniProject/MiniProject_API/src/test/resources/Orders.feature is not under the 'features' directory. Requirements report will not be correctly generated!
04:37:26.805 [main] INFO  -- 
  _____   ___   ___   _____     ___   _____     _     ___   _____   ___   ___  
 |_   _| | __| / __| |_   _|   / __| |_   _|   /_\   | _ \ |_   _| | __| |   \ 
   | |   | _|  \__ \   | |     \__ \   | |    / _ \  |   /   | |   | _|  | |) |
   |_|   |___| |___/   |_|     |___/   |_|   /_/ \_\ |_|_\   |_|   |___| |___/ 

TC62 - Get order by ID([06-automation]---orders;tc62---get-order-by-id)
--------------------------------------------------------------------------------
04:37:26.809 [main] DEBUG net.thucydides.core.steps.StepInterceptor -- STARTING STEP: OrdersSteps.getOrderEndpointsByID - I GET orders endpoints by ID
04:37:26.809 [main] DEBUG net.thucydides.core.steps.StepInterceptor -- STEP DONE: I GET orders endpoints by ID
  &amp#27;[32mGiven &amp#27;[0m&amp#27;[32mI GET orders endpoints by ID&amp#27;[0m                         &amp#27;[90m# starter.stepdefinition.OrdersSteps.getOrderEndpointsByID()&amp#27;[0m
04:37:26.810 [main] DEBUG net.thucydides.core.steps.StepInterceptor -- STARTING STEP: OrdersSteps.getHTTPRequestOrdersByID - I GET orders HTTP request with valid ID
04:37:26.811 [main] DEBUG net.thucydides.core.steps.StepInterceptor -- STARTING STEP: Orders.getHTTPRequestOrdersByID - I GET orders endpoints by ID
04:37:26.811 [main] DEBUG net.thucydides.core.steps.StepInterceptor -- STEP DONE: I GET orders endpoints by ID
04:37:26.816 [main] DEBUG org.apache.http.impl.conn.BasicClientConnectionManager -- Get connection for route {s}->https://altashop-api.fly.dev:443
04:37:26.817 [main] DEBUG org.apache.http.impl.conn.DefaultClientConnectionOperator -- Connecting to altashop-api.fly.dev:443
04:37:26.877 [main] DEBUG org.apache.http.client.protocol.RequestAddCookies -- CookieSpec selected: ignoreCookies
04:37:26.877 [main] DEBUG org.apache.http.client.protocol.RequestAuthCache -- Auth cache not set in the context
04:37:26.877 [main] DEBUG org.apache.http.client.protocol.RequestProxyAuthentication -- Proxy auth state: UNCHALLENGED
04:37:26.877 [main] DEBUG org.apache.http.impl.client.DefaultHttpClient -- Attempt 1 to execute request
04:37:26.877 [main] DEBUG org.apache.http.impl.conn.DefaultClientConnection -- Sending request: GET /api/orders/13020 HTTP/1.1
04:37:26.877 [main] DEBUG org.apache.http.wire --  >> "GET /api/orders/13020 HTTP/1.1[\r][\n]"
04:37:26.877 [main] DEBUG org.apache.http.wire --  >> "Authorization: Bearer eyJhbGciOiJIUzI1NiIsInR5cCI6IkpXVCJ9.eyJGdWxsbmFtZSI6IldpeWFuIEhlcnJhIEhlcnZpYW5hIiwiRW1haWwiOiJ3aXlhbjEyM0BnbWFpbC5jb20ifQ.Rsm7iH_obOaXakAORv2RniUWUxeZfBjkK8S8HtuLly8[\r][\n]"
04:37:26.877 [main] DEBUG org.apache.http.wire --  >> "Accept: */*[\r][\n]"
04:37:26.877 [main] DEBUG org.apache.http.wire --  >> "Host: altashop-api.fly.dev[\r][\n]"
04:37:26.877 [main] DEBUG org.apache.http.wire --  >> "Connection: Keep-Alive[\r][\n]"
04:37:26.877 [main] DEBUG org.apache.http.wire --  >> "User-Agent: Apache-HttpClient/4.5.13 (Java/17.0.8)[\r][\n]"
04:37:26.878 [main] DEBUG org.apache.http.wire --  >> "Accept-Encoding: gzip,deflate[\r][\n]"
04:37:26.878 [main] DEBUG org.apache.http.wire --  >> "[\r][\n]"
04:37:26.878 [main] DEBUG org.apache.http.headers -- >> GET /api/orders/13020 HTTP/1.1
04:37:26.878 [main] DEBUG org.apache.http.headers -- >> Authorization: Bearer eyJhbGciOiJIUzI1NiIsInR5cCI6IkpXVCJ9.eyJGdWxsbmFtZSI6IldpeWFuIEhlcnJhIEhlcnZpYW5hIiwiRW1haWwiOiJ3aXlhbjEyM0BnbWFpbC5jb20ifQ.Rsm7iH_obOaXakAORv2RniUWUxeZfBjkK8S8HtuLly8
04:37:26.878 [main] DEBUG org.apache.http.headers -- >> Accept: */*
04:37:26.878 [main] DEBUG org.apache.http.headers -- >> Host: altashop-api.fly.dev
04:37:26.878 [main] DEBUG org.apache.http.headers -- >> Connection: Keep-Alive
04:37:26.878 [main] DEBUG org.apache.http.headers -- >> User-Agent: Apache-HttpClient/4.5.13 (Java/17.0.8)
04:37:26.878 [main] DEBUG org.apache.http.headers -- >> Accept-Encoding: gzip,deflate
04:37:26.905 [main] DEBUG org.apache.http.wire --  << "HTTP/1.1 200 OK[\r][\n]"
04:37:26.905 [main] DEBUG org.apache.http.wire --  << "content-type: application/json[\r][\n]"
04:37:26.905 [main] DEBUG org.apache.http.wire --  << "date: Mon, 30 Oct 2023 21:37:28 GMT[\r][\n]"
04:37:26.905 [main] DEBUG org.apache.http.wire --  << "content-encoding: gzip[\r][\n]"
04:37:26.905 [main] DEBUG org.apache.http.wire --  << "transfer-encoding: chunked[\r][\n]"
04:37:26.905 [main] DEBUG org.apache.http.wire --  << "server: Fly/7328d5b5 (2023-10-27)[\r][\n]"
04:37:26.905 [main] DEBUG org.apache.http.wire --  << "via: 1.1 fly.io[\r][\n]"
04:37:26.905 [main] DEBUG org.apache.http.wire --  << "fly-request-id: 01HE18ABVV2TQ2Q924601B7XVQ-sin[\r][\n]"
04:37:26.905 [main] DEBUG org.apache.http.wire --  << "[\r][\n]"
04:37:26.905 [main] DEBUG org.apache.http.impl.conn.DefaultClientConnection -- Receiving response: HTTP/1.1 200 OK
04:37:26.905 [main] DEBUG org.apache.http.headers -- << HTTP/1.1 200 OK
04:37:26.905 [main] DEBUG org.apache.http.headers -- << content-type: application/json
04:37:26.905 [main] DEBUG org.apache.http.headers -- << date: Mon, 30 Oct 2023 21:37:28 GMT
04:37:26.905 [main] DEBUG org.apache.http.headers -- << content-encoding: gzip
04:37:26.906 [main] DEBUG org.apache.http.headers -- << transfer-encoding: chunked
04:37:26.906 [main] DEBUG org.apache.http.headers -- << server: Fly/7328d5b5 (2023-10-27)
04:37:26.906 [main] DEBUG org.apache.http.headers -- << via: 1.1 fly.io
04:37:26.906 [main] DEBUG org.apache.http.headers -- << fly-request-id: 01HE18ABVV2TQ2Q924601B7XVQ-sin
04:37:26.906 [main] DEBUG org.apache.http.impl.client.DefaultHttpClient -- Connection can be kept alive indefinitely
04:37:26.906 [main] DEBUG io.restassured.internal.RestAssuredHttpBuilder -- Parsing response as: application/json
04:37:26.906 [main] DEBUG org.apache.http.wire --  << "9D[\r][\n]"
04:37:26.906 [main] DEBUG org.apache.http.wire --  << "[0x1f][0x8b][0x8][0x0][0x0][0x0][0x0][0x0][0x4][0xff][0xab]VJI,IT[0xb2][0xaa]V[0xf2]tQ[0xb2]24602[0xd0]Q[\n]"
04:37:26.906 [main] DEBUG org.apache.http.wire --  << "-N-[0x82][0x9][0x19][0x99]Y[0x80][0x84][0xdc]Jsr[0xf2][0x12]sS[0x95][0xac][0x94][0xfc][0x12]K[0x8b][0x12][0x15][0xc2]2SK[0x12][0x15]<[0x12][0xd3]r[0x12][0x95]t[0x94]\s[0x13]3s[0x94][0xac][0x94][0xf2]@r[0x19] A[0x87]t[0x90][0x90]^r~[0xae][0x92][0x8e]R@bqqy~Q[0x8a][0x92][0x95][0x12]X[0x9f][0x91][0x81][0x91][0xa1]R[0xad][0x8e]R@Q~Jir[0x89][0x92]U^iN[0x8e][0x8e]R`ib^IfI[0xa5][0x92][0x95]Am-[0x17][0x0]q[0xd1][0xb6][0x9f][0x9b][0x0][0x0][0x0]"
04:37:26.906 [main] DEBUG org.apache.http.wire --  << "[\r][\n]"
04:37:26.906 [main] DEBUG org.apache.http.wire --  << "0[\r][\n]"
04:37:26.906 [main] DEBUG org.apache.http.wire --  << "[\r][\n]"
04:37:26.906 [main] DEBUG io.restassured.internal.RestAssuredHttpBuilder -- Parsed data to instance of: class org.apache.http.conn.EofSensorInputStream
04:37:26.906 [main] DEBUG org.apache.http.impl.conn.BasicClientConnectionManager -- Releasing connection org.apache.http.impl.conn.ManagedClientConnectionImpl@62c42a3
04:37:26.906 [main] DEBUG org.apache.http.impl.conn.BasicClientConnectionManager -- Connection can be kept alive indefinitely
04:37:26.907 [main] DEBUG net.thucydides.core.steps.StepInterceptor -- STEP DONE: I GET orders HTTP request with valid ID
  &amp#27;[32mWhen &amp#27;[0m&amp#27;[32mI GET orders HTTP request with valid ID&amp#27;[0m               &amp#27;[90m# starter.stepdefinition.OrdersSteps.getHTTPRequestOrdersByID()&amp#27;[0m
04:37:26.908 [main] DEBUG net.thucydides.core.steps.StepInterceptor -- STARTING STEP: OrdersSteps.receiveResponseCode200GetOrderByID - I receive valid HTTP response 200 for get order by ID
04:37:26.909 [main] DEBUG net.thucydides.core.steps.StepInterceptor -- STEP DONE: I receive valid HTTP response 200 for get order by ID
  &amp#27;[32mThen &amp#27;[0m&amp#27;[32mI receive valid HTTP response 200 for get order by ID&amp#27;[0m &amp#27;[90m# starter.stepdefinition.OrdersSteps.receiveResponseCode200GetOrderByID()&amp#27;[0m
04:37:26.909 [main] INFO  -- 
  _____   ___   ___   _____     ___     _     ___   ___   ___   ___  
 |_   _| | __| / __| |_   _|   | _ \   /_\   / __| / __| | __| |   \ 
   | |   | _|  \__ \   | |     |  _/  / _ \  \__ \ \__ \ | _|  | |) |
   |_|   |___| |___/   |_|     |_|   /_/ \_\ |___/ |___/ |___| |___/ 

TC62 - Get order by ID
----------------------------------------------------------------------
]]></system-out>
  </testcase>
  <testcase name="TC63 - Get orders by invalid ID with character symbols" classname="[06_Automation] - Orders" time="0.107">
    <system-out><![CDATA[
Scenario: TC63 - Get orders by invalid ID with character symbols                             &amp#27;[90m# src/test/resources/Orders.feature:38&amp#27;[0m
04:37:26.913 [main] INFO io.cucumber.core.plugin.SerenityReporter -- Running feature from file:///D:/TaksAlterra/MiniProject/MiniProject_API/src/test/resources/Orders.feature
04:37:26.913 [main] WARN io.cucumber.core.plugin.SerenityReporter -- Feature from file:///D:/TaksAlterra/MiniProject/MiniProject_API/src/test/resources/Orders.feature is not under the 'features' directory. Requirements report will not be correctly generated!
04:37:26.913 [main] INFO  -- 
  _____   ___   ___   _____     ___   _____     _     ___   _____   ___   ___  
 |_   _| | __| / __| |_   _|   / __| |_   _|   /_\   | _ \ |_   _| | __| |   \ 
   | |   | _|  \__ \   | |     \__ \   | |    / _ \  |   /   | |   | _|  | |) |
   |_|   |___| |___/   |_|     |___/   |_|   /_/ \_\ |_|_\   |_|   |___| |___/ 

TC63 - Get orders by invalid ID with character symbols([06-automation]---orders;tc63---get-orders-by-invalid-id-with-character-symbols)
--------------------------------------------------------------------------------
04:37:26.916 [main] DEBUG net.thucydides.core.steps.StepInterceptor -- STARTING STEP: OrdersSteps.getOrdersEndpointsByID2 - I GET orders endpoints by ID 2
04:37:26.917 [main] DEBUG net.thucydides.core.steps.StepInterceptor -- STEP DONE: I GET orders endpoints by ID 2
  &amp#27;[32mGiven &amp#27;[0m&amp#27;[32mI GET orders endpoints by ID 2&amp#27;[0m                                                       &amp#27;[90m# starter.stepdefinition.OrdersSteps.getOrdersEndpointsByID2()&amp#27;[0m
04:37:26.918 [main] DEBUG net.thucydides.core.steps.StepInterceptor -- STARTING STEP: OrdersSteps.getOrdersHTTPRequestWithInvalidIDWithCharacterSymbols - I GET orders HTTP request invalid ID with character symbols
04:37:26.918 [main] DEBUG net.thucydides.core.steps.StepInterceptor -- STARTING STEP: Orders.getOrdersHTTPRequestWithInvalidIDWithCharacterSymbols - I GET orders endpoints by ID 2
04:37:26.918 [main] DEBUG net.thucydides.core.steps.StepInterceptor -- STEP DONE: I GET orders endpoints by ID 2
04:37:26.923 [main] DEBUG org.apache.http.impl.conn.BasicClientConnectionManager -- Get connection for route {s}->https://altashop-api.fly.dev:443
04:37:26.923 [main] DEBUG org.apache.http.impl.conn.DefaultClientConnectionOperator -- Connecting to altashop-api.fly.dev:443
04:37:26.986 [main] DEBUG org.apache.http.client.protocol.RequestAddCookies -- CookieSpec selected: ignoreCookies
04:37:26.986 [main] DEBUG org.apache.http.client.protocol.RequestAuthCache -- Auth cache not set in the context
04:37:26.986 [main] DEBUG org.apache.http.client.protocol.RequestProxyAuthentication -- Proxy auth state: UNCHALLENGED
04:37:26.986 [main] DEBUG org.apache.http.impl.client.DefaultHttpClient -- Attempt 1 to execute request
04:37:26.986 [main] DEBUG org.apache.http.impl.conn.DefaultClientConnection -- Sending request: GET /api/orders/-2 HTTP/1.1
04:37:26.986 [main] DEBUG org.apache.http.wire --  >> "GET /api/orders/-2 HTTP/1.1[\r][\n]"
04:37:26.986 [main] DEBUG org.apache.http.wire --  >> "Authorization: Bearer eyJhbGciOiJIUzI1NiIsInR5cCI6IkpXVCJ9.eyJGdWxsbmFtZSI6IldpeWFuIEhlcnJhIEhlcnZpYW5hIiwiRW1haWwiOiJ3aXlhbkBtYWlsLmNvbSJ9.NPXYoUbe7TJtZoFcbm-zZ2v4Arez-S9PaYhOwdAKxZI[\r][\n]"
04:37:26.986 [main] DEBUG org.apache.http.wire --  >> "Accept: */*[\r][\n]"
04:37:26.986 [main] DEBUG org.apache.http.wire --  >> "Host: altashop-api.fly.dev[\r][\n]"
04:37:26.986 [main] DEBUG org.apache.http.wire --  >> "Connection: Keep-Alive[\r][\n]"
04:37:26.986 [main] DEBUG org.apache.http.wire --  >> "User-Agent: Apache-HttpClient/4.5.13 (Java/17.0.8)[\r][\n]"
04:37:26.986 [main] DEBUG org.apache.http.wire --  >> "Accept-Encoding: gzip,deflate[\r][\n]"
04:37:26.986 [main] DEBUG org.apache.http.wire --  >> "[\r][\n]"
04:37:26.986 [main] DEBUG org.apache.http.headers -- >> GET /api/orders/-2 HTTP/1.1
04:37:26.986 [main] DEBUG org.apache.http.headers -- >> Authorization: Bearer eyJhbGciOiJIUzI1NiIsInR5cCI6IkpXVCJ9.eyJGdWxsbmFtZSI6IldpeWFuIEhlcnJhIEhlcnZpYW5hIiwiRW1haWwiOiJ3aXlhbkBtYWlsLmNvbSJ9.NPXYoUbe7TJtZoFcbm-zZ2v4Arez-S9PaYhOwdAKxZI
04:37:26.986 [main] DEBUG org.apache.http.headers -- >> Accept: */*
04:37:26.986 [main] DEBUG org.apache.http.headers -- >> Host: altashop-api.fly.dev
04:37:26.986 [main] DEBUG org.apache.http.headers -- >> Connection: Keep-Alive
04:37:26.986 [main] DEBUG org.apache.http.headers -- >> User-Agent: Apache-HttpClient/4.5.13 (Java/17.0.8)
04:37:26.986 [main] DEBUG org.apache.http.headers -- >> Accept-Encoding: gzip,deflate
04:37:27.011 [main] DEBUG org.apache.http.wire --  << "HTTP/1.1 401 Unauthorized[\r][\n]"
04:37:27.011 [main] DEBUG org.apache.http.wire --  << "content-type: application/json[\r][\n]"
04:37:27.011 [main] DEBUG org.apache.http.wire --  << "date: Mon, 30 Oct 2023 21:37:28 GMT[\r][\n]"
04:37:27.011 [main] DEBUG org.apache.http.wire --  << "content-encoding: gzip[\r][\n]"
04:37:27.011 [main] DEBUG org.apache.http.wire --  << "transfer-encoding: chunked[\r][\n]"
04:37:27.011 [main] DEBUG org.apache.http.wire --  << "server: Fly/7328d5b5 (2023-10-27)[\r][\n]"
04:37:27.011 [main] DEBUG org.apache.http.wire --  << "via: 1.1 fly.io[\r][\n]"
04:37:27.011 [main] DEBUG org.apache.http.wire --  << "fly-request-id: 01HE18ABZ6J2D83K4HTEHGKZXP-sin[\r][\n]"
04:37:27.011 [main] DEBUG org.apache.http.wire --  << "[\r][\n]"
04:37:27.011 [main] DEBUG org.apache.http.impl.conn.DefaultClientConnection -- Receiving response: HTTP/1.1 401 Unauthorized
04:37:27.011 [main] DEBUG org.apache.http.headers -- << HTTP/1.1 401 Unauthorized
04:37:27.011 [main] DEBUG org.apache.http.headers -- << content-type: application/json
04:37:27.011 [main] DEBUG org.apache.http.headers -- << date: Mon, 30 Oct 2023 21:37:28 GMT
04:37:27.011 [main] DEBUG org.apache.http.headers -- << content-encoding: gzip
04:37:27.011 [main] DEBUG org.apache.http.headers -- << transfer-encoding: chunked
04:37:27.011 [main] DEBUG org.apache.http.headers -- << server: Fly/7328d5b5 (2023-10-27)
04:37:27.011 [main] DEBUG org.apache.http.headers -- << via: 1.1 fly.io
04:37:27.011 [main] DEBUG org.apache.http.headers -- << fly-request-id: 01HE18ABZ6J2D83K4HTEHGKZXP-sin
04:37:27.011 [main] DEBUG org.apache.http.impl.client.DefaultHttpClient -- Connection can be kept alive indefinitely
04:37:27.011 [main] DEBUG org.apache.http.impl.client.DefaultHttpClient -- Authentication required
04:37:27.011 [main] DEBUG org.apache.http.impl.client.DefaultHttpClient -- altashop-api.fly.dev:443 requested authentication
04:37:27.011 [main] DEBUG org.apache.http.impl.client.DefaultHttpClient -- Response contains no authentication challenges
04:37:27.012 [main] DEBUG io.restassured.internal.RestAssuredHttpBuilder -- Parsing response as: application/json
04:37:27.012 [main] DEBUG org.apache.http.wire --  << "31[\r][\n]"
04:37:27.012 [main] DEBUG org.apache.http.wire --  << "[0x1f][0x8b][0x8][0x0][0x0][0x0][0x0][0x0][0x4][0xff][0xab]VJ-*[0xca]/R[0xb2]R*JM[0xce]/JQ[0xc8][0xcb]/QH[0xcb]/[0xcd]KQ[0xaa][0xe5][0x2][0x0]6`[0x14][0x2][0x1d][0x0][0x0][0x0]"
04:37:27.012 [main] DEBUG org.apache.http.wire --  << "[\r][\n]"
04:37:27.012 [main] DEBUG org.apache.http.wire --  << "0[\r][\n]"
04:37:27.012 [main] DEBUG org.apache.http.wire --  << "[\r][\n]"
04:37:27.012 [main] DEBUG io.restassured.internal.RestAssuredHttpBuilder -- Parsed data to instance of: class org.apache.http.conn.EofSensorInputStream
04:37:27.012 [main] DEBUG org.apache.http.impl.conn.BasicClientConnectionManager -- Releasing connection org.apache.http.impl.conn.ManagedClientConnectionImpl@7f584d0c
04:37:27.012 [main] DEBUG org.apache.http.impl.conn.BasicClientConnectionManager -- Connection can be kept alive indefinitely
04:37:27.013 [main] DEBUG net.thucydides.core.steps.StepInterceptor -- STEP DONE: I GET orders HTTP request invalid ID with character symbols
  &amp#27;[32mWhen &amp#27;[0m&amp#27;[32mI GET orders HTTP request invalid ID with character symbols&amp#27;[0m                           &amp#27;[90m# starter.stepdefinition.OrdersSteps.getOrdersHTTPRequestWithInvalidIDWithCharacterSymbols()&amp#27;[0m
04:37:27.015 [main] DEBUG net.thucydides.core.steps.StepInterceptor -- STARTING STEP: OrdersSteps.receiveResponseCode401ForGetOrdersByInvalidIDWithCharacterSymbols - I receive valid HTTP response 401 for get orders by invalid IDwith character symbols
04:37:27.015 [main] DEBUG net.thucydides.core.steps.StepInterceptor -- STEP DONE: I receive valid HTTP response 401 for get orders by invalid IDwith character symbols
  &amp#27;[32mThen &amp#27;[0m&amp#27;[32mI receive valid HTTP response 401 for get orders by invalid ID with character symbols&amp#27;[0m &amp#27;[90m# starter.stepdefinition.OrdersSteps.receiveResponseCode401ForGetOrdersByInvalidIDWithCharacterSymbols()&amp#27;[0m
04:37:27.016 [main] INFO  -- 
  _____   ___   ___   _____     ___     _     ___   ___   ___   ___  
 |_   _| | __| / __| |_   _|   | _ \   /_\   / __| / __| | __| |   \ 
   | |   | _|  \__ \   | |     |  _/  / _ \  \__ \ \__ \ | _|  | |) |
   |_|   |___| |___/   |_|     |_|   /_/ \_\ |___/ |___/ |___| |___/ 

TC63 - Get orders by invalid ID with character symbols
----------------------------------------------------------------------
]]></system-out>
  </testcase>
  <testcase name="TC64 - Get orders by invalid ID with character alphabet" classname="[06_Automation] - Orders" time="0.108">
    <system-out><![CDATA[
Scenario: TC64 - Get orders by invalid ID with character alphabet                             &amp#27;[90m# src/test/resources/Orders.feature:43&amp#27;[0m
04:37:27.020 [main] INFO io.cucumber.core.plugin.SerenityReporter -- Running feature from file:///D:/TaksAlterra/MiniProject/MiniProject_API/src/test/resources/Orders.feature
04:37:27.020 [main] WARN io.cucumber.core.plugin.SerenityReporter -- Feature from file:///D:/TaksAlterra/MiniProject/MiniProject_API/src/test/resources/Orders.feature is not under the 'features' directory. Requirements report will not be correctly generated!
04:37:27.021 [main] INFO  -- 
  _____   ___   ___   _____     ___   _____     _     ___   _____   ___   ___  
 |_   _| | __| / __| |_   _|   / __| |_   _|   /_\   | _ \ |_   _| | __| |   \ 
   | |   | _|  \__ \   | |     \__ \   | |    / _ \  |   /   | |   | _|  | |) |
   |_|   |___| |___/   |_|     |___/   |_|   /_/ \_\ |_|_\   |_|   |___| |___/ 

TC64 - Get orders by invalid ID with character alphabet([06-automation]---orders;tc64---get-orders-by-invalid-id-with-character-alphabet)
--------------------------------------------------------------------------------
04:37:27.024 [main] DEBUG net.thucydides.core.steps.StepInterceptor -- STARTING STEP: OrdersSteps.getOrdersEndpointsByID3 - I GET orders endpoints by ID 3
04:37:27.024 [main] DEBUG net.thucydides.core.steps.StepInterceptor -- STEP DONE: I GET orders endpoints by ID 3
  &amp#27;[32mGiven &amp#27;[0m&amp#27;[32mI GET orders endpoints by ID 3&amp#27;[0m                                                        &amp#27;[90m# starter.stepdefinition.OrdersSteps.getOrdersEndpointsByID3()&amp#27;[0m
04:37:27.025 [main] DEBUG net.thucydides.core.steps.StepInterceptor -- STARTING STEP: OrdersSteps.getOrdersHTTPRequestWithInvalidIDWithCharacterAlphabet - I GET orders HTTP request invalid ID with character alphabet
04:37:27.026 [main] DEBUG net.thucydides.core.steps.StepInterceptor -- STARTING STEP: Orders.getOrdersHTTPRequestWithInvalidIDWithCharacterAlphabet - I GET orders endpoints by ID 3
04:37:27.026 [main] DEBUG net.thucydides.core.steps.StepInterceptor -- STEP DONE: I GET orders endpoints by ID 3
04:37:27.030 [main] DEBUG org.apache.http.impl.conn.BasicClientConnectionManager -- Get connection for route {s}->https://altashop-api.fly.dev:443
04:37:27.030 [main] DEBUG org.apache.http.impl.conn.DefaultClientConnectionOperator -- Connecting to altashop-api.fly.dev:443
04:37:27.094 [main] DEBUG org.apache.http.client.protocol.RequestAddCookies -- CookieSpec selected: ignoreCookies
04:37:27.094 [main] DEBUG org.apache.http.client.protocol.RequestAuthCache -- Auth cache not set in the context
04:37:27.094 [main] DEBUG org.apache.http.client.protocol.RequestProxyAuthentication -- Proxy auth state: UNCHALLENGED
04:37:27.094 [main] DEBUG org.apache.http.impl.client.DefaultHttpClient -- Attempt 1 to execute request
04:37:27.094 [main] DEBUG org.apache.http.impl.conn.DefaultClientConnection -- Sending request: GET /api/orders/satu HTTP/1.1
04:37:27.094 [main] DEBUG org.apache.http.wire --  >> "GET /api/orders/satu HTTP/1.1[\r][\n]"
04:37:27.094 [main] DEBUG org.apache.http.wire --  >> "Authorization: Bearer eyJhbGciOiJIUzI1NiIsInR5cCI6IkpXVCJ9.eyJGdWxsbmFtZSI6IldpeWFuIEhlcnJhIEhlcnZpYW5hIiwiRW1haWwiOiJ3aXlhbkBtYWlsLmNvbSJ9.NPXYoUbe7TJtZoFcbm-zZ2v4Arez-S9PaYhOwdAKxZI[\r][\n]"
04:37:27.094 [main] DEBUG org.apache.http.wire --  >> "Accept: */*[\r][\n]"
04:37:27.094 [main] DEBUG org.apache.http.wire --  >> "Host: altashop-api.fly.dev[\r][\n]"
04:37:27.094 [main] DEBUG org.apache.http.wire --  >> "Connection: Keep-Alive[\r][\n]"
04:37:27.094 [main] DEBUG org.apache.http.wire --  >> "User-Agent: Apache-HttpClient/4.5.13 (Java/17.0.8)[\r][\n]"
04:37:27.094 [main] DEBUG org.apache.http.wire --  >> "Accept-Encoding: gzip,deflate[\r][\n]"
04:37:27.094 [main] DEBUG org.apache.http.wire --  >> "[\r][\n]"
04:37:27.094 [main] DEBUG org.apache.http.headers -- >> GET /api/orders/satu HTTP/1.1
04:37:27.094 [main] DEBUG org.apache.http.headers -- >> Authorization: Bearer eyJhbGciOiJIUzI1NiIsInR5cCI6IkpXVCJ9.eyJGdWxsbmFtZSI6IldpeWFuIEhlcnJhIEhlcnZpYW5hIiwiRW1haWwiOiJ3aXlhbkBtYWlsLmNvbSJ9.NPXYoUbe7TJtZoFcbm-zZ2v4Arez-S9PaYhOwdAKxZI
04:37:27.094 [main] DEBUG org.apache.http.headers -- >> Accept: */*
04:37:27.094 [main] DEBUG org.apache.http.headers -- >> Host: altashop-api.fly.dev
04:37:27.094 [main] DEBUG org.apache.http.headers -- >> Connection: Keep-Alive
04:37:27.094 [main] DEBUG org.apache.http.headers -- >> User-Agent: Apache-HttpClient/4.5.13 (Java/17.0.8)
04:37:27.094 [main] DEBUG org.apache.http.headers -- >> Accept-Encoding: gzip,deflate
04:37:27.119 [main] DEBUG org.apache.http.wire --  << "HTTP/1.1 401 Unauthorized[\r][\n]"
04:37:27.119 [main] DEBUG org.apache.http.wire --  << "content-type: application/json[\r][\n]"
04:37:27.119 [main] DEBUG org.apache.http.wire --  << "date: Mon, 30 Oct 2023 21:37:28 GMT[\r][\n]"
04:37:27.119 [main] DEBUG org.apache.http.wire --  << "content-encoding: gzip[\r][\n]"
04:37:27.119 [main] DEBUG org.apache.http.wire --  << "transfer-encoding: chunked[\r][\n]"
04:37:27.119 [main] DEBUG org.apache.http.wire --  << "server: Fly/7328d5b5 (2023-10-27)[\r][\n]"
04:37:27.119 [main] DEBUG org.apache.http.wire --  << "via: 1.1 fly.io[\r][\n]"
04:37:27.119 [main] DEBUG org.apache.http.wire --  << "fly-request-id: 01HE18AC2KDAAQC1VFTJ15SEHR-sin[\r][\n]"
04:37:27.119 [main] DEBUG org.apache.http.wire --  << "[\r][\n]"
04:37:27.119 [main] DEBUG org.apache.http.impl.conn.DefaultClientConnection -- Receiving response: HTTP/1.1 401 Unauthorized
04:37:27.119 [main] DEBUG org.apache.http.headers -- << HTTP/1.1 401 Unauthorized
04:37:27.119 [main] DEBUG org.apache.http.headers -- << content-type: application/json
04:37:27.119 [main] DEBUG org.apache.http.headers -- << date: Mon, 30 Oct 2023 21:37:28 GMT
04:37:27.119 [main] DEBUG org.apache.http.headers -- << content-encoding: gzip
04:37:27.119 [main] DEBUG org.apache.http.headers -- << transfer-encoding: chunked
04:37:27.119 [main] DEBUG org.apache.http.headers -- << server: Fly/7328d5b5 (2023-10-27)
04:37:27.119 [main] DEBUG org.apache.http.headers -- << via: 1.1 fly.io
04:37:27.119 [main] DEBUG org.apache.http.headers -- << fly-request-id: 01HE18AC2KDAAQC1VFTJ15SEHR-sin
04:37:27.119 [main] DEBUG org.apache.http.impl.client.DefaultHttpClient -- Connection can be kept alive indefinitely
04:37:27.119 [main] DEBUG org.apache.http.impl.client.DefaultHttpClient -- Authentication required
04:37:27.119 [main] DEBUG org.apache.http.impl.client.DefaultHttpClient -- altashop-api.fly.dev:443 requested authentication
04:37:27.119 [main] DEBUG org.apache.http.impl.client.DefaultHttpClient -- Response contains no authentication challenges
04:37:27.119 [main] DEBUG io.restassured.internal.RestAssuredHttpBuilder -- Parsing response as: application/json
04:37:27.120 [main] DEBUG org.apache.http.wire --  << "31[\r][\n]"
04:37:27.120 [main] DEBUG org.apache.http.wire --  << "[0x1f][0x8b][0x8][0x0][0x0][0x0][0x0][0x0][0x4][0xff][0xab]VJ-*[0xca]/R[0xb2]R*JM[0xce]/JQ[0xc8][0xcb]/QH[0xcb]/[0xcd]KQ[0xaa][0xe5][0x2][0x0]6`[0x14][0x2][0x1d][0x0][0x0][0x0]"
04:37:27.120 [main] DEBUG org.apache.http.wire --  << "[\r][\n]"
04:37:27.120 [main] DEBUG org.apache.http.wire --  << "0[\r][\n]"
04:37:27.120 [main] DEBUG org.apache.http.wire --  << "[\r][\n]"
04:37:27.120 [main] DEBUG io.restassured.internal.RestAssuredHttpBuilder -- Parsed data to instance of: class org.apache.http.conn.EofSensorInputStream
04:37:27.120 [main] DEBUG org.apache.http.impl.conn.BasicClientConnectionManager -- Releasing connection org.apache.http.impl.conn.ManagedClientConnectionImpl@122ea8dc
04:37:27.120 [main] DEBUG org.apache.http.impl.conn.BasicClientConnectionManager -- Connection can be kept alive indefinitely
04:37:27.121 [main] DEBUG net.thucydides.core.steps.StepInterceptor -- STEP DONE: I GET orders HTTP request invalid ID with character alphabet
  &amp#27;[32mWhen &amp#27;[0m&amp#27;[32mI GET orders HTTP request invalid ID with character alphabet&amp#27;[0m                           &amp#27;[90m# starter.stepdefinition.OrdersSteps.getOrdersHTTPRequestWithInvalidIDWithCharacterAlphabet()&amp#27;[0m
04:37:27.123 [main] DEBUG net.thucydides.core.steps.StepInterceptor -- STARTING STEP: OrdersSteps.receiveResponseCode401ForGetOrdersByInvalidIDWithCharacterAlphabet - I receive valid HTTP response 401 for get orders by invalid ID with character alphabet
04:37:27.123 [main] DEBUG net.thucydides.core.steps.StepInterceptor -- STEP DONE: I receive valid HTTP response 401 for get orders by invalid ID with character alphabet
  &amp#27;[32mThen &amp#27;[0m&amp#27;[32mI receive valid HTTP response 401 for get orders by invalid ID with character alphabet&amp#27;[0m &amp#27;[90m# starter.stepdefinition.OrdersSteps.receiveResponseCode401ForGetOrdersByInvalidIDWithCharacterAlphabet()&amp#27;[0m
04:37:27.124 [main] INFO  -- 
  _____   ___   ___   _____     ___     _     ___   ___   ___   ___  
 |_   _| | __| / __| |_   _|   | _ \   /_\   / __| / __| | __| |   \ 
   | |   | _|  \__ \   | |     |  _/  / _ \  \__ \ \__ \ | _|  | |) |
   |_|   |___| |___/   |_|     |_|   /_/ \_\ |___/ |___/ |___| |___/ 

TC64 - Get orders by invalid ID with character alphabet
----------------------------------------------------------------------
]]></system-out>
  </testcase>
  <testcase name="TC24 - Add new products categories" classname="[04_Automation] - Product Categories" time="0.598">
    <system-out><![CDATA[04:37:27.125 [main] INFO io.cucumber.core.plugin.SerenityReporter -- Running feature from file:///D:/TaksAlterra/MiniProject/MiniProject_API/src/test/resources/ProductCategories.feature
04:37:27.125 [main] WARN io.cucumber.core.plugin.SerenityReporter -- Feature from file:///D:/TaksAlterra/MiniProject/MiniProject_API/src/test/resources/ProductCategories.feature is not under the 'features' directory. Requirements report will not be correctly generated!
04:37:27.126 [main] DEBUG net.thucydides.core.steps.StepEventBus -- Test suite started for story net.thucydides.core.model.Story@97399b2e
04:37:27.126 [main] INFO  -- Test Suite Started: [04_Automation] - Product Categories
04:37:27.129 [Finalizer] DEBUG org.apache.http.impl.conn.DefaultClientConnection -- Connection 0.0.0.0:54378<->149.248.193.56:443 closed
04:37:27.131 [Finalizer] DEBUG org.apache.http.impl.conn.DefaultClientConnection -- Connection 0.0.0.0:54379<->149.248.193.56:443 closed
04:37:27.131 [Finalizer] DEBUG org.apache.http.impl.conn.DefaultClientConnection -- Connection 0.0.0.0:54380<->149.248.193.56:443 closed
04:37:27.131 [Finalizer] DEBUG org.apache.http.impl.conn.DefaultClientConnection -- Connection 0.0.0.0:54376<->149.248.193.56:443 closed
04:37:27.131 [Finalizer] DEBUG org.apache.http.impl.conn.DefaultClientConnection -- Connection 0.0.0.0:54377<->149.248.193.56:443 closed

Scenario: TC24 - Add new products categories         &amp#27;[90m# src/test/resources/ProductCategories.feature:3&amp#27;[0m
04:37:27.132 [main] INFO io.cucumber.core.plugin.SerenityReporter -- Running feature from file:///D:/TaksAlterra/MiniProject/MiniProject_API/src/test/resources/ProductCategories.feature
04:37:27.132 [main] WARN io.cucumber.core.plugin.SerenityReporter -- Feature from file:///D:/TaksAlterra/MiniProject/MiniProject_API/src/test/resources/ProductCategories.feature is not under the 'features' directory. Requirements report will not be correctly generated!
04:37:27.132 [main] INFO  -- 
  _____   ___   ___   _____     ___   _____     _     ___   _____   ___   ___  
 |_   _| | __| / __| |_   _|   / __| |_   _|   /_\   | _ \ |_   _| | __| |   \ 
   | |   | _|  \__ \   | |     \__ \   | |    / _ \  |   /   | |   | _|  | |) |
   |_|   |___| |___/   |_|     |___/   |_|   /_/ \_\ |_|_\   |_|   |___| |___/ 

TC24 - Add new products categories([04-automation]---product-categories;tc24---add-new-products-categories)
--------------------------------------------------------------------------------
04:37:27.148 [main] DEBUG net.thucydides.core.steps.StepInterceptor -- STARTING STEP: ProductCategoriesSteps.postProductCategories - I POST create product categories endpoints
04:37:27.149 [main] DEBUG net.thucydides.core.steps.StepInterceptor -- STEP DONE: I POST create product categories endpoints
  &amp#27;[32mGiven &amp#27;[0m&amp#27;[32mI POST create product categories endpoints&amp#27;[0m   &amp#27;[90m# starter.stepdefinition.ProductCategoriesSteps.postProductCategories()&amp#27;[0m
04:37:27.150 [main] DEBUG net.thucydides.core.steps.StepInterceptor -- STARTING STEP: ProductCategoriesSteps.postHTTPRequestProductCategories - I POST HTTP request with valid data
04:37:27.151 [main] DEBUG net.thucydides.core.steps.StepInterceptor -- STARTING STEP: ProductCategories.postHTTPRequestProductCategories - I POST create product categories endpoints
04:37:27.152 [main] DEBUG net.thucydides.core.steps.StepInterceptor -- STEP DONE: I POST create product categories endpoints
04:37:27.156 [main] DEBUG org.apache.http.impl.conn.BasicClientConnectionManager -- Get connection for route {s}->https://altashop-api.fly.dev:443
04:37:27.157 [main] DEBUG org.apache.http.impl.conn.DefaultClientConnectionOperator -- Connecting to altashop-api.fly.dev:443
04:37:27.208 [main] DEBUG org.apache.http.client.protocol.RequestAddCookies -- CookieSpec selected: ignoreCookies
04:37:27.208 [main] DEBUG org.apache.http.client.protocol.RequestAuthCache -- Auth cache not set in the context
04:37:27.208 [main] DEBUG org.apache.http.client.protocol.RequestTargetAuthentication -- Target auth state: UNCHALLENGED
04:37:27.208 [main] DEBUG org.apache.http.client.protocol.RequestProxyAuthentication -- Proxy auth state: UNCHALLENGED
04:37:27.208 [main] DEBUG org.apache.http.impl.client.DefaultHttpClient -- Attempt 1 to execute request
04:37:27.208 [main] DEBUG org.apache.http.impl.conn.DefaultClientConnection -- Sending request: POST /api/categories HTTP/1.1
04:37:27.208 [main] DEBUG org.apache.http.wire --  >> "POST /api/categories HTTP/1.1[\r][\n]"
04:37:27.208 [main] DEBUG org.apache.http.wire --  >> "Accept: */*[\r][\n]"
04:37:27.208 [main] DEBUG org.apache.http.wire --  >> "Content-Type: application/json[\r][\n]"
04:37:27.208 [main] DEBUG org.apache.http.wire --  >> "Content-Length: 53[\r][\n]"
04:37:27.208 [main] DEBUG org.apache.http.wire --  >> "Host: altashop-api.fly.dev[\r][\n]"
04:37:27.208 [main] DEBUG org.apache.http.wire --  >> "Connection: Keep-Alive[\r][\n]"
04:37:27.208 [main] DEBUG org.apache.http.wire --  >> "User-Agent: Apache-HttpClient/4.5.13 (Java/17.0.8)[\r][\n]"
04:37:27.208 [main] DEBUG org.apache.http.wire --  >> "Accept-Encoding: gzip,deflate[\r][\n]"
04:37:27.208 [main] DEBUG org.apache.http.wire --  >> "[\r][\n]"
04:37:27.208 [main] DEBUG org.apache.http.headers -- >> POST /api/categories HTTP/1.1
04:37:27.208 [main] DEBUG org.apache.http.headers -- >> Accept: */*
04:37:27.208 [main] DEBUG org.apache.http.headers -- >> Content-Type: application/json
04:37:27.208 [main] DEBUG org.apache.http.headers -- >> Content-Length: 53
04:37:27.208 [main] DEBUG org.apache.http.headers -- >> Host: altashop-api.fly.dev
04:37:27.208 [main] DEBUG org.apache.http.headers -- >> Connection: Keep-Alive
04:37:27.208 [main] DEBUG org.apache.http.headers -- >> User-Agent: Apache-HttpClient/4.5.13 (Java/17.0.8)
04:37:27.208 [main] DEBUG org.apache.http.headers -- >> Accept-Encoding: gzip,deflate
04:37:27.208 [main] DEBUG org.apache.http.wire --  >> "{"name":"gaming","description":"for gaming purposes"}"
04:37:27.233 [main] DEBUG org.apache.http.wire --  << "HTTP/1.1 200 OK[\r][\n]"
04:37:27.234 [main] DEBUG org.apache.http.wire --  << "content-type: application/json[\r][\n]"
04:37:27.234 [main] DEBUG org.apache.http.wire --  << "date: Mon, 30 Oct 2023 21:37:28 GMT[\r][\n]"
04:37:27.234 [main] DEBUG org.apache.http.wire --  << "content-encoding: gzip[\r][\n]"
04:37:27.234 [main] DEBUG org.apache.http.wire --  << "transfer-encoding: chunked[\r][\n]"
04:37:27.234 [main] DEBUG org.apache.http.wire --  << "server: Fly/7328d5b5 (2023-10-27)[\r][\n]"
04:37:27.234 [main] DEBUG org.apache.http.wire --  << "via: 1.1 fly.io[\r][\n]"
04:37:27.234 [main] DEBUG org.apache.http.wire --  << "fly-request-id: 01HE18AC64FM2R617YW2387D28-sin[\r][\n]"
04:37:27.234 [main] DEBUG org.apache.http.wire --  << "[\r][\n]"
04:37:27.234 [main] DEBUG org.apache.http.impl.conn.DefaultClientConnection -- Receiving response: HTTP/1.1 200 OK
04:37:27.234 [main] DEBUG org.apache.http.headers -- << HTTP/1.1 200 OK
04:37:27.234 [main] DEBUG org.apache.http.headers -- << content-type: application/json
04:37:27.234 [main] DEBUG org.apache.http.headers -- << date: Mon, 30 Oct 2023 21:37:28 GMT
04:37:27.234 [main] DEBUG org.apache.http.headers -- << content-encoding: gzip
04:37:27.234 [main] DEBUG org.apache.http.headers -- << transfer-encoding: chunked
04:37:27.234 [main] DEBUG org.apache.http.headers -- << server: Fly/7328d5b5 (2023-10-27)
04:37:27.234 [main] DEBUG org.apache.http.headers -- << via: 1.1 fly.io
04:37:27.234 [main] DEBUG org.apache.http.headers -- << fly-request-id: 01HE18AC64FM2R617YW2387D28-sin
04:37:27.234 [main] DEBUG org.apache.http.impl.client.DefaultHttpClient -- Connection can be kept alive indefinitely
04:37:27.234 [main] DEBUG io.restassured.internal.RestAssuredHttpBuilder -- Parsing response as: application/json
04:37:27.234 [main] DEBUG org.apache.http.wire --  << "5A[\r][\n]"
04:37:27.234 [main] DEBUG org.apache.http.wire --  << "[0x1f][0x8b][0x8][0x0][0x0][0x0][0x0][0x0][0x4][0xff][0xab]VJI,IT[0xb2][0xaa]V[0xf2]tQ[0xb2]264[0xb6]0[0xd5]Q[0xf2]K[0xcc]MU[0xb2]RJO[0xcc][0xcd][0xcc]KW[0xd2]QrI-N.[0xca],([0xc9][0xcc][0xcf]S[0xb2]RJ[0xcb]/R[0x80]H)[0x14][0x94][0x16][0x15][0xe4][0x17][0xa7][0x16]+[0xd5][0xd6]r[0x1][0x0][0xbd][0xc7]N|J[0x0][0x0][0x0]"
04:37:27.234 [main] DEBUG org.apache.http.wire --  << "[\r][\n]"
04:37:27.234 [main] DEBUG org.apache.http.wire --  << "0[\r][\n]"
04:37:27.234 [main] DEBUG org.apache.http.wire --  << "[\r][\n]"
04:37:27.234 [main] DEBUG io.restassured.internal.RestAssuredHttpBuilder -- Parsed data to instance of: class org.apache.http.conn.EofSensorInputStream
04:37:27.235 [main] DEBUG org.apache.http.impl.conn.BasicClientConnectionManager -- Releasing connection org.apache.http.impl.conn.ManagedClientConnectionImpl@3bac86a3
04:37:27.235 [main] DEBUG org.apache.http.impl.conn.BasicClientConnectionManager -- Connection can be kept alive indefinitely
04:37:27.235 [main] DEBUG net.thucydides.core.steps.StepInterceptor -- STEP DONE: I POST HTTP request with valid data
  &amp#27;[32mWhen &amp#27;[0m&amp#27;[32mI POST HTTP request with valid data&amp#27;[0m           &amp#27;[90m# starter.stepdefinition.ProductCategoriesSteps.postHTTPRequestProductCategories()&amp#27;[0m
04:37:27.237 [main] DEBUG net.thucydides.core.steps.StepInterceptor -- STARTING STEP: ProductCategoriesSteps.receiveResponseProductCategories - I receive response data for product categories
04:37:27.709 [Finalizer] DEBUG org.apache.http.impl.conn.DefaultClientConnection -- Connection 0.0.0.0:54381<->149.248.193.56:443 closed
04:37:27.719 [main] DEBUG net.thucydides.core.steps.StepInterceptor -- STEP DONE: I receive response data for product categories
  &amp#27;[32mAnd &amp#27;[0m&amp#27;[32mI receive response data for product categories&amp#27;[0m &amp#27;[90m# starter.stepdefinition.ProductCategoriesSteps.receiveResponseProductCategories()&amp#27;[0m
04:37:27.722 [main] DEBUG net.thucydides.core.steps.StepInterceptor -- STARTING STEP: ProductCategoriesSteps.receiveResponseCode200ProductCategories - I receive valid HTTP response 200
04:37:27.723 [main] DEBUG net.thucydides.core.steps.StepInterceptor -- STEP DONE: I receive valid HTTP response 200
  &amp#27;[32mThen &amp#27;[0m&amp#27;[32mI receive valid HTTP response 200&amp#27;[0m             &amp#27;[90m# starter.stepdefinition.ProductCategoriesSteps.receiveResponseCode200ProductCategories()&amp#27;[0m
04:37:27.723 [main] INFO  -- 
  _____   ___   ___   _____     ___     _     ___   ___   ___   ___  
 |_   _| | __| / __| |_   _|   | _ \   /_\   / __| / __| | __| |   \ 
   | |   | _|  \__ \   | |     |  _/  / _ \  \__ \ \__ \ | _|  | |) |
   |_|   |___| |___/   |_|     |_|   /_/ \_\ |___/ |___/ |___| |___/ 

TC24 - Add new products categories
----------------------------------------------------------------------
]]></system-out>
  </testcase>
  <testcase name="TC25 - Add new products categories without description data payload" classname="[04_Automation] - Product Categories" time="0.128">
    <system-out><![CDATA[
Scenario: TC25 - Add new products categories without description data payload                    &amp#27;[90m# src/test/resources/ProductCategories.feature:9&amp#27;[0m
04:37:27.729 [main] INFO io.cucumber.core.plugin.SerenityReporter -- Running feature from file:///D:/TaksAlterra/MiniProject/MiniProject_API/src/test/resources/ProductCategories.feature
04:37:27.729 [main] WARN io.cucumber.core.plugin.SerenityReporter -- Feature from file:///D:/TaksAlterra/MiniProject/MiniProject_API/src/test/resources/ProductCategories.feature is not under the 'features' directory. Requirements report will not be correctly generated!
04:37:27.730 [main] INFO  -- 
  _____   ___   ___   _____     ___   _____     _     ___   _____   ___   ___  
 |_   _| | __| / __| |_   _|   / __| |_   _|   /_\   | _ \ |_   _| | __| |   \ 
   | |   | _|  \__ \   | |     \__ \   | |    / _ \  |   /   | |   | _|  | |) |
   |_|   |___| |___/   |_|     |___/   |_|   /_/ \_\ |_|_\   |_|   |___| |___/ 

TC25 - Add new products categories without description data payload([04-automation]---product-categories;tc25---add-new-products-categories-without-description-data-payload)
--------------------------------------------------------------------------------
04:37:27.735 [main] DEBUG net.thucydides.core.steps.StepInterceptor -- STARTING STEP: ProductCategoriesSteps.postCreateProductCategoriesEndpoints2 - I POST create product categories endpoints 2
04:37:27.735 [main] DEBUG net.thucydides.core.steps.StepInterceptor -- STEP DONE: I POST create product categories endpoints 2
  &amp#27;[32mGiven &amp#27;[0m&amp#27;[32mI POST create product categories endpoints 2&amp#27;[0m                                             &amp#27;[90m# starter.stepdefinition.ProductCategoriesSteps.postCreateProductCategoriesEndpoints2()&amp#27;[0m
04:37:27.737 [main] DEBUG net.thucydides.core.steps.StepInterceptor -- STARTING STEP: ProductCategoriesSteps.postHTTPRequestAddNewCategoriesWithoutDescriptionDataPayload - I POST HTTP request add new categories without description data payload
04:37:27.737 [main] DEBUG net.thucydides.core.steps.StepInterceptor -- STARTING STEP: ProductCategories.postHTTPRequestAddNewCategoriesWithoutDescriptionDataPayload - I POST create product categories endpoints 2
04:37:27.739 [main] DEBUG net.thucydides.core.steps.StepInterceptor -- STEP DONE: I POST create product categories endpoints 2
04:37:27.746 [main] DEBUG org.apache.http.impl.conn.BasicClientConnectionManager -- Get connection for route {s}->https://altashop-api.fly.dev:443
04:37:27.747 [main] DEBUG org.apache.http.impl.conn.DefaultClientConnectionOperator -- Connecting to altashop-api.fly.dev:443
04:37:27.796 [main] DEBUG org.apache.http.client.protocol.RequestAddCookies -- CookieSpec selected: ignoreCookies
04:37:27.796 [main] DEBUG org.apache.http.client.protocol.RequestAuthCache -- Auth cache not set in the context
04:37:27.796 [main] DEBUG org.apache.http.client.protocol.RequestTargetAuthentication -- Target auth state: UNCHALLENGED
04:37:27.796 [main] DEBUG org.apache.http.client.protocol.RequestProxyAuthentication -- Proxy auth state: UNCHALLENGED
04:37:27.796 [main] DEBUG org.apache.http.impl.client.DefaultHttpClient -- Attempt 1 to execute request
04:37:27.796 [main] DEBUG org.apache.http.impl.conn.DefaultClientConnection -- Sending request: POST /api/categories HTTP/1.1
04:37:27.796 [main] DEBUG org.apache.http.wire --  >> "POST /api/categories HTTP/1.1[\r][\n]"
04:37:27.796 [main] DEBUG org.apache.http.wire --  >> "Accept: */*[\r][\n]"
04:37:27.796 [main] DEBUG org.apache.http.wire --  >> "Content-Type: application/json[\r][\n]"
04:37:27.796 [main] DEBUG org.apache.http.wire --  >> "Content-Length: 17[\r][\n]"
04:37:27.796 [main] DEBUG org.apache.http.wire --  >> "Host: altashop-api.fly.dev[\r][\n]"
04:37:27.796 [main] DEBUG org.apache.http.wire --  >> "Connection: Keep-Alive[\r][\n]"
04:37:27.796 [main] DEBUG org.apache.http.wire --  >> "User-Agent: Apache-HttpClient/4.5.13 (Java/17.0.8)[\r][\n]"
04:37:27.796 [main] DEBUG org.apache.http.wire --  >> "Accept-Encoding: gzip,deflate[\r][\n]"
04:37:27.796 [main] DEBUG org.apache.http.wire --  >> "[\r][\n]"
04:37:27.796 [main] DEBUG org.apache.http.headers -- >> POST /api/categories HTTP/1.1
04:37:27.796 [main] DEBUG org.apache.http.headers -- >> Accept: */*
04:37:27.796 [main] DEBUG org.apache.http.headers -- >> Content-Type: application/json
04:37:27.796 [main] DEBUG org.apache.http.headers -- >> Content-Length: 17
04:37:27.796 [main] DEBUG org.apache.http.headers -- >> Host: altashop-api.fly.dev
04:37:27.796 [main] DEBUG org.apache.http.headers -- >> Connection: Keep-Alive
04:37:27.796 [main] DEBUG org.apache.http.headers -- >> User-Agent: Apache-HttpClient/4.5.13 (Java/17.0.8)
04:37:27.796 [main] DEBUG org.apache.http.headers -- >> Accept-Encoding: gzip,deflate
04:37:27.796 [main] DEBUG org.apache.http.wire --  >> "{"name":"gaming"}"
04:37:27.833 [main] DEBUG org.apache.http.wire --  << "HTTP/1.1 200 OK[\r][\n]"
04:37:27.833 [main] DEBUG org.apache.http.wire --  << "content-type: application/json[\r][\n]"
04:37:27.833 [main] DEBUG org.apache.http.wire --  << "date: Mon, 30 Oct 2023 21:37:29 GMT[\r][\n]"
04:37:27.833 [main] DEBUG org.apache.http.wire --  << "content-encoding: gzip[\r][\n]"
04:37:27.833 [main] DEBUG org.apache.http.wire --  << "transfer-encoding: chunked[\r][\n]"
04:37:27.833 [main] DEBUG org.apache.http.wire --  << "server: Fly/7328d5b5 (2023-10-27)[\r][\n]"
04:37:27.833 [main] DEBUG org.apache.http.wire --  << "via: 1.1 fly.io[\r][\n]"
04:37:27.833 [main] DEBUG org.apache.http.wire --  << "fly-request-id: 01HE18ACRGVR07GDYA7XWM9PB1-sin[\r][\n]"
04:37:27.833 [main] DEBUG org.apache.http.wire --  << "[\r][\n]"
04:37:27.833 [main] DEBUG org.apache.http.impl.conn.DefaultClientConnection -- Receiving response: HTTP/1.1 200 OK
04:37:27.833 [main] DEBUG org.apache.http.headers -- << HTTP/1.1 200 OK
04:37:27.834 [main] DEBUG org.apache.http.headers -- << content-type: application/json
04:37:27.834 [main] DEBUG org.apache.http.headers -- << date: Mon, 30 Oct 2023 21:37:29 GMT
04:37:27.834 [main] DEBUG org.apache.http.headers -- << content-encoding: gzip
04:37:27.834 [main] DEBUG org.apache.http.headers -- << transfer-encoding: chunked
04:37:27.834 [main] DEBUG org.apache.http.headers -- << server: Fly/7328d5b5 (2023-10-27)
04:37:27.834 [main] DEBUG org.apache.http.headers -- << via: 1.1 fly.io
04:37:27.834 [main] DEBUG org.apache.http.headers -- << fly-request-id: 01HE18ACRGVR07GDYA7XWM9PB1-sin
04:37:27.834 [main] DEBUG org.apache.http.impl.client.DefaultHttpClient -- Connection can be kept alive indefinitely
04:37:27.834 [main] DEBUG io.restassured.internal.RestAssuredHttpBuilder -- Parsing response as: application/json
04:37:27.834 [main] DEBUG org.apache.http.wire --  << "4B[\r][\n]"
04:37:27.834 [main] DEBUG org.apache.http.wire --  << "[0x1f][0x8b][0x8][0x0][0x0][0x0][0x0][0x0][0x4][0xff][0xab]VJI,IT[0xb2][0xaa]V[0xf2]tQ[0xb2]264[0xb6]0[0xd3]Q[0xf2]K[0xcc]MU[0xb2]RJO[0xcc][0xcd][0xcc]KW[0xd2]QrI-N.[0xca],([0xc9][0xcc][0xcf]S[0xb2]RR[0xaa][0xad][0xe5][0x2][0x0]d[0xf1][0xda]47[0x0][0x0][0x0]"
04:37:27.834 [main] DEBUG org.apache.http.wire --  << "[\r][\n]"
04:37:27.834 [main] DEBUG org.apache.http.wire --  << "0[\r][\n]"
04:37:27.834 [main] DEBUG org.apache.http.wire --  << "[\r][\n]"
04:37:27.834 [main] DEBUG io.restassured.internal.RestAssuredHttpBuilder -- Parsed data to instance of: class org.apache.http.conn.EofSensorInputStream
04:37:27.835 [main] DEBUG org.apache.http.impl.conn.BasicClientConnectionManager -- Releasing connection org.apache.http.impl.conn.ManagedClientConnectionImpl@2f2a5064
04:37:27.835 [main] DEBUG org.apache.http.impl.conn.BasicClientConnectionManager -- Connection can be kept alive indefinitely
04:37:27.835 [main] DEBUG net.thucydides.core.steps.StepInterceptor -- STEP DONE: I POST HTTP request add new categories without description data payload
  &amp#27;[32mWhen &amp#27;[0m&amp#27;[32mI POST HTTP request add new categories without description data payload&amp#27;[0m                   &amp#27;[90m# starter.stepdefinition.ProductCategoriesSteps.postHTTPRequestAddNewCategoriesWithoutDescriptionDataPayload()&amp#27;[0m
04:37:27.837 [main] DEBUG net.thucydides.core.steps.StepInterceptor -- STARTING STEP: ProductCategoriesSteps.receiveResponseDataForAddNewCategoriesWithoutDescriptionDataPayload - I receive response data for add new categories without description data payload
04:37:27.847 [main] DEBUG net.thucydides.core.steps.StepInterceptor -- STEP DONE: I receive response data for add new categories without description data payload
  &amp#27;[32mAnd &amp#27;[0m&amp#27;[32mI receive response data for add new categories without description data payload&amp#27;[0m            &amp#27;[90m# starter.stepdefinition.ProductCategoriesSteps.receiveResponseDataForAddNewCategoriesWithoutDescriptionDataPayload()&amp#27;[0m
04:37:27.849 [main] DEBUG net.thucydides.core.steps.StepInterceptor -- STARTING STEP: ProductCategoriesSteps.receiveResponseCode200ForAddNewCategoriesWithoutDescriptionDataPayload - I receive valid HTTP response 200 for add new categories without description data payload
04:37:27.850 [main] DEBUG net.thucydides.core.steps.StepInterceptor -- STEP DONE: I receive valid HTTP response 200 for add new categories without description data payload
  &amp#27;[32mThen &amp#27;[0m&amp#27;[32mI receive valid HTTP response 200 for add new categories without description data payload&amp#27;[0m &amp#27;[90m# starter.stepdefinition.ProductCategoriesSteps.receiveResponseCode200ForAddNewCategoriesWithoutDescriptionDataPayload()&amp#27;[0m
04:37:27.851 [main] INFO  -- 
  _____   ___   ___   _____     ___     _     ___   ___   ___   ___  
 |_   _| | __| / __| |_   _|   | _ \   /_\   / __| / __| | __| |   \ 
   | |   | _|  \__ \   | |     |  _/  / _ \  \__ \ \__ \ | _|  | |) |
   |_|   |___| |___/   |_|     |_|   /_/ \_\ |___/ |___/ |___| |___/ 

TC25 - Add new products categories without description data payload
----------------------------------------------------------------------
]]></system-out>
  </testcase>
  <testcase name="TC26 - Add new products categories without name data payload" classname="[04_Automation] - Product Categories" time="0.117">
    <system-out><![CDATA[
Scenario: TC26 - Add new products categories without name data payload                    &amp#27;[90m# src/test/resources/ProductCategories.feature:15&amp#27;[0m
04:37:27.856 [main] INFO io.cucumber.core.plugin.SerenityReporter -- Running feature from file:///D:/TaksAlterra/MiniProject/MiniProject_API/src/test/resources/ProductCategories.feature
04:37:27.856 [main] WARN io.cucumber.core.plugin.SerenityReporter -- Feature from file:///D:/TaksAlterra/MiniProject/MiniProject_API/src/test/resources/ProductCategories.feature is not under the 'features' directory. Requirements report will not be correctly generated!
04:37:27.857 [main] INFO  -- 
  _____   ___   ___   _____     ___   _____     _     ___   _____   ___   ___  
 |_   _| | __| / __| |_   _|   / __| |_   _|   /_\   | _ \ |_   _| | __| |   \ 
   | |   | _|  \__ \   | |     \__ \   | |    / _ \  |   /   | |   | _|  | |) |
   |_|   |___| |___/   |_|     |___/   |_|   /_/ \_\ |_|_\   |_|   |___| |___/ 

TC26 - Add new products categories without name data payload([04-automation]---product-categories;tc26---add-new-products-categories-without-name-data-payload)
--------------------------------------------------------------------------------
04:37:27.861 [main] DEBUG net.thucydides.core.steps.StepInterceptor -- STARTING STEP: ProductCategoriesSteps.postCreateProductsCategoriesEndpoint3 - I POST create products categories endpoints 3
04:37:27.861 [main] DEBUG net.thucydides.core.steps.StepInterceptor -- STEP DONE: I POST create products categories endpoints 3
  &amp#27;[32mGiven &amp#27;[0m&amp#27;[32mI POST create products categories endpoints 3&amp#27;[0m                                     &amp#27;[90m# starter.stepdefinition.ProductCategoriesSteps.postCreateProductsCategoriesEndpoint3()&amp#27;[0m
04:37:27.863 [main] DEBUG net.thucydides.core.steps.StepInterceptor -- STARTING STEP: ProductCategoriesSteps.postHTTPRequestAddNewCategoriesWithoutNameDataPayload - I POST HTTP request add new categories without name data payload
04:37:27.864 [main] DEBUG net.thucydides.core.steps.StepInterceptor -- STARTING STEP: ProductCategories.postHTTPRequestAddNewCategoriesWithoutNameDataPayload - I POST create products categories endpoints 3
04:37:27.864 [main] DEBUG net.thucydides.core.steps.StepInterceptor -- STEP DONE: I POST create products categories endpoints 3
04:37:27.870 [main] DEBUG org.apache.http.impl.conn.BasicClientConnectionManager -- Get connection for route {s}->https://altashop-api.fly.dev:443
04:37:27.870 [main] DEBUG org.apache.http.impl.conn.DefaultClientConnectionOperator -- Connecting to altashop-api.fly.dev:443
04:37:27.922 [main] DEBUG org.apache.http.client.protocol.RequestAddCookies -- CookieSpec selected: ignoreCookies
04:37:27.922 [main] DEBUG org.apache.http.client.protocol.RequestAuthCache -- Auth cache not set in the context
04:37:27.922 [main] DEBUG org.apache.http.client.protocol.RequestTargetAuthentication -- Target auth state: UNCHALLENGED
04:37:27.922 [main] DEBUG org.apache.http.client.protocol.RequestProxyAuthentication -- Proxy auth state: UNCHALLENGED
04:37:27.922 [main] DEBUG org.apache.http.impl.client.DefaultHttpClient -- Attempt 1 to execute request
04:37:27.922 [main] DEBUG org.apache.http.impl.conn.DefaultClientConnection -- Sending request: POST /api/categories HTTP/1.1
04:37:27.922 [main] DEBUG org.apache.http.wire --  >> "POST /api/categories HTTP/1.1[\r][\n]"
04:37:27.922 [main] DEBUG org.apache.http.wire --  >> "Accept: */*[\r][\n]"
04:37:27.922 [main] DEBUG org.apache.http.wire --  >> "Content-Type: application/json[\r][\n]"
04:37:27.922 [main] DEBUG org.apache.http.wire --  >> "Content-Length: 37[\r][\n]"
04:37:27.922 [main] DEBUG org.apache.http.wire --  >> "Host: altashop-api.fly.dev[\r][\n]"
04:37:27.922 [main] DEBUG org.apache.http.wire --  >> "Connection: Keep-Alive[\r][\n]"
04:37:27.922 [main] DEBUG org.apache.http.wire --  >> "User-Agent: Apache-HttpClient/4.5.13 (Java/17.0.8)[\r][\n]"
04:37:27.922 [main] DEBUG org.apache.http.wire --  >> "Accept-Encoding: gzip,deflate[\r][\n]"
04:37:27.922 [main] DEBUG org.apache.http.wire --  >> "[\r][\n]"
04:37:27.922 [main] DEBUG org.apache.http.headers -- >> POST /api/categories HTTP/1.1
04:37:27.922 [main] DEBUG org.apache.http.headers -- >> Accept: */*
04:37:27.922 [main] DEBUG org.apache.http.headers -- >> Content-Type: application/json
04:37:27.922 [main] DEBUG org.apache.http.headers -- >> Content-Length: 37
04:37:27.922 [main] DEBUG org.apache.http.headers -- >> Host: altashop-api.fly.dev
04:37:27.922 [main] DEBUG org.apache.http.headers -- >> Connection: Keep-Alive
04:37:27.922 [main] DEBUG org.apache.http.headers -- >> User-Agent: Apache-HttpClient/4.5.13 (Java/17.0.8)
04:37:27.922 [main] DEBUG org.apache.http.headers -- >> Accept-Encoding: gzip,deflate
04:37:27.922 [main] DEBUG org.apache.http.wire --  >> "{"description":"for gaming purposes"}"
04:37:27.948 [main] DEBUG org.apache.http.wire --  << "HTTP/1.1 500 Internal Server Error[\r][\n]"
04:37:27.948 [main] DEBUG org.apache.http.wire --  << "content-type: application/json[\r][\n]"
04:37:27.948 [main] DEBUG org.apache.http.wire --  << "date: Mon, 30 Oct 2023 21:37:29 GMT[\r][\n]"
04:37:27.948 [main] DEBUG org.apache.http.wire --  << "content-encoding: gzip[\r][\n]"
04:37:27.948 [main] DEBUG org.apache.http.wire --  << "transfer-encoding: chunked[\r][\n]"
04:37:27.948 [main] DEBUG org.apache.http.wire --  << "server: Fly/7328d5b5 (2023-10-27)[\r][\n]"
04:37:27.948 [main] DEBUG org.apache.http.wire --  << "via: 1.1 fly.io[\r][\n]"
04:37:27.948 [main] DEBUG org.apache.http.wire --  << "fly-request-id: 01HE18ACWEP8RAXDSMZJ00HJ4C-sin[\r][\n]"
04:37:27.948 [main] DEBUG org.apache.http.wire --  << "[\r][\n]"
04:37:27.948 [main] DEBUG org.apache.http.impl.conn.DefaultClientConnection -- Receiving response: HTTP/1.1 500 Internal Server Error
04:37:27.948 [main] DEBUG org.apache.http.headers -- << HTTP/1.1 500 Internal Server Error
04:37:27.948 [main] DEBUG org.apache.http.headers -- << content-type: application/json
04:37:27.948 [main] DEBUG org.apache.http.headers -- << date: Mon, 30 Oct 2023 21:37:29 GMT
04:37:27.948 [main] DEBUG org.apache.http.headers -- << content-encoding: gzip
04:37:27.948 [main] DEBUG org.apache.http.headers -- << transfer-encoding: chunked
04:37:27.948 [main] DEBUG org.apache.http.headers -- << server: Fly/7328d5b5 (2023-10-27)
04:37:27.948 [main] DEBUG org.apache.http.headers -- << via: 1.1 fly.io
04:37:27.948 [main] DEBUG org.apache.http.headers -- << fly-request-id: 01HE18ACWEP8RAXDSMZJ00HJ4C-sin
04:37:27.948 [main] DEBUG org.apache.http.impl.client.DefaultHttpClient -- Connection can be kept alive indefinitely
04:37:27.948 [main] DEBUG io.restassured.internal.RestAssuredHttpBuilder -- Parsing response as: application/json
04:37:27.948 [main] DEBUG org.apache.http.wire --  << "82[\r][\n]"
04:37:27.948 [main] DEBUG org.apache.http.wire --  << "[0x1f][0x8b][0x8][0x0][0x0][0x0][0x0][0x0][0x4][0xff][0xab]VJ-*[0xca]/R[0xb2]Rr[\r][\n]"
04:37:27.948 [main] DEBUG org.apache.http.wire --  << "[0xf2][0xf][0xb2]R[0xc8]K-W([0xca]/WH[0xcb]/R(J[0xcd]I,[0xc9][0xcc][0xcf]S[0x88]QJN,IM[0xcf]/[0xca]L-[0x8e]QR([0xcb][0xcc][0xcf]I,I-VH[0xce]HM[0xce]VH[0xce][0xcf]+.)J[0xcc][0xcc]+AQ[0x18][0x9f][0x97][0x98][0x9b][0x1a][0xf]V[0x12][0xa3][0xa4][0xa0][0x11][0x1c][0xe8][0x13][0x1c][0xe2][0x18][0xe2][0xaa]`dljh[0xa2][0xa9]T[0xcb][0x5][0x0]p%[0xdd]o|[0x0][0x0][0x0]"
04:37:27.948 [main] DEBUG org.apache.http.wire --  << "[\r][\n]"
04:37:27.948 [main] DEBUG org.apache.http.wire --  << "0[\r][\n]"
04:37:27.948 [main] DEBUG org.apache.http.wire --  << "[\r][\n]"
04:37:27.948 [main] DEBUG io.restassured.internal.RestAssuredHttpBuilder -- Parsed data to instance of: class org.apache.http.conn.EofSensorInputStream
04:37:27.950 [main] DEBUG org.apache.http.impl.conn.BasicClientConnectionManager -- Releasing connection org.apache.http.impl.conn.ManagedClientConnectionImpl@2cdcedef
04:37:27.950 [main] DEBUG org.apache.http.impl.conn.BasicClientConnectionManager -- Connection can be kept alive indefinitely
04:37:27.950 [main] DEBUG net.thucydides.core.steps.StepInterceptor -- STEP DONE: I POST HTTP request add new categories without name data payload
  &amp#27;[32mWhen &amp#27;[0m&amp#27;[32mI POST HTTP request add new categories without name data payload&amp#27;[0m                   &amp#27;[90m# starter.stepdefinition.ProductCategoriesSteps.postHTTPRequestAddNewCategoriesWithoutNameDataPayload()&amp#27;[0m
04:37:27.952 [main] DEBUG net.thucydides.core.steps.StepInterceptor -- STARTING STEP: ProductCategoriesSteps.receiveResponseDataForAddNewCategoriesWithoutNameDataPayload - I receive response data for add new categories without name data payload
04:37:27.966 [main] DEBUG net.thucydides.core.steps.StepInterceptor -- STEP DONE: I receive response data for add new categories without name data payload
  &amp#27;[32mAnd &amp#27;[0m&amp#27;[32mI receive response data for add new categories without name data payload&amp#27;[0m            &amp#27;[90m# starter.stepdefinition.ProductCategoriesSteps.receiveResponseDataForAddNewCategoriesWithoutNameDataPayload()&amp#27;[0m
04:37:27.968 [main] DEBUG net.thucydides.core.steps.StepInterceptor -- STARTING STEP: ProductCategoriesSteps.receiveResponseCode500ForAddNewCategoriesWithoutNameDataPayload - I receive valid HTTP response 500 for add new categories without name data payload
04:37:27.968 [main] DEBUG net.thucydides.core.steps.StepInterceptor -- STEP DONE: I receive valid HTTP response 500 for add new categories without name data payload
  &amp#27;[32mThen &amp#27;[0m&amp#27;[32mI receive valid HTTP response 500 for add new categories without name data payload&amp#27;[0m &amp#27;[90m# starter.stepdefinition.ProductCategoriesSteps.receiveResponseCode500ForAddNewCategoriesWithoutNameDataPayload()&amp#27;[0m
04:37:27.969 [main] INFO  -- 
  _____   ___   ___   _____     ___     _     ___   ___   ___   ___  
 |_   _| | __| / __| |_   _|   | _ \   /_\   / __| / __| | __| |   \ 
   | |   | _|  \__ \   | |     |  _/  / _ \  \__ \ \__ \ | _|  | |) |
   |_|   |___| |___/   |_|     |_|   /_/ \_\ |___/ |___/ |___| |___/ 

TC26 - Add new products categories without name data payload
----------------------------------------------------------------------
]]></system-out>
  </testcase>
  <testcase name="TC27 - Add new products categories with invalid payload format" classname="[04_Automation] - Product Categories" time="0.125">
    <system-out><![CDATA[
Scenario: TC27 - Add new products categories with invalid payload format                    &amp#27;[90m# src/test/resources/ProductCategories.feature:21&amp#27;[0m
04:37:27.974 [main] INFO io.cucumber.core.plugin.SerenityReporter -- Running feature from file:///D:/TaksAlterra/MiniProject/MiniProject_API/src/test/resources/ProductCategories.feature
04:37:27.975 [main] WARN io.cucumber.core.plugin.SerenityReporter -- Feature from file:///D:/TaksAlterra/MiniProject/MiniProject_API/src/test/resources/ProductCategories.feature is not under the 'features' directory. Requirements report will not be correctly generated!
04:37:27.975 [main] INFO  -- 
  _____   ___   ___   _____     ___   _____     _     ___   _____   ___   ___  
 |_   _| | __| / __| |_   _|   / __| |_   _|   /_\   | _ \ |_   _| | __| |   \ 
   | |   | _|  \__ \   | |     \__ \   | |    / _ \  |   /   | |   | _|  | |) |
   |_|   |___| |___/   |_|     |___/   |_|   /_/ \_\ |_|_\   |_|   |___| |___/ 

TC27 - Add new products categories with invalid payload format([04-automation]---product-categories;tc27---add-new-products-categories-with-invalid-payload-format)
--------------------------------------------------------------------------------
04:37:27.978 [main] DEBUG net.thucydides.core.steps.StepInterceptor -- STARTING STEP: ProductCategoriesSteps.postCreateProductsCategoriesEndpoints4 - I POST create products categories endpoints 4
04:37:27.978 [main] DEBUG net.thucydides.core.steps.StepInterceptor -- STEP DONE: I POST create products categories endpoints 4
  &amp#27;[32mGiven &amp#27;[0m&amp#27;[32mI POST create products categories endpoints 4&amp#27;[0m                                       &amp#27;[90m# starter.stepdefinition.ProductCategoriesSteps.postCreateProductsCategoriesEndpoints4()&amp#27;[0m
04:37:27.979 [main] DEBUG net.thucydides.core.steps.StepInterceptor -- STARTING STEP: ProductCategoriesSteps.postHTTPRequestAddNewCategoriesWithInvalidPayloadFormat - I POST HTTP request add new categories with invalid payload format
04:37:27.980 [main] DEBUG net.thucydides.core.steps.StepInterceptor -- STARTING STEP: ProductCategories.postHTTPRequestAddNewCategoriesWithInvalidPayloadFormat - I POST create products categories endpoints 4
04:37:27.981 [main] DEBUG net.thucydides.core.steps.StepInterceptor -- STEP DONE: I POST create products categories endpoints 4
04:37:27.984 [main] DEBUG org.apache.http.impl.conn.BasicClientConnectionManager -- Get connection for route {s}->https://altashop-api.fly.dev:443
04:37:27.985 [main] DEBUG org.apache.http.impl.conn.DefaultClientConnectionOperator -- Connecting to altashop-api.fly.dev:443
04:37:28.035 [main] DEBUG org.apache.http.client.protocol.RequestAddCookies -- CookieSpec selected: ignoreCookies
04:37:28.035 [main] DEBUG org.apache.http.client.protocol.RequestAuthCache -- Auth cache not set in the context
04:37:28.035 [main] DEBUG org.apache.http.client.protocol.RequestTargetAuthentication -- Target auth state: UNCHALLENGED
04:37:28.035 [main] DEBUG org.apache.http.client.protocol.RequestProxyAuthentication -- Proxy auth state: UNCHALLENGED
04:37:28.035 [main] DEBUG org.apache.http.impl.client.DefaultHttpClient -- Attempt 1 to execute request
04:37:28.035 [main] DEBUG org.apache.http.impl.conn.DefaultClientConnection -- Sending request: POST /api/categories HTTP/1.1
04:37:28.035 [main] DEBUG org.apache.http.wire --  >> "POST /api/categories HTTP/1.1[\r][\n]"
04:37:28.035 [main] DEBUG org.apache.http.wire --  >> "Accept: */*[\r][\n]"
04:37:28.035 [main] DEBUG org.apache.http.wire --  >> "Content-Type: application/json[\r][\n]"
04:37:28.035 [main] DEBUG org.apache.http.wire --  >> "Content-Length: 51[\r][\n]"
04:37:28.035 [main] DEBUG org.apache.http.wire --  >> "Host: altashop-api.fly.dev[\r][\n]"
04:37:28.035 [main] DEBUG org.apache.http.wire --  >> "Connection: Keep-Alive[\r][\n]"
04:37:28.035 [main] DEBUG org.apache.http.wire --  >> "User-Agent: Apache-HttpClient/4.5.13 (Java/17.0.8)[\r][\n]"
04:37:28.035 [main] DEBUG org.apache.http.wire --  >> "Accept-Encoding: gzip,deflate[\r][\n]"
04:37:28.035 [main] DEBUG org.apache.http.wire --  >> "[\r][\n]"
04:37:28.035 [main] DEBUG org.apache.http.headers -- >> POST /api/categories HTTP/1.1
04:37:28.035 [main] DEBUG org.apache.http.headers -- >> Accept: */*
04:37:28.035 [main] DEBUG org.apache.http.headers -- >> Content-Type: application/json
04:37:28.036 [main] DEBUG org.apache.http.headers -- >> Content-Length: 51
04:37:28.036 [main] DEBUG org.apache.http.headers -- >> Host: altashop-api.fly.dev
04:37:28.036 [main] DEBUG org.apache.http.headers -- >> Connection: Keep-Alive
04:37:28.036 [main] DEBUG org.apache.http.headers -- >> User-Agent: Apache-HttpClient/4.5.13 (Java/17.0.8)
04:37:28.036 [main] DEBUG org.apache.http.headers -- >> Accept-Encoding: gzip,deflate
04:37:28.036 [main] DEBUG org.apache.http.wire --  >> "{"nama":"gaming","deskripsi":"for gaming purposes"}"
04:37:28.064 [main] DEBUG org.apache.http.wire --  << "HTTP/1.1 500 Internal Server Error[\r][\n]"
04:37:28.064 [main] DEBUG org.apache.http.wire --  << "content-type: application/json[\r][\n]"
04:37:28.064 [main] DEBUG org.apache.http.wire --  << "date: Mon, 30 Oct 2023 21:37:29 GMT[\r][\n]"
04:37:28.064 [main] DEBUG org.apache.http.wire --  << "content-encoding: gzip[\r][\n]"
04:37:28.064 [main] DEBUG org.apache.http.wire --  << "transfer-encoding: chunked[\r][\n]"
04:37:28.064 [main] DEBUG org.apache.http.wire --  << "server: Fly/7328d5b5 (2023-10-27)[\r][\n]"
04:37:28.064 [main] DEBUG org.apache.http.wire --  << "via: 1.1 fly.io[\r][\n]"
04:37:28.064 [main] DEBUG org.apache.http.wire --  << "fly-request-id: 01HE18AD01X5GGH3R346PWA83J-sin[\r][\n]"
04:37:28.064 [main] DEBUG org.apache.http.wire --  << "[\r][\n]"
04:37:28.064 [main] DEBUG org.apache.http.impl.conn.DefaultClientConnection -- Receiving response: HTTP/1.1 500 Internal Server Error
04:37:28.064 [main] DEBUG org.apache.http.headers -- << HTTP/1.1 500 Internal Server Error
04:37:28.064 [main] DEBUG org.apache.http.headers -- << content-type: application/json
04:37:28.064 [main] DEBUG org.apache.http.headers -- << date: Mon, 30 Oct 2023 21:37:29 GMT
04:37:28.064 [main] DEBUG org.apache.http.headers -- << content-encoding: gzip
04:37:28.064 [main] DEBUG org.apache.http.headers -- << transfer-encoding: chunked
04:37:28.064 [main] DEBUG org.apache.http.headers -- << server: Fly/7328d5b5 (2023-10-27)
04:37:28.064 [main] DEBUG org.apache.http.headers -- << via: 1.1 fly.io
04:37:28.064 [main] DEBUG org.apache.http.headers -- << fly-request-id: 01HE18AD01X5GGH3R346PWA83J-sin
04:37:28.064 [main] DEBUG org.apache.http.impl.client.DefaultHttpClient -- Connection can be kept alive indefinitely
04:37:28.064 [main] DEBUG io.restassured.internal.RestAssuredHttpBuilder -- Parsing response as: application/json
04:37:28.064 [main] DEBUG org.apache.http.wire --  << "82[\r][\n]"
04:37:28.064 [main] DEBUG org.apache.http.wire --  << "[0x1f][0x8b][0x8][0x0][0x0][0x0][0x0][0x0][0x4][0xff][0xab]VJ-*[0xca]/R[0xb2]Rr[\r][\n]"
04:37:28.064 [main] DEBUG org.apache.http.wire --  << "[0xf2][0xf][0xb2]R[0xc8]K-W([0xca]/WH[0xcb]/R(J[0xcd]I,[0xc9][0xcc][0xcf]S[0x88]QJN,IM[0xcf]/[0xca]L-[0x8e]QR([0xcb][0xcc][0xcf]I,I-VH[0xce]HM[0xce]VH[0xce][0xcf]+.)J[0xcc][0xcc]+AQ[0x18][0x9f][0x97][0x98][0x9b][0x1a][0xf]V[0x12][0xa3][0xa4][0xa0][0x11][0x1c][0xe8][0x13][0x1c][0xe2][0x18][0xe2][0xaa]`dljh[0xa2][0xa9]T[0xcb][0x5][0x0]p%[0xdd]o|[0x0][0x0][0x0]"
04:37:28.064 [main] DEBUG org.apache.http.wire --  << "[\r][\n]"
04:37:28.064 [main] DEBUG org.apache.http.wire --  << "0[\r][\n]"
04:37:28.064 [main] DEBUG org.apache.http.wire --  << "[\r][\n]"
04:37:28.064 [main] DEBUG io.restassured.internal.RestAssuredHttpBuilder -- Parsed data to instance of: class org.apache.http.conn.EofSensorInputStream
04:37:28.065 [main] DEBUG org.apache.http.impl.conn.BasicClientConnectionManager -- Releasing connection org.apache.http.impl.conn.ManagedClientConnectionImpl@52df6d0f
04:37:28.065 [main] DEBUG org.apache.http.impl.conn.BasicClientConnectionManager -- Connection can be kept alive indefinitely
04:37:28.065 [main] DEBUG net.thucydides.core.steps.StepInterceptor -- STEP DONE: I POST HTTP request add new categories with invalid payload format
  &amp#27;[32mWhen &amp#27;[0m&amp#27;[32mI POST HTTP request add new categories with invalid payload format&amp#27;[0m                   &amp#27;[90m# starter.stepdefinition.ProductCategoriesSteps.postHTTPRequestAddNewCategoriesWithInvalidPayloadFormat()&amp#27;[0m
04:37:28.067 [main] DEBUG net.thucydides.core.steps.StepInterceptor -- STARTING STEP: ProductCategoriesSteps.receiveResponseDataForAddNewCategoriesWithInvalidPayloadFormat - I receive response data for add new categories with invalid payload format
04:37:28.091 [main] DEBUG net.thucydides.core.steps.StepInterceptor -- STEP DONE: I receive response data for add new categories with invalid payload format
  &amp#27;[32mAnd &amp#27;[0m&amp#27;[32mI receive response data for add new categories with invalid payload format&amp#27;[0m            &amp#27;[90m# starter.stepdefinition.ProductCategoriesSteps.receiveResponseDataForAddNewCategoriesWithInvalidPayloadFormat()&amp#27;[0m
04:37:28.093 [main] DEBUG net.thucydides.core.steps.StepInterceptor -- STARTING STEP: ProductCategoriesSteps.receiveResponseCode500ForAddNewCategoriesWithInvalidPayloadFormat - I receive valid HTTP response 500 for add new categories with invalid payload format
04:37:28.094 [main] DEBUG net.thucydides.core.steps.StepInterceptor -- STEP DONE: I receive valid HTTP response 500 for add new categories with invalid payload format
  &amp#27;[32mThen &amp#27;[0m&amp#27;[32mI receive valid HTTP response 500 for add new categories with invalid payload format&amp#27;[0m &amp#27;[90m# starter.stepdefinition.ProductCategoriesSteps.receiveResponseCode500ForAddNewCategoriesWithInvalidPayloadFormat()&amp#27;[0m
04:37:28.095 [main] INFO  -- 
  _____   ___   ___   _____     ___     _     ___   ___   ___   ___  
 |_   _| | __| / __| |_   _|   | _ \   /_\   / __| / __| | __| |   \ 
   | |   | _|  \__ \   | |     |  _/  / _ \  \__ \ \__ \ | _|  | |) |
   |_|   |___| |___/   |_|     |_|   /_/ \_\ |___/ |___/ |___| |___/ 

TC27 - Add new products categories with invalid payload format
----------------------------------------------------------------------
]]></system-out>
  </testcase>
  <testcase name="TC28 -  Add new products categories with body parameter is empty" classname="[04_Automation] - Product Categories" time="0.11">
    <system-out><![CDATA[
Scenario: TC28 -  Add new products categories with body parameter is empty                            &amp#27;[90m# src/test/resources/ProductCategories.feature:27&amp#27;[0m
04:37:28.102 [main] INFO io.cucumber.core.plugin.SerenityReporter -- Running feature from file:///D:/TaksAlterra/MiniProject/MiniProject_API/src/test/resources/ProductCategories.feature
04:37:28.102 [main] WARN io.cucumber.core.plugin.SerenityReporter -- Feature from file:///D:/TaksAlterra/MiniProject/MiniProject_API/src/test/resources/ProductCategories.feature is not under the 'features' directory. Requirements report will not be correctly generated!
04:37:28.102 [main] INFO  -- 
  _____   ___   ___   _____     ___   _____     _     ___   _____   ___   ___  
 |_   _| | __| / __| |_   _|   / __| |_   _|   /_\   | _ \ |_   _| | __| |   \ 
   | |   | _|  \__ \   | |     \__ \   | |    / _ \  |   /   | |   | _|  | |) |
   |_|   |___| |___/   |_|     |___/   |_|   /_/ \_\ |_|_\   |_|   |___| |___/ 

TC28 -  Add new products categories with body parameter is empty([04-automation]---product-categories;tc28----add-new-products-categories-with-body-parameter-is-empty)
--------------------------------------------------------------------------------
04:37:28.112 [Finalizer] DEBUG org.apache.http.impl.conn.DefaultClientConnection -- Connection 0.0.0.0:54383<->149.248.193.56:443 closed
04:37:28.112 [Finalizer] DEBUG org.apache.http.impl.conn.DefaultClientConnection -- Connection 0.0.0.0:54382<->149.248.193.56:443 closed
04:37:28.112 [Finalizer] DEBUG org.apache.http.impl.conn.DefaultClientConnection -- Connection 0.0.0.0:54384<->149.248.193.56:443 closed
04:37:28.114 [main] DEBUG net.thucydides.core.steps.StepInterceptor -- STARTING STEP: ProductCategoriesSteps.postAddNewProductsCategoriesEndpoints5 - I POST add new products categories endpoints 5
04:37:28.114 [main] DEBUG net.thucydides.core.steps.StepInterceptor -- STEP DONE: I POST add new products categories endpoints 5
  &amp#27;[32mGiven &amp#27;[0m&amp#27;[32mI POST add new products categories endpoints 5&amp#27;[0m                                                &amp#27;[90m# starter.stepdefinition.ProductCategoriesSteps.postAddNewProductsCategoriesEndpoints5()&amp#27;[0m
04:37:28.116 [main] DEBUG net.thucydides.core.steps.StepInterceptor -- STARTING STEP: ProductCategoriesSteps.postHTTPRequestForAddNewProductsCategoriesWithBodyParameterIsEmpty - I POST HTTP request for add new products categories with body parameter is empty
04:37:28.117 [main] DEBUG net.thucydides.core.steps.StepInterceptor -- STARTING STEP: ProductCategories.postHTTPRequestForAddNewProductsCategoriesWithBodyParameterIsEmpty - I POST add new products categories endpoints 5
04:37:28.117 [main] DEBUG net.thucydides.core.steps.StepInterceptor -- STEP DONE: I POST add new products categories endpoints 5
04:37:28.121 [main] DEBUG org.apache.http.impl.conn.BasicClientConnectionManager -- Get connection for route {s}->https://altashop-api.fly.dev:443
04:37:28.121 [main] DEBUG org.apache.http.impl.conn.DefaultClientConnectionOperator -- Connecting to altashop-api.fly.dev:443
04:37:28.174 [main] DEBUG org.apache.http.client.protocol.RequestAddCookies -- CookieSpec selected: ignoreCookies
04:37:28.174 [main] DEBUG org.apache.http.client.protocol.RequestAuthCache -- Auth cache not set in the context
04:37:28.174 [main] DEBUG org.apache.http.client.protocol.RequestTargetAuthentication -- Target auth state: UNCHALLENGED
04:37:28.174 [main] DEBUG org.apache.http.client.protocol.RequestProxyAuthentication -- Proxy auth state: UNCHALLENGED
04:37:28.174 [main] DEBUG org.apache.http.impl.client.DefaultHttpClient -- Attempt 1 to execute request
04:37:28.174 [main] DEBUG org.apache.http.impl.conn.DefaultClientConnection -- Sending request: POST /api/categories HTTP/1.1
04:37:28.174 [main] DEBUG org.apache.http.wire --  >> "POST /api/categories HTTP/1.1[\r][\n]"
04:37:28.174 [main] DEBUG org.apache.http.wire --  >> "Accept: */*[\r][\n]"
04:37:28.174 [main] DEBUG org.apache.http.wire --  >> "Content-Type: application/json[\r][\n]"
04:37:28.174 [main] DEBUG org.apache.http.wire --  >> "Content-Length: 28[\r][\n]"
04:37:28.174 [main] DEBUG org.apache.http.wire --  >> "Host: altashop-api.fly.dev[\r][\n]"
04:37:28.174 [main] DEBUG org.apache.http.wire --  >> "Connection: Keep-Alive[\r][\n]"
04:37:28.174 [main] DEBUG org.apache.http.wire --  >> "User-Agent: Apache-HttpClient/4.5.13 (Java/17.0.8)[\r][\n]"
04:37:28.174 [main] DEBUG org.apache.http.wire --  >> "Accept-Encoding: gzip,deflate[\r][\n]"
04:37:28.174 [main] DEBUG org.apache.http.wire --  >> "[\r][\n]"
04:37:28.174 [main] DEBUG org.apache.http.headers -- >> POST /api/categories HTTP/1.1
04:37:28.174 [main] DEBUG org.apache.http.headers -- >> Accept: */*
04:37:28.174 [main] DEBUG org.apache.http.headers -- >> Content-Type: application/json
04:37:28.174 [main] DEBUG org.apache.http.headers -- >> Content-Length: 28
04:37:28.174 [main] DEBUG org.apache.http.headers -- >> Host: altashop-api.fly.dev
04:37:28.174 [main] DEBUG org.apache.http.headers -- >> Connection: Keep-Alive
04:37:28.174 [main] DEBUG org.apache.http.headers -- >> User-Agent: Apache-HttpClient/4.5.13 (Java/17.0.8)
04:37:28.174 [main] DEBUG org.apache.http.headers -- >> Accept-Encoding: gzip,deflate
04:37:28.174 [main] DEBUG org.apache.http.wire --  >> "{"name":"","description":""}"
04:37:28.200 [main] DEBUG org.apache.http.wire --  << "HTTP/1.1 500 Internal Server Error[\r][\n]"
04:37:28.200 [main] DEBUG org.apache.http.wire --  << "content-type: application/json[\r][\n]"
04:37:28.200 [main] DEBUG org.apache.http.wire --  << "date: Mon, 30 Oct 2023 21:37:29 GMT[\r][\n]"
04:37:28.200 [main] DEBUG org.apache.http.wire --  << "content-encoding: gzip[\r][\n]"
04:37:28.200 [main] DEBUG org.apache.http.wire --  << "transfer-encoding: chunked[\r][\n]"
04:37:28.200 [main] DEBUG org.apache.http.wire --  << "server: Fly/7328d5b5 (2023-10-27)[\r][\n]"
04:37:28.200 [main] DEBUG org.apache.http.wire --  << "via: 1.1 fly.io[\r][\n]"
04:37:28.200 [main] DEBUG org.apache.http.wire --  << "fly-request-id: 01HE18AD4AG8N8HW156521M0JA-sin[\r][\n]"
04:37:28.200 [main] DEBUG org.apache.http.wire --  << "[\r][\n]"
04:37:28.200 [main] DEBUG org.apache.http.impl.conn.DefaultClientConnection -- Receiving response: HTTP/1.1 500 Internal Server Error
04:37:28.200 [main] DEBUG org.apache.http.headers -- << HTTP/1.1 500 Internal Server Error
04:37:28.200 [main] DEBUG org.apache.http.headers -- << content-type: application/json
04:37:28.200 [main] DEBUG org.apache.http.headers -- << date: Mon, 30 Oct 2023 21:37:29 GMT
04:37:28.200 [main] DEBUG org.apache.http.headers -- << content-encoding: gzip
04:37:28.200 [main] DEBUG org.apache.http.headers -- << transfer-encoding: chunked
04:37:28.200 [main] DEBUG org.apache.http.headers -- << server: Fly/7328d5b5 (2023-10-27)
04:37:28.200 [main] DEBUG org.apache.http.headers -- << via: 1.1 fly.io
04:37:28.200 [main] DEBUG org.apache.http.headers -- << fly-request-id: 01HE18AD4AG8N8HW156521M0JA-sin
04:37:28.200 [main] DEBUG org.apache.http.impl.client.DefaultHttpClient -- Connection can be kept alive indefinitely
04:37:28.201 [main] DEBUG io.restassured.internal.RestAssuredHttpBuilder -- Parsing response as: application/json
04:37:28.201 [main] DEBUG org.apache.http.wire --  << "82[\r][\n]"
04:37:28.201 [main] DEBUG org.apache.http.wire --  << "[0x1f][0x8b][0x8][0x0][0x0][0x0][0x0][0x0][0x4][0xff][0xab]VJ-*[0xca]/R[0xb2]Rr[\r][\n]"
04:37:28.201 [main] DEBUG org.apache.http.wire --  << "[0xf2][0xf][0xb2]R[0xc8]K-W([0xca]/WH[0xcb]/R(J[0xcd]I,[0xc9][0xcc][0xcf]S[0x88]QJN,IM[0xcf]/[0xca]L-[0x8e]QR([0xcb][0xcc][0xcf]I,I-VH[0xce]HM[0xce]VH[0xce][0xcf]+.)J[0xcc][0xcc]+AQ[0x18][0x9f][0x97][0x98][0x9b][0x1a][0xf]V[0x12][0xa3][0xa4][0xa0][0x11][0x1c][0xe8][0x13][0x1c][0xe2][0x18][0xe2][0xaa]`dljh[0xa2][0xa9]T[0xcb][0x5][0x0]p%[0xdd]o|[0x0][0x0][0x0]"
04:37:28.201 [main] DEBUG org.apache.http.wire --  << "[\r][\n]"
04:37:28.201 [main] DEBUG org.apache.http.wire --  << "0[\r][\n]"
04:37:28.201 [main] DEBUG org.apache.http.wire --  << "[\r][\n]"
04:37:28.201 [main] DEBUG io.restassured.internal.RestAssuredHttpBuilder -- Parsed data to instance of: class org.apache.http.conn.EofSensorInputStream
04:37:28.201 [main] DEBUG org.apache.http.impl.conn.BasicClientConnectionManager -- Releasing connection org.apache.http.impl.conn.ManagedClientConnectionImpl@75ff2b6d
04:37:28.201 [main] DEBUG org.apache.http.impl.conn.BasicClientConnectionManager -- Connection can be kept alive indefinitely
04:37:28.202 [main] DEBUG net.thucydides.core.steps.StepInterceptor -- STEP DONE: I POST HTTP request for add new products categories with body parameter is empty
  &amp#27;[32mWhen &amp#27;[0m&amp#27;[32mI POST HTTP request for add new products categories with body parameter is empty&amp#27;[0m               &amp#27;[90m# starter.stepdefinition.ProductCategoriesSteps.postHTTPRequestForAddNewProductsCategoriesWithBodyParameterIsEmpty()&amp#27;[0m
04:37:28.203 [main] DEBUG net.thucydides.core.steps.StepInterceptor -- STARTING STEP: ProductCategoriesSteps.receiveResponseCode500ForAddNewProductsCategoriesWithBodyParameterIsEmpty - I receive valid HTTP response 500 for add new products categories with body parameter is empty
04:37:28.204 [main] DEBUG net.thucydides.core.steps.StepInterceptor -- STEP DONE: I receive valid HTTP response 500 for add new products categories with body parameter is empty
  &amp#27;[32mThen &amp#27;[0m&amp#27;[32mI receive valid HTTP response 500 for add new products categories with body parameter is empty&amp#27;[0m &amp#27;[90m# starter.stepdefinition.ProductCategoriesSteps.receiveResponseCode500ForAddNewProductsCategoriesWithBodyParameterIsEmpty()&amp#27;[0m
04:37:28.205 [main] INFO  -- 
  _____   ___   ___   _____     ___     _     ___   ___   ___   ___  
 |_   _| | __| / __| |_   _|   | _ \   /_\   / __| / __| | __| |   \ 
   | |   | _|  \__ \   | |     |  _/  / _ \  \__ \ \__ \ | _|  | |) |
   |_|   |___| |___/   |_|     |_|   /_/ \_\ |___/ |___/ |___| |___/ 

TC28 -  Add new products categories with body parameter is empty
----------------------------------------------------------------------
]]></system-out>
  </testcase>
  <testcase name="TC29 - Get all products categories" classname="[04_Automation] - Product Categories" time="0.139">
    <system-out><![CDATA[
Scenario: TC29 - Get all products categories                             &amp#27;[90m# src/test/resources/ProductCategories.feature:32&amp#27;[0m
04:37:28.209 [main] INFO io.cucumber.core.plugin.SerenityReporter -- Running feature from file:///D:/TaksAlterra/MiniProject/MiniProject_API/src/test/resources/ProductCategories.feature
04:37:28.209 [main] WARN io.cucumber.core.plugin.SerenityReporter -- Feature from file:///D:/TaksAlterra/MiniProject/MiniProject_API/src/test/resources/ProductCategories.feature is not under the 'features' directory. Requirements report will not be correctly generated!
04:37:28.210 [main] INFO  -- 
  _____   ___   ___   _____     ___   _____     _     ___   _____   ___   ___  
 |_   _| | __| / __| |_   _|   / __| |_   _|   /_\   | _ \ |_   _| | __| |   \ 
   | |   | _|  \__ \   | |     \__ \   | |    / _ \  |   /   | |   | _|  | |) |
   |_|   |___| |___/   |_|     |___/   |_|   /_/ \_\ |_|_\   |_|   |___| |___/ 

TC29 - Get all products categories([04-automation]---product-categories;tc29---get-all-products-categories)
--------------------------------------------------------------------------------
04:37:28.215 [main] DEBUG net.thucydides.core.steps.StepInterceptor -- STARTING STEP: ProductCategoriesSteps.getAllProductsCategoriesEndponts - I GET all products categories endpoint
04:37:28.215 [main] DEBUG net.thucydides.core.steps.StepInterceptor -- STEP DONE: I GET all products categories endpoint
  &amp#27;[32mGiven &amp#27;[0m&amp#27;[32mI GET all products categories endpoints&amp#27;[0m                          &amp#27;[90m# starter.stepdefinition.ProductCategoriesSteps.getAllProductsCategoriesEndponts()&amp#27;[0m
04:37:28.217 [main] DEBUG net.thucydides.core.steps.StepInterceptor -- STARTING STEP: ProductCategoriesSteps.getHTTPRequestWithAllProductsCategories - I GET HTTP request with valid endpoints all products categories
04:37:28.218 [main] DEBUG net.thucydides.core.steps.StepInterceptor -- STARTING STEP: ProductCategories.getHTTPRequestWithAllProductsCategories - I GET all products categories endpoint
04:37:28.218 [main] DEBUG net.thucydides.core.steps.StepInterceptor -- STEP DONE: I GET all products categories endpoint
04:37:28.222 [main] DEBUG org.apache.http.impl.conn.BasicClientConnectionManager -- Get connection for route {s}->https://altashop-api.fly.dev:443
04:37:28.222 [main] DEBUG org.apache.http.impl.conn.DefaultClientConnectionOperator -- Connecting to altashop-api.fly.dev:443
04:37:28.276 [main] DEBUG org.apache.http.client.protocol.RequestAddCookies -- CookieSpec selected: ignoreCookies
04:37:28.277 [main] DEBUG org.apache.http.client.protocol.RequestAuthCache -- Auth cache not set in the context
04:37:28.277 [main] DEBUG org.apache.http.client.protocol.RequestTargetAuthentication -- Target auth state: UNCHALLENGED
04:37:28.277 [main] DEBUG org.apache.http.client.protocol.RequestProxyAuthentication -- Proxy auth state: UNCHALLENGED
04:37:28.277 [main] DEBUG org.apache.http.impl.client.DefaultHttpClient -- Attempt 1 to execute request
04:37:28.277 [main] DEBUG org.apache.http.impl.conn.DefaultClientConnection -- Sending request: GET /api/categories HTTP/1.1
04:37:28.277 [main] DEBUG org.apache.http.wire --  >> "GET /api/categories HTTP/1.1[\r][\n]"
04:37:28.277 [main] DEBUG org.apache.http.wire --  >> "Accept: */*[\r][\n]"
04:37:28.277 [main] DEBUG org.apache.http.wire --  >> "Host: altashop-api.fly.dev[\r][\n]"
04:37:28.277 [main] DEBUG org.apache.http.wire --  >> "Connection: Keep-Alive[\r][\n]"
04:37:28.277 [main] DEBUG org.apache.http.wire --  >> "User-Agent: Apache-HttpClient/4.5.13 (Java/17.0.8)[\r][\n]"
04:37:28.277 [main] DEBUG org.apache.http.wire --  >> "Accept-Encoding: gzip,deflate[\r][\n]"
04:37:28.277 [main] DEBUG org.apache.http.wire --  >> "[\r][\n]"
04:37:28.277 [main] DEBUG org.apache.http.headers -- >> GET /api/categories HTTP/1.1
04:37:28.277 [main] DEBUG org.apache.http.headers -- >> Accept: */*
04:37:28.277 [main] DEBUG org.apache.http.headers -- >> Host: altashop-api.fly.dev
04:37:28.277 [main] DEBUG org.apache.http.headers -- >> Connection: Keep-Alive
04:37:28.277 [main] DEBUG org.apache.http.headers -- >> User-Agent: Apache-HttpClient/4.5.13 (Java/17.0.8)
04:37:28.277 [main] DEBUG org.apache.http.headers -- >> Accept-Encoding: gzip,deflate
04:37:28.316 [main] DEBUG org.apache.http.wire --  << "HTTP/1.1 200 OK[\r][\n]"
04:37:28.316 [main] DEBUG org.apache.http.wire --  << "content-type: application/json[\r][\n]"
04:37:28.316 [main] DEBUG org.apache.http.wire --  << "date: Mon, 30 Oct 2023 21:37:29 GMT[\r][\n]"
04:37:28.316 [main] DEBUG org.apache.http.wire --  << "transfer-encoding: chunked[\r][\n]"
04:37:28.316 [main] DEBUG org.apache.http.wire --  << "content-encoding: gzip[\r][\n]"
04:37:28.316 [main] DEBUG org.apache.http.wire --  << "server: Fly/7328d5b5 (2023-10-27)[\r][\n]"
04:37:28.316 [main] DEBUG org.apache.http.wire --  << "via: 1.1 fly.io[\r][\n]"
04:37:28.316 [main] DEBUG org.apache.http.wire --  << "fly-request-id: 01HE18AD7HN0MD5JG5CDNEM0BY-sin[\r][\n]"
04:37:28.316 [main] DEBUG org.apache.http.wire --  << "[\r][\n]"
04:37:28.316 [main] DEBUG org.apache.http.impl.conn.DefaultClientConnection -- Receiving response: HTTP/1.1 200 OK
04:37:28.316 [main] DEBUG org.apache.http.headers -- << HTTP/1.1 200 OK
04:37:28.316 [main] DEBUG org.apache.http.headers -- << content-type: application/json
04:37:28.316 [main] DEBUG org.apache.http.headers -- << date: Mon, 30 Oct 2023 21:37:29 GMT
04:37:28.316 [main] DEBUG org.apache.http.headers -- << transfer-encoding: chunked
04:37:28.316 [main] DEBUG org.apache.http.headers -- << content-encoding: gzip
04:37:28.316 [main] DEBUG org.apache.http.headers -- << server: Fly/7328d5b5 (2023-10-27)
04:37:28.316 [main] DEBUG org.apache.http.headers -- << via: 1.1 fly.io
04:37:28.316 [main] DEBUG org.apache.http.headers -- << fly-request-id: 01HE18AD7HN0MD5JG5CDNEM0BY-sin
04:37:28.317 [main] DEBUG org.apache.http.impl.client.DefaultHttpClient -- Connection can be kept alive indefinitely
04:37:28.317 [main] DEBUG io.restassured.internal.RestAssuredHttpBuilder -- Parsing response as: application/json
04:37:28.317 [main] DEBUG org.apache.http.wire --  << "9F[\r][\n]"
04:37:28.317 [main] DEBUG org.apache.http.wire --  << "[0x1f][0x8b][0x8][0x0][0x0][0x0][0x0][0x0][0x4][0xff][0xaa]VJI,IT[0xb2][0x8a][0xae]V[0xf2]tQ[0xb2]26460[0xd6]Q[0xf2]K[0xcc]MU[0xb2]RJO[0xcc][0xcd][0xcc]KW[0xd2]QrI-N.[0xca],([0xc9][0xcc][0xcf]S[0xb2]RJ[0xcb]/R[0x80]H)[0x14][0x94][0x16][0x15][0xe4][0x17][0xa7][0x16]+[0xd5][0xea]@[0xc]0[0xb2]472[0xa2][0xd4][0x0]SJ[\r]0[0xa3][0xd4][0x0]sJ[\r][0xb0][0xa0][0xd4][0x0]K[\n]"
04:37:28.317 [main] DEBUG org.apache.http.wire --  << "[\r]06[0xa0][0xd4][0x0]CJ[\r][0xa0]4![0x19]S[0x9a][0xe][0x8c])M[0x7][0xc6][0x94][0xa6][0x3]cJ[0xd3][0x81]1[0xa5][0xe9][0xc0][0x84][0xd2]t`Bi:0[0xa1][0xb4]<0!7![0x1][0x0][0x0][0x0][0xff][0xff]"
04:37:28.317 [main] DEBUG org.apache.http.wire --  << "[\r][\n]"
04:37:28.317 [main] DEBUG org.apache.http.wire --  << "2D2[\r][\n]"
04:37:28.317 [main] DEBUG org.apache.http.wire --  << "[0x2][0x17]iF[0x96][0xe6]&&[0x14]&e[0x13]JS[0xa2][0x9][0xa5])[0xd1][0x84][0xd2][0x94]hBiJ4[0xa1]4%[0x9a]R[0x9a][0x90]L)MH[0xa6][0x88][0x84][0xe4][0x97][0xf][0xad][0xc2]0j[0xb7][0xbc][0xfc][0x12][0x5]P[\r][0x87][0xad]j3[0xa5]4![0x99]R[0x9a][0x90]L)MH[0xa6][0x94]&$SJ[0x13][0x92])[0xa5][0x9][0xc9][0x8c][0xd2]"[0xcd][0x8c][0xd2][0x94]hFiJ4[0xa3]4%[0x9a]Q[0x9a][0x12][0xcd](MHf[0x94]&$3J[0x13][0x92][0x19][0xa5][0x9][0xc9][0x9c][0xd2][0x84]dNiB2[0xa7]4![0x99]#[0x12][0x12][0xa4]I[0x8e]Q[0x9e][0x81][0xca]2[0x88][0x14][0xd6][0xd6][0xba]9[0xa5][0x9][0xc9][0x9c][0xd2]"[0xcd][0x9c][0xd2][0x94]hNiJ4[0xa7]4%[0x9a]S[0x9a][0x12]-(M[0x89][0x16][0x94][0xa6]D[0xb]JS[0xa2][0x5][0xa5])[0xd1][0x82][0xd2][0x94]hAiJ[0xb4][0xa0]4!YP[0x9a][0x90],(MH[0x96][0x94][0xa6][0x3]KJ[0xd3][0x81]%[0xa5][0xe9][0xc0][0x92][0xd2]t`Ii:[0xb0][0xa4][0xb4]D[0xb2][0xa4]4!YR[0x9a][0x90],)LH[0x16][0x6][0x14][0xa6][0x3][0xb][0x3][\n]"
04:37:28.317 [main] DEBUG org.apache.http.wire --  << "[0xa3][0xd1][0xc2][0x80][0xc2]X[0xb0]0[0xa0]0[0x10]-[0xc]([\r]DC[\n]"
04:37:28.317 [main] DEBUG org.apache.http.wire --  << "[0x8b]u[0xb]C[\n]"
04:37:28.317 [main] DEBUG org.apache.http.wire --  << "[0xb3][0xb3][0x85]![0x85][0xb9][0xd1][0xc2][0x90][0xd2]h4[0xa4]07Z[0x18]R[0x9a][0xe][0xc])[0xcc][0x8d][0x16][0x86][0x14][0xa5][0x3][0xd0][0x98]*Ea[0x0]2[0x0][0xe1][0x82][0xe4][0xfc][0xfc]ll[0xa3][0xb2][0xf0]!XcCc[0xa4]t[0x97][0xc][0x2][0xf9] [0x0]b$[0x83][0x18][0xf9]d[0xb2][0xb0]6-[0xa1][0xce][0xc1]l[[0x82][0x9c][0x81]H[0xbd]Pe[0x18]F[0x90][0xe9][0x14],[0xde]@[0xf1]?[0xa2][0xf0][0xc2]e1[0xa8]Y[0xc][0x95][0xc3][0xee]vD[0x94]A[0x95]a[0xb8][0x1d][0xc5]FD"[0xa5][0x9e][0x97][0x92]1[0xac]$[0xe8]jDR[0xc7][0xe5]j[0xea]9[0xf][0xc5][0xff][0x88][0xb2][0x16][0x97][0xc5][0x84][0xdc]nD8[0xb5] [0xdb][0x88]4[0xcd]@=/[0x91][0x1e][0xe2]F[0x88][0x2][0x16][0x97][0xc7][0xa9][0xe7]<[0x14][0xff]#[\n]"
04:37:28.317 [main] DEBUG org.apache.http.wire --  << "f\[0x16][0x13][0xc]q[0xc2][0xa9][0x5][0xc5]F[0xa4]8[0x6][0xf9][0x9]K&$[0xa3]|!9[0x8d][0x1b][0x11].[0xb]A[0xae]#[0xc3])X<[0x84][0xec][0xa4])[0x15]rC[0xdc][0x98]pjA[0xb1][0x11])[0x8e]A~[0xc2][0xe2]@2[0xbc]Ir[0x88]#M[0xc4][0xe0][0xf2]8[0xc8]ud8[0x5][0x8b][0x87]P[0xfc][0x8f]T[0xaa][0xe2][0xa8][0xf6][0x8][0xa5]q[0xa4][0x9][0x14]\nG[0xb6][0x11]i[0xba][0x84]z^"[0xbd]TA[0x9a]t[0xc1][0xe5]j[0xea]9[0xf][0xc5][0xff][0x94][0xd7][0x9c]Hs[0x1d][0xd4]s#[0x19]AH[0xb8]p[0xa3][0x9e][0xf3]P[0x82][0x10][0xa9][0x98]$3[0xd1]"MT@[0x86][0xee][0xb0]fY[0x88][0x14][0xd6][0xd6][0xb][0xe1]y[0x86][0xb0][0xc4][0x9c][0xfc][0xa2][0xc4][0xbc][0x12][0x85][0xcc][0x92]R[0xd0]TH[0xaa]BIjQRbf6[0xb2]W[0x8]O[0x16][0x10]e[0xc][0xa5][0x83][0xd5][0x16]F[0x94][0xf6][0xa3][0x90][0xda][0x16][0x90]P#)@[0x8d],-[0x90]Z[0x1b]d[0x1a][0x80]([0xf9][0xc9]4[0x0]Q[0x17][0x90]i[0x0][0xa2]EK[0xa6][0x1][0x88][0xd2][0x98]L[0x3][0x10]Y[0x92]L[0x3][0x10]Y[0x8b]L[0x3][0x10]m[0x7][0xf2][0xc]@j[0x3][0x90]i[0x0][0xa2][0x95]K[0xa6][0x1][0x88][0x12][0x9a]L[0x3](M[0x89][0xc6][0x94][0xa6]D[0xa4][0xf6][0x4][0x99]^ .%[0x2][0x0][0x0][0x0][0xff][0xff]"
04:37:28.317 [main] DEBUG org.apache.http.wire --  << "[\r][\n]"
04:37:28.317 [main] DEBUG org.apache.http.wire --  << "5CD[\r][\n]"
04:37:28.317 [main] DEBUG org.apache.http.wire --  << "[0x2]/_[0xc2],[0x1f][0x8d],-(][0xd8]aA[0xe9][0xc2][0xe][0xb][0xa4]v[0x9][0xc4][0x9d][0xa4][0x96]HH-[0x15]2[\r][0xa0](%[0x1a][0x1b][0x1a]#[0xad][0x8a][0xc0][0xd5]H[0x81]W&F[0x96][0x16][0x94].[0xe3][0xb0][0xa0]t[0x9][0x83][0x85])[0xa5][0xd5][0x8][0xa5]K[0x18],(][0xc2]`[0x81]4qL^[0xac]S\[0x17][0x9b]QZ[0x8d]P:[0xf3]lA[0xe9][0xcc][0xb3][0x5][0xa5]3[0xcf][0x16][0x94][0xce]<[P:[0xf3]lA[0xe9][0xcc][0xb3][0x5][0xa5]3[0xcf][0x16][0x94][0xce]<[P:[0xf3]lA[0xe9][0xcc][0xb3][0x5][0xa5]3[0xcf][0x16][0x94][0xce]<[P:[0xf3]lA[0xe9][0xcc][0xb3][0x5][0xa5]3[0xcf][0x16][0x94][0xce][0xfb]ZP:[0xef]kaAik[0x80][0xd2]y_[0xb]J[0xe7]}-([0x9d][0xf7][0xb5][0xb0][0xa4][0xb4]j[0xa3]t[0xe2][0xd8][0x82][0xd2][0x89]c[0xb]J'[0x8e]-([0x9d]8[0xb6][0xa0]t[0xe2][0xd8][0x82][0xd2][0x89]c[0xb]J'[0x8e]-([0x9d]8[0xb6][0xa0]t[0xe2][0xd8][0xd2][0x80][0xc2][0x94]hI[0xe9][0xcc][0xb3]%[0xa5][0x9d]}KJ;[0xfb][0x96]H[0x93][0x2]d[0xb5][0xd2],[0x8d]([0xec]bY[0x1a]QX&Z[0x1a]Q[0xd8]W[0xb7]4[0xa2][0xb0][0xaf]n[0x89]4[0xce]O^ R[0xda]W[0xb7]4[0xa6][0xa8][0x87]ddiiLa_[0xdd][0x12]i[0xbe][0x80][0xcc]0@$[0xa4][0x92][0xd4][0xe2][0x12][0x12];[0x99][0x96]H;([0xb0]jG[0xea][0xdf]YR[0xda][0xa7][0xb6][0xa4][0xb4]OmIi[0x97][0xd8][0x12]i[0xd8][0x9d][0xbc][0xe0][0xa6]t[0xaf][0x83]%[0xa5][0x9d]dKJ[0xf7]:X"[0xf5][0xea][0xc9][0xc][0x3]J[0x8b][0x1e]J[0xf7]:XR:P`I[0xe9]^[0x7]K[0xc2][0x3][0xe7][0xa0]y+H[0xf8]b[0x1b][0xa0][0xb2][0xa4]t[0x95][0xbd]%[0xa5][0xab][0xec]-)]eoI[0xe9]*{KJW[0xd9][R:XbI[0xe9]`[0x89]%[0xa5][0x83]%[0x96][0x94][0xe][0x96]XR:XbI[0xe9]`[0x89]%[0xa5][0x83]%[0x96][0x94][0xe][0x96]XR:XbI[0xe9]`[0x89]%[0xa5][0x83]%[0x96][0x94][0xe][0x96]XR:XbI[0xe9]`[0x89]%[0xa5][0x83]%[0x96][0x94][0xe][0x96]XR:XbI[0xe9]`[0x89]%[0xa5][0xcb][0xf4]-)][0xa6]oI[0xe9]"yKJG[,)[0x1d]m[0xb1][0xa4]t[0xb4][0xc5][0x92][0xd2][0xd1][0x16]KJG[0x1a],)[0x1d]i[0xb0][0xa4]t[0xa4][0xc1][0x92][0xd2][0x91][0x6]KJG[0x1a],)[0x1b]i[0x0][0xcd]?Q4[0x99]kl``@Q[0xff][0xe]d[0x0][0xa2][0xe7][0x9b][0x98][0x9b]H[0xe2]Y[0x9] [0x3][0x10][0xdd]32[\r][0xa0][0xa8][0x9b][0xe]r[0x1][0xa2][0x9b]N[0x9e][0xb][0x90][0xd6][0x1a][0x93]i[0x0]"[0x10]![\r]b[0x92]:[0xa9][0xc6][0x6][0x6][0x94][0x8d][0xb6][0x80][0xc][0xa0]4[0x16][0x90]F[[0xc8][0xb][0x3][0xa4][0xc1][0x12][0xf2][0xc]@[0x1a][0xeb] [0xd3][0x0]D,[0x90]i[0x0][0xa5][0x81][0x88]4[0xd6]@[0xa6][0xb](-[0xf][0x90][0xc6][0xf][0xc8]s[0x1]R[0xf7][0x9f]L[0x3]([\r]D[0xa4][0xc5]w[0xe4]e&[0xca]:[0xdf][0xc6][0x6][0x6][0x94]u[0xbe]A[0x6]P[0x1a][0x8d][0x94]M[0xf3][0x1b][0x1b][0x18]P6[0xcd][0xf]2[0x0][0x91][0x99][0xc8][0x8b][0x5][\n]"
04:37:28.317 [main] DEBUG org.apache.http.wire --  << "[0x17][0x0][0x1a][0x18]PvR[0x1][0xc8][0xb][0x14]M[0xf3][0x83][0xc][0xa0]h[0x18][0x8]d[0x0][0xa5][0xe9][0x80][0xb2][0x11][0xc]c[0x3][0x3][0xca]F0@[0x6]P[0x9a][0xe]([0x1b][0xc1][0x0][0xb9][0x0]Q[0xa0][0x90][0x97][0x12])[0x1b][0xc1][0x0][0xb9][0x80][0xd2]t@[0xd9][0x8][0x6][0xc8][0x5][0x88]&[0xe][0x99]a@iJ[0xa4]l[0x4][0xc3][0xd8][0xc0][0x80][0xb2][0x11][0xc][0x90][0x1][0x94][0xa6]D[0xca]F0@.[0xa0]4%R6[0x82][0x1]r[0x1][0xa5])[0x91][0xb2][0x11][0xc][0x90][0xb](M[0x89][0x94][0x8d]`[0x18][0x1b][0x18]P6[0x82][0x1]2[0x80][0xd2]>[0x13]e#[0x18] [0x17]P[0xb4]~[0x15]d[0x0][0xa5])[0x91][0xb2]1[0x14][0x90][0xb](M[0x89][0x94][0x8d][0xa1][0x80]\@iJ[0xa4]l[0xc][0xc5][0xd8][0xc0][0x80][0xb2][0x15]+ [0x3](M[0x89][0x94][0xad]X[0x1][0xb9][0x80][0xd2][0x94]h[0x89]H[0x89]I[0xf9][0xf9][0xd9]X;[0xbe][0xc5]%[0xa5])[0x95][0xf0]yV[0x90][0xad][0x88][0x96]Y[0x90]c[0x94]k[0x10][0x91][0xba][0x10]I[0xce][0xad][0xa8]4[0xb3]D!=??[0x85]H[0xad][0x88]1[0x6]C"uP[0x9a][0xba]([0x1c][0x1b]20DZ[0x85][0x92]T[0x9a][0x9d][0x98][0x7]][0xc][0x8e][0xd5][0xf9][0x90]F[0x1][0xe6]4[0x9c][0xb1][0x81]![0xd2][0x8]QjNjvIQ~^&[0xf6][0xad]H[0x8]i[0xec][0x6]QX[0xff][0x1a]"[0x1d][0xcb][0x89][0xb0][\n]"
04:37:28.317 [main] DEBUG org.apache.http.wire --  << "[0xab]w[0x10][0xd2][0xd8]][0x82]Hs[0x10][0x8f]c5[0x4]"[0x85][0xdd][0x0]D[0xfa][0x83][0xa8]"[0xd9][0x0]DR$[0xd3][0x0]D[0x82]T[0xa9][0x86][0x18]Q[0x8b][0xe1][0x8][0x95]j,S[0xac][0xb5]H[0x19][0xc9][0x10][0xe9]|[0x8][0x8a][0x8c]A[0xb4][0xe])1[0x6]i[0x1c][0xcd][0x1d][0xbc]q[0x1][0xc3]Gnx[0xce]]560D:+[0x82]"w[0x10]L[0xa9]*[0xd5])[0xa9][0xc5][0xc9](AI[0xd9]1[0x13] [0xc7]#R[0xa5]ObAI~[0x1][0x86][0xef]=[0xf3]JRs4[0x82]4[0x15][0x9c][0xf3][0x8b]R5B|5[0x15]2Mu-[0x8c]L[\r]B[0x15][0x9c][0x3]B[0x15][0x1c][0x14][0xc][0xf5][0xcc][0xc][0xdc]=[0xaa][0x14][0xc][0xf5],[0xc][0x14][0xdc]=[0xaa][0x90][0xa3][0x9a][0xb2]C(@[0xee][0xa3]4[0xcd]Rv[0x8][0x5][0xc8][0x5][0x14][0x96][0xa9][0x86][0x84]O[0xb1]@[0xe]1[0xca][0xb6][0xdc][0x19][0x1b][0x18]R[0xb6][\n]"
04:37:28.317 [main] DEBUG org.apache.http.wire --  << "[0xf]d[0x0][0xc1][0x84][0x88]%[0x83][0xa3]x[0x81]`[0xf5][0x8c][0xa2][0x9a][0xd2]b[\r]i[0x10][0x18]R&a$aB[0xee]E.[0xd6][0xf2][0x12]sS1[0xb]5B& [0xd2][0x8][0x8e]\[0x84][0xe2]cD[0xc1]E[0x9e][0x83][0x91][0x6][0x9d][0xc9]4[0x80][0xc2]&[0x9c]!e[0xb][0xec][0x8c][\r][0xc][0x91][0x16][0xd8][0xa9]T[0x93][0x15][0xe6][0x84]w[0xc3]a)/)[0xdb][0x1][0x7]r7[0xa5][0xe5][0x11][0xe1][0xd5]z[0xd8][0x9c][0x8d]H_dF8[0xa5]I[0xe]i[0x88]^[0x81][0xd4][0xfc]Exu[0x9f][0x2]r[0xf6]@[0x1a][0xcc][0xc7][0xe1]YT[0xe5][0x4]K[0x1b][0x2][0x99][0x97][0xb2][0x95]{[0xc6][0x6][0x86][0x94][0xad][0xdc][0x3][0x19]@0QaI[0x13][0x84]'[0xc]P[0x83][0x89]`[0x12]B[0x89][0x3][0x82][0xe9]E[0x7]Y9[0xa5][0xa3][0xde][0x86][0x84][0xf7][0xcd][0x13][0x88]D[0xca][0xce][0xe7]560DZ9[0x88][0xab]@[0x82][0xa6]F[0xd8][0x1][0xd7] M[0x88]@%A[0x13][0xc1][0xb0]%[0xe0]WJ[0x7][0xa7][\r])[^gl`H[0xe9][0xe0][0xb4]!e[0xcb][0xeb]@.@[0xd4][0xd9][0xd0]h![0xe5][0xb6][0x4][0x90][0x1][0x88][0xa8]#[0xd3][0x0]J[0xa3][0x91][0xd2][0xc1]iC[0xca]V[0xc7][0x19][0x1b][0x18]R:[0xb6]lH[0xd9][0xea]8[0x90][0xb](m[0xfc]Q[0xb6]:[0xe][0xe4][0x2]J[0x13][0x12][0xd2][0xea]8[0xac]K[0xf5][0x9]dfJG[0x96][\r][0x91]F[0x96][0x11]#[0x10]X[0xab]h[0x84]4[0xd6][0xf1][0x5][0xa4]5r[0x8][0x95]d[0x19][0x4][0x0][0x0][0x0][0xff][0xff]"
04:37:28.317 [main] DEBUG org.apache.http.wire --  << "[\r][\n]"
04:37:28.317 [main] DEBUG org.apache.http.wire --  << "5CF[\r][\n]"
04:37:28.317 [main] DEBUG org.apache.http.wire --  << "[0xa2][0xb4][0x3][0x81][0xb4][0xb5][0x91]B[0x97] z[0xb7][0xe4]er[0xa4]Ew[0xbe][0xa9]E[0xc9][0x19][0x18][0xc1][0x11]\R[0x94]X[0x99][0x9d][0x99]R[0xac][0xe0][0x9b][0x98][0x97][0x99][0x98][0xac][0x10][0x92]_Z[0xa4]`d`d[0x8c]\?"[0x8d]x[0x92][0x93]F([[0xb5]fl`H[0xd9][0xaa]5[0x90][0x1][0x14][0xe6][0x12]#[0xa4][0x1]=[0xb2]b[0xc2][0x8]i[0x1c][0x8e]L[0x3](L[0xb]F[0x6][0x14][0x96]UF[0x94][0x1d][0xac]jl`D[0xd9][0xb9][0xa8][0xc6][0x86][0xc6][0x14].[0xb0]04&[0xbc][0xbb][0x81][0xb8][0x83][0x89]([0xeb][0x1a][0x1a]#mQ =C[0x19][0x1a]S[0xdc][0x82]B[0x9a][0x89][0xa2][0xb0][0x84][0xa2][0xb4][0x15][0x81][0xb4][0x98][0xf4][0x90]00[0xa4]l5)(MRX[0xd8][0x1b][0x19]P\[0xb4]P[0xd8][0x92]3B[0x1a]"[0xcc][0xc9][0xc9][0xc1]([0xe2]Ab[0x88]6[0xbf][0x91]![0xc2][0xba][0x9c][0x9c][0x9c][0x9c][0x82][0x2]sL[0x0][0x92][0xa0][0x18]gc[0x3][0xa5][0x4]@[0x6]6@[0xd0]K[0x88]D[0x88][0xd5][0xfb][0xc9]y)[0xd9][0x89]H[0xf5][0x99][0x11][0xd2] %Yc[0xe6]F[0x94][0xe]R[0x1a]!m[0x15]&[0xd3][0x5][0x14][0xe][0x1b][0x18]Q[0xb6]U[0xd8][0xd8][0xc0][0xc8][0x88][0xd2][0xfa][0x84][0xd2][0x81]O#[0xca][0xf6][0x1a][0x83][0xbc][0x80][0xc8][0xb][0xe4]U[0xca][0x94][0xed]5660[0xa2]t([0xd4][0x88][0xb2][0xbd][0xc6] [0x17]PZ[0x0]"[\r][0x85][0x92][0x17][0x88][0x84]GB[0xf1][0xf7]A[0x8c]([0x1d][0x15]5BZBL[0xa6][0x17]([0xad][0x4]([0xdb][0xc3][0xc][0x8a]FD[0x19]H[0x9e][0x17][0x90][0x86]-[0x9][0x9e][0xca]el`D[0xe9][0xa0][0xa1][0x91][0x9][0xa5][0xe][0xa6]t[0xb9][0xae][0x11]Rk[0x92][0x18][0x1f]#[0x9d][0xc1]E[0xbd][0x3]@[0xb1]/[\n]"
04:37:28.317 [main] DEBUG org.apache.http.wire --  << "[0x80]:[0x7][7[0xd7][0x8]i[0x89]/T[0x19]F[0xf5]H=[0xe7]!W[0x9a][0x94][0xe][0x92][0x1a]Q:Hj[0x84]4H[0x8a][0xcb][0xeb][0xa0][0x92][0x2]*[0x87]=[0xf4]([0xcd][0xa8][0x84]{[0x10] '@[0xb2] V[0x17] [0xad].&=[0x9e][0xf2][0xf3][0x93]A[0x10]D[0x80]hT[0x8c][0x91][0xe]@.[0xc1][0x17][0x18]H[0xeb][0x94][0xa1][0xca]0[0x8c][0x0];[0x11]r@3[0xd2][0xf1][0xff][0xe0][0xe3][0x97]1[0x8][0x88]ZRIdc[0x90][0x93][0x1b]R[0x17][0x9][0x97][0xe3][0x8][0xfa][0xf][0xd1]F"[0xdb][0x8]J{[0xdd]HC[0xcd]8[0x97]j[0x15][0xa5]&[0xa6]d[0xe6][0xa5]cO.[0x88][0xb9][0x15][0x8a]zjFH[0xcb][0xa1][0x8b]s[0x13][0x8b]J[\n]"
04:37:28.317 [main] DEBUG org.apache.http.wire --  << "2[0xf2][0xf3]R1[0xe2][0x1b][0x14][0xa4]I[0xa9]%%[0xa9]E[\n]"
04:37:28.317 [main] DEBUG org.apache.http.wire --  << "[0xa9][0x15][0x5][0xa9]E[0x99][0xa9]y[0xc9][0xa9]([0xd1]Bi[0x93][0x89][0xb2]m[0xdd][0xc6][0x6]F[0x94][0x8e];[0x1b][0x11]^[0x14][0x8d][0xec]aJG[0xa9][0x8d][0x8][0x8f]R[0xa3]XGi[0x82]#[0xbc][0xdc][0x19][0xc5]:D[0xf2][0x82][0x94]YXS[0x4]D[\n]"
04:37:28.317 [main] DEBUG org.apache.http.wire --  << "k[0xfa]$[0xbc][0xb6][0x19][0xc5]:JS[0xf][0xe1][0xe1]fd[0xeb][0x90][0xc6][0x96]!^ [0xd5]wHc[0xca]8[0xc]@[0xb1][0x8e][0xd2][0xa6]4[0xd2][0xc0]1[0xe][0xeb]@[0xf9][0x13]"[0x85]56[0x8][0x9f][0x89][0x87][0xe2]^D[0xf][0x8e][0xbc]N([0xd2][0xf0]2[0xe][0x3]P[0xac][0xa3]4[0xf2][0x91][0xd6][0xe][0xe3][0xb0][0xe][0xff]R7#[0xa4][0xb5][0xc3]8[0xc]@v/[0xd2][0xa8]7[0xb9][0xd5][0x7]eg[0xd3][0x19][0x1b][0x18]![0x8d]|[0x93][0xed][0x6]D[0x93][0x87]l#[0x10]1G[0xb6][0x11][0x88][0xe6]>[0x99]F[0x18]#[0xad][0xcd]%[0xdb][0x8][0xc4][0xc0]-[0xd9]F 29[0xd9]FP[0xdc].1F[0xba]%[\r]GJ[0xc6][0x9f][0x15][0x8c][0x91]f[0x3]p[0x18][0x80][0x94][0x15][0x8c])[0x1d][0xe4]D[0xbe]Y[0x8a][0xac][0x1d][0xae][0xc6][0x86][0x88]`[0xa7][0xa8][0x1d]dL[0xe9][0x92]Sc[0xca]n6360FZTJ[0xa1]W([0xac][0xbc][0x8d][\r][0x11]E[0x3][0xa4]R![0xb1]~4F[0x1a]L&[0xd3][0x0]D[0xb1]@[0x9e][0x1]HC[0xb9]d[0x1a][0x80]([0x12][0xc8]4[0x0][0x91]2[0xc9]4[0x0]Q[0x1c][0x90]i[0x0][0x85]mFcJ[0x87]r[0x8d])[0x1d][0xca]5F[0x1a][0xca][0xa5],O [0x9d][0x88]@[0xa1]A[0x94][0xa6]LJ[0x87]v[0x8d])[0x1d][0xda]5[0xa6]t[0x95][0xab]1[0xa5]C[0xbb][0xc6][0x14][0x8e][0xcc][0x1a][0x1a]#u[0x9f][0xc9][0xcb][0x1b][0x94][0xe].[0x1b]#[0x8d][\r][0x87][0xa4][0x16][0xa5]*[0xf8]dV[0xa6]*8[0xe5]c[0xd9]uU[0x90][0x93]X[0xa9][0x90][0x91]X[0xac][0x90][0x97][0xaf][0x90][0x93][0x99][0x9b]YR[0x8c]\[0x85]"-[0x9c][0xa5],a"[\r][0x15][0xe7]`[0xdf][0xf2][0x10][0x92][0x91][0xaa][0x90][0x9e][0x9f][0x98][0xa3][0x90]Y[0xac]P[0x92][0xaf][0x90][0x96][0x99][0x97][0xa2][0x90][0x99][0x97][0x96]_[0x94][0x9b]X[0x92][0x99][0x9f][0xa7][0x90][0x97][0x9a][0x9a][0x82][0xea]6DZ[0xa7][0xcc]mH[0xcb]l[0xa9][0xe5]6[0xa4][0xd5][0xb7][0x14][0xba][\r]QN[0x13]r[0x1b]Q[0x81][0x86]t[0xe4]&u[0xcc]C[0x94][0xe2]d[0xcc][0x84][0x1b]#[0x9d][0xe0]A[0x96]vDS[0x80]:[0xbe]At[0x19]([0xca]6&[0x88][0xa4]I[0x8e][0xb7][0x90]&[0x9][0xc8][0xd2][0x8e]h[0x1c][0x90][0xa5][0x1d][0x91][0xe4][0xc8][0xd2]Ni[0xc3][0x0]i[0xc8][0x9e],[0xfb][0x11][0xe3][0x3][0x14][0xc][0x19][0x1a]#[\r][0xdb][0x93][0xe5][\n]"
04:37:28.317 [main] DEBUG org.apache.http.wire --  << "D[0xca]$K;"![0x12]J[0xd8][0xc4][0x16][0x97]Hs[0x0][0xd4]2[0x12]iV[0x80][0x90][0x91]D[0x15]NHC[0xfb][0xe4][0x4][0x1a][0xd2][0xe0];![0xe7][0x10][0x1b]hH[0x8b][0xb6][0xa9]f$[0xa2][0xff]C5#[0xa9][0x9f]Z[0x90][0xc6][0xab][0xa9][0xe5]J[0xa4]1i[0x1c][0xfb][0xb5][0xe0]M[0x0][0xa2]R[0xb][0xd2][0x98]1[0xd5][0x9c][0x88][0xc8][0xb5]T3[0x12][0x11]7[0xe4][0xb5][0x5])[0x1d][0xe]6&<[0x1c][0x8c]|[0xd6][0x98][0xd2][0xa5][0xc5][0xc6]H#[0xc4][0x98][0xfb][0x98][0x90]7[0xcc][0x18][0x13][0x1e][\n]"
04:37:28.317 [main] DEBUG org.apache.http.wire --  << "&[0xe4]VD[0xe9]Ofp#[0xb2]'[0x99][0x6] [0xd2][0x10][0x99][0x6]P[0x9c]b[0x10][0xad][0xf][0xf2]\[0x80]4[0xe2]L[0xa6][0x1][0x88][0x16][0x8][0x99][0x6] [0xda] d[0x1a]@i+[0x4][0xe9][0xb4][\n]"
04:37:28.317 [main] DEBUG org.apache.http.wire --  << "2]@iJD[0x1a]E'[0xd3][0x5][0x94][0xa6]DJ[0xd7][0xa9][0x1a]#[0x9d]lAF[0x85]n[0x82]4vN[0x96]vD*$K;[0x85]i[0xd0][0x84][0xd2][0xd5][0xf3]&H[0xe3][0xe5]d[0xa5][0x0][0x13][0xa4][0xf1]r2[\r][0xa0][0xb0]44A[0x1a][0x83]'+[0xe][0x10]e!Y[0xda][0x11]%!9[0xda][0x91]N[0xa9] K;e[0xe9][0xf]i[0xf2][0x80],[0xdb])[0xea][0x99][0x9b] [0x8d][0xf7][0x93]e;"[0xe1][0x90][0xa5][0x9d][0xc2][0xa2][0xcb][0x4]i[0x8c][0x9f],[0xfb])K8H[0xe3][0xfb][0xe4][0xd8][0x8e][0xb4]P[0x9b][0xa2][0xd1]#[0x13][0xa4][0x5][0xdb][0x14][0x1a][0x84][0xa8]N)4[0x8][0x91]*)4[0x8]Q[0xbd][0x92][0x15][0xc4][0x88][0xf4]I[0xa1];[0x10])[0x95],w [\n]"
04:37:28.317 [main] DEBUG org.apache.http.wire --  << "8[0xf2]Jh[0xa4][0xc5][0xdc][0xe4][0xd8][0x8f]4[0xde]O[0x96]v[0xca][0x8a]8J[0xc7][0xfa]M[0x90][0xc6][0xfa][0xc9]r>"5[0x92][0x17][0xfa][0x14]N[0x15][0x18][0x98] [\r][0xd4][0x93][0xe9][0x2]D[0xfa]#[0xd3][0x0]JS e[0x97];[0x1b][0x1b][0x98] [0x8d][0xbf][0x93][0xe0][0x5][0x0][0x0][0x0][0x0][0xff][0xff]"
04:37:28.317 [main] DEBUG org.apache.http.wire --  << "[\r][\n]"
04:37:28.318 [main] DEBUG org.apache.http.wire --  << "4F8[\r][\n]"
04:37:28.318 [main] DEBUG org.apache.http.wire --  << "B[0xec][0xe]2A[0x1a]m'[0xd3][0x0]J[0x9b]zH[0xc3][0xea]d[0xba][0x80][0xb2][0x94]hh[0x80][0x14][0xb][0xb8]Vx[0xa0][0x4][0x19][0xa2][0xf8]$[0xd3][0xc1][0x88][0x2][0x94]L[0x3](M[0xb8][0x94][0x9e][0xbd]m[0x82]4JO[0x9e][0x17][0x90][0xc6][0xe9][0xc9]4[0x0]Q|Ri[0xbc][0xc9][0x4]i[0xc1]?5F[0xd9]L[0x90]V[0xee][0x93][0xe9]G[0xca]R[0xb6][0x81][0x9][0xd2][\n]"
04:37:28.318 [main] DEBUG org.apache.http.wire --  << "|[0xaa][0x5][0x12]"[0xf1]R[0xcd]HJ[0x93]3e[0x97][0xa0][0x19][0x1b][0x98]P[0x80][0xdf][0x4]i[0x80][0x9f][0xbc][0xc8]G[0x1a][0xd1][0xc7][0xdc][0xc6][0x8f]([0xcf][0x4]i[0xbf]0[0xb5]"[0x9]i8[0x9f]L[0xff] [0x8a]M[0xaa][0xb9][0x89][0xfa]i[0x11]i[0xd5]<[0x99][0xde][0xa4][0xb4]M@[0xe9]zy[0x13][0xa4][0xf9][0x7][0xf2][0xbc][0x80][0xb4]^[0x9e]Z1[0x85]4[0x81]A[0xa6][0x9b][0x10][0xbd](2[\r][0xa0][0xb4],E[0x9a]3![0xd3][0x5][0x88][0xd4]J[0xa6][0x1][0x94][0x96][0x93]HG[0xbf][0x90][0xe9][0x2]D[0xdf][0x9e]<[0x3]([0x9d][0x91]1[0xa1]tF[0xc6][0x4]iF[0x86]Z[0x89][0x1b]i[0x8e][0x86][0xcc]P[0xa1]4m"[0x1d][0xef]@[0xa6][0xb](M[0x9b][0x94][0x1e]4nB[0xd9]em[0xc6][0x6]&H[0x9b][0x5][0xc8]Zql[0x82]t2[0x5][0x8e][0x15][0xd2][0xf8][0x97]X[0x9b] [0xed][0x1f] /[0x16][0x8][0xef][0x1e]@[0xee][0x87]P:[0xcd]bB[0xf8][0x98][0x1e][0x14][0xeb](M"[0x84]o[0x92]C[0xb1][0x8e][0xd2]z[0x14]i[0x2][0x5]Gl Yg[0x8a]4_[0x82]C5[0xfe]&[0x97])[0xa5][0x7][0x6][0x99][0x12][0xbe][0xce][0x1e][0xc5][0xbd][0x88][0xfa][0x90][0xac][0xd4]nJ[0xe9][0xfc][0x86])[0xa5][0xa7][0x3][0x99]"[0xcd]o[0x90][0x19][0xe4][0x14]&[0x11]S[\n]"
04:37:28.318 [main] DEBUG org.apache.http.wire --  << "[0xcf]'20E[0x9a][0xe5] [0xcf][0xb]Hgq[0x93]i[0x0][0x85][0xc3]/[0xa6][0x94]n[0x8f]0[0xa5]t{[0x84])[0xd2]t[0x9][0x99]a@a[0xc9]dJ[0xe9][0xb6][0x8]S[0xa4])[0x13]2[0xbd]@a[0xc3][0xca][0x14]i[0xda][0x84]<[0x17] [0xcd]w[0x90]i[0x0][0xa2][0x11]C^[0x89][0x84][0xb4][0xa7][0x80]L[0x3](-[0xf][0x90]&[0x4][0xc8]s[0x1][0xa5]+[0xf8]M[0x91]F[0xf5][0xa9]1[0x4]e[0x8a]4FN[0x1d][0xf3][0x10][0xe9][0x94]*[0xe6]![0x1d]BB^[0xaa]C[0x1a]=[0xce]--[0xc6]q[0xe7][0x6]X[0x6][0xdb][0xfe]YSJ[0xcf]R6[0xa5][0xf4]X[0x14]S[0xa4]e[0xdc]d[0x86][0x0][0x85][0xbd]BSJ[0x7][0x83]M)[0x1d][0xc]6[0xa5]t0[0xd8][0x14][0xe9]d[0x17][0xf2][0x2][0x11]i[0xe8][0x97]L[0x3][0x10][0xed]12[\r]@[0x14][0x9f]d[0x1a][0x80][0x18]_#[0xd3][0x0]J[0xab]Q[0xa4]#[0xa9][0xc9]t[0x1][0xa5][0x5]8[0xd2]8.y.[0xa0]t[0xd4][0xd6][0x14]i[0xd4][0x96]L[0x17]P[0xda][0xa0]C[0x1a][0xfb]%[0xd3][0x5][0x94][0xa5]DCc[\n]"
04:37:28.318 [main] DEBUG org.apache.http.wire --  << "[0xf][0xcb]64[0xa6]p[0x4][0xd3][0xd0][0x18]i[0x4][0x93][0x9c]004[0xa6]t[0xbc][0xd2][0x94][0xd2]}l[0xa6][0x14][0x6][0xa2][0x81])[0xa5]#[0xd9][0xa6]f[0x94][0xe6]FJG[0xb2]M)L[0x7][0x6][0xa6][0x14][0xa6][0x3][0x3]S[0x8a][0xd3][0x1][0xe1][0xc3]`[0x8][0x8c]+Pzd[0xb9])[0xa5][0xe3][0xd6][0xa6][0x94][0x1e]YnJ[0xf8][0xc8][0x18]Ba@iJ$|[0x8a][0xc][0x1][0x17]P:nmJ[0xe9][0xb8][0xb5])[0xd2][0xb8]5UZ[0xde]HC[0xc6][0xd4]1[0xf][0x11]GT1[0xf]i4[0x16][0x87]y[0x94]\[0xf4]e[0x8a]4VK[0x13][0xe3][0x11][0xcd]A[0x9a][0x18][0x8f][0xa8][0xa2]ib<[0xa2])I[0x13][0xe3][0x11][\r]M[0x9a][0x18][0x8f][0xe8][0x10][0xe1]0[0x1e]y [0x95][0xf0]01[0xfe][0xa2][0xc1][0x8c][0xf0][0xc8]1[0x92]uf[0x94][0xe][0x13][0x9b][0x11][0x1e]&&[0xe4]^D[0xd2]$[0xa7]md`F[0xe9][0xd2]z3J[0x87][0x9e][0xcd][0x8][0xf]=[0xa3][0x4]9"=[0x90][0xe9]aD[0xd1][0x86][0xc3][0x0][0x14][0xeb][0x10]C$8T[0x13][0x88] [0xc2][0x83][0xca][0xc8][0xd6]![0x8d] [0xe3]H[0xed]$m[\r]4C[0x1a][0xce][0xa5][0x8e]y[0x88][0xd0][0xa7][0x8a]yH[0x3][0x9d][0xd4]1[0xf][0x91][0x1d][0xa8]c[0x1e][0xa2]ps[0xcc]I,Q[0x8])[0xcd][0xc9],[0xc6]8f'4[0xaf][0xa4]4[!1/1[[0xa1]85;?'1[0x3]9N[0x91][0xce]4![0xdb][0xc][0xa4][0xd5][0xc9][0xe4][0x9b][0x81][0xe8][0x8b][0x92]o[0x6][0xc1][0xaa][0x8a][0xb4][0xf4][0x89]t[0xac][0x6]U[0xe2][0xb]i[0x5]-Y[0xb3][0xbe]fH+h[0xa9][0xe3] D[0x80][0x91][0xe9] [0x82][0xb5]7i!N[0xe9][0xf8][0xa0][0x19][0xe1][0xf1]A[0xe4][0xc4][0x8f]4[0x18]H[0x95][0xf0]DZ[0x85]I[0x1d][0xf3][0x10][0x19][0x9c]:[0xe6]QZ_[0x10][0x1e][0xb3]B[0xe]^[0xa4][0x1]*[0xaa]8[0x1f]i] u[0xcc][0xa3]r}[0x81]4[0x86]@[0x15][0xf7]!u[0xe8][0xc9][0x9a]#2[0xa3][0xb4]?n[0x86][0xd4][0x1f]'[0xd3][0x5][0x88][0xf6][0xc]y%[0xc]Rw[0x9a]<[0x3][0x90][0xba][0xd3]d[0x1a][0x80]X[0xfd]M[0xa6][0x1][0x88][0xaa][0x8d]L[0x3][0xa8][0xdc]n@:Z[0x95][0xbc]f#[0xa5]+[0xb0][0xcc](][0x81]e[0x86][0xb4][0x2][0x8b]</P[0xba]y[0xde][0xc]i[0xd0][0x80]L[0x17] b[0xd5][0xa9]4[0xbb][0x14][0xa3][0xdd][0xe6][0x94][0x98][0x9c][0xa8][0x90]T[0x9a]][0xaa]PY[0x9a][0xad][0x88]\[0xae]"[0xad][0xc6]"c;[0x95][0x19][0xd2]Z,[0xb2][0xb4]#*%[0xb2][0xb4]#[\n]"
04:37:28.318 [main] DEBUG org.apache.http.wire --  << "][0xb2][0xb4]#[\n]"
04:37:28.318 [main] DEBUG org.apache.http.wire --  << "[0x14]2[0x83][0x1d]Q[0x7][0x92]a[0xbf]9R[0x17][0x1c]G[0x19][0x8f][0x14]S[0xe6]H=h[0xb2],C$[0x11][0xb2][0xb4]#[0x9a]w8[0xdc]J[0xc9][0xb8][0x96]9R[0xdf][0x1a][0x87][0xf1](AAQ[0xbc][0x9b][0x1b] [0xe2][0x9d][0xac][0xa0][0xa0],[0xd6][0x91][0xfa][0xc9][0xe4][0xd8][0x8e][0xd4]q&K;[0xa2][0x2]!+[0xcd][0x9b]#-[0xbc]"[0xcb]~D:"K;[0xa2][0x93]@[0x96]v[0x8a][0xca][0x1b]sCD[0xcc][0x93][0x17]xH[0xa3][0x0]d[0x1a]@i[0xf4][0x19]QV[0xc] [0xdd][0xc6]EN[0xf8]#[0x1d][0xe0]J[0x96]v[0xca][0xa2][0xf][0xe9][0xf0]VrlG[0x1a][0x9a] K;[0xbc][0xed][0x7][0x0][0x0][0x0][0xff][0xff]"
04:37:28.318 [main] DEBUG org.apache.http.wire --  << "[\r][\n]"
04:37:28.319 [main] DEBUG org.apache.http.wire --  << "676[\r][\n]"
04:37:28.319 [main] DEBUG org.apache.http.wire --  << "R"K;"[0xe6][0xc9][0xd2][0x8e][0x88]w[0xf2]R[0x1e][0xa5][0xfb][0x9e][0xcd][0x91][0xd6]t[0x91][0xe9][0x2]D[0xa9]OV[0xdb][0xd7][0x1c][0xe9]DR[0xb2][0x82][0x10][0x91][0xfb][0xc9][0xb1][0xdf][0xd0][0x98][0xc2][0xa9]mCc[0xa4][0xa9]m[0xf0][0xda]0[0x8c]v[0x1e]h[0x88][0x16],[0x83]e[0xd5][0x98][0xa1]1R[0x1f][0x10][0xac][0x88]$[0xed][0x6][0xe6][0x94].75G[0x1a][0x1f]$'[0x0][\r][0xcc][0x91][0x16]:[0x92]g[0x0][0xd2][0xa8][0x19]9)[0x0]i[0xcc][0x8c],[0xed][0x88],L^[0xe]@Z5H[0x96][0xfd][0x88][0xba][0x97][0xcc][0xe0][0xa3][0xac][0xf6][0xa5]t[0xcd][0xa0]9[0xa5]Cz[0xe6]HCz[0xe4][0x85][0x0][0xd2]([0x1f]91[0x80][0xb4][0xe0][0xf]G3[0x97][0xa4]1Ns[0xa4][0x83]S[0xc9][0xf4][0xf]e1[0x8a]td*u[0xfc][0x83](b[0xa9]b[0x1e][0xd2][0xf9][0xa0][0xe4][0xe5]8[0xa4]aB2[\r]@[0x4]0y1[0x84][0xb4][0xa0][0x8a]L[0x3][0x10][0xd5]&[0x99]^@D[\n]"
04:37:28.319 [main] DEBUG org.apache.http.wire --  << "y[0x6] [0x8d]e[0x92]i[0x0][0xa2][0xe9]D[0xa6][0x1][0x94][0xb6]~(][0xce]d[0x8e]4[0xfa]I[0xa6][0x17][0x10][0xd1]H^:[0xa0]t[0x17][0xad]9[0xd2][0xe8]'y^[0xa0]t1[0x91]9[0xa5];V[0xcd])=l[0xd4][0x1c]i[0xf9][0x11][0x99]a[0x80][0x88]F2[\r]@[0xc]^[0x90][0x97][0xe][0x90][0x86];[0xc9]3[0x0]i[0xb8][0x93]L[0x3]([0xcd][0xce]H[0xab][0xa0][0xc8][0xb]D[0xa4][0x1d][0xab]dz[0x1][0xd1][0x94]"[0xd3][0x5][0x88]z[0x81]L[0x3][0x10]}a2[\r] [0x98][0x12][0x91][0x87][0xdc][0x90][0xe][0x6]%wN[0xdd][0x2]i[0xbc][0x93]|3(lC[ [0x1d][0xd1][0x89][0xa3][0x89]A[0xc9]@[0xa6][0x5][0xd2]*#[0x1c][0xc6]#[0x85][0xaa][0x5][0xd2][0x8a] [0x1c][0xaa])s[0xc]"[0x8a]q[0x18][0x8f][0xe2][0x18]D=[0x8f]C5E[0x8e]A[0x1a][0xf7][0xc4]a<[0xb2]c[0x90][0x8e][0xc2][0xc4][0xa1][0x9a]2[0xc7] [0x1a][0x4]8[0x8c]Gq[0xc]"[0xb3][0xe2]PM[0x99]c[0x10]Y[0x19][0x87][0xf1]([0x8e]AT[0x0]8TS[0xe6][0x18][0x82][0xa9][0x0][0xd9]1H[0xe7]V[0xd2][0xc2]1H[0xbb];q[0x18][0x8f][0xe2][0x18]D[0xa1]Lv[0xf9][0x82][0xb4][0x9b][0x93]|3[0x10]1D[0xb6][0x19]H[0x83][0x8d][0xe4][0x9b][0x81](+[0xc9]7[0x3][0x11][0xa6]dU3[0x16]H[0xe3][0x86]8[0xa2][0x90][0xa2][0xe4][0x8a]4[0xaa][0x88][0xc3]x[0xe4][0x14][0x82]4[0x2][0x88]C5e[0x8e]!![0xef][0x18][0x1a]S[0xba][0xa2][0xc2][0x2]i[0x17]*[0xe][0xdf] [0xfb][0x9d][0xd2]=[0xa3][0x16][0x94][0xee][0x19][0xb5]@[0x1a][0xff]!c[0xf0][0xc4][0xc2][0x4]Q[0x9b][0x91][0x97][0x14][0x91][0x86][0x8f][0xc8][0xb2][0x1f][0x11][0xbb][0xe4][0xd9][0x8f]4xD[0xa6][0x1][0x88][0x86]39[0x1e][0xa0]t[0xb7][0xa8][0x5][0xd2][0x9a]4[0xb2][0xec][0xa7][0xb4],A:[0x17][0x90],[0xfb][0x11][0xf5],Y[0xda])MH[0xe7][0xfd][0x91]e?[0xa5][0xe9][0xf]i[0xc5][0x1d]9[0xf6]#-[0xc1]#K;[0xa2]6"K;[0xa2][0xc5]F[0xba]vCc[0xc2][0xe3]/[0xc8]e%[0xd2]6H[0xd2]-3[0xb0]@[0x1a][0xb3]#K;"[0xa1][0x91][0xa5][0x9d][0xd2]tB[0xe9]x[0x9d][0x5][0xa5][0xfb][0x17]-([0xdd][0xbf]h[0x81]4[0xd5]E^QK[0xe9][0x80][0x9f][0x5]R[0xed]Nv[0xe3][0x8b][0xd2][0x1d][0x88][0x16][0x94][0x8e][0xf9]Y [\r][0x98][0xe1]:c[0x18]4[0xe7][0x8][0x95][0xc3]2[0xeb]h`[0x81]4d[0x6]U[0x86]u[0xde][0x11]*[0x87][0xdd][0x8]D[0xc1][\r]UF[0xba][0x11][0x88]<E[0xb6][0x11][0x88]f=[0xd9]F [0xb2]&[0xb9]F [0x8d][0xbe][0x91]m[0x4][0xa2][0x19]A[0xb6][0x11][0x88][0xc2][0x9c]l#[0x10][0xad][0x1][0xb2][0x8d] [0x1c][0xa9][0xc8][0xa5]:[0xd2][0x18][0x16].[0x1b]Q[0x94][0x13][0x8e],$[0xe5][0x96]H[0xa3][D[0x98]n[0x89][0xb4][0xa3].[0x19][0x4][0xf2]A[0x0][0xc4]H[0x6]1[0xf2][0xc9]d[0x91][0x9a]/,[0x91]V[0x15][0x92]i%6[0xe7][0x92][0xee][0xc]D[0xed]>[0xa0][0xce]@J[0x93] w`[0xf3][0x1b][0xe9]b[0xa4][0x87][0x6]b[0xbc][0x9]WR[0x2][0xb9][0x8e][0xa2][0x94][0x2][0xf7][0x6]J[0x1a]F*hA6[0xc0][0x15]![0x94][0x93][0xc1]"[0xdd][0xff][0x84]s[0x1e][0x81]Z[0xc7][0x12]i[0xb4][0x91][0xac][0x11]~K[0xa4]u[0x96]d[0x1a][0x80]("[0xc9]4[0x0][0x91]'[0xc8][0xda]0aI[0xe9][0x9]u[0x96][0x86][0x88][0xe4][0x80]c[0x80][0x81][0xa4][0xe5][\n]"
04:37:28.319 [main] DEBUG org.apache.http.wire --  << "[0x96][0x94][0xae][0x9f][0xb4][0xa4]t[0xfd][0xa4]%[0xd2]x%ya[0x8a][0xb4]~[0x92][0xac][0x86][0xa5]%[0xd2][\n]"
04:37:28.319 [main] DEBUG org.apache.http.wire --  << "J2[\r]@[0x14][0xe]T[0x89][0x14][0xa4]UY[0xe4]9[0x8]i[0xa8][0x92]L[0x3][0x10][0xed][0x11]2[\r]@d5[0xaa][0x4][0x9][0xd2][0x98]%[0x99][0xe]B4L[0xc8]4[0x0][0xd1][0xd6][0xa4][0x8a][0x8f][0x90]V[0xae][0x91][0xe7] [0xc2]c[0x8d][0xa4][0x15][0x5][0x94][0xe]&Z"[\r]&[0x92][0xe9]#D[0x10][0x93]i[0x0][0xa2][0x96]"[0xcf][0x0][0xa4][0xf1]@[0xaa]D2[0xd2][0xf0][0x1c]u[0xcc]C[0x14][0xff]dz[0x90][0xd2] [0xa6][0xf4]`4K[0xa4]1+[0xf2][0xbc]@[0xe9][\n]"
04:37:28.319 [main] DEBUG org.apache.http.wire --  << "2KJW[0x90]Y"[0x8d]EQ%V[0x91][0x16][0x11]S[0xc5]<J[0x7]{,[0x91][0x6]{[0xa8][0xe3] D[0x5]I^[0x9c]S:[0xec]bI[0xe9][0xb0][0x8b]%[0xa5]K[0xad],[0x91][0x96]ZQ%L[0x91][0xc6][0x81][0xa8]c[0x1e][0xa2][0x82][0xa4][0x8a]yH[0xa3]"[0xe4][0xc5]9[0xa5]K[0x8a],[0x91]6RR[0xc7]G[0x88][0x10]"[0xd3]G[0x88][0xea][0x89][\n]"
04:37:28.319 [main] DEBUG org.apache.http.wire --  << "[0xe]24@Z[0xab]B[0x8e][0x83][0xc][\r][0x90][0xb6][0xdd][0x91]i[0x0][0xc2]G[0xe4][0x19][0x80][0xb4][0xa8][0x84]L[0x3][0x10][0xe3][0x3]d[0x1a]@Y[0xd9]dh@a[0xf][0xc8][0xd0][0x0][0xa9][0x7]D[0x9e][0x17]([0xec][0x1][0x19][0x1a] m[0x2]#[0xd3][0x5][0x94]e[\r]C[0x3][0xa4]}$[0xe4][0xb9][0x80][0xc2].[0x8f][0xa1][0x1][0xd2][0x81][0xd9]d[0xba][0x0]18@[0xa6][0x1][0x94][0xa6]D[0xa4][0x95][0x17][0xe4][0xb9][0x0]i3[0xe]h[0xac][0x89][0x8c][0x81]%l[0xc3]S$[0xe]6[0x19][0x1a] u[0x8d][0xe8]9[0xd8]fh[0x80][0xd4][0xa5][0xc2]e1[0xfe]Q.C[0x3][0xa4][\r]Ad[0xc6][0x1][0xa5][0xa9][0x0][0xa9][0x1b]F[0xb6]'([0xcd][0xce]H[0xbb]z[0xc8][0xb][0x5][0xa4][0x8e][0x18][0x99][0x6] F0[0xa8]R[0xd7]"-t [0xd3]A[0x94][0x86])[0xd2]Z[0x5][0xf2]\[0x80][0xb4][0xd8][0x80]L[0x3][0x10]aJ[0xa6][0x1][0x94][0x16][0x91]H]7[0xef][0xd2][0xe4][0xcc][0xbc]t[0x5][0xff][0xa2][0xd4]<[0x8c][0x2]&2Q[0xc1]1[0xb7][0xa0]4O!3/S![0xa7]4[0xb9]T!)1/=[0xb5][0xa4][0xa4][0x4][0xe9][0xa4][\r]C[0x3][0xa4][0xdd][0x9f].[0xf9][\n]"
04:37:28.319 [main] DEBUG org.apache.http.wire --  << "y[0xf9]%[\n]"
04:37:28.319 [main] DEBUG org.apache.http.wire --  << "[0xc9][0xf9]y%[0x89][0x99]y[\n]"
04:37:28.319 [main] DEBUG org.apache.http.wire --  << "[0x5]E[0xf9])[0xa5][0xc9]%[\n]"
04:37:28.319 [main] DEBUG org.apache.http.wire --  << "[0x99]%[0xa9][0xb9][0x98]g[0xae][0x95]d[0xa6]$f+$[0xa6]$[0xc2][0xd5]e'[0x96][0xa4][0xa6][0xe7][0x17]e"F[0xee][\r][\r][0x90]zud[0x86][0x16][0x85][0x8d]+c[\n]"
04:37:28.319 [main] DEBUG org.apache.http.wire --  << "[0xfb],[0x86][0xc6]H}[0x16][0x1c]^@[0xf2][0xb0]1[0xd2][0xb4]2[0xe][0xd5][0xa0][0xc2][0x13]"[0x85]eR[0xd9][0xd0][0x98][0xf0][0xc9]5H[0xd6][0x19] [0xf5][0xc2]!fb$[0x3][0xfc][0xd6][0x19] [0xad][0x9]q[0xc9]W[0xf0][0xcb]/Q[0x8][0x80]D;[0x86]A[0xc4]E8[0x85][0x8b]4[0xc][\r][0x90][0xba][0xdd][0xe4][0xf9][0x88][0xc2]5[0x16][0x86][0x6]HK$[0xc8]t[0x1]e[0x3]T[0x86][0x6][0x14][0xf6][0xf4][\r][\r][0x90][0x8e][0x94]"[0xcf][0xb][0x94][0xe6][0x1a][0x3][0xa4][0x3][0x96][0xc9]t[0x1][0xa5][0xc5]$[0xa5]9[0xd1][0x80]pN$[0x90][0xb7](<[0x2][0xca][0xd0][0x0]iO[0x14]y[0x81]H[0xe1][0x9]N[0x86][0x6][0x14][0x8e]?[0x18][0x1a] mi"[0xd3][0xb][0x94]6[0x5]-)[0xcd][0x8d][0x84]o[0xda]#[0x90][0xe](<[0x14][0xd9][0xd0][0x10]i[\r][0x7]Y[0x81]h[0x88][0xb4][0xaa][0x83]L[0x3]([0xcc][0x8d][0x86]H[0x1b][0x90][0xc8]t[0x1][0x85][0xd1]hH[0xe1][0x5]y[0x86][0x86][0xb8][0x6][0x8a][0x0][0x0][0x0][0x0][0xff][0xff]"
04:37:28.319 [main] DEBUG org.apache.http.wire --  << "[\r][\n]"
04:37:28.319 [main] DEBUG org.apache.http.wire --  << "2D2[\r][\n]"
04:37:28.319 [main] DEBUG org.apache.http.wire --  << "*[0xca],([0xc9][0xcc][0xcf]S[0xb2]R[0xc2][0x9f][0xe][0xc][0x91]&[0xff][0xc9][0xb][0x3][0xa4][0xc9]2[\r] [0x18][0x8d]a[0x89]9[0xf9]E[0x89]y[0xa0]V_[0xa9]Bzbn[0xaa]BIjQRbf6R[0xab][0xc3][0x90][0xf0][0xc]~[0x18]q[0xe6][0x10][0x8c]S[0xe2][0x8c][0xa1][0xb0]WaH[0xe1][0x85]s[0x86][0x86][0x84][0x87][0xbf][0x88][0xf2][0x8][0xd2][0xbe]"[0x1c][0xf1]K[0x9c]1[0x14][0xe][0x7][0x1a]R:[0x14]f[0x88][0xb4]][0x89][0x1a][0x1d]OC[0xa4][0x91]1[0xaa][0x98]Gx[0x9c][0x8b][0xa8][0x80]6F[0x4]4u[0x9c][0x85]H[0xc8]T1[0xf]i([0x8b][0x92][0xf4][0x84]4"[0x84][0xc3][0x18][0x2][0x5][0x1f][0xe1][0xf1] [0xa2][0x82][0x9b][0xf0][0xe4]<q[0xc6] B[0x19][0x87]w[0x88]3[0x86]`[0xcf][0x94](c[0x90][0xce]^[0xc1][0xe1][0x1a][0x2][0x81]Kx[0xfb][0xc]r[0xd1][0x8d]t4[\n]"
04:37:28.319 [main] DEBUG org.apache.http.wire --  << "[0x99][0xd6][0x11][0xc]=d[0xeb]([0x9c][0xe8]64$<[0xd1][0x8d]b[0x1d][0xc1][\n]"
04:37:28.319 [main] DEBUG org.apache.http.wire --  << "[0x85]@`"[0x8d][0x86][0xe0][0x8][0x1e]d[0xeb]([0x9c]c64$[0xdc][0xd9]E[0xb1][0x8e]R[0xdf][0x11][0xee]W"[Gx[0xe0][0x83]@`[0x12][0xee][0x3][0xa2]XG[0xa9][0xef][0x90][0x8e][0xec]%}[0x8a][0xa1]!Ro[0x8d],[0xed][0x4][0x8b][0x3][0x2][0xa1][0x85]4WL[0x8e][0xfd]H]=[0xb2][0xb4]#[0xd6][0xaa][0x91][0xa5][0x1d][0xd1][0xb0]$K;[0xa2]"%K;[0xa2][0x8f]H[0x96]vD[0xca]#K;[0xa2]D$K;e[0xab][0x91][0xc][\r][0x91][0xba][0x97]d[0xd8]o[0x84][0xd4][0xb9]$K;[0x85][0xe3][0xe1]FHK[0xfd]q[0x14][0xb9][0xf8]3[0x8e][0x11][0xd2][0xd1][0x19]d[0x1a][0x80]H}d[0x1a][0x80]Hd[0x1a][0x80]H[0x81]d[0x1a][0x80]H[0x83]d[0x1a]@a*4[0xa2][0xb4]skD[0xe9]*[0x8]#[0xa4][0xbb]v[0xc8][0xb][0x3][0xa4]u[0xe5]d[0x1a]@i [0x12][0xee]G[0x12][0xc8][0xb]H[0xcb]([0xc8][0xdc][0xde]gh[0x84][0xb4][0x92][0xc2]/[0x1f]4[0x6][0x90][0x99][0x97][0x8e]1[0x1b][0x0][0x9a]([0x2][0xb9][0xa5][0xa0][0xb4][0xa8] [0xbf]8[0xb5][0x18][0xa9]&7[0xa2]p-[0xb9][0xa1][0x11][0xa5][0xfd]O#[0xa4][0xfe]'[0x8e][0x98]Dv/[0xa5][0xcb]&[0x8c][0x8]_T[0x8e]b[0x1d][0xa5][0xa5][0x5][0xd2][0xa5]=8|[0x7][0x8a][0x19][0x88][0x14][0xb6]9&#c[\n]"
04:37:28.319 [main] DEBUG org.apache.http.wire --  << "[0xdb]*FH[0x8b][0x13] [0xd6]`[0xa4][0xf][0x2]. [0xdc]#$d[0x0][0xa5][0x81]H[0xe1][0xb1][\r][0x86]F[0x14].[0x2]64[0xa2][0xf0]jaC#J[0x17][0x18][0x18]Q[0xda][0xf7]4BZ[0xda]M^:[0xa0]tE[0x81][0x11][0x85][0xb7]d[0x1b][0x1a]![0xcd][0xa6][0x93][0xe7][0x5][0xa4][0x19]Tr[0xf6][0xee][0x18][0x1a]![0xed][0xe9][0xce]H[0xc4][0xe]I[0xcd]^[0x94]Na[0x1a][0x11]>[0x97][0x80]@[0xfe]$[0xdc][0xd5]$d[0x0][0xa5]u)[0xd2][0x14]&9[0x1b][0xdd][0xc][0x8d]([0xed][0xff][0x1a]Qx.[0xa4][0xa1][0x11][0xd2][0xf2]f[0xf2][0xd2]&[0xa5]S[0x98]FH}j2]@q4RZW!Ma[0xe2]Z[\n]"
04:37:28.319 [main] DEBUG org.apache.http.wire --  << "[0x86]\;#MX[0xe][0xe0][0xf2]?#[0xa4]u[0xdb][0xb8]\M=[0xe7][0xa1][0xf8][0x1f]Q[0xb1][0xe2][0xb2][0x18][0x94]s[0xa1]rX[0x9b][0x17]$mh74B[0xea][0xbf]R[0xcf]K[0xc9]X[0x8b]L<[0xae]6F[0xea][0x7]C[0x95]a[0x18]A=[0xe7]![0x85][0xb8]1[0xd2][0xe4],.[0x8b][0x9][0x84][0xb8]1[0x99]}[0xe8][0xd8]Z.[0x0][0x0][0x0][0x0][0xff][0xff]"
04:37:28.319 [main] DEBUG org.apache.http.wire --  << "[\r][\n]"
04:37:28.319 [main] DEBUG org.apache.http.wire --  << "A[\r][\n]"
04:37:28.319 [main] DEBUG org.apache.http.wire --  << "[0x3][0x0]p>[0xd4][0xbf][0x8a]<[0x1][0x0]"
04:37:28.319 [main] DEBUG org.apache.http.wire --  << "[\r][\n]"
04:37:28.319 [main] DEBUG org.apache.http.wire --  << "0[\r][\n]"
04:37:28.319 [main] DEBUG org.apache.http.wire --  << "[\r][\n]"
04:37:28.319 [main] DEBUG io.restassured.internal.RestAssuredHttpBuilder -- Parsed data to instance of: class org.apache.http.conn.EofSensorInputStream
04:37:28.321 [main] DEBUG org.apache.http.impl.conn.BasicClientConnectionManager -- Releasing connection org.apache.http.impl.conn.ManagedClientConnectionImpl@1fd73dcb
04:37:28.321 [main] DEBUG org.apache.http.impl.conn.BasicClientConnectionManager -- Connection can be kept alive indefinitely
04:37:28.340 [main] DEBUG net.thucydides.core.steps.StepInterceptor -- STEP DONE: I GET HTTP request with valid endpoints all products categories
  &amp#27;[32mWhen &amp#27;[0m&amp#27;[32mI GET HTTP request with valid endpoints all products categories&amp#27;[0m   &amp#27;[90m# starter.stepdefinition.ProductCategoriesSteps.getHTTPRequestWithAllProductsCategories()&amp#27;[0m
04:37:28.342 [main] DEBUG net.thucydides.core.steps.StepInterceptor -- STARTING STEP: ProductCategoriesSteps.receiveResponseCode200GetAllProductsCategories - I receive valid HTTP response 200 for get all products categories
04:37:28.342 [main] DEBUG net.thucydides.core.steps.StepInterceptor -- STEP DONE: I receive valid HTTP response 200 for get all products categories
  &amp#27;[32mThen &amp#27;[0m&amp#27;[32mI receive valid HTTP response 200 for get all products categories&amp#27;[0m &amp#27;[90m# starter.stepdefinition.ProductCategoriesSteps.receiveResponseCode200GetAllProductsCategories()&amp#27;[0m
04:37:28.343 [main] INFO  -- 
  _____   ___   ___   _____     ___     _     ___   ___   ___   ___  
 |_   _| | __| / __| |_   _|   | _ \   /_\   / __| / __| | __| |   \ 
   | |   | _|  \__ \   | |     |  _/  / _ \  \__ \ \__ \ | _|  | |) |
   |_|   |___| |___/   |_|     |_|   /_/ \_\ |___/ |___/ |___| |___/ 

TC29 - Get all products categories
----------------------------------------------------------------------
]]></system-out>
  </testcase>
  <testcase name="TC30 - Get all products categories with invalid endpoints" classname="[04_Automation] - Product Categories" time="0.109">
    <system-out><![CDATA[
Scenario: TC30 - Get all products categories with invalid endpoints                         &amp#27;[90m# src/test/resources/ProductCategories.feature:37&amp#27;[0m
04:37:28.348 [main] INFO io.cucumber.core.plugin.SerenityReporter -- Running feature from file:///D:/TaksAlterra/MiniProject/MiniProject_API/src/test/resources/ProductCategories.feature
04:37:28.348 [main] WARN io.cucumber.core.plugin.SerenityReporter -- Feature from file:///D:/TaksAlterra/MiniProject/MiniProject_API/src/test/resources/ProductCategories.feature is not under the 'features' directory. Requirements report will not be correctly generated!
04:37:28.350 [main] INFO  -- 
  _____   ___   ___   _____     ___   _____     _     ___   _____   ___   ___  
 |_   _| | __| / __| |_   _|   / __| |_   _|   /_\   | _ \ |_   _| | __| |   \ 
   | |   | _|  \__ \   | |     \__ \   | |    / _ \  |   /   | |   | _|  | |) |
   |_|   |___| |___/   |_|     |___/   |_|   /_/ \_\ |_|_\   |_|   |___| |___/ 

TC30 - Get all products categories with invalid endpoints([04-automation]---product-categories;tc30---get-all-products-categories-with-invalid-endpoints)
--------------------------------------------------------------------------------
04:37:28.356 [main] DEBUG net.thucydides.core.steps.StepInterceptor -- STARTING STEP: ProductCategoriesSteps.getAllProductsCategoriesEndpoints2 - I GET all products categories endpoints 2
04:37:28.356 [main] DEBUG net.thucydides.core.steps.StepInterceptor -- STEP DONE: I GET all products categories endpoints 2
  &amp#27;[32mGiven &amp#27;[0m&amp#27;[32mI GET all products categories endpoints 2&amp#27;[0m                                           &amp#27;[90m# starter.stepdefinition.ProductCategoriesSteps.getAllProductsCategoriesEndpoints2()&amp#27;[0m
04:37:28.358 [main] DEBUG net.thucydides.core.steps.StepInterceptor -- STARTING STEP: ProductCategoriesSteps.getHTTPRequestWithInvalidEndpointsAllProductsCategories - I GET HTTP request with invalid endpoints all products categories
04:37:28.359 [main] DEBUG net.thucydides.core.steps.StepInterceptor -- STARTING STEP: ProductCategories.getHTTPRequestWithInvalidEndpointsAllProductsCategories - I GET all products categories endpoints 2
04:37:28.359 [main] DEBUG net.thucydides.core.steps.StepInterceptor -- STEP DONE: I GET all products categories endpoints 2
04:37:28.363 [main] DEBUG org.apache.http.impl.conn.BasicClientConnectionManager -- Get connection for route {s}->https://altashop-api.fly.dev:443
04:37:28.363 [main] DEBUG org.apache.http.impl.conn.DefaultClientConnectionOperator -- Connecting to altashop-api.fly.dev:443
04:37:28.419 [main] DEBUG org.apache.http.client.protocol.RequestAddCookies -- CookieSpec selected: ignoreCookies
04:37:28.419 [main] DEBUG org.apache.http.client.protocol.RequestAuthCache -- Auth cache not set in the context
04:37:28.419 [main] DEBUG org.apache.http.client.protocol.RequestTargetAuthentication -- Target auth state: UNCHALLENGED
04:37:28.419 [main] DEBUG org.apache.http.client.protocol.RequestProxyAuthentication -- Proxy auth state: UNCHALLENGED
04:37:28.419 [main] DEBUG org.apache.http.impl.client.DefaultHttpClient -- Attempt 1 to execute request
04:37:28.419 [main] DEBUG org.apache.http.impl.conn.DefaultClientConnection -- Sending request: GET /api/categorie HTTP/1.1
04:37:28.419 [main] DEBUG org.apache.http.wire --  >> "GET /api/categorie HTTP/1.1[\r][\n]"
04:37:28.419 [main] DEBUG org.apache.http.wire --  >> "Accept: */*[\r][\n]"
04:37:28.419 [main] DEBUG org.apache.http.wire --  >> "Host: altashop-api.fly.dev[\r][\n]"
04:37:28.419 [main] DEBUG org.apache.http.wire --  >> "Connection: Keep-Alive[\r][\n]"
04:37:28.419 [main] DEBUG org.apache.http.wire --  >> "User-Agent: Apache-HttpClient/4.5.13 (Java/17.0.8)[\r][\n]"
04:37:28.419 [main] DEBUG org.apache.http.wire --  >> "Accept-Encoding: gzip,deflate[\r][\n]"
04:37:28.419 [main] DEBUG org.apache.http.wire --  >> "[\r][\n]"
04:37:28.419 [main] DEBUG org.apache.http.headers -- >> GET /api/categorie HTTP/1.1
04:37:28.419 [main] DEBUG org.apache.http.headers -- >> Accept: */*
04:37:28.419 [main] DEBUG org.apache.http.headers -- >> Host: altashop-api.fly.dev
04:37:28.419 [main] DEBUG org.apache.http.headers -- >> Connection: Keep-Alive
04:37:28.419 [main] DEBUG org.apache.http.headers -- >> User-Agent: Apache-HttpClient/4.5.13 (Java/17.0.8)
04:37:28.419 [main] DEBUG org.apache.http.headers -- >> Accept-Encoding: gzip,deflate
04:37:28.443 [main] DEBUG org.apache.http.wire --  << "HTTP/1.1 404 Not Found[\r][\n]"
04:37:28.443 [main] DEBUG org.apache.http.wire --  << "date: Mon, 30 Oct 2023 21:37:29 GMT[\r][\n]"
04:37:28.443 [main] DEBUG org.apache.http.wire --  << "content-encoding: gzip[\r][\n]"
04:37:28.443 [main] DEBUG org.apache.http.wire --  << "content-type: text/plain; charset=utf-8[\r][\n]"
04:37:28.443 [main] DEBUG org.apache.http.wire --  << "transfer-encoding: chunked[\r][\n]"
04:37:28.443 [main] DEBUG org.apache.http.wire --  << "server: Fly/7328d5b5 (2023-10-27)[\r][\n]"
04:37:28.443 [main] DEBUG org.apache.http.wire --  << "via: 1.1 fly.io[\r][\n]"
04:37:28.443 [main] DEBUG org.apache.http.wire --  << "fly-request-id: 01HE18ADBZ4XPAMZNJKWF123RX-sin[\r][\n]"
04:37:28.443 [main] DEBUG org.apache.http.wire --  << "[\r][\n]"
04:37:28.443 [main] DEBUG org.apache.http.impl.conn.DefaultClientConnection -- Receiving response: HTTP/1.1 404 Not Found
04:37:28.443 [main] DEBUG org.apache.http.headers -- << HTTP/1.1 404 Not Found
04:37:28.443 [main] DEBUG org.apache.http.headers -- << date: Mon, 30 Oct 2023 21:37:29 GMT
04:37:28.443 [main] DEBUG org.apache.http.headers -- << content-encoding: gzip
04:37:28.443 [main] DEBUG org.apache.http.headers -- << content-type: text/plain; charset=utf-8
04:37:28.443 [main] DEBUG org.apache.http.headers -- << transfer-encoding: chunked
04:37:28.443 [main] DEBUG org.apache.http.headers -- << server: Fly/7328d5b5 (2023-10-27)
04:37:28.443 [main] DEBUG org.apache.http.headers -- << via: 1.1 fly.io
04:37:28.443 [main] DEBUG org.apache.http.headers -- << fly-request-id: 01HE18ADBZ4XPAMZNJKWF123RX-sin
04:37:28.443 [main] DEBUG org.apache.http.impl.client.DefaultHttpClient -- Connection can be kept alive indefinitely
04:37:28.443 [main] DEBUG io.restassured.internal.RestAssuredHttpBuilder -- Parsing response as: text/plain; charset=utf-8
04:37:28.443 [main] DEBUG org.apache.http.wire --  << "1E[\r][\n]"
04:37:28.443 [main] DEBUG org.apache.http.wire --  << "[0x1f][0x8b][0x8][0x0][0x0][0x0][0x0][0x0][0x4][0xff][0xcb][0xcb]/QH[0xcb]/[0xcd]K[0xe1][0x2][0x0][0xd4]I[0xfa]r[\n]"
04:37:28.443 [main] DEBUG org.apache.http.wire --  << "[0x0][0x0][0x0]"
04:37:28.443 [main] DEBUG org.apache.http.wire --  << "[\r][\n]"
04:37:28.443 [main] DEBUG org.apache.http.wire --  << "0[\r][\n]"
04:37:28.443 [main] DEBUG org.apache.http.wire --  << "[\r][\n]"
04:37:28.443 [main] DEBUG io.restassured.internal.RestAssuredHttpBuilder -- Parsed data to instance of: class org.apache.http.conn.EofSensorInputStream
04:37:28.444 [main] DEBUG org.apache.http.impl.conn.BasicClientConnectionManager -- Releasing connection org.apache.http.impl.conn.ManagedClientConnectionImpl@7ccfed46
04:37:28.444 [main] DEBUG org.apache.http.impl.conn.BasicClientConnectionManager -- Connection can be kept alive indefinitely
04:37:28.444 [main] DEBUG net.thucydides.core.steps.StepInterceptor -- STEP DONE: I GET HTTP request with invalid endpoints all products categories
  &amp#27;[32mWhen &amp#27;[0m&amp#27;[32mI GET HTTP request with invalid endpoints all products categories&amp#27;[0m                    &amp#27;[90m# starter.stepdefinition.ProductCategoriesSteps.getHTTPRequestWithInvalidEndpointsAllProductsCategories()&amp#27;[0m
04:37:28.446 [main] DEBUG net.thucydides.core.steps.StepInterceptor -- STARTING STEP: ProductCategoriesSteps.receiveResponseCode404ForAllProductsCategoriesWithInvalidEndpoints - I receive valid HTTP response 404 for all products categories with invalid endpoints
04:37:28.446 [main] DEBUG net.thucydides.core.steps.StepInterceptor -- STEP DONE: I receive valid HTTP response 404 for all products categories with invalid endpoints
  &amp#27;[32mThen &amp#27;[0m&amp#27;[32mI receive valid HTTP response 404 for all products categories with invalid endpoints&amp#27;[0m &amp#27;[90m# starter.stepdefinition.ProductCategoriesSteps.receiveResponseCode404ForAllProductsCategoriesWithInvalidEndpoints()&amp#27;[0m
04:37:28.452 [main] INFO  -- 
  _____   ___   ___   _____     ___     _     ___   ___   ___   ___  
 |_   _| | __| / __| |_   _|   | _ \   /_\   / __| / __| | __| |   \ 
   | |   | _|  \__ \   | |     |  _/  / _ \  \__ \ \__ \ | _|  | |) |
   |_|   |___| |___/   |_|     |_|   /_/ \_\ |___/ |___/ |___| |___/ 

TC30 - Get all products categories with invalid endpoints
----------------------------------------------------------------------
04:37:28.453 [Finalizer] DEBUG org.apache.http.impl.conn.DefaultClientConnection -- Connection 0.0.0.0:54387<->149.248.193.56:443 closed
04:37:28.453 [Finalizer] DEBUG org.apache.http.impl.conn.DefaultClientConnection -- Connection 0.0.0.0:54385<->149.248.193.56:443 closed
04:37:28.453 [Finalizer] DEBUG org.apache.http.impl.conn.DefaultClientConnection -- Connection 0.0.0.0:54386<->149.248.193.56:443 closed
]]></system-out>
  </testcase>
  <testcase name="TC31 - Get products categories by ID" classname="[04_Automation] - Product Categories" time="0.093">
    <system-out><![CDATA[
Scenario: TC31 - Get products categories by ID         &amp#27;[90m# src/test/resources/ProductCategories.feature:42&amp#27;[0m
04:37:28.457 [main] INFO io.cucumber.core.plugin.SerenityReporter -- Running feature from file:///D:/TaksAlterra/MiniProject/MiniProject_API/src/test/resources/ProductCategories.feature
04:37:28.457 [main] WARN io.cucumber.core.plugin.SerenityReporter -- Feature from file:///D:/TaksAlterra/MiniProject/MiniProject_API/src/test/resources/ProductCategories.feature is not under the 'features' directory. Requirements report will not be correctly generated!
04:37:28.458 [main] INFO  -- 
  _____   ___   ___   _____     ___   _____     _     ___   _____   ___   ___  
 |_   _| | __| / __| |_   _|   / __| |_   _|   /_\   | _ \ |_   _| | __| |   \ 
   | |   | _|  \__ \   | |     \__ \   | |    / _ \  |   /   | |   | _|  | |) |
   |_|   |___| |___/   |_|     |___/   |_|   /_/ \_\ |_|_\   |_|   |___| |___/ 

TC31 - Get products categories by ID([04-automation]---product-categories;tc31---get-products-categories-by-id)
--------------------------------------------------------------------------------
04:37:28.462 [main] DEBUG net.thucydides.core.steps.StepInterceptor -- STARTING STEP: ProductCategoriesSteps.getProductCategoryByID - I GET products categories endpoints by ID
04:37:28.462 [main] DEBUG net.thucydides.core.steps.StepInterceptor -- STEP DONE: I GET products categories endpoints by ID
  &amp#27;[32mGiven &amp#27;[0m&amp#27;[32mI GET products categories endpoints by ID&amp#27;[0m      &amp#27;[90m# starter.stepdefinition.ProductCategoriesSteps.getProductCategoryByID()&amp#27;[0m
04:37:28.464 [main] DEBUG net.thucydides.core.steps.StepInterceptor -- STARTING STEP: ProductCategoriesSteps.getHTTPRequestProductCategoryByID - I GET HTTP request with valid ID
04:37:28.464 [main] DEBUG net.thucydides.core.steps.StepInterceptor -- STARTING STEP: ProductCategories.getHTTPRequestProductCategoryByID - I GET products categories endpoints by ID
04:37:28.464 [main] DEBUG net.thucydides.core.steps.StepInterceptor -- STEP DONE: I GET products categories endpoints by ID
04:37:28.468 [main] DEBUG org.apache.http.impl.conn.BasicClientConnectionManager -- Get connection for route {s}->https://altashop-api.fly.dev:443
04:37:28.469 [main] DEBUG org.apache.http.impl.conn.DefaultClientConnectionOperator -- Connecting to altashop-api.fly.dev:443
04:37:28.516 [main] DEBUG org.apache.http.client.protocol.RequestAddCookies -- CookieSpec selected: ignoreCookies
04:37:28.516 [main] DEBUG org.apache.http.client.protocol.RequestAuthCache -- Auth cache not set in the context
04:37:28.516 [main] DEBUG org.apache.http.client.protocol.RequestTargetAuthentication -- Target auth state: UNCHALLENGED
04:37:28.516 [main] DEBUG org.apache.http.client.protocol.RequestProxyAuthentication -- Proxy auth state: UNCHALLENGED
04:37:28.517 [main] DEBUG org.apache.http.impl.client.DefaultHttpClient -- Attempt 1 to execute request
04:37:28.517 [main] DEBUG org.apache.http.impl.conn.DefaultClientConnection -- Sending request: GET /api/categories/29729 HTTP/1.1
04:37:28.517 [main] DEBUG org.apache.http.wire --  >> "GET /api/categories/29729 HTTP/1.1[\r][\n]"
04:37:28.517 [main] DEBUG org.apache.http.wire --  >> "Accept: */*[\r][\n]"
04:37:28.517 [main] DEBUG org.apache.http.wire --  >> "Host: altashop-api.fly.dev[\r][\n]"
04:37:28.517 [main] DEBUG org.apache.http.wire --  >> "Connection: Keep-Alive[\r][\n]"
04:37:28.517 [main] DEBUG org.apache.http.wire --  >> "User-Agent: Apache-HttpClient/4.5.13 (Java/17.0.8)[\r][\n]"
04:37:28.517 [main] DEBUG org.apache.http.wire --  >> "Accept-Encoding: gzip,deflate[\r][\n]"
04:37:28.517 [main] DEBUG org.apache.http.wire --  >> "[\r][\n]"
04:37:28.517 [main] DEBUG org.apache.http.headers -- >> GET /api/categories/29729 HTTP/1.1
04:37:28.517 [main] DEBUG org.apache.http.headers -- >> Accept: */*
04:37:28.517 [main] DEBUG org.apache.http.headers -- >> Host: altashop-api.fly.dev
04:37:28.517 [main] DEBUG org.apache.http.headers -- >> Connection: Keep-Alive
04:37:28.517 [main] DEBUG org.apache.http.headers -- >> User-Agent: Apache-HttpClient/4.5.13 (Java/17.0.8)
04:37:28.517 [main] DEBUG org.apache.http.headers -- >> Accept-Encoding: gzip,deflate
04:37:28.541 [main] DEBUG org.apache.http.wire --  << "HTTP/1.1 200 OK[\r][\n]"
04:37:28.541 [main] DEBUG org.apache.http.wire --  << "content-type: application/json[\r][\n]"
04:37:28.541 [main] DEBUG org.apache.http.wire --  << "date: Mon, 30 Oct 2023 21:37:30 GMT[\r][\n]"
04:37:28.541 [main] DEBUG org.apache.http.wire --  << "content-encoding: gzip[\r][\n]"
04:37:28.541 [main] DEBUG org.apache.http.wire --  << "transfer-encoding: chunked[\r][\n]"
04:37:28.541 [main] DEBUG org.apache.http.wire --  << "server: Fly/7328d5b5 (2023-10-27)[\r][\n]"
04:37:28.541 [main] DEBUG org.apache.http.wire --  << "via: 1.1 fly.io[\r][\n]"
04:37:28.541 [main] DEBUG org.apache.http.wire --  << "fly-request-id: 01HE18ADF25XM08J7E6TYK93C7-sin[\r][\n]"
04:37:28.541 [main] DEBUG org.apache.http.wire --  << "[\r][\n]"
04:37:28.541 [main] DEBUG org.apache.http.impl.conn.DefaultClientConnection -- Receiving response: HTTP/1.1 200 OK
04:37:28.541 [main] DEBUG org.apache.http.headers -- << HTTP/1.1 200 OK
04:37:28.541 [main] DEBUG org.apache.http.headers -- << content-type: application/json
04:37:28.541 [main] DEBUG org.apache.http.headers -- << date: Mon, 30 Oct 2023 21:37:30 GMT
04:37:28.541 [main] DEBUG org.apache.http.headers -- << content-encoding: gzip
04:37:28.541 [main] DEBUG org.apache.http.headers -- << transfer-encoding: chunked
04:37:28.541 [main] DEBUG org.apache.http.headers -- << server: Fly/7328d5b5 (2023-10-27)
04:37:28.541 [main] DEBUG org.apache.http.headers -- << via: 1.1 fly.io
04:37:28.541 [main] DEBUG org.apache.http.headers -- << fly-request-id: 01HE18ADF25XM08J7E6TYK93C7-sin
04:37:28.541 [main] DEBUG org.apache.http.impl.client.DefaultHttpClient -- Connection can be kept alive indefinitely
04:37:28.542 [main] DEBUG io.restassured.internal.RestAssuredHttpBuilder -- Parsing response as: application/json
04:37:28.542 [main] DEBUG org.apache.http.wire --  << "5A[\r][\n]"
04:37:28.542 [main] DEBUG org.apache.http.wire --  << "[0x1f][0x8b][0x8][0x0][0x0][0x0][0x0][0x0][0x4][0xff][0xab]VJI,IT[0xb2][0xaa]V[0xf2]tQ[0xb2]2[0xb2]47[0xb2][0xd4]Q[0xf2]K[0xcc]MU[0xb2]RJO[0xcc][0xcd][0xcc]KW[0xd2]QrI-N.[0xca],([0xc9][0xcc][0xcf]S[0xb2]RJ[0xcb]/R[0x80]H)[0x14][0x94][0x16][0x15][0xe4][0x17][0xa7][0x16]+[0xd5][0xd6]r[0x1][0x0]9[0xb4][0x8d][0xd4]J[0x0][0x0][0x0]"
04:37:28.542 [main] DEBUG org.apache.http.wire --  << "[\r][\n]"
04:37:28.542 [main] DEBUG org.apache.http.wire --  << "0[\r][\n]"
04:37:28.542 [main] DEBUG org.apache.http.wire --  << "[\r][\n]"
04:37:28.542 [main] DEBUG io.restassured.internal.RestAssuredHttpBuilder -- Parsed data to instance of: class org.apache.http.conn.EofSensorInputStream
04:37:28.543 [main] DEBUG org.apache.http.impl.conn.BasicClientConnectionManager -- Releasing connection org.apache.http.impl.conn.ManagedClientConnectionImpl@435a4d2d
04:37:28.543 [main] DEBUG org.apache.http.impl.conn.BasicClientConnectionManager -- Connection can be kept alive indefinitely
04:37:28.543 [main] DEBUG net.thucydides.core.steps.StepInterceptor -- STEP DONE: I GET HTTP request with valid ID
  &amp#27;[32mWhen &amp#27;[0m&amp#27;[32mI GET HTTP request with valid ID&amp#27;[0m                &amp#27;[90m# starter.stepdefinition.ProductCategoriesSteps.getHTTPRequestProductCategoryByID()&amp#27;[0m
04:37:28.545 [main] DEBUG net.thucydides.core.steps.StepInterceptor -- STARTING STEP: ProductCategoriesSteps.receiveResponseCode200ProductCategoryByID - I receive valid HTTP response 200 for get by ID
04:37:28.546 [main] DEBUG net.thucydides.core.steps.StepInterceptor -- STEP DONE: I receive valid HTTP response 200 for get by ID
  &amp#27;[32mThen &amp#27;[0m&amp#27;[32mI receive valid HTTP response 200 for get by ID&amp#27;[0m &amp#27;[90m# starter.stepdefinition.ProductCategoriesSteps.receiveResponseCode200ProductCategoryByID()&amp#27;[0m
04:37:28.546 [main] INFO  -- 
  _____   ___   ___   _____     ___     _     ___   ___   ___   ___  
 |_   _| | __| / __| |_   _|   | _ \   /_\   / __| / __| | __| |   \ 
   | |   | _|  \__ \   | |     |  _/  / _ \  \__ \ \__ \ | _|  | |) |
   |_|   |___| |___/   |_|     |_|   /_/ \_\ |___/ |___/ |___| |___/ 

TC31 - Get products categories by ID
----------------------------------------------------------------------
]]></system-out>
  </testcase>
  <testcase name="TC32 - Get products categories by invalid ID with character symbols" classname="[04_Automation] - Product Categories" time="0.095">
    <system-out><![CDATA[
Scenario: TC32 - Get products categories by invalid ID with character symbols         &amp#27;[90m# src/test/resources/ProductCategories.feature:47&amp#27;[0m
04:37:28.550 [main] INFO io.cucumber.core.plugin.SerenityReporter -- Running feature from file:///D:/TaksAlterra/MiniProject/MiniProject_API/src/test/resources/ProductCategories.feature
04:37:28.550 [main] WARN io.cucumber.core.plugin.SerenityReporter -- Feature from file:///D:/TaksAlterra/MiniProject/MiniProject_API/src/test/resources/ProductCategories.feature is not under the 'features' directory. Requirements report will not be correctly generated!
04:37:28.551 [main] INFO  -- 
  _____   ___   ___   _____     ___   _____     _     ___   _____   ___   ___  
 |_   _| | __| / __| |_   _|   / __| |_   _|   /_\   | _ \ |_   _| | __| |   \ 
   | |   | _|  \__ \   | |     \__ \   | |    / _ \  |   /   | |   | _|  | |) |
   |_|   |___| |___/   |_|     |___/   |_|   /_/ \_\ |_|_\   |_|   |___| |___/ 

TC32 - Get products categories by invalid ID with character symbols([04-automation]---product-categories;tc32---get-products-categories-by-invalid-id-with-character-symbols)
--------------------------------------------------------------------------------
04:37:28.554 [main] DEBUG net.thucydides.core.steps.StepInterceptor -- STARTING STEP: ProductCategoriesSteps.getProductsCategoriesEndpointsByID2 - I GET products categories endpoints by ID 2
04:37:28.554 [main] DEBUG net.thucydides.core.steps.StepInterceptor -- STEP DONE: I GET products categories endpoints by ID 2
  &amp#27;[32mGiven &amp#27;[0m&amp#27;[32mI GET products categories endpoints by ID 2&amp#27;[0m                                   &amp#27;[90m# starter.stepdefinition.ProductCategoriesSteps.getProductsCategoriesEndpointsByID2()&amp#27;[0m
04:37:28.556 [main] DEBUG net.thucydides.core.steps.StepInterceptor -- STARTING STEP: ProductCategoriesSteps.getHTTPRequestWithInvalidIDWithCharacterSysmbols - I GET HTTP request with invalid ID with character symbols
04:37:28.557 [main] DEBUG net.thucydides.core.steps.StepInterceptor -- STARTING STEP: ProductCategories.getHTTPRequestWithInvalidIDWithCharacterSysmbols - I GET products categories endpoints by ID 2
04:37:28.557 [main] DEBUG net.thucydides.core.steps.StepInterceptor -- STEP DONE: I GET products categories endpoints by ID 2
04:37:28.561 [main] DEBUG org.apache.http.impl.conn.BasicClientConnectionManager -- Get connection for route {s}->https://altashop-api.fly.dev:443
04:37:28.561 [main] DEBUG org.apache.http.impl.conn.DefaultClientConnectionOperator -- Connecting to altashop-api.fly.dev:443
04:37:28.612 [main] DEBUG org.apache.http.client.protocol.RequestAddCookies -- CookieSpec selected: ignoreCookies
04:37:28.612 [main] DEBUG org.apache.http.client.protocol.RequestAuthCache -- Auth cache not set in the context
04:37:28.612 [main] DEBUG org.apache.http.client.protocol.RequestTargetAuthentication -- Target auth state: UNCHALLENGED
04:37:28.612 [main] DEBUG org.apache.http.client.protocol.RequestProxyAuthentication -- Proxy auth state: UNCHALLENGED
04:37:28.612 [main] DEBUG org.apache.http.impl.client.DefaultHttpClient -- Attempt 1 to execute request
04:37:28.612 [main] DEBUG org.apache.http.impl.conn.DefaultClientConnection -- Sending request: GET /api/categories/-11331 HTTP/1.1
04:37:28.612 [main] DEBUG org.apache.http.wire --  >> "GET /api/categories/-11331 HTTP/1.1[\r][\n]"
04:37:28.612 [main] DEBUG org.apache.http.wire --  >> "Accept: */*[\r][\n]"
04:37:28.612 [main] DEBUG org.apache.http.wire --  >> "Host: altashop-api.fly.dev[\r][\n]"
04:37:28.612 [main] DEBUG org.apache.http.wire --  >> "Connection: Keep-Alive[\r][\n]"
04:37:28.612 [main] DEBUG org.apache.http.wire --  >> "User-Agent: Apache-HttpClient/4.5.13 (Java/17.0.8)[\r][\n]"
04:37:28.612 [main] DEBUG org.apache.http.wire --  >> "Accept-Encoding: gzip,deflate[\r][\n]"
04:37:28.612 [main] DEBUG org.apache.http.wire --  >> "[\r][\n]"
04:37:28.612 [main] DEBUG org.apache.http.headers -- >> GET /api/categories/-11331 HTTP/1.1
04:37:28.612 [main] DEBUG org.apache.http.headers -- >> Accept: */*
04:37:28.612 [main] DEBUG org.apache.http.headers -- >> Host: altashop-api.fly.dev
04:37:28.612 [main] DEBUG org.apache.http.headers -- >> Connection: Keep-Alive
04:37:28.612 [main] DEBUG org.apache.http.headers -- >> User-Agent: Apache-HttpClient/4.5.13 (Java/17.0.8)
04:37:28.612 [main] DEBUG org.apache.http.headers -- >> Accept-Encoding: gzip,deflate
04:37:28.637 [main] DEBUG org.apache.http.wire --  << "HTTP/1.1 500 Internal Server Error[\r][\n]"
04:37:28.637 [main] DEBUG org.apache.http.wire --  << "content-type: application/json[\r][\n]"
04:37:28.637 [main] DEBUG org.apache.http.wire --  << "date: Mon, 30 Oct 2023 21:37:30 GMT[\r][\n]"
04:37:28.637 [main] DEBUG org.apache.http.wire --  << "content-encoding: gzip[\r][\n]"
04:37:28.637 [main] DEBUG org.apache.http.wire --  << "transfer-encoding: chunked[\r][\n]"
04:37:28.637 [main] DEBUG org.apache.http.wire --  << "server: Fly/7328d5b5 (2023-10-27)[\r][\n]"
04:37:28.637 [main] DEBUG org.apache.http.wire --  << "via: 1.1 fly.io[\r][\n]"
04:37:28.637 [main] DEBUG org.apache.http.wire --  << "fly-request-id: 01HE18ADJ109HAQD4DV0G2DS2Z-sin[\r][\n]"
04:37:28.637 [main] DEBUG org.apache.http.wire --  << "[\r][\n]"
04:37:28.637 [main] DEBUG org.apache.http.impl.conn.DefaultClientConnection -- Receiving response: HTTP/1.1 500 Internal Server Error
04:37:28.637 [main] DEBUG org.apache.http.headers -- << HTTP/1.1 500 Internal Server Error
04:37:28.637 [main] DEBUG org.apache.http.headers -- << content-type: application/json
04:37:28.637 [main] DEBUG org.apache.http.headers -- << date: Mon, 30 Oct 2023 21:37:30 GMT
04:37:28.637 [main] DEBUG org.apache.http.headers -- << content-encoding: gzip
04:37:28.637 [main] DEBUG org.apache.http.headers -- << transfer-encoding: chunked
04:37:28.637 [main] DEBUG org.apache.http.headers -- << server: Fly/7328d5b5 (2023-10-27)
04:37:28.637 [main] DEBUG org.apache.http.headers -- << via: 1.1 fly.io
04:37:28.637 [main] DEBUG org.apache.http.headers -- << fly-request-id: 01HE18ADJ109HAQD4DV0G2DS2Z-sin
04:37:28.637 [main] DEBUG org.apache.http.impl.client.DefaultHttpClient -- Connection can be kept alive indefinitely
04:37:28.637 [main] DEBUG io.restassured.internal.RestAssuredHttpBuilder -- Parsing response as: application/json
04:37:28.637 [main] DEBUG org.apache.http.wire --  << "5C[\r][\n]"
04:37:28.637 [main] DEBUG org.apache.http.wire --  << "[0x1f][0x8b][0x8][0x0][0x0][0x0][0x0][0x0][0x4][0xff][0xab]VJ-*[0xca]/R[0xb2]R2[0xb4]01137110767[0xb0]4510[0xb2]0U[0xc8],VH/JM,I-R([0xc9]H[0xcc]S[0xc8]M[0xac][0xc8][0xcc]-[0xcd]U(K[0xcc])MUH[0xcb]/R[0xf0][0xcc]+1Q[0xaa][0xe5][0x2][0x0]]n[0xbd][0x9e]H[0x0][0x0][0x0]"
04:37:28.637 [main] DEBUG org.apache.http.wire --  << "[\r][\n]"
04:37:28.637 [main] DEBUG org.apache.http.wire --  << "0[\r][\n]"
04:37:28.637 [main] DEBUG org.apache.http.wire --  << "[\r][\n]"
04:37:28.637 [main] DEBUG io.restassured.internal.RestAssuredHttpBuilder -- Parsed data to instance of: class org.apache.http.conn.EofSensorInputStream
04:37:28.638 [main] DEBUG org.apache.http.impl.conn.BasicClientConnectionManager -- Releasing connection org.apache.http.impl.conn.ManagedClientConnectionImpl@3ed2a30c
04:37:28.638 [main] DEBUG org.apache.http.impl.conn.BasicClientConnectionManager -- Connection can be kept alive indefinitely
04:37:28.638 [main] DEBUG net.thucydides.core.steps.StepInterceptor -- STEP DONE: I GET HTTP request with invalid ID with character symbols
  &amp#27;[32mWhen &amp#27;[0m&amp#27;[32mI GET HTTP request with invalid ID with character symbols&amp#27;[0m                      &amp#27;[90m# starter.stepdefinition.ProductCategoriesSteps.getHTTPRequestWithInvalidIDWithCharacterSysmbols()&amp#27;[0m
04:37:28.640 [main] DEBUG net.thucydides.core.steps.StepInterceptor -- STARTING STEP: ProductCategoriesSteps.receiveResponseCode500ForGetByInvalidIDWithCharacterSysmbols - I receive valid HTTP response 500 for get by invalid ID with character symbols
04:37:28.640 [main] DEBUG net.thucydides.core.steps.StepInterceptor -- STEP DONE: I receive valid HTTP response 500 for get by invalid ID with character symbols
  &amp#27;[32mThen &amp#27;[0m&amp#27;[32mI receive valid HTTP response 500 for get by invalid ID with character symbols&amp#27;[0m &amp#27;[90m# starter.stepdefinition.ProductCategoriesSteps.receiveResponseCode500ForGetByInvalidIDWithCharacterSysmbols()&amp#27;[0m
04:37:28.641 [main] INFO  -- 
  _____   ___   ___   _____     ___     _     ___   ___   ___   ___  
 |_   _| | __| / __| |_   _|   | _ \   /_\   / __| / __| | __| |   \ 
   | |   | _|  \__ \   | |     |  _/  / _ \  \__ \ \__ \ | _|  | |) |
   |_|   |___| |___/   |_|     |_|   /_/ \_\ |___/ |___/ |___| |___/ 

TC32 - Get products categories by invalid ID with character symbols
----------------------------------------------------------------------
]]></system-out>
  </testcase>
  <testcase name="TC33 - Get categories by invalid ID with character alphabet" classname="[04_Automation] - Product Categories" time="0.098">
    <system-out><![CDATA[
Scenario: TC33 - Get categories by invalid ID with character alphabet                  &amp#27;[90m# src/test/resources/ProductCategories.feature:52&amp#27;[0m
04:37:28.646 [main] INFO io.cucumber.core.plugin.SerenityReporter -- Running feature from file:///D:/TaksAlterra/MiniProject/MiniProject_API/src/test/resources/ProductCategories.feature
04:37:28.646 [main] WARN io.cucumber.core.plugin.SerenityReporter -- Feature from file:///D:/TaksAlterra/MiniProject/MiniProject_API/src/test/resources/ProductCategories.feature is not under the 'features' directory. Requirements report will not be correctly generated!
04:37:28.647 [main] INFO  -- 
  _____   ___   ___   _____     ___   _____     _     ___   _____   ___   ___  
 |_   _| | __| / __| |_   _|   / __| |_   _|   /_\   | _ \ |_   _| | __| |   \ 
   | |   | _|  \__ \   | |     \__ \   | |    / _ \  |   /   | |   | _|  | |) |
   |_|   |___| |___/   |_|     |___/   |_|   /_/ \_\ |_|_\   |_|   |___| |___/ 

TC33 - Get categories by invalid ID with character alphabet([04-automation]---product-categories;tc33---get-categories-by-invalid-id-with-character-alphabet)
--------------------------------------------------------------------------------
04:37:28.651 [main] DEBUG net.thucydides.core.steps.StepInterceptor -- STARTING STEP: ProductCategoriesSteps.getProductsCategoriesEndpointsByID3 - I GET products categories endpoints by ID 3
04:37:28.651 [main] DEBUG net.thucydides.core.steps.StepInterceptor -- STEP DONE: I GET products categories endpoints by ID 3
  &amp#27;[32mGiven &amp#27;[0m&amp#27;[32mI GET products categories endpoints by ID 3&amp#27;[0m                                    &amp#27;[90m# starter.stepdefinition.ProductCategoriesSteps.getProductsCategoriesEndpointsByID3()&amp#27;[0m
04:37:28.653 [main] DEBUG net.thucydides.core.steps.StepInterceptor -- STARTING STEP: ProductCategoriesSteps.getHTTPRequestWithInvalidIDWithCharacterAlphabet - I GET HTTP request with invalid ID with character alphabet
04:37:28.654 [main] DEBUG net.thucydides.core.steps.StepInterceptor -- STARTING STEP: ProductCategories.getHTTPRequestWithInvalidIDWithCharacterAlphabet - I GET products categories endpoints by ID 3
04:37:28.654 [main] DEBUG net.thucydides.core.steps.StepInterceptor -- STEP DONE: I GET products categories endpoints by ID 3
04:37:28.659 [main] DEBUG org.apache.http.impl.conn.BasicClientConnectionManager -- Get connection for route {s}->https://altashop-api.fly.dev:443
04:37:28.659 [main] DEBUG org.apache.http.impl.conn.DefaultClientConnectionOperator -- Connecting to altashop-api.fly.dev:443
04:37:28.709 [main] DEBUG org.apache.http.client.protocol.RequestAddCookies -- CookieSpec selected: ignoreCookies
04:37:28.710 [main] DEBUG org.apache.http.client.protocol.RequestAuthCache -- Auth cache not set in the context
04:37:28.710 [main] DEBUG org.apache.http.client.protocol.RequestTargetAuthentication -- Target auth state: UNCHALLENGED
04:37:28.710 [main] DEBUG org.apache.http.client.protocol.RequestProxyAuthentication -- Proxy auth state: UNCHALLENGED
04:37:28.710 [main] DEBUG org.apache.http.impl.client.DefaultHttpClient -- Attempt 1 to execute request
04:37:28.710 [main] DEBUG org.apache.http.impl.conn.DefaultClientConnection -- Sending request: GET /api/categories/satu HTTP/1.1
04:37:28.710 [main] DEBUG org.apache.http.wire --  >> "GET /api/categories/satu HTTP/1.1[\r][\n]"
04:37:28.710 [main] DEBUG org.apache.http.wire --  >> "Accept: */*[\r][\n]"
04:37:28.710 [main] DEBUG org.apache.http.wire --  >> "Host: altashop-api.fly.dev[\r][\n]"
04:37:28.710 [main] DEBUG org.apache.http.wire --  >> "Connection: Keep-Alive[\r][\n]"
04:37:28.710 [main] DEBUG org.apache.http.wire --  >> "User-Agent: Apache-HttpClient/4.5.13 (Java/17.0.8)[\r][\n]"
04:37:28.710 [main] DEBUG org.apache.http.wire --  >> "Accept-Encoding: gzip,deflate[\r][\n]"
04:37:28.710 [main] DEBUG org.apache.http.wire --  >> "[\r][\n]"
04:37:28.710 [main] DEBUG org.apache.http.headers -- >> GET /api/categories/satu HTTP/1.1
04:37:28.710 [main] DEBUG org.apache.http.headers -- >> Accept: */*
04:37:28.710 [main] DEBUG org.apache.http.headers -- >> Host: altashop-api.fly.dev
04:37:28.710 [main] DEBUG org.apache.http.headers -- >> Connection: Keep-Alive
04:37:28.710 [main] DEBUG org.apache.http.headers -- >> User-Agent: Apache-HttpClient/4.5.13 (Java/17.0.8)
04:37:28.710 [main] DEBUG org.apache.http.headers -- >> Accept-Encoding: gzip,deflate
04:37:28.735 [main] DEBUG org.apache.http.wire --  << "HTTP/1.1 400 Bad Request[\r][\n]"
04:37:28.735 [main] DEBUG org.apache.http.wire --  << "content-type: application/json[\r][\n]"
04:37:28.735 [main] DEBUG org.apache.http.wire --  << "date: Mon, 30 Oct 2023 21:37:30 GMT[\r][\n]"
04:37:28.735 [main] DEBUG org.apache.http.wire --  << "content-encoding: gzip[\r][\n]"
04:37:28.735 [main] DEBUG org.apache.http.wire --  << "transfer-encoding: chunked[\r][\n]"
04:37:28.735 [main] DEBUG org.apache.http.wire --  << "server: Fly/7328d5b5 (2023-10-27)[\r][\n]"
04:37:28.735 [main] DEBUG org.apache.http.wire --  << "via: 1.1 fly.io[\r][\n]"
04:37:28.735 [main] DEBUG org.apache.http.wire --  << "fly-request-id: 01HE18ADN3TEWMJ90TX4GPJ175-sin[\r][\n]"
04:37:28.735 [main] DEBUG org.apache.http.wire --  << "[\r][\n]"
04:37:28.735 [main] DEBUG org.apache.http.impl.conn.DefaultClientConnection -- Receiving response: HTTP/1.1 400 Bad Request
04:37:28.735 [main] DEBUG org.apache.http.headers -- << HTTP/1.1 400 Bad Request
04:37:28.735 [main] DEBUG org.apache.http.headers -- << content-type: application/json
04:37:28.735 [main] DEBUG org.apache.http.headers -- << date: Mon, 30 Oct 2023 21:37:30 GMT
04:37:28.735 [main] DEBUG org.apache.http.headers -- << content-encoding: gzip
04:37:28.735 [main] DEBUG org.apache.http.headers -- << transfer-encoding: chunked
04:37:28.735 [main] DEBUG org.apache.http.headers -- << server: Fly/7328d5b5 (2023-10-27)
04:37:28.735 [main] DEBUG org.apache.http.headers -- << via: 1.1 fly.io
04:37:28.735 [main] DEBUG org.apache.http.headers -- << fly-request-id: 01HE18ADN3TEWMJ90TX4GPJ175-sin
04:37:28.735 [main] DEBUG org.apache.http.impl.client.DefaultHttpClient -- Connection can be kept alive indefinitely
04:37:28.735 [main] DEBUG io.restassured.internal.RestAssuredHttpBuilder -- Parsing response as: application/json
04:37:28.735 [main] DEBUG org.apache.http.wire --  << "4F[\r][\n]"
04:37:28.735 [main] DEBUG org.apache.http.wire --  << "[0x1f][0x8b][0x8][0x0][0x0][0x0][0x0][0x0][0x4][0xff][0xab]VJ-*[0xca]/R[0xb2]R*.)J[0xce][0xcf]+[0xd3]s,[0xc9][0xcf][0xb4]R(H,*[0xce][0xcc]KW[0x88]Q*N,)[0x8d]Q[0xb2]R[0xc8][0xcc]+K[0xcc][0xc9]LQ([0xae][0xcc]+I[0xac]P[0xaa][0xe5][0x2][0x0]n[0x13][0x8b][0x82];[0x0][0x0][0x0]"
04:37:28.735 [main] DEBUG org.apache.http.wire --  << "[\r][\n]"
04:37:28.735 [main] DEBUG org.apache.http.wire --  << "0[\r][\n]"
04:37:28.735 [main] DEBUG org.apache.http.wire --  << "[\r][\n]"
04:37:28.735 [main] DEBUG io.restassured.internal.RestAssuredHttpBuilder -- Parsed data to instance of: class org.apache.http.conn.EofSensorInputStream
04:37:28.736 [main] DEBUG org.apache.http.impl.conn.BasicClientConnectionManager -- Releasing connection org.apache.http.impl.conn.ManagedClientConnectionImpl@36f1bd7e
04:37:28.736 [main] DEBUG org.apache.http.impl.conn.BasicClientConnectionManager -- Connection can be kept alive indefinitely
04:37:28.736 [main] DEBUG net.thucydides.core.steps.StepInterceptor -- STEP DONE: I GET HTTP request with invalid ID with character alphabet
  &amp#27;[32mWhen &amp#27;[0m&amp#27;[32mI GET HTTP request with invalid ID with character alphabet&amp#27;[0m                      &amp#27;[90m# starter.stepdefinition.ProductCategoriesSteps.getHTTPRequestWithInvalidIDWithCharacterAlphabet()&amp#27;[0m
04:37:28.738 [main] DEBUG net.thucydides.core.steps.StepInterceptor -- STARTING STEP: ProductCategoriesSteps.receiveResponseCode400ForGetByInvalidIDWithCharacterAlphabet - I receive valid HTTP response 400 for get by invalid ID with character alphabet
04:37:28.739 [main] DEBUG net.thucydides.core.steps.StepInterceptor -- STEP DONE: I receive valid HTTP response 400 for get by invalid ID with character alphabet
  &amp#27;[32mThen &amp#27;[0m&amp#27;[32mI receive valid HTTP response 400 for get by invalid ID with character alphabet&amp#27;[0m &amp#27;[90m# starter.stepdefinition.ProductCategoriesSteps.receiveResponseCode400ForGetByInvalidIDWithCharacterAlphabet()&amp#27;[0m
04:37:28.739 [main] INFO  -- 
  _____   ___   ___   _____     ___     _     ___   ___   ___   ___  
 |_   _| | __| / __| |_   _|   | _ \   /_\   / __| / __| | __| |   \ 
   | |   | _|  \__ \   | |     |  _/  / _ \  \__ \ \__ \ | _|  | |) |
   |_|   |___| |___/   |_|     |_|   /_/ \_\ |___/ |___/ |___| |___/ 

TC33 - Get categories by invalid ID with character alphabet
----------------------------------------------------------------------
]]></system-out>
  </testcase>
  <testcase name="TC34 - Delete a products categories" classname="[04_Automation] - Product Categories" time="0.117">
    <system-out><![CDATA[
Scenario: TC34 - Delete a products categories                            &amp#27;[90m# src/test/resources/ProductCategories.feature:57&amp#27;[0m
04:37:28.744 [main] INFO io.cucumber.core.plugin.SerenityReporter -- Running feature from file:///D:/TaksAlterra/MiniProject/MiniProject_API/src/test/resources/ProductCategories.feature
04:37:28.744 [main] WARN io.cucumber.core.plugin.SerenityReporter -- Feature from file:///D:/TaksAlterra/MiniProject/MiniProject_API/src/test/resources/ProductCategories.feature is not under the 'features' directory. Requirements report will not be correctly generated!
04:37:28.744 [main] INFO  -- 
  _____   ___   ___   _____     ___   _____     _     ___   _____   ___   ___  
 |_   _| | __| / __| |_   _|   / __| |_   _|   /_\   | _ \ |_   _| | __| |   \ 
   | |   | _|  \__ \   | |     \__ \   | |    / _ \  |   /   | |   | _|  | |) |
   |_|   |___| |___/   |_|     |___/   |_|   /_/ \_\ |_|_\   |_|   |___| |___/ 

TC34 - Delete a products categories([04-automation]---product-categories;tc34---delete-a-products-categories)
--------------------------------------------------------------------------------
04:37:28.750 [main] DEBUG net.thucydides.core.steps.StepInterceptor -- STARTING STEP: ProductCategoriesSteps.deleteProductCategoriesEndpoints - I DELETE a products categories endpoints
04:37:28.750 [main] DEBUG net.thucydides.core.steps.StepInterceptor -- STEP DONE: I DELETE a products categories endpoints
  &amp#27;[32mGiven &amp#27;[0m&amp#27;[32mI DELETE a products categories endpoints&amp#27;[0m                         &amp#27;[90m# starter.stepdefinition.ProductCategoriesSteps.deleteProductCategoriesEndpoints()&amp#27;[0m
04:37:28.751 [main] DEBUG net.thucydides.core.steps.StepInterceptor -- STARTING STEP: ProductCategoriesSteps.deleteHTTPRequestAProductCategory - I DELETE HTTP request with valid ID
04:37:28.752 [main] DEBUG net.thucydides.core.steps.StepInterceptor -- STARTING STEP: ProductCategories.deleteHTTPRequestAProductCategory - I DELETE a products categories endpoints
04:37:28.752 [main] DEBUG net.thucydides.core.steps.StepInterceptor -- STEP DONE: I DELETE a products categories endpoints
04:37:28.757 [main] DEBUG org.apache.http.impl.conn.BasicClientConnectionManager -- Get connection for route {s}->https://altashop-api.fly.dev:443
04:37:28.757 [main] DEBUG org.apache.http.impl.conn.DefaultClientConnectionOperator -- Connecting to altashop-api.fly.dev:443
04:37:28.823 [main] DEBUG org.apache.http.client.protocol.RequestAddCookies -- CookieSpec selected: ignoreCookies
04:37:28.823 [main] DEBUG org.apache.http.client.protocol.RequestAuthCache -- Auth cache not set in the context
04:37:28.823 [main] DEBUG org.apache.http.client.protocol.RequestTargetAuthentication -- Target auth state: UNCHALLENGED
04:37:28.823 [main] DEBUG org.apache.http.client.protocol.RequestProxyAuthentication -- Proxy auth state: UNCHALLENGED
04:37:28.823 [main] DEBUG org.apache.http.impl.client.DefaultHttpClient -- Attempt 1 to execute request
04:37:28.823 [main] DEBUG org.apache.http.impl.conn.DefaultClientConnection -- Sending request: DELETE /api/categories/11382 HTTP/1.1
04:37:28.823 [main] DEBUG org.apache.http.wire --  >> "DELETE /api/categories/11382 HTTP/1.1[\r][\n]"
04:37:28.823 [main] DEBUG org.apache.http.wire --  >> "Accept: */*[\r][\n]"
04:37:28.823 [main] DEBUG org.apache.http.wire --  >> "Host: altashop-api.fly.dev[\r][\n]"
04:37:28.823 [main] DEBUG org.apache.http.wire --  >> "Connection: Keep-Alive[\r][\n]"
04:37:28.823 [main] DEBUG org.apache.http.wire --  >> "User-Agent: Apache-HttpClient/4.5.13 (Java/17.0.8)[\r][\n]"
04:37:28.823 [main] DEBUG org.apache.http.wire --  >> "Accept-Encoding: gzip,deflate[\r][\n]"
04:37:28.823 [main] DEBUG org.apache.http.wire --  >> "[\r][\n]"
04:37:28.823 [main] DEBUG org.apache.http.headers -- >> DELETE /api/categories/11382 HTTP/1.1
04:37:28.823 [main] DEBUG org.apache.http.headers -- >> Accept: */*
04:37:28.823 [main] DEBUG org.apache.http.headers -- >> Host: altashop-api.fly.dev
04:37:28.823 [main] DEBUG org.apache.http.headers -- >> Connection: Keep-Alive
04:37:28.823 [main] DEBUG org.apache.http.headers -- >> User-Agent: Apache-HttpClient/4.5.13 (Java/17.0.8)
04:37:28.823 [main] DEBUG org.apache.http.headers -- >> Accept-Encoding: gzip,deflate
04:37:28.851 [main] DEBUG org.apache.http.wire --  << "HTTP/1.1 200 OK[\r][\n]"
04:37:28.851 [main] DEBUG org.apache.http.wire --  << "content-type: application/json[\r][\n]"
04:37:28.851 [main] DEBUG org.apache.http.wire --  << "date: Mon, 30 Oct 2023 21:37:30 GMT[\r][\n]"
04:37:28.851 [main] DEBUG org.apache.http.wire --  << "content-encoding: gzip[\r][\n]"
04:37:28.851 [main] DEBUG org.apache.http.wire --  << "transfer-encoding: chunked[\r][\n]"
04:37:28.851 [main] DEBUG org.apache.http.wire --  << "server: Fly/7328d5b5 (2023-10-27)[\r][\n]"
04:37:28.851 [main] DEBUG org.apache.http.wire --  << "via: 1.1 fly.io[\r][\n]"
04:37:28.851 [main] DEBUG org.apache.http.wire --  << "fly-request-id: 01HE18ADRKPPT1DPGZ68N8B768-sin[\r][\n]"
04:37:28.851 [main] DEBUG org.apache.http.wire --  << "[\r][\n]"
04:37:28.851 [main] DEBUG org.apache.http.impl.conn.DefaultClientConnection -- Receiving response: HTTP/1.1 200 OK
04:37:28.851 [main] DEBUG org.apache.http.headers -- << HTTP/1.1 200 OK
04:37:28.851 [main] DEBUG org.apache.http.headers -- << content-type: application/json
04:37:28.851 [main] DEBUG org.apache.http.headers -- << date: Mon, 30 Oct 2023 21:37:30 GMT
04:37:28.851 [main] DEBUG org.apache.http.headers -- << content-encoding: gzip
04:37:28.851 [main] DEBUG org.apache.http.headers -- << transfer-encoding: chunked
04:37:28.851 [main] DEBUG org.apache.http.headers -- << server: Fly/7328d5b5 (2023-10-27)
04:37:28.851 [main] DEBUG org.apache.http.headers -- << via: 1.1 fly.io
04:37:28.851 [main] DEBUG org.apache.http.headers -- << fly-request-id: 01HE18ADRKPPT1DPGZ68N8B768-sin
04:37:28.851 [main] DEBUG org.apache.http.impl.client.DefaultHttpClient -- Connection can be kept alive indefinitely
04:37:28.851 [main] DEBUG io.restassured.internal.RestAssuredHttpBuilder -- Parsing response as: application/json
04:37:28.851 [main] DEBUG org.apache.http.wire --  << "22[\r][\n]"
04:37:28.851 [main] DEBUG org.apache.http.wire --  << "[0x1f][0x8b][0x8][0x0][0x0][0x0][0x0][0x0][0x4][0xff][0xab]VJI,IT[0xb2][0xca]+[0xcd][0xc9][0xa9][0xe5][0x2][0x0][0xa3][0xab][0x8f]W[0xe][0x0][0x0][0x0]"
04:37:28.851 [main] DEBUG org.apache.http.wire --  << "[\r][\n]"
04:37:28.851 [main] DEBUG org.apache.http.wire --  << "0[\r][\n]"
04:37:28.851 [main] DEBUG org.apache.http.wire --  << "[\r][\n]"
04:37:28.851 [main] DEBUG io.restassured.internal.RestAssuredHttpBuilder -- Parsed data to instance of: class org.apache.http.conn.EofSensorInputStream
04:37:28.852 [main] DEBUG org.apache.http.impl.conn.BasicClientConnectionManager -- Releasing connection org.apache.http.impl.conn.ManagedClientConnectionImpl@48064a5a
04:37:28.852 [main] DEBUG org.apache.http.impl.conn.BasicClientConnectionManager -- Connection can be kept alive indefinitely
04:37:28.853 [main] DEBUG net.thucydides.core.steps.StepInterceptor -- STEP DONE: I DELETE HTTP request with valid ID
  &amp#27;[32mWhen &amp#27;[0m&amp#27;[32mI DELETE HTTP request with valid ID&amp#27;[0m                               &amp#27;[90m# starter.stepdefinition.ProductCategoriesSteps.deleteHTTPRequestAProductCategory()&amp#27;[0m
04:37:28.855 [main] DEBUG net.thucydides.core.steps.StepInterceptor -- STARTING STEP: ProductCategoriesSteps.receiveResponseCode200DeleteProductCategories - I receive valid HTTP response 200 for delete a product categories
04:37:28.855 [main] DEBUG net.thucydides.core.steps.StepInterceptor -- STEP DONE: I receive valid HTTP response 200 for delete a product categories
  &amp#27;[32mThen &amp#27;[0m&amp#27;[32mI receive valid HTTP response 200 for delete a product categories&amp#27;[0m &amp#27;[90m# starter.stepdefinition.ProductCategoriesSteps.receiveResponseCode200DeleteProductCategories()&amp#27;[0m
04:37:28.856 [main] INFO  -- 
  _____   ___   ___   _____     ___     _     ___   ___   ___   ___  
 |_   _| | __| / __| |_   _|   | _ \   /_\   / __| / __| | __| |   \ 
   | |   | _|  \__ \   | |     |  _/  / _ \  \__ \ \__ \ | _|  | |) |
   |_|   |___| |___/   |_|     |_|   /_/ \_\ |___/ |___/ |___| |___/ 

TC34 - Delete a products categories
----------------------------------------------------------------------
]]></system-out>
  </testcase>
  <testcase name="TC35 - Delete a products categories by invalid ID with character symbols" classname="[04_Automation] - Product Categories" time="0.104">
    <system-out><![CDATA[
Scenario: TC35 - Delete a products categories by invalid ID with character symbols              &amp#27;[90m# src/test/resources/ProductCategories.feature:62&amp#27;[0m
04:37:28.860 [main] INFO io.cucumber.core.plugin.SerenityReporter -- Running feature from file:///D:/TaksAlterra/MiniProject/MiniProject_API/src/test/resources/ProductCategories.feature
04:37:28.860 [main] WARN io.cucumber.core.plugin.SerenityReporter -- Feature from file:///D:/TaksAlterra/MiniProject/MiniProject_API/src/test/resources/ProductCategories.feature is not under the 'features' directory. Requirements report will not be correctly generated!
04:37:28.861 [main] INFO  -- 
  _____   ___   ___   _____     ___   _____     _     ___   _____   ___   ___  
 |_   _| | __| / __| |_   _|   / __| |_   _|   /_\   | _ \ |_   _| | __| |   \ 
   | |   | _|  \__ \   | |     \__ \   | |    / _ \  |   /   | |   | _|  | |) |
   |_|   |___| |___/   |_|     |___/   |_|   /_/ \_\ |_|_\   |_|   |___| |___/ 

TC35 - Delete a products categories by invalid ID with character symbols([04-automation]---product-categories;tc35---delete-a-products-categories-by-invalid-id-with-character-symbols)
--------------------------------------------------------------------------------
04:37:28.866 [main] DEBUG net.thucydides.core.steps.StepInterceptor -- STARTING STEP: ProductCategoriesSteps.deleteProductsCategoriesEndpointsByID - I DELETE a product categories endpoints by ID
04:37:28.866 [main] DEBUG net.thucydides.core.steps.StepInterceptor -- STEP DONE: I DELETE a product categories endpoints by ID
  &amp#27;[32mGiven &amp#27;[0m&amp#27;[32mI DELETE a product categories endpoints by ID&amp#27;[0m                                           &amp#27;[90m# starter.stepdefinition.ProductCategoriesSteps.deleteProductsCategoriesEndpointsByID()&amp#27;[0m
04:37:28.868 [main] DEBUG net.thucydides.core.steps.StepInterceptor -- STARTING STEP: ProductCategoriesSteps.deleteHTTPRequestWithInvalidIDWithCharacterSymbols - I DELETE HTTP request with invalid ID with character symbols
04:37:28.868 [main] DEBUG net.thucydides.core.steps.StepInterceptor -- STARTING STEP: ProductCategories.deleteHTTPRequestWithInvalidIDWithCharacterSymbols - I DELETE a product categories endpoints by ID
04:37:28.869 [main] DEBUG net.thucydides.core.steps.StepInterceptor -- STEP DONE: I DELETE a product categories endpoints by ID
04:37:28.872 [main] DEBUG org.apache.http.impl.conn.BasicClientConnectionManager -- Get connection for route {s}->https://altashop-api.fly.dev:443
04:37:28.872 [main] DEBUG org.apache.http.impl.conn.DefaultClientConnectionOperator -- Connecting to altashop-api.fly.dev:443
04:37:28.932 [main] DEBUG org.apache.http.client.protocol.RequestAddCookies -- CookieSpec selected: ignoreCookies
04:37:28.932 [main] DEBUG org.apache.http.client.protocol.RequestAuthCache -- Auth cache not set in the context
04:37:28.932 [main] DEBUG org.apache.http.client.protocol.RequestTargetAuthentication -- Target auth state: UNCHALLENGED
04:37:28.932 [main] DEBUG org.apache.http.client.protocol.RequestProxyAuthentication -- Proxy auth state: UNCHALLENGED
04:37:28.932 [main] DEBUG org.apache.http.impl.client.DefaultHttpClient -- Attempt 1 to execute request
04:37:28.932 [main] DEBUG org.apache.http.impl.conn.DefaultClientConnection -- Sending request: DELETE /api/categories/-11382 HTTP/1.1
04:37:28.932 [main] DEBUG org.apache.http.wire --  >> "DELETE /api/categories/-11382 HTTP/1.1[\r][\n]"
04:37:28.932 [main] DEBUG org.apache.http.wire --  >> "Accept: */*[\r][\n]"
04:37:28.932 [main] DEBUG org.apache.http.wire --  >> "Host: altashop-api.fly.dev[\r][\n]"
04:37:28.932 [main] DEBUG org.apache.http.wire --  >> "Connection: Keep-Alive[\r][\n]"
04:37:28.932 [main] DEBUG org.apache.http.wire --  >> "User-Agent: Apache-HttpClient/4.5.13 (Java/17.0.8)[\r][\n]"
04:37:28.932 [main] DEBUG org.apache.http.wire --  >> "Accept-Encoding: gzip,deflate[\r][\n]"
04:37:28.932 [main] DEBUG org.apache.http.wire --  >> "[\r][\n]"
04:37:28.932 [main] DEBUG org.apache.http.headers -- >> DELETE /api/categories/-11382 HTTP/1.1
04:37:28.932 [main] DEBUG org.apache.http.headers -- >> Accept: */*
04:37:28.932 [main] DEBUG org.apache.http.headers -- >> Host: altashop-api.fly.dev
04:37:28.932 [main] DEBUG org.apache.http.headers -- >> Connection: Keep-Alive
04:37:28.932 [main] DEBUG org.apache.http.headers -- >> User-Agent: Apache-HttpClient/4.5.13 (Java/17.0.8)
04:37:28.932 [main] DEBUG org.apache.http.headers -- >> Accept-Encoding: gzip,deflate
04:37:28.957 [main] DEBUG org.apache.http.wire --  << "HTTP/1.1 500 Internal Server Error[\r][\n]"
04:37:28.957 [main] DEBUG org.apache.http.wire --  << "content-type: application/json[\r][\n]"
04:37:28.958 [main] DEBUG org.apache.http.wire --  << "date: Mon, 30 Oct 2023 21:37:30 GMT[\r][\n]"
04:37:28.958 [main] DEBUG org.apache.http.wire --  << "content-encoding: gzip[\r][\n]"
04:37:28.958 [main] DEBUG org.apache.http.wire --  << "transfer-encoding: chunked[\r][\n]"
04:37:28.958 [main] DEBUG org.apache.http.wire --  << "server: Fly/7328d5b5 (2023-10-27)[\r][\n]"
04:37:28.958 [main] DEBUG org.apache.http.wire --  << "via: 1.1 fly.io[\r][\n]"
04:37:28.958 [main] DEBUG org.apache.http.wire --  << "fly-request-id: 01HE18ADW0N3J821GCT7MHVQKW-sin[\r][\n]"
04:37:28.958 [main] DEBUG org.apache.http.wire --  << "[\r][\n]"
04:37:28.958 [main] DEBUG org.apache.http.impl.conn.DefaultClientConnection -- Receiving response: HTTP/1.1 500 Internal Server Error
04:37:28.958 [main] DEBUG org.apache.http.headers -- << HTTP/1.1 500 Internal Server Error
04:37:28.958 [main] DEBUG org.apache.http.headers -- << content-type: application/json
04:37:28.958 [main] DEBUG org.apache.http.headers -- << date: Mon, 30 Oct 2023 21:37:30 GMT
04:37:28.958 [main] DEBUG org.apache.http.headers -- << content-encoding: gzip
04:37:28.958 [main] DEBUG org.apache.http.headers -- << transfer-encoding: chunked
04:37:28.958 [main] DEBUG org.apache.http.headers -- << server: Fly/7328d5b5 (2023-10-27)
04:37:28.958 [main] DEBUG org.apache.http.headers -- << via: 1.1 fly.io
04:37:28.958 [main] DEBUG org.apache.http.headers -- << fly-request-id: 01HE18ADW0N3J821GCT7MHVQKW-sin
04:37:28.958 [main] DEBUG org.apache.http.impl.client.DefaultHttpClient -- Connection can be kept alive indefinitely
04:37:28.958 [main] DEBUG io.restassured.internal.RestAssuredHttpBuilder -- Parsing response as: application/json
04:37:28.958 [main] DEBUG org.apache.http.wire --  << "5C[\r][\n]"
04:37:28.958 [main] DEBUG org.apache.http.wire --  << "[0x1f][0x8b][0x8][0x0][0x0][0x0][0x0][0x0][0x4][0xff][0xab]VJ-*[0xca]/R[0xb2]R2[0xb4]01137110767[0xb0]451026Q[0xc8],VH/JM,I-R([0xc9]H[0xcc]S[0xc8]M[0xac][0xc8][0xcc]-[0xcd]U(K[0xcc])MUH[0xcb]/R[0xf0][0xcc]+1Q[0xaa][0xe5][0x2][0x0]Q[0x15][0xe6]-H[0x0][0x0][0x0]"
04:37:28.958 [main] DEBUG org.apache.http.wire --  << "[\r][\n]"
04:37:28.958 [main] DEBUG org.apache.http.wire --  << "0[\r][\n]"
04:37:28.958 [main] DEBUG org.apache.http.wire --  << "[\r][\n]"
04:37:28.958 [main] DEBUG io.restassured.internal.RestAssuredHttpBuilder -- Parsed data to instance of: class org.apache.http.conn.EofSensorInputStream
04:37:28.959 [main] DEBUG org.apache.http.impl.conn.BasicClientConnectionManager -- Releasing connection org.apache.http.impl.conn.ManagedClientConnectionImpl@26edfa34
04:37:28.959 [main] DEBUG org.apache.http.impl.conn.BasicClientConnectionManager -- Connection can be kept alive indefinitely
04:37:28.959 [main] DEBUG net.thucydides.core.steps.StepInterceptor -- STEP DONE: I DELETE HTTP request with invalid ID with character symbols
  &amp#27;[32mWhen &amp#27;[0m&amp#27;[32mI DELETE HTTP request with invalid ID with character symbols&amp#27;[0m                             &amp#27;[90m# starter.stepdefinition.ProductCategoriesSteps.deleteHTTPRequestWithInvalidIDWithCharacterSymbols()&amp#27;[0m
04:37:28.960 [main] DEBUG net.thucydides.core.steps.StepInterceptor -- STARTING STEP: ProductCategoriesSteps.receiveResponseCode500ForDeleteProductsCategoriesWithCharacterSymbols - I receive valid HTTP response 500 for delete a product categories with character symbols
04:37:28.960 [main] DEBUG net.thucydides.core.steps.StepInterceptor -- STEP DONE: I receive valid HTTP response 500 for delete a product categories with character symbols
  &amp#27;[32mThen &amp#27;[0m&amp#27;[32mI receive valid HTTP response 500 for delete a product categories with character symbols&amp#27;[0m &amp#27;[90m# starter.stepdefinition.ProductCategoriesSteps.receiveResponseCode500ForDeleteProductsCategoriesWithCharacterSymbols()&amp#27;[0m
04:37:28.961 [main] INFO  -- 
  _____   ___   ___   _____     ___     _     ___   ___   ___   ___  
 |_   _| | __| / __| |_   _|   | _ \   /_\   / __| / __| | __| |   \ 
   | |   | _|  \__ \   | |     |  _/  / _ \  \__ \ \__ \ | _|  | |) |
   |_|   |___| |___/   |_|     |_|   /_/ \_\ |___/ |___/ |___| |___/ 

TC35 - Delete a products categories by invalid ID with character symbols
----------------------------------------------------------------------
]]></system-out>
  </testcase>
  <testcase name="TC36 - Delete a categories by invalid ID with character alphabet" classname="[04_Automation] - Product Categories" time="0.101">
    <system-out><![CDATA[04:37:28.966 [Finalizer] DEBUG org.apache.http.impl.conn.DefaultClientConnection -- Connection 0.0.0.0:54390<->149.248.193.56:443 closed
04:37:28.966 [Finalizer] DEBUG org.apache.http.impl.conn.DefaultClientConnection -- Connection 0.0.0.0:54391<->149.248.193.56:443 closed
04:37:28.966 [Finalizer] DEBUG org.apache.http.impl.conn.DefaultClientConnection -- Connection 0.0.0.0:54392<->149.248.193.56:443 closed
04:37:28.966 [Finalizer] DEBUG org.apache.http.impl.conn.DefaultClientConnection -- Connection 0.0.0.0:54388<->149.248.193.56:443 closed

Scenario: TC36 - Delete a categories by invalid ID with character alphabet                       &amp#27;[90m# src/test/resources/ProductCategories.feature:67&amp#27;[0m
04:37:28.966 [Finalizer] DEBUG org.apache.http.impl.conn.DefaultClientConnection -- Connection 0.0.0.0:54389<->149.248.193.56:443 closed
04:37:28.968 [main] INFO io.cucumber.core.plugin.SerenityReporter -- Running feature from file:///D:/TaksAlterra/MiniProject/MiniProject_API/src/test/resources/ProductCategories.feature
04:37:28.968 [main] WARN io.cucumber.core.plugin.SerenityReporter -- Feature from file:///D:/TaksAlterra/MiniProject/MiniProject_API/src/test/resources/ProductCategories.feature is not under the 'features' directory. Requirements report will not be correctly generated!
04:37:28.968 [main] INFO  -- 
  _____   ___   ___   _____     ___   _____     _     ___   _____   ___   ___  
 |_   _| | __| / __| |_   _|   / __| |_   _|   /_\   | _ \ |_   _| | __| |   \ 
   | |   | _|  \__ \   | |     \__ \   | |    / _ \  |   /   | |   | _|  | |) |
   |_|   |___| |___/   |_|     |___/   |_|   /_/ \_\ |_|_\   |_|   |___| |___/ 

TC36 - Delete a categories by invalid ID with character alphabet([04-automation]---product-categories;tc36---delete-a-categories-by-invalid-id-with-character-alphabet)
--------------------------------------------------------------------------------
04:37:28.971 [main] DEBUG net.thucydides.core.steps.StepInterceptor -- STARTING STEP: ProductCategoriesSteps.deleteProducstCategoriesEndpointsByID2 - I DELETE a product categories endpoints by ID 2
04:37:28.972 [main] DEBUG net.thucydides.core.steps.StepInterceptor -- STEP DONE: I DELETE a product categories endpoints by ID 2
  &amp#27;[32mGiven &amp#27;[0m&amp#27;[32mI DELETE a product categories endpoints by ID 2&amp#27;[0m                                          &amp#27;[90m# starter.stepdefinition.ProductCategoriesSteps.deleteProducstCategoriesEndpointsByID2()&amp#27;[0m
04:37:28.973 [main] DEBUG net.thucydides.core.steps.StepInterceptor -- STARTING STEP: ProductCategoriesSteps.deleteHTTPRequestWithInvalidIDWithCharacterAlphabet - I DELETE HTTP request with invalid ID with character alphabet
04:37:28.973 [main] DEBUG net.thucydides.core.steps.StepInterceptor -- STARTING STEP: ProductCategories.deleteHTTPRequestWithInvalidIDWithCharacterAlphabet - I DELETE a product categories endpoints by ID 2
04:37:28.974 [main] DEBUG net.thucydides.core.steps.StepInterceptor -- STEP DONE: I DELETE a product categories endpoints by ID 2
04:37:28.979 [main] DEBUG org.apache.http.impl.conn.BasicClientConnectionManager -- Get connection for route {s}->https://altashop-api.fly.dev:443
04:37:28.979 [main] DEBUG org.apache.http.impl.conn.DefaultClientConnectionOperator -- Connecting to altashop-api.fly.dev:443
04:37:29.033 [main] DEBUG org.apache.http.client.protocol.RequestAddCookies -- CookieSpec selected: ignoreCookies
04:37:29.033 [main] DEBUG org.apache.http.client.protocol.RequestAuthCache -- Auth cache not set in the context
04:37:29.033 [main] DEBUG org.apache.http.client.protocol.RequestTargetAuthentication -- Target auth state: UNCHALLENGED
04:37:29.033 [main] DEBUG org.apache.http.client.protocol.RequestProxyAuthentication -- Proxy auth state: UNCHALLENGED
04:37:29.033 [main] DEBUG org.apache.http.impl.client.DefaultHttpClient -- Attempt 1 to execute request
04:37:29.033 [main] DEBUG org.apache.http.impl.conn.DefaultClientConnection -- Sending request: DELETE /api/categories/satu HTTP/1.1
04:37:29.033 [main] DEBUG org.apache.http.wire --  >> "DELETE /api/categories/satu HTTP/1.1[\r][\n]"
04:37:29.033 [main] DEBUG org.apache.http.wire --  >> "Accept: */*[\r][\n]"
04:37:29.033 [main] DEBUG org.apache.http.wire --  >> "Host: altashop-api.fly.dev[\r][\n]"
04:37:29.033 [main] DEBUG org.apache.http.wire --  >> "Connection: Keep-Alive[\r][\n]"
04:37:29.033 [main] DEBUG org.apache.http.wire --  >> "User-Agent: Apache-HttpClient/4.5.13 (Java/17.0.8)[\r][\n]"
04:37:29.033 [main] DEBUG org.apache.http.wire --  >> "Accept-Encoding: gzip,deflate[\r][\n]"
04:37:29.033 [main] DEBUG org.apache.http.wire --  >> "[\r][\n]"
04:37:29.033 [main] DEBUG org.apache.http.headers -- >> DELETE /api/categories/satu HTTP/1.1
04:37:29.033 [main] DEBUG org.apache.http.headers -- >> Accept: */*
04:37:29.033 [main] DEBUG org.apache.http.headers -- >> Host: altashop-api.fly.dev
04:37:29.033 [main] DEBUG org.apache.http.headers -- >> Connection: Keep-Alive
04:37:29.033 [main] DEBUG org.apache.http.headers -- >> User-Agent: Apache-HttpClient/4.5.13 (Java/17.0.8)
04:37:29.033 [main] DEBUG org.apache.http.headers -- >> Accept-Encoding: gzip,deflate
04:37:29.058 [main] DEBUG org.apache.http.wire --  << "HTTP/1.1 400 Bad Request[\r][\n]"
04:37:29.058 [main] DEBUG org.apache.http.wire --  << "content-type: application/json[\r][\n]"
04:37:29.058 [main] DEBUG org.apache.http.wire --  << "date: Mon, 30 Oct 2023 21:37:30 GMT[\r][\n]"
04:37:29.058 [main] DEBUG org.apache.http.wire --  << "content-encoding: gzip[\r][\n]"
04:37:29.058 [main] DEBUG org.apache.http.wire --  << "transfer-encoding: chunked[\r][\n]"
04:37:29.058 [main] DEBUG org.apache.http.wire --  << "server: Fly/7328d5b5 (2023-10-27)[\r][\n]"
04:37:29.058 [main] DEBUG org.apache.http.wire --  << "via: 1.1 fly.io[\r][\n]"
04:37:29.058 [main] DEBUG org.apache.http.wire --  << "fly-request-id: 01HE18ADZ72EHAK7RFTJKHZ7WZ-sin[\r][\n]"
04:37:29.058 [main] DEBUG org.apache.http.wire --  << "[\r][\n]"
04:37:29.058 [main] DEBUG org.apache.http.impl.conn.DefaultClientConnection -- Receiving response: HTTP/1.1 400 Bad Request
04:37:29.058 [main] DEBUG org.apache.http.headers -- << HTTP/1.1 400 Bad Request
04:37:29.058 [main] DEBUG org.apache.http.headers -- << content-type: application/json
04:37:29.058 [main] DEBUG org.apache.http.headers -- << date: Mon, 30 Oct 2023 21:37:30 GMT
04:37:29.058 [main] DEBUG org.apache.http.headers -- << content-encoding: gzip
04:37:29.058 [main] DEBUG org.apache.http.headers -- << transfer-encoding: chunked
04:37:29.058 [main] DEBUG org.apache.http.headers -- << server: Fly/7328d5b5 (2023-10-27)
04:37:29.058 [main] DEBUG org.apache.http.headers -- << via: 1.1 fly.io
04:37:29.058 [main] DEBUG org.apache.http.headers -- << fly-request-id: 01HE18ADZ72EHAK7RFTJKHZ7WZ-sin
04:37:29.058 [main] DEBUG org.apache.http.impl.client.DefaultHttpClient -- Connection can be kept alive indefinitely
04:37:29.059 [main] DEBUG io.restassured.internal.RestAssuredHttpBuilder -- Parsing response as: application/json
04:37:29.059 [main] DEBUG org.apache.http.wire --  << "4F[\r][\n]"
04:37:29.059 [main] DEBUG org.apache.http.wire --  << "[0x1f][0x8b][0x8][0x0][0x0][0x0][0x0][0x0][0x4][0xff][0xab]VJ-*[0xca]/R[0xb2]R*.)J[0xce][0xcf]+[0xd3]s,[0xc9][0xcf][0xb4]R(H,*[0xce][0xcc]KW[0x88]Q*N,)[0x8d]Q[0xb2]R[0xc8][0xcc]+K[0xcc][0xc9]LQ([0xae][0xcc]+I[0xac]P[0xaa][0xe5][0x2][0x0]n[0x13][0x8b][0x82];[0x0][0x0][0x0]"
04:37:29.059 [main] DEBUG org.apache.http.wire --  << "[\r][\n]"
04:37:29.059 [main] DEBUG org.apache.http.wire --  << "0[\r][\n]"
04:37:29.059 [main] DEBUG org.apache.http.wire --  << "[\r][\n]"
04:37:29.059 [main] DEBUG io.restassured.internal.RestAssuredHttpBuilder -- Parsed data to instance of: class org.apache.http.conn.EofSensorInputStream
04:37:29.060 [main] DEBUG org.apache.http.impl.conn.BasicClientConnectionManager -- Releasing connection org.apache.http.impl.conn.ManagedClientConnectionImpl@7ae97a58
04:37:29.060 [main] DEBUG org.apache.http.impl.conn.BasicClientConnectionManager -- Connection can be kept alive indefinitely
04:37:29.060 [main] DEBUG net.thucydides.core.steps.StepInterceptor -- STEP DONE: I DELETE HTTP request with invalid ID with character alphabet
  &amp#27;[32mWhen &amp#27;[0m&amp#27;[32mI DELETE HTTP request with invalid ID with character alphabet&amp#27;[0m                             &amp#27;[90m# starter.stepdefinition.ProductCategoriesSteps.deleteHTTPRequestWithInvalidIDWithCharacterAlphabet()&amp#27;[0m
04:37:29.062 [main] DEBUG net.thucydides.core.steps.StepInterceptor -- STARTING STEP: ProductCategoriesSteps.receiveResponseCode400ForDeleteProductsCategoriesWithCharacterAlphabet - I receive valid HTTP response 400 for delete a product categories with character alphabet
04:37:29.062 [main] DEBUG net.thucydides.core.steps.StepInterceptor -- STEP DONE: I receive valid HTTP response 400 for delete a product categories with character alphabet
  &amp#27;[32mThen &amp#27;[0m&amp#27;[32mI receive valid HTTP response 400 for delete a product categories with character alphabet&amp#27;[0m &amp#27;[90m# starter.stepdefinition.ProductCategoriesSteps.receiveResponseCode400ForDeleteProductsCategoriesWithCharacterAlphabet()&amp#27;[0m
04:37:29.062 [main] INFO  -- 
  _____   ___   ___   _____     ___     _     ___   ___   ___   ___  
 |_   _| | __| / __| |_   _|   | _ \   /_\   / __| / __| | __| |   \ 
   | |   | _|  \__ \   | |     |  _/  / _ \  \__ \ \__ \ | _|  | |) |
   |_|   |___| |___/   |_|     |_|   /_/ \_\ |___/ |___/ |___| |___/ 

TC36 - Delete a categories by invalid ID with character alphabet
----------------------------------------------------------------------
]]></system-out>
  </testcase>
  <testcase name="TC37 - Get all products" classname="[05_Automation] - Product" time="1.158">
    <system-out><![CDATA[04:37:29.063 [main] INFO io.cucumber.core.plugin.SerenityReporter -- Running feature from file:///D:/TaksAlterra/MiniProject/MiniProject_API/src/test/resources/Products.feature
04:37:29.063 [main] WARN io.cucumber.core.plugin.SerenityReporter -- Feature from file:///D:/TaksAlterra/MiniProject/MiniProject_API/src/test/resources/Products.feature is not under the 'features' directory. Requirements report will not be correctly generated!
04:37:29.064 [main] DEBUG net.thucydides.core.steps.StepEventBus -- Test suite started for story net.thucydides.core.model.Story@6d4c1ca7
04:37:29.064 [main] INFO  -- Test Suite Started: [05_Automation] - Product

Scenario: TC37 - Get all products                             &amp#27;[90m# src/test/resources/Products.feature:3&amp#27;[0m
04:37:29.072 [main] INFO io.cucumber.core.plugin.SerenityReporter -- Running feature from file:///D:/TaksAlterra/MiniProject/MiniProject_API/src/test/resources/Products.feature
04:37:29.072 [main] WARN io.cucumber.core.plugin.SerenityReporter -- Feature from file:///D:/TaksAlterra/MiniProject/MiniProject_API/src/test/resources/Products.feature is not under the 'features' directory. Requirements report will not be correctly generated!
04:37:29.073 [main] INFO  -- 
  _____   ___   ___   _____     ___   _____     _     ___   _____   ___   ___  
 |_   _| | __| / __| |_   _|   / __| |_   _|   /_\   | _ \ |_   _| | __| |   \ 
   | |   | _|  \__ \   | |     \__ \   | |    / _ \  |   /   | |   | _|  | |) |
   |_|   |___| |___/   |_|     |___/   |_|   /_/ \_\ |_|_\   |_|   |___| |___/ 

TC37 - Get all products([05-automation]---product;tc37---get-all-products)
--------------------------------------------------------------------------------
04:37:29.092 [main] DEBUG net.thucydides.core.steps.StepInterceptor -- STARTING STEP: ProductsSteps.getAllProductEndpoints - I GET all products endpoints
04:37:29.092 [main] DEBUG net.thucydides.core.steps.StepInterceptor -- STEP DONE: I GET all products endpoints
  &amp#27;[32mGiven &amp#27;[0m&amp#27;[32mI GET all products endpoints&amp#27;[0m                          &amp#27;[90m# starter.stepdefinition.ProductsSteps.getAllProductEndpoints()&amp#27;[0m
04:37:29.094 [main] DEBUG net.thucydides.core.steps.StepInterceptor -- STARTING STEP: ProductsSteps.getHTTPRequestWithValidEndpointsAllProducts - I GET HTTP request with valid endpoints all products
04:37:29.095 [main] DEBUG net.thucydides.core.steps.StepInterceptor -- STARTING STEP: Products.getHTTPRequestWithValidEndpointsAllProducts - I GET all products endpoints
04:37:29.095 [main] DEBUG net.thucydides.core.steps.StepInterceptor -- STEP DONE: I GET all products endpoints
04:37:29.100 [main] DEBUG org.apache.http.impl.conn.BasicClientConnectionManager -- Get connection for route {s}->https://altashop-api.fly.dev:443
04:37:29.100 [main] DEBUG org.apache.http.impl.conn.DefaultClientConnectionOperator -- Connecting to altashop-api.fly.dev:443
04:37:29.150 [main] DEBUG org.apache.http.client.protocol.RequestAddCookies -- CookieSpec selected: ignoreCookies
04:37:29.150 [main] DEBUG org.apache.http.client.protocol.RequestAuthCache -- Auth cache not set in the context
04:37:29.150 [main] DEBUG org.apache.http.client.protocol.RequestTargetAuthentication -- Target auth state: UNCHALLENGED
04:37:29.150 [main] DEBUG org.apache.http.client.protocol.RequestProxyAuthentication -- Proxy auth state: UNCHALLENGED
04:37:29.150 [main] DEBUG org.apache.http.impl.client.DefaultHttpClient -- Attempt 1 to execute request
04:37:29.150 [main] DEBUG org.apache.http.impl.conn.DefaultClientConnection -- Sending request: GET /api/products HTTP/1.1
04:37:29.150 [main] DEBUG org.apache.http.wire --  >> "GET /api/products HTTP/1.1[\r][\n]"
04:37:29.150 [main] DEBUG org.apache.http.wire --  >> "Accept: */*[\r][\n]"
04:37:29.150 [main] DEBUG org.apache.http.wire --  >> "Host: altashop-api.fly.dev[\r][\n]"
04:37:29.150 [main] DEBUG org.apache.http.wire --  >> "Connection: Keep-Alive[\r][\n]"
04:37:29.150 [main] DEBUG org.apache.http.wire --  >> "User-Agent: Apache-HttpClient/4.5.13 (Java/17.0.8)[\r][\n]"
04:37:29.151 [main] DEBUG org.apache.http.wire --  >> "Accept-Encoding: gzip,deflate[\r][\n]"
04:37:29.151 [main] DEBUG org.apache.http.wire --  >> "[\r][\n]"
04:37:29.151 [main] DEBUG org.apache.http.headers -- >> GET /api/products HTTP/1.1
04:37:29.151 [main] DEBUG org.apache.http.headers -- >> Accept: */*
04:37:29.151 [main] DEBUG org.apache.http.headers -- >> Host: altashop-api.fly.dev
04:37:29.151 [main] DEBUG org.apache.http.headers -- >> Connection: Keep-Alive
04:37:29.151 [main] DEBUG org.apache.http.headers -- >> User-Agent: Apache-HttpClient/4.5.13 (Java/17.0.8)
04:37:29.151 [main] DEBUG org.apache.http.headers -- >> Accept-Encoding: gzip,deflate
04:37:30.176 [main] DEBUG org.apache.http.wire --  << "HTTP/1.1 200 OK[\r][\n]"
04:37:30.176 [main] DEBUG org.apache.http.wire --  << "content-type: application/json[\r][\n]"
04:37:30.176 [main] DEBUG org.apache.http.wire --  << "date: Mon, 30 Oct 2023 21:37:31 GMT[\r][\n]"
04:37:30.176 [main] DEBUG org.apache.http.wire --  << "transfer-encoding: chunked[\r][\n]"
04:37:30.176 [main] DEBUG org.apache.http.wire --  << "content-encoding: gzip[\r][\n]"
04:37:30.176 [main] DEBUG org.apache.http.wire --  << "server: Fly/7328d5b5 (2023-10-27)[\r][\n]"
04:37:30.176 [main] DEBUG org.apache.http.wire --  << "via: 1.1 fly.io[\r][\n]"
04:37:30.176 [main] DEBUG org.apache.http.wire --  << "fly-request-id: 01HE18AE2TANEPFTTQRAHR75QP-sin[\r][\n]"
04:37:30.176 [main] DEBUG org.apache.http.wire --  << "[\r][\n]"
04:37:30.176 [main] DEBUG org.apache.http.impl.conn.DefaultClientConnection -- Receiving response: HTTP/1.1 200 OK
04:37:30.176 [main] DEBUG org.apache.http.headers -- << HTTP/1.1 200 OK
04:37:30.176 [main] DEBUG org.apache.http.headers -- << content-type: application/json
04:37:30.176 [main] DEBUG org.apache.http.headers -- << date: Mon, 30 Oct 2023 21:37:31 GMT
04:37:30.176 [main] DEBUG org.apache.http.headers -- << transfer-encoding: chunked
04:37:30.176 [main] DEBUG org.apache.http.headers -- << content-encoding: gzip
04:37:30.176 [main] DEBUG org.apache.http.headers -- << server: Fly/7328d5b5 (2023-10-27)
04:37:30.176 [main] DEBUG org.apache.http.headers -- << via: 1.1 fly.io
04:37:30.176 [main] DEBUG org.apache.http.headers -- << fly-request-id: 01HE18AE2TANEPFTTQRAHR75QP-sin
04:37:30.177 [main] DEBUG org.apache.http.impl.client.DefaultHttpClient -- Connection can be kept alive indefinitely
04:37:30.177 [main] DEBUG io.restassured.internal.RestAssuredHttpBuilder -- Parsing response as: application/json
04:37:30.177 [main] DEBUG org.apache.http.wire --  << "119[\r][\n]"
04:37:30.177 [main] DEBUG org.apache.http.wire --  << "[0x1f][0x8b][0x8][0x0][0x0][0x0][0x0][0x0][0x4][0xff][0xaa]VJI,IT[0xb2][0x8a][0xae]V[0xf2]tQ[0xb2][0xb2]0556[0xd4]Q[0xf2]K[0xcc]MU[0xb2]RJO[0xcc][0xcd][0xcc]KW[0xd2]QrI-N.[0xca],([0xc9][0xcc][0xcf]S[0xb2]RJ[0xcb]/R[0x80]H)[0x14][0x94][0x16][0x15][0xe4][0x17][0xa7][0x16]+[0xe9]([0x5][0x14]e&[0xa7]*Y[0x19][0xe8]([0x5]%[0x96]d[0xe6][0xa5][0x17]+Y[0x19][0xea](9'[0x96][0xa4][0xa6][0xe7][0x17]e[0xa6][0x16]+YE[0xc7][0xd6][0xea] [0xac]1[0x82][[0x13][0x9c][0x9f]W[0xa9][0x10][0x10]l[0x8a]aQANb[0xa5]BFb[0xb1]B^[0xbe]BNfnf[0x9][0x92]=F[0x96][0x96]H6[0x99][0xe0][0xb3][0xc9][0x84][0x9a]6[0x99][0xe2][0xb3][0xc9][0x94]n6[0x99][0xc1]m[\n]"
04:37:30.177 [main] DEBUG org.apache.http.wire --  << "r[0x8c]r[\r][0xc2][0x8]:'W[0x85][0x10][0xf]W[0x85][0x0][0xcf]`O?[0x5]?[0x85]H[0xff][0xd0] [0x85][0x10]WG_D\[0x19][0x1b] [0xc7][0x96]1>[0x9f][0x99]S[0xc3]>S[0x14][0xfb][0xf0][0x85][0xa4][0x89][0x1][0xdc]>*[0xa4][0xe]|[0xe9][0xd0][0x4][0x91][0xdc][0xa9]`[0x13][0xbe]thbLM?[0x19][0xe0][0x89]-[0x13][0xaa][0xa6]x[0xbc]~[0xa2]j[0x8a]7[0xc2][0xe7]'D[0x8a]':[0x9e][0x0][0x0][0x0][0x0][0xff][0xff]"
04:37:30.177 [main] DEBUG org.apache.http.wire --  << "[\r][\n]"
04:37:30.177 [main] DEBUG org.apache.http.wire --  << "1EB[\r][\n]"
04:37:30.177 [main] DEBUG org.apache.http.wire --  << ""[0xaf][0xbc]0A[0xa4]u*[0xd8][0x84]7[0xed]Y[0xd2]+E[0x98]R5[0x95][0xe3]K{[0xa6]TM[0x11]xm[0xa2]j<[0xe1][0xb5][0x89]n[0xf1]dF[0xd5]x[0xc2]W[0xc2][0x9a]Q5?[0xe1][0xb]=3[0xb]j[0xa6]r|~2[0xa7]j[0xad][0x81][0xaf]42G[0xb4]^|[0x13][0xf3][0xd2][0xf3]1[0xea]_[0xb7][0xa2][0xd2][0xcc][0x12][0x85][0xf4][0xfc][0xfc][0x14]Duki[0x80]R[0xff][0xe1][0xb]3sD]A[0xb6][0xf9][0xf8]J[0x1e]sD[\r]A[0xb6][0xf9]xc[0x82]n[0xa5][0x80]9"[0x1d][0xbb]%&[0x97](8g[0xa4]&g+8[0xe6]$[0x95][0xe6]bD[\n]"
04:37:30.177 [main] DEBUG org.apache.http.wire --  << "XT[0x1]I[0x99][0x9f]s[0x88][0x82][0xa1][0x91]9"[0x8a][0xc]Q[0xa3][0x8][0xaf][0x17][0x11][0xc5][0x8f]KQbz~[0x1e]8[0xca]1[0xec][0x84][0x89]B[0x9b][0xc7]h[0x16][0xe0]M[0x3]T[0xcd]7[0xf8]l[0xb2]@[0xa4]f*[0xd4]xxmB[0xa4];*[0xd8][0x84]/z,[0x10][0xe9][0x82][\n]"
04:37:30.177 [main] DEBUG org.apache.http.wire --  << "6[0xe1][0xf5][0x13][0xdd][0xe2][0xc9][0x92][0xaa][0xe5][0x1b]>?Y[0xd2]-EX"J:[0xda][0xc6][0x93][0x19][0xa8][0xf0][0x85]vlim[0x13][0xbd]B[0xcf][0xcc][0x80][0xaa][0xf9][0x9]O[0x8a]03[0xa0]W~23[0xa0]W~23[0xa4]W~23[0xa4][[0x8a]0[0xa4][[0x8a]0[0xa4][[0x8a]0[0xa4]W[0xfb][0xdb][0xcc][0x88]n6[0x19][0xd3]-[0xed][0x19][0xd3][0xab]-ffL[0xb7][0x14]a[0x8c]h|[0xd1][0xb8],7[0xa6][idL[0xb7][0xb4]G[0xdd][0xd1]5|[0xb5][0x6]uG[0xd7][0xf0][0xda]D[0xb7][0x12][0x96]n[0xe3]xf[0xd4][0x1d][0xc7][0xc3][0x1b]zt+#L[0xe8]VFPw[0x1c][0xf]o[0xe8][0xd1][0xad][0x8c]0[0xa5][[0xad]A[0xb7][0x11]C3S[0xba][0xf5][0x0]L[0xe9][0xd6]6[0xa2][0xdb]([0xa8][0x99])[0xdd][0xf2][0x93])[0xdd][0xea]\S[0xfa][0xe5]'[0xba][0xd5][0xb9]ft[0xcb][0xb9][0xd4][0x1d]C[0xc6]W[0xee][0x99][0xd1][0xad][0xce]5[0xa3][[0x19]aF[0xb7]2[0xc2][0x8c]nu.[0xdd][0xc6][0xfa][0xcd][0xa8];[0xd6][0x8f]7[0xed][0xd1]-[0xe7]RwV[0x1][0x9f][0x9f][0xcc][0xa9]:[0xfb][0x83][0xd7]&[0xba][0xe5]\[0xa4][0x99][0xc][0x1a][0xf7][0xd4][0x90][0xe6]4hm[0x13][0xdd]r.[0xd2][0xec][0x6][0x15][0xfc][0x84]g&[0xdf][0xcc][0x9c]nu[0xae]9[0xdd]r.[0x0][0x0][0x0][0xff][0xff]"
04:37:30.177 [main] DEBUG org.apache.http.wire --  << "[\r][\n]"
04:37:30.177 [main] DEBUG org.apache.http.wire --  << "3F8[\r][\n]"
04:37:30.177 [main] DEBUG org.apache.http.wire --  << "[0xb2][0xa0][[0x9d]kA[0xb7][0x9c]K[0xb7][0xb9][0x1a]3[0xb][0xba][0xd5][0xb9][0x16]t[0xab]s-[0xe8][0x96]s[0xe9]6[0xff]dfA[0xb7]v[0xb9][0x5][0xdd][0xca][0x8][0xb][0xba][0x95][0x11]t[0x9b]S3[0xb3][0xa4][[0x19]A[0xb7][0xd9];3[0xfa][0xcd][0xde]Y[0xd2][0xad][0x8c][0xb0][0xa4]j[0x19][0x81][0xaf][0xce][0xb5][0xa4][[0xce][0xb5][0xa4][[0xce][0x5]-[0xcb][0xa5][0xcb],[0xab]9[0xdd][0xe6]s[0xcd][\r][0xe8][0x95]s[0xcd][\r][0xe8][0xd5].7[0xa7][0xdb][0xcc][0xb1][0xb9][0x1]U[0xf3][0x13][0x9e]^[0x8d]9[0xdd][0xe6][0xa8][0xcd][0xe9]6GmN[0xb7]9js[0xba][0xcd]Q[0x9b][0xd3]m[0x8e][0xda][0x9c]ns[0xd4][0xe6][0x86][0xf4]*a[0xcd][0x8d][0xe8][0xd5][0xab]17[0xa2][idD[0xaf][0xda][0xdd][0xdc][0x88]^[0xe3][0xe5][0xe6]F[0xf4][0xaa][0xdd][0xcd][0xe9][0xb6]j[0xc1][0x9c]n[0xab][0x16][0xcc][0x8d][0xe9][0x96][0xf6][0x8c][0xe9][0xd5][0xcf]5[0xa7][0xdb]J[0xc]s[0xba][0xad][0xc4]0[0xa7][0xdb]J[0xc]s[0xba][0xad][0xc4]0[0xa7][0xdb]J[0xc]s[0xba][0xad][0xc4]0[0xa7][0xdb]J[0xc]s[0x13][0xba][0xe5]\[0xba][0xad][0xc4]0[0xa7][0xdb]J[0xc]s[0x13][0xba][0xb5][0x96][0xe9][0xb6][0x12][0xc3][0x9c]n+1[0xcc]M[0xe8][0xd6][\n]"
04:37:30.177 [main] DEBUG org.apache.http.wire --  << "3[0xa1][0xd7][0x8][0x95]9[0xdd][0xd6]|[0x98][0xd3]m[0xcd][0x87][0xb9])[0xdd][0xca][0x8][0xa4]5[0x1f][0xc9][0xf9]I[0xa0][\r][0xc4][0xa8][0x9b][0x99][0x11]{?[0x90][0xf7][0xc2][0xe2][0x19][0xb5]1GZ[0xdb][0xe1][0x80][\r]`l[0x1][0xc1]n[0x5][0xbe][0x8e],[0xd2][0xa2][0xe]C"[0x1]5lE4X[0x89][0xb4][0x94][0x80]2"[0xdd][0x84]g[0x1b][0x87]9[0xd2]R[0x90][0xc4][0xa4]d[0xc][0x3][0x13][0x93][0x12][0x93][0x12][0xb1][0x87]/[0x9e][0xed][0xcc][0xe6][0xa6]t[0xcb][0xbc]t[[0xf6]aN[0xb7]e[0x1f][0xe6]t[[0xf6]aN[0xb7]e[0x1f][0xe6]t[[0xf6]aN[0xb7]e[0x1f][0xe6]f[0x88][0xfc]L[0x85][0xc9]c|[0xe5][0x15][0xdd][0x96]}[0x98][0x9b][0xd1]-[0xe7][0xd2]m1[0x86]9[0xd2]fR[0x1a][0xc7][0x13][0xdd][0x96]H[0x98]Sw[0xe1][0x2][0xbe][0xb4][0x87][0xb4]p[0xa1]$[0xb5][0xb8]D![0xb1] Q!1[0xb]T)[0xa0]V[0xf4][0x99]y[0x99][\n]"
04:37:30.177 [main] DEBUG org.apache.http.wire --  << " [0x5][0x88][0xda][0x82][0xf8][0xbd][0x98][0xe6]t[I`N[0xb7][0x95][0x4][0xe6]t[I`[0x8e][0xb4][0x92][0x0][0x14][0x3]4[0x8a]"[0xba]u[0x9c][0x90][0xa6][0xf6]i[0xe8][0x1d][0xba][0xf5]d[0x90][0xe6][0xda]i[0xe7][0x1d][0xba]M~[0x9b]#M~[0xd3][0xd0];t[0x1b][0xaf][0xa6][0xee]l4[0xbe][0x82][0xd4][0x12]12N[0xc3][0x80][0xa3][[0xb2][0xa6][0xdb]D[0xb4][0x5][0xd2]D4[0xcd][0x2][0xce][0x82]n3[0xc3][0x16][0x6][0x88][0xf1]p[0x1a]z[0x87]^[0xa5][0xb5][0x5][0xd2][0xa4]0[\r][0xbd][0x83]H[0xd6][0xb4][0xb3][0x4]i*[0x98][0x86][0x96] Ffhh[0x9][0xa2][0xf8][0xa4][0xa1]%[0xf4][0xea][0xfe]X[0xd0]m[0xee][0xd7][0x82]n;[0xa1]-[0xe8]6[0xcb]lA[0xb7]Yf[0xb]#D[0xc9]F[0xdb][0x8e][0x96][0x5][0xdd][0xe6][0xb3]-[0x8c][0xe8]V[0x90][0xd2]m[0xe6][0xdc][0x82]n3[0xe7][0x16]F[0x88]r[0x9b][0xd6])[0x2]1p[0x91][0x92][0x9a][0x97]Y[0x9c][0x8a]1[0x96]I[0xfc]i[0x97]xZq[0x16]H3[0xf4][0x9e][0x1][0x1e][0xfe]~[0xae][\n]"
04:37:30.177 [main] DEBUG org.apache.http.wire --  << "[0x86][0xa6][\n]"
04:37:30.177 [main] DEBUG org.apache.http.wire --  << "[0x1]A[0xfe][0xbe][0x8e][0x11][0x18]6[0x86][0x6][0xb8][0x7]9[0xba][0xb8]B[0x8e][0x86]tw[0xf5]s[0xf][0xf6]D[0xf4][0x8e][0x8d]L[\r][0xc0][0x0][0xe9][0x94]M[0xbc][0xf6]"[0xd6][0xc8][0xe1][0xf2][0x1f][0xe8][0x80][0xd0][0x9c][0xd4]b[0xd0][0x18]<[0xf4]4$[0xe4]!w[0xbc][0x86]#*%[0x17][0x1c][0x81]G[0x81][0xe1][0x88]R! [0xb1]([0xad]4[0x17]3j[0x12][0xf3]J2[0x15][0x92][0x12]K[0x15][0xb2]SKR[0xb3][0x11]a[0x4][0x1a]A[0x0][0xb5][0xfe][0xe0]'[0x9e][0xe2][0x19][0xca][0xb6]0FTz[0xc1][0xa9][0x5][0xa9])[0x89][\n]"
04:37:30.177 [main] DEBUG org.apache.http.wire --  << ">[0x99][0xc5]%E[0x99] [0xf3]P[0x87]*[0xa0][0xd2]9[0x10]i[0x85][0xbc][0xf4][0xd4][0xa4][0xd2][0x12][0x84][0xad]F[0xa0][0x19]![0xb8][0x95]x[0xc3][\r][0xa9]p[0xa0][0x97][0x95][0x88]^[0x4][0xd4][0x1b][0xb4][0xf7]%[0xdd]*z[0xa4]%[0x8][0x14]'[0x15]<SL[0x16]H[0xb][0x10]([0xb6][0x7]_[0xfa]@Z~@[{[0x10][0x85][0x3]m[0xed]A[0x94][0x13][0xb4][0xb5][0x87][0x8a]E[0x6][0xde][0xf8]A[0x14][0x19][0xb4][0xf5][0xf][0xa2][0x9c][0xa0][0xad]=H[0x85][0x3][0xe5][0x87]>[0xe3][\r]9[0xba][0x95][0x9]t[r`A[0xb7]%[0x7][0x16][0xa0][\n]"
04:37:30.177 [main] DEBUG org.apache.http.wire --  << "[0x86].[0x8b][0xf8]-[0xe8][0xb6][0x10][0xc0][0x82]n[0xc7]LX -9[0xa0]q[0xa3][0x12]i)[0x2][0xad]m[0xa2][[0xce][0xa5][0xdb]1[0x13][0x16]Hk[0xb]h[0x1d]z[0x88][0xc6]?[0x8d]m[0xa2][0xdb][0xdc][0xbc][0x5][0xdd][0xe6][0xe6]-[0xe8]67oA[0xb7][0xb9]y[0xb][0xa4]#[0x19]hZ[0xe3]"[0xad][0x1][0xa0][0xad]=[0x88][0x8e]4m[0xed]A[0xe4]$[0x9a][0xda]C[0xb7]C[0x1f],[0xe8][0xb6][0xce][0xc0][0x82]n[0xeb][0xc],[0xe8]v[0xe8][0x83][0x5][0xde][0x15][\r][0x0][0x0][0x0][0x0][0xff][0xff]"
04:37:30.177 [main] DEBUG org.apache.http.wire --  << "[\r][\n]"
04:37:30.177 [main] DEBUG org.apache.http.wire --  << "507[\r][\n]"
04:37:30.177 [main] DEBUG org.apache.http.wire --  << "[0x82][0xde]WB[0x9d][0x81][0x15]sD[0x1b][0x99][0xc6]e8[0xdd][0xd6]NX[0x98][0xd3][0xad][0x95][0x8c][0xb4]J[0x83][0xd6][0xa1][0x87](!hl[0x13][0xdd][0x16][0x85]XX[0xd0][0xa9][0xff][0x8c][0xb4]$[0x84][0xa6][0xa5]+[0xd2][0x82][0x10]Z[0xc7][0x11][0xa2][0x7]Mk[0x9b][0x10][0xe5][0x3]m[0xc3][0xe][0xd1][0x12][0xa7][0xad]=[0x88][0xb2][0x81][0xb6][0xf6] Z[0xe][0xbe][0x89][0xb9][0x89]y[0xe9][\n]"
04:37:30.177 [main] DEBUG org.apache.http.wire --  << ">[0x89][0xe0][0xd1]N[0xd4]1Q|[0x85][0xb8][0xa5]%h[0xb2][0x9f][0xa8][0x11]Q[0xba][0xad]C[0xb1]@Z[0x87]B[0x85][0x94][0x87]o[0xb4][0x90]n[0x87]0X [0x1d][0xc2][0x10][0x2]Zk[0xe7][0x98]S[0x92]Z[0x84][0xb9][0xd4][0xe]_\[0xa1][0xde][0xdb][0x85]o[0x8][0x7]i=[\n]"
04:37:30.177 [main] DEBUG org.apache.http.wire --  << "[0x1d],C[0xa4]v[0x9a][f[0x9][0x9a]2[0x80][0xe][0xaf][0xd0]4k![0x9d][0xfa]@sOY[0x80][0xb2] [0xd4]ST[0xca][0xc7]x[0xd2][0xbc]%[0xd2]"[0x15][0x8a][0x83][0x10][0xaf]=[0x88][0xfa][0x83]b{[0xf0]$vK[0xa4]C[0x12]hh[0x8f][0xb9][0x1][0x96][0xc9]v[0x85]2C=C[0x8c][0xb9]Aj[0xe4]as[0x3],[0xb3][0xd3]4[0xb5][0xe][0x91][0x8b][0x15][0x14]h[0xe4]%[0xa4][0x9]VX[0xb9]NK/a[0xd9][0x9d]LS[0xeb][0x10][0xad][0x18][0xda][0x85] [0xa2][0xc6][0x87][0x85] [0x8d][0xe2][0x8a]^[Q[0xcd][\r][0xe8][0xb5]A[0xd4][0xdc][0xd0][0x8][0xd1][0x17][0xa0]R9[0x8b][0xbb]\27[0xc4]R^[0xe0][0x8e]+[0xfc]wt[0xe2][0xb5][0x6]1[0xa1][0xa6][0xa0]@[0xab][0x84]g[0x88]T[0x1a][0xd1]#[0xe8][0x10][0xc9]<[0xc2][0xc9]?[0x2][0xb3][0x88]u[0x83][0xdf][0xa3][0x8a][0x98][0xdb]7[0x1]U[0xa3]D[0xb4]d[0xcd][\r][0x91][0xca]![0x9a][0x18][0x8f][0xe8]f[0xd0][0xc2]x[0x92][0xf2][0xb][0xf9][0xe9][\n]"
04:37:30.177 [main] DEBUG org.apache.http.wire --  << "i7uPj^J"[0x96][0xdb]l]Rs2[0x93]3[0xf3]K[0x8b][0x15][0xca]R[0xd3][0x13][0xf3][0x14][0xd2]P[0xee]l[0x3]/[0x82]!j[0x9][0x8c][0xb9]![0xd2]L[0xa0]cNb[0x89]BHiN&h[0xb1][0xb]jG&4[0xaf][0xa4]4[!1/1[[0xa1]85;?'1[0x3][0x11][0xfb][0xc4]6[0x8e][0xcd][\r][0x91][0xc6][0xc4]CR[0x8b]R[0x15]|2+S[0x15][0x9c][0xf2][0xf3]1[0x17][0x93][0xe0][0xab][0xc8]1[0xd6][0xaf][0xa0]7[0x85] [0xd7][0xf5][0x1a][0x1b] [0x1f][0xf4][0xe6]T[0x9a]][0x8a]Q[0x6]8%&'*$[0x95]f[0x97]*T[0x96]f+*[0xd5]"[0xae][0xfa]57[0xa2][0xd7][0x12]vs#z[0x1d][0xa8]fn[0x84][0xd4][0xb4][0xa6]A[0xf6][0x0]_[0xcc][0xb]mL[0xd3][0xc4]x[0xc4]:[0x9][0xda][0xd6][0xc0][0xc6][0xf4]:f[0xcc][0xdc][0x18][0xa9][0x5]M[0xd8]Od[0x97]([0xc6]H[0xcb][0xc9][0x9][C[0xf0][0xde]j<u[0xa2]1[0xbd][0xce][0x18]376[0xa0][0xd3][0x90][0xa9][0xb9][0xb1]![0xa2][0xf1]B[0xe3][0xd0]C[0xaa]`|R[0xf3][0xf2][0xcb]0[0xaf][0xe8][0xcc]I,([0xc9]/@[0x14][0xbe][0x16][0xe0][0xe5][0x8e][0xc4]-I47F:=[0x83]6[0xe6]#Z[0xf]41[0x1f]i[0x89][0x7]m[0xcc]Gt[0x9c]ic>[0xa2]}B[0xb][0xf3]M[0xe8]u[0x1a][0x9e][0xb9][0x9][0xd2]"[0xe][0xda][0xb7]JM[0x90][0x96]Wd[0xa4][0xe6][0xe4][0xe4]+[0xa4][0x95][0x96][0x94][0x16]a.yM[0xce][0xc8][0xcc][0xc9][0xc9][0xcc]S[0xc8][0xcc]S[0xc8]/-R[0xa8][0xcc]/-Aj[0xa8][0x18][0x83][0xb6][0x7][0x10][0xd3]L5AZdA[0x17][0xfb][0xe8]u[0xc][0x82][0xb9][0x9][0xd2][0xa6]w[0xfa][0xf8][0x8c]^[0xa5][0xb4])[0x96][0x89]b[0x1a][0x8e]9[0x98]b[0x99]Y[0xa5][0xa9]u[0xb4][0x1f]$2[0xa5][0xd7]t[0xa7][0xb9])[0xbd]&![0xcd]M[0x91]&[0x7]au7-[0xa3][0x9][0xcb]Q[0xed]4[0xb5][0x8e][0xe][0xa9][0x2]i[0xa7]5=B[0x10][0xcb][0xc][0x14]-C[0x10]ir[0x88]V#8[0xa6]t[0xeb]J[0x9a][0xd2][0xad]+i[\n]"
04:37:30.177 [main] DEBUG org.apache.http.wire --  << "[0x1a][0xf1][0x81][0xf6][0xf5]`[0xa9][0x2][0xa3]{[0x8d][0xaf][0x13]O[0xf4][0xa0][0x81][0x19][0xbd][0xce][0xb1]67C[0x9a][0x9e][0xa1][0xb5][0x9f][0x10][0xed]LZ[0xdb][0x84]hq[0xd2][0xd8]&[0xba][0xf5][0x92][0xcc][0xc][0x11][0xe3][0xae][0xb4][0xf6][0x13][0xdd][0xe2][0x89]^g>[0x9b][0x9b][0x19]"[0xea][0xc]Z[0x87][0x1e][0xbd][0xda]~f[0xa0][0x86]=}J#[0x92][0xa6][0x16]([0x19]I1[0xc3][0xb2][0xef][0x97][0x86][0x15][0xa1][0x19][0x96][0x8d][0xb2]4[0xb5][0xe]1R@[0xab]z[0x97]n[0xf7]b[0x9b][0x9b][0x19][0xd3]k[0x84][0xc8][0x8c]^'L[0x9b][0x9b]![0xef][0xfc][0xa4][0xe5][0xb6]'s3z[0x9d]0mnF[0xaf]s[0x9f][0xcd][0xcd][0x90]6][0x86][0xe4]g[0xe7]+x[0x95]&[0xe6](x[0x97]&g[0xe6][0xa5]+[0xf8][0x17][0xa5][0xe6][0x91][0xd4]X[0xc2][0x98][0xf1]@[0x1f][0x81][0x85][0xce]x[0x18][0x1a] [0xcd][0xb0][0xe0][0xb3],2Q[0xc1]1[0xb7][0xa0][0x14]4P[0x92][0xa9][0x90]S[0x9a]\[0xaa][0x90][0x94][0x98][0x97][0x9e]ZRR[0x82]:[0xb]b[0x86]4`[0x98][0x92][0xaf][0x90][0x97]_[0xa2][0x90][0x9c][0x9f]W[0x92][0x98][0x99][0xa7][0x90][0x9c]X[0x92][0x9a][0x9e]_[0x94][0x99][0x8a]9Y[0x84][0xaf][0xdd]G[0xd0]+Hs0f[0xf4]:[0x82][0xd7][0xdc][0xc]i[0x16][0xcc]e[0x0][0xfc]I[0xb7][0x8a][0x12]i[0x0][0x95][0xb6][0x95][0xbf]9[0xbd][0x8a]DSK[0xa4][0xe][0x2][\r]W![0x99]Z"[0x1d]fD[{[0xe8][0xd4]d7[0xb5]4@4[0x5]i[0xeb]#DeO[{[0x10][0xf9][0x88][0xa6][0xf6] [0x9d]iD[{[0x10][0xcd][\n]"
04:37:30.178 [main] DEBUG org.apache.http.wire --  << "[0xda][0xda][0x83][0x98]Y[0xa5][0xad]=[0x88][0x8e][0x1b]m[0xed][0xa1]S[0xb7][0xcd][0xd4][0xd2][0x10][0xb1][0xf2][0x8c][0xa6][0xe5][0xa9][0xa9]%R[0x7][0xb1]$5[0xb7][0x0]s[0xee][0x3],[0xaa][0x90][0x9e][0x98][0x9b][0x9]^/[0x2]=[0xac][0x4]T[0xdf]"[0xad][0x4][0xc1]s[0xd4][0x87]%R[0xc7][0xb0]$1[0x3]s[0xb5][0x4]H[0x90][0x90][0xf9][0xe8][\r][0x13]DmnjI[0xb7][0x3][0xa7],[0xe9]u[0xe0][0x94][0xb9][0x1][0xdd][0x8e][0xe2][0xb1]D[0xea][0x9f][0xd1]zQ[0x90][0xa9]%[0xdd][0xce]2[0xb2][0xa4]c[0x0]"*[0x7][0x1a]gU[0xa4]En[0xb4][0xb6][0x89]n[0xc5][0xf][0xdd][0xee][0xe6][0xb1][0xa4]W[0x1f][0xcd][0xd4][0x12][0xa9][0x8f]F[0xeb]xB[0xa4]=[0x9a]V|t:[0x1a][0xc7][0x12][0xe9]^[0x1e][0x8a][0xfd][0x3][0x0][0x0][0x0][0xff][0xff]"
04:37:30.178 [main] DEBUG org.apache.http.wire --  << "[\r][\n]"
04:37:30.178 [main] DEBUG org.apache.http.wire --  << "3D2[\r][\n]"
04:37:30.178 [main] DEBUG org.apache.http.wire --  << "[0xc2]We[0xd0]k)[0xb4][0xa9]%[0xd2][0xad]<[0xb4][0xf5][0x11][0xa2]iB[{[0x10]%[0x3]m[0xed]AtVhk[0xf][0x9d][0xba]*H[0x3][0x1][0xb4][0xf5][0xf][0x9d]J[0x4][0xa4][0xe]?M[0xfd][0x83]t[0xb][0xf]m[0xed]AtUh[0xdf][0xc]B:}[0x87][0xb6][0x9e][0xa2]S[0xa1][0x80][0xb4]h[0x8b][0xb6][0xfe][0xa1]SfEZ[0xa6]E[[0xff][0xd0])[0xb3]"[0xdd][0xbb]CS[0xff] -7[0xa3][0xad]=[0x88][0xcc]J[{[0xe8]4[0xae][0x80]4[0xba]N[[0xff][0xd0][0xa9][0xf2][0xa6][0xd3]y>[0x96]t:[0xcf][0xc7][0x12]iq#m[0xe3][0x87]N[0xe5][0x1][0xd2]y>4[0xf5][0xf][0xd2]i>[0xb4][0xb5][0x87]N[0xe5][0x1][0xd2]I>[0xb4][0xf5][0xf][0x9d][0xea]m[0xa4][0xb5][0xa6][0xb4][0xf5][0xf][0x9d][0x1a][0xf3]H'[0xf8][0xd0][0xd6]?t[0x9a]w0G[0x94][0x7]4[0x1e]H@:S[0x87][0xd6]6[0xd1])[0xaf]"[0x9d][0xaa]C[0xd3][0xb4]`[0x81][0xc8][0xab][0xb4][0xe]9:[0xd5][0xde]H7:[0xd1]6[0xe4][0xe8][0xd4][0x9a][0xb7][0xa0]SnEZ[0xd0]L[0xfb].[0xa4][0xa5][0x81][0x8e][0x12]te[0x1a][0x1d],C[0xa4]q:X[0x86]H[0xe6]t[0xb0][0xc]Q3[0xd1][0xc1]2D[0x82][0x87][0x15][0x15][0xb4][[\n]"
04:37:30.178 [main] DEBUG org.apache.http.wire --  << "gj[0x89][0xb4]+[0x97].[0xd6]aVV[0xb4][0xf3][0x9d][0x99][0x1][0x96][0xad][0xa7][0xb4][0xb3][0xce][0xdc][0x10]i[0x9a][0x8c][0xfa]{[0x90][0xcd][0xc][0xe8][0xb5][0xe9][0xd4][0xcc][0x80]>k[0xc][0xcc][\r][0xe9][0xb5][0xa0][0xd0][0xcc][0x0]i[0x81]8[\r][0xeb]+3[0x3][0xa4]M[0x90][0xb4][0xb5][0x7]1[0xea][0x0][0xcb][0xb7]$[0xad][0xea]#v[0xb][0x84][0x99][0x81]![0xa2]\[0xa7][0xb5]M[0x88]B[0x9d][0xd6]6a[0x16][0xb2][0xb4][\n]"
04:37:30.178 [main] DEBUG org.apache.http.wire --  << "=D[0xbb][0x2][0xa7][0x9f][0x10][0x1b][0xaa]I[0x88][0x15][0xcc][0x82][0x14][0xc3][0x7][0xe4][0x98]K[0xaf][0xc5][0xec]f[0xd8][0xce][0xd5][0xc2][0xf0][0x1][0xbe][0xc5][0x9c][0xc4][0x87][0x15][0xd2]!68[0xe3][0x80]J6[0xd1]-][0xd1]k[0xe9][0x82][0x99][0x81][0x11][0x11])[0x8d]:[0xa1]G[0xcc][0xaa]M\i[0x1a][0xf7][0xda]"3[0x3][0xfa][0xd5]2[0xc8]G[0x8f][0xd1](1#[0xad]W[0x7][0xef][0xa1][0xa6][0x95]5[0x88]6/Yy[0x86][0xb8]C![0xcc][0xc][0xe8][0xb5][0xe0][0xc2][0xcc][0x80][0x98][0x5][0x17][0xb8]R[0x17][0xee]e[0x2]f[0x6]H7[0xf][0x91][0x15]R[0xc4][0x97]cH[0xb][0x1f]*0[0xa2][0x1d][0xe1]t[0xe4][0xa0]7[0xd4]QrF[0xac][0x95][0xb7][0x8a]F,[0x89]33@Zu[0x0]s8[0xa5][0x8d]c#|[0xd6]a[0xb6]#([0xb5][0xe]_[0xb4] [0x9d]cE-[0xdf][0xe1][0xb5][0xe][0x91]_h[0xda][0xee]C[0xda][0x95]@[{[0x10][0xed][0x16][0xda][0xda][0x83][0xa8]]hj[0xf]}[0x96]"[0x98][0x19][0xd0]g)[0x82][0x99][0x1][0xd2]-@[0xb4][\r]7D?[0x83][0xb6][0xf6] J[0x7][0xda][0xda]C[0xb7]>[0x86])[0xa2]D[0x80][0x15]@[0x18][0x85]6u[0xda]MH[0x7][0xd4][0xd0][0xda]&D[0xa9]@k[0x9b][0x10][0xe5][0x2][0x8d]m[0xa2][0xcf][0xba][0x7]3[0x3][0xfa][0xac]{03@[0xba][0xcf][0x88][0xa6]9[0x9][0xe9]6#[0xda][0xda]C[0xa7][0x92][0x1][0xe9]&#[0xda][0xfa][0x87]n[0xe5][0x2][0xd2][0xca][0x7][0x1a][0xe7]![0xa4]9|Z[0xdb][0x84][0x98][0x19][0xa4][0xb5]M[0x88][0x9a][0x8f][0xd6]6!R8[0xad]m[0xa2][[0xed]G[0xaf][0x1b]y[0xcc][0xc][0x90][0xe6][0xf3]i[0x1d]zt[0xab][0xfd][0x88][0x99]iGt[0xf8][0x88][0xef]Ab9[0x90][0x8a]Fm[0x12][0xfa][0xcc][0xac][0x9b][0x19][0xd0]kf[0xdd][0xcc][0x0][0xcb][0xe9]Z[0xb4][\n]"
04:37:30.178 [main] DEBUG org.apache.http.wire --  << ";[0xba][0xd5][0x10][0x16][0x88][0xf1]J[0xc8][0x91][0x90][\n]"
04:37:30.178 [main] DEBUG org.apache.http.wire --  << "![0x19][0x99]y[0xd9][0x5]9[0xa5][0x98][0x1b][0xeb][0x11][0xe9][0xcd][0x10][0xd4][0x99]"[0xe2](C3[0x3][0xa4][0xd9]n[0x9a][0xd6][0xa9]H[0x13][0xdd]4.[0x3][0xe8]u[0x1b][0x8e][0x99][0x1][0x96][0xb3][0xc8]h[0x94][0xde][0xe8]u[0x1b][0x8e][0x99][0x1][0xd2][0x81]g[0xb4][0x8e]'[0xba][0xd5]tH[0x97][0xee][0xd0][0xda]O[0x88][0xdc]Jk[0x9b][0xe8]V[0xd3][0xd1][0xeb](73C[0xa4]+[0x84]h[0x1b]z[0x86]HgB[0xd0][0xda]&z[0xb5][0x86][\r][0xe9]u<[0x9d][0x99]![0xbd][0xce]?73$[0xe9][0xfc]s[\n]"
04:37:30.178 [main] DEBUG org.apache.http.wire --  << "[0x8e][0xd3]23[0xc4][0xb2][0xe][0x85]6e[0xb9]![0xd2][0xa9][0x1a][0xb4]N{[0xf4]*#[0xc][0xe9][0xb6][0xee][0xc5][0x10]i[0xdd][0xb][0x8d]C[0x8f]^[0xc7][0x8][0x9a][0x19][0xd2]m[0xfd][0x86]![0xbd][0xce][0xa3]03D:[0x8f][0x2]g<![0xda][0xab]D[0xf7][0x8f][0xc][0xe9]uJ[0x84][0x19]i[0xb7][0x4]QT[0xf6]`9[0xca][0x8f]Fe[0x8f][0x11][0xbd][0xc6]1[0x90][0xaf]%[0xc2][0x19][0xff]T[0x19][G^[0xd2]Gk[0x9b][0xe8][0xd5][0xba]3[0xa4][0xdb][0xda][0x11]C[0xba][0xad][0x1d]A[0xbe][0xdb][0x89][0x9a][0xf1][0x4][0x0][0x0][0x0][0xff][0xff]"
04:37:30.178 [main] DEBUG org.apache.http.wire --  << "[\r][\n]"
04:37:30.179 [main] DEBUG org.apache.http.wire --  << "881[\r][\n]"
04:37:30.179 [main] DEBUG org.apache.http.wire --  << "[0x2][0x1f]1[0x87]2mn[0x88][0xb4]J[0x85][0x96]}Z[0xfa][0xad][0x8d]4D^[0xb5]B[0xf9]a[0x8b][0xe8][0x17]"!-90D:[0xd6][0x91][0xb6]a[0x87][0xe8][0xfd][0xd1][0xd6][0x1e][0xc4]H[\r]m[0xed]A[0x94][\r][0xb4][0xb5][0x7][0xd1][0xa6][0xa3][0xad]=[0xf4][0x9a][0xdd]3[0xa4][0xcf][0xa1]$f[0x86]Hksh[0x1a]rH[0xcb]Zh~[0xf5][0x89][0x99]![0xd2]j[0x13][0x1a][0x97][0xaa]H[0xeb]&[0xe8][0xe0]/[0xa4][0xb3][0x15][0xe8]a[0x1b][0xdd][0xda]EHk[0xe][0xe8][0xe1]/D[0xa9]D[0xeb][0xd4][0x81](/[0xe8][0xe0]/[0xa4][0x99]zz[0xd8][0x86][0x98]g[0xa4][0x87]m[0x88][0x9a][0x91][0x1e][0xb6]!R[0x8]=l[0xa3]k*A[0xda][0x1f]O[0xe3][0xd4][0x8f]t[0xb9][0x10][0x1d]B[0xd1][0x9c][0xaa][0xa5][0x15][0x9e][0x15][0xa1][0x86]Hs[0xc4][0xf4][0xf0][0x17][0xa2]mC[0xf][0xdb][0x10]i[0x91][0xc6][0xa9][0x83]^[0xd7][0x19][0x99][0x19][0x12]3+M[0x9d]^7u[0xe7][0xa9][0xf1][0xf5]H[0x90][0xe6][0xa9]i[0x1d]OT[0xcd]Wx[0xd6]"[0x1b][0xd2]m[0xa6][0xda][0x10]i[0x17]8[0xad]C[0xf]Q[0x93][0xd0][0xda]&D9Ak[0x9b][0xe8]VF[0xd0]m~[0xdc][0x90]n[0xf3][0xe3][0x86]t[0x9b][0x1f]7[0xa4][0xdb][0xfc][0xb8]![0xdd][0xe6][0xc7][\r][0xe9]u-[0x98][0x99]![0xdd][0xe6][0xc7][0x8d][0xe8]6[0xc3]kD[0xb7][0x19]^#[0xa4]s[0xff]i[[0x1a][0x19][0xd1]m[0x86][0xd7][0x88]n3[0xbc]Ft[0x9b][0xe1]5[0xa2][0xdb][0xc][0xaf][0x11][0xdd]fx[0x8d][0xe8]u[0x9d][0xb6][0x99][0x11][0xdd]fx[0x8d][0xe8]6[0xc3]k[0x84]t[0xe2][0x0][0x8d]s.[0xd2][0x99][0x3][0xb4][0xb6][0x9]1VAk[0x9b][0xe8][0xd5]Z6[0xa2][0xdb][0xac][0xb5][0x11]1[0xb3][0xd6]T[0xe9]?[0x19]![0xdd][0xa6]@[0xeb]x[0xa2]Wk[0xd9][0x88]^[0xf7]*[0x98][0x19][0xd1][0xed][0xc][0x4]##[0xc4][0x1d]+4[0x8e]'[0xba][0xad][0x2]0[0xa2][0xdb]*[0x0]#[0xba][0x9d][0xeb]`[0x84]t[0xb0][0xf][0xad][0xe3][0x89]^[0xfd]\#[0xba][0xad][0x2]0[0xa2][0xdb]*[0x0]#z]~af[0x84][0xb4][\n]"
04:37:30.179 [main] DEBUG org.apache.http.wire --  << "[0x80][0xc6])[0x82]n[0xa7]W[0x18]Qw[0x1d][0x0][0x9e][0x11]*#[0xa4]u[0x0][0xb4][0xe]=[0xc4]|[0x7]d[0x87][0x3][0xc6][0xda][0xa7][0x9c][0xc4][0x82][0x92][0xfc][0x2][0xc4]j1[0xb][0x3]0@[0xba][0xb7][0xc8][0x18][0xe7][0xa9][0x6][0xe6][0x6][0xf4][0xba][0x9a][0xc4][0xcc][0x8]i[0x86][0x94][0xc6]a[0x86][0xb4][0xb7][0x9c][0xd6]6[0xd1][0xad]=iJ[0xb7][0xf6]$[0xd2]9[0xf7][0xb4][0xe]=[0xc4][0xea][0x13]Z[0xdb]D[0xb7]Z[0x9][0xe9]T}Z[0xfb][0x89][0x94][0xd1][0xd7][0x9c][0xcc][0xdc][0xcc][0x12][0xd0][0x9e]([0xe8][0xcd]fD/)5B[0xda]^Nc[0xf]!M[[0xd3][0xda]&zm;0B[0xda]d[0xae]R[0x9d][0x97][0x98][0x9b]Z[0x8b]Q~[0xab]T[0xa7][0xa4][0x16]'[0x83][0xc4]I[0x8f][0x1b][0xba][0x15][\n]"
04:37:30.179 [main] DEBUG org.apache.http.wire --  << "H[0x9b][0xcb]i[0xe1][0xf][0xba][0x15][0x4]t[0xdb]Rn[0x84]t[0x9c]>Y[0xa9][0xd9][0x18]4[0x1a]L[0xcc]&E#3R[\n]"
04:37:30.179 [main] DEBUG org.apache.http.wire --  << "[0x2]J[0x96]b[0x1b]!o[0x93]O-HMIT[0xf0][0xc9],.)[0xca][0xcc][0xc6]H[0xd4][0xc1][0x10][0xe9][0x1c][0x88][0xb4]B^zjRi[0x9][0xa2][0x8d]bD[0xec][0xe]L#[0xa4][0xb5][0x3]d[0x5]#[0xf1][0x5][0x1d][0xd2][0xb9][0xf7][0xb4][0xb6][0x89]n[0xd9][0x16][0xe9][0xec]{[0x9c]~B[0x8a][0x15][0xd0]f6[0xa2][0x92][0x1c][0xd2][0xca][0x7][0x9c][0xe6]Rg$[0x88][0x98][0xdd][0xf1]d[0xf9][0x80]n[0xe3]>[0xf4]:[0xdf][0xde][0xcc][0x88]n+)[0x8c][0xe8][0xb6][0x92][0xc2][0x88][0xba]+)[0xf0][0xf5][0xe9][0xe8][0xb6][0x92][0xc2][0x88]n{[0xfe][0x8d][0xe8][0xb6][0x92][0xc2][0x88]n+)[0x8c][0x90][0xf6][0xfc][0xd3][0xb8][0xec]A:S[0x9f][0xd6]6[0xd1][0xad][\n]"
04:37:30.179 [main] DEBUG org.apache.http.wire --  << "[0xa7][0xdb]J[\n]"
04:37:30.179 [main] DEBUG org.apache.http.wire --  << "#[0xba][0xad][0xa4]0[0xa2][0xdb]J[\n]"
04:37:30.179 [main] DEBUG org.apache.http.wire --  << "#[0xba][0xad][0xa4]0[0xa2][0xdb]J[\n]"
04:37:30.179 [main] DEBUG org.apache.http.wire --  << "#[0xba][0xad][0xa4]0[0xa2][0xdf]J[\n]"
04:37:30.179 [main] DEBUG org.apache.http.wire --  << "KR[0xfa][0xfb][0xe4][0xf7][0x8d][0xb1]\>[0x80][0xd1][0x12][0xa6]N3[0x8][0xd4]2[0x83][0xde][0x84]A[0xdb][0xa2][0x8][0xdc][0xed][0x80][0xda][0xe4]Y[0x90][0x91][0x9f][0x87]yW:H85O[0xc1][0x2]z[0xca][\n]"
04:37:30.179 [main] DEBUG org.apache.http.wire --  << "[0xb4][0xd7][\n]"
04:37:30.179 [main] DEBUG org.apache.http.wire --  << "[0xd6]HL[0xe3][0xd1][0x18]i[0xf1][0x9][0xc8]([0x1c]6[0xe4][0xa5]R`[0x3][0xbd][0xfa][0xf7][0xc6]H[0xb]4p[0xf8][0x5][0xd1]8%![0x84][0x10][0xfd]a[0x5][0x1c][0xc6]B[0x84][0xd1][0x83][0x8][0xf9][0xe8]\<m[0x1d]c[0x92][0xd6]`[0x90][0x9d]?[0x8c]IZ[0x80]A[0x81]5[0xf4][0xaa]=[0x8d]IZ}A[0xbe][0x87][0xe8][0xb6][0xf4][0xc2][0x98][0xa4][0xa5][0x17][0x14]x[0x88]^[0xe3][0xe4][0xc6]$[0x9d][0x16]@[0x81][0x87][0x10][0xd3]24[0xb8])[0xc5][0x18]i[0xa5][0x5]M[0x8c]GT[0x8f][0xd8][0x8d]G[0x14]Z&[0xa0][0x9a][0x87][0xa8]b[0x9d][0xa4][0xb3][0x7]([0x8]yDf[0xc7][0xee]v[0xb7][0xfc]"[0x85][0xf4][0xc4][0xdc][0xcc][0xbc]tr|[0x81][0xb4][0xa2][0x1][0xbb][0xf1]d[0x19]J[0xb7][0xfa][0xc8][0x88]^CK[0xc6]t[[0xbc]`L[0xb7][0xc5][0xb][0xc6]F[0x84][0xf2][0x5][0x85]i[0x8b]P[0xd2]%'m[0xd1]m[0xc9][0x80]1[0xdd][0x96][0xc][0x18][0xd3]m[0xc9][0x80]1[0xd2][0x92][0x1][0xec][0xd9][0x9d][0xb2][0x18]G[0xba][0xec][0x82][0xc6][0xcd]v[0xba][0xcd][0xe3][0x1b]#[0xdd]xA[0x93] #[0x94]I([0x8b][0x11][0xa4]}[0xee]4[0x8e][0x11][0x13][0xba][0x15][0xfa]H[0x17]a[0xd0]"F[0x90][0xb6][0xec][0xd3][0xc4]x[0xda][0x16][0xba]&[0xb4]MOH[0xab]Zh[0x11]8H[0x1b][0xfd]i[0x9c]\[0xe9][0xb6][0xc0][0xc4][0x98]n[0xb]L[0x8c][0x91][0x8e][0x13][0xa0]q[0xe8]![0xcd][0x8f][0xd3][0xf2][0xf8][0xc]c[0xfa]\:on[0x80]t[0xec][0x8]MC[0xce][0xdc][0xc0][0x4]1[0xd6][0x1][0xb3][0x89]v[0xd7][0xea][0x98][0x1b] [0x15][0x7][0xf4][0xb0][0xe][0xa9]xPP[0xa0][0xc9][0xd8][0xa0]9[0xf2]U*t[0xf1][0x12][0xa2][0xeb]K[0x17][0xeb][0x10][0xd5][0x3][0xcd]B[0x10][0xcb][0x1a]'Z[0xa6]A[0xa4]EA[0xf4][0x8]A[0xa4][0xb2][0x89]v![0x88][0xc8][0xc5][0xd4][0xaf][0x6][0xcd][0x91][0xcf][0xdd][0xa2][0x89][0xf1][0x98][0x8b][0x1]h[0x18][0xff][0xc8]g-[0xd1]![0xfe][\r][0x91][0x9a][0x87][0xb4][0x8a]C[0xa4]R[0x9c]:WL[0xe3]Y[0xb3][0xc]>[0xbe][0x1d]:EA[0xc3][0xca][0xd6][0xdc][0x90][0xba][0xeb][0x88]q[0xdf][0xf0]hn[0x88][0x94]ECR[0x8b]R[0x15]|2+S[0x15][0x9c][0xf2][0xf3]1[0x17]V[0xe1][0x9b]N2D_[0xf8][0x8d]{[\n]"
04:37:30.179 [main] DEBUG org.apache.http.wire --  << "[0xc0][0xdc][0x10][0xa9]%A7+[0x11]E9[0xdd][0xac]D[0xe4]l[0xba]Y[0x89][0xe8]p[0xd0][0xcb]J[0xa4][0xa3]|[0xe8]f%b[0xe7][0x17][0xdd][0xac]Dt[0xa8][0xe9]f%b[0xde][0x82]nV"Fp[0xe9]f%[0xa2]EG7+[0x11][0xed][0x5][0xba]Y[0x89](}`[0xb5].[0xee][0x6]9[0xb9][0xf3][0x13][0xe6][0x86][0xe6][0xf4]/q[0x90]V[0x18][0xd2]+0[0x91][0x16][0xf7][0xd0][0xcd]J[0xfa]g[0xc][0xa4]e$t[0xf3]%[0xa2][0xf6]p[0xcc]I,Q[0x8])[0xcd][0xc9][0x4][0xed][0xdb]pI-N.[0xca],([0xc9][0xcc][0xcf]S[0xb2]R[\n]"
04:37:30.179 [main] DEBUG org.apache.http.wire --  << "[0xcd]+)[0xcd]VH[0xcc]K[0xcc]V(N[0xcd][0xce][0xcf]I[0xcc]@L[0x1d][0x10][0xbb][0xe2][0xd9][0x1c][0xf9][0x14][0x10][0xda][0xdb][0x85]([0xbc]io[0x17][0xdd]Km[0xd2][0xe][0xea] [0xbb]p1B[0x9a][0x18][0xa1]A?[0x8]y[#M[0x8c][0xa7]{[0xa1]o[0x84][0xd4]/!\[0xe8]S[0xb0]7[0xc2][0xdc][0x8]i[0xfc][0x94]Ne[0x85][0x11][0xd2][0xf0]&[0xcd][0xf3][0x14][0xd2][0x1d][0xad][0xb4][0xb7][0x8b][0xee]U([0xf2].7z[0xc5][0x1e][0xd2]=[0xa7]4[0xc8]l[0xc8]+{ha<[0xd2]>GZ[0xa7][0x7]cS[0xfa][0xd5][0x89]&[0xf4][0xba][0xd7][0xc4][0xdc][0x84][0xa4][0x95]J[0x94][0x14]M&H[0xab][0x89]h[[0x8][0x9a][0xd0][0xeb][0xdc][0x16]s[0x13][0x92]V[0x1b]Q[0x16]z[0x88][0xd4]G[0xe3][0xd0]C:[0xb7][0x85][0xd6]y[0xca][0x4]i[0x9d][0x13][0xed][0xed]B[0xb4][0xfd]h[0x1d][0x82][0x88][0x96][0x1f][0x8d]m[0xa2][0xd7][0xe](s[0x13]z[0xed]K27[0xa1][0xd7][0xbe]$s[0x13]z[0xed]K27[0xc1][0xb2]/[0x89][0x86]C[0xfb]&H[0x17][0x86][0xc2][0x12] -[0xad]C[0xea][0x86][0xd3]jh[0xdf][0x84]^[0xbb]k[0xcc]M[0xe8][0xb5][0xe7][0xc5][0xdc][0x4]i[0xcf]KFjNN[0xbe]BZiIi[0x11][0xe6]V[0x87][0xe4][0x8c][0xcc][0x9c][0x9c][0xcc]<[0x85][0xcc]<[0x85][0xfc][0xd2]"[0x85][0xca][0xfc][0xd2][0x12][0xa4][0x9e][0xb6]1[0xa8][0xc0]&bm[0xac][0xb9])[0xbd][0xce]*27[0xc5]2qO[0xc3][0x4]h[0x8a]4[0xb7]D[0x87][0xf4]n[0x8a][0xb4][0x14][0x89]V[0xe9][0xdd][0x94]n]FS[0x13]D?[0x87][0x1e][0x81][0x87][0xb4][0x16][0x81].[0xd6]![0xea]b[0x9a][0xc5][0x15]R[0xa7][0x1b][0xe6]%[0xdc]c[0xba][0x94][0xb4][0x2]M[0x91][0xfa][0xda][0xb4][0xb6][0x89][0x94]qj[0xca][0xfc]D[0xaf][0x96][0xad])][0x17]X[0x98][0x19]#YG[0xf6][0xa1]Y[0xb8][0xe7]N[0xcd][0x8c][0x91]N[0xaa][0xa1][0xe1][0x4][0xb4][0x99]1[0xd2][0x10][0x1]m[0xed]AdU[0xda][0xda][0x83][0x18][0xc2][0xa7][0xad]=t[0xca]Bf[0xc6][0x94][0x9e][0xf2]B[0xec]`[0xbd][0x99]1[0xdd][0xe]B1[0xa6][0xdb]A([0xc6][0xd4][0xbd][0xaa][0x5]_[0x8e]E:[0x8][0xc5]38[0xc4]K75[0xbb][0xb8][0xa4]([0xbf],[0xb5][0xa8]D[0xa1],[0xb5][0x8][0xa3][0xce][0xa0]R[0xbb][0xcf][0x0]i[0x94][0x8c][0xfa][0x83]pf[0xc6]H[0x13][0xf4][0xf3][0x95][0x99]1[0xd2]9#t[0xb5][0x16][0xb1][0xe4][0x80][0xae][0xd6]"F/[0xa8]m[0xad]![0xce][0x83][0x19][0xcd][0x8c][0x91][0xba][0xfd][0xd4][0xb6][0x16]OF1[0xa1][0xdb]i[0xd2][0xc8]c[0x85][0x11][0x11][0x18]9[0x90][0xf4][0xf9]L3[0x13]Pw[0xc][0xba].[0xc][0x8b][0x89]yyy[0x8]CA[0xe7][0x80][0x11][0xd1]s33A:w[0x98][0x6]9[0xd8][0x4]i[0x17][0x1d]-kD[0x13][0xba][0xed][0xa1]3A[0xda]CG[0x9f][0x99][0x14]3[0x13]z[0xf5][0xae][0xcd]L[0x90]6[0xdb][0xd1][0xcb]st[0xdb]ug[0x82]4[0xb9]L[0xd3].[0x8e][0x99][0x9][0xdd][0x8e][0xcf]5[0xa1][0xdb][0x6]<[0x13][0xba]m[0xc0]3A[0xda][0x80]G[0xd3]2[0xc3][0x18]1<A[{[0xe8][0xd4][\r]53A[0x1a][0x1c][0xa3]g[0x9d]J[0xb7][0x9d][0x80]&H[0xc3]q4[0x8d]2[0x13]DG[0x8e]pQA[0xee]r[0x17]3[0x13][0xa4][0xe1]>[0x9a]ZC[0x9b]u)x[0xae][0xed]3[0xa1][0xdb][0xc5][0xc4]&[0xa0][0x93]6[0xa1][0x8d]"[0xc2]aH[0xc1]p[0x92][0x99][0x9][0x96][0xf1]E[0x8c]f[0x1d][0xbe][0xe5][0xeb]D[0xf7][0x85]M[0x90][0x16][0xe6][0xd3][0xab][0x1a]F[0xda][0x88]I7+[0x11][0x99][0x8c]nV"V[0x2]C[0x12][0xb][0x0][0x0][0x0][0xff][0xff]"
04:37:30.179 [main] DEBUG org.apache.http.wire --  << "[\r][\n]"
04:37:30.179 [main] DEBUG org.apache.http.wire --  << "308[\r][\n]"
04:37:30.179 [main] DEBUG org.apache.http.wire --  << "[\n]"
04:37:30.179 [main] DEBUG org.apache.http.wire --  << "6[0xa5]U[0x14][0xd2]k[0x88][0xc6][0x4][0xa9][0xf]Nk?[0x11]Q[0x91]![0xba] [0xc4]'w[0xa4][0xe1]L[0x1a][0xfb][0x0]i`[0x93][0xd6]6!z[0xd5][0xf4]J[0xdc]H[0xdb][0xee][0xe8]f%[0xfd][0xb3]0[0xd2]V"ZG![0xa2][0xda][0xa4][0xb5]Mt+,[0x90][0xc6]s[0xe9][0x96]F[0x10][0xa5][0x6][0xbd][0xac][0xa4][0xd1]~![0xdc];[0xdc][0xcc]L[0x90][0x8f][0xe][0xcf][0xcf][0xa3]e[0xcd][0x82]4PN[0xb7][0xf0]D[0xcc][0x9f][0xd0][0xcd]J[0xfa][0x97],Hc[0xe8]4[0xce][0xef][0xc4][0x1c][0xfa]M[0x9d][0x96]$[0xd2]n[0x1d]Z[0xfb][0x89][0xfe][0xd9][0x1c]i[0x9c][0x9e]^[0xc9][0x12]iY[0x1c][0xdd][0xac][0xa4]K[0x2]il[0x9e]n[0xbe][0xa4]~GZ[0xa4]G7_"[0x9a][0x14]t[0xb3][0x12][0xd1][0xb6][0xa0][0x9b][0x95][0x88][0x81]5[0xba]YI[0xff][0xd2][0x7][0xe9][0xa4]qz[0xf9][0x12]i9$[0xdd][0xac][0xa4][0xe9][0x83]t[0x8]9[0xdd]|[0x89](}h\M"[0x9d][0x11]N7[0xcf][0xd1][0xbf][0x4]@:8[0x9c]n[0xbe][0xa4]{[0x9]`[\n]"
04:37:30.179 [main] DEBUG org.apache.http.wire --  << "[0xba][0xc1][0x8]:[0xf4]H'_[0x9a]"[0x9d]-N7+[0x11][0x8d][0xff][0xe0][0xfc][0xbc][0xcc]d[0x5][0xaa]Lf[0x9b][0xd2][0xed][0x92]yS[0xa4]3[0xcc]qy[0x80]*[0x8d]mS[0xa4];[0xe6]i9;a[0x8a]z[0xba]9[0xd6][0x18][0xa1][0x92][0x87][0xe8]^[0x91][0x9b]"[0xdd]4O[0xaf][0x4][0x8e]t[0xe8]9[0xdd][0xac]D,[0xf5][0xa1][0x9b][0x95]t[0xaf][0xc8]M[0x91][0xf6][0x1a][0xd2][0xcd][0x97][0x88][0x8a][0x9c][0xa6]Y[0x10]i[0x19][0x11][0xdd][0xbc]F[0xf7][0xbe][0x83])[0xd2]vG[0xba][0xf9][0x12]Q[0xe4][0xd0][0xb6]%f[0x8a]t_=[0xbd]<[0x87][0xb4][0x80][0x8b]nV[0xd2][0xbf][0xa4]1[0xa2]I[0x83][0xb4][0x8a][0x8d]n[0x1][0x8b](i[0xe8]f%[0xbd]f/M[0x91][0x16][0xb9][0xd1]8[0x17]"[0xdd]=O[0xaf]`[0xa4][0xff]"7S[0xa4]Ent[0xf3]%[0xfd]s![0xd2]a[0xf3]t[0xf3]%[0xfd]s![0xdd][0x96][0xdc][0x99]"-[0x84][0xa3]q.4[0xa6][0xe7][0x19]i[0xad][0x1a][0xbd][0x12][0xb][0xd2][0xd9][0xf8]t[0xb3][0x92][0xfe][0xb9][0x10]i[0x8d][0x1c][0xdd]|I[0xff]\[0x88][0xb4]t[0x8e]n[0xbe][0xa4][0x3][0x1c]i[0x19][0x1d][0xdd]|[0x89]h[0x80][0xd3][0xcd]J[0xfa][0x97]>H[0xab][0x6][0xe9][0xe5]K[0xa4][0xe5][0x83]t[0xb3][0x92][0xfe][0xa5][0xf][0xfd][0xd7][0x11][0x9a][0xd2]k[0x93][0xb4][0x19][0xf2]&i[0xba]E![0xdd][0x7][0xef]M[0x91][0x16][0x14][0xd2][0xcd][0x97][0xf4]/[0x1][0x90][0x16][0x1d][0xd2][0xcb][0x97]H[0xab][0xf][0xe9]f%[0xfd]K[0x0][0xfa]/C45[0xa3][0xfb][0x3]i[0x19]"[0xdd][0xe2][0x92][0xfe][0xed][0xf][0xd0]6B:[0xcf]p![0xad]P[0xc]N-HMIT[0xf0][0xc9],.)[0xca][0xc4]<*[0x1e]*[0x9d][0x3][0x91]V[0xc8]KOM*-AZ[0xc][0xaa][0xe3][0x89][0xd9][0x3]ijF[0xff][0xd2][0x87]F+[0x14][0xf1][0xec]|5EZ[0xa1]H[0xaf][0x14]K[0xff][0xa5][0x8a][0xa6]H[0x9b][0xfb][0xe9][0xe6]K[0xfa][0x97]>HK[0x15]i[0xb0]k[0xd7][0x14]i}"v[0xe3][0x11][0xb9][0x8c][0xe8][0xfb]SM[0x91][0x96]"[0xd2]-f[0xe8][0x9f][0xb1][0xe9][0xbf]&[0xd1][0x94][0xfe]k[0x12]M-[0xe8][0xdf][0xac][0xa0][0xff][0x9a]DS[0xa4][0xf3][0x2][0xe9][0x95]b[0xe9][0xbf]&[0xd1][0x14][0xe9][0x4]A[0xba][0xf9][0x92][0xfe][0x9d][0x1a][0xb][0xfa][0xf]k [0x9d][0x95]H[0xaf][0x80]EZ[0x93]H[0xd3][0xe9]o[0xfa]/D4E:[0xa6][0x91]n[0xa1][0x89]X[0xf9]D7+[0x11]m[0x9][0xec]5/E[0xb7][0xc3][0x9a]"[0xad]>[0xc4]n<9[0x15];[0xd2]-[0x12][0xb4][0x9d][0xa6]0[0xa3][0xff][0xea]73[0x3][0xba][0xd7]tf[0x6]d$;[0x0][0x0][0x0][0x0][0xff][0xff]"
04:37:30.179 [main] DEBUG org.apache.http.wire --  << "[\r][\n]"
04:37:30.179 [main] DEBUG org.apache.http.wire --  << "4A2[\r][\n]"
04:37:30.179 [main] DEBUG org.apache.http.wire --  << "[0xca]W@[0xdf][0x85]N[0xc2]eYfft;a[0xc4][0xc]i[0xf2][0xd5]7171/][0xc1]'[0x11][0xdc]kC[0xbd][0x0][0x4][0xdf][0xfa]5KKKK[0x1d]%bzvfH[0xf3][0xae]4N[0x9a][0xf4][0x9f][0xfb]4C:e[0x84]N[0xc5][0x93][0x19][0xd2][0xdc]'[0xdd][0xac]D[0xb4][0xe1]i[0x1c][0x85]H3[0x92][0xb4][0xb6][0x9]Q[0xa8][0xd0][0xda]&DYB[0xcb][0x6][0x81][0x19][0xd2][0xa8][\r]m[0xed][0xa1][j[0xa0][0xff][0x8][0x8d][0x19][0xfd]Gh[0xcc][0xe8]?Bc[0x86]4BC[0xe3][0xc4]O[0xb7][0xe3][0x17][0xcd][0x90][0xc6]ch[0xed]'[0xc4] 0[0xad]m[0xa2]{'[0xcd][0x8c][0xfe]CDfHGL[0xd2][0xab]F[0xa3][0xff][0x10][0x91][0x19][0xfd][0x87][0x88][0xcc][0xe8]?Dd[0x86]4DD[0xe3][0xbc]A[0xff][0x91]!3[0xfa][0x8f][0xc][0x99][0xd1]d[0xc8][0xcc][0x2]Q[0xe8][0xd0]:[\n]"
04:37:30.179 [main] DEBUG org.apache.http.wire --  << "[0x11][0x3]B[0xb4][0xb6][0x9][0xd1]f[0xa1]W[0x11][0x83]4[0xe]D7+[0xe9][0xbd][0xd0][0xdc][0xdc][0x0][0xa9][0xd1][0x9][0x8b]B[0x1a][0xde][0x5]a[0x80][0xd4]<[0xa3][0x8b]u[0x88][0xa6];[0xad][0xee][0x17]0DZ[0x93][0x4][0xf3][0x12]M[0xce][0xc3]27[0xa4][0xd7]"[0x1d]sCS:[0xad][0x92]77D[0xaa]Uip[0xc][0xbf][0xb9]!R}F[0x9f]\lnH[0xf7][0x8a][0xcd][0xdc][0x90][0xee][0x15][0x9b][0xb9]![0xdd]+6sC[0xa4][0x8a][0x8d]nq[0x89][0xa8][0xe1][0xe8]f%[0xa2][0xaa][0xa3]I[0x8e]@[0xba][0xd7][0x88]N^2B[0xda][0xd4]K7+[0xe9][0x1e]qFt[0xdf][0x3]kndH[0xa7]A0s#[0xba][0xdd]DiD[0xf7]m[0xa1][0xe6]FH{4i[[0x85][0x1b]!m[0x98][0xa4][0xb1]Mt[0xdf]'inD[0xf7]M[0x8b][0xe6]FHg[0xd6][0xd3][0xab]dA[0x9a][0xe7][0xa1][0x97][0x95]H[0x13]>t[0xb3][0x92][0xfe][0xe5]'[0xbd][0xe6][0xe][0xcc][0x8d][0xe8][0xbe][0x89][0xc9][0xdc][0x8]iG[0x11][0x8d]3>[0xd2][0xae][0x1e]Z[0xdb][0x84][0x18]h[0xc0]>[0x13]N[0xc9]D[0xbb][0xb9][0x91][0x9][0xa2]!D[0xaf]T[0x8f][0xd4][0x97][0xa3][0x85][0x8f][0x90]6v[0xd0][0xfa]B]c[0xa4][0xcb]{[0x9]'[0x3][0xf4][0x89]ob[0xcf][0x1d]67F[0x9a][0xcd][0xa4][0xa9]5[0xa4][0xc][0xd9][0x93][0xef][0x1b][0xa4][\r][\r]4[0x8f] [0xa4][0x9d][0xc][0xb4][0xb7][0xb][0xd1]N[0xa4][0xbd]][0x88]1[0x17]Z[0xdb]E[0xb7][0x9b][0x88][0xcc]M[0x90]V[0xfd][0xc0][0xd2]9[\r][0xc7][0xc9][0xc0]+[0x82][0xa1][0x9b][0x6][0xe8]`[0x1d][0xf2][0x91]X[0xb4][0x1a]'3EZ[0x5][0x4][0xf3][0x12]m[0xc6][0xc9]L[0x91][0x16][0xff][0xc0]l[0xa2]a\![0x1f]YE{[0xeb][0xcc][0xcc][0x90][0xe][0xfd][0xa2]O[0xb5]hf[0x86]t[0xfa][0x17][0xdd][0xac]D[0x14][0xf8]t[0xb3][0x12][0xd1][0x9c][0xa1][0x9b][0x95][0xf4]ne[0x9b][0x99][0xd1][0xff]p03[0xa4][0x81][0x11][0xea][0xb7][0xaa][0xcc][0xcc][0x90][0x6]A[0xb0][0x1b]O[0xc6][0x82]L3[0xfa][0x9f][0xbb]e[0x86]4[0xc4]B[0xaf][0xf4]G[0xf7][0xb1][0x16]33C[0xfa]gl[0xa4][0xe1][0x1d][0xba][0x5],[0xfd]36[0xbd][0x86][0x96][0xcc][0xcc][0xe8]R[0x94][0x99][0x11]bM7[0xbd][0xa2][0x10][0xe9][0xda]E[0xba]Y[0x89][0xc8][0x1b][0xb0][0x96][0x4]M[0x9a]Hfft[0xbb][0x89][0xce][0xc][0xe9][0x86]8[0x1a][0xfb][0x9]iT[0x87][0xd6]6[0xd1]?5"[0x8d][0xea][0xd0]+5[0x9a] R#[0xdd][0xac]D4[0xc1]h[0x1d][0x85][0x88][0xc1]%[0x1a][0xdb][0x4][0xda]B[\r][0xed][0xca][0xd1]+[0x18][0x91][0x86][0xb1][0xe8]f%b[0x84][0x81]nV"[0x6][0x1a][0xe8]f%[0xfd]3>[0xd2]R[0xc][0xba][0xf9][0x92][0xfe][0x19][0xdf][0x14][0x91][0xf1][0xe9][0xe6]K[0xfa]7[0xd1]L[0xe9]V[0xe8] [\r]d[0xd2]+<[0x91][0xc6]3[0xe9]f%[0xfd][0xb][0x1d][0xa4][0x93]Yh\o [0x1d][0xc8]Bk[0x9b][0x10][0xab][0xbd][0xe8][0x16]s[0xf4]/b[0xe8][0xe][0x8b][0x19][0xd2]~[[0x1a]G![0xd2]}[0x1f][0xb4][0xb6][0x89][0xfe]U [0xdd]W,[0x99][0x99]![\r][0xf7][0xd3]+K m[0x1][0xa6][0x9b][0x95][0xf4][0xaf][0x2]A[0xdb]N[0xe9][0xdb][0x1a]6G[0xba]b[0x84][0xb6]y[0xc3][0x1c]io5[0xad]mB[0xd4]|8mB[0xc]{[0x1a][0x10][0xb7][0xd5][0xd7][0x1c][0xcb][0xc4][0x9][0xc6][0xf8][0x3][0x19][0xa6][0xd2][0xbd][0xc4]0[0xa7][0xff][0x84][0x85]9[0xdd][0xd7]8[0x9a][0x99][0xa3][0xde]aB[0xc3][0xfb]2[0xcd][\r][0x10][0x5][0x5][0xce][0xe4][0x86]o[0xbb]9[0xb1][0xeb][0x9][0xcc][0xcc][0xe9]?=a[0x8e]4=A[0xa7][0x82][0xd7][0xdc][0x90][0xde][0x1b]=[0xcc][0xcc][0x91]fI[0xe8][0xe6]K[0xba]w[0xd0][0xcd][0xe9]?[0x87]b[0x8e]4[0x87]B[0xe3][0xbc]A[0xff][0xa9][0x13]s[0xfa]O[0x9d][0x98][0x1b]"[0xca][0x1a][0xba]%Tz[0xf5][0xcb][0xcd][0xe9][0xbe]*[0xd7][0xcc][0x1c]i![0x18][0xbd][0xc2][0x93][0xee][0xb][0x81][0xcd][0xcc][0xe9]?'eN[0xff]9)s[0xfa][0xcf]I[0x99][0xd3]}[0x85][0xb5][0x99]9[0xd2][0xcd])tK[0xb1][0xf4]/t[0xe8]k[0x8b]9[0xd2]Q>[0xf4][\n]"
04:37:30.179 [main] DEBUG org.apache.http.wire --  << "X[0xfa]_[0xa1]bN[0xff]c[0x84][0xcc][0xe9][0x8c][0x90]9[0xd2][0xc2][Z[0x9e][0x16]c[0x8e]4SL[0xb7]4C[0xf7][0xc9][0x0]s[0xa4]Yjz[0xf9][0xd2][0x4]Q[0xe4][0xd0][0xb8][0xdd][0x88][0xb4][0x90][0x9e][0xc6]6![0xcd]uF&[0xe6]&f$b[0xc][0x1f][0x4][0x19][0x99]"F[0x10][0x8c][0xc0][0xd7][0xbf][0x12]s[\n]"
04:37:30.179 [main] DEBUG org.apache.http.wire --  << "[0x99]9[0xd2][0x94]&[0xad][0xfd][0x80][0x18][0xae][0xc0][0xe1][0x7][0xf2]<[0x80][0x18]d[0xc7]a,J[0xd0][0x10];dc[0x8a][0x18]H[0xa7]u[0xb8] r%[0xad]m[0xa2][[0xce][0xa0][0xdb][0x84][0x9c]9[0xd2][0x84][0x1c]MC[0xcf][0xdc][0x0][0xe9][0xc4][0xa6][0x8c][0xd4][0x9c][0x9c]|[0x85][0xf2][0xfc][0xa2][0x1c][0x8c]|[0x88]o[0xb4][0xc6][0x10]4bJD[0xae]47@:[0xb3]"
04:37:30.179 [main] DEBUG org.apache.http.wire --  << "[\r][\n]"
04:37:30.182 [main] DEBUG org.apache.http.wire --  << "EFE[\r][\n]"
04:37:30.182 [main] DEBUG org.apache.http.wire --  << "[0x9][0x8f]][0x88][0xfc]B[0x82][0xc9][0x98][0xe9][0x9a][0x86]k[0xb8][\r][0x90][0x8e]0[0x82]E[0xf]-[0xad][0xb3]@[0x8c][0xff][0xd0]j[0xbd][0xbd][0x1][0xd2][0xe1]At[0xf1][0x12][0xa2]|[0xa3][0x8b]u[0x88][0xd2][0x88]V!h[0x88][0xb4]][0xb][0xe6]%[0x92][0xf2][0x11][0xb1][0xa3][0x9e][0xe6][0x86][0xf4]*[0xc5][0xcd][\r][0x91][0x16]Z[0xd0][0xda]Ot*[0xc5][0xcd][\r][0xe9]U[0x8a][0x9b][0x1b][0xd2][0xad][0x14]7DZMA[0xdb]x2BZg@[0x9f][0xa6][0xaf][0xb9]1[0xd2][0xa5][0x8c]x[0xaa][\r][0xaa]TQ[0xc6]H-{<v[0x91]QE[0x19]#][0xf8]H[0xeb][0x8d]n[0xc6]H{[0xa3]in[0x17]R[0x82][0xa0][0xbd]][0x88]Z[0x83][0xf6]v![0x9a][0x14][0xb4][0xb7][0xb]Q=[0xd1][0xde].R[\n]"
04:37:30.182 [main] DEBUG org.apache.http.wire --  << "Z[0xf2][0xf7][0xc6]"[0xb5][0xf5][0xe8]TN[0x98] [0x8d]=[0x6]'[0xe6][0x16][0x97][0xe6][0xa5]+8[0x1a][0x9a]`[0xd4][0xc1][0x1e][0x89]y)[0x5][0x19][0xf9]y[0xa9][\n]"
04:37:30.182 [main] DEBUG org.apache.http.wire --  << "[0xc5][0x10]U[0x88][0xdc]ld@l[[0xd6][0x4]i[0xd4][0x91][0xe][0x96]![0xc5][0x19][0xc4][0xcd]4[0xf4][0x19][0xd2]PQp~^f[0xb2]B[0x4]F[0x10]"[0x85][0x18]h[0x85][0x6]1[0x8d][0x13][0xa4][0x91]![0xaa][0x1a][0x8b][0xc8]:[0xb8][0x8c][0xc5]W3[0x10][0xdd][0xe8]2A[0xaa][0x19]hk[0x11]R;[0x12]R[0x5][0xa5][0x95][0x96][0x94][0x16][0xa5]bDBrFfNNf[0x9e]Bf[0x9e]B~i[0x91]Be~iI[0x6]"b[0x8c]AsGDE[0xc]Rk[0x92]>[0xf6]![0xa6][0xcf][0xe8]b[0x1f]R+[0x8c]>[0xf6]a.[0xb6][0xa1]a[0xe7][0xd0][0x4][0xe9]Z<X[0xd3][0x8f][0xa6][0xd6]![0xf2][0x1b][0xad]zR&H[0xc7]>[0xd2][0xfc][0xc6][0x2]s[0x13][0xa4][0x3][0xb9]a[0x1][0x88][0x91][0xd7][0xa8]S[0x84]`9[0x87][0x9b][0x96]Qe[0x8e]h[0xc1][0xc0]<FS[0xeb][0x10][0x95][0x14][0xed]R[0x6][0xa2][0xec][0x80]y[0x89]Fq[0x85]td4=J[\r]S[0xa4]5S[0xb4][\n]"
04:37:30.182 [main] DEBUG org.apache.http.wire --  << "=S[0xa4][0xd5]R[0xb4][\r]=S[0xa4]ER[0xb4][0xb6][0x9][0xb3][0xb4][0xa5]M[0x8a]0E[0xda][0xe3][\r][0xf3][0x13][\r][0xb3][0x93])[0xd2][0xf2][0x1d][0xba]XG[0xfb][0xdc]k[0x8a]e[0xcf]1-C[0x10]i][0x9]=B[0x10]i[0x81][0x7][0xcd]r0[0xd2][0x8a][0xe][0x98][0x97]h[0x94][0xda][0x91][0xfb]7[0xf9]y[0xb4][-jn[0x8a]t\[0x1d][0x8d][0xfd][0x84][0xb4][0xa0][0x81][0xd6]6![0xd6]2[0xd2][0xda]&[0xc4][0xfc]#[0xcc]&Z[0xe6])[0xa4][0xb1]8[0xba]X[0x87][0xa8][0xef]i[0x95][0xa7][0xcc][0x90][0xb6]L[0xc2][0xbc]D[0x9b]<eF[0xb7][0xd1]t3[0xa4][0xb][0xe5]][0xf2][0xb3]KR[0x8b][0x14]<R[0xcb][0x13][0xf3]H[0xf2][0x17][0xc1][0xeb][0xcc][0xaa][0x95]<][0x94][0xac][0x8c][\r][\r][0x90][0x86][0x0][0xbd]K[0x93]3[0xf3][0xd2][0x15][0xfc][0x8b]R1-[0x8b]LTp[0xcc]-([0x5][0xf5]X3[0x15]rJ[0x93]K[0x15][0x92][0x12][0xf3][0xd2]SKJJ[0x14][0x95]jcku [0xe6]Y[0x98][0x9b][0xd1]m[0x84][0xde][0x8c]n[0xe3][0xe6]f[0xf4][0xda][0x9]hn[0x86][0xa5]CHR[0xbc][0x13]=$b[0x86][0xb4]G[0x8e][0xc6]9[0x7][0xe9][0xbe]p[0x1a][0xdb][0x84]t[0x9][0x15][0xad]m[0xa2]W[0xcb][0x95]n[0xf7]?[0x99]#_'D[0xdb][0xd0]C^[0xb6]Gk[0x9b]0[0xbb][0xd1][0xb4][0xc9]O[0xe6]HSD4[0xf6][0x93][0x9][0x9d][0xd2][0x9e][0x19][0xb2][0x9f][0xe8]3[0xf]`f[0x8e]4[0xfb]E7+[0x11]+4[0xe8]f%"[\n]"
04:37:30.182 [main] DEBUG org.apache.http.wire --  << "[0xe9]f%[0xa2]UK7+[0x11][0xcd][[0xba]Y[0x89][0x98]d[0xa4][0x9b][0x95][0x88]"[0x86]nV"[0xc6]q[0xe9]e%[0xbd][0x1a][f[0xe6]f[0x88][0xbc]A[0xd3][0x82][0xd4][0xcc][0x9c]^[0xcd]:3s[0xa4]F6[0xad][0xfd][0x84]H[0x8d][0xb4][0xb6][0x9]1[0xe8]D[0xb7]D[0x88][0xe8]Q[0xd2][0xcb]J[0xa4]&%[0xdd][0xac][0xa4]}[0x84]4[0x8d]B7_[0xd2][0xbf]>BZ.K7_[0xd2][0xbf]>B[0x9a]9[0xa2][0x9b]/[0x11][0xf5][0x11][0x8d][0xb][0x1d][0xa4]+Oim[0x13][0xa2][0xac][0xa1][0xb1]MH[0xb3]U[0xb4][0xb6][0x9]Q[0xb2][0xd0][0xda]&D%N[0xaf]DH[0xf7][0xeb][0xdf][0xcc][0xcc]-[0xe8][0xdf][0xc0][0xa5][0xfb][0xf5]of[0xe6]t[0xbf][0xfe][0xcd][0xcc][0x9c][0xee][0xd7][0xbf][0x99][0x99][[0xd0][0xbf]9c[0x81](b[0xe8][0x95]I[0xe8][0xd3][0xa9][0xb9]%[0xa2][0xd0][0xa1][0x9b]/[0xe9]_[0xfa] [0x9d][0xca]E7_[0xd2][0xbf][0xf4][0xa1][0xff][0xf1]\[0xe6][0xf4]?[0x9e][0xcb][0x9c][0xfe][0xc7]s[0x99][[0xd2][0xbf][0xf4][0x1]-[0xfe][0xa4][0xef][0xf1]\[0x16][0xa0][0x5][0xba][0xf4][0xb6][0x92][0xee][0xa5][0x8f][0x5][0xd2][0xed]'t*[\n]"
04:37:30.182 [main] DEBUG org.apache.http.wire --  << ",[0x90]N[0xf3][0xa2][0x9b][0x95]t/},[0xe8][0xd4][0x97][0x5][0xfd][0x8f][0xfa][0xb2]@:[0xea][0x8b]nqI[0xf7][0xd2][0xc7][0x2]i9[0x1b][0xbd]|[0x89][0xb4][0xae][0x8d]nV[0xd2][0xbf][0xf4]A:[0xfc][0x8b][0xb6]}<[0xb],k[0xea]h2[0xb7]ff[0x81]t[0xd4][0x17][0xad][0xfd][0x84][0x18][0xaf][0xa1][0xb5]M[0x88][0x81]Z[0xba][0xa5]F[0xc4]0[\r][0xdd][0xac][0xa4][0xc9][0x82]e[0xa1]"[0x8d][0x92]%h[0x97][0x6][0x9d][0x9b]3[0xf4]?[0xe1][0xcb][0x2]i%&[0xbd]R[\r][0xd2][0x9]_4[0xce][0x85]H[0xeb]>[0xe9][0xe6]9D[0x11]C7+[0xe9]_[0xd6] -A[0xa5][0x9b]/[0xe9]_[0xd6][0xd0][0xff]`/[0xb][0xa4][0x15][0xb7][0xf4][\n]"
04:37:30.182 [main] DEBUG org.apache.http.wire --  << "X[0xa4][0xa5][0xb7]t[0xb3][0x92][0xee]#8[0x16]Hg[0x89][0xd1][0xb8][0xd0][0xa1][0xff][0x11]b[0x16]H[0xfb]B[0xe9][0x16][0x85][0xf4]/t[0xb0],p[0xa6]Q[0xd5][0x8f][0xba][0xa1][0x94]v+[0xec][0xcd],[0xe8][0xb5][0xae][0xcc][0xcc][0x2]i[0xe9][0x15][0x8d]3[0x0][0xdd][0xae][0xef][0xb2][0xa0][0xdb]Z9[0xb]z[0xdd][0xfa]nfa[0x82][0x18]y[0xa1]u<![0x9a]*[0xb4][0xb6][0x9]QX[0xd0][0xda]&D'[0x88][0xc6]6![0x9d][0x90]Gk[0x9b][0x10][0xc3][0xc]4[0xb5][0xc9][0xdc][0x0]i[0x96][0xc]f[0x13][\r]w[0xac][0x18] [0xcd][0x1d][0xd1][0xc5]:[0xc4][0x9a][0x14]Z[0xed]X1[0xc4]2[0x96]A[0xc3][0x10]4D:[0xd5][0x9b][0xe]!h[0x88][0xd4][0xf9][0xa6]Y[0x8][0xd2]k[0x81][0xa0][0xb9][0x91][0x19][0x9d]J%s#3D[0xdf][0x5][0x16]M4i[0xb9][0x98][0x1b]![0xed][0xcf][0xa7]OK[0xd0][0xdc][0x88][0xbe][[0xe7][0x8d][0x90][0x16]@[0xc1][0xc2][0x92][0x86]9[0xcc][0x8]iI[0x12][0xad][0x92][0xbc]1R[0x83][0x89][0xe6]g[0xc]!5[0x99]hn[0x97])[0xa2][0x9b][0xe7][0x93][0x9a][0x97]_[0x96][0x8f][0x91][0xe8]s[0x12][0xb]J[0xf2][0xb][0x10]G[0xa3]X[0x18][0x80][0x1]Q[0xb7][0xdc][0x98][0x1b]#m=[0xa2][0x85][0xf9]&H[0xfd][0xda][0x1f]$[0x84][0xd4][0xf3][0xa7][0x83]eHM[\n]"
04:37:30.182 [main] DEBUG org.apache.http.wire --  << "[0xda][0x9f]Z[0x84][0xd2][0xa2][0xa5][0xde][0xa9]E[0x88][0xf5]5[0xb4]=[0xf5][0x7][0xb5][0xe7][0x84][0xd5][0xfd]T9[0x84][0xc4][0xd4][0x84]N[0x8d]WsS,U[0x1f][\r][0xb]QS[0xa4][0x8c]J[0x87]2[0xdb][0x14][0xa9][0x12][0xa4]U[0x99]m[0x86]t([0x8][0xcc]K[0x18][0xa5][0x1b]UR[0x85][0x19][0xd2][0xc4]&[0x8d]mB[0x1a][0x8c][0xa0][0xc7][0xc1]*fHu[0x11][0xae][0x1c][0x8c][0xa8][0x1a][0x88][0xdf][0xfb][0x8a][0xda]W[0xa7]]~5[0xa3]WW[0xdd][0xdc][0xc][0xe9][0xd2]p\!E[0x9d][0xc4]F[0xaf][0xd3][0xd9][0xcd][0xcd][0x90][0x1a][0x7]4N[0xd6][0xa6]([0xf5][0xf][0xed]F[0xf3][0xcc][0xcd][0x90]NV[0xa4][0xb1][0x9f][0xb0][0xb4][0x82]iT[0xfc][0xd0]k[0xfd][0xba][0xb9][0x19][0xd2]Y[0xda]4[0xe]=[0xa4][0xc5][0xe4][0xb4][0xb6][0x89]Ncl[0xe6]fH[0x8b][0xaa]i[0xed]'z[0xf5]f[0xcd][0x90][0xd6]3[0xd3][0xd8]O[0xf4][0xba][0xe0][0xd7][0xdc][0xc]i)[0xb1][0x2][0x8d][0xb2][0xac]%[0x85][0x5][0x1e]qWV[0x98][0x9b]![0xad][0x17][0xa6]u[0xf4][0xd0]k[0xa8][0xc6][0xc]iu0[0xad][0xfd][0x84][0x99][0x8d]h[0xd8][0x6][0xc7]v[0xa5]-M[0xad][0xa3][0xfd]`[0xab][0xb9][0x1]f:[0xa7][0xa9][0x97]0[0xbb]g4[0xb5][0xe][0xd1][0xbf][0xa5]U/[0x6][0xf9][0xc6]T[0xda][0xa6]v[0xe4][Ka6[0xd1]2[0xf0][0x90][0xc7][0xe1]![0x3][0x1c][0x18]emi[0x1e][0xf8][0x8][0xed][0xd4][0x14][0x85][0x82][0xa2][0xfc][0x94][0xd2][0xe4][0x12][0x85][0xcc][0xbc][0xbc][0xfc][0xb2][0xc4][0x92][0xcc]|[0xd0][0x1]I[0x1]E[0x99][0xc9][0xa9]JV[0xc6][0xa0][0x85][0xf4][0xc4][0x1c][0xd6]k[0x8e]t*[0xa0][0x82][0x2][0xed]b[0x8c][0xbe][0x89][0x10]i[0xc4][0x1f]:*E[0xf3]pDZ[0x4]G[0xc3]pDZ[0xf7][0x6]K[0x8f][0x18]>[0xa3]J[0x97][\n]"
04:37:30.183 [main] DEBUG org.apache.http.wire --  << "[0xf9]vIZ[0xdb]D[0xaf][0xc6]&[0xf2][0xc5][0x8e][0xb4][0xf6][0x13][0xa2][0x14][0xa4][0xb1]M[0xa8]}l[0x1a]v[0x13][0xcd][0xe9]ua[0x9c]9[0xdd].[37'[0xa9][0x93][\r].x[0x8b][0xc9][0x18][0xdb]1G:[0x11][0xdd]7?)3'U[0xc1]'5=5/E[0xc1]199[0xbf]4[0xaf][0x4]#[0xf][0xfb]V[0x96]dd&+x[0xe4][0xe7][0xe5][0x17]!,4$n[0x86][0xc1][0x1c][0xe9]X@[0xba]X[0x87]h[0x12][0xd2][0xc3]:[0xa4][0xe3][0xd7][0xe9]4Y[0x88]|[0xfc][0xb]4[0xc6][0x14]P|[0x8a]+[0xfe]<ss[0xf3][0x8b]J[0x12]A[0xd7][0x9f]A+f#"[0xa3][0x10][0xe9][0x18][0x18][0xba]y[0x92]n[0xe5]0[0xd2]8>[0xdd]<[0x87]H[0xa3][0xf4][0xb2][0x92][0xee][0xa7][0xb4][0x98][0x9b][0xd3][0xfd][0xc8][0x14]ss[0xfa][0x9f]_bA[0xb7][0xfb]D-[0xe8]5[0xda]kfARE[0x94][0x97][0xaf]@n]dfA[0xaf][0xd3]i[0xcd],[0x90]j=[0x9a]6[0x82][0xcc],[0x90]*<Z[0xdb][0x84](Ghm[0x13][0x9d][0x9a][0x90]f[0x16]H[0x15]*[0x8d][0xfd][0x84][0xe5][0xc0]6[0xda]u[0xa7][0xcd],[0xb0],[0xca][0xa2][0xa9]u[0xf4][0x1c][0xd8]1[0xb3]@[0xaa]Ei[0xd4]o7[0xb3][0xa0][0xd7][0x12]03[0xb]3[0xba]%w[0xa4]yv[0x1a]'w[0xa4][0xea][0x98][0xd6]6a&=[0x8c]6)5[0xc6][0x5][0xcc],[0xcc][0x11]#94[0xbf]J[0xc7][0xcc][0x2]i[0x1d][[0x84][0x93][0x84]![0x86][0xa7][0xdc][0xf2][0x8b][0x14][0xd2][0x13]s3[0xf3][0xd2][0x11][0xdd]$[0x13]"[0x7][0xbf][0xcc],[0x90]f[0x9][0xe9][0xe0][0x19]z[0xcd][0x14][0x9a]Y [0xdd][0xbd]K[0xf]![0x6][0xcd][0xe9]a[0x1b]"[0xa9][0xd3][0xc3]6D[0xa7][0x8][0xb2][0xb8][0x84]f[0xb7]Y[0x9b]Y [0x9d]i[0x85][0xc7].D:'[0xf6]6k3[0xb][0xa4]YV=[0x8c],D[0x9d]r[0x1]i[0xd2][0x93][0xe][0xd1][0x82]e[\r]>n[0x91][0xdf]V[0xa6][0xd7][0xfc][0xaa][0x99][0x5][0xd2][0xfc]*[0x8d][0xab][\n]"
04:37:30.183 [main] DEBUG org.apache.http.wire --  << "J[0xa7]Y[0x89]][0xd1]dfA[0xaf][0x89]V3[0xb][0xa4][0xf3][0x98]h[0xb0][0xa4][0xd6][0xcc][0x82][0xa4][0xe9]U[\n]"
04:37:30.183 [main] DEBUG org.apache.http.wire --  << "[0x92][0x1b][0xdd]:[0x17][0xa0][0x1a][0x12]zJ[0x0][0xe1][0xe4]F[0xb6][0x87],[\r]0[0x16][0xec]b[0xe4]R[0xea][0xce]g[0x99]Y"[0xcd][0xae][0xd2][0xbe][0x1c][0xb2]D:[0x8a][0x87][0x1e][0xb6]![0xd2][0x7]=l[0xc3]l[0x91][0xd3][0xb0][0xf7]d[0x89][0xe5][0x8c][0x18][0x9a]Z[0x87]hF[0xd0][0xaa][0xf7]di[0x88]h<[0xc0]r[0x19]M[0xbd][0x84]H[0x1e][0xf4][0xb0][0xe][0xe9][0xa4][0x11][0x9a][0x85] [0xd2][0xac]*][0xbc][0x84]H[0x14]t[0xb1][0xe][0xb1]>[0x88]v![0x88][0xe8][0xaf][0x5][0x4][0x9b]b[0x14][0xbf]Ti[0xfc]Y"[0xef][0x2][0xa1][0xe5][0xdd]nf[0x96]H[0xc7]>[0xc0]b[0x88]V~Bl[0x3][0xa2][0xb5]M[0x88][0xfe][0x13][0xad]m[0xc2]L[0xdf][0xb4][\n]"
04:37:30.183 [main] DEBUG org.apache.http.wire --  << "=[0xcc][0xa2][0x8f]V6!2[0x11][0xad]C[0xf][0x91][0x95]hm[0x13]fIN[0xab][0xd0][0xc3][0xac][0xe4]id[0x13][0xea]~$[0xda]-T0[0xb3]D[0xda][0x98]H[0xe3]xB[0xdd][\n]"
04:37:30.183 [main] DEBUG org.apache.http.wire --  << "BS?[0xd1][0xad][0x8c][0xa0][0xd7][0xf6][0x10]3Kz-]1[0xb3]4[0xa1][[0x19]A[0xaf][0xcd]pf[0x96][0xf4]Z[0x8e]cfI[0xb7][0xf9]VK[0xba][0x9d]NaI[0xaf][0x1d]Cf[0x96]t[0x9b]C[0xb6]4[0xa5][[0x19]A[0xb7][0xd9]jK[0xba][0xcd]![[0xd2]m[0xe][0xd9][0x12][0xe9].U[0x1a][0xd7]O[0xf4][0xba][0xf7][0xd4][0xcc][0x92]ns[0xc8][0x96]X&ui[0xd4]bAZ[0x83]E[0xe3]x[0xa2][0xdb]U\[0x96][0xf4][0xba][0xcb][0xd5][0xcc][0x12]iz[0x9a][0xd6][0xa1]G[0xb7]v9[0xdd][0xa6][0xc3]-[0xe9]6[0x1d]n[0x89][0xb4]L[0x8d][0xc6][0xf1]D[0xb7][0x89]wK[0xba]M[0xbc][b9F[0x86]F[0xa5][0x11][0xd2]B;X<[0xd1]r0[0x11]i[0x9e][0x9f].[0xd6]![0xfa][0xa1]4[0x1b][\n]"
04:37:30.183 [main] DEBUG org.apache.http.wire --  << "C[0x9a][0xed][0xa7][0x87][0x97][0xb0]l[0xd7][0xa5]e[0x84]!][0xc2]D[0xbb][0x10][0xc4][0xec]G[0xd1][0xd4]K[0x88]DA[0x8f][0x8]C[0x9a]T[0xa6]Y[0x8]"[0xcd]([0xe3][0x99][0xe3][0xc7]7*K[0xf4][0xac][0xbf]%[0xd2][0x9c]2[0x1e][0xbb][0xc8]XO`I[0xb7]9dK[0xba][0xcd]!["[0xcd]![0xc3][0x12][0x1b][0x8d]Jr[0x92]f[0x93])Y[0xeb]k[0x89]t[0x83][0xf][0x9e][0x14]@[0xa5][0xd4][0x86][0xc8][0xac]x[0xec]"=[0xb5][0x99][0x1b] [0xcd]"S[0xdb]d[0xc4][0x18]?[0x1e][0x93][0xa9][0x11]>[0xe6][0x6]H[0xd7][0xe1][0xe0][0xb1][0x8b][0xac][0xf0][0xc1][0x1c][0xd5][0xa7]][0xa9]ln[0x80]t[0x17][0xc],[0xa3][0xd0][0xd4]:D[0xba][0xa2]Q[0xa9]ln[0x80][0xe5][0xb0]"Zz[0x9][0xcb]%%4[0xb5][0xe]1[0x17]C[0xbb][0x10][0xa4]g[0xcb][0xc0][0xdc][0x0]y[0x83]/t[0xc2][0x91][0x96]![0x88]4[\r]M[0xb3][0x10]D[0xaa]S[0xf1][0x94][0xf][0xd4])[0x8b][0x90]jU<v[0x91]S[0x16]a[0xa9]Ei[0x19]1X[0xd6]1[0xd1][0xd0]:C[0xa4][0x9a][0x88]V[0xe9][0xc0][0x10][0xe9][0xa6]6:[0x14][0xaf][0x86]H[0xf7][0x97][0xd1][0xc5]:[0xc4]X[\r][0xed]B[0x10]s[0xf6][0x94][0x96][0x89][0xc2][0x10]i[0x91][0x1b][0xed][0xcb]"C[0xa4][0xca][0x83]f!H[0xaf][0x91]Os#[0xa4]q.[0xea]/[0xf0]772G4[0x1e]ha<[0xd2][0x8a]~:[0xed]*5[0xa2][0xeb][0xa8][0x82][0xb9][0x11][0xd2][0x9a]t:[0x14][0xf]FHG[0xb9][0xd3]*q[0x1b]![0xdd]pL[0xf]/![0xf5][0xf8][0xe9]b[0x1d][0xa2]3@[0xab][0x10]4F>[0xa6][0x6]Z[0xe2][0xd1][0xa4][0xab]ln[0x8c]t:[\r],[0xf0]([0xb0][0xc9]PG[0xc9]9[0xb1]$5=[0xbf](3[0xb5]X[0xc9]*:[0xb6]V[0xa7]Z[0xc9][0xd3]E[0xc9][0xca][0xc2][0xdc][0x18][0xe9]Lzjfe[0x13]4+![0xf6][0x19][0x1b] [0x1f][0xa8][0xe6]T[0x9a]][0x8a][0xe1]+[0xa7][0xc4][0xe4]D[0x85][0xa4][0xd2][0xec]R[0x85][0xca][0xd2]lE[0xa5]Z[0x14][0xb7]bVp[0x18][0xfa][0xf1]5[0x14][0x89]][0xc2]on[0x8c][0xb4][0xc6][0x93][\n]"
04:37:30.183 [main] DEBUG org.apache.http.wire --  << "[0xe1]o[0x80][0x16][0x18][0xc8]~[0xa2][0xee][0xc9]6[0xa6][0xf8]lB[0xe4][0x10]Z[0xfb][0x9][0xd1][0xf1][0xa2]A[0xed]c[0x8c]t[0x9d][0x19]M[0x8c][0xa7]i[0xdd]iL[0xd2]JNr[0xb7] [0x98][0x1b][0x1b]#[0x86]x[0x8][0xc7]6[0x5][0xd6] [0xd6]^[0xd0]".P[0xf][0x7][0xa6][0xdd]B3sc[0xa4]I:[0x1a]l[0xa5]17F[0x9a]0[0xa3][0x8d][0xf9][0x88][0xe][0x6][0xe1][0xf8][0xa6]`p[0xd5][0xdc][0x18]io*5k[0xc]|[0x85]$[0x96][0x19],[0x1a][0x15][0xfc]H-[0xdb][0x80][0xc4][0xa2][0xb4][0xd2][0xdc]T[0xc][0x8b][0x12][0xf3]J2[0x15][0x92][0x12]K[0x15][0xb2]SKR[0xb3]Q[0x6][0xb][0xc]@[0x97][0xaa][0x13]s[0xfc][0x9c]1[0xd2]NU[0xba][0x5]"[0xdd][0xca][0xa4])9[0xba]y[0x8e]n[0xc9][0x1f][0xa9][0xa9]N/[0xcf]![0xed]1[0xa5][0x9b][0x95][0xa4]T[0x1f][0x14][0x15]'H[0xb3]ut[0xf3][0x1c][0xa2]}B[0xe3][0xb2][0x12]iX[0x90]n[0x9e]C4[0x92][0xe9]d[0xa5][0x9][0xa8][0xd4][0x83][0xee][0xaa][0xa4][0x9b][0x95][0x88][0xf4]I7+[0x11][0xe5]'[0xdd][0xac]D[0xcc].[0xd0][0xcd]J[0xfa]'[0x1f][0xa4]Y(z[0xf9][0x12]i[0x9]>d" [0xad][0xb4][0xa4][0xb4][0x8][0xb3][0xae]O[0xce][0xc8][0xcc][0xc9][0xc9][0xcc]S[0xc8][0xcc]S[0xc8]/-R[0xa8][0xcc]/-[0xc9]@[0xd4][0xf8][0xe0]n"1[0xd5][0xbd][0x9][0xd2]B|[0x1a]4[0x93]M[0x90][0xd6][0xc4][0xd3][0xc2]x[0xa4][0xe5][0xe9]41[0x1e][0x91][0x97][0xe9][0x11][0x19][0xa6]XFyi8Nn[0x8a][0xb4][0xf4][0x94]V#S[0x16]H[0x9][0x0][0xd7][0x8d]#[0x88]dK[0xf4]0[0x88]9[0xd2][0xbd][0x15]t[0xca][0x99][0xe6][0xf4][0xef]][0x98]#[0xf5].[0xe8][0xe5]K[0xa4][0xe6]?m[ [0xe6]H[0xe3][0xe6]t[0xf3][0x1c][0xa2]yE7+[0xe9][0xd5][0xfc]7[0xc7]2[0x8a][0x8e][0xd1]C[0xa4][0xca][0x18][0xa4]9[0xd2][0xb2]<[0x1a][0xa7][0x11][0xa4]&8[0xad]mB[0xb4][0xa1]hm[0x13]"[0x11][0xd2][0xda]&D#[0x8d][0xd6]6[0xd1]-[0x95]#-[0xa0][0xa3][0xb5][0x9f][0x10][0xa3][0xad][0xb4][0xb5][0xc9][0x2][0xa9][0x97]Bk[0x9b]0g[0xc6]iSFX`Y4A+[0x9b][0x10][0x3][0xbd][0xb4][0xe]=z[0x95][0x11][0x16]X[0xd6][0x80][0xd0]*[0xf4][0xe8]UFX`Y[0xa5]H+?!z[0x8a][0xb4][0xbe][0x9b][0xd6][0xc2][0x0]QJ[0xd0][0xdc].[0xa4][0xee]([0x8d]S:[0xd2][\n]"
04:37:30.183 [main] DEBUG org.apache.http.wire --  << "[0x1a]Z[0xe]6[`9b[0x88]Fi[0x2]i[0x91][0xe][0xad][0xc3][0x8e]n9[\n]"
04:37:30.183 [main] DEBUG org.apache.http.wire --  << "[0xcb][0x9a]K[0x1a][0x85][0x1e][0xdd]f[0x9d]-[0x90]f[0x9d]i~[0xa2][0x96][0xb9][0x85][0x11][0xdd][0xea][0xe]#[0xa4]V[0x1f][0xe4]"![0x5]GC[0x13][0x8c][0xe8][0xf2]H[0xcc]K)[0xc8][0xc8][0xcf]KU([0x86][0xa8]B[0xea][0x1c][0x13]=[0x87]caD[0xb7]$H[0xaf]s[0x86][0xcc]-H[0x9a][0x9d][0xa6]d[0xdc][0xdf][0x82][0xa4][0x9]j[0xca]l[0xa2][[0xf2]3F4]h0PfaL[0xbf][0x4]G[0xaf][0x9e][0x86][0x85]1[0xa2][0x15]A[0xe3][0x1a][0x3][0xe9][0xbe]d[0x1a][0xdb]D[0xaf]#[0xcc]-[0xe8]u[0xe4][0x8f][0xb9][0x5][0xbd][0x8e][0xfc]1[0xb7]@=[0x88][0x7][0xeb][0x85][0xd0]H[0xc5]5h%<1C[0xf0][0x16]HC[0xfe][0xb8][0x86]H[0xa9]2nc[0x81]4[0xd6]O[[0x8b]Po[0x15][0xa0]Z@[0xa1][0x1e]4[0x81][0xd5]X[0xea][0x4][0x14][0xea]8<--B[0x14][0xcb]4[0xce][0xf9]ft+7[0x91][0x16][0x90][0xd3][0xd8]Ot[0xbb]&[0x1b][0xf9][0x8c]}Z[0xfb][0x9]Q[0xeb][0xd0]i[0x88][0x1a][0xed][0xf6][0x1e][0x1a][0xa6]v[0xa4][0xd9]:[0xda][0x96]?[0xa8]'<a[0xf5][0x11]9[0x5]5[0xea]qNX[0x8d][0xa5]N[0xf9][0x83]z[0x9a][0x13]--B[0xa4]6[0x1a][0xa7]kz[0x1d]>cn[0x81][0xb4]^[0x92][0xc6]~BZ9Ic[0x9b][0x90]&[0x2]im[0x13][0xdd]F[0x88][0xe9]6[0xd3]h[0x81]4[0xd3]H[0xeb][0xd0][0xa3][}[0x8e][0xb4][0x92][0x91][0xd6]~[0xa2][[0xdf][0xe][0xe9]R[0xc]Z[0xfb][0x89]n[0xe5][0x1e]`t[0x9b][0x95][0xb5][0xc0][0xb2][0xad][0x9]cx[0x89][0x92][0xea])[0xb6][0x96][0xb][0x0][0x3][0x92][0x8a][0xd6][0x6][0xcc][0x2][0x0]"
04:37:30.183 [main] DEBUG org.apache.http.wire --  << "[\r][\n]"
04:37:30.183 [main] DEBUG org.apache.http.wire --  << "0[\r][\n]"
04:37:30.183 [main] DEBUG org.apache.http.wire --  << "[\r][\n]"
04:37:30.183 [main] DEBUG io.restassured.internal.RestAssuredHttpBuilder -- Parsed data to instance of: class org.apache.http.conn.EofSensorInputStream
04:37:30.184 [main] DEBUG org.apache.http.impl.conn.BasicClientConnectionManager -- Releasing connection org.apache.http.impl.conn.ManagedClientConnectionImpl@10cf3e4f
04:37:30.184 [main] DEBUG org.apache.http.impl.conn.BasicClientConnectionManager -- Connection can be kept alive indefinitely
04:37:30.218 [Finalizer] DEBUG org.apache.http.impl.conn.DefaultClientConnection -- Connection 0.0.0.0:54393<->149.248.193.56:443 closed
04:37:30.219 [Finalizer] DEBUG org.apache.http.impl.conn.DefaultClientConnection -- Connection 0.0.0.0:54394<->149.248.193.56:443 closed
04:37:30.221 [main] DEBUG net.thucydides.core.steps.StepInterceptor -- STEP DONE: I GET HTTP request with valid endpoints all products
  &amp#27;[32mWhen &amp#27;[0m&amp#27;[32mI GET HTTP request with valid endpoints all products&amp#27;[0m   &amp#27;[90m# starter.stepdefinition.ProductsSteps.getHTTPRequestWithValidEndpointsAllProducts()&amp#27;[0m
04:37:30.223 [main] DEBUG net.thucydides.core.steps.StepInterceptor -- STARTING STEP: ProductsSteps.receiveResponseCode200ForGetAllProducts - I receive valid HTTP response 200 for get all products
04:37:30.223 [main] DEBUG net.thucydides.core.steps.StepInterceptor -- STEP DONE: I receive valid HTTP response 200 for get all products
  &amp#27;[32mThen &amp#27;[0m&amp#27;[32mI receive valid HTTP response 200 for get all products&amp#27;[0m &amp#27;[90m# starter.stepdefinition.ProductsSteps.receiveResponseCode200ForGetAllProducts()&amp#27;[0m
04:37:30.224 [main] INFO  -- 
  _____   ___   ___   _____     ___     _     ___   ___   ___   ___  
 |_   _| | __| / __| |_   _|   | _ \   /_\   / __| / __| | __| |   \ 
   | |   | _|  \__ \   | |     |  _/  / _ \  \__ \ \__ \ | _|  | |) |
   |_|   |___| |___/   |_|     |_|   /_/ \_\ |___/ |___/ |___| |___/ 

TC37 - Get all products
----------------------------------------------------------------------
]]></system-out>
  </testcase>
  <testcase name="TC38 - Get all products using invalid endpoints" classname="[05_Automation] - Product" time="0.092">
    <system-out><![CDATA[
Scenario: TC38 - Get all products using invalid endpoints                             &amp#27;[90m# src/test/resources/Products.feature:8&amp#27;[0m
04:37:30.227 [main] INFO io.cucumber.core.plugin.SerenityReporter -- Running feature from file:///D:/TaksAlterra/MiniProject/MiniProject_API/src/test/resources/Products.feature
04:37:30.227 [main] WARN io.cucumber.core.plugin.SerenityReporter -- Feature from file:///D:/TaksAlterra/MiniProject/MiniProject_API/src/test/resources/Products.feature is not under the 'features' directory. Requirements report will not be correctly generated!
04:37:30.228 [main] INFO  -- 
  _____   ___   ___   _____     ___   _____     _     ___   _____   ___   ___  
 |_   _| | __| / __| |_   _|   / __| |_   _|   /_\   | _ \ |_   _| | __| |   \ 
   | |   | _|  \__ \   | |     \__ \   | |    / _ \  |   /   | |   | _|  | |) |
   |_|   |___| |___/   |_|     |___/   |_|   /_/ \_\ |_|_\   |_|   |___| |___/ 

TC38 - Get all products using invalid endpoints([05-automation]---product;tc38---get-all-products-using-invalid-endpoints)
--------------------------------------------------------------------------------
04:37:30.231 [main] DEBUG net.thucydides.core.steps.StepInterceptor -- STARTING STEP: ProductsSteps.getAllProductsEndpoints2 - I GET all products endpoints 2
04:37:30.232 [main] DEBUG net.thucydides.core.steps.StepInterceptor -- STEP DONE: I GET all products endpoints 2
  &amp#27;[32mGiven &amp#27;[0m&amp#27;[32mI GET all products endpoints 2&amp#27;[0m                                                &amp#27;[90m# starter.stepdefinition.ProductsSteps.getAllProductsEndpoints2()&amp#27;[0m
04:37:30.234 [main] DEBUG net.thucydides.core.steps.StepInterceptor -- STARTING STEP: ProductsSteps.getHTTPRequestWithInvalidEndpoints - I GET HTTP request with invalid endpoints
04:37:30.236 [main] DEBUG net.thucydides.core.steps.StepInterceptor -- STARTING STEP: Products.getHTTPRequestWithInvalidEndpoints - I GET all products endpoints 2
04:37:30.236 [main] DEBUG net.thucydides.core.steps.StepInterceptor -- STEP DONE: I GET all products endpoints 2
04:37:30.240 [main] DEBUG org.apache.http.impl.conn.BasicClientConnectionManager -- Get connection for route {s}->https://altashop-api.fly.dev:443
04:37:30.240 [main] DEBUG org.apache.http.impl.conn.DefaultClientConnectionOperator -- Connecting to altashop-api.fly.dev:443
04:37:30.287 [main] DEBUG org.apache.http.client.protocol.RequestAddCookies -- CookieSpec selected: ignoreCookies
04:37:30.287 [main] DEBUG org.apache.http.client.protocol.RequestAuthCache -- Auth cache not set in the context
04:37:30.287 [main] DEBUG org.apache.http.client.protocol.RequestTargetAuthentication -- Target auth state: UNCHALLENGED
04:37:30.287 [main] DEBUG org.apache.http.client.protocol.RequestProxyAuthentication -- Proxy auth state: UNCHALLENGED
04:37:30.287 [main] DEBUG org.apache.http.impl.client.DefaultHttpClient -- Attempt 1 to execute request
04:37:30.287 [main] DEBUG org.apache.http.impl.conn.DefaultClientConnection -- Sending request: GET /api/product HTTP/1.1
04:37:30.287 [main] DEBUG org.apache.http.wire --  >> "GET /api/product HTTP/1.1[\r][\n]"
04:37:30.287 [main] DEBUG org.apache.http.wire --  >> "Accept: */*[\r][\n]"
04:37:30.287 [main] DEBUG org.apache.http.wire --  >> "Host: altashop-api.fly.dev[\r][\n]"
04:37:30.287 [main] DEBUG org.apache.http.wire --  >> "Connection: Keep-Alive[\r][\n]"
04:37:30.287 [main] DEBUG org.apache.http.wire --  >> "User-Agent: Apache-HttpClient/4.5.13 (Java/17.0.8)[\r][\n]"
04:37:30.287 [main] DEBUG org.apache.http.wire --  >> "Accept-Encoding: gzip,deflate[\r][\n]"
04:37:30.287 [main] DEBUG org.apache.http.wire --  >> "[\r][\n]"
04:37:30.287 [main] DEBUG org.apache.http.headers -- >> GET /api/product HTTP/1.1
04:37:30.287 [main] DEBUG org.apache.http.headers -- >> Accept: */*
04:37:30.287 [main] DEBUG org.apache.http.headers -- >> Host: altashop-api.fly.dev
04:37:30.287 [main] DEBUG org.apache.http.headers -- >> Connection: Keep-Alive
04:37:30.287 [main] DEBUG org.apache.http.headers -- >> User-Agent: Apache-HttpClient/4.5.13 (Java/17.0.8)
04:37:30.287 [main] DEBUG org.apache.http.headers -- >> Accept-Encoding: gzip,deflate
04:37:30.312 [main] DEBUG org.apache.http.wire --  << "HTTP/1.1 404 Not Found[\r][\n]"
04:37:30.312 [main] DEBUG org.apache.http.wire --  << "date: Mon, 30 Oct 2023 21:37:31 GMT[\r][\n]"
04:37:30.312 [main] DEBUG org.apache.http.wire --  << "content-encoding: gzip[\r][\n]"
04:37:30.312 [main] DEBUG org.apache.http.wire --  << "content-type: text/plain; charset=utf-8[\r][\n]"
04:37:30.312 [main] DEBUG org.apache.http.wire --  << "transfer-encoding: chunked[\r][\n]"
04:37:30.312 [main] DEBUG org.apache.http.wire --  << "server: Fly/7328d5b5 (2023-10-27)[\r][\n]"
04:37:30.312 [main] DEBUG org.apache.http.wire --  << "via: 1.1 fly.io[\r][\n]"
04:37:30.312 [main] DEBUG org.apache.http.wire --  << "fly-request-id: 01HE18AF6CZBX94P0T6RPT4Y7N-sin[\r][\n]"
04:37:30.312 [main] DEBUG org.apache.http.wire --  << "[\r][\n]"
04:37:30.312 [main] DEBUG org.apache.http.impl.conn.DefaultClientConnection -- Receiving response: HTTP/1.1 404 Not Found
04:37:30.312 [main] DEBUG org.apache.http.headers -- << HTTP/1.1 404 Not Found
04:37:30.312 [main] DEBUG org.apache.http.headers -- << date: Mon, 30 Oct 2023 21:37:31 GMT
04:37:30.312 [main] DEBUG org.apache.http.headers -- << content-encoding: gzip
04:37:30.312 [main] DEBUG org.apache.http.headers -- << content-type: text/plain; charset=utf-8
04:37:30.312 [main] DEBUG org.apache.http.headers -- << transfer-encoding: chunked
04:37:30.312 [main] DEBUG org.apache.http.headers -- << server: Fly/7328d5b5 (2023-10-27)
04:37:30.312 [main] DEBUG org.apache.http.headers -- << via: 1.1 fly.io
04:37:30.312 [main] DEBUG org.apache.http.headers -- << fly-request-id: 01HE18AF6CZBX94P0T6RPT4Y7N-sin
04:37:30.312 [main] DEBUG org.apache.http.impl.client.DefaultHttpClient -- Connection can be kept alive indefinitely
04:37:30.312 [main] DEBUG io.restassured.internal.RestAssuredHttpBuilder -- Parsing response as: text/plain; charset=utf-8
04:37:30.312 [main] DEBUG org.apache.http.wire --  << "1E[\r][\n]"
04:37:30.312 [main] DEBUG org.apache.http.wire --  << "[0x1f][0x8b][0x8][0x0][0x0][0x0][0x0][0x0][0x4][0xff][0xcb][0xcb]/QH[0xcb]/[0xcd]K[0xe1][0x2][0x0][0xd4]I[0xfa]r[\n]"
04:37:30.312 [main] DEBUG org.apache.http.wire --  << "[0x0][0x0][0x0]"
04:37:30.312 [main] DEBUG org.apache.http.wire --  << "[\r][\n]"
04:37:30.312 [main] DEBUG org.apache.http.wire --  << "0[\r][\n]"
04:37:30.312 [main] DEBUG org.apache.http.wire --  << "[\r][\n]"
04:37:30.312 [main] DEBUG io.restassured.internal.RestAssuredHttpBuilder -- Parsed data to instance of: class org.apache.http.conn.EofSensorInputStream
04:37:30.313 [main] DEBUG org.apache.http.impl.conn.BasicClientConnectionManager -- Releasing connection org.apache.http.impl.conn.ManagedClientConnectionImpl@72cf159f
04:37:30.313 [main] DEBUG org.apache.http.impl.conn.BasicClientConnectionManager -- Connection can be kept alive indefinitely
04:37:30.313 [main] DEBUG net.thucydides.core.steps.StepInterceptor -- STEP DONE: I GET HTTP request with invalid endpoints
  &amp#27;[32mWhen &amp#27;[0m&amp#27;[32mI GET HTTP request with invalid endpoints&amp#27;[0m                                      &amp#27;[90m# starter.stepdefinition.ProductsSteps.getHTTPRequestWithInvalidEndpoints()&amp#27;[0m
04:37:30.315 [main] DEBUG net.thucydides.core.steps.StepInterceptor -- STARTING STEP: ProductsSteps.receiveResponseCode404ForGetAllProductUsingInvalidEndpoints - I receive valid HTTP response 404 for get all products using invalid endpoints
04:37:30.315 [main] DEBUG net.thucydides.core.steps.StepInterceptor -- STEP DONE: I receive valid HTTP response 404 for get all products using invalid endpoints
  &amp#27;[32mThen &amp#27;[0m&amp#27;[32mI receive valid HTTP response 404 for get all products using invalid endpoints&amp#27;[0m &amp#27;[90m# starter.stepdefinition.ProductsSteps.receiveResponseCode404ForGetAllProductUsingInvalidEndpoints()&amp#27;[0m
04:37:30.316 [main] INFO  -- 
  _____   ___   ___   _____     ___     _     ___   ___   ___   ___  
 |_   _| | __| / __| |_   _|   | _ \   /_\   / __| / __| | __| |   \ 
   | |   | _|  \__ \   | |     |  _/  / _ \  \__ \ \__ \ | _|  | |) |
   |_|   |___| |___/   |_|     |_|   /_/ \_\ |___/ |___/ |___| |___/ 

TC38 - Get all products using invalid endpoints
----------------------------------------------------------------------
]]></system-out>
  </testcase>
  <testcase name="TC39 - Add new products" classname="[05_Automation] - Product" time="0.115">
    <system-out><![CDATA[
Scenario: TC39 - Add new products                             &amp#27;[90m# src/test/resources/Products.feature:13&amp#27;[0m
04:37:30.319 [main] INFO io.cucumber.core.plugin.SerenityReporter -- Running feature from file:///D:/TaksAlterra/MiniProject/MiniProject_API/src/test/resources/Products.feature
04:37:30.319 [main] WARN io.cucumber.core.plugin.SerenityReporter -- Feature from file:///D:/TaksAlterra/MiniProject/MiniProject_API/src/test/resources/Products.feature is not under the 'features' directory. Requirements report will not be correctly generated!
04:37:30.320 [main] INFO  -- 
  _____   ___   ___   _____     ___   _____     _     ___   _____   ___   ___  
 |_   _| | __| / __| |_   _|   / __| |_   _|   /_\   | _ \ |_   _| | __| |   \ 
   | |   | _|  \__ \   | |     \__ \   | |    / _ \  |   /   | |   | _|  | |) |
   |_|   |___| |___/   |_|     |___/   |_|   /_/ \_\ |_|_\   |_|   |___| |___/ 

TC39 - Add new products([05-automation]---product;tc39---add-new-products)
--------------------------------------------------------------------------------
04:37:30.323 [main] DEBUG net.thucydides.core.steps.StepInterceptor -- STARTING STEP: ProductsSteps.postAddNewProductsEndpoints - I POST add new products endpoints
04:37:30.323 [main] DEBUG net.thucydides.core.steps.StepInterceptor -- STEP DONE: I POST add new products endpoints
  &amp#27;[32mGiven &amp#27;[0m&amp#27;[32mI POST add new products endpoints&amp#27;[0m                     &amp#27;[90m# starter.stepdefinition.ProductsSteps.postAddNewProductsEndpoints()&amp#27;[0m
04:37:30.325 [main] DEBUG net.thucydides.core.steps.StepInterceptor -- STARTING STEP: ProductsSteps.postHTTPRequestForAddNewProducts - I POST HTTP request for add new products
04:37:30.325 [main] DEBUG net.thucydides.core.steps.StepInterceptor -- STARTING STEP: Products.postHTTPRequestForAddNewProducts - I POST add new products endpoints
04:37:30.325 [main] DEBUG net.thucydides.core.steps.StepInterceptor -- STEP DONE: I POST add new products endpoints
04:37:30.329 [main] DEBUG org.apache.http.impl.conn.BasicClientConnectionManager -- Get connection for route {s}->https://altashop-api.fly.dev:443
04:37:30.329 [main] DEBUG org.apache.http.impl.conn.DefaultClientConnectionOperator -- Connecting to altashop-api.fly.dev:443
04:37:30.394 [main] DEBUG org.apache.http.client.protocol.RequestAddCookies -- CookieSpec selected: ignoreCookies
04:37:30.394 [main] DEBUG org.apache.http.client.protocol.RequestAuthCache -- Auth cache not set in the context
04:37:30.394 [main] DEBUG org.apache.http.client.protocol.RequestTargetAuthentication -- Target auth state: UNCHALLENGED
04:37:30.394 [main] DEBUG org.apache.http.client.protocol.RequestProxyAuthentication -- Proxy auth state: UNCHALLENGED
04:37:30.394 [main] DEBUG org.apache.http.impl.client.DefaultHttpClient -- Attempt 1 to execute request
04:37:30.394 [main] DEBUG org.apache.http.impl.conn.DefaultClientConnection -- Sending request: POST /api/products HTTP/1.1
04:37:30.394 [main] DEBUG org.apache.http.wire --  >> "POST /api/products HTTP/1.1[\r][\n]"
04:37:30.394 [main] DEBUG org.apache.http.wire --  >> "Accept: */*[\r][\n]"
04:37:30.394 [main] DEBUG org.apache.http.wire --  >> "Content-Type: application/json[\r][\n]"
04:37:30.394 [main] DEBUG org.apache.http.wire --  >> "Content-Length: 83[\r][\n]"
04:37:30.394 [main] DEBUG org.apache.http.wire --  >> "Host: altashop-api.fly.dev[\r][\n]"
04:37:30.394 [main] DEBUG org.apache.http.wire --  >> "Connection: Keep-Alive[\r][\n]"
04:37:30.394 [main] DEBUG org.apache.http.wire --  >> "User-Agent: Apache-HttpClient/4.5.13 (Java/17.0.8)[\r][\n]"
04:37:30.394 [main] DEBUG org.apache.http.wire --  >> "Accept-Encoding: gzip,deflate[\r][\n]"
04:37:30.394 [main] DEBUG org.apache.http.wire --  >> "[\r][\n]"
04:37:30.394 [main] DEBUG org.apache.http.headers -- >> POST /api/products HTTP/1.1
04:37:30.394 [main] DEBUG org.apache.http.headers -- >> Accept: */*
04:37:30.394 [main] DEBUG org.apache.http.headers -- >> Content-Type: application/json
04:37:30.395 [main] DEBUG org.apache.http.headers -- >> Content-Length: 83
04:37:30.395 [main] DEBUG org.apache.http.headers -- >> Host: altashop-api.fly.dev
04:37:30.395 [main] DEBUG org.apache.http.headers -- >> Connection: Keep-Alive
04:37:30.395 [main] DEBUG org.apache.http.headers -- >> User-Agent: Apache-HttpClient/4.5.13 (Java/17.0.8)
04:37:30.395 [main] DEBUG org.apache.http.headers -- >> Accept-Encoding: gzip,deflate
04:37:30.395 [main] DEBUG org.apache.http.wire --  >> "{"price":299,"name":"Sony PS5","description":"play has no limits","categories":[1]}"
04:37:30.426 [main] DEBUG org.apache.http.wire --  << "HTTP/1.1 200 OK[\r][\n]"
04:37:30.426 [main] DEBUG org.apache.http.wire --  << "content-type: application/json[\r][\n]"
04:37:30.426 [main] DEBUG org.apache.http.wire --  << "date: Mon, 30 Oct 2023 21:37:31 GMT[\r][\n]"
04:37:30.426 [main] DEBUG org.apache.http.wire --  << "content-encoding: gzip[\r][\n]"
04:37:30.426 [main] DEBUG org.apache.http.wire --  << "transfer-encoding: chunked[\r][\n]"
04:37:30.426 [main] DEBUG org.apache.http.wire --  << "server: Fly/7328d5b5 (2023-10-27)[\r][\n]"
04:37:30.426 [main] DEBUG org.apache.http.wire --  << "via: 1.1 fly.io[\r][\n]"
04:37:30.426 [main] DEBUG org.apache.http.wire --  << "fly-request-id: 01HE18AF9TB927EEQYSYMRS7EA-sin[\r][\n]"
04:37:30.426 [main] DEBUG org.apache.http.wire --  << "[\r][\n]"
04:37:30.426 [main] DEBUG org.apache.http.impl.conn.DefaultClientConnection -- Receiving response: HTTP/1.1 200 OK
04:37:30.426 [main] DEBUG org.apache.http.headers -- << HTTP/1.1 200 OK
04:37:30.426 [main] DEBUG org.apache.http.headers -- << content-type: application/json
04:37:30.426 [main] DEBUG org.apache.http.headers -- << date: Mon, 30 Oct 2023 21:37:31 GMT
04:37:30.426 [main] DEBUG org.apache.http.headers -- << content-encoding: gzip
04:37:30.426 [main] DEBUG org.apache.http.headers -- << transfer-encoding: chunked
04:37:30.426 [main] DEBUG org.apache.http.headers -- << server: Fly/7328d5b5 (2023-10-27)
04:37:30.426 [main] DEBUG org.apache.http.headers -- << via: 1.1 fly.io
04:37:30.426 [main] DEBUG org.apache.http.headers -- << fly-request-id: 01HE18AF9TB927EEQYSYMRS7EA-sin
04:37:30.426 [main] DEBUG org.apache.http.impl.client.DefaultHttpClient -- Connection can be kept alive indefinitely
04:37:30.426 [main] DEBUG io.restassured.internal.RestAssuredHttpBuilder -- Parsing response as: application/json
04:37:30.426 [main] DEBUG org.apache.http.wire --  << "87[\r][\n]"
04:37:30.426 [main] DEBUG org.apache.http.wire --  << "[0x1f][0x8b][0x8][0x0][0x0][0x0][0x0][0x0][0x4][0xff][0xab]VJI,IT[0xb2][0xaa]V[0xf2]tQ[0xb2][0xb2]0[0xb7][0xb0]4[0xd5]Q[0xf2]K[0xcc]MU[0xb2]R[\n]"
04:37:30.426 [main] DEBUG org.apache.http.wire --  << "[0xce][0xcf][0xab]T[0x8][0x8]6U[0xd2]QrI-N.[0xca],([0xc9][0xcc][0xcf]S[0xb2]R*[0xc8]I[0xac]T[0xc8]H,V[0xc8][0xcb]W[0xc8][0xc9][0xcc][0xcd],)V[0xd2]Q[\n]"
04:37:30.426 [main] DEBUG org.apache.http.wire --  << "([0xca]LNU[0xb2]2[0xb2][0xb4][0xd4]Q[\n]"
04:37:30.426 [main] DEBUG org.apache.http.wire --  << "J,[0xc9][0xcc]K/V[0xb2]2[0xd0]QrN,IM[0xcf]/[0xca]L-V[0xb2][0x8a][0x8e][0xad][0xad][0xe5][0x2][0x0][0xe1]S[0xd8]Ps[0x0][0x0][0x0]"
04:37:30.426 [main] DEBUG org.apache.http.wire --  << "[\r][\n]"
04:37:30.426 [main] DEBUG org.apache.http.wire --  << "0[\r][\n]"
04:37:30.426 [main] DEBUG org.apache.http.wire --  << "[\r][\n]"
04:37:30.426 [main] DEBUG io.restassured.internal.RestAssuredHttpBuilder -- Parsed data to instance of: class org.apache.http.conn.EofSensorInputStream
04:37:30.428 [main] DEBUG org.apache.http.impl.conn.BasicClientConnectionManager -- Releasing connection org.apache.http.impl.conn.ManagedClientConnectionImpl@3325f17
04:37:30.428 [main] DEBUG org.apache.http.impl.conn.BasicClientConnectionManager -- Connection can be kept alive indefinitely
04:37:30.428 [main] DEBUG net.thucydides.core.steps.StepInterceptor -- STEP DONE: I POST HTTP request for add new products
  &amp#27;[32mWhen &amp#27;[0m&amp#27;[32mI POST HTTP request for add new products&amp#27;[0m               &amp#27;[90m# starter.stepdefinition.ProductsSteps.postHTTPRequestForAddNewProducts()&amp#27;[0m
04:37:30.430 [main] DEBUG net.thucydides.core.steps.StepInterceptor -- STARTING STEP: ProductsSteps.receiveResponseCode200ForAddNewProducts - I receive valid HTTP response 200 for add new products
04:37:30.430 [main] DEBUG net.thucydides.core.steps.StepInterceptor -- STEP DONE: I receive valid HTTP response 200 for add new products
  &amp#27;[32mThen &amp#27;[0m&amp#27;[32mI receive valid HTTP response 200 for add new products&amp#27;[0m &amp#27;[90m# starter.stepdefinition.ProductsSteps.receiveResponseCode200ForAddNewProducts()&amp#27;[0m
04:37:30.431 [main] INFO  -- 
  _____   ___   ___   _____     ___     _     ___   ___   ___   ___  
 |_   _| | __| / __| |_   _|   | _ \   /_\   / __| / __| | __| |   \ 
   | |   | _|  \__ \   | |     |  _/  / _ \  \__ \ \__ \ | _|  | |) |
   |_|   |___| |___/   |_|     |_|   /_/ \_\ |___/ |___/ |___| |___/ 

TC39 - Add new products
----------------------------------------------------------------------
]]></system-out>
  </testcase>
  <testcase name="TC40 - Add new products without name payload" classname="[05_Automation] - Product" time="0.093">
    <system-out><![CDATA[
Scenario: TC40 - Add new products without name payload                             &amp#27;[90m# src/test/resources/Products.feature:18&amp#27;[0m
04:37:30.434 [main] INFO io.cucumber.core.plugin.SerenityReporter -- Running feature from file:///D:/TaksAlterra/MiniProject/MiniProject_API/src/test/resources/Products.feature
04:37:30.434 [main] WARN io.cucumber.core.plugin.SerenityReporter -- Feature from file:///D:/TaksAlterra/MiniProject/MiniProject_API/src/test/resources/Products.feature is not under the 'features' directory. Requirements report will not be correctly generated!
04:37:30.434 [main] INFO  -- 
  _____   ___   ___   _____     ___   _____     _     ___   _____   ___   ___  
 |_   _| | __| / __| |_   _|   / __| |_   _|   /_\   | _ \ |_   _| | __| |   \ 
   | |   | _|  \__ \   | |     \__ \   | |    / _ \  |   /   | |   | _|  | |) |
   |_|   |___| |___/   |_|     |___/   |_|   /_/ \_\ |_|_\   |_|   |___| |___/ 

TC40 - Add new products without name payload([05-automation]---product;tc40---add-new-products-without-name-payload)
--------------------------------------------------------------------------------
04:37:30.437 [main] DEBUG net.thucydides.core.steps.StepInterceptor -- STARTING STEP: ProductsSteps.postAddNewProductsEndpoints2 - I POST add new products endpoints 2
04:37:30.437 [main] DEBUG net.thucydides.core.steps.StepInterceptor -- STEP DONE: I POST add new products endpoints 2
  &amp#27;[32mGiven &amp#27;[0m&amp#27;[32mI POST add new products endpoints 2&amp#27;[0m                                        &amp#27;[90m# starter.stepdefinition.ProductsSteps.postAddNewProductsEndpoints2()&amp#27;[0m
04:37:30.439 [main] DEBUG net.thucydides.core.steps.StepInterceptor -- STARTING STEP: ProductsSteps.postHTTPRequestForAddNewProductsWithoutNamePayload - I POST HTTP request for add new products without name payload
04:37:30.440 [main] DEBUG net.thucydides.core.steps.StepInterceptor -- STARTING STEP: Products.postHTTPRequestForAddNewProductsWithoutNamePayload - I POST add new products endpoints 2
04:37:30.440 [main] DEBUG net.thucydides.core.steps.StepInterceptor -- STEP DONE: I POST add new products endpoints 2
04:37:30.443 [main] DEBUG org.apache.http.impl.conn.BasicClientConnectionManager -- Get connection for route {s}->https://altashop-api.fly.dev:443
04:37:30.443 [main] DEBUG org.apache.http.impl.conn.DefaultClientConnectionOperator -- Connecting to altashop-api.fly.dev:443
04:37:30.490 [main] DEBUG org.apache.http.client.protocol.RequestAddCookies -- CookieSpec selected: ignoreCookies
04:37:30.490 [main] DEBUG org.apache.http.client.protocol.RequestAuthCache -- Auth cache not set in the context
04:37:30.490 [main] DEBUG org.apache.http.client.protocol.RequestTargetAuthentication -- Target auth state: UNCHALLENGED
04:37:30.490 [main] DEBUG org.apache.http.client.protocol.RequestProxyAuthentication -- Proxy auth state: UNCHALLENGED
04:37:30.490 [main] DEBUG org.apache.http.impl.client.DefaultHttpClient -- Attempt 1 to execute request
04:37:30.490 [main] DEBUG org.apache.http.impl.conn.DefaultClientConnection -- Sending request: POST /api/products HTTP/1.1
04:37:30.490 [main] DEBUG org.apache.http.wire --  >> "POST /api/products HTTP/1.1[\r][\n]"
04:37:30.490 [main] DEBUG org.apache.http.wire --  >> "Accept: */*[\r][\n]"
04:37:30.490 [main] DEBUG org.apache.http.wire --  >> "Content-Type: application/json[\r][\n]"
04:37:30.490 [main] DEBUG org.apache.http.wire --  >> "Content-Length: 65[\r][\n]"
04:37:30.490 [main] DEBUG org.apache.http.wire --  >> "Host: altashop-api.fly.dev[\r][\n]"
04:37:30.490 [main] DEBUG org.apache.http.wire --  >> "Connection: Keep-Alive[\r][\n]"
04:37:30.490 [main] DEBUG org.apache.http.wire --  >> "User-Agent: Apache-HttpClient/4.5.13 (Java/17.0.8)[\r][\n]"
04:37:30.490 [main] DEBUG org.apache.http.wire --  >> "Accept-Encoding: gzip,deflate[\r][\n]"
04:37:30.490 [main] DEBUG org.apache.http.wire --  >> "[\r][\n]"
04:37:30.490 [main] DEBUG org.apache.http.headers -- >> POST /api/products HTTP/1.1
04:37:30.490 [main] DEBUG org.apache.http.headers -- >> Accept: */*
04:37:30.490 [main] DEBUG org.apache.http.headers -- >> Content-Type: application/json
04:37:30.490 [main] DEBUG org.apache.http.headers -- >> Content-Length: 65
04:37:30.490 [main] DEBUG org.apache.http.headers -- >> Host: altashop-api.fly.dev
04:37:30.490 [main] DEBUG org.apache.http.headers -- >> Connection: Keep-Alive
04:37:30.490 [main] DEBUG org.apache.http.headers -- >> User-Agent: Apache-HttpClient/4.5.13 (Java/17.0.8)
04:37:30.490 [main] DEBUG org.apache.http.headers -- >> Accept-Encoding: gzip,deflate
04:37:30.490 [main] DEBUG org.apache.http.wire --  >> "{"price":299,"description":"play has no limits","categories":[1]}"
04:37:30.519 [main] DEBUG org.apache.http.wire --  << "HTTP/1.1 500 Internal Server Error[\r][\n]"
04:37:30.519 [main] DEBUG org.apache.http.wire --  << "content-type: application/json[\r][\n]"
04:37:30.519 [main] DEBUG org.apache.http.wire --  << "date: Mon, 30 Oct 2023 21:37:32 GMT[\r][\n]"
04:37:30.519 [main] DEBUG org.apache.http.wire --  << "content-encoding: gzip[\r][\n]"
04:37:30.519 [main] DEBUG org.apache.http.wire --  << "transfer-encoding: chunked[\r][\n]"
04:37:30.519 [main] DEBUG org.apache.http.wire --  << "server: Fly/7328d5b5 (2023-10-27)[\r][\n]"
04:37:30.519 [main] DEBUG org.apache.http.wire --  << "via: 1.1 fly.io[\r][\n]"
04:37:30.519 [main] DEBUG org.apache.http.wire --  << "fly-request-id: 01HE18AFCR4Q14K8ADPTN5SMRH-sin[\r][\n]"
04:37:30.519 [main] DEBUG org.apache.http.wire --  << "[\r][\n]"
04:37:30.519 [main] DEBUG org.apache.http.impl.conn.DefaultClientConnection -- Receiving response: HTTP/1.1 500 Internal Server Error
04:37:30.519 [main] DEBUG org.apache.http.headers -- << HTTP/1.1 500 Internal Server Error
04:37:30.519 [main] DEBUG org.apache.http.headers -- << content-type: application/json
04:37:30.519 [main] DEBUG org.apache.http.headers -- << date: Mon, 30 Oct 2023 21:37:32 GMT
04:37:30.519 [main] DEBUG org.apache.http.headers -- << content-encoding: gzip
04:37:30.519 [main] DEBUG org.apache.http.headers -- << transfer-encoding: chunked
04:37:30.519 [main] DEBUG org.apache.http.headers -- << server: Fly/7328d5b5 (2023-10-27)
04:37:30.519 [main] DEBUG org.apache.http.headers -- << via: 1.1 fly.io
04:37:30.519 [main] DEBUG org.apache.http.headers -- << fly-request-id: 01HE18AFCR4Q14K8ADPTN5SMRH-sin
04:37:30.519 [main] DEBUG org.apache.http.impl.client.DefaultHttpClient -- Connection can be kept alive indefinitely
04:37:30.519 [main] DEBUG io.restassured.internal.RestAssuredHttpBuilder -- Parsing response as: application/json
04:37:30.519 [main] DEBUG org.apache.http.wire --  << "80[\r][\n]"
04:37:30.519 [main] DEBUG org.apache.http.wire --  << "[0x1f][0x8b][0x8][0x0][0x0][0x0][0x0][0x0][0x4][0xff][0xab]VJ-*[0xca]/R[0xb2]Rr[\r][\n]"
04:37:30.519 [main] DEBUG org.apache.http.wire --  << "[0xf2][0xf][0xb2]R[0xc8]K-W([0xca]/WH[0xcb]/R(J[0xcd]I,[0xc9][0xcc][0xcf]S[0x88]Q*([0xca]O)M.)[0x8e]QR([0xcb][0xcc][0xcf]I,I-VH[0xce]HM[0xce]VH[0xce][0xcf]+.)J[0xcc][0xcc]+AR[0x16][0x9f][0x97][0x98][0x9b][0x1a][0xf]V[0x10][0xa3][0xa4][0xa0][0x11][0x1c][0xe8][0x13][0x1c][0xe2][0x18][0xe2][0xaa]`dljh[0xa2][0xa9]T[0xcb][0x5][0x0]5m[0xa8][0xef]x[0x0][0x0][0x0]"
04:37:30.520 [main] DEBUG org.apache.http.wire --  << "[\r][\n]"
04:37:30.520 [main] DEBUG org.apache.http.wire --  << "0[\r][\n]"
04:37:30.520 [main] DEBUG org.apache.http.wire --  << "[\r][\n]"
04:37:30.520 [main] DEBUG io.restassured.internal.RestAssuredHttpBuilder -- Parsed data to instance of: class org.apache.http.conn.EofSensorInputStream
04:37:30.520 [main] DEBUG org.apache.http.impl.conn.BasicClientConnectionManager -- Releasing connection org.apache.http.impl.conn.ManagedClientConnectionImpl@10d8769e
04:37:30.520 [main] DEBUG org.apache.http.impl.conn.BasicClientConnectionManager -- Connection can be kept alive indefinitely
04:37:30.521 [main] DEBUG net.thucydides.core.steps.StepInterceptor -- STEP DONE: I POST HTTP request for add new products without name payload
  &amp#27;[32mWhen &amp#27;[0m&amp#27;[32mI POST HTTP request for add new products without name payload&amp#27;[0m               &amp#27;[90m# starter.stepdefinition.ProductsSteps.postHTTPRequestForAddNewProductsWithoutNamePayload()&amp#27;[0m
04:37:30.522 [main] DEBUG net.thucydides.core.steps.StepInterceptor -- STARTING STEP: ProductsSteps.receiveResponseCode500ForAddNewProductsWithoutNamePayload - I receive valid HTTP response 500 for add new products without name payload
04:37:30.523 [main] DEBUG net.thucydides.core.steps.StepInterceptor -- STEP DONE: I receive valid HTTP response 500 for add new products without name payload
  &amp#27;[32mThen &amp#27;[0m&amp#27;[32mI receive valid HTTP response 500 for add new products without name payload&amp#27;[0m &amp#27;[90m# starter.stepdefinition.ProductsSteps.receiveResponseCode500ForAddNewProductsWithoutNamePayload()&amp#27;[0m
04:37:30.523 [main] INFO  -- 
  _____   ___   ___   _____     ___     _     ___   ___   ___   ___  
 |_   _| | __| / __| |_   _|   | _ \   /_\   / __| / __| | __| |   \ 
   | |   | _|  \__ \   | |     |  _/  / _ \  \__ \ \__ \ | _|  | |) |
   |_|   |___| |___/   |_|     |_|   /_/ \_\ |___/ |___/ |___| |___/ 

TC40 - Add new products without name payload
----------------------------------------------------------------------
]]></system-out>
  </testcase>
  <testcase name="TC42 - Add new product with blank name payload" classname="[05_Automation] - Product" time="0.093">
    <system-out><![CDATA[
Scenario: TC42 - Add new product with blank name payload                              &amp#27;[90m# src/test/resources/Products.feature:28&amp#27;[0m
04:37:30.526 [main] INFO io.cucumber.core.plugin.SerenityReporter -- Running feature from file:///D:/TaksAlterra/MiniProject/MiniProject_API/src/test/resources/Products.feature
04:37:30.526 [main] WARN io.cucumber.core.plugin.SerenityReporter -- Feature from file:///D:/TaksAlterra/MiniProject/MiniProject_API/src/test/resources/Products.feature is not under the 'features' directory. Requirements report will not be correctly generated!
04:37:30.527 [main] INFO  -- 
  _____   ___   ___   _____     ___   _____     _     ___   _____   ___   ___  
 |_   _| | __| / __| |_   _|   / __| |_   _|   /_\   | _ \ |_   _| | __| |   \ 
   | |   | _|  \__ \   | |     \__ \   | |    / _ \  |   /   | |   | _|  | |) |
   |_|   |___| |___/   |_|     |___/   |_|   /_/ \_\ |_|_\   |_|   |___| |___/ 

TC42 - Add new product with blank name payload([05-automation]---product;tc42---add-new-product-with-blank-name-payload)
--------------------------------------------------------------------------------
04:37:30.531 [main] DEBUG net.thucydides.core.steps.StepInterceptor -- STARTING STEP: ProductsSteps.postAddNewProductsEndpoints4 - I POST add new products endpoints 4
04:37:30.531 [main] DEBUG net.thucydides.core.steps.StepInterceptor -- STEP DONE: I POST add new products endpoints 4
  &amp#27;[32mGiven &amp#27;[0m&amp#27;[32mI POST add new products endpoints 4&amp#27;[0m                                           &amp#27;[90m# starter.stepdefinition.ProductsSteps.postAddNewProductsEndpoints4()&amp#27;[0m
04:37:30.532 [main] DEBUG net.thucydides.core.steps.StepInterceptor -- STARTING STEP: ProductsSteps.postHTTPRequestForAddNewProductesWithBlankNamePayload - I POST HTTP request for add new products with blank name payload
04:37:30.533 [main] DEBUG net.thucydides.core.steps.StepInterceptor -- STARTING STEP: Products.postHTTPRequestForAddNewProductesWithBlankNamePayload - I POST add new products endpoints 4
04:37:30.533 [main] DEBUG net.thucydides.core.steps.StepInterceptor -- STEP DONE: I POST add new products endpoints 4
04:37:30.536 [main] DEBUG org.apache.http.impl.conn.BasicClientConnectionManager -- Get connection for route {s}->https://altashop-api.fly.dev:443
04:37:30.536 [main] DEBUG org.apache.http.impl.conn.DefaultClientConnectionOperator -- Connecting to altashop-api.fly.dev:443
04:37:30.584 [main] DEBUG org.apache.http.client.protocol.RequestAddCookies -- CookieSpec selected: ignoreCookies
04:37:30.584 [main] DEBUG org.apache.http.client.protocol.RequestAuthCache -- Auth cache not set in the context
04:37:30.584 [main] DEBUG org.apache.http.client.protocol.RequestTargetAuthentication -- Target auth state: UNCHALLENGED
04:37:30.584 [main] DEBUG org.apache.http.client.protocol.RequestProxyAuthentication -- Proxy auth state: UNCHALLENGED
04:37:30.584 [main] DEBUG org.apache.http.impl.client.DefaultHttpClient -- Attempt 1 to execute request
04:37:30.584 [main] DEBUG org.apache.http.impl.conn.DefaultClientConnection -- Sending request: POST /api/products HTTP/1.1
04:37:30.584 [main] DEBUG org.apache.http.wire --  >> "POST /api/products HTTP/1.1[\r][\n]"
04:37:30.584 [main] DEBUG org.apache.http.wire --  >> "Accept: */*[\r][\n]"
04:37:30.584 [main] DEBUG org.apache.http.wire --  >> "Content-Type: application/json[\r][\n]"
04:37:30.584 [main] DEBUG org.apache.http.wire --  >> "Content-Length: 75[\r][\n]"
04:37:30.584 [main] DEBUG org.apache.http.wire --  >> "Host: altashop-api.fly.dev[\r][\n]"
04:37:30.584 [main] DEBUG org.apache.http.wire --  >> "Connection: Keep-Alive[\r][\n]"
04:37:30.584 [main] DEBUG org.apache.http.wire --  >> "User-Agent: Apache-HttpClient/4.5.13 (Java/17.0.8)[\r][\n]"
04:37:30.584 [main] DEBUG org.apache.http.wire --  >> "Accept-Encoding: gzip,deflate[\r][\n]"
04:37:30.584 [main] DEBUG org.apache.http.wire --  >> "[\r][\n]"
04:37:30.584 [main] DEBUG org.apache.http.headers -- >> POST /api/products HTTP/1.1
04:37:30.584 [main] DEBUG org.apache.http.headers -- >> Accept: */*
04:37:30.584 [main] DEBUG org.apache.http.headers -- >> Content-Type: application/json
04:37:30.584 [main] DEBUG org.apache.http.headers -- >> Content-Length: 75
04:37:30.584 [main] DEBUG org.apache.http.headers -- >> Host: altashop-api.fly.dev
04:37:30.584 [main] DEBUG org.apache.http.headers -- >> Connection: Keep-Alive
04:37:30.584 [main] DEBUG org.apache.http.headers -- >> User-Agent: Apache-HttpClient/4.5.13 (Java/17.0.8)
04:37:30.584 [main] DEBUG org.apache.http.headers -- >> Accept-Encoding: gzip,deflate
04:37:30.584 [main] DEBUG org.apache.http.wire --  >> "{"price":299,"name":"","description":"play has no limits","categories":[1]}"
04:37:30.612 [main] DEBUG org.apache.http.wire --  << "HTTP/1.1 500 Internal Server Error[\r][\n]"
04:37:30.612 [main] DEBUG org.apache.http.wire --  << "content-type: application/json[\r][\n]"
04:37:30.612 [main] DEBUG org.apache.http.wire --  << "date: Mon, 30 Oct 2023 21:37:32 GMT[\r][\n]"
04:37:30.612 [main] DEBUG org.apache.http.wire --  << "content-encoding: gzip[\r][\n]"
04:37:30.612 [main] DEBUG org.apache.http.wire --  << "transfer-encoding: chunked[\r][\n]"
04:37:30.612 [main] DEBUG org.apache.http.wire --  << "server: Fly/7328d5b5 (2023-10-27)[\r][\n]"
04:37:30.612 [main] DEBUG org.apache.http.wire --  << "via: 1.1 fly.io[\r][\n]"
04:37:30.612 [main] DEBUG org.apache.http.wire --  << "fly-request-id: 01HE18AFFN24HXPWSB615VEATC-sin[\r][\n]"
04:37:30.612 [main] DEBUG org.apache.http.wire --  << "[\r][\n]"
04:37:30.612 [main] DEBUG org.apache.http.impl.conn.DefaultClientConnection -- Receiving response: HTTP/1.1 500 Internal Server Error
04:37:30.612 [main] DEBUG org.apache.http.headers -- << HTTP/1.1 500 Internal Server Error
04:37:30.612 [main] DEBUG org.apache.http.headers -- << content-type: application/json
04:37:30.612 [main] DEBUG org.apache.http.headers -- << date: Mon, 30 Oct 2023 21:37:32 GMT
04:37:30.612 [main] DEBUG org.apache.http.headers -- << content-encoding: gzip
04:37:30.612 [main] DEBUG org.apache.http.headers -- << transfer-encoding: chunked
04:37:30.612 [main] DEBUG org.apache.http.headers -- << server: Fly/7328d5b5 (2023-10-27)
04:37:30.612 [main] DEBUG org.apache.http.headers -- << via: 1.1 fly.io
04:37:30.612 [main] DEBUG org.apache.http.headers -- << fly-request-id: 01HE18AFFN24HXPWSB615VEATC-sin
04:37:30.612 [main] DEBUG org.apache.http.impl.client.DefaultHttpClient -- Connection can be kept alive indefinitely
04:37:30.612 [main] DEBUG io.restassured.internal.RestAssuredHttpBuilder -- Parsing response as: application/json
04:37:30.612 [main] DEBUG org.apache.http.wire --  << "80[\r][\n]"
04:37:30.612 [main] DEBUG org.apache.http.wire --  << "[0x1f][0x8b][0x8][0x0][0x0][0x0][0x0][0x0][0x4][0xff][0xab]VJ-*[0xca]/R[0xb2]Rr[\r][\n]"
04:37:30.612 [main] DEBUG org.apache.http.wire --  << "[0xf2][0xf][0xb2]R[0xc8]K-W([0xca]/WH[0xcb]/R(J[0xcd]I,[0xc9][0xcc][0xcf]S[0x88]Q*([0xca]O)M.)[0x8e]QR([0xcb][0xcc][0xcf]I,I-VH[0xce]HM[0xce]VH[0xce][0xcf]+.)J[0xcc][0xcc]+AR[0x16][0x9f][0x97][0x98][0x9b][0x1a][0xf]V[0x10][0xa3][0xa4][0xa0][0x11][0x1c][0xe8][0x13][0x1c][0xe2][0x18][0xe2][0xaa]`dljh[0xa2][0xa9]T[0xcb][0x5][0x0]5m[0xa8][0xef]x[0x0][0x0][0x0]"
04:37:30.613 [main] DEBUG org.apache.http.wire --  << "[\r][\n]"
04:37:30.613 [main] DEBUG org.apache.http.wire --  << "0[\r][\n]"
04:37:30.613 [main] DEBUG org.apache.http.wire --  << "[\r][\n]"
04:37:30.613 [main] DEBUG io.restassured.internal.RestAssuredHttpBuilder -- Parsed data to instance of: class org.apache.http.conn.EofSensorInputStream
04:37:30.613 [main] DEBUG org.apache.http.impl.conn.BasicClientConnectionManager -- Releasing connection org.apache.http.impl.conn.ManagedClientConnectionImpl@39a8c08f
04:37:30.613 [main] DEBUG org.apache.http.impl.conn.BasicClientConnectionManager -- Connection can be kept alive indefinitely
04:37:30.613 [main] DEBUG net.thucydides.core.steps.StepInterceptor -- STEP DONE: I POST HTTP request for add new products with blank name payload
  &amp#27;[32mWhen &amp#27;[0m&amp#27;[32mI POST HTTP request for add new products with blank name payload&amp#27;[0m               &amp#27;[90m# starter.stepdefinition.ProductsSteps.postHTTPRequestForAddNewProductesWithBlankNamePayload()&amp#27;[0m
04:37:30.614 [main] DEBUG net.thucydides.core.steps.StepInterceptor -- STARTING STEP: ProductsSteps.receiveResponseCode500ForAddNewProductesWithBlankNamePayload - I receive valid HTTP response 500 for add new products with blank name payload
04:37:30.616 [main] DEBUG net.thucydides.core.steps.StepInterceptor -- STEP DONE: I receive valid HTTP response 500 for add new products with blank name payload
  &amp#27;[32mThen &amp#27;[0m&amp#27;[32mI receive valid HTTP response 500 for add new products with blank name payload&amp#27;[0m &amp#27;[90m# starter.stepdefinition.ProductsSteps.receiveResponseCode500ForAddNewProductesWithBlankNamePayload()&amp#27;[0m
04:37:30.617 [main] INFO  -- 
  _____   ___   ___   _____     ___     _     ___   ___   ___   ___  
 |_   _| | __| / __| |_   _|   | _ \   /_\   / __| / __| | __| |   \ 
   | |   | _|  \__ \   | |     |  _/  / _ \  \__ \ \__ \ | _|  | |) |
   |_|   |___| |___/   |_|     |_|   /_/ \_\ |___/ |___/ |___| |___/ 

TC42 - Add new product with blank name payload
----------------------------------------------------------------------
]]></system-out>
  </testcase>
  <testcase name="TC44 - Add new product with blank price payload" classname="[05_Automation] - Product" time="0.091">
    <system-out><![CDATA[
Scenario: TC44 - Add new product with blank price payload                              &amp#27;[90m# src/test/resources/Products.feature:38&amp#27;[0m
04:37:30.620 [main] INFO io.cucumber.core.plugin.SerenityReporter -- Running feature from file:///D:/TaksAlterra/MiniProject/MiniProject_API/src/test/resources/Products.feature
04:37:30.620 [main] WARN io.cucumber.core.plugin.SerenityReporter -- Feature from file:///D:/TaksAlterra/MiniProject/MiniProject_API/src/test/resources/Products.feature is not under the 'features' directory. Requirements report will not be correctly generated!
04:37:30.620 [main] INFO  -- 
  _____   ___   ___   _____     ___   _____     _     ___   _____   ___   ___  
 |_   _| | __| / __| |_   _|   / __| |_   _|   /_\   | _ \ |_   _| | __| |   \ 
   | |   | _|  \__ \   | |     \__ \   | |    / _ \  |   /   | |   | _|  | |) |
   |_|   |___| |___/   |_|     |___/   |_|   /_/ \_\ |_|_\   |_|   |___| |___/ 

TC44 - Add new product with blank price payload([05-automation]---product;tc44---add-new-product-with-blank-price-payload)
--------------------------------------------------------------------------------
04:37:30.624 [main] DEBUG net.thucydides.core.steps.StepInterceptor -- STARTING STEP: ProductsSteps.postAddNewProductsEndpoints6 - I POST add new products endpoints 6
04:37:30.624 [main] DEBUG net.thucydides.core.steps.StepInterceptor -- STEP DONE: I POST add new products endpoints 6
  &amp#27;[32mGiven &amp#27;[0m&amp#27;[32mI POST add new products endpoints 6&amp#27;[0m                                            &amp#27;[90m# starter.stepdefinition.ProductsSteps.postAddNewProductsEndpoints6()&amp#27;[0m
04:37:30.625 [main] DEBUG net.thucydides.core.steps.StepInterceptor -- STARTING STEP: ProductsSteps.postHTTPRequestForAddNewProductsWithBlankPricePayload - I POST HTTP request for add new products with blank price payload
04:37:30.626 [main] DEBUG net.thucydides.core.steps.StepInterceptor -- STARTING STEP: Products.postHTTPRequestForAddNewProductsWithBlankPricePayload - I POST add new products endpoints 6
04:37:30.626 [main] DEBUG net.thucydides.core.steps.StepInterceptor -- STEP DONE: I POST add new products endpoints 6
04:37:30.629 [main] DEBUG org.apache.http.impl.conn.BasicClientConnectionManager -- Get connection for route {s}->https://altashop-api.fly.dev:443
04:37:30.629 [main] DEBUG org.apache.http.impl.conn.DefaultClientConnectionOperator -- Connecting to altashop-api.fly.dev:443
04:37:30.680 [main] DEBUG org.apache.http.client.protocol.RequestAddCookies -- CookieSpec selected: ignoreCookies
04:37:30.680 [main] DEBUG org.apache.http.client.protocol.RequestAuthCache -- Auth cache not set in the context
04:37:30.680 [main] DEBUG org.apache.http.client.protocol.RequestTargetAuthentication -- Target auth state: UNCHALLENGED
04:37:30.680 [main] DEBUG org.apache.http.client.protocol.RequestProxyAuthentication -- Proxy auth state: UNCHALLENGED
04:37:30.680 [main] DEBUG org.apache.http.impl.client.DefaultHttpClient -- Attempt 1 to execute request
04:37:30.680 [main] DEBUG org.apache.http.impl.conn.DefaultClientConnection -- Sending request: POST /api/products HTTP/1.1
04:37:30.680 [main] DEBUG org.apache.http.wire --  >> "POST /api/products HTTP/1.1[\r][\n]"
04:37:30.680 [main] DEBUG org.apache.http.wire --  >> "Accept: */*[\r][\n]"
04:37:30.680 [main] DEBUG org.apache.http.wire --  >> "Content-Type: application/json[\r][\n]"
04:37:30.680 [main] DEBUG org.apache.http.wire --  >> "Content-Length: 82[\r][\n]"
04:37:30.680 [main] DEBUG org.apache.http.wire --  >> "Host: altashop-api.fly.dev[\r][\n]"
04:37:30.680 [main] DEBUG org.apache.http.wire --  >> "Connection: Keep-Alive[\r][\n]"
04:37:30.680 [main] DEBUG org.apache.http.wire --  >> "User-Agent: Apache-HttpClient/4.5.13 (Java/17.0.8)[\r][\n]"
04:37:30.680 [main] DEBUG org.apache.http.wire --  >> "Accept-Encoding: gzip,deflate[\r][\n]"
04:37:30.680 [main] DEBUG org.apache.http.wire --  >> "[\r][\n]"
04:37:30.680 [main] DEBUG org.apache.http.headers -- >> POST /api/products HTTP/1.1
04:37:30.680 [main] DEBUG org.apache.http.headers -- >> Accept: */*
04:37:30.680 [main] DEBUG org.apache.http.headers -- >> Content-Type: application/json
04:37:30.680 [main] DEBUG org.apache.http.headers -- >> Content-Length: 82
04:37:30.680 [main] DEBUG org.apache.http.headers -- >> Host: altashop-api.fly.dev
04:37:30.680 [main] DEBUG org.apache.http.headers -- >> Connection: Keep-Alive
04:37:30.680 [main] DEBUG org.apache.http.headers -- >> User-Agent: Apache-HttpClient/4.5.13 (Java/17.0.8)
04:37:30.680 [main] DEBUG org.apache.http.headers -- >> Accept-Encoding: gzip,deflate
04:37:30.680 [main] DEBUG org.apache.http.wire --  >> "{"price":"","name":"Sony PS5","description":"play has no limits","categories":[1]}"
04:37:30.703 [main] DEBUG org.apache.http.wire --  << "HTTP/1.1 400 Bad Request[\r][\n]"
04:37:30.703 [main] DEBUG org.apache.http.wire --  << "content-type: application/json[\r][\n]"
04:37:30.703 [main] DEBUG org.apache.http.wire --  << "date: Mon, 30 Oct 2023 21:37:32 GMT[\r][\n]"
04:37:30.703 [main] DEBUG org.apache.http.wire --  << "content-encoding: gzip[\r][\n]"
04:37:30.703 [main] DEBUG org.apache.http.wire --  << "transfer-encoding: chunked[\r][\n]"
04:37:30.703 [main] DEBUG org.apache.http.wire --  << "server: Fly/7328d5b5 (2023-10-27)[\r][\n]"
04:37:30.703 [main] DEBUG org.apache.http.wire --  << "via: 1.1 fly.io[\r][\n]"
04:37:30.703 [main] DEBUG org.apache.http.wire --  << "fly-request-id: 01HE18AFJMZN8WFTK7GWWGTD25-sin[\r][\n]"
04:37:30.703 [main] DEBUG org.apache.http.wire --  << "[\r][\n]"
04:37:30.703 [main] DEBUG org.apache.http.impl.conn.DefaultClientConnection -- Receiving response: HTTP/1.1 400 Bad Request
04:37:30.703 [main] DEBUG org.apache.http.headers -- << HTTP/1.1 400 Bad Request
04:37:30.703 [main] DEBUG org.apache.http.headers -- << content-type: application/json
04:37:30.703 [main] DEBUG org.apache.http.headers -- << date: Mon, 30 Oct 2023 21:37:32 GMT
04:37:30.703 [main] DEBUG org.apache.http.headers -- << content-encoding: gzip
04:37:30.703 [main] DEBUG org.apache.http.headers -- << transfer-encoding: chunked
04:37:30.703 [main] DEBUG org.apache.http.headers -- << server: Fly/7328d5b5 (2023-10-27)
04:37:30.703 [main] DEBUG org.apache.http.headers -- << via: 1.1 fly.io
04:37:30.703 [main] DEBUG org.apache.http.headers -- << fly-request-id: 01HE18AFJMZN8WFTK7GWWGTD25-sin
04:37:30.703 [main] DEBUG org.apache.http.impl.client.DefaultHttpClient -- Connection can be kept alive indefinitely
04:37:30.704 [main] DEBUG io.restassured.internal.RestAssuredHttpBuilder -- Parsing response as: application/json
04:37:30.704 [main] DEBUG org.apache.http.wire --  << "71[\r][\n]"
04:37:30.704 [main] DEBUG org.apache.http.wire --  << "[0x1f][0x8b][0x8][0x0][0x0][0x0][0x0][0x0][0x4][0xff][0xab]VJ-*[0xca]/R[0xb2]R[0xca]*[0xce][0xcf][0xb3]RHN[0xcc][0xcb][0xcb]/Q([0xcd][0xcb]M,*[0xce]H[0xcc]Q(.)[0xca][0xcc]KW[0xc8][0xcc]+[0xc9]Wp[0xcf][0x7]qK[0x93]K[0x14][0xd2]2SsR[0x14][0x2][0x8a][0xf2]SJ[0x93]K[0x9c][0x8b]R[0x13]KR[0xf5][\n]"
04:37:30.704 [main] DEBUG org.apache.http.wire --  << "[0x8a]2[0x93]S[0x15][0xf2][0xd3][0x14]J*[0xb]R[0x15]J3[0xf3]J[0x94]j[0xb9][0x0][0xd2][0x2]#[0xd6]`[0x0][0x0][0x0]"
04:37:30.704 [main] DEBUG org.apache.http.wire --  << "[\r][\n]"
04:37:30.704 [main] DEBUG org.apache.http.wire --  << "0[\r][\n]"
04:37:30.704 [main] DEBUG org.apache.http.wire --  << "[\r][\n]"
04:37:30.704 [main] DEBUG io.restassured.internal.RestAssuredHttpBuilder -- Parsed data to instance of: class org.apache.http.conn.EofSensorInputStream
04:37:30.705 [main] DEBUG org.apache.http.impl.conn.BasicClientConnectionManager -- Releasing connection org.apache.http.impl.conn.ManagedClientConnectionImpl@63019596
04:37:30.705 [main] DEBUG org.apache.http.impl.conn.BasicClientConnectionManager -- Connection can be kept alive indefinitely
04:37:30.705 [main] DEBUG net.thucydides.core.steps.StepInterceptor -- STEP DONE: I POST HTTP request for add new products with blank price payload
  &amp#27;[32mWhen &amp#27;[0m&amp#27;[32mI POST HTTP request for add new products with blank price payload&amp#27;[0m               &amp#27;[90m# starter.stepdefinition.ProductsSteps.postHTTPRequestForAddNewProductsWithBlankPricePayload()&amp#27;[0m
04:37:30.707 [main] DEBUG net.thucydides.core.steps.StepInterceptor -- STARTING STEP: ProductsSteps.receiveResponseCode400ForAddNewProductsWithBlankPricePayload - I receive valid HTTP response 400 for add new products with blank price payload
04:37:30.707 [main] DEBUG net.thucydides.core.steps.StepInterceptor -- STEP DONE: I receive valid HTTP response 400 for add new products with blank price payload
  &amp#27;[32mThen &amp#27;[0m&amp#27;[32mI receive valid HTTP response 400 for add new products with blank price payload&amp#27;[0m &amp#27;[90m# starter.stepdefinition.ProductsSteps.receiveResponseCode400ForAddNewProductsWithBlankPricePayload()&amp#27;[0m
04:37:30.708 [main] INFO  -- 
  _____   ___   ___   _____     ___     _     ___   ___   ___   ___  
 |_   _| | __| / __| |_   _|   | _ \   /_\   / __| / __| | __| |   \ 
   | |   | _|  \__ \   | |     |  _/  / _ \  \__ \ \__ \ | _|  | |) |
   |_|   |___| |___/   |_|     |_|   /_/ \_\ |___/ |___/ |___| |___/ 

TC44 - Add new product with blank price payload
----------------------------------------------------------------------
]]></system-out>
  </testcase>
  <testcase name="TC45 - Add new product with only space on price payload" classname="[05_Automation] - Product" time="0.091">
    <system-out><![CDATA[
Scenario: TC45 - Add new product with only space on price payload                              &amp#27;[90m# src/test/resources/Products.feature:43&amp#27;[0m
04:37:30.711 [main] INFO io.cucumber.core.plugin.SerenityReporter -- Running feature from file:///D:/TaksAlterra/MiniProject/MiniProject_API/src/test/resources/Products.feature
04:37:30.711 [main] WARN io.cucumber.core.plugin.SerenityReporter -- Feature from file:///D:/TaksAlterra/MiniProject/MiniProject_API/src/test/resources/Products.feature is not under the 'features' directory. Requirements report will not be correctly generated!
04:37:30.712 [main] INFO  -- 
  _____   ___   ___   _____     ___   _____     _     ___   _____   ___   ___  
 |_   _| | __| / __| |_   _|   / __| |_   _|   /_\   | _ \ |_   _| | __| |   \ 
   | |   | _|  \__ \   | |     \__ \   | |    / _ \  |   /   | |   | _|  | |) |
   |_|   |___| |___/   |_|     |___/   |_|   /_/ \_\ |_|_\   |_|   |___| |___/ 

TC45 - Add new product with only space on price payload([05-automation]---product;tc45---add-new-product-with-only-space-on-price-payload)
--------------------------------------------------------------------------------
04:37:30.715 [main] DEBUG net.thucydides.core.steps.StepInterceptor -- STARTING STEP: ProductsSteps.postAddNewProductsEndpoints7 - I POST add new products endpoints 7
04:37:30.715 [main] DEBUG net.thucydides.core.steps.StepInterceptor -- STEP DONE: I POST add new products endpoints 7
  &amp#27;[32mGiven &amp#27;[0m&amp#27;[32mI POST add new products endpoints 7&amp#27;[0m                                                    &amp#27;[90m# starter.stepdefinition.ProductsSteps.postAddNewProductsEndpoints7()&amp#27;[0m
04:37:30.717 [main] DEBUG net.thucydides.core.steps.StepInterceptor -- STARTING STEP: ProductsSteps.postHTTPRequestForAddNewProductsWithOnlySpaceOnPricePayload - I POST HTTP request for add new products with only space on price payload
04:37:30.717 [main] DEBUG net.thucydides.core.steps.StepInterceptor -- STARTING STEP: Products.postHTTPRequestForAddNewProductsWithOnlySpaceOnPricePayload - I POST add new products endpoints 7
04:37:30.717 [main] DEBUG net.thucydides.core.steps.StepInterceptor -- STEP DONE: I POST add new products endpoints 7
04:37:30.721 [main] DEBUG org.apache.http.impl.conn.BasicClientConnectionManager -- Get connection for route {s}->https://altashop-api.fly.dev:443
04:37:30.721 [main] DEBUG org.apache.http.impl.conn.DefaultClientConnectionOperator -- Connecting to altashop-api.fly.dev:443
04:37:30.769 [main] DEBUG org.apache.http.client.protocol.RequestAddCookies -- CookieSpec selected: ignoreCookies
04:37:30.769 [main] DEBUG org.apache.http.client.protocol.RequestAuthCache -- Auth cache not set in the context
04:37:30.769 [main] DEBUG org.apache.http.client.protocol.RequestTargetAuthentication -- Target auth state: UNCHALLENGED
04:37:30.769 [main] DEBUG org.apache.http.client.protocol.RequestProxyAuthentication -- Proxy auth state: UNCHALLENGED
04:37:30.769 [main] DEBUG org.apache.http.impl.client.DefaultHttpClient -- Attempt 1 to execute request
04:37:30.769 [main] DEBUG org.apache.http.impl.conn.DefaultClientConnection -- Sending request: POST /api/products HTTP/1.1
04:37:30.769 [main] DEBUG org.apache.http.wire --  >> "POST /api/products HTTP/1.1[\r][\n]"
04:37:30.769 [main] DEBUG org.apache.http.wire --  >> "Accept: */*[\r][\n]"
04:37:30.769 [main] DEBUG org.apache.http.wire --  >> "Content-Type: application/json[\r][\n]"
04:37:30.769 [main] DEBUG org.apache.http.wire --  >> "Content-Length: 83[\r][\n]"
04:37:30.769 [main] DEBUG org.apache.http.wire --  >> "Host: altashop-api.fly.dev[\r][\n]"
04:37:30.769 [main] DEBUG org.apache.http.wire --  >> "Connection: Keep-Alive[\r][\n]"
04:37:30.769 [main] DEBUG org.apache.http.wire --  >> "User-Agent: Apache-HttpClient/4.5.13 (Java/17.0.8)[\r][\n]"
04:37:30.769 [main] DEBUG org.apache.http.wire --  >> "Accept-Encoding: gzip,deflate[\r][\n]"
04:37:30.769 [main] DEBUG org.apache.http.wire --  >> "[\r][\n]"
04:37:30.769 [main] DEBUG org.apache.http.headers -- >> POST /api/products HTTP/1.1
04:37:30.769 [main] DEBUG org.apache.http.headers -- >> Accept: */*
04:37:30.769 [main] DEBUG org.apache.http.headers -- >> Content-Type: application/json
04:37:30.769 [main] DEBUG org.apache.http.headers -- >> Content-Length: 83
04:37:30.769 [main] DEBUG org.apache.http.headers -- >> Host: altashop-api.fly.dev
04:37:30.769 [main] DEBUG org.apache.http.headers -- >> Connection: Keep-Alive
04:37:30.769 [main] DEBUG org.apache.http.headers -- >> User-Agent: Apache-HttpClient/4.5.13 (Java/17.0.8)
04:37:30.769 [main] DEBUG org.apache.http.headers -- >> Accept-Encoding: gzip,deflate
04:37:30.769 [main] DEBUG org.apache.http.wire --  >> "{"price":" ","name":"Sony PS5","description":"play has no limits","categories":[1]}"
04:37:30.794 [main] DEBUG org.apache.http.wire --  << "HTTP/1.1 400 Bad Request[\r][\n]"
04:37:30.794 [main] DEBUG org.apache.http.wire --  << "content-type: application/json[\r][\n]"
04:37:30.794 [main] DEBUG org.apache.http.wire --  << "date: Mon, 30 Oct 2023 21:37:32 GMT[\r][\n]"
04:37:30.794 [main] DEBUG org.apache.http.wire --  << "content-encoding: gzip[\r][\n]"
04:37:30.794 [main] DEBUG org.apache.http.wire --  << "transfer-encoding: chunked[\r][\n]"
04:37:30.794 [main] DEBUG org.apache.http.wire --  << "server: Fly/7328d5b5 (2023-10-27)[\r][\n]"
04:37:30.794 [main] DEBUG org.apache.http.wire --  << "via: 1.1 fly.io[\r][\n]"
04:37:30.794 [main] DEBUG org.apache.http.wire --  << "fly-request-id: 01HE18AFND7XCBBZFYS3QTZGZE-sin[\r][\n]"
04:37:30.794 [main] DEBUG org.apache.http.wire --  << "[\r][\n]"
04:37:30.794 [main] DEBUG org.apache.http.impl.conn.DefaultClientConnection -- Receiving response: HTTP/1.1 400 Bad Request
04:37:30.794 [main] DEBUG org.apache.http.headers -- << HTTP/1.1 400 Bad Request
04:37:30.794 [main] DEBUG org.apache.http.headers -- << content-type: application/json
04:37:30.794 [main] DEBUG org.apache.http.headers -- << date: Mon, 30 Oct 2023 21:37:32 GMT
04:37:30.794 [main] DEBUG org.apache.http.headers -- << content-encoding: gzip
04:37:30.794 [main] DEBUG org.apache.http.headers -- << transfer-encoding: chunked
04:37:30.794 [main] DEBUG org.apache.http.headers -- << server: Fly/7328d5b5 (2023-10-27)
04:37:30.794 [main] DEBUG org.apache.http.headers -- << via: 1.1 fly.io
04:37:30.794 [main] DEBUG org.apache.http.headers -- << fly-request-id: 01HE18AFND7XCBBZFYS3QTZGZE-sin
04:37:30.794 [main] DEBUG org.apache.http.impl.client.DefaultHttpClient -- Connection can be kept alive indefinitely
04:37:30.794 [main] DEBUG io.restassured.internal.RestAssuredHttpBuilder -- Parsing response as: application/json
04:37:30.794 [main] DEBUG org.apache.http.wire --  << "71[\r][\n]"
04:37:30.794 [main] DEBUG org.apache.http.wire --  << "[0x1f][0x8b][0x8][0x0][0x0][0x0][0x0][0x0][0x4][0xff][0xab]VJ-*[0xca]/R[0xb2]R[0xca]*[0xce][0xcf][0xb3]RHN[0xcc][0xcb][0xcb]/Q([0xcd][0xcb]M,*[0xce]H[0xcc]Q(.)[0xca][0xcc]KW[0xc8][0xcc]+[0xc9]Wp[0xcf][0x7]qK[0x93]K[0x14][0xd2]2SsR[0x14][0x2][0x8a][0xf2]SJ[0x93]K[0x9c][0x8b]R[0x13]KR[0xf5][\n]"
04:37:30.794 [main] DEBUG org.apache.http.wire --  << "[0x8a]2[0x93]S[0x15][0xf2][0xd3][0x14]J*[0xb]R[0x15]J3[0xf3]J[0x94]j[0xb9][0x0][0xd2][0x2]#[0xd6]`[0x0][0x0][0x0]"
04:37:30.794 [main] DEBUG org.apache.http.wire --  << "[\r][\n]"
04:37:30.795 [main] DEBUG org.apache.http.wire --  << "0[\r][\n]"
04:37:30.795 [main] DEBUG org.apache.http.wire --  << "[\r][\n]"
04:37:30.795 [main] DEBUG io.restassured.internal.RestAssuredHttpBuilder -- Parsed data to instance of: class org.apache.http.conn.EofSensorInputStream
04:37:30.795 [main] DEBUG org.apache.http.impl.conn.BasicClientConnectionManager -- Releasing connection org.apache.http.impl.conn.ManagedClientConnectionImpl@1eff74f2
04:37:30.795 [main] DEBUG org.apache.http.impl.conn.BasicClientConnectionManager -- Connection can be kept alive indefinitely
04:37:30.795 [main] DEBUG net.thucydides.core.steps.StepInterceptor -- STEP DONE: I POST HTTP request for add new products with only space on price payload
  &amp#27;[32mWhen &amp#27;[0m&amp#27;[32mI POST HTTP request for add new products with only space on price payload&amp#27;[0m               &amp#27;[90m# starter.stepdefinition.ProductsSteps.postHTTPRequestForAddNewProductsWithOnlySpaceOnPricePayload()&amp#27;[0m
04:37:30.797 [main] DEBUG net.thucydides.core.steps.StepInterceptor -- STARTING STEP: ProductsSteps.receiveResponseCode400ForAddNewProductsWithOnlySpaceOnPricePayload - I receive valid HTTP response 400 for add new products with only space on price payload
04:37:30.797 [main] DEBUG net.thucydides.core.steps.StepInterceptor -- STEP DONE: I receive valid HTTP response 400 for add new products with only space on price payload
  &amp#27;[32mThen &amp#27;[0m&amp#27;[32mI receive valid HTTP response 400 for add new products with only space on price payload&amp#27;[0m &amp#27;[90m# starter.stepdefinition.ProductsSteps.receiveResponseCode400ForAddNewProductsWithOnlySpaceOnPricePayload()&amp#27;[0m
04:37:30.799 [main] INFO  -- 
  _____   ___   ___   _____     ___     _     ___   ___   ___   ___  
 |_   _| | __| / __| |_   _|   | _ \   /_\   / __| / __| | __| |   \ 
   | |   | _|  \__ \   | |     |  _/  / _ \  \__ \ \__ \ | _|  | |) |
   |_|   |___| |___/   |_|     |_|   /_/ \_\ |___/ |___/ |___| |___/ 

TC45 - Add new product with only space on price payload
----------------------------------------------------------------------
]]></system-out>
  </testcase>
  <testcase name="TC48 - Add new product with body parameter is empty" classname="[05_Automation] - Product" time="0.093">
    <system-out><![CDATA[
Scenario: TC48 - Add new product with body parameter is empty                              &amp#27;[90m# src/test/resources/Products.feature:58&amp#27;[0m
04:37:30.802 [main] INFO io.cucumber.core.plugin.SerenityReporter -- Running feature from file:///D:/TaksAlterra/MiniProject/MiniProject_API/src/test/resources/Products.feature
04:37:30.802 [main] WARN io.cucumber.core.plugin.SerenityReporter -- Feature from file:///D:/TaksAlterra/MiniProject/MiniProject_API/src/test/resources/Products.feature is not under the 'features' directory. Requirements report will not be correctly generated!
04:37:30.803 [main] INFO  -- 
  _____   ___   ___   _____     ___   _____     _     ___   _____   ___   ___  
 |_   _| | __| / __| |_   _|   / __| |_   _|   /_\   | _ \ |_   _| | __| |   \ 
   | |   | _|  \__ \   | |     \__ \   | |    / _ \  |   /   | |   | _|  | |) |
   |_|   |___| |___/   |_|     |___/   |_|   /_/ \_\ |_|_\   |_|   |___| |___/ 

TC48 - Add new product with body parameter is empty([05-automation]---product;tc48---add-new-product-with-body-parameter-is-empty)
--------------------------------------------------------------------------------
04:37:30.806 [main] DEBUG net.thucydides.core.steps.StepInterceptor -- STARTING STEP: ProductsSteps.postAddNewProductsEndpoints10 - I POST add new products endpoints 10
04:37:30.806 [main] DEBUG net.thucydides.core.steps.StepInterceptor -- STEP DONE: I POST add new products endpoints 10
  &amp#27;[32mGiven &amp#27;[0m&amp#27;[32mI POST add new products endpoints 10&amp#27;[0m                                               &amp#27;[90m# starter.stepdefinition.ProductsSteps.postAddNewProductsEndpoints10()&amp#27;[0m
04:37:30.808 [main] DEBUG net.thucydides.core.steps.StepInterceptor -- STARTING STEP: ProductsSteps.postHTTPRequestForAddNewProductsWithBodyParameterIsEmpty - I POST HTTP request for add new products with body parameter is empty
04:37:30.808 [main] DEBUG net.thucydides.core.steps.StepInterceptor -- STARTING STEP: Products.postHTTPRequestForAddNewProductsWithBodyParameterIsEmpty - I POST add new products endpoints 10
04:37:30.808 [main] DEBUG net.thucydides.core.steps.StepInterceptor -- STEP DONE: I POST add new products endpoints 10
04:37:30.811 [main] DEBUG org.apache.http.impl.conn.BasicClientConnectionManager -- Get connection for route {s}->https://altashop-api.fly.dev:443
04:37:30.811 [main] DEBUG org.apache.http.impl.conn.DefaultClientConnectionOperator -- Connecting to altashop-api.fly.dev:443
04:37:30.861 [Finalizer] DEBUG org.apache.http.impl.conn.DefaultClientConnection -- Connection 0.0.0.0:54399<->149.248.193.56:443 closed
04:37:30.861 [Finalizer] DEBUG org.apache.http.impl.conn.DefaultClientConnection -- Connection 0.0.0.0:54398<->149.248.193.56:443 closed
04:37:30.862 [Finalizer] DEBUG org.apache.http.impl.conn.DefaultClientConnection -- Connection 0.0.0.0:54397<->149.248.193.56:443 closed
04:37:30.862 [Finalizer] DEBUG org.apache.http.impl.conn.DefaultClientConnection -- Connection 0.0.0.0:54396<->149.248.193.56:443 closed
04:37:30.862 [Finalizer] DEBUG org.apache.http.impl.conn.DefaultClientConnection -- Connection 0.0.0.0:54395<->149.248.193.56:443 closed
04:37:30.862 [Finalizer] DEBUG org.apache.http.impl.conn.DefaultClientConnection -- Connection 0.0.0.0:54401<->149.248.193.56:443 closed
04:37:30.863 [Finalizer] DEBUG org.apache.http.impl.conn.DefaultClientConnection -- Connection 0.0.0.0:54400<->149.248.193.56:443 closed
04:37:30.864 [main] DEBUG org.apache.http.client.protocol.RequestAddCookies -- CookieSpec selected: ignoreCookies
04:37:30.864 [main] DEBUG org.apache.http.client.protocol.RequestAuthCache -- Auth cache not set in the context
04:37:30.864 [main] DEBUG org.apache.http.client.protocol.RequestTargetAuthentication -- Target auth state: UNCHALLENGED
04:37:30.864 [main] DEBUG org.apache.http.client.protocol.RequestProxyAuthentication -- Proxy auth state: UNCHALLENGED
04:37:30.864 [main] DEBUG org.apache.http.impl.client.DefaultHttpClient -- Attempt 1 to execute request
04:37:30.864 [main] DEBUG org.apache.http.impl.conn.DefaultClientConnection -- Sending request: POST /api/products HTTP/1.1
04:37:30.864 [main] DEBUG org.apache.http.wire --  >> "POST /api/products HTTP/1.1[\r][\n]"
04:37:30.864 [main] DEBUG org.apache.http.wire --  >> "Accept: */*[\r][\n]"
04:37:30.864 [main] DEBUG org.apache.http.wire --  >> "Content-Type: application/json[\r][\n]"
04:37:30.864 [main] DEBUG org.apache.http.wire --  >> "Content-Length: 56[\r][\n]"
04:37:30.864 [main] DEBUG org.apache.http.wire --  >> "Host: altashop-api.fly.dev[\r][\n]"
04:37:30.864 [main] DEBUG org.apache.http.wire --  >> "Connection: Keep-Alive[\r][\n]"
04:37:30.864 [main] DEBUG org.apache.http.wire --  >> "User-Agent: Apache-HttpClient/4.5.13 (Java/17.0.8)[\r][\n]"
04:37:30.864 [main] DEBUG org.apache.http.wire --  >> "Accept-Encoding: gzip,deflate[\r][\n]"
04:37:30.864 [main] DEBUG org.apache.http.wire --  >> "[\r][\n]"
04:37:30.864 [main] DEBUG org.apache.http.headers -- >> POST /api/products HTTP/1.1
04:37:30.864 [main] DEBUG org.apache.http.headers -- >> Accept: */*
04:37:30.864 [main] DEBUG org.apache.http.headers -- >> Content-Type: application/json
04:37:30.864 [main] DEBUG org.apache.http.headers -- >> Content-Length: 56
04:37:30.864 [main] DEBUG org.apache.http.headers -- >> Host: altashop-api.fly.dev
04:37:30.864 [main] DEBUG org.apache.http.headers -- >> Connection: Keep-Alive
04:37:30.864 [main] DEBUG org.apache.http.headers -- >> User-Agent: Apache-HttpClient/4.5.13 (Java/17.0.8)
04:37:30.864 [main] DEBUG org.apache.http.headers -- >> Accept-Encoding: gzip,deflate
04:37:30.864 [main] DEBUG org.apache.http.wire --  >> "{"price":"","name":"","description":"","categories":[1]}"
04:37:30.888 [main] DEBUG org.apache.http.wire --  << "HTTP/1.1 400 Bad Request[\r][\n]"
04:37:30.888 [main] DEBUG org.apache.http.wire --  << "content-type: application/json[\r][\n]"
04:37:30.888 [main] DEBUG org.apache.http.wire --  << "date: Mon, 30 Oct 2023 21:37:32 GMT[\r][\n]"
04:37:30.888 [main] DEBUG org.apache.http.wire --  << "content-encoding: gzip[\r][\n]"
04:37:30.888 [main] DEBUG org.apache.http.wire --  << "transfer-encoding: chunked[\r][\n]"
04:37:30.888 [main] DEBUG org.apache.http.wire --  << "server: Fly/7328d5b5 (2023-10-27)[\r][\n]"
04:37:30.888 [main] DEBUG org.apache.http.wire --  << "via: 1.1 fly.io[\r][\n]"
04:37:30.888 [main] DEBUG org.apache.http.wire --  << "fly-request-id: 01HE18AFRDY9XBZ9YMPT340JEG-sin[\r][\n]"
04:37:30.888 [main] DEBUG org.apache.http.wire --  << "[\r][\n]"
04:37:30.888 [main] DEBUG org.apache.http.impl.conn.DefaultClientConnection -- Receiving response: HTTP/1.1 400 Bad Request
04:37:30.888 [main] DEBUG org.apache.http.headers -- << HTTP/1.1 400 Bad Request
04:37:30.888 [main] DEBUG org.apache.http.headers -- << content-type: application/json
04:37:30.888 [main] DEBUG org.apache.http.headers -- << date: Mon, 30 Oct 2023 21:37:32 GMT
04:37:30.888 [main] DEBUG org.apache.http.headers -- << content-encoding: gzip
04:37:30.888 [main] DEBUG org.apache.http.headers -- << transfer-encoding: chunked
04:37:30.888 [main] DEBUG org.apache.http.headers -- << server: Fly/7328d5b5 (2023-10-27)
04:37:30.888 [main] DEBUG org.apache.http.headers -- << via: 1.1 fly.io
04:37:30.888 [main] DEBUG org.apache.http.headers -- << fly-request-id: 01HE18AFRDY9XBZ9YMPT340JEG-sin
04:37:30.888 [main] DEBUG org.apache.http.impl.client.DefaultHttpClient -- Connection can be kept alive indefinitely
04:37:30.888 [main] DEBUG io.restassured.internal.RestAssuredHttpBuilder -- Parsing response as: application/json
04:37:30.888 [main] DEBUG org.apache.http.wire --  << "71[\r][\n]"
04:37:30.888 [main] DEBUG org.apache.http.wire --  << "[0x1f][0x8b][0x8][0x0][0x0][0x0][0x0][0x0][0x4][0xff][0xab]VJ-*[0xca]/R[0xb2]R[0xca]*[0xce][0xcf][0xb3]RHN[0xcc][0xcb][0xcb]/Q([0xcd][0xcb]M,*[0xce]H[0xcc]Q(.)[0xca][0xcc]KW[0xc8][0xcc]+[0xc9]Wp[0xcf][0x7]qK[0x93]K[0x14][0xd2]2SsR[0x14][0x2][0x8a][0xf2]SJ[0x93]K[0x9c][0x8b]R[0x13]KR[0xf5][\n]"
04:37:30.888 [main] DEBUG org.apache.http.wire --  << "[0x8a]2[0x93]S[0x15][0xf2][0xd3][0x14]J*[0xb]R[0x15]J3[0xf3]J[0x94]j[0xb9][0x0][0xd2][0x2]#[0xd6]`[0x0][0x0][0x0]"
04:37:30.888 [main] DEBUG org.apache.http.wire --  << "[\r][\n]"
04:37:30.888 [main] DEBUG org.apache.http.wire --  << "0[\r][\n]"
04:37:30.888 [main] DEBUG org.apache.http.wire --  << "[\r][\n]"
04:37:30.888 [main] DEBUG io.restassured.internal.RestAssuredHttpBuilder -- Parsed data to instance of: class org.apache.http.conn.EofSensorInputStream
04:37:30.889 [main] DEBUG org.apache.http.impl.conn.BasicClientConnectionManager -- Releasing connection org.apache.http.impl.conn.ManagedClientConnectionImpl@54c2cfc9
04:37:30.889 [main] DEBUG org.apache.http.impl.conn.BasicClientConnectionManager -- Connection can be kept alive indefinitely
04:37:30.889 [main] DEBUG net.thucydides.core.steps.StepInterceptor -- STEP DONE: I POST HTTP request for add new products with body parameter is empty
  &amp#27;[32mWhen &amp#27;[0m&amp#27;[32mI POST HTTP request for add new products with body parameter is empty&amp#27;[0m               &amp#27;[90m# starter.stepdefinition.ProductsSteps.postHTTPRequestForAddNewProductsWithBodyParameterIsEmpty()&amp#27;[0m
04:37:30.890 [main] DEBUG net.thucydides.core.steps.StepInterceptor -- STARTING STEP: ProductsSteps.receiveResponseCode400ForAddNewProductsWithBodyParameterIsEmpty - I receive valid HTTP response 400 for add new products with body parameter is empty
04:37:30.891 [main] DEBUG net.thucydides.core.steps.StepInterceptor -- STEP DONE: I receive valid HTTP response 400 for add new products with body parameter is empty
  &amp#27;[32mThen &amp#27;[0m&amp#27;[32mI receive valid HTTP response 400 for add new products with body parameter is empty&amp#27;[0m &amp#27;[90m# starter.stepdefinition.ProductsSteps.receiveResponseCode400ForAddNewProductsWithBodyParameterIsEmpty()&amp#27;[0m
04:37:30.891 [main] INFO  -- 
  _____   ___   ___   _____     ___     _     ___   ___   ___   ___  
 |_   _| | __| / __| |_   _|   | _ \   /_\   / __| / __| | __| |   \ 
   | |   | _|  \__ \   | |     |  _/  / _ \  \__ \ \__ \ | _|  | |) |
   |_|   |___| |___/   |_|     |_|   /_/ \_\ |___/ |___/ |___| |___/ 

TC48 - Add new product with body parameter is empty
----------------------------------------------------------------------
]]></system-out>
  </testcase>
  <testcase name="TC49 - Add new products with invalid HTTP method" classname="[05_Automation] - Product" time="0.09">
    <system-out><![CDATA[
Scenario: TC49 - Add new products with invalid HTTP method                                 &amp#27;[90m# src/test/resources/Products.feature:63&amp#27;[0m
04:37:30.895 [main] INFO io.cucumber.core.plugin.SerenityReporter -- Running feature from file:///D:/TaksAlterra/MiniProject/MiniProject_API/src/test/resources/Products.feature
04:37:30.895 [main] WARN io.cucumber.core.plugin.SerenityReporter -- Feature from file:///D:/TaksAlterra/MiniProject/MiniProject_API/src/test/resources/Products.feature is not under the 'features' directory. Requirements report will not be correctly generated!
04:37:30.896 [main] INFO  -- 
  _____   ___   ___   _____     ___   _____     _     ___   _____   ___   ___  
 |_   _| | __| / __| |_   _|   / __| |_   _|   /_\   | _ \ |_   _| | __| |   \ 
   | |   | _|  \__ \   | |     \__ \   | |    / _ \  |   /   | |   | _|  | |) |
   |_|   |___| |___/   |_|     |___/   |_|   /_/ \_\ |_|_\   |_|   |___| |___/ 

TC49 - Add new products with invalid HTTP method([05-automation]---product;tc49---add-new-products-with-invalid-http-method)
--------------------------------------------------------------------------------
04:37:30.900 [main] DEBUG net.thucydides.core.steps.StepInterceptor -- STARTING STEP: ProductsSteps.putAddNewProductsEndpoints - I PUT add new products endpoints
04:37:30.900 [main] DEBUG net.thucydides.core.steps.StepInterceptor -- STEP DONE: I PUT add new products endpoints
  &amp#27;[32mGiven &amp#27;[0m&amp#27;[32mI PUT add new products endpoints&amp#27;[0m                                                   &amp#27;[90m# starter.stepdefinition.ProductsSteps.putAddNewProductsEndpoints()&amp#27;[0m
04:37:30.901 [main] DEBUG net.thucydides.core.steps.StepInterceptor -- STARTING STEP: ProductsSteps.sendRequestForAddNewProductsWithInvalidHTTPMethod - I send request for add new products with invalid HTTP method
04:37:30.902 [main] DEBUG net.thucydides.core.steps.StepInterceptor -- STARTING STEP: Products.sendRequestForAddNewProductsWithInvalidHTTPMethod - I PUT add new products endpoints
04:37:30.902 [main] DEBUG net.thucydides.core.steps.StepInterceptor -- STEP DONE: I PUT add new products endpoints
04:37:30.905 [main] DEBUG org.apache.http.impl.conn.BasicClientConnectionManager -- Get connection for route {s}->https://altashop-api.fly.dev:443
04:37:30.905 [main] DEBUG org.apache.http.impl.conn.DefaultClientConnectionOperator -- Connecting to altashop-api.fly.dev:443
04:37:30.954 [main] DEBUG org.apache.http.client.protocol.RequestAddCookies -- CookieSpec selected: ignoreCookies
04:37:30.954 [main] DEBUG org.apache.http.client.protocol.RequestAuthCache -- Auth cache not set in the context
04:37:30.954 [main] DEBUG org.apache.http.client.protocol.RequestTargetAuthentication -- Target auth state: UNCHALLENGED
04:37:30.954 [main] DEBUG org.apache.http.client.protocol.RequestProxyAuthentication -- Proxy auth state: UNCHALLENGED
04:37:30.954 [main] DEBUG org.apache.http.impl.client.DefaultHttpClient -- Attempt 1 to execute request
04:37:30.954 [main] DEBUG org.apache.http.impl.conn.DefaultClientConnection -- Sending request: PUT /api/products HTTP/1.1
04:37:30.954 [main] DEBUG org.apache.http.wire --  >> "PUT /api/products HTTP/1.1[\r][\n]"
04:37:30.954 [main] DEBUG org.apache.http.wire --  >> "Accept: */*[\r][\n]"
04:37:30.954 [main] DEBUG org.apache.http.wire --  >> "Content-Type: application/json[\r][\n]"
04:37:30.954 [main] DEBUG org.apache.http.wire --  >> "Content-Length: 83[\r][\n]"
04:37:30.954 [main] DEBUG org.apache.http.wire --  >> "Host: altashop-api.fly.dev[\r][\n]"
04:37:30.954 [main] DEBUG org.apache.http.wire --  >> "Connection: Keep-Alive[\r][\n]"
04:37:30.954 [main] DEBUG org.apache.http.wire --  >> "User-Agent: Apache-HttpClient/4.5.13 (Java/17.0.8)[\r][\n]"
04:37:30.954 [main] DEBUG org.apache.http.wire --  >> "Accept-Encoding: gzip,deflate[\r][\n]"
04:37:30.954 [main] DEBUG org.apache.http.wire --  >> "[\r][\n]"
04:37:30.954 [main] DEBUG org.apache.http.headers -- >> PUT /api/products HTTP/1.1
04:37:30.954 [main] DEBUG org.apache.http.headers -- >> Accept: */*
04:37:30.954 [main] DEBUG org.apache.http.headers -- >> Content-Type: application/json
04:37:30.954 [main] DEBUG org.apache.http.headers -- >> Content-Length: 83
04:37:30.954 [main] DEBUG org.apache.http.headers -- >> Host: altashop-api.fly.dev
04:37:30.954 [main] DEBUG org.apache.http.headers -- >> Connection: Keep-Alive
04:37:30.954 [main] DEBUG org.apache.http.headers -- >> User-Agent: Apache-HttpClient/4.5.13 (Java/17.0.8)
04:37:30.954 [main] DEBUG org.apache.http.headers -- >> Accept-Encoding: gzip,deflate
04:37:30.954 [main] DEBUG org.apache.http.wire --  >> "{"price":299,"name":"Sony PS5","description":"play has no limits","categories":[1]}"
04:37:30.977 [main] DEBUG org.apache.http.wire --  << "HTTP/1.1 405 Method Not Allowed[\r][\n]"
04:37:30.977 [main] DEBUG org.apache.http.wire --  << "date: Mon, 30 Oct 2023 21:37:32 GMT[\r][\n]"
04:37:30.977 [main] DEBUG org.apache.http.wire --  << "content-encoding: gzip[\r][\n]"
04:37:30.977 [main] DEBUG org.apache.http.wire --  << "content-type: text/plain; charset=utf-8[\r][\n]"
04:37:30.977 [main] DEBUG org.apache.http.wire --  << "transfer-encoding: chunked[\r][\n]"
04:37:30.977 [main] DEBUG org.apache.http.wire --  << "server: Fly/7328d5b5 (2023-10-27)[\r][\n]"
04:37:30.977 [main] DEBUG org.apache.http.wire --  << "via: 1.1 fly.io[\r][\n]"
04:37:30.977 [main] DEBUG org.apache.http.wire --  << "fly-request-id: 01HE18AFV6KB4M8JRSSCQRY7WJ-sin[\r][\n]"
04:37:30.977 [main] DEBUG org.apache.http.wire --  << "[\r][\n]"
04:37:30.977 [main] DEBUG org.apache.http.impl.conn.DefaultClientConnection -- Receiving response: HTTP/1.1 405 Method Not Allowed
04:37:30.977 [main] DEBUG org.apache.http.headers -- << HTTP/1.1 405 Method Not Allowed
04:37:30.977 [main] DEBUG org.apache.http.headers -- << date: Mon, 30 Oct 2023 21:37:32 GMT
04:37:30.977 [main] DEBUG org.apache.http.headers -- << content-encoding: gzip
04:37:30.977 [main] DEBUG org.apache.http.headers -- << content-type: text/plain; charset=utf-8
04:37:30.977 [main] DEBUG org.apache.http.headers -- << transfer-encoding: chunked
04:37:30.977 [main] DEBUG org.apache.http.headers -- << server: Fly/7328d5b5 (2023-10-27)
04:37:30.977 [main] DEBUG org.apache.http.headers -- << via: 1.1 fly.io
04:37:30.977 [main] DEBUG org.apache.http.headers -- << fly-request-id: 01HE18AFV6KB4M8JRSSCQRY7WJ-sin
04:37:30.977 [main] DEBUG org.apache.http.impl.client.DefaultHttpClient -- Connection can be kept alive indefinitely
04:37:30.977 [main] DEBUG io.restassured.internal.RestAssuredHttpBuilder -- Parsing response as: text/plain; charset=utf-8
04:37:30.977 [main] DEBUG org.apache.http.wire --  << "27[\r][\n]"
04:37:30.977 [main] DEBUG org.apache.http.wire --  << "[0x1f][0x8b][0x8][0x0][0x0][0x0][0x0][0x0][0x4][0xff][0xcb]M-[0xc9][0xc8]OQ[0xc8][0xcb]/QH[0xcc][0xc9][0xc9]/OM[0xe1][0x2][0x0][0xe5]Yf[0xfa][0x13][0x0][0x0][0x0]"
04:37:30.977 [main] DEBUG org.apache.http.wire --  << "[\r][\n]"
04:37:30.977 [main] DEBUG org.apache.http.wire --  << "0[\r][\n]"
04:37:30.977 [main] DEBUG org.apache.http.wire --  << "[\r][\n]"
04:37:30.977 [main] DEBUG io.restassured.internal.RestAssuredHttpBuilder -- Parsed data to instance of: class org.apache.http.conn.EofSensorInputStream
04:37:30.978 [main] DEBUG org.apache.http.impl.conn.BasicClientConnectionManager -- Releasing connection org.apache.http.impl.conn.ManagedClientConnectionImpl@2b9bacb8
04:37:30.978 [main] DEBUG org.apache.http.impl.conn.BasicClientConnectionManager -- Connection can be kept alive indefinitely
04:37:30.978 [main] DEBUG net.thucydides.core.steps.StepInterceptor -- STEP DONE: I send request for add new products with invalid HTTP method
  &amp#27;[32mWhen &amp#27;[0m&amp#27;[32mI send request for add new products with invalid HTTP method&amp#27;[0m                        &amp#27;[90m# starter.stepdefinition.ProductsSteps.sendRequestForAddNewProductsWithInvalidHTTPMethod()&amp#27;[0m
04:37:30.980 [main] DEBUG net.thucydides.core.steps.StepInterceptor -- STARTING STEP: ProductsSteps.receiveResponseCode405ForAddNewProductsWithInvalidHTTPMethod - I receive valid HTTP response 405 for for add new products with invalid HTTP method
04:37:30.981 [main] DEBUG net.thucydides.core.steps.StepInterceptor -- STEP DONE: I receive valid HTTP response 405 for for add new products with invalid HTTP method
  &amp#27;[32mThen &amp#27;[0m&amp#27;[32mI receive valid HTTP response 405 for for add new products with invalid HTTP method&amp#27;[0m &amp#27;[90m# starter.stepdefinition.ProductsSteps.receiveResponseCode405ForAddNewProductsWithInvalidHTTPMethod()&amp#27;[0m
04:37:30.982 [main] INFO  -- 
  _____   ___   ___   _____     ___     _     ___   ___   ___   ___  
 |_   _| | __| / __| |_   _|   | _ \   /_\   / __| / __| | __| |   \ 
   | |   | _|  \__ \   | |     |  _/  / _ \  \__ \ \__ \ | _|  | |) |
   |_|   |___| |___/   |_|     |_|   /_/ \_\ |___/ |___/ |___| |___/ 

TC49 - Add new products with invalid HTTP method
----------------------------------------------------------------------
]]></system-out>
  </testcase>
  <testcase name="TC50 - Get products by ID" classname="[05_Automation] - Product" time="0.098">
    <system-out><![CDATA[
Scenario: TC50 - Get products by ID                             &amp#27;[90m# src/test/resources/Products.feature:68&amp#27;[0m
04:37:30.985 [main] INFO io.cucumber.core.plugin.SerenityReporter -- Running feature from file:///D:/TaksAlterra/MiniProject/MiniProject_API/src/test/resources/Products.feature
04:37:30.985 [main] WARN io.cucumber.core.plugin.SerenityReporter -- Feature from file:///D:/TaksAlterra/MiniProject/MiniProject_API/src/test/resources/Products.feature is not under the 'features' directory. Requirements report will not be correctly generated!
04:37:30.986 [main] INFO  -- 
  _____   ___   ___   _____     ___   _____     _     ___   _____   ___   ___  
 |_   _| | __| / __| |_   _|   / __| |_   _|   /_\   | _ \ |_   _| | __| |   \ 
   | |   | _|  \__ \   | |     \__ \   | |    / _ \  |   /   | |   | _|  | |) |
   |_|   |___| |___/   |_|     |___/   |_|   /_/ \_\ |_|_\   |_|   |___| |___/ 

TC50 - Get products by ID([05-automation]---product;tc50---get-products-by-id)
--------------------------------------------------------------------------------
04:37:30.989 [main] DEBUG net.thucydides.core.steps.StepInterceptor -- STARTING STEP: ProductsSteps.getProductsEndpointsByID - I GET products endpoints by ID
04:37:30.989 [main] DEBUG net.thucydides.core.steps.StepInterceptor -- STEP DONE: I GET products endpoints by ID
  &amp#27;[32mGiven &amp#27;[0m&amp#27;[32mI GET products endpoints by ID&amp#27;[0m                          &amp#27;[90m# starter.stepdefinition.ProductsSteps.getProductsEndpointsByID()&amp#27;[0m
04:37:30.990 [main] DEBUG net.thucydides.core.steps.StepInterceptor -- STARTING STEP: ProductsSteps.getHTTPRequestForProductsWithValidID - I GET HTTP request for products with valid ID
04:37:30.990 [main] DEBUG net.thucydides.core.steps.StepInterceptor -- STARTING STEP: Products.getHTTPRequestForProductsWithValidID - I GET products endpoints by ID
04:37:30.990 [main] DEBUG net.thucydides.core.steps.StepInterceptor -- STEP DONE: I GET products endpoints by ID
04:37:30.994 [main] DEBUG org.apache.http.impl.conn.BasicClientConnectionManager -- Get connection for route {s}->https://altashop-api.fly.dev:443
04:37:30.994 [main] DEBUG org.apache.http.impl.conn.DefaultClientConnectionOperator -- Connecting to altashop-api.fly.dev:443
04:37:31.041 [main] DEBUG org.apache.http.client.protocol.RequestAddCookies -- CookieSpec selected: ignoreCookies
04:37:31.042 [main] DEBUG org.apache.http.client.protocol.RequestAuthCache -- Auth cache not set in the context
04:37:31.042 [main] DEBUG org.apache.http.client.protocol.RequestTargetAuthentication -- Target auth state: UNCHALLENGED
04:37:31.042 [main] DEBUG org.apache.http.client.protocol.RequestProxyAuthentication -- Proxy auth state: UNCHALLENGED
04:37:31.042 [main] DEBUG org.apache.http.impl.client.DefaultHttpClient -- Attempt 1 to execute request
04:37:31.042 [main] DEBUG org.apache.http.impl.conn.DefaultClientConnection -- Sending request: GET /api/products/85536 HTTP/1.1
04:37:31.042 [main] DEBUG org.apache.http.wire --  >> "GET /api/products/85536 HTTP/1.1[\r][\n]"
04:37:31.042 [main] DEBUG org.apache.http.wire --  >> "Accept: */*[\r][\n]"
04:37:31.042 [main] DEBUG org.apache.http.wire --  >> "Host: altashop-api.fly.dev[\r][\n]"
04:37:31.042 [main] DEBUG org.apache.http.wire --  >> "Connection: Keep-Alive[\r][\n]"
04:37:31.042 [main] DEBUG org.apache.http.wire --  >> "User-Agent: Apache-HttpClient/4.5.13 (Java/17.0.8)[\r][\n]"
04:37:31.042 [main] DEBUG org.apache.http.wire --  >> "Accept-Encoding: gzip,deflate[\r][\n]"
04:37:31.042 [main] DEBUG org.apache.http.wire --  >> "[\r][\n]"
04:37:31.042 [main] DEBUG org.apache.http.headers -- >> GET /api/products/85536 HTTP/1.1
04:37:31.042 [main] DEBUG org.apache.http.headers -- >> Accept: */*
04:37:31.042 [main] DEBUG org.apache.http.headers -- >> Host: altashop-api.fly.dev
04:37:31.042 [main] DEBUG org.apache.http.headers -- >> Connection: Keep-Alive
04:37:31.042 [main] DEBUG org.apache.http.headers -- >> User-Agent: Apache-HttpClient/4.5.13 (Java/17.0.8)
04:37:31.042 [main] DEBUG org.apache.http.headers -- >> Accept-Encoding: gzip,deflate
04:37:31.074 [main] DEBUG org.apache.http.wire --  << "HTTP/1.1 200 OK[\r][\n]"
04:37:31.074 [main] DEBUG org.apache.http.wire --  << "content-type: application/json[\r][\n]"
04:37:31.074 [main] DEBUG org.apache.http.wire --  << "date: Mon, 30 Oct 2023 21:37:32 GMT[\r][\n]"
04:37:31.074 [main] DEBUG org.apache.http.wire --  << "content-encoding: gzip[\r][\n]"
04:37:31.074 [main] DEBUG org.apache.http.wire --  << "transfer-encoding: chunked[\r][\n]"
04:37:31.074 [main] DEBUG org.apache.http.wire --  << "server: Fly/7328d5b5 (2023-10-27)[\r][\n]"
04:37:31.074 [main] DEBUG org.apache.http.wire --  << "via: 1.1 fly.io[\r][\n]"
04:37:31.074 [main] DEBUG org.apache.http.wire --  << "fly-request-id: 01HE18AFXZNC52MTXSH4ZHNESK-sin[\r][\n]"
04:37:31.074 [main] DEBUG org.apache.http.wire --  << "[\r][\n]"
04:37:31.074 [main] DEBUG org.apache.http.impl.conn.DefaultClientConnection -- Receiving response: HTTP/1.1 200 OK
04:37:31.074 [main] DEBUG org.apache.http.headers -- << HTTP/1.1 200 OK
04:37:31.074 [main] DEBUG org.apache.http.headers -- << content-type: application/json
04:37:31.074 [main] DEBUG org.apache.http.headers -- << date: Mon, 30 Oct 2023 21:37:32 GMT
04:37:31.074 [main] DEBUG org.apache.http.headers -- << content-encoding: gzip
04:37:31.074 [main] DEBUG org.apache.http.headers -- << transfer-encoding: chunked
04:37:31.074 [main] DEBUG org.apache.http.headers -- << server: Fly/7328d5b5 (2023-10-27)
04:37:31.074 [main] DEBUG org.apache.http.headers -- << via: 1.1 fly.io
04:37:31.074 [main] DEBUG org.apache.http.headers -- << fly-request-id: 01HE18AFXZNC52MTXSH4ZHNESK-sin
04:37:31.074 [main] DEBUG org.apache.http.impl.client.DefaultHttpClient -- Connection can be kept alive indefinitely
04:37:31.074 [main] DEBUG io.restassured.internal.RestAssuredHttpBuilder -- Parsing response as: application/json
04:37:31.074 [main] DEBUG org.apache.http.wire --  << "8D[\r][\n]"
04:37:31.074 [main] DEBUG org.apache.http.wire --  << "[0x1f][0x8b][0x8][0x0][0x0][0x0][0x0][0x0][0x4][0xff][0xab]VJI,IT[0xb2][0xaa]V[0xf2]tQ[0xb2][0xb2]0556[0xd3]Q[0xf2]K[0xcc]MU[0xb2]R[\n]"
04:37:31.074 [main] DEBUG org.apache.http.wire --  << "r[0x8c]r[\r]R[0xd2]QrI-N.[0xca],([0xc9][0xcc][0xcf]S[0xb2]RrrU[0x8][0xf1]pU[0x8][0xf0][0xf7][0xc][0xf6][0xf4][0xf7]S[0xf0][0xf7]S[0x88][0xf4][0xf][\r]R[0x8]qu[0xf4]U[0xd2]Q[\n]"
04:37:31.074 [main] DEBUG org.apache.http.wire --  << "([0xca]LNU[0xb2]260[0xd0]Q[\n]"
04:37:31.074 [main] DEBUG org.apache.http.wire --  << "J,[0xc9][0xcc]K/V[0xb2]2[0xd6]QrN,IM[0xcf]/[0xca]L-V[0xb2][0x8a][0x8e][0xad][0xad][0xe5][0x2][0x0][0x92][0x17][0xfb][0xdb]y[0x0][0x0][0x0]"
04:37:31.074 [main] DEBUG org.apache.http.wire --  << "[\r][\n]"
04:37:31.076 [main] DEBUG org.apache.http.wire --  << "0[\r][\n]"
04:37:31.076 [main] DEBUG org.apache.http.wire --  << "[\r][\n]"
04:37:31.076 [main] DEBUG io.restassured.internal.RestAssuredHttpBuilder -- Parsed data to instance of: class org.apache.http.conn.EofSensorInputStream
04:37:31.077 [main] DEBUG org.apache.http.impl.conn.BasicClientConnectionManager -- Releasing connection org.apache.http.impl.conn.ManagedClientConnectionImpl@70b037ac
04:37:31.077 [main] DEBUG org.apache.http.impl.conn.BasicClientConnectionManager -- Connection can be kept alive indefinitely
04:37:31.077 [main] DEBUG net.thucydides.core.steps.StepInterceptor -- STEP DONE: I GET HTTP request for products with valid ID
  &amp#27;[32mWhen &amp#27;[0m&amp#27;[32mI GET HTTP request for products with valid ID&amp#27;[0m            &amp#27;[90m# starter.stepdefinition.ProductsSteps.getHTTPRequestForProductsWithValidID()&amp#27;[0m
04:37:31.078 [main] DEBUG net.thucydides.core.steps.StepInterceptor -- STARTING STEP: ProductsSteps.receiveResponseCode200ForProductsWithValidID - I receive valid HTTP response 200 for get products by ID
04:37:31.079 [main] DEBUG net.thucydides.core.steps.StepInterceptor -- STEP DONE: I receive valid HTTP response 200 for get products by ID
  &amp#27;[32mThen &amp#27;[0m&amp#27;[32mI receive valid HTTP response 200 for get products by ID&amp#27;[0m &amp#27;[90m# starter.stepdefinition.ProductsSteps.receiveResponseCode200ForProductsWithValidID()&amp#27;[0m
04:37:31.079 [main] INFO  -- 
  _____   ___   ___   _____     ___     _     ___   ___   ___   ___  
 |_   _| | __| / __| |_   _|   | _ \   /_\   / __| / __| | __| |   \ 
   | |   | _|  \__ \   | |     |  _/  / _ \  \__ \ \__ \ | _|  | |) |
   |_|   |___| |___/   |_|     |_|   /_/ \_\ |___/ |___/ |___| |___/ 

TC50 - Get products by ID
----------------------------------------------------------------------
]]></system-out>
  </testcase>
  <testcase name="TC51 - Get product using invalid ID with character symbols" classname="[05_Automation] - Product" time="0.092">
    <system-out><![CDATA[
Scenario: TC51 - Get product using invalid ID with character symbols                              &amp#27;[90m# src/test/resources/Products.feature:73&amp#27;[0m
04:37:31.083 [main] INFO io.cucumber.core.plugin.SerenityReporter -- Running feature from file:///D:/TaksAlterra/MiniProject/MiniProject_API/src/test/resources/Products.feature
04:37:31.083 [main] WARN io.cucumber.core.plugin.SerenityReporter -- Feature from file:///D:/TaksAlterra/MiniProject/MiniProject_API/src/test/resources/Products.feature is not under the 'features' directory. Requirements report will not be correctly generated!
04:37:31.084 [main] INFO  -- 
  _____   ___   ___   _____     ___   _____     _     ___   _____   ___   ___  
 |_   _| | __| / __| |_   _|   / __| |_   _|   /_\   | _ \ |_   _| | __| |   \ 
   | |   | _|  \__ \   | |     \__ \   | |    / _ \  |   /   | |   | _|  | |) |
   |_|   |___| |___/   |_|     |___/   |_|   /_/ \_\ |_|_\   |_|   |___| |___/ 

TC51 - Get product using invalid ID with character symbols([05-automation]---product;tc51---get-product-using-invalid-id-with-character-symbols)
--------------------------------------------------------------------------------
04:37:31.086 [main] DEBUG net.thucydides.core.steps.StepInterceptor -- STARTING STEP: ProductsSteps.getProductsEndpointsByID2 - I GET products endpoints by ID 2
04:37:31.087 [main] DEBUG net.thucydides.core.steps.StepInterceptor -- STEP DONE: I GET products endpoints by ID 2
  &amp#27;[32mGiven &amp#27;[0m&amp#27;[32mI GET products endpoints by ID 2&amp#27;[0m                                                          &amp#27;[90m# starter.stepdefinition.ProductsSteps.getProductsEndpointsByID2()&amp#27;[0m
04:37:31.088 [main] DEBUG net.thucydides.core.steps.StepInterceptor -- STARTING STEP: ProductsSteps.getHTTPRequestsForProductsUsingInvalidIDWithCharacterSysmbols - I GET HTTP request for products using invalid ID with character symbols
04:37:31.088 [main] DEBUG net.thucydides.core.steps.StepInterceptor -- STARTING STEP: Products.getHTTPRequestsForProductsUsingInvalidIDWithCharacterSysmbols - I GET products endpoints by ID 2
04:37:31.088 [main] DEBUG net.thucydides.core.steps.StepInterceptor -- STEP DONE: I GET products endpoints by ID 2
04:37:31.091 [main] DEBUG org.apache.http.impl.conn.BasicClientConnectionManager -- Get connection for route {s}->https://altashop-api.fly.dev:443
04:37:31.091 [main] DEBUG org.apache.http.impl.conn.DefaultClientConnectionOperator -- Connecting to altashop-api.fly.dev:443
04:37:31.142 [main] DEBUG org.apache.http.client.protocol.RequestAddCookies -- CookieSpec selected: ignoreCookies
04:37:31.142 [main] DEBUG org.apache.http.client.protocol.RequestAuthCache -- Auth cache not set in the context
04:37:31.142 [main] DEBUG org.apache.http.client.protocol.RequestTargetAuthentication -- Target auth state: UNCHALLENGED
04:37:31.142 [main] DEBUG org.apache.http.client.protocol.RequestProxyAuthentication -- Proxy auth state: UNCHALLENGED
04:37:31.142 [main] DEBUG org.apache.http.impl.client.DefaultHttpClient -- Attempt 1 to execute request
04:37:31.142 [main] DEBUG org.apache.http.impl.conn.DefaultClientConnection -- Sending request: GET /api/products/-11318 HTTP/1.1
04:37:31.142 [main] DEBUG org.apache.http.wire --  >> "GET /api/products/-11318 HTTP/1.1[\r][\n]"
04:37:31.142 [main] DEBUG org.apache.http.wire --  >> "Accept: */*[\r][\n]"
04:37:31.142 [main] DEBUG org.apache.http.wire --  >> "Host: altashop-api.fly.dev[\r][\n]"
04:37:31.142 [main] DEBUG org.apache.http.wire --  >> "Connection: Keep-Alive[\r][\n]"
04:37:31.142 [main] DEBUG org.apache.http.wire --  >> "User-Agent: Apache-HttpClient/4.5.13 (Java/17.0.8)[\r][\n]"
04:37:31.142 [main] DEBUG org.apache.http.wire --  >> "Accept-Encoding: gzip,deflate[\r][\n]"
04:37:31.142 [main] DEBUG org.apache.http.wire --  >> "[\r][\n]"
04:37:31.142 [main] DEBUG org.apache.http.headers -- >> GET /api/products/-11318 HTTP/1.1
04:37:31.142 [main] DEBUG org.apache.http.headers -- >> Accept: */*
04:37:31.142 [main] DEBUG org.apache.http.headers -- >> Host: altashop-api.fly.dev
04:37:31.142 [main] DEBUG org.apache.http.headers -- >> Connection: Keep-Alive
04:37:31.142 [main] DEBUG org.apache.http.headers -- >> User-Agent: Apache-HttpClient/4.5.13 (Java/17.0.8)
04:37:31.142 [main] DEBUG org.apache.http.headers -- >> Accept-Encoding: gzip,deflate
04:37:31.167 [main] DEBUG org.apache.http.wire --  << "HTTP/1.1 500 Internal Server Error[\r][\n]"
04:37:31.167 [main] DEBUG org.apache.http.wire --  << "content-type: application/json[\r][\n]"
04:37:31.167 [main] DEBUG org.apache.http.wire --  << "date: Mon, 30 Oct 2023 21:37:32 GMT[\r][\n]"
04:37:31.167 [main] DEBUG org.apache.http.wire --  << "content-encoding: gzip[\r][\n]"
04:37:31.167 [main] DEBUG org.apache.http.wire --  << "transfer-encoding: chunked[\r][\n]"
04:37:31.167 [main] DEBUG org.apache.http.wire --  << "server: Fly/7328d5b5 (2023-10-27)[\r][\n]"
04:37:31.167 [main] DEBUG org.apache.http.wire --  << "via: 1.1 fly.io[\r][\n]"
04:37:31.167 [main] DEBUG org.apache.http.wire --  << "fly-request-id: 01HE18AG13H7CG606Z3ZSEF9MG-sin[\r][\n]"
04:37:31.167 [main] DEBUG org.apache.http.wire --  << "[\r][\n]"
04:37:31.167 [main] DEBUG org.apache.http.impl.conn.DefaultClientConnection -- Receiving response: HTTP/1.1 500 Internal Server Error
04:37:31.167 [main] DEBUG org.apache.http.headers -- << HTTP/1.1 500 Internal Server Error
04:37:31.167 [main] DEBUG org.apache.http.headers -- << content-type: application/json
04:37:31.167 [main] DEBUG org.apache.http.headers -- << date: Mon, 30 Oct 2023 21:37:32 GMT
04:37:31.167 [main] DEBUG org.apache.http.headers -- << content-encoding: gzip
04:37:31.167 [main] DEBUG org.apache.http.headers -- << transfer-encoding: chunked
04:37:31.167 [main] DEBUG org.apache.http.headers -- << server: Fly/7328d5b5 (2023-10-27)
04:37:31.167 [main] DEBUG org.apache.http.headers -- << via: 1.1 fly.io
04:37:31.167 [main] DEBUG org.apache.http.headers -- << fly-request-id: 01HE18AG13H7CG606Z3ZSEF9MG-sin
04:37:31.167 [main] DEBUG org.apache.http.impl.client.DefaultHttpClient -- Connection can be kept alive indefinitely
04:37:31.167 [main] DEBUG io.restassured.internal.RestAssuredHttpBuilder -- Parsing response as: application/json
04:37:31.167 [main] DEBUG org.apache.http.wire --  << "5C[\r][\n]"
04:37:31.167 [main] DEBUG org.apache.http.wire --  << "[0x1f][0x8b][0x8][0x0][0x0][0x0][0x0][0x0][0x4][0xff][0xab]VJ-*[0xca]/R[0xb2]R2[0xb4]01137110767[0xb0]4510[0xb2][0xb4]P[0xc8],VH/JM,I-R([0xc9]H[0xcc]S[0xc8]M[0xac][0xc8][0xcc]-[0xcd]U(K[0xcc])MUH[0xcb]/R[0xf0][0xcc]+1Q[0xaa][0xe5][0x2][0x0]r[0xc0][0xb4]aH[0x0][0x0][0x0]"
04:37:31.167 [main] DEBUG org.apache.http.wire --  << "[\r][\n]"
04:37:31.167 [main] DEBUG org.apache.http.wire --  << "0[\r][\n]"
04:37:31.167 [main] DEBUG org.apache.http.wire --  << "[\r][\n]"
04:37:31.167 [main] DEBUG io.restassured.internal.RestAssuredHttpBuilder -- Parsed data to instance of: class org.apache.http.conn.EofSensorInputStream
04:37:31.168 [main] DEBUG org.apache.http.impl.conn.BasicClientConnectionManager -- Releasing connection org.apache.http.impl.conn.ManagedClientConnectionImpl@2da273b3
04:37:31.168 [main] DEBUG org.apache.http.impl.conn.BasicClientConnectionManager -- Connection can be kept alive indefinitely
04:37:31.168 [main] DEBUG net.thucydides.core.steps.StepInterceptor -- STEP DONE: I GET HTTP request for products using invalid ID with character symbols
  &amp#27;[32mWhen &amp#27;[0m&amp#27;[32mI GET HTTP request for products using invalid ID with character symbols&amp#27;[0m                    &amp#27;[90m# starter.stepdefinition.ProductsSteps.getHTTPRequestsForProductsUsingInvalidIDWithCharacterSysmbols()&amp#27;[0m
04:37:31.170 [main] DEBUG net.thucydides.core.steps.StepInterceptor -- STARTING STEP: ProductsSteps.receiveResponseCode500ForProductsUsingInvalidIDWithCharacterSysmbols - I receive valid HTTP response 500 for get products using invalid ID with character symbols
04:37:31.170 [main] DEBUG net.thucydides.core.steps.StepInterceptor -- STEP DONE: I receive valid HTTP response 500 for get products using invalid ID with character symbols
  &amp#27;[32mThen &amp#27;[0m&amp#27;[32mI receive valid HTTP response 500 for get products using invalid ID with character symbols&amp#27;[0m &amp#27;[90m# starter.stepdefinition.ProductsSteps.receiveResponseCode500ForProductsUsingInvalidIDWithCharacterSysmbols()&amp#27;[0m
04:37:31.171 [main] INFO  -- 
  _____   ___   ___   _____     ___     _     ___   ___   ___   ___  
 |_   _| | __| / __| |_   _|   | _ \   /_\   / __| / __| | __| |   \ 
   | |   | _|  \__ \   | |     |  _/  / _ \  \__ \ \__ \ | _|  | |) |
   |_|   |___| |___/   |_|     |_|   /_/ \_\ |___/ |___/ |___| |___/ 

TC51 - Get product using invalid ID with character symbols
----------------------------------------------------------------------
]]></system-out>
  </testcase>
  <testcase name="TC52 - Get categories by invalid ID with character alphabet" classname="[05_Automation] - Product" time="0.104">
    <system-out><![CDATA[
Scenario: TC52 - Get categories by invalid ID with character alphabet                              &amp#27;[90m# src/test/resources/Products.feature:78&amp#27;[0m
04:37:31.175 [main] INFO io.cucumber.core.plugin.SerenityReporter -- Running feature from file:///D:/TaksAlterra/MiniProject/MiniProject_API/src/test/resources/Products.feature
04:37:31.175 [main] WARN io.cucumber.core.plugin.SerenityReporter -- Feature from file:///D:/TaksAlterra/MiniProject/MiniProject_API/src/test/resources/Products.feature is not under the 'features' directory. Requirements report will not be correctly generated!
04:37:31.176 [main] INFO  -- 
  _____   ___   ___   _____     ___   _____     _     ___   _____   ___   ___  
 |_   _| | __| / __| |_   _|   / __| |_   _|   /_\   | _ \ |_   _| | __| |   \ 
   | |   | _|  \__ \   | |     \__ \   | |    / _ \  |   /   | |   | _|  | |) |
   |_|   |___| |___/   |_|     |___/   |_|   /_/ \_\ |_|_\   |_|   |___| |___/ 

TC52 - Get categories by invalid ID with character alphabet([05-automation]---product;tc52---get-categories-by-invalid-id-with-character-alphabet)
--------------------------------------------------------------------------------
04:37:31.179 [main] DEBUG net.thucydides.core.steps.StepInterceptor -- STARTING STEP: ProductsSteps.getProductsEndpointsbyID3 - I GET products endpoints by ID 3
04:37:31.179 [main] DEBUG net.thucydides.core.steps.StepInterceptor -- STEP DONE: I GET products endpoints by ID 3
  &amp#27;[32mGiven &amp#27;[0m&amp#27;[32mI GET products endpoints by ID 3&amp#27;[0m                                                           &amp#27;[90m# starter.stepdefinition.ProductsSteps.getProductsEndpointsbyID3()&amp#27;[0m
04:37:31.180 [main] DEBUG net.thucydides.core.steps.StepInterceptor -- STARTING STEP: ProductsSteps.getHTTPRequestsForProductsUsingInvalidIDWithCharacterAlphabet - I GET HTTP request for products using invalid ID with character alphabet
04:37:31.181 [main] DEBUG net.thucydides.core.steps.StepInterceptor -- STARTING STEP: Products.getHTTPRequestsForProductsUsingInvalidIDWithCharacterAlphabet - I GET products endpoints by ID 3
04:37:31.181 [main] DEBUG net.thucydides.core.steps.StepInterceptor -- STEP DONE: I GET products endpoints by ID 3
04:37:31.184 [main] DEBUG org.apache.http.impl.conn.BasicClientConnectionManager -- Get connection for route {s}->https://altashop-api.fly.dev:443
04:37:31.184 [main] DEBUG org.apache.http.impl.conn.DefaultClientConnectionOperator -- Connecting to altashop-api.fly.dev:443
04:37:31.247 [main] DEBUG org.apache.http.client.protocol.RequestAddCookies -- CookieSpec selected: ignoreCookies
04:37:31.247 [main] DEBUG org.apache.http.client.protocol.RequestAuthCache -- Auth cache not set in the context
04:37:31.247 [main] DEBUG org.apache.http.client.protocol.RequestTargetAuthentication -- Target auth state: UNCHALLENGED
04:37:31.247 [main] DEBUG org.apache.http.client.protocol.RequestProxyAuthentication -- Proxy auth state: UNCHALLENGED
04:37:31.247 [main] DEBUG org.apache.http.impl.client.DefaultHttpClient -- Attempt 1 to execute request
04:37:31.247 [main] DEBUG org.apache.http.impl.conn.DefaultClientConnection -- Sending request: GET /api/products/satu HTTP/1.1
04:37:31.247 [main] DEBUG org.apache.http.wire --  >> "GET /api/products/satu HTTP/1.1[\r][\n]"
04:37:31.247 [main] DEBUG org.apache.http.wire --  >> "Accept: */*[\r][\n]"
04:37:31.247 [main] DEBUG org.apache.http.wire --  >> "Host: altashop-api.fly.dev[\r][\n]"
04:37:31.247 [main] DEBUG org.apache.http.wire --  >> "Connection: Keep-Alive[\r][\n]"
04:37:31.247 [main] DEBUG org.apache.http.wire --  >> "User-Agent: Apache-HttpClient/4.5.13 (Java/17.0.8)[\r][\n]"
04:37:31.247 [main] DEBUG org.apache.http.wire --  >> "Accept-Encoding: gzip,deflate[\r][\n]"
04:37:31.247 [main] DEBUG org.apache.http.wire --  >> "[\r][\n]"
04:37:31.247 [main] DEBUG org.apache.http.headers -- >> GET /api/products/satu HTTP/1.1
04:37:31.247 [main] DEBUG org.apache.http.headers -- >> Accept: */*
04:37:31.247 [main] DEBUG org.apache.http.headers -- >> Host: altashop-api.fly.dev
04:37:31.247 [main] DEBUG org.apache.http.headers -- >> Connection: Keep-Alive
04:37:31.247 [main] DEBUG org.apache.http.headers -- >> User-Agent: Apache-HttpClient/4.5.13 (Java/17.0.8)
04:37:31.247 [main] DEBUG org.apache.http.headers -- >> Accept-Encoding: gzip,deflate
04:37:31.271 [main] DEBUG org.apache.http.wire --  << "HTTP/1.1 400 Bad Request[\r][\n]"
04:37:31.271 [main] DEBUG org.apache.http.wire --  << "content-type: application/json[\r][\n]"
04:37:31.271 [main] DEBUG org.apache.http.wire --  << "date: Mon, 30 Oct 2023 21:37:32 GMT[\r][\n]"
04:37:31.271 [main] DEBUG org.apache.http.wire --  << "content-encoding: gzip[\r][\n]"
04:37:31.271 [main] DEBUG org.apache.http.wire --  << "transfer-encoding: chunked[\r][\n]"
04:37:31.271 [main] DEBUG org.apache.http.wire --  << "server: Fly/7328d5b5 (2023-10-27)[\r][\n]"
04:37:31.271 [main] DEBUG org.apache.http.wire --  << "via: 1.1 fly.io[\r][\n]"
04:37:31.271 [main] DEBUG org.apache.http.wire --  << "fly-request-id: 01HE18AG4DQ268FV0X5NGJQB1X-sin[\r][\n]"
04:37:31.271 [main] DEBUG org.apache.http.wire --  << "[\r][\n]"
04:37:31.271 [main] DEBUG org.apache.http.impl.conn.DefaultClientConnection -- Receiving response: HTTP/1.1 400 Bad Request
04:37:31.271 [main] DEBUG org.apache.http.headers -- << HTTP/1.1 400 Bad Request
04:37:31.271 [main] DEBUG org.apache.http.headers -- << content-type: application/json
04:37:31.271 [main] DEBUG org.apache.http.headers -- << date: Mon, 30 Oct 2023 21:37:32 GMT
04:37:31.271 [main] DEBUG org.apache.http.headers -- << content-encoding: gzip
04:37:31.271 [main] DEBUG org.apache.http.headers -- << transfer-encoding: chunked
04:37:31.271 [main] DEBUG org.apache.http.headers -- << server: Fly/7328d5b5 (2023-10-27)
04:37:31.271 [main] DEBUG org.apache.http.headers -- << via: 1.1 fly.io
04:37:31.271 [main] DEBUG org.apache.http.headers -- << fly-request-id: 01HE18AG4DQ268FV0X5NGJQB1X-sin
04:37:31.271 [main] DEBUG org.apache.http.impl.client.DefaultHttpClient -- Connection can be kept alive indefinitely
04:37:31.271 [main] DEBUG io.restassured.internal.RestAssuredHttpBuilder -- Parsing response as: application/json
04:37:31.271 [main] DEBUG org.apache.http.wire --  << "4F[\r][\n]"
04:37:31.271 [main] DEBUG org.apache.http.wire --  << "[0x1f][0x8b][0x8][0x0][0x0][0x0][0x0][0x0][0x4][0xff][0xab]VJ-*[0xca]/R[0xb2]R*.)J[0xce][0xcf]+[0xd3]s,[0xc9][0xcf][0xb4]R(H,*[0xce][0xcc]KW[0x88]Q*N,)[0x8d]Q[0xb2]R[0xc8][0xcc]+K[0xcc][0xc9]LQ([0xae][0xcc]+I[0xac]P[0xaa][0xe5][0x2][0x0]n[0x13][0x8b][0x82];[0x0][0x0][0x0]"
04:37:31.271 [main] DEBUG org.apache.http.wire --  << "[\r][\n]"
04:37:31.271 [main] DEBUG org.apache.http.wire --  << "0[\r][\n]"
04:37:31.272 [main] DEBUG org.apache.http.wire --  << "[\r][\n]"
04:37:31.272 [main] DEBUG io.restassured.internal.RestAssuredHttpBuilder -- Parsed data to instance of: class org.apache.http.conn.EofSensorInputStream
04:37:31.272 [main] DEBUG org.apache.http.impl.conn.BasicClientConnectionManager -- Releasing connection org.apache.http.impl.conn.ManagedClientConnectionImpl@3020f22
04:37:31.272 [main] DEBUG org.apache.http.impl.conn.BasicClientConnectionManager -- Connection can be kept alive indefinitely
04:37:31.272 [main] DEBUG net.thucydides.core.steps.StepInterceptor -- STEP DONE: I GET HTTP request for products using invalid ID with character alphabet
  &amp#27;[32mWhen &amp#27;[0m&amp#27;[32mI GET HTTP request for products using invalid ID with character alphabet&amp#27;[0m                    &amp#27;[90m# starter.stepdefinition.ProductsSteps.getHTTPRequestsForProductsUsingInvalidIDWithCharacterAlphabet()&amp#27;[0m
04:37:31.274 [main] DEBUG net.thucydides.core.steps.StepInterceptor -- STARTING STEP: ProductsSteps.receiveResponseCode400ForProductsUsingInvalidIDWithCharacterAlphabet - I receive valid HTTP response 400 for get products using invalid ID with character alphabet
04:37:31.274 [main] DEBUG net.thucydides.core.steps.StepInterceptor -- STEP DONE: I receive valid HTTP response 400 for get products using invalid ID with character alphabet
  &amp#27;[32mThen &amp#27;[0m&amp#27;[32mI receive valid HTTP response 400 for get products using invalid ID with character alphabet&amp#27;[0m &amp#27;[90m# starter.stepdefinition.ProductsSteps.receiveResponseCode400ForProductsUsingInvalidIDWithCharacterAlphabet()&amp#27;[0m
04:37:31.276 [main] INFO  -- 
  _____   ___   ___   _____     ___     _     ___   ___   ___   ___  
 |_   _| | __| / __| |_   _|   | _ \   /_\   / __| / __| | __| |   \ 
   | |   | _|  \__ \   | |     |  _/  / _ \  \__ \ \__ \ | _|  | |) |
   |_|   |___| |___/   |_|     |_|   /_/ \_\ |___/ |___/ |___| |___/ 

TC52 - Get categories by invalid ID with character alphabet
----------------------------------------------------------------------
]]></system-out>
  </testcase>
  <testcase name="TC53 - Delete a products by ID" classname="[05_Automation] - Product" time="0.095">
    <system-out><![CDATA[
Scenario: TC53 - Delete a products by ID                       &amp#27;[90m# src/test/resources/Products.feature:83&amp#27;[0m
04:37:31.279 [main] INFO io.cucumber.core.plugin.SerenityReporter -- Running feature from file:///D:/TaksAlterra/MiniProject/MiniProject_API/src/test/resources/Products.feature
04:37:31.279 [main] WARN io.cucumber.core.plugin.SerenityReporter -- Feature from file:///D:/TaksAlterra/MiniProject/MiniProject_API/src/test/resources/Products.feature is not under the 'features' directory. Requirements report will not be correctly generated!
04:37:31.280 [main] INFO  -- 
  _____   ___   ___   _____     ___   _____     _     ___   _____   ___   ___  
 |_   _| | __| / __| |_   _|   / __| |_   _|   /_\   | _ \ |_   _| | __| |   \ 
   | |   | _|  \__ \   | |     \__ \   | |    / _ \  |   /   | |   | _|  | |) |
   |_|   |___| |___/   |_|     |___/   |_|   /_/ \_\ |_|_\   |_|   |___| |___/ 

TC53 - Delete a products by ID([05-automation]---product;tc53---delete-a-products-by-id)
--------------------------------------------------------------------------------
04:37:31.283 [main] DEBUG net.thucydides.core.steps.StepInterceptor -- STARTING STEP: ProductsSteps.deleteAProductsEndpointsByID - I DELETE a products endpoints by ID
04:37:31.283 [main] DEBUG net.thucydides.core.steps.StepInterceptor -- STEP DONE: I DELETE a products endpoints by ID
  &amp#27;[32mGiven &amp#27;[0m&amp#27;[32mI DELETE a products endpoints by ID&amp#27;[0m                    &amp#27;[90m# starter.stepdefinition.ProductsSteps.deleteAProductsEndpointsByID()&amp#27;[0m
04:37:31.284 [main] DEBUG net.thucydides.core.steps.StepInterceptor -- STARTING STEP: ProductsSteps.deleteHTTPRequestForAProductsWithValidID - I DELETE HTTP request for a products with valid ID
04:37:31.285 [main] DEBUG net.thucydides.core.steps.StepInterceptor -- STARTING STEP: Products.deleteHTTPRequestForAProductsWithValidID - I DELETE a products endpoints by ID
04:37:31.285 [main] DEBUG net.thucydides.core.steps.StepInterceptor -- STEP DONE: I DELETE a products endpoints by ID
04:37:31.288 [main] DEBUG org.apache.http.impl.conn.BasicClientConnectionManager -- Get connection for route {s}->https://altashop-api.fly.dev:443
04:37:31.288 [main] DEBUG org.apache.http.impl.conn.DefaultClientConnectionOperator -- Connecting to altashop-api.fly.dev:443
04:37:31.340 [main] DEBUG org.apache.http.client.protocol.RequestAddCookies -- CookieSpec selected: ignoreCookies
04:37:31.340 [main] DEBUG org.apache.http.client.protocol.RequestAuthCache -- Auth cache not set in the context
04:37:31.340 [main] DEBUG org.apache.http.client.protocol.RequestTargetAuthentication -- Target auth state: UNCHALLENGED
04:37:31.340 [main] DEBUG org.apache.http.client.protocol.RequestProxyAuthentication -- Proxy auth state: UNCHALLENGED
04:37:31.340 [main] DEBUG org.apache.http.impl.client.DefaultHttpClient -- Attempt 1 to execute request
04:37:31.340 [main] DEBUG org.apache.http.impl.conn.DefaultClientConnection -- Sending request: DELETE /api/products/11286 HTTP/1.1
04:37:31.340 [main] DEBUG org.apache.http.wire --  >> "DELETE /api/products/11286 HTTP/1.1[\r][\n]"
04:37:31.340 [main] DEBUG org.apache.http.wire --  >> "Accept: */*[\r][\n]"
04:37:31.340 [main] DEBUG org.apache.http.wire --  >> "Host: altashop-api.fly.dev[\r][\n]"
04:37:31.340 [main] DEBUG org.apache.http.wire --  >> "Connection: Keep-Alive[\r][\n]"
04:37:31.340 [main] DEBUG org.apache.http.wire --  >> "User-Agent: Apache-HttpClient/4.5.13 (Java/17.0.8)[\r][\n]"
04:37:31.340 [main] DEBUG org.apache.http.wire --  >> "Accept-Encoding: gzip,deflate[\r][\n]"
04:37:31.340 [main] DEBUG org.apache.http.wire --  >> "[\r][\n]"
04:37:31.340 [main] DEBUG org.apache.http.headers -- >> DELETE /api/products/11286 HTTP/1.1
04:37:31.340 [main] DEBUG org.apache.http.headers -- >> Accept: */*
04:37:31.340 [main] DEBUG org.apache.http.headers -- >> Host: altashop-api.fly.dev
04:37:31.340 [main] DEBUG org.apache.http.headers -- >> Connection: Keep-Alive
04:37:31.340 [main] DEBUG org.apache.http.headers -- >> User-Agent: Apache-HttpClient/4.5.13 (Java/17.0.8)
04:37:31.340 [main] DEBUG org.apache.http.headers -- >> Accept-Encoding: gzip,deflate
04:37:31.365 [main] DEBUG org.apache.http.wire --  << "HTTP/1.1 200 OK[\r][\n]"
04:37:31.365 [main] DEBUG org.apache.http.wire --  << "content-type: application/json[\r][\n]"
04:37:31.365 [main] DEBUG org.apache.http.wire --  << "date: Mon, 30 Oct 2023 21:37:32 GMT[\r][\n]"
04:37:31.365 [main] DEBUG org.apache.http.wire --  << "content-encoding: gzip[\r][\n]"
04:37:31.365 [main] DEBUG org.apache.http.wire --  << "transfer-encoding: chunked[\r][\n]"
04:37:31.365 [main] DEBUG org.apache.http.wire --  << "server: Fly/7328d5b5 (2023-10-27)[\r][\n]"
04:37:31.365 [main] DEBUG org.apache.http.wire --  << "via: 1.1 fly.io[\r][\n]"
04:37:31.365 [main] DEBUG org.apache.http.wire --  << "fly-request-id: 01HE18AG77AK4V311KKBJVSACQ-sin[\r][\n]"
04:37:31.365 [main] DEBUG org.apache.http.wire --  << "[\r][\n]"
04:37:31.365 [main] DEBUG org.apache.http.impl.conn.DefaultClientConnection -- Receiving response: HTTP/1.1 200 OK
04:37:31.365 [main] DEBUG org.apache.http.headers -- << HTTP/1.1 200 OK
04:37:31.365 [main] DEBUG org.apache.http.headers -- << content-type: application/json
04:37:31.365 [main] DEBUG org.apache.http.headers -- << date: Mon, 30 Oct 2023 21:37:32 GMT
04:37:31.365 [main] DEBUG org.apache.http.headers -- << content-encoding: gzip
04:37:31.365 [main] DEBUG org.apache.http.headers -- << transfer-encoding: chunked
04:37:31.365 [main] DEBUG org.apache.http.headers -- << server: Fly/7328d5b5 (2023-10-27)
04:37:31.365 [main] DEBUG org.apache.http.headers -- << via: 1.1 fly.io
04:37:31.365 [main] DEBUG org.apache.http.headers -- << fly-request-id: 01HE18AG77AK4V311KKBJVSACQ-sin
04:37:31.365 [main] DEBUG org.apache.http.impl.client.DefaultHttpClient -- Connection can be kept alive indefinitely
04:37:31.366 [main] DEBUG io.restassured.internal.RestAssuredHttpBuilder -- Parsing response as: application/json
04:37:31.366 [main] DEBUG org.apache.http.wire --  << "22[\r][\n]"
04:37:31.366 [main] DEBUG org.apache.http.wire --  << "[0x1f][0x8b][0x8][0x0][0x0][0x0][0x0][0x0][0x4][0xff][0xab]VJI,IT[0xb2][0xca]+[0xcd][0xc9][0xa9][0xe5][0x2][0x0][0xa3][0xab][0x8f]W[0xe][0x0][0x0][0x0]"
04:37:31.366 [main] DEBUG org.apache.http.wire --  << "[\r][\n]"
04:37:31.366 [main] DEBUG org.apache.http.wire --  << "0[\r][\n]"
04:37:31.366 [main] DEBUG org.apache.http.wire --  << "[\r][\n]"
04:37:31.366 [main] DEBUG io.restassured.internal.RestAssuredHttpBuilder -- Parsed data to instance of: class org.apache.http.conn.EofSensorInputStream
04:37:31.366 [main] DEBUG org.apache.http.impl.conn.BasicClientConnectionManager -- Releasing connection org.apache.http.impl.conn.ManagedClientConnectionImpl@5ec75178
04:37:31.366 [main] DEBUG org.apache.http.impl.conn.BasicClientConnectionManager -- Connection can be kept alive indefinitely
04:37:31.367 [main] DEBUG net.thucydides.core.steps.StepInterceptor -- STEP DONE: I DELETE HTTP request for a products with valid ID
  &amp#27;[32mWhen &amp#27;[0m&amp#27;[32mI DELETE HTTP request for a products with valid ID&amp#27;[0m      &amp#27;[90m# starter.stepdefinition.ProductsSteps.deleteHTTPRequestForAProductsWithValidID()&amp#27;[0m
04:37:31.369 [main] DEBUG net.thucydides.core.steps.StepInterceptor -- STARTING STEP: ProductsSteps.receiveResponseCode200ForDeleteAProducts - I receive valid HTTP response 200 for delete a products
04:37:31.369 [main] DEBUG net.thucydides.core.steps.StepInterceptor -- STEP DONE: I receive valid HTTP response 200 for delete a products
  &amp#27;[32mThen &amp#27;[0m&amp#27;[32mI receive valid HTTP response 200 for delete a products&amp#27;[0m &amp#27;[90m# starter.stepdefinition.ProductsSteps.receiveResponseCode200ForDeleteAProducts()&amp#27;[0m
04:37:31.370 [main] INFO  -- 
  _____   ___   ___   _____     ___     _     ___   ___   ___   ___  
 |_   _| | __| / __| |_   _|   | _ \   /_\   / __| / __| | __| |   \ 
   | |   | _|  \__ \   | |     |  _/  / _ \  \__ \ \__ \ | _|  | |) |
   |_|   |___| |___/   |_|     |_|   /_/ \_\ |___/ |___/ |___| |___/ 

TC53 - Delete a products by ID
----------------------------------------------------------------------
]]></system-out>
  </testcase>
  <testcase name="TC54 - Delete a products using invalid ID with character symbols" classname="[05_Automation] - Product" time="0.088">
    <system-out><![CDATA[
Scenario: TC54 - Delete a products using invalid ID with character symbols                      &amp#27;[90m# src/test/resources/Products.feature:88&amp#27;[0m
04:37:31.373 [main] INFO io.cucumber.core.plugin.SerenityReporter -- Running feature from file:///D:/TaksAlterra/MiniProject/MiniProject_API/src/test/resources/Products.feature
04:37:31.373 [main] WARN io.cucumber.core.plugin.SerenityReporter -- Feature from file:///D:/TaksAlterra/MiniProject/MiniProject_API/src/test/resources/Products.feature is not under the 'features' directory. Requirements report will not be correctly generated!
04:37:31.374 [main] INFO  -- 
  _____   ___   ___   _____     ___   _____     _     ___   _____   ___   ___  
 |_   _| | __| / __| |_   _|   / __| |_   _|   /_\   | _ \ |_   _| | __| |   \ 
   | |   | _|  \__ \   | |     \__ \   | |    / _ \  |   /   | |   | _|  | |) |
   |_|   |___| |___/   |_|     |___/   |_|   /_/ \_\ |_|_\   |_|   |___| |___/ 

TC54 - Delete a products using invalid ID with character symbols([05-automation]---product;tc54---delete-a-products-using-invalid-id-with-character-symbols)
--------------------------------------------------------------------------------
04:37:31.377 [main] DEBUG net.thucydides.core.steps.StepInterceptor -- STARTING STEP: ProductsSteps.deleteAProductsEndpointsByID2 - I DELETE a products endpoints by ID 2
04:37:31.377 [main] DEBUG net.thucydides.core.steps.StepInterceptor -- STEP DONE: I DELETE a products endpoints by ID 2
  &amp#27;[32mGiven &amp#27;[0m&amp#27;[32mI DELETE a products endpoints by ID 2&amp#27;[0m                                                   &amp#27;[90m# starter.stepdefinition.ProductsSteps.deleteAProductsEndpointsByID2()&amp#27;[0m
04:37:31.378 [main] DEBUG net.thucydides.core.steps.StepInterceptor -- STARTING STEP: ProductsSteps.deleteHTTPRequestForAProductsUsingInvalidIDWithCharacterSymbols - I DELETE HTTP request for a products using invalid ID with character symbols
04:37:31.378 [main] DEBUG net.thucydides.core.steps.StepInterceptor -- STARTING STEP: Products.deleteHTTPRequestForAProductsUsingInvalidIDWithCharacterSymbols - I DELETE a products endpoints by ID 2
04:37:31.378 [main] DEBUG net.thucydides.core.steps.StepInterceptor -- STEP DONE: I DELETE a products endpoints by ID 2
04:37:31.381 [main] DEBUG org.apache.http.impl.conn.BasicClientConnectionManager -- Get connection for route {s}->https://altashop-api.fly.dev:443
04:37:31.381 [main] DEBUG org.apache.http.impl.conn.DefaultClientConnectionOperator -- Connecting to altashop-api.fly.dev:443
04:37:31.429 [main] DEBUG org.apache.http.client.protocol.RequestAddCookies -- CookieSpec selected: ignoreCookies
04:37:31.429 [main] DEBUG org.apache.http.client.protocol.RequestAuthCache -- Auth cache not set in the context
04:37:31.429 [main] DEBUG org.apache.http.client.protocol.RequestTargetAuthentication -- Target auth state: UNCHALLENGED
04:37:31.429 [main] DEBUG org.apache.http.client.protocol.RequestProxyAuthentication -- Proxy auth state: UNCHALLENGED
04:37:31.429 [main] DEBUG org.apache.http.impl.client.DefaultHttpClient -- Attempt 1 to execute request
04:37:31.429 [main] DEBUG org.apache.http.impl.conn.DefaultClientConnection -- Sending request: DELETE /api/products/-11286 HTTP/1.1
04:37:31.429 [main] DEBUG org.apache.http.wire --  >> "DELETE /api/products/-11286 HTTP/1.1[\r][\n]"
04:37:31.429 [main] DEBUG org.apache.http.wire --  >> "Accept: */*[\r][\n]"
04:37:31.429 [main] DEBUG org.apache.http.wire --  >> "Host: altashop-api.fly.dev[\r][\n]"
04:37:31.429 [main] DEBUG org.apache.http.wire --  >> "Connection: Keep-Alive[\r][\n]"
04:37:31.429 [main] DEBUG org.apache.http.wire --  >> "User-Agent: Apache-HttpClient/4.5.13 (Java/17.0.8)[\r][\n]"
04:37:31.429 [main] DEBUG org.apache.http.wire --  >> "Accept-Encoding: gzip,deflate[\r][\n]"
04:37:31.429 [main] DEBUG org.apache.http.wire --  >> "[\r][\n]"
04:37:31.429 [main] DEBUG org.apache.http.headers -- >> DELETE /api/products/-11286 HTTP/1.1
04:37:31.429 [main] DEBUG org.apache.http.headers -- >> Accept: */*
04:37:31.429 [main] DEBUG org.apache.http.headers -- >> Host: altashop-api.fly.dev
04:37:31.429 [main] DEBUG org.apache.http.headers -- >> Connection: Keep-Alive
04:37:31.429 [main] DEBUG org.apache.http.headers -- >> User-Agent: Apache-HttpClient/4.5.13 (Java/17.0.8)
04:37:31.429 [main] DEBUG org.apache.http.headers -- >> Accept-Encoding: gzip,deflate
04:37:31.455 [main] DEBUG org.apache.http.wire --  << "HTTP/1.1 500 Internal Server Error[\r][\n]"
04:37:31.455 [main] DEBUG org.apache.http.wire --  << "content-type: application/json[\r][\n]"
04:37:31.455 [main] DEBUG org.apache.http.wire --  << "date: Mon, 30 Oct 2023 21:37:32 GMT[\r][\n]"
04:37:31.455 [main] DEBUG org.apache.http.wire --  << "content-encoding: gzip[\r][\n]"
04:37:31.455 [main] DEBUG org.apache.http.wire --  << "transfer-encoding: chunked[\r][\n]"
04:37:31.455 [main] DEBUG org.apache.http.wire --  << "server: Fly/7328d5b5 (2023-10-27)[\r][\n]"
04:37:31.455 [main] DEBUG org.apache.http.wire --  << "via: 1.1 fly.io[\r][\n]"
04:37:31.455 [main] DEBUG org.apache.http.wire --  << "fly-request-id: 01HE18AGA3F0WH1MC5DD0MAG5Y-sin[\r][\n]"
04:37:31.455 [main] DEBUG org.apache.http.wire --  << "[\r][\n]"
04:37:31.455 [main] DEBUG org.apache.http.impl.conn.DefaultClientConnection -- Receiving response: HTTP/1.1 500 Internal Server Error
04:37:31.455 [main] DEBUG org.apache.http.headers -- << HTTP/1.1 500 Internal Server Error
04:37:31.455 [main] DEBUG org.apache.http.headers -- << content-type: application/json
04:37:31.455 [main] DEBUG org.apache.http.headers -- << date: Mon, 30 Oct 2023 21:37:32 GMT
04:37:31.455 [main] DEBUG org.apache.http.headers -- << content-encoding: gzip
04:37:31.455 [main] DEBUG org.apache.http.headers -- << transfer-encoding: chunked
04:37:31.455 [main] DEBUG org.apache.http.headers -- << server: Fly/7328d5b5 (2023-10-27)
04:37:31.455 [main] DEBUG org.apache.http.headers -- << via: 1.1 fly.io
04:37:31.455 [main] DEBUG org.apache.http.headers -- << fly-request-id: 01HE18AGA3F0WH1MC5DD0MAG5Y-sin
04:37:31.455 [main] DEBUG org.apache.http.impl.client.DefaultHttpClient -- Connection can be kept alive indefinitely
04:37:31.455 [main] DEBUG io.restassured.internal.RestAssuredHttpBuilder -- Parsing response as: application/json
04:37:31.455 [main] DEBUG org.apache.http.wire --  << "5C[\r][\n]"
04:37:31.455 [main] DEBUG org.apache.http.wire --  << "[0x1f][0x8b][0x8][0x0][0x0][0x0][0x0][0x0][0x4][0xff][0xab]VJ-*[0xca]/R[0xb2]R2[0xb4]01137110767[0xb0]451066P[0xc8],VH/JM,I-R([0xc9]H[0xcc]S[0xc8]M[0xac][0xc8][0xcc]-[0xcd]U(K[0xcc])MUH[0xcb]/R[0xf0][0xcc]+1Q[0xaa][0xe5][0x2][0x0][0xb0][0xe0]NIH[0x0][0x0][0x0]"
04:37:31.455 [main] DEBUG org.apache.http.wire --  << "[\r][\n]"
04:37:31.455 [main] DEBUG org.apache.http.wire --  << "0[\r][\n]"
04:37:31.455 [main] DEBUG org.apache.http.wire --  << "[\r][\n]"
04:37:31.455 [main] DEBUG io.restassured.internal.RestAssuredHttpBuilder -- Parsed data to instance of: class org.apache.http.conn.EofSensorInputStream
04:37:31.456 [main] DEBUG org.apache.http.impl.conn.BasicClientConnectionManager -- Releasing connection org.apache.http.impl.conn.ManagedClientConnectionImpl@4821e1a3
04:37:31.456 [main] DEBUG org.apache.http.impl.conn.BasicClientConnectionManager -- Connection can be kept alive indefinitely
04:37:31.456 [main] DEBUG net.thucydides.core.steps.StepInterceptor -- STEP DONE: I DELETE HTTP request for a products using invalid ID with character symbols
  &amp#27;[32mWhen &amp#27;[0m&amp#27;[32mI DELETE HTTP request for a products using invalid ID with character symbols&amp#27;[0m             &amp#27;[90m# starter.stepdefinition.ProductsSteps.deleteHTTPRequestForAProductsUsingInvalidIDWithCharacterSymbols()&amp#27;[0m
04:37:31.458 [main] DEBUG net.thucydides.core.steps.StepInterceptor -- STARTING STEP: ProductsSteps.receiveResponseCode500ForAProductsUsingInvalidIDWithCharacterSymbols - I receive valid HTTP response 500 for a products using invalid ID with character symbols
04:37:31.458 [main] DEBUG net.thucydides.core.steps.StepInterceptor -- STEP DONE: I receive valid HTTP response 500 for a products using invalid ID with character symbols
  &amp#27;[32mThen &amp#27;[0m&amp#27;[32mI receive valid HTTP response 500 for a products using invalid ID with character symbols&amp#27;[0m &amp#27;[90m# starter.stepdefinition.ProductsSteps.receiveResponseCode500ForAProductsUsingInvalidIDWithCharacterSymbols()&amp#27;[0m
04:37:31.459 [main] INFO  -- 
  _____   ___   ___   _____     ___     _     ___   ___   ___   ___  
 |_   _| | __| / __| |_   _|   | _ \   /_\   / __| / __| | __| |   \ 
   | |   | _|  \__ \   | |     |  _/  / _ \  \__ \ \__ \ | _|  | |) |
   |_|   |___| |___/   |_|     |_|   /_/ \_\ |___/ |___/ |___| |___/ 

TC54 - Delete a products using invalid ID with character symbols
----------------------------------------------------------------------
]]></system-out>
  </testcase>
  <testcase name="TC55 - Delete a products using invalid ID with character alphabet" classname="[05_Automation] - Product" time="0.092">
    <system-out><![CDATA[
Scenario: TC55 - Delete a products using invalid ID with character alphabet                      &amp#27;[90m# src/test/resources/Products.feature:93&amp#27;[0m
04:37:31.462 [main] INFO io.cucumber.core.plugin.SerenityReporter -- Running feature from file:///D:/TaksAlterra/MiniProject/MiniProject_API/src/test/resources/Products.feature
04:37:31.462 [main] WARN io.cucumber.core.plugin.SerenityReporter -- Feature from file:///D:/TaksAlterra/MiniProject/MiniProject_API/src/test/resources/Products.feature is not under the 'features' directory. Requirements report will not be correctly generated!
04:37:31.462 [main] INFO  -- 
  _____   ___   ___   _____     ___   _____     _     ___   _____   ___   ___  
 |_   _| | __| / __| |_   _|   / __| |_   _|   /_\   | _ \ |_   _| | __| |   \ 
   | |   | _|  \__ \   | |     \__ \   | |    / _ \  |   /   | |   | _|  | |) |
   |_|   |___| |___/   |_|     |___/   |_|   /_/ \_\ |_|_\   |_|   |___| |___/ 

TC55 - Delete a products using invalid ID with character alphabet([05-automation]---product;tc55---delete-a-products-using-invalid-id-with-character-alphabet)
--------------------------------------------------------------------------------
04:37:31.466 [main] DEBUG net.thucydides.core.steps.StepInterceptor -- STARTING STEP: ProductsSteps.deleteAProductsEndpointsByID3 - I DELETE a products endpoints by ID 3
04:37:31.466 [main] DEBUG net.thucydides.core.steps.StepInterceptor -- STEP DONE: I DELETE a products endpoints by ID 3
  &amp#27;[32mGiven &amp#27;[0m&amp#27;[32mI DELETE a products endpoints by ID 3&amp#27;[0m                                                    &amp#27;[90m# starter.stepdefinition.ProductsSteps.deleteAProductsEndpointsByID3()&amp#27;[0m
04:37:31.467 [main] DEBUG net.thucydides.core.steps.StepInterceptor -- STARTING STEP: ProductsSteps.deleteHTTPRequestForAProductsUsingInvalidIDWithCharacterAlphabet - I DELETE HTTP request for a products using invalid ID with character alphabet
04:37:31.467 [main] DEBUG net.thucydides.core.steps.StepInterceptor -- STARTING STEP: Products.deleteHTTPRequestForAProductsUsingInvalidIDWithCharacterAlphabet - I DELETE a products endpoints by ID 3
04:37:31.467 [main] DEBUG net.thucydides.core.steps.StepInterceptor -- STEP DONE: I DELETE a products endpoints by ID 3
04:37:31.469 [main] DEBUG org.apache.http.impl.conn.BasicClientConnectionManager -- Get connection for route {s}->https://altashop-api.fly.dev:443
04:37:31.469 [main] DEBUG org.apache.http.impl.conn.DefaultClientConnectionOperator -- Connecting to altashop-api.fly.dev:443
04:37:31.519 [main] DEBUG org.apache.http.client.protocol.RequestAddCookies -- CookieSpec selected: ignoreCookies
04:37:31.520 [main] DEBUG org.apache.http.client.protocol.RequestAuthCache -- Auth cache not set in the context
04:37:31.520 [main] DEBUG org.apache.http.client.protocol.RequestTargetAuthentication -- Target auth state: UNCHALLENGED
04:37:31.520 [main] DEBUG org.apache.http.client.protocol.RequestProxyAuthentication -- Proxy auth state: UNCHALLENGED
04:37:31.520 [main] DEBUG org.apache.http.impl.client.DefaultHttpClient -- Attempt 1 to execute request
04:37:31.520 [main] DEBUG org.apache.http.impl.conn.DefaultClientConnection -- Sending request: DELETE /api/products/satu HTTP/1.1
04:37:31.520 [main] DEBUG org.apache.http.wire --  >> "DELETE /api/products/satu HTTP/1.1[\r][\n]"
04:37:31.520 [main] DEBUG org.apache.http.wire --  >> "Accept: */*[\r][\n]"
04:37:31.520 [main] DEBUG org.apache.http.wire --  >> "Host: altashop-api.fly.dev[\r][\n]"
04:37:31.520 [main] DEBUG org.apache.http.wire --  >> "Connection: Keep-Alive[\r][\n]"
04:37:31.520 [main] DEBUG org.apache.http.wire --  >> "User-Agent: Apache-HttpClient/4.5.13 (Java/17.0.8)[\r][\n]"
04:37:31.520 [main] DEBUG org.apache.http.wire --  >> "Accept-Encoding: gzip,deflate[\r][\n]"
04:37:31.520 [main] DEBUG org.apache.http.wire --  >> "[\r][\n]"
04:37:31.520 [main] DEBUG org.apache.http.headers -- >> DELETE /api/products/satu HTTP/1.1
04:37:31.520 [main] DEBUG org.apache.http.headers -- >> Accept: */*
04:37:31.520 [main] DEBUG org.apache.http.headers -- >> Host: altashop-api.fly.dev
04:37:31.520 [main] DEBUG org.apache.http.headers -- >> Connection: Keep-Alive
04:37:31.520 [main] DEBUG org.apache.http.headers -- >> User-Agent: Apache-HttpClient/4.5.13 (Java/17.0.8)
04:37:31.520 [main] DEBUG org.apache.http.headers -- >> Accept-Encoding: gzip,deflate
04:37:31.544 [main] DEBUG org.apache.http.wire --  << "HTTP/1.1 400 Bad Request[\r][\n]"
04:37:31.544 [main] DEBUG org.apache.http.wire --  << "content-type: application/json[\r][\n]"
04:37:31.544 [main] DEBUG org.apache.http.wire --  << "date: Mon, 30 Oct 2023 21:37:33 GMT[\r][\n]"
04:37:31.544 [main] DEBUG org.apache.http.wire --  << "content-encoding: gzip[\r][\n]"
04:37:31.544 [main] DEBUG org.apache.http.wire --  << "transfer-encoding: chunked[\r][\n]"
04:37:31.544 [main] DEBUG org.apache.http.wire --  << "server: Fly/7328d5b5 (2023-10-27)[\r][\n]"
04:37:31.544 [main] DEBUG org.apache.http.wire --  << "via: 1.1 fly.io[\r][\n]"
04:37:31.544 [main] DEBUG org.apache.http.wire --  << "fly-request-id: 01HE18AGCX66RCDYGWN8HHDWTY-sin[\r][\n]"
04:37:31.544 [main] DEBUG org.apache.http.wire --  << "[\r][\n]"
04:37:31.544 [main] DEBUG org.apache.http.impl.conn.DefaultClientConnection -- Receiving response: HTTP/1.1 400 Bad Request
04:37:31.544 [main] DEBUG org.apache.http.headers -- << HTTP/1.1 400 Bad Request
04:37:31.544 [main] DEBUG org.apache.http.headers -- << content-type: application/json
04:37:31.544 [main] DEBUG org.apache.http.headers -- << date: Mon, 30 Oct 2023 21:37:33 GMT
04:37:31.544 [main] DEBUG org.apache.http.headers -- << content-encoding: gzip
04:37:31.544 [main] DEBUG org.apache.http.headers -- << transfer-encoding: chunked
04:37:31.544 [main] DEBUG org.apache.http.headers -- << server: Fly/7328d5b5 (2023-10-27)
04:37:31.544 [main] DEBUG org.apache.http.headers -- << via: 1.1 fly.io
04:37:31.544 [main] DEBUG org.apache.http.headers -- << fly-request-id: 01HE18AGCX66RCDYGWN8HHDWTY-sin
04:37:31.545 [main] DEBUG org.apache.http.impl.client.DefaultHttpClient -- Connection can be kept alive indefinitely
04:37:31.545 [main] DEBUG io.restassured.internal.RestAssuredHttpBuilder -- Parsing response as: application/json
04:37:31.545 [main] DEBUG org.apache.http.wire --  << "4F[\r][\n]"
04:37:31.545 [main] DEBUG org.apache.http.wire --  << "[0x1f][0x8b][0x8][0x0][0x0][0x0][0x0][0x0][0x4][0xff][0xab]VJ-*[0xca]/R[0xb2]R*.)J[0xce][0xcf]+[0xd3]s,[0xc9][0xcf][0xb4]R(H,*[0xce][0xcc]KW[0x88]Q*N,)[0x8d]Q[0xb2]R[0xc8][0xcc]+K[0xcc][0xc9]LQ([0xae][0xcc]+I[0xac]P[0xaa][0xe5][0x2][0x0]n[0x13][0x8b][0x82];[0x0][0x0][0x0]"
04:37:31.545 [main] DEBUG org.apache.http.wire --  << "[\r][\n]"
04:37:31.545 [main] DEBUG org.apache.http.wire --  << "0[\r][\n]"
04:37:31.545 [main] DEBUG org.apache.http.wire --  << "[\r][\n]"
04:37:31.545 [main] DEBUG io.restassured.internal.RestAssuredHttpBuilder -- Parsed data to instance of: class org.apache.http.conn.EofSensorInputStream
04:37:31.545 [main] DEBUG org.apache.http.impl.conn.BasicClientConnectionManager -- Releasing connection org.apache.http.impl.conn.ManagedClientConnectionImpl@33c590
04:37:31.545 [main] DEBUG org.apache.http.impl.conn.BasicClientConnectionManager -- Connection can be kept alive indefinitely
04:37:31.545 [main] DEBUG net.thucydides.core.steps.StepInterceptor -- STEP DONE: I DELETE HTTP request for a products using invalid ID with character alphabet
  &amp#27;[32mWhen &amp#27;[0m&amp#27;[32mI DELETE HTTP request for a products using invalid ID with character alphabet&amp#27;[0m             &amp#27;[90m# starter.stepdefinition.ProductsSteps.deleteHTTPRequestForAProductsUsingInvalidIDWithCharacterAlphabet()&amp#27;[0m
04:37:31.547 [main] DEBUG net.thucydides.core.steps.StepInterceptor -- STARTING STEP: ProductsSteps.receiveResponseCode400ForAProductsUsingInvalidIDWithCharacterAlphabet - I receive valid HTTP response 400 for a products using invalid ID with character alphabet
04:37:31.547 [main] DEBUG net.thucydides.core.steps.StepInterceptor -- STEP DONE: I receive valid HTTP response 400 for a products using invalid ID with character alphabet
  &amp#27;[32mThen &amp#27;[0m&amp#27;[32mI receive valid HTTP response 400 for a products using invalid ID with character alphabet&amp#27;[0m &amp#27;[90m# starter.stepdefinition.ProductsSteps.receiveResponseCode400ForAProductsUsingInvalidIDWithCharacterAlphabet()&amp#27;[0m
04:37:31.548 [main] INFO  -- 
  _____   ___   ___   _____     ___     _     ___   ___   ___   ___  
 |_   _| | __| / __| |_   _|   | _ \   /_\   / __| / __| | __| |   \ 
   | |   | _|  \__ \   | |     |  _/  / _ \  \__ \ \__ \ | _|  | |) |
   |_|   |___| |___/   |_|     |_|   /_/ \_\ |___/ |___/ |___| |___/ 

TC55 - Delete a products using invalid ID with character alphabet
----------------------------------------------------------------------
]]></system-out>
  </testcase>
  <testcase name="TC65 - Give products ratings" classname="[07_Automation] - Ratings" time="0.123">
    <system-out><![CDATA[04:37:31.551 [Finalizer] DEBUG org.apache.http.impl.conn.DefaultClientConnection -- Connection 0.0.0.0:54404<->149.248.193.56:443 closed
04:37:31.551 [main] INFO io.cucumber.core.plugin.SerenityReporter -- Running feature from file:///D:/TaksAlterra/MiniProject/MiniProject_API/src/test/resources/Ratings.feature
04:37:31.551 [main] WARN io.cucumber.core.plugin.SerenityReporter -- Feature from file:///D:/TaksAlterra/MiniProject/MiniProject_API/src/test/resources/Ratings.feature is not under the 'features' directory. Requirements report will not be correctly generated!
04:37:31.551 [Finalizer] DEBUG org.apache.http.impl.conn.DefaultClientConnection -- Connection 0.0.0.0:54405<->149.248.193.56:443 closed
04:37:31.551 [Finalizer] DEBUG org.apache.http.impl.conn.DefaultClientConnection -- Connection 0.0.0.0:54406<->149.248.193.56:443 closed
04:37:31.551 [Finalizer] DEBUG org.apache.http.impl.conn.DefaultClientConnection -- Connection 0.0.0.0:54407<->149.248.193.56:443 closed
04:37:31.551 [Finalizer] DEBUG org.apache.http.impl.conn.DefaultClientConnection -- Connection 0.0.0.0:54408<->149.248.193.56:443 closed
04:37:31.551 [main] DEBUG net.thucydides.core.steps.StepEventBus -- Test suite started for story net.thucydides.core.model.Story@f34dfc64
04:37:31.551 [Finalizer] DEBUG org.apache.http.impl.conn.DefaultClientConnection -- Connection 0.0.0.0:54402<->149.248.193.56:443 closed
04:37:31.551 [main] INFO  -- Test Suite Started: [07_Automation] - Ratings
04:37:31.551 [Finalizer] DEBUG org.apache.http.impl.conn.DefaultClientConnection -- Connection 0.0.0.0:54403<->149.248.193.56:443 closed

Scenario: TC65 - Give products ratings                             &amp#27;[90m# src/test/resources/Ratings.feature:3&amp#27;[0m
04:37:31.556 [main] INFO io.cucumber.core.plugin.SerenityReporter -- Running feature from file:///D:/TaksAlterra/MiniProject/MiniProject_API/src/test/resources/Ratings.feature
04:37:31.556 [main] WARN io.cucumber.core.plugin.SerenityReporter -- Feature from file:///D:/TaksAlterra/MiniProject/MiniProject_API/src/test/resources/Ratings.feature is not under the 'features' directory. Requirements report will not be correctly generated!
04:37:31.556 [main] INFO  -- 
  _____   ___   ___   _____     ___   _____     _     ___   _____   ___   ___  
 |_   _| | __| / __| |_   _|   / __| |_   _|   /_\   | _ \ |_   _| | __| |   \ 
   | |   | _|  \__ \   | |     \__ \   | |    / _ \  |   /   | |   | _|  | |) |
   |_|   |___| |___/   |_|     |___/   |_|   /_/ \_\ |_|_\   |_|   |___| |___/ 

TC65 - Give products ratings([07-automation]---ratings;tc65---give-products-ratings)
--------------------------------------------------------------------------------
04:37:31.567 [main] DEBUG net.thucydides.core.steps.StepInterceptor -- STARTING STEP: RatingsSteps.postGiveProductsRatingsEndpoints - I POST give products ratings endpoints
04:37:31.567 [main] DEBUG net.thucydides.core.steps.StepInterceptor -- STEP DONE: I POST give products ratings endpoints
  &amp#27;[32mGiven &amp#27;[0m&amp#27;[32mI POST give products ratings endpoints&amp#27;[0m                     &amp#27;[90m# starter.stepdefinition.RatingsSteps.postGiveProductsRatingsEndpoints()&amp#27;[0m
04:37:31.568 [main] DEBUG net.thucydides.core.steps.StepInterceptor -- STARTING STEP: RatingsSteps.postHTTPRequestForGiveProductsRatings - I POST HTTP request for give products ratings
04:37:31.569 [main] DEBUG net.thucydides.core.steps.StepInterceptor -- STARTING STEP: Ratings.postHTTPRequestForGiveProductsRatings - I POST give products ratings endpoints
04:37:31.569 [main] DEBUG net.thucydides.core.steps.StepInterceptor -- STEP DONE: I POST give products ratings endpoints
04:37:31.573 [main] DEBUG org.apache.http.impl.conn.BasicClientConnectionManager -- Get connection for route {s}->https://altashop-api.fly.dev:443
04:37:31.573 [main] DEBUG org.apache.http.impl.conn.DefaultClientConnectionOperator -- Connecting to altashop-api.fly.dev:443
04:37:31.634 [main] DEBUG org.apache.http.client.protocol.RequestAddCookies -- CookieSpec selected: ignoreCookies
04:37:31.634 [main] DEBUG org.apache.http.client.protocol.RequestAuthCache -- Auth cache not set in the context
04:37:31.634 [main] DEBUG org.apache.http.client.protocol.RequestProxyAuthentication -- Proxy auth state: UNCHALLENGED
04:37:31.634 [main] DEBUG org.apache.http.impl.client.DefaultHttpClient -- Attempt 1 to execute request
04:37:31.634 [main] DEBUG org.apache.http.impl.conn.DefaultClientConnection -- Sending request: POST /api/products/85536/ratings HTTP/1.1
04:37:31.634 [main] DEBUG org.apache.http.wire --  >> "POST /api/products/85536/ratings HTTP/1.1[\r][\n]"
04:37:31.634 [main] DEBUG org.apache.http.wire --  >> "Content-Type: application/json[\r][\n]"
04:37:31.634 [main] DEBUG org.apache.http.wire --  >> "Authorization: Bearer eyJhbGciOiJIUzI1NiIsInR5cCI6IkpXVCJ9.eyJGdWxsbmFtZSI6IldpeWFuIEhlcnJhIEhlcnZpYW5hIiwiRW1haWwiOiJ3aXlhbjEyM0BnbWFpbC5jb20ifQ.Rsm7iH_obOaXakAORv2RniUWUxeZfBjkK8S8HtuLly8[\r][\n]"
04:37:31.634 [main] DEBUG org.apache.http.wire --  >> "Accept: */*[\r][\n]"
04:37:31.634 [main] DEBUG org.apache.http.wire --  >> "Content-Length: 0[\r][\n]"
04:37:31.634 [main] DEBUG org.apache.http.wire --  >> "Host: altashop-api.fly.dev[\r][\n]"
04:37:31.634 [main] DEBUG org.apache.http.wire --  >> "Connection: Keep-Alive[\r][\n]"
04:37:31.634 [main] DEBUG org.apache.http.wire --  >> "User-Agent: Apache-HttpClient/4.5.13 (Java/17.0.8)[\r][\n]"
04:37:31.634 [main] DEBUG org.apache.http.wire --  >> "Accept-Encoding: gzip,deflate[\r][\n]"
04:37:31.634 [main] DEBUG org.apache.http.wire --  >> "[\r][\n]"
04:37:31.634 [main] DEBUG org.apache.http.headers -- >> POST /api/products/85536/ratings HTTP/1.1
04:37:31.634 [main] DEBUG org.apache.http.headers -- >> Content-Type: application/json
04:37:31.634 [main] DEBUG org.apache.http.headers -- >> Authorization: Bearer eyJhbGciOiJIUzI1NiIsInR5cCI6IkpXVCJ9.eyJGdWxsbmFtZSI6IldpeWFuIEhlcnJhIEhlcnZpYW5hIiwiRW1haWwiOiJ3aXlhbjEyM0BnbWFpbC5jb20ifQ.Rsm7iH_obOaXakAORv2RniUWUxeZfBjkK8S8HtuLly8
04:37:31.634 [main] DEBUG org.apache.http.headers -- >> Accept: */*
04:37:31.634 [main] DEBUG org.apache.http.headers -- >> Content-Length: 0
04:37:31.634 [main] DEBUG org.apache.http.headers -- >> Host: altashop-api.fly.dev
04:37:31.634 [main] DEBUG org.apache.http.headers -- >> Connection: Keep-Alive
04:37:31.634 [main] DEBUG org.apache.http.headers -- >> User-Agent: Apache-HttpClient/4.5.13 (Java/17.0.8)
04:37:31.634 [main] DEBUG org.apache.http.headers -- >> Accept-Encoding: gzip,deflate
04:37:31.669 [main] DEBUG org.apache.http.wire --  << "HTTP/1.1 200 OK[\r][\n]"
04:37:31.669 [main] DEBUG org.apache.http.wire --  << "content-type: application/json[\r][\n]"
04:37:31.669 [main] DEBUG org.apache.http.wire --  << "date: Mon, 30 Oct 2023 21:37:33 GMT[\r][\n]"
04:37:31.669 [main] DEBUG org.apache.http.wire --  << "content-encoding: gzip[\r][\n]"
04:37:31.669 [main] DEBUG org.apache.http.wire --  << "transfer-encoding: chunked[\r][\n]"
04:37:31.669 [main] DEBUG org.apache.http.wire --  << "server: Fly/7328d5b5 (2023-10-27)[\r][\n]"
04:37:31.669 [main] DEBUG org.apache.http.wire --  << "via: 1.1 fly.io[\r][\n]"
04:37:31.669 [main] DEBUG org.apache.http.wire --  << "fly-request-id: 01HE18AGGFA97S8RTZT48ZKM9E-sin[\r][\n]"
04:37:31.669 [main] DEBUG org.apache.http.wire --  << "[\r][\n]"
04:37:31.669 [main] DEBUG org.apache.http.impl.conn.DefaultClientConnection -- Receiving response: HTTP/1.1 200 OK
04:37:31.669 [main] DEBUG org.apache.http.headers -- << HTTP/1.1 200 OK
04:37:31.669 [main] DEBUG org.apache.http.headers -- << content-type: application/json
04:37:31.669 [main] DEBUG org.apache.http.headers -- << date: Mon, 30 Oct 2023 21:37:33 GMT
04:37:31.669 [main] DEBUG org.apache.http.headers -- << content-encoding: gzip
04:37:31.669 [main] DEBUG org.apache.http.headers -- << transfer-encoding: chunked
04:37:31.669 [main] DEBUG org.apache.http.headers -- << server: Fly/7328d5b5 (2023-10-27)
04:37:31.669 [main] DEBUG org.apache.http.headers -- << via: 1.1 fly.io
04:37:31.669 [main] DEBUG org.apache.http.headers -- << fly-request-id: 01HE18AGGFA97S8RTZT48ZKM9E-sin
04:37:31.670 [main] DEBUG org.apache.http.impl.client.DefaultHttpClient -- Connection can be kept alive indefinitely
04:37:31.670 [main] DEBUG io.restassured.internal.RestAssuredHttpBuilder -- Parsing response as: application/json
04:37:31.670 [main] DEBUG org.apache.http.wire --  << "8D[\r][\n]"
04:37:31.670 [main] DEBUG org.apache.http.wire --  << "[0x1f][0x8b][0x8][0x0][0x0][0x0][0x0][0x0][0x4][0xff][0xab]VJI,IT[0xb2][0xaa]V[0xf2]tQ[0xb2][0xb2]0556[0xd3]Q[0xf2]K[0xcc]MU[0xb2]R[\n]"
04:37:31.670 [main] DEBUG org.apache.http.wire --  << "r[0x8c]r[\r]R[0xd2]QrI-N.[0xca],([0xc9][0xcc][0xcf]S[0xb2]RrrU[0x8][0xf1]pU[0x8][0xf0][0xf7][0xc][0xf6][0xf4][0xf7]S[0xf0][0xf7]S[0x88][0xf4][0xf][\r]R[0x8]qu[0xf4]U[0xd2]Q[\n]"
04:37:31.670 [main] DEBUG org.apache.http.wire --  << "([0xca]LNU[0xb2]260[0xd0]Q[\n]"
04:37:31.670 [main] DEBUG org.apache.http.wire --  << "J,[0xc9][0xcc]K/V[0xb2]2[0xd6]QrN,IM[0xcf]/[0xca]L-V[0xb2][0x8a][0x8e][0xad][0xad][0xe5][0x2][0x0][0x92][0x17][0xfb][0xdb]y[0x0][0x0][0x0]"
04:37:31.670 [main] DEBUG org.apache.http.wire --  << "[\r][\n]"
04:37:31.670 [main] DEBUG org.apache.http.wire --  << "0[\r][\n]"
04:37:31.670 [main] DEBUG org.apache.http.wire --  << "[\r][\n]"
04:37:31.670 [main] DEBUG io.restassured.internal.RestAssuredHttpBuilder -- Parsed data to instance of: class org.apache.http.conn.EofSensorInputStream
04:37:31.670 [main] DEBUG org.apache.http.impl.conn.BasicClientConnectionManager -- Releasing connection org.apache.http.impl.conn.ManagedClientConnectionImpl@5c516cab
04:37:31.670 [main] DEBUG org.apache.http.impl.conn.BasicClientConnectionManager -- Connection can be kept alive indefinitely
04:37:31.670 [main] DEBUG net.thucydides.core.steps.StepInterceptor -- STEP DONE: I POST HTTP request for give products ratings
  &amp#27;[32mWhen &amp#27;[0m&amp#27;[32mI POST HTTP request for give products ratings&amp#27;[0m               &amp#27;[90m# starter.stepdefinition.RatingsSteps.postHTTPRequestForGiveProductsRatings()&amp#27;[0m
04:37:31.672 [main] DEBUG net.thucydides.core.steps.StepInterceptor -- STARTING STEP: RatingsSteps.receiveValidHTTPResponse200ForGiveProductsRatings - I receive valid HTTP response 200 for give products ratings
04:37:31.673 [main] DEBUG net.thucydides.core.steps.StepInterceptor -- STEP DONE: I receive valid HTTP response 200 for give products ratings
  &amp#27;[32mThen &amp#27;[0m&amp#27;[32mI receive valid HTTP response 200 for give products ratings&amp#27;[0m &amp#27;[90m# starter.stepdefinition.RatingsSteps.receiveValidHTTPResponse200ForGiveProductsRatings()&amp#27;[0m
04:37:31.674 [main] INFO  -- 
  _____   ___   ___   _____     ___     _     ___   ___   ___   ___  
 |_   _| | __| / __| |_   _|   | _ \   /_\   / __| / __| | __| |   \ 
   | |   | _|  \__ \   | |     |  _/  / _ \  \__ \ \__ \ | _|  | |) |
   |_|   |___| |___/   |_|     |_|   /_/ \_\ |___/ |___/ |___| |___/ 

TC65 - Give products ratings
----------------------------------------------------------------------
]]></system-out>
  </testcase>
  <testcase name="TC66 - Give product ratings without setting token" classname="[07_Automation] - Ratings" time="0.096">
    <system-out><![CDATA[
Scenario: TC66 - Give product ratings without setting token                              &amp#27;[90m# src/test/resources/Ratings.feature:8&amp#27;[0m
04:37:31.678 [main] INFO io.cucumber.core.plugin.SerenityReporter -- Running feature from file:///D:/TaksAlterra/MiniProject/MiniProject_API/src/test/resources/Ratings.feature
04:37:31.678 [main] WARN io.cucumber.core.plugin.SerenityReporter -- Feature from file:///D:/TaksAlterra/MiniProject/MiniProject_API/src/test/resources/Ratings.feature is not under the 'features' directory. Requirements report will not be correctly generated!
04:37:31.679 [main] INFO  -- 
  _____   ___   ___   _____     ___   _____     _     ___   _____   ___   ___  
 |_   _| | __| / __| |_   _|   / __| |_   _|   /_\   | _ \ |_   _| | __| |   \ 
   | |   | _|  \__ \   | |     \__ \   | |    / _ \  |   /   | |   | _|  | |) |
   |_|   |___| |___/   |_|     |___/   |_|   /_/ \_\ |_|_\   |_|   |___| |___/ 

TC66 - Give product ratings without setting token([07-automation]---ratings;tc66---give-product-ratings-without-setting-token)
--------------------------------------------------------------------------------
04:37:31.683 [main] DEBUG net.thucydides.core.steps.StepInterceptor -- STARTING STEP: RatingsSteps.postGiveProductsRatingsEndpoints2 - I POST give products ratings endpoints 2
04:37:31.683 [main] DEBUG net.thucydides.core.steps.StepInterceptor -- STEP DONE: I POST give products ratings endpoints 2
  &amp#27;[32mGiven &amp#27;[0m&amp#27;[32mI POST give products ratings endpoints 2&amp#27;[0m                                         &amp#27;[90m# starter.stepdefinition.RatingsSteps.postGiveProductsRatingsEndpoints2()&amp#27;[0m
04:37:31.684 [main] DEBUG net.thucydides.core.steps.StepInterceptor -- STARTING STEP: RatingsSteps.postHTTPRequestForGiveProductsRatingsWithoutSettingToken - I POST HTTP request for give products ratings without setting token
04:37:31.685 [main] DEBUG net.thucydides.core.steps.StepInterceptor -- STARTING STEP: Ratings.postHTTPRequestForGiveProductsRatingsWithoutSettingToken - I POST give products ratings endpoints 2
04:37:31.685 [main] DEBUG net.thucydides.core.steps.StepInterceptor -- STEP DONE: I POST give products ratings endpoints 2
04:37:31.688 [main] DEBUG org.apache.http.impl.conn.BasicClientConnectionManager -- Get connection for route {s}->https://altashop-api.fly.dev:443
04:37:31.688 [main] DEBUG org.apache.http.impl.conn.DefaultClientConnectionOperator -- Connecting to altashop-api.fly.dev:443
04:37:31.740 [main] DEBUG org.apache.http.client.protocol.RequestAddCookies -- CookieSpec selected: ignoreCookies
04:37:31.740 [main] DEBUG org.apache.http.client.protocol.RequestAuthCache -- Auth cache not set in the context
04:37:31.740 [main] DEBUG org.apache.http.client.protocol.RequestTargetAuthentication -- Target auth state: UNCHALLENGED
04:37:31.740 [main] DEBUG org.apache.http.client.protocol.RequestProxyAuthentication -- Proxy auth state: UNCHALLENGED
04:37:31.740 [main] DEBUG org.apache.http.impl.client.DefaultHttpClient -- Attempt 1 to execute request
04:37:31.740 [main] DEBUG org.apache.http.impl.conn.DefaultClientConnection -- Sending request: POST /api/products/11672/ratings HTTP/1.1
04:37:31.740 [main] DEBUG org.apache.http.wire --  >> "POST /api/products/11672/ratings HTTP/1.1[\r][\n]"
04:37:31.740 [main] DEBUG org.apache.http.wire --  >> "Content-Type: application/json[\r][\n]"
04:37:31.740 [main] DEBUG org.apache.http.wire --  >> "Accept: */*[\r][\n]"
04:37:31.740 [main] DEBUG org.apache.http.wire --  >> "Content-Length: 0[\r][\n]"
04:37:31.740 [main] DEBUG org.apache.http.wire --  >> "Host: altashop-api.fly.dev[\r][\n]"
04:37:31.740 [main] DEBUG org.apache.http.wire --  >> "Connection: Keep-Alive[\r][\n]"
04:37:31.740 [main] DEBUG org.apache.http.wire --  >> "User-Agent: Apache-HttpClient/4.5.13 (Java/17.0.8)[\r][\n]"
04:37:31.740 [main] DEBUG org.apache.http.wire --  >> "Accept-Encoding: gzip,deflate[\r][\n]"
04:37:31.740 [main] DEBUG org.apache.http.wire --  >> "[\r][\n]"
04:37:31.740 [main] DEBUG org.apache.http.headers -- >> POST /api/products/11672/ratings HTTP/1.1
04:37:31.740 [main] DEBUG org.apache.http.headers -- >> Content-Type: application/json
04:37:31.740 [main] DEBUG org.apache.http.headers -- >> Accept: */*
04:37:31.740 [main] DEBUG org.apache.http.headers -- >> Content-Length: 0
04:37:31.740 [main] DEBUG org.apache.http.headers -- >> Host: altashop-api.fly.dev
04:37:31.740 [main] DEBUG org.apache.http.headers -- >> Connection: Keep-Alive
04:37:31.740 [main] DEBUG org.apache.http.headers -- >> User-Agent: Apache-HttpClient/4.5.13 (Java/17.0.8)
04:37:31.740 [main] DEBUG org.apache.http.headers -- >> Accept-Encoding: gzip,deflate
04:37:31.764 [main] DEBUG org.apache.http.wire --  << "HTTP/1.1 401 Unauthorized[\r][\n]"
04:37:31.764 [main] DEBUG org.apache.http.wire --  << "content-type: application/json[\r][\n]"
04:37:31.764 [main] DEBUG org.apache.http.wire --  << "date: Mon, 30 Oct 2023 21:37:33 GMT[\r][\n]"
04:37:31.764 [main] DEBUG org.apache.http.wire --  << "content-encoding: gzip[\r][\n]"
04:37:31.764 [main] DEBUG org.apache.http.wire --  << "transfer-encoding: chunked[\r][\n]"
04:37:31.764 [main] DEBUG org.apache.http.wire --  << "server: Fly/7328d5b5 (2023-10-27)[\r][\n]"
04:37:31.764 [main] DEBUG org.apache.http.wire --  << "via: 1.1 fly.io[\r][\n]"
04:37:31.764 [main] DEBUG org.apache.http.wire --  << "fly-request-id: 01HE18AGKR2KGAMFMDHF1P1EVZ-sin[\r][\n]"
04:37:31.764 [main] DEBUG org.apache.http.wire --  << "[\r][\n]"
04:37:31.764 [main] DEBUG org.apache.http.impl.conn.DefaultClientConnection -- Receiving response: HTTP/1.1 401 Unauthorized
04:37:31.764 [main] DEBUG org.apache.http.headers -- << HTTP/1.1 401 Unauthorized
04:37:31.764 [main] DEBUG org.apache.http.headers -- << content-type: application/json
04:37:31.764 [main] DEBUG org.apache.http.headers -- << date: Mon, 30 Oct 2023 21:37:33 GMT
04:37:31.764 [main] DEBUG org.apache.http.headers -- << content-encoding: gzip
04:37:31.764 [main] DEBUG org.apache.http.headers -- << transfer-encoding: chunked
04:37:31.764 [main] DEBUG org.apache.http.headers -- << server: Fly/7328d5b5 (2023-10-27)
04:37:31.764 [main] DEBUG org.apache.http.headers -- << via: 1.1 fly.io
04:37:31.764 [main] DEBUG org.apache.http.headers -- << fly-request-id: 01HE18AGKR2KGAMFMDHF1P1EVZ-sin
04:37:31.764 [main] DEBUG org.apache.http.impl.client.DefaultHttpClient -- Connection can be kept alive indefinitely
04:37:31.764 [main] DEBUG org.apache.http.impl.client.DefaultHttpClient -- Authentication required
04:37:31.764 [main] DEBUG org.apache.http.impl.client.DefaultHttpClient -- altashop-api.fly.dev:443 requested authentication
04:37:31.764 [main] DEBUG org.apache.http.impl.client.DefaultHttpClient -- Response contains no authentication challenges
04:37:31.764 [main] DEBUG io.restassured.internal.RestAssuredHttpBuilder -- Parsing response as: application/json
04:37:31.764 [main] DEBUG org.apache.http.wire --  << "2D[\r][\n]"
04:37:31.764 [main] DEBUG org.apache.http.wire --  << "[0x1f][0x8b][0x8][0x0][0x0][0x0][0x0][0x0][0x4][0xff][0xab]VJ-*[0xca]/R[0xb2]R*[0xcd]K,-[0xc9][0xc8]/[0xca][0xac]JMQ[0xaa][0xe5][0x2][0x0]@[0x17]da[0x19][0x0][0x0][0x0]"
04:37:31.764 [main] DEBUG org.apache.http.wire --  << "[\r][\n]"
04:37:31.764 [main] DEBUG org.apache.http.wire --  << "0[\r][\n]"
04:37:31.764 [main] DEBUG org.apache.http.wire --  << "[\r][\n]"
04:37:31.764 [main] DEBUG io.restassured.internal.RestAssuredHttpBuilder -- Parsed data to instance of: class org.apache.http.conn.EofSensorInputStream
04:37:31.766 [main] DEBUG org.apache.http.impl.conn.BasicClientConnectionManager -- Releasing connection org.apache.http.impl.conn.ManagedClientConnectionImpl@3d8c3d0a
04:37:31.766 [main] DEBUG org.apache.http.impl.conn.BasicClientConnectionManager -- Connection can be kept alive indefinitely
04:37:31.766 [main] DEBUG net.thucydides.core.steps.StepInterceptor -- STEP DONE: I POST HTTP request for give products ratings without setting token
  &amp#27;[32mWhen &amp#27;[0m&amp#27;[32mI POST HTTP request for give products ratings without setting token&amp#27;[0m               &amp#27;[90m# starter.stepdefinition.RatingsSteps.postHTTPRequestForGiveProductsRatingsWithoutSettingToken()&amp#27;[0m
04:37:31.768 [main] DEBUG net.thucydides.core.steps.StepInterceptor -- STARTING STEP: RatingsSteps.receiveResponseCode401ForGiveProductsRatingsWithoutSettingToken - I receive valid HTTP response 401 for give products ratings without setting token
04:37:31.769 [main] DEBUG net.thucydides.core.steps.StepInterceptor -- STEP DONE: I receive valid HTTP response 401 for give products ratings without setting token
  &amp#27;[32mThen &amp#27;[0m&amp#27;[32mI receive valid HTTP response 401 for give products ratings without setting token&amp#27;[0m &amp#27;[90m# starter.stepdefinition.RatingsSteps.receiveResponseCode401ForGiveProductsRatingsWithoutSettingToken()&amp#27;[0m
04:37:31.769 [main] INFO  -- 
  _____   ___   ___   _____     ___     _     ___   ___   ___   ___  
 |_   _| | __| / __| |_   _|   | _ \   /_\   / __| / __| | __| |   \ 
   | |   | _|  \__ \   | |     |  _/  / _ \  \__ \ \__ \ | _|  | |) |
   |_|   |___| |___/   |_|     |_|   /_/ \_\ |___/ |___/ |___| |___/ 

TC66 - Give product ratings without setting token
----------------------------------------------------------------------
]]></system-out>
  </testcase>
  <testcase name="TC68 - Give products ratings with unavailable" classname="[07_Automation] - Ratings" time="0.092">
    <system-out><![CDATA[
Scenario: TC68 - Give products ratings with unavailable                             &amp#27;[90m# src/test/resources/Ratings.feature:18&amp#27;[0m
04:37:31.773 [main] INFO io.cucumber.core.plugin.SerenityReporter -- Running feature from file:///D:/TaksAlterra/MiniProject/MiniProject_API/src/test/resources/Ratings.feature
04:37:31.773 [main] WARN io.cucumber.core.plugin.SerenityReporter -- Feature from file:///D:/TaksAlterra/MiniProject/MiniProject_API/src/test/resources/Ratings.feature is not under the 'features' directory. Requirements report will not be correctly generated!
04:37:31.774 [main] INFO  -- 
  _____   ___   ___   _____     ___   _____     _     ___   _____   ___   ___  
 |_   _| | __| / __| |_   _|   / __| |_   _|   /_\   | _ \ |_   _| | __| |   \ 
   | |   | _|  \__ \   | |     \__ \   | |    / _ \  |   /   | |   | _|  | |) |
   |_|   |___| |___/   |_|     |___/   |_|   /_/ \_\ |_|_\   |_|   |___| |___/ 

TC68 - Give products ratings with unavailable([07-automation]---ratings;tc68---give-products-ratings-with-unavailable)
--------------------------------------------------------------------------------
04:37:31.776 [main] DEBUG net.thucydides.core.steps.StepInterceptor -- STARTING STEP: RatingsSteps.postGiveProductsRatingsEndpoints4 - I POST give products ratings endpoints 4
04:37:31.776 [main] DEBUG net.thucydides.core.steps.StepInterceptor -- STEP DONE: I POST give products ratings endpoints 4
  &amp#27;[32mGiven &amp#27;[0m&amp#27;[32mI POST give products ratings endpoints 4&amp#27;[0m                                    &amp#27;[90m# starter.stepdefinition.RatingsSteps.postGiveProductsRatingsEndpoints4()&amp#27;[0m
04:37:31.778 [main] DEBUG net.thucydides.core.steps.StepInterceptor -- STARTING STEP: RatingsSteps.postHTTPRequestForGiveProductsRatingsWithUnavailable - I POST HTTP request for give products ratings with unavailable
04:37:31.778 [main] DEBUG net.thucydides.core.steps.StepInterceptor -- STARTING STEP: Ratings.postHTTPRequestForGiveProductsRatingsWithUnavailable - I POST give products ratings endpoints 4
04:37:31.778 [main] DEBUG net.thucydides.core.steps.StepInterceptor -- STEP DONE: I POST give products ratings endpoints 4
04:37:31.782 [main] DEBUG org.apache.http.impl.conn.BasicClientConnectionManager -- Get connection for route {s}->https://altashop-api.fly.dev:443
04:37:31.782 [main] DEBUG org.apache.http.impl.conn.DefaultClientConnectionOperator -- Connecting to altashop-api.fly.dev:443
04:37:31.832 [main] DEBUG org.apache.http.client.protocol.RequestAddCookies -- CookieSpec selected: ignoreCookies
04:37:31.832 [main] DEBUG org.apache.http.client.protocol.RequestAuthCache -- Auth cache not set in the context
04:37:31.832 [main] DEBUG org.apache.http.client.protocol.RequestProxyAuthentication -- Proxy auth state: UNCHALLENGED
04:37:31.832 [main] DEBUG org.apache.http.impl.client.DefaultHttpClient -- Attempt 1 to execute request
04:37:31.832 [main] DEBUG org.apache.http.impl.conn.DefaultClientConnection -- Sending request: POST /api/products/2/ratings HTTP/1.1
04:37:31.832 [main] DEBUG org.apache.http.wire --  >> "POST /api/products/2/ratings HTTP/1.1[\r][\n]"
04:37:31.832 [main] DEBUG org.apache.http.wire --  >> "Content-Type: application/json[\r][\n]"
04:37:31.832 [main] DEBUG org.apache.http.wire --  >> "Authorization: Bearer eyJhbGciOiJIUzI1NiIsInR5cCI6IkpXVCJ9.eyJGdWxsbmFtZSI6IldpeWFuIEhlcnJhIEhlcnZpYW5hIiwiRW1haWwiOiJ3aXlhbkBtYWlsLmNvbSJ9.NPXYoUbe7TJtZoFcbm-zZ2v4Arez-S9PaYhOwdAKxZI[\r][\n]"
04:37:31.832 [main] DEBUG org.apache.http.wire --  >> "Accept: */*[\r][\n]"
04:37:31.832 [main] DEBUG org.apache.http.wire --  >> "Content-Length: 0[\r][\n]"
04:37:31.832 [main] DEBUG org.apache.http.wire --  >> "Host: altashop-api.fly.dev[\r][\n]"
04:37:31.832 [main] DEBUG org.apache.http.wire --  >> "Connection: Keep-Alive[\r][\n]"
04:37:31.832 [main] DEBUG org.apache.http.wire --  >> "User-Agent: Apache-HttpClient/4.5.13 (Java/17.0.8)[\r][\n]"
04:37:31.832 [main] DEBUG org.apache.http.wire --  >> "Accept-Encoding: gzip,deflate[\r][\n]"
04:37:31.832 [main] DEBUG org.apache.http.wire --  >> "[\r][\n]"
04:37:31.832 [main] DEBUG org.apache.http.headers -- >> POST /api/products/2/ratings HTTP/1.1
04:37:31.832 [main] DEBUG org.apache.http.headers -- >> Content-Type: application/json
04:37:31.832 [main] DEBUG org.apache.http.headers -- >> Authorization: Bearer eyJhbGciOiJIUzI1NiIsInR5cCI6IkpXVCJ9.eyJGdWxsbmFtZSI6IldpeWFuIEhlcnJhIEhlcnZpYW5hIiwiRW1haWwiOiJ3aXlhbkBtYWlsLmNvbSJ9.NPXYoUbe7TJtZoFcbm-zZ2v4Arez-S9PaYhOwdAKxZI
04:37:31.832 [main] DEBUG org.apache.http.headers -- >> Accept: */*
04:37:31.832 [main] DEBUG org.apache.http.headers -- >> Content-Length: 0
04:37:31.832 [main] DEBUG org.apache.http.headers -- >> Host: altashop-api.fly.dev
04:37:31.832 [main] DEBUG org.apache.http.headers -- >> Connection: Keep-Alive
04:37:31.832 [main] DEBUG org.apache.http.headers -- >> User-Agent: Apache-HttpClient/4.5.13 (Java/17.0.8)
04:37:31.832 [main] DEBUG org.apache.http.headers -- >> Accept-Encoding: gzip,deflate
04:37:31.858 [main] DEBUG org.apache.http.wire --  << "HTTP/1.1 401 Unauthorized[\r][\n]"
04:37:31.858 [main] DEBUG org.apache.http.wire --  << "content-type: application/json[\r][\n]"
04:37:31.858 [main] DEBUG org.apache.http.wire --  << "date: Mon, 30 Oct 2023 21:37:33 GMT[\r][\n]"
04:37:31.858 [main] DEBUG org.apache.http.wire --  << "content-encoding: gzip[\r][\n]"
04:37:31.858 [main] DEBUG org.apache.http.wire --  << "transfer-encoding: chunked[\r][\n]"
04:37:31.858 [main] DEBUG org.apache.http.wire --  << "server: Fly/7328d5b5 (2023-10-27)[\r][\n]"
04:37:31.858 [main] DEBUG org.apache.http.wire --  << "via: 1.1 fly.io[\r][\n]"
04:37:31.858 [main] DEBUG org.apache.http.wire --  << "fly-request-id: 01HE18AGPNHEJJQKGSPYW66VR5-sin[\r][\n]"
04:37:31.858 [main] DEBUG org.apache.http.wire --  << "[\r][\n]"
04:37:31.858 [main] DEBUG org.apache.http.impl.conn.DefaultClientConnection -- Receiving response: HTTP/1.1 401 Unauthorized
04:37:31.858 [main] DEBUG org.apache.http.headers -- << HTTP/1.1 401 Unauthorized
04:37:31.858 [main] DEBUG org.apache.http.headers -- << content-type: application/json
04:37:31.858 [main] DEBUG org.apache.http.headers -- << date: Mon, 30 Oct 2023 21:37:33 GMT
04:37:31.858 [main] DEBUG org.apache.http.headers -- << content-encoding: gzip
04:37:31.858 [main] DEBUG org.apache.http.headers -- << transfer-encoding: chunked
04:37:31.858 [main] DEBUG org.apache.http.headers -- << server: Fly/7328d5b5 (2023-10-27)
04:37:31.858 [main] DEBUG org.apache.http.headers -- << via: 1.1 fly.io
04:37:31.858 [main] DEBUG org.apache.http.headers -- << fly-request-id: 01HE18AGPNHEJJQKGSPYW66VR5-sin
04:37:31.858 [main] DEBUG org.apache.http.impl.client.DefaultHttpClient -- Connection can be kept alive indefinitely
04:37:31.858 [main] DEBUG org.apache.http.impl.client.DefaultHttpClient -- Authentication required
04:37:31.858 [main] DEBUG org.apache.http.impl.client.DefaultHttpClient -- altashop-api.fly.dev:443 requested authentication
04:37:31.858 [main] DEBUG org.apache.http.impl.client.DefaultHttpClient -- Response contains no authentication challenges
04:37:31.858 [main] DEBUG io.restassured.internal.RestAssuredHttpBuilder -- Parsing response as: application/json
04:37:31.858 [main] DEBUG org.apache.http.wire --  << "31[\r][\n]"
04:37:31.858 [main] DEBUG org.apache.http.wire --  << "[0x1f][0x8b][0x8][0x0][0x0][0x0][0x0][0x0][0x4][0xff][0xab]VJ-*[0xca]/R[0xb2]R*JM[0xce]/JQ[0xc8][0xcb]/QH[0xcb]/[0xcd]KQ[0xaa][0xe5][0x2][0x0]6`[0x14][0x2][0x1d][0x0][0x0][0x0]"
04:37:31.858 [main] DEBUG org.apache.http.wire --  << "[\r][\n]"
04:37:31.858 [main] DEBUG org.apache.http.wire --  << "0[\r][\n]"
04:37:31.858 [main] DEBUG org.apache.http.wire --  << "[\r][\n]"
04:37:31.859 [main] DEBUG io.restassured.internal.RestAssuredHttpBuilder -- Parsed data to instance of: class org.apache.http.conn.EofSensorInputStream
04:37:31.859 [main] DEBUG org.apache.http.impl.conn.BasicClientConnectionManager -- Releasing connection org.apache.http.impl.conn.ManagedClientConnectionImpl@2762bd70
04:37:31.859 [main] DEBUG org.apache.http.impl.conn.BasicClientConnectionManager -- Connection can be kept alive indefinitely
04:37:31.859 [main] DEBUG net.thucydides.core.steps.StepInterceptor -- STEP DONE: I POST HTTP request for give products ratings with unavailable
  &amp#27;[32mWhen &amp#27;[0m&amp#27;[32mI POST HTTP request for give products ratings with unavailable&amp#27;[0m               &amp#27;[90m# starter.stepdefinition.RatingsSteps.postHTTPRequestForGiveProductsRatingsWithUnavailable()&amp#27;[0m
04:37:31.860 [main] DEBUG net.thucydides.core.steps.StepInterceptor -- STARTING STEP: RatingsSteps.receiveResponseCode401ForGiveProductsRatingsWithUnavailable - I receive valid HTTP response 401 for give products ratings with unavailable
04:37:31.861 [main] DEBUG net.thucydides.core.steps.StepInterceptor -- STEP DONE: I receive valid HTTP response 401 for give products ratings with unavailable
  &amp#27;[32mThen &amp#27;[0m&amp#27;[32mI receive valid HTTP response 401 for give products ratings with unavailable&amp#27;[0m &amp#27;[90m# starter.stepdefinition.RatingsSteps.receiveResponseCode401ForGiveProductsRatingsWithUnavailable()&amp#27;[0m
04:37:31.861 [main] INFO  -- 
  _____   ___   ___   _____     ___     _     ___   ___   ___   ___  
 |_   _| | __| / __| |_   _|   | _ \   /_\   / __| / __| | __| |   \ 
   | |   | _|  \__ \   | |     |  _/  / _ \  \__ \ \__ \ | _|  | |) |
   |_|   |___| |___/   |_|     |_|   /_/ \_\ |___/ |___/ |___| |___/ 

TC68 - Give products ratings with unavailable
----------------------------------------------------------------------
]]></system-out>
  </testcase>
  <testcase name="TC69 - Give products ratings with invalid HTTP method" classname="[07_Automation] - Ratings" time="0.091">
    <system-out><![CDATA[
Scenario: TC69 - Give products ratings with invalid HTTP method                             &amp#27;[90m# src/test/resources/Ratings.feature:23&amp#27;[0m
04:37:31.865 [main] INFO io.cucumber.core.plugin.SerenityReporter -- Running feature from file:///D:/TaksAlterra/MiniProject/MiniProject_API/src/test/resources/Ratings.feature
04:37:31.865 [main] WARN io.cucumber.core.plugin.SerenityReporter -- Feature from file:///D:/TaksAlterra/MiniProject/MiniProject_API/src/test/resources/Ratings.feature is not under the 'features' directory. Requirements report will not be correctly generated!
04:37:31.865 [main] INFO  -- 
  _____   ___   ___   _____     ___   _____     _     ___   _____   ___   ___  
 |_   _| | __| / __| |_   _|   / __| |_   _|   /_\   | _ \ |_   _| | __| |   \ 
   | |   | _|  \__ \   | |     \__ \   | |    / _ \  |   /   | |   | _|  | |) |
   |_|   |___| |___/   |_|     |___/   |_|   /_/ \_\ |_|_\   |_|   |___| |___/ 

TC69 - Give products ratings with invalid HTTP method([07-automation]---ratings;tc69---give-products-ratings-with-invalid-http-method)
--------------------------------------------------------------------------------
04:37:31.868 [main] DEBUG net.thucydides.core.steps.StepInterceptor -- STARTING STEP: RatingsSteps.putGiveProductsRatingsEndpoints - I set PUT give products ratings endpoints
04:37:31.868 [main] DEBUG net.thucydides.core.steps.StepInterceptor -- STEP DONE: I set PUT give products ratings endpoints
  &amp#27;[32mGiven &amp#27;[0m&amp#27;[32mI set PUT give products ratings endpoints&amp#27;[0m                                           &amp#27;[90m# starter.stepdefinition.RatingsSteps.putGiveProductsRatingsEndpoints()&amp#27;[0m
04:37:31.869 [main] DEBUG net.thucydides.core.steps.StepInterceptor -- STARTING STEP: RatingsSteps.sendHTTPRequestForGiveProductsRatingsWithInvalidHTTPMethod - I send HTTP request for give products ratings with invalid HTTP method
04:37:31.870 [main] DEBUG net.thucydides.core.steps.StepInterceptor -- STARTING STEP: Ratings.sendHTTPRequestForGiveProductsRatingsWithInvalidHTTPMethod - I set PUT give products ratings endpoints
04:37:31.870 [main] DEBUG net.thucydides.core.steps.StepInterceptor -- STEP DONE: I set PUT give products ratings endpoints
04:37:31.873 [main] DEBUG org.apache.http.impl.conn.BasicClientConnectionManager -- Get connection for route {s}->https://altashop-api.fly.dev:443
04:37:31.873 [main] DEBUG org.apache.http.impl.conn.DefaultClientConnectionOperator -- Connecting to altashop-api.fly.dev:443
04:37:31.925 [main] DEBUG org.apache.http.client.protocol.RequestAddCookies -- CookieSpec selected: ignoreCookies
04:37:31.925 [main] DEBUG org.apache.http.client.protocol.RequestAuthCache -- Auth cache not set in the context
04:37:31.925 [main] DEBUG org.apache.http.client.protocol.RequestTargetAuthentication -- Target auth state: UNCHALLENGED
04:37:31.925 [main] DEBUG org.apache.http.client.protocol.RequestProxyAuthentication -- Proxy auth state: UNCHALLENGED
04:37:31.925 [main] DEBUG org.apache.http.impl.client.DefaultHttpClient -- Attempt 1 to execute request
04:37:31.925 [main] DEBUG org.apache.http.impl.conn.DefaultClientConnection -- Sending request: PUT /api/products/11672/ratings HTTP/1.1
04:37:31.925 [main] DEBUG org.apache.http.wire --  >> "PUT /api/products/11672/ratings HTTP/1.1[\r][\n]"
04:37:31.925 [main] DEBUG org.apache.http.wire --  >> "Content-Type: application/json[\r][\n]"
04:37:31.925 [main] DEBUG org.apache.http.wire --  >> "Accept: */*[\r][\n]"
04:37:31.925 [main] DEBUG org.apache.http.wire --  >> "Content-Length: 0[\r][\n]"
04:37:31.925 [main] DEBUG org.apache.http.wire --  >> "Host: altashop-api.fly.dev[\r][\n]"
04:37:31.925 [main] DEBUG org.apache.http.wire --  >> "Connection: Keep-Alive[\r][\n]"
04:37:31.925 [main] DEBUG org.apache.http.wire --  >> "User-Agent: Apache-HttpClient/4.5.13 (Java/17.0.8)[\r][\n]"
04:37:31.925 [main] DEBUG org.apache.http.wire --  >> "Accept-Encoding: gzip,deflate[\r][\n]"
04:37:31.925 [main] DEBUG org.apache.http.wire --  >> "[\r][\n]"
04:37:31.925 [main] DEBUG org.apache.http.headers -- >> PUT /api/products/11672/ratings HTTP/1.1
04:37:31.925 [main] DEBUG org.apache.http.headers -- >> Content-Type: application/json
04:37:31.925 [main] DEBUG org.apache.http.headers -- >> Accept: */*
04:37:31.925 [main] DEBUG org.apache.http.headers -- >> Content-Length: 0
04:37:31.925 [main] DEBUG org.apache.http.headers -- >> Host: altashop-api.fly.dev
04:37:31.925 [main] DEBUG org.apache.http.headers -- >> Connection: Keep-Alive
04:37:31.925 [main] DEBUG org.apache.http.headers -- >> User-Agent: Apache-HttpClient/4.5.13 (Java/17.0.8)
04:37:31.925 [main] DEBUG org.apache.http.headers -- >> Accept-Encoding: gzip,deflate
04:37:31.949 [main] DEBUG org.apache.http.wire --  << "HTTP/1.1 405 Method Not Allowed[\r][\n]"
04:37:31.949 [main] DEBUG org.apache.http.wire --  << "date: Mon, 30 Oct 2023 21:37:33 GMT[\r][\n]"
04:37:31.949 [main] DEBUG org.apache.http.wire --  << "content-encoding: gzip[\r][\n]"
04:37:31.949 [main] DEBUG org.apache.http.wire --  << "content-type: text/plain; charset=utf-8[\r][\n]"
04:37:31.949 [main] DEBUG org.apache.http.wire --  << "transfer-encoding: chunked[\r][\n]"
04:37:31.949 [main] DEBUG org.apache.http.wire --  << "server: Fly/7328d5b5 (2023-10-27)[\r][\n]"
04:37:31.949 [main] DEBUG org.apache.http.wire --  << "via: 1.1 fly.io[\r][\n]"
04:37:31.949 [main] DEBUG org.apache.http.wire --  << "fly-request-id: 01HE18AGSHNDQJP58FNV02ZEWM-sin[\r][\n]"
04:37:31.949 [main] DEBUG org.apache.http.wire --  << "[\r][\n]"
04:37:31.949 [main] DEBUG org.apache.http.impl.conn.DefaultClientConnection -- Receiving response: HTTP/1.1 405 Method Not Allowed
04:37:31.949 [main] DEBUG org.apache.http.headers -- << HTTP/1.1 405 Method Not Allowed
04:37:31.949 [main] DEBUG org.apache.http.headers -- << date: Mon, 30 Oct 2023 21:37:33 GMT
04:37:31.949 [main] DEBUG org.apache.http.headers -- << content-encoding: gzip
04:37:31.949 [main] DEBUG org.apache.http.headers -- << content-type: text/plain; charset=utf-8
04:37:31.949 [main] DEBUG org.apache.http.headers -- << transfer-encoding: chunked
04:37:31.949 [main] DEBUG org.apache.http.headers -- << server: Fly/7328d5b5 (2023-10-27)
04:37:31.949 [main] DEBUG org.apache.http.headers -- << via: 1.1 fly.io
04:37:31.949 [main] DEBUG org.apache.http.headers -- << fly-request-id: 01HE18AGSHNDQJP58FNV02ZEWM-sin
04:37:31.949 [main] DEBUG org.apache.http.impl.client.DefaultHttpClient -- Connection can be kept alive indefinitely
04:37:31.949 [main] DEBUG io.restassured.internal.RestAssuredHttpBuilder -- Parsing response as: text/plain; charset=utf-8
04:37:31.949 [main] DEBUG org.apache.http.wire --  << "27[\r][\n]"
04:37:31.949 [main] DEBUG org.apache.http.wire --  << "[0x1f][0x8b][0x8][0x0][0x0][0x0][0x0][0x0][0x4][0xff][0xcb]M-[0xc9][0xc8]OQ[0xc8][0xcb]/QH[0xcc][0xc9][0xc9]/OM[0xe1][0x2][0x0][0xe5]Yf[0xfa][0x13][0x0][0x0][0x0]"
04:37:31.949 [main] DEBUG org.apache.http.wire --  << "[\r][\n]"
04:37:31.949 [main] DEBUG org.apache.http.wire --  << "0[\r][\n]"
04:37:31.949 [main] DEBUG org.apache.http.wire --  << "[\r][\n]"
04:37:31.949 [main] DEBUG io.restassured.internal.RestAssuredHttpBuilder -- Parsed data to instance of: class org.apache.http.conn.EofSensorInputStream
04:37:31.950 [main] DEBUG org.apache.http.impl.conn.BasicClientConnectionManager -- Releasing connection org.apache.http.impl.conn.ManagedClientConnectionImpl@6f8c6694
04:37:31.950 [main] DEBUG org.apache.http.impl.conn.BasicClientConnectionManager -- Connection can be kept alive indefinitely
04:37:31.950 [main] DEBUG net.thucydides.core.steps.StepInterceptor -- STEP DONE: I send HTTP request for give products ratings with invalid HTTP method
  &amp#27;[32mWhen &amp#27;[0m&amp#27;[32mI send HTTP request for give products ratings with invalid HTTP method&amp#27;[0m               &amp#27;[90m# starter.stepdefinition.RatingsSteps.sendHTTPRequestForGiveProductsRatingsWithInvalidHTTPMethod()&amp#27;[0m
04:37:31.952 [main] DEBUG net.thucydides.core.steps.StepInterceptor -- STARTING STEP: RatingsSteps.receiveResponseCode405ForGiveProductsRatingsWithInvalidHTTPMethod - I receive valid HTTP response 405 for give products ratings with invalid HTTP method
04:37:31.952 [main] DEBUG net.thucydides.core.steps.StepInterceptor -- STEP DONE: I receive valid HTTP response 405 for give products ratings with invalid HTTP method
  &amp#27;[32mThen &amp#27;[0m&amp#27;[32mI receive valid HTTP response 405 for give products ratings with invalid HTTP method&amp#27;[0m &amp#27;[90m# starter.stepdefinition.RatingsSteps.receiveResponseCode405ForGiveProductsRatingsWithInvalidHTTPMethod()&amp#27;[0m
04:37:31.953 [main] INFO  -- 
  _____   ___   ___   _____     ___     _     ___   ___   ___   ___  
 |_   _| | __| / __| |_   _|   | _ \   /_\   / __| / __| | __| |   \ 
   | |   | _|  \__ \   | |     |  _/  / _ \  \__ \ \__ \ | _|  | |) |
   |_|   |___| |___/   |_|     |_|   /_/ \_\ |___/ |___/ |___| |___/ 

TC69 - Give products ratings with invalid HTTP method
----------------------------------------------------------------------
]]></system-out>
  </testcase>
  <testcase name="TC70 - Get products ratings" classname="[07_Automation] - Ratings" time="0.093">
    <system-out><![CDATA[
Scenario: TC70 - Get products ratings                             &amp#27;[90m# src/test/resources/Ratings.feature:28&amp#27;[0m
04:37:31.956 [main] INFO io.cucumber.core.plugin.SerenityReporter -- Running feature from file:///D:/TaksAlterra/MiniProject/MiniProject_API/src/test/resources/Ratings.feature
04:37:31.956 [main] WARN io.cucumber.core.plugin.SerenityReporter -- Feature from file:///D:/TaksAlterra/MiniProject/MiniProject_API/src/test/resources/Ratings.feature is not under the 'features' directory. Requirements report will not be correctly generated!
04:37:31.957 [main] INFO  -- 
  _____   ___   ___   _____     ___   _____     _     ___   _____   ___   ___  
 |_   _| | __| / __| |_   _|   / __| |_   _|   /_\   | _ \ |_   _| | __| |   \ 
   | |   | _|  \__ \   | |     \__ \   | |    / _ \  |   /   | |   | _|  | |) |
   |_|   |___| |___/   |_|     |___/   |_|   /_/ \_\ |_|_\   |_|   |___| |___/ 

TC70 - Get products ratings([07-automation]---ratings;tc70---get-products-ratings)
--------------------------------------------------------------------------------
04:37:31.960 [main] DEBUG net.thucydides.core.steps.StepInterceptor -- STARTING STEP: RatingsSteps.getProductsRatingsEndpoints - I GET products ratings endpoints
04:37:31.960 [main] DEBUG net.thucydides.core.steps.StepInterceptor -- STEP DONE: I GET products ratings endpoints
  &amp#27;[32mGiven &amp#27;[0m&amp#27;[32mI GET products ratings endpoints&amp#27;[0m                          &amp#27;[90m# starter.stepdefinition.RatingsSteps.getProductsRatingsEndpoints()&amp#27;[0m
04:37:31.961 [main] DEBUG net.thucydides.core.steps.StepInterceptor -- STARTING STEP: RatingsSteps.getHTTPRequestForProductsRatings - I GET HTTP request for products ratings
04:37:31.961 [main] DEBUG net.thucydides.core.steps.StepInterceptor -- STARTING STEP: Ratings.getHTTPRequestForProductsRatings - I GET products ratings endpoints
04:37:31.961 [main] DEBUG net.thucydides.core.steps.StepInterceptor -- STEP DONE: I GET products ratings endpoints
04:37:31.964 [main] DEBUG org.apache.http.impl.conn.BasicClientConnectionManager -- Get connection for route {s}->https://altashop-api.fly.dev:443
04:37:31.964 [main] DEBUG org.apache.http.impl.conn.DefaultClientConnectionOperator -- Connecting to altashop-api.fly.dev:443
04:37:32.018 [main] DEBUG org.apache.http.client.protocol.RequestAddCookies -- CookieSpec selected: ignoreCookies
04:37:32.018 [main] DEBUG org.apache.http.client.protocol.RequestAuthCache -- Auth cache not set in the context
04:37:32.018 [main] DEBUG org.apache.http.client.protocol.RequestProxyAuthentication -- Proxy auth state: UNCHALLENGED
04:37:32.018 [main] DEBUG org.apache.http.impl.client.DefaultHttpClient -- Attempt 1 to execute request
04:37:32.018 [main] DEBUG org.apache.http.impl.conn.DefaultClientConnection -- Sending request: GET /api/products/11672/ratings HTTP/1.1
04:37:32.018 [main] DEBUG org.apache.http.wire --  >> "GET /api/products/11672/ratings HTTP/1.1[\r][\n]"
04:37:32.018 [main] DEBUG org.apache.http.wire --  >> "Authorization: Bearer eyJhbGciOiJIUzI1NiIsInR5cCI6IkpXVCJ9.eyJGdWxsbmFtZSI6IldpeWFuIEhlcnJhIEhlcnZpYW5hIiwiRW1haWwiOiJ3aXlhbkBtYWlsLmNvbSJ9.NPXYoUbe7TJtZoFcbm-zZ2v4Arez-S9PaYhOwdAKxZI[\r][\n]"
04:37:32.018 [main] DEBUG org.apache.http.wire --  >> "Accept: */*[\r][\n]"
04:37:32.018 [main] DEBUG org.apache.http.wire --  >> "Host: altashop-api.fly.dev[\r][\n]"
04:37:32.018 [main] DEBUG org.apache.http.wire --  >> "Connection: Keep-Alive[\r][\n]"
04:37:32.018 [main] DEBUG org.apache.http.wire --  >> "User-Agent: Apache-HttpClient/4.5.13 (Java/17.0.8)[\r][\n]"
04:37:32.018 [main] DEBUG org.apache.http.wire --  >> "Accept-Encoding: gzip,deflate[\r][\n]"
04:37:32.018 [main] DEBUG org.apache.http.wire --  >> "[\r][\n]"
04:37:32.018 [main] DEBUG org.apache.http.headers -- >> GET /api/products/11672/ratings HTTP/1.1
04:37:32.018 [main] DEBUG org.apache.http.headers -- >> Authorization: Bearer eyJhbGciOiJIUzI1NiIsInR5cCI6IkpXVCJ9.eyJGdWxsbmFtZSI6IldpeWFuIEhlcnJhIEhlcnZpYW5hIiwiRW1haWwiOiJ3aXlhbkBtYWlsLmNvbSJ9.NPXYoUbe7TJtZoFcbm-zZ2v4Arez-S9PaYhOwdAKxZI
04:37:32.018 [main] DEBUG org.apache.http.headers -- >> Accept: */*
04:37:32.018 [main] DEBUG org.apache.http.headers -- >> Host: altashop-api.fly.dev
04:37:32.018 [main] DEBUG org.apache.http.headers -- >> Connection: Keep-Alive
04:37:32.018 [main] DEBUG org.apache.http.headers -- >> User-Agent: Apache-HttpClient/4.5.13 (Java/17.0.8)
04:37:32.018 [main] DEBUG org.apache.http.headers -- >> Accept-Encoding: gzip,deflate
04:37:32.042 [main] DEBUG org.apache.http.wire --  << "HTTP/1.1 200 OK[\r][\n]"
04:37:32.043 [main] DEBUG org.apache.http.wire --  << "content-type: application/json[\r][\n]"
04:37:32.043 [main] DEBUG org.apache.http.wire --  << "date: Mon, 30 Oct 2023 21:37:33 GMT[\r][\n]"
04:37:32.043 [main] DEBUG org.apache.http.wire --  << "content-encoding: gzip[\r][\n]"
04:37:32.043 [main] DEBUG org.apache.http.wire --  << "transfer-encoding: chunked[\r][\n]"
04:37:32.043 [main] DEBUG org.apache.http.wire --  << "server: Fly/7328d5b5 (2023-10-27)[\r][\n]"
04:37:32.043 [main] DEBUG org.apache.http.wire --  << "via: 1.1 fly.io[\r][\n]"
04:37:32.043 [main] DEBUG org.apache.http.wire --  << "fly-request-id: 01HE18AGWETGV9DZEM12HS1JZT-sin[\r][\n]"
04:37:32.043 [main] DEBUG org.apache.http.wire --  << "[\r][\n]"
04:37:32.043 [main] DEBUG org.apache.http.impl.conn.DefaultClientConnection -- Receiving response: HTTP/1.1 200 OK
04:37:32.043 [main] DEBUG org.apache.http.headers -- << HTTP/1.1 200 OK
04:37:32.043 [main] DEBUG org.apache.http.headers -- << content-type: application/json
04:37:32.043 [main] DEBUG org.apache.http.headers -- << date: Mon, 30 Oct 2023 21:37:33 GMT
04:37:32.043 [main] DEBUG org.apache.http.headers -- << content-encoding: gzip
04:37:32.043 [main] DEBUG org.apache.http.headers -- << transfer-encoding: chunked
04:37:32.043 [main] DEBUG org.apache.http.headers -- << server: Fly/7328d5b5 (2023-10-27)
04:37:32.043 [main] DEBUG org.apache.http.headers -- << via: 1.1 fly.io
04:37:32.043 [main] DEBUG org.apache.http.headers -- << fly-request-id: 01HE18AGWETGV9DZEM12HS1JZT-sin
04:37:32.043 [main] DEBUG org.apache.http.impl.client.DefaultHttpClient -- Connection can be kept alive indefinitely
04:37:32.043 [main] DEBUG io.restassured.internal.RestAssuredHttpBuilder -- Parsing response as: application/json
04:37:32.043 [main] DEBUG org.apache.http.wire --  << "1F[\r][\n]"
04:37:32.043 [main] DEBUG org.apache.http.wire --  << "[0x1f][0x8b][0x8][0x0][0x0][0x0][0x0][0x0][0x4][0xff][0xab]VJI,IT[0xb2]2[0xa8][0xe5][0x2][0x0]h[0x80][0xd5]A[0xb][0x0][0x0][0x0]"
04:37:32.043 [main] DEBUG org.apache.http.wire --  << "[\r][\n]"
04:37:32.043 [main] DEBUG org.apache.http.wire --  << "0[\r][\n]"
04:37:32.043 [main] DEBUG org.apache.http.wire --  << "[\r][\n]"
04:37:32.043 [main] DEBUG io.restassured.internal.RestAssuredHttpBuilder -- Parsed data to instance of: class org.apache.http.conn.EofSensorInputStream
04:37:32.044 [main] DEBUG org.apache.http.impl.conn.BasicClientConnectionManager -- Releasing connection org.apache.http.impl.conn.ManagedClientConnectionImpl@68c9cf93
04:37:32.044 [main] DEBUG org.apache.http.impl.conn.BasicClientConnectionManager -- Connection can be kept alive indefinitely
04:37:32.044 [main] DEBUG net.thucydides.core.steps.StepInterceptor -- STEP DONE: I GET HTTP request for products ratings
  &amp#27;[32mWhen &amp#27;[0m&amp#27;[32mI GET HTTP request for products ratings&amp#27;[0m                    &amp#27;[90m# starter.stepdefinition.RatingsSteps.getHTTPRequestForProductsRatings()&amp#27;[0m
04:37:32.046 [main] DEBUG net.thucydides.core.steps.StepInterceptor -- STARTING STEP: RatingsSteps.receiveResponseCode200ForProductsRatings - I receive valid HTTP response 200 for get products ratings
04:37:32.046 [main] DEBUG net.thucydides.core.steps.StepInterceptor -- STEP DONE: I receive valid HTTP response 200 for get products ratings
  &amp#27;[32mThen &amp#27;[0m&amp#27;[32mI receive valid HTTP response 200 for get products ratings&amp#27;[0m &amp#27;[90m# starter.stepdefinition.RatingsSteps.receiveResponseCode200ForProductsRatings()&amp#27;[0m
04:37:32.047 [main] INFO  -- 
  _____   ___   ___   _____     ___     _     ___   ___   ___   ___  
 |_   _| | __| / __| |_   _|   | _ \   /_\   / __| / __| | __| |   \ 
   | |   | _|  \__ \   | |     |  _/  / _ \  \__ \ \__ \ | _|  | |) |
   |_|   |___| |___/   |_|     |_|   /_/ \_\ |___/ |___/ |___| |___/ 

TC70 - Get products ratings
----------------------------------------------------------------------
]]></system-out>
  </testcase>
  <testcase name="TC71 - Get product rating using invalid product ID with character symbols" classname="[07_Automation] - Ratings" time="0.091">
    <system-out><![CDATA[
Scenario: TC71 - Get product rating using invalid product ID with character symbols                               &amp#27;[90m# src/test/resources/Ratings.feature:33&amp#27;[0m
04:37:32.051 [main] INFO io.cucumber.core.plugin.SerenityReporter -- Running feature from file:///D:/TaksAlterra/MiniProject/MiniProject_API/src/test/resources/Ratings.feature
04:37:32.051 [main] WARN io.cucumber.core.plugin.SerenityReporter -- Feature from file:///D:/TaksAlterra/MiniProject/MiniProject_API/src/test/resources/Ratings.feature is not under the 'features' directory. Requirements report will not be correctly generated!
04:37:32.052 [main] INFO  -- 
  _____   ___   ___   _____     ___   _____     _     ___   _____   ___   ___  
 |_   _| | __| / __| |_   _|   / __| |_   _|   /_\   | _ \ |_   _| | __| |   \ 
   | |   | _|  \__ \   | |     \__ \   | |    / _ \  |   /   | |   | _|  | |) |
   |_|   |___| |___/   |_|     |___/   |_|   /_/ \_\ |_|_\   |_|   |___| |___/ 

TC71 - Get product rating using invalid product ID with character symbols([07-automation]---ratings;tc71---get-product-rating-using-invalid-product-id-with-character-symbols)
--------------------------------------------------------------------------------
04:37:32.055 [main] DEBUG net.thucydides.core.steps.StepInterceptor -- STARTING STEP: RatingsSteps.getProductsRatingsEndpointsByID - I GET products ratings endpoints by ID
04:37:32.055 [main] DEBUG net.thucydides.core.steps.StepInterceptor -- STEP DONE: I GET products ratings endpoints by ID
  &amp#27;[32mGiven &amp#27;[0m&amp#27;[32mI GET products ratings endpoints by ID&amp#27;[0m                                                                    &amp#27;[90m# starter.stepdefinition.RatingsSteps.getProductsRatingsEndpointsByID()&amp#27;[0m
04:37:32.056 [main] DEBUG net.thucydides.core.steps.StepInterceptor -- STARTING STEP: RatingsSteps.getHTTPRequestForProductsRatingsUsingInvalidProductsIDWithCharacterSymbols - I GET HTTP request for products ratings using invalid products ID with character symbols
04:37:32.057 [main] DEBUG net.thucydides.core.steps.StepInterceptor -- STARTING STEP: Ratings.getHTTPRequestForProductsRatingsUsingInvalidProductsIDWithCharacterSymbols - I GET products ratings endpoints by ID
04:37:32.057 [main] DEBUG net.thucydides.core.steps.StepInterceptor -- STEP DONE: I GET products ratings endpoints by ID
04:37:32.059 [main] DEBUG org.apache.http.impl.conn.BasicClientConnectionManager -- Get connection for route {s}->https://altashop-api.fly.dev:443
04:37:32.060 [main] DEBUG org.apache.http.impl.conn.DefaultClientConnectionOperator -- Connecting to altashop-api.fly.dev:443
04:37:32.109 [main] DEBUG org.apache.http.client.protocol.RequestAddCookies -- CookieSpec selected: ignoreCookies
04:37:32.109 [main] DEBUG org.apache.http.client.protocol.RequestAuthCache -- Auth cache not set in the context
04:37:32.109 [main] DEBUG org.apache.http.client.protocol.RequestProxyAuthentication -- Proxy auth state: UNCHALLENGED
04:37:32.109 [main] DEBUG org.apache.http.impl.client.DefaultHttpClient -- Attempt 1 to execute request
04:37:32.109 [main] DEBUG org.apache.http.impl.conn.DefaultClientConnection -- Sending request: GET /api/products/-11672/ratings HTTP/1.1
04:37:32.109 [main] DEBUG org.apache.http.wire --  >> "GET /api/products/-11672/ratings HTTP/1.1[\r][\n]"
04:37:32.109 [main] DEBUG org.apache.http.wire --  >> "Authorization: Bearer eyJhbGciOiJIUzI1NiIsInR5cCI6IkpXVCJ9.eyJGdWxsbmFtZSI6IldpeWFuIEhlcnJhIEhlcnZpYW5hIiwiRW1haWwiOiJ3aXlhbkBtYWlsLmNvbSJ9.NPXYoUbe7TJtZoFcbm-zZ2v4Arez-S9PaYhOwdAKxZI[\r][\n]"
04:37:32.109 [main] DEBUG org.apache.http.wire --  >> "Accept: */*[\r][\n]"
04:37:32.109 [main] DEBUG org.apache.http.wire --  >> "Host: altashop-api.fly.dev[\r][\n]"
04:37:32.109 [main] DEBUG org.apache.http.wire --  >> "Connection: Keep-Alive[\r][\n]"
04:37:32.109 [main] DEBUG org.apache.http.wire --  >> "User-Agent: Apache-HttpClient/4.5.13 (Java/17.0.8)[\r][\n]"
04:37:32.109 [main] DEBUG org.apache.http.wire --  >> "Accept-Encoding: gzip,deflate[\r][\n]"
04:37:32.109 [main] DEBUG org.apache.http.wire --  >> "[\r][\n]"
04:37:32.109 [main] DEBUG org.apache.http.headers -- >> GET /api/products/-11672/ratings HTTP/1.1
04:37:32.109 [main] DEBUG org.apache.http.headers -- >> Authorization: Bearer eyJhbGciOiJIUzI1NiIsInR5cCI6IkpXVCJ9.eyJGdWxsbmFtZSI6IldpeWFuIEhlcnJhIEhlcnZpYW5hIiwiRW1haWwiOiJ3aXlhbkBtYWlsLmNvbSJ9.NPXYoUbe7TJtZoFcbm-zZ2v4Arez-S9PaYhOwdAKxZI
04:37:32.109 [main] DEBUG org.apache.http.headers -- >> Accept: */*
04:37:32.109 [main] DEBUG org.apache.http.headers -- >> Host: altashop-api.fly.dev
04:37:32.109 [main] DEBUG org.apache.http.headers -- >> Connection: Keep-Alive
04:37:32.109 [main] DEBUG org.apache.http.headers -- >> User-Agent: Apache-HttpClient/4.5.13 (Java/17.0.8)
04:37:32.109 [main] DEBUG org.apache.http.headers -- >> Accept-Encoding: gzip,deflate
04:37:32.132 [main] DEBUG org.apache.http.wire --  << "HTTP/1.1 500 Internal Server Error[\r][\n]"
04:37:32.132 [main] DEBUG org.apache.http.wire --  << "content-type: application/json[\r][\n]"
04:37:32.132 [main] DEBUG org.apache.http.wire --  << "date: Mon, 30 Oct 2023 21:37:33 GMT[\r][\n]"
04:37:32.132 [main] DEBUG org.apache.http.wire --  << "content-encoding: gzip[\r][\n]"
04:37:32.132 [main] DEBUG org.apache.http.wire --  << "transfer-encoding: chunked[\r][\n]"
04:37:32.132 [main] DEBUG org.apache.http.wire --  << "server: Fly/7328d5b5 (2023-10-27)[\r][\n]"
04:37:32.132 [main] DEBUG org.apache.http.wire --  << "via: 1.1 fly.io[\r][\n]"
04:37:32.132 [main] DEBUG org.apache.http.wire --  << "fly-request-id: 01HE18AGZ973YR763ZJ2J7DM7A-sin[\r][\n]"
04:37:32.132 [main] DEBUG org.apache.http.wire --  << "[\r][\n]"
04:37:32.132 [main] DEBUG org.apache.http.impl.conn.DefaultClientConnection -- Receiving response: HTTP/1.1 500 Internal Server Error
04:37:32.132 [main] DEBUG org.apache.http.headers -- << HTTP/1.1 500 Internal Server Error
04:37:32.132 [main] DEBUG org.apache.http.headers -- << content-type: application/json
04:37:32.132 [main] DEBUG org.apache.http.headers -- << date: Mon, 30 Oct 2023 21:37:33 GMT
04:37:32.132 [main] DEBUG org.apache.http.headers -- << content-encoding: gzip
04:37:32.132 [main] DEBUG org.apache.http.headers -- << transfer-encoding: chunked
04:37:32.132 [main] DEBUG org.apache.http.headers -- << server: Fly/7328d5b5 (2023-10-27)
04:37:32.132 [main] DEBUG org.apache.http.headers -- << via: 1.1 fly.io
04:37:32.132 [main] DEBUG org.apache.http.headers -- << fly-request-id: 01HE18AGZ973YR763ZJ2J7DM7A-sin
04:37:32.132 [main] DEBUG org.apache.http.impl.client.DefaultHttpClient -- Connection can be kept alive indefinitely
04:37:32.132 [main] DEBUG io.restassured.internal.RestAssuredHttpBuilder -- Parsing response as: application/json
04:37:32.132 [main] DEBUG org.apache.http.wire --  << "5C[\r][\n]"
04:37:32.132 [main] DEBUG org.apache.http.wire --  << "[0x1f][0x8b][0x8][0x0][0x0][0x0][0x0][0x0][0x4][0xff][0xab]VJ-*[0xca]/R[0xb2]R2[0xb4]01137110767[0xb0]45[0xb6][0xb4]41Q[0xc8],VH/JM,I-R([0xc9]H[0xcc]S[0xc8]M[0xac][0xc8][0xcc]-[0xcd]U(K[0xcc])MUH[0xcb]/R[0xf0][0xcc]+1Q[0xaa][0xe5][0x2][0x0][0xbe][0xee]j*H[0x0][0x0][0x0]"
04:37:32.132 [main] DEBUG org.apache.http.wire --  << "[\r][\n]"
04:37:32.132 [main] DEBUG org.apache.http.wire --  << "0[\r][\n]"
04:37:32.132 [main] DEBUG org.apache.http.wire --  << "[\r][\n]"
04:37:32.132 [main] DEBUG io.restassured.internal.RestAssuredHttpBuilder -- Parsed data to instance of: class org.apache.http.conn.EofSensorInputStream
04:37:32.134 [main] DEBUG org.apache.http.impl.conn.BasicClientConnectionManager -- Releasing connection org.apache.http.impl.conn.ManagedClientConnectionImpl@1f9af742
04:37:32.134 [main] DEBUG org.apache.http.impl.conn.BasicClientConnectionManager -- Connection can be kept alive indefinitely
04:37:32.134 [main] DEBUG net.thucydides.core.steps.StepInterceptor -- STEP DONE: I GET HTTP request for products ratings using invalid products ID with character symbols
  &amp#27;[32mWhen &amp#27;[0m&amp#27;[32mI GET HTTP request for products ratings using invalid products ID with character symbols&amp#27;[0m                   &amp#27;[90m# starter.stepdefinition.RatingsSteps.getHTTPRequestForProductsRatingsUsingInvalidProductsIDWithCharacterSymbols()&amp#27;[0m
04:37:32.136 [main] DEBUG net.thucydides.core.steps.StepInterceptor -- STARTING STEP: RatingsSteps.receiveResponseCode500ForProductsRatingsUsingInvalidProductsIDWithCharacterSymbols - I receive valid HTTP response 500 for get products ratings using invalid product ID with character symbols
04:37:32.136 [main] DEBUG net.thucydides.core.steps.StepInterceptor -- STEP DONE: I receive valid HTTP response 500 for get products ratings using invalid product ID with character symbols
  &amp#27;[32mThen &amp#27;[0m&amp#27;[32mI receive valid HTTP response 500 for get products ratings using invalid product ID with character symbols&amp#27;[0m &amp#27;[90m# starter.stepdefinition.RatingsSteps.receiveResponseCode500ForProductsRatingsUsingInvalidProductsIDWithCharacterSymbols()&amp#27;[0m
04:37:32.137 [main] INFO  -- 
  _____   ___   ___   _____     ___     _     ___   ___   ___   ___  
 |_   _| | __| / __| |_   _|   | _ \   /_\   / __| / __| | __| |   \ 
   | |   | _|  \__ \   | |     |  _/  / _ \  \__ \ \__ \ | _|  | |) |
   |_|   |___| |___/   |_|     |_|   /_/ \_\ |___/ |___/ |___| |___/ 

TC71 - Get product rating using invalid product ID with character symbols
----------------------------------------------------------------------
]]></system-out>
  </testcase>
  <testcase name="TC72 - Get product rating using invalid product id with character alphabet" classname="[07_Automation] - Ratings" time="0.087">
    <system-out><![CDATA[
Scenario: TC72 - Get product rating using invalid product id with character alphabet                               &amp#27;[90m# src/test/resources/Ratings.feature:38&amp#27;[0m
04:37:32.141 [main] INFO io.cucumber.core.plugin.SerenityReporter -- Running feature from file:///D:/TaksAlterra/MiniProject/MiniProject_API/src/test/resources/Ratings.feature
04:37:32.141 [main] WARN io.cucumber.core.plugin.SerenityReporter -- Feature from file:///D:/TaksAlterra/MiniProject/MiniProject_API/src/test/resources/Ratings.feature is not under the 'features' directory. Requirements report will not be correctly generated!
04:37:32.141 [main] INFO  -- 
  _____   ___   ___   _____     ___   _____     _     ___   _____   ___   ___  
 |_   _| | __| / __| |_   _|   / __| |_   _|   /_\   | _ \ |_   _| | __| |   \ 
   | |   | _|  \__ \   | |     \__ \   | |    / _ \  |   /   | |   | _|  | |) |
   |_|   |___| |___/   |_|     |___/   |_|   /_/ \_\ |_|_\   |_|   |___| |___/ 

TC72 - Get product rating using invalid product id with character alphabet([07-automation]---ratings;tc72---get-product-rating-using-invalid-product-id-with-character-alphabet)
--------------------------------------------------------------------------------
04:37:32.144 [main] DEBUG net.thucydides.core.steps.StepInterceptor -- STARTING STEP: RatingsSteps.getProductsRatingsEndpointsByID2 - I GET products ratings endpoints by ID 2
04:37:32.144 [main] DEBUG net.thucydides.core.steps.StepInterceptor -- STEP DONE: I GET products ratings endpoints by ID 2
  &amp#27;[32mGiven &amp#27;[0m&amp#27;[32mI GET products ratings endpoints by ID 2&amp#27;[0m                                                                   &amp#27;[90m# starter.stepdefinition.RatingsSteps.getProductsRatingsEndpointsByID2()&amp#27;[0m
04:37:32.146 [main] DEBUG net.thucydides.core.steps.StepInterceptor -- STARTING STEP: RatingsSteps.getHTTPRequestForProductsRatingsUsingInvalidProductsIDWithCharacterAlphabet - I GET HTTP request for products ratings using invalid products ID with character alphabet
04:37:32.146 [main] DEBUG net.thucydides.core.steps.StepInterceptor -- STARTING STEP: Ratings.getHTTPRequestForProductsRatingsUsingInvalidProductsIDWithCharacterAlphabet - I GET products ratings endpoints by ID 2
04:37:32.146 [main] DEBUG net.thucydides.core.steps.StepInterceptor -- STEP DONE: I GET products ratings endpoints by ID 2
04:37:32.150 [main] DEBUG org.apache.http.impl.conn.BasicClientConnectionManager -- Get connection for route {s}->https://altashop-api.fly.dev:443
04:37:32.150 [main] DEBUG org.apache.http.impl.conn.DefaultClientConnectionOperator -- Connecting to altashop-api.fly.dev:443
04:37:32.197 [main] DEBUG org.apache.http.client.protocol.RequestAddCookies -- CookieSpec selected: ignoreCookies
04:37:32.197 [main] DEBUG org.apache.http.client.protocol.RequestAuthCache -- Auth cache not set in the context
04:37:32.197 [main] DEBUG org.apache.http.client.protocol.RequestProxyAuthentication -- Proxy auth state: UNCHALLENGED
04:37:32.197 [main] DEBUG org.apache.http.impl.client.DefaultHttpClient -- Attempt 1 to execute request
04:37:32.197 [main] DEBUG org.apache.http.impl.conn.DefaultClientConnection -- Sending request: GET /api/products/satu/ratings HTTP/1.1
04:37:32.197 [main] DEBUG org.apache.http.wire --  >> "GET /api/products/satu/ratings HTTP/1.1[\r][\n]"
04:37:32.197 [main] DEBUG org.apache.http.wire --  >> "Authorization: Bearer eyJhbGciOiJIUzI1NiIsInR5cCI6IkpXVCJ9.eyJGdWxsbmFtZSI6IldpeWFuIEhlcnJhIEhlcnZpYW5hIiwiRW1haWwiOiJ3aXlhbkBtYWlsLmNvbSJ9.NPXYoUbe7TJtZoFcbm-zZ2v4Arez-S9PaYhOwdAKxZI[\r][\n]"
04:37:32.197 [main] DEBUG org.apache.http.wire --  >> "Accept: */*[\r][\n]"
04:37:32.197 [main] DEBUG org.apache.http.wire --  >> "Host: altashop-api.fly.dev[\r][\n]"
04:37:32.197 [main] DEBUG org.apache.http.wire --  >> "Connection: Keep-Alive[\r][\n]"
04:37:32.197 [main] DEBUG org.apache.http.wire --  >> "User-Agent: Apache-HttpClient/4.5.13 (Java/17.0.8)[\r][\n]"
04:37:32.197 [main] DEBUG org.apache.http.wire --  >> "Accept-Encoding: gzip,deflate[\r][\n]"
04:37:32.197 [main] DEBUG org.apache.http.wire --  >> "[\r][\n]"
04:37:32.197 [main] DEBUG org.apache.http.headers -- >> GET /api/products/satu/ratings HTTP/1.1
04:37:32.197 [main] DEBUG org.apache.http.headers -- >> Authorization: Bearer eyJhbGciOiJIUzI1NiIsInR5cCI6IkpXVCJ9.eyJGdWxsbmFtZSI6IldpeWFuIEhlcnJhIEhlcnZpYW5hIiwiRW1haWwiOiJ3aXlhbkBtYWlsLmNvbSJ9.NPXYoUbe7TJtZoFcbm-zZ2v4Arez-S9PaYhOwdAKxZI
04:37:32.197 [main] DEBUG org.apache.http.headers -- >> Accept: */*
04:37:32.197 [main] DEBUG org.apache.http.headers -- >> Host: altashop-api.fly.dev
04:37:32.197 [main] DEBUG org.apache.http.headers -- >> Connection: Keep-Alive
04:37:32.197 [main] DEBUG org.apache.http.headers -- >> User-Agent: Apache-HttpClient/4.5.13 (Java/17.0.8)
04:37:32.197 [main] DEBUG org.apache.http.headers -- >> Accept-Encoding: gzip,deflate
04:37:32.221 [main] DEBUG org.apache.http.wire --  << "HTTP/1.1 400 Bad Request[\r][\n]"
04:37:32.221 [main] DEBUG org.apache.http.wire --  << "content-type: application/json[\r][\n]"
04:37:32.221 [main] DEBUG org.apache.http.wire --  << "date: Mon, 30 Oct 2023 21:37:33 GMT[\r][\n]"
04:37:32.221 [main] DEBUG org.apache.http.wire --  << "content-encoding: gzip[\r][\n]"
04:37:32.221 [main] DEBUG org.apache.http.wire --  << "transfer-encoding: chunked[\r][\n]"
04:37:32.221 [main] DEBUG org.apache.http.wire --  << "server: Fly/7328d5b5 (2023-10-27)[\r][\n]"
04:37:32.221 [main] DEBUG org.apache.http.wire --  << "via: 1.1 fly.io[\r][\n]"
04:37:32.221 [main] DEBUG org.apache.http.wire --  << "fly-request-id: 01HE18AH211ZCED7GMS8P4ZXPJ-sin[\r][\n]"
04:37:32.221 [main] DEBUG org.apache.http.wire --  << "[\r][\n]"
04:37:32.221 [main] DEBUG org.apache.http.impl.conn.DefaultClientConnection -- Receiving response: HTTP/1.1 400 Bad Request
04:37:32.221 [main] DEBUG org.apache.http.headers -- << HTTP/1.1 400 Bad Request
04:37:32.221 [main] DEBUG org.apache.http.headers -- << content-type: application/json
04:37:32.221 [main] DEBUG org.apache.http.headers -- << date: Mon, 30 Oct 2023 21:37:33 GMT
04:37:32.221 [main] DEBUG org.apache.http.headers -- << content-encoding: gzip
04:37:32.221 [main] DEBUG org.apache.http.headers -- << transfer-encoding: chunked
04:37:32.221 [main] DEBUG org.apache.http.headers -- << server: Fly/7328d5b5 (2023-10-27)
04:37:32.221 [main] DEBUG org.apache.http.headers -- << via: 1.1 fly.io
04:37:32.221 [main] DEBUG org.apache.http.headers -- << fly-request-id: 01HE18AH211ZCED7GMS8P4ZXPJ-sin
04:37:32.221 [main] DEBUG org.apache.http.impl.client.DefaultHttpClient -- Connection can be kept alive indefinitely
04:37:32.221 [main] DEBUG io.restassured.internal.RestAssuredHttpBuilder -- Parsing response as: application/json
04:37:32.221 [main] DEBUG org.apache.http.wire --  << "4F[\r][\n]"
04:37:32.221 [main] DEBUG org.apache.http.wire --  << "[0x1f][0x8b][0x8][0x0][0x0][0x0][0x0][0x0][0x4][0xff][0xab]VJ-*[0xca]/R[0xb2]R*.)J[0xce][0xcf]+[0xd3]s,[0xc9][0xcf][0xb4]R(H,*[0xce][0xcc]KW[0x88]Q*N,)[0x8d]Q[0xb2]R[0xc8][0xcc]+K[0xcc][0xc9]LQ([0xae][0xcc]+I[0xac]P[0xaa][0xe5][0x2][0x0]n[0x13][0x8b][0x82];[0x0][0x0][0x0]"
04:37:32.221 [main] DEBUG org.apache.http.wire --  << "[\r][\n]"
04:37:32.221 [main] DEBUG org.apache.http.wire --  << "0[\r][\n]"
04:37:32.221 [main] DEBUG org.apache.http.wire --  << "[\r][\n]"
04:37:32.221 [main] DEBUG io.restassured.internal.RestAssuredHttpBuilder -- Parsed data to instance of: class org.apache.http.conn.EofSensorInputStream
04:37:32.222 [main] DEBUG org.apache.http.impl.conn.BasicClientConnectionManager -- Releasing connection org.apache.http.impl.conn.ManagedClientConnectionImpl@3c51dec5
04:37:32.222 [main] DEBUG org.apache.http.impl.conn.BasicClientConnectionManager -- Connection can be kept alive indefinitely
04:37:32.222 [main] DEBUG net.thucydides.core.steps.StepInterceptor -- STEP DONE: I GET HTTP request for products ratings using invalid products ID with character alphabet
  &amp#27;[32mWhen &amp#27;[0m&amp#27;[32mI GET HTTP request for products ratings using invalid products ID with character alphabet&amp#27;[0m                   &amp#27;[90m# starter.stepdefinition.RatingsSteps.getHTTPRequestForProductsRatingsUsingInvalidProductsIDWithCharacterAlphabet()&amp#27;[0m
04:37:32.223 [main] DEBUG net.thucydides.core.steps.StepInterceptor -- STARTING STEP: RatingsSteps.receiveResponseCode400ForProductsRatingsUsingInvalidProductsIDWithCharacterAlphabet - I receive valid HTTP response 400 for get products ratings using invalid product ID with character alphabet
04:37:32.224 [main] DEBUG net.thucydides.core.steps.StepInterceptor -- STEP DONE: I receive valid HTTP response 400 for get products ratings using invalid product ID with character alphabet
  &amp#27;[32mThen &amp#27;[0m&amp#27;[32mI receive valid HTTP response 400 for get products ratings using invalid product ID with character alphabet&amp#27;[0m &amp#27;[90m# starter.stepdefinition.RatingsSteps.receiveResponseCode400ForProductsRatingsUsingInvalidProductsIDWithCharacterAlphabet()&amp#27;[0m
04:37:32.224 [main] INFO  -- 
  _____   ___   ___   _____     ___     _     ___   ___   ___   ___  
 |_   _| | __| / __| |_   _|   | _ \   /_\   / __| / __| | __| |   \ 
   | |   | _|  \__ \   | |     |  _/  / _ \  \__ \ \__ \ | _|  | |) |
   |_|   |___| |___/   |_|     |_|   /_/ \_\ |___/ |___/ |___| |___/ 

TC72 - Get product rating using invalid product id with character alphabet
----------------------------------------------------------------------
]]></system-out>
  </testcase>
  <testcase name="TC01 - Register using valid format fullname, email and password" classname="[01_Automation] - Register" time="0.167">
    <failure type="java.lang.AssertionError"><![CDATA[java.lang.AssertionError: 
1 expectation failed.
Expected status code <200> but was <400>.

]]></failure>
    <system-out><![CDATA[04:37:32.225 [main] INFO io.cucumber.core.plugin.SerenityReporter -- Running feature from file:///D:/TaksAlterra/MiniProject/MiniProject_API/src/test/resources/Register.feature
04:37:32.225 [main] WARN io.cucumber.core.plugin.SerenityReporter -- Feature from file:///D:/TaksAlterra/MiniProject/MiniProject_API/src/test/resources/Register.feature is not under the 'features' directory. Requirements report will not be correctly generated!
04:37:32.226 [main] DEBUG net.thucydides.core.steps.StepEventBus -- Test suite started for story net.thucydides.core.model.Story@7a445946
04:37:32.226 [main] INFO  -- Test Suite Started: [01_Automation] - Register

Scenario: TC01 - Register using valid format fullname, email and password &amp#27;[90m# src/test/resources/Register.feature:3&amp#27;[0m
04:37:32.232 [Finalizer] DEBUG org.apache.http.impl.conn.DefaultClientConnection -- Connection 0.0.0.0:54414<->149.248.193.56:443 closed
04:37:32.233 [Finalizer] DEBUG org.apache.http.impl.conn.DefaultClientConnection -- Connection 0.0.0.0:54415<->149.248.193.56:443 closed
04:37:32.233 [Finalizer] DEBUG org.apache.http.impl.conn.DefaultClientConnection -- Connection 0.0.0.0:54409<->149.248.193.56:443 closed
04:37:32.233 [main] INFO io.cucumber.core.plugin.SerenityReporter -- Running feature from file:///D:/TaksAlterra/MiniProject/MiniProject_API/src/test/resources/Register.feature
04:37:32.233 [main] WARN io.cucumber.core.plugin.SerenityReporter -- Feature from file:///D:/TaksAlterra/MiniProject/MiniProject_API/src/test/resources/Register.feature is not under the 'features' directory. Requirements report will not be correctly generated!
04:37:32.233 [Finalizer] DEBUG org.apache.http.impl.conn.DefaultClientConnection -- Connection 0.0.0.0:54410<->149.248.193.56:443 closed
04:37:32.233 [Finalizer] DEBUG org.apache.http.impl.conn.DefaultClientConnection -- Connection 0.0.0.0:54411<->149.248.193.56:443 closed
04:37:32.233 [Finalizer] DEBUG org.apache.http.impl.conn.DefaultClientConnection -- Connection 0.0.0.0:54412<->149.248.193.56:443 closed
04:37:32.233 [Finalizer] DEBUG org.apache.http.impl.conn.DefaultClientConnection -- Connection 0.0.0.0:54413<->149.248.193.56:443 closed
04:37:32.233 [main] INFO  -- 
  _____   ___   ___   _____     ___   _____     _     ___   _____   ___   ___  
 |_   _| | __| / __| |_   _|   / __| |_   _|   /_\   | _ \ |_   _| | __| |   \ 
   | |   | _|  \__ \   | |     \__ \   | |    / _ \  |   /   | |   | _|  | |) |
   |_|   |___| |___/   |_|     |___/   |_|   /_/ \_\ |_|_\   |_|   |___| |___/ 

TC01 - Register using valid format fullname, email and password([01-automation]---register;tc01---register-using-valid-format-fullname--email-and-password)
--------------------------------------------------------------------------------
04:37:32.244 [main] DEBUG net.thucydides.core.steps.StepInterceptor -- STARTING STEP: RegisterSteps.postRegisterEndpoints - I POST register endpoints
04:37:32.244 [main] DEBUG net.thucydides.core.steps.StepInterceptor -- STEP DONE: I POST register endpoints
  &amp#27;[32mGiven &amp#27;[0m&amp#27;[32mI POST register endpoints&amp#27;[0m                                         &amp#27;[90m# starter.stepdefinition.RegisterSteps.postRegisterEndpoints()&amp#27;[0m
04:37:32.246 [main] DEBUG net.thucydides.core.steps.StepInterceptor -- STARTING STEP: RegisterSteps.postHTTPRequestForRegister - I POST HTTP request for register using valid data
04:37:32.246 [main] DEBUG net.thucydides.core.steps.StepInterceptor -- STARTING STEP: Register.postHTTPRequestForRegister - I POST register endpoints
04:37:32.246 [main] DEBUG net.thucydides.core.steps.StepInterceptor -- STEP DONE: I POST register endpoints
04:37:32.249 [main] DEBUG org.apache.http.impl.conn.BasicClientConnectionManager -- Get connection for route {s}->https://altashop-api.fly.dev:443
04:37:32.249 [main] DEBUG org.apache.http.impl.conn.DefaultClientConnectionOperator -- Connecting to altashop-api.fly.dev:443
04:37:32.309 [main] DEBUG org.apache.http.client.protocol.RequestAddCookies -- CookieSpec selected: ignoreCookies
04:37:32.309 [main] DEBUG org.apache.http.client.protocol.RequestAuthCache -- Auth cache not set in the context
04:37:32.309 [main] DEBUG org.apache.http.client.protocol.RequestTargetAuthentication -- Target auth state: UNCHALLENGED
04:37:32.309 [main] DEBUG org.apache.http.client.protocol.RequestProxyAuthentication -- Proxy auth state: UNCHALLENGED
04:37:32.309 [main] DEBUG org.apache.http.impl.client.DefaultHttpClient -- Attempt 1 to execute request
04:37:32.309 [main] DEBUG org.apache.http.impl.conn.DefaultClientConnection -- Sending request: POST /api/auth/register HTTP/1.1
04:37:32.309 [main] DEBUG org.apache.http.wire --  >> "POST /api/auth/register HTTP/1.1[\r][\n]"
04:37:32.309 [main] DEBUG org.apache.http.wire --  >> "Accept: */*[\r][\n]"
04:37:32.309 [main] DEBUG org.apache.http.wire --  >> "Content-Type: application/json[\r][\n]"
04:37:32.309 [main] DEBUG org.apache.http.wire --  >> "Content-Length: 84[\r][\n]"
04:37:32.309 [main] DEBUG org.apache.http.wire --  >> "Host: altashop-api.fly.dev[\r][\n]"
04:37:32.309 [main] DEBUG org.apache.http.wire --  >> "Connection: Keep-Alive[\r][\n]"
04:37:32.309 [main] DEBUG org.apache.http.wire --  >> "User-Agent: Apache-HttpClient/4.5.13 (Java/17.0.8)[\r][\n]"
04:37:32.309 [main] DEBUG org.apache.http.wire --  >> "Accept-Encoding: gzip,deflate[\r][\n]"
04:37:32.309 [main] DEBUG org.apache.http.wire --  >> "[\r][\n]"
04:37:32.309 [main] DEBUG org.apache.http.headers -- >> POST /api/auth/register HTTP/1.1
04:37:32.309 [main] DEBUG org.apache.http.headers -- >> Accept: */*
04:37:32.309 [main] DEBUG org.apache.http.headers -- >> Content-Type: application/json
04:37:32.309 [main] DEBUG org.apache.http.headers -- >> Content-Length: 84
04:37:32.309 [main] DEBUG org.apache.http.headers -- >> Host: altashop-api.fly.dev
04:37:32.309 [main] DEBUG org.apache.http.headers -- >> Connection: Keep-Alive
04:37:32.309 [main] DEBUG org.apache.http.headers -- >> User-Agent: Apache-HttpClient/4.5.13 (Java/17.0.8)
04:37:32.309 [main] DEBUG org.apache.http.headers -- >> Accept-Encoding: gzip,deflate
04:37:32.309 [main] DEBUG org.apache.http.wire --  >> "{"password":"wiyan123","fullname":"Wiyan Herra Herviana","email":"wiyan2@gmail.com"}"
04:37:32.335 [main] DEBUG org.apache.http.wire --  << "HTTP/1.1 400 Bad Request[\r][\n]"
04:37:32.335 [main] DEBUG org.apache.http.wire --  << "content-type: application/json[\r][\n]"
04:37:32.335 [main] DEBUG org.apache.http.wire --  << "date: Mon, 30 Oct 2023 21:37:33 GMT[\r][\n]"
04:37:32.335 [main] DEBUG org.apache.http.wire --  << "content-encoding: gzip[\r][\n]"
04:37:32.335 [main] DEBUG org.apache.http.wire --  << "transfer-encoding: chunked[\r][\n]"
04:37:32.335 [main] DEBUG org.apache.http.wire --  << "server: Fly/7328d5b5 (2023-10-27)[\r][\n]"
04:37:32.335 [main] DEBUG org.apache.http.wire --  << "via: 1.1 fly.io[\r][\n]"
04:37:32.335 [main] DEBUG org.apache.http.wire --  << "fly-request-id: 01HE18AH5H8WX7155DDZR33TDK-sin[\r][\n]"
04:37:32.335 [main] DEBUG org.apache.http.wire --  << "[\r][\n]"
04:37:32.335 [main] DEBUG org.apache.http.impl.conn.DefaultClientConnection -- Receiving response: HTTP/1.1 400 Bad Request
04:37:32.335 [main] DEBUG org.apache.http.headers -- << HTTP/1.1 400 Bad Request
04:37:32.335 [main] DEBUG org.apache.http.headers -- << content-type: application/json
04:37:32.335 [main] DEBUG org.apache.http.headers -- << date: Mon, 30 Oct 2023 21:37:33 GMT
04:37:32.335 [main] DEBUG org.apache.http.headers -- << content-encoding: gzip
04:37:32.335 [main] DEBUG org.apache.http.headers -- << transfer-encoding: chunked
04:37:32.335 [main] DEBUG org.apache.http.headers -- << server: Fly/7328d5b5 (2023-10-27)
04:37:32.335 [main] DEBUG org.apache.http.headers -- << via: 1.1 fly.io
04:37:32.335 [main] DEBUG org.apache.http.headers -- << fly-request-id: 01HE18AH5H8WX7155DDZR33TDK-sin
04:37:32.335 [main] DEBUG org.apache.http.impl.client.DefaultHttpClient -- Connection can be kept alive indefinitely
04:37:32.335 [main] DEBUG io.restassured.internal.RestAssuredHttpBuilder -- Parsing response as: application/json
04:37:32.335 [main] DEBUG org.apache.http.wire --  << "7B[\r][\n]"
04:37:32.335 [main] DEBUG org.apache.http.wire --  << "[0x1f][0x8b][0x8][0x0][0x0][0x0][0x0][0x0][0x4][0xff][0xab]VJ-*[0xca]/R[0xb2]Rr[\r][\n]"
04:37:32.335 [main] DEBUG org.apache.http.wire --  << "[0xf2][0xf][0xb2]RH)-[0xc8][0xc9]LN,IU[0xc8]N[0xad]T(K[0xcc])MU([0xcb][0xcc][0xcf]I,I-V([0xcd][0xcb],,MUH[0xce][0xcf]+.)J[0xcc][0xcc]+Q[0x88]Q*-N-*[0x8e]O[0xcd]M[0xcc][0xcc][0x89][0xcf]N[0xad][0x8c]QR[0xd0][0x8][0xe][0xf4][0x9][0xe]q[0xc]qU02650[0xd5]T[0xaa][0xe5][0x2][0x0][0x1a]G[0x13]pg[0x0][0x0][0x0]"
04:37:32.335 [main] DEBUG org.apache.http.wire --  << "[\r][\n]"
04:37:32.335 [main] DEBUG org.apache.http.wire --  << "0[\r][\n]"
04:37:32.335 [main] DEBUG org.apache.http.wire --  << "[\r][\n]"
04:37:32.335 [main] DEBUG io.restassured.internal.RestAssuredHttpBuilder -- Parsed data to instance of: class org.apache.http.conn.EofSensorInputStream
04:37:32.336 [main] DEBUG org.apache.http.impl.conn.BasicClientConnectionManager -- Releasing connection org.apache.http.impl.conn.ManagedClientConnectionImpl@54422189
04:37:32.336 [main] DEBUG org.apache.http.impl.conn.BasicClientConnectionManager -- Connection can be kept alive indefinitely
04:37:32.336 [main] DEBUG net.thucydides.core.steps.StepInterceptor -- STEP DONE: I POST HTTP request for register using valid data
  &amp#27;[32mWhen &amp#27;[0m&amp#27;[32mI POST HTTP request for register using valid data&amp#27;[0m                  &amp#27;[90m# starter.stepdefinition.RegisterSteps.postHTTPRequestForRegister()&amp#27;[0m
04:37:32.338 [main] DEBUG net.thucydides.core.steps.StepInterceptor -- STARTING STEP: RegisterSteps.receiveResponseCode200ForRegister - I receive valid HTTP response 200 for register
  &amp#27;[31mThen &amp#27;[0m&amp#27;[31mI receive valid HTTP response 200 for register&amp#27;[0m                     &amp#27;[90m# starter.stepdefinition.RegisterSteps.receiveResponseCode200ForRegister()&amp#27;[0m
      &amp#27;[31mjava.lang.AssertionError: 1 expectation failed.
Expected status code <200> but was <400>.

	at java.base/jdk.internal.reflect.NativeConstructorAccessorImpl.newInstance0(Native Method)
	at java.base/jdk.internal.reflect.NativeConstructorAccessorImpl.newInstance(NativeConstructorAccessorImpl.java:77)
	at java.base/jdk.internal.reflect.DelegatingConstructorAccessorImpl.newInstance(DelegatingConstructorAccessorImpl.java:45)
	at java.base/java.lang.reflect.Constructor.newInstanceWithCaller(Constructor.java:499)
	at java.base/java.lang.reflect.Constructor.newInstance(Constructor.java:480)
	at org.codehaus.groovy.reflection.CachedConstructor.invoke(CachedConstructor.java:73)
	at org.codehaus.groovy.runtime.callsite.ConstructorSite$ConstructorSiteNoUnwrapNoCoerce.callConstructor(ConstructorSite.java:108)
	at org.codehaus.groovy.runtime.callsite.CallSiteArray.defaultCallConstructor(CallSiteArray.java:57)
	at org.codehaus.groovy.runtime.callsite.AbstractCallSite.callConstructor(AbstractCallSite.java:263)
	at org.codehaus.groovy.runtime.callsite.AbstractCallSite.callConstructor(AbstractCallSite.java:277)
	at io.restassured.internal.ResponseSpecificationImpl$HamcrestAssertionClosure.validate(ResponseSpecificationImpl.groovy:512)
	at io.restassured.internal.ResponseSpecificationImpl$HamcrestAssertionClosure$validate$1.call(Unknown Source)
	at io.restassured.internal.ResponseSpecificationImpl.validateResponseIfRequired(ResponseSpecificationImpl.groovy:696)
	at io.restassured.internal.ResponseSpecificationImpl.this$2$validateResponseIfRequired(ResponseSpecificationImpl.groovy)
	at jdk.internal.reflect.GeneratedMethodAccessor144.invoke(Unknown Source)
	at java.base/jdk.internal.reflect.DelegatingMethodAccessorImpl.invoke(DelegatingMethodAccessorImpl.java:43)
	at java.base/java.lang.reflect.Method.invoke(Method.java:568)
	at org.codehaus.groovy.runtime.callsite.PlainObjectMetaMethodSite.doInvoke(PlainObjectMetaMethodSite.java:43)
	at org.codehaus.groovy.runtime.callsite.PogoMetaMethodSite$PogoCachedMethodSiteNoUnwrapNoCoerce.invoke(PogoMetaMethodSite.java:198)
	at org.codehaus.groovy.runtime.callsite.PogoMetaMethodSite.callCurrent(PogoMetaMethodSite.java:62)
	at org.codehaus.groovy.runtime.callsite.AbstractCallSite.callCurrent(AbstractCallSite.java:185)
	at io.restassured.internal.ResponseSpecificationImpl.statusCode(ResponseSpecificationImpl.groovy:135)
	at io.restassured.specification.ResponseSpecification$statusCode$0.callCurrent(Unknown Source)
	at io.restassured.internal.ResponseSpecificationImpl.statusCode(ResponseSpecificationImpl.groovy:143)
	at io.restassured.internal.ValidatableResponseOptionsImpl.statusCode(ValidatableResponseOptionsImpl.java:89)
	at MiniProject.API@1.0-SNAPSHOT/starter.API.Register.lambda$receiveResponseCode200ForRegister$0(Register.java:33)
	at net.serenitybdd.rest.SerenityRest.restAssuredThat(SerenityRest.java:626)
	at MiniProject.API@1.0-SNAPSHOT/starter.API.Register.receiveResponseCode200ForRegister(Register.java:33)
	at MiniProject.API@1.0-SNAPSHOT/starter.API.Register$ByteBuddy$A8vrHFPY.receiveResponseCode200ForRegister$accessor$aypjLOIC(Unknown Source)
	at java.base/jdk.internal.reflect.NativeMethodAccessorImpl.invoke0(Native Method)
	at java.base/jdk.internal.reflect.NativeMethodAccessorImpl.invoke(NativeMethodAccessorImpl.java:77)
	at java.base/jdk.internal.reflect.DelegatingMethodAccessorImpl.invoke(DelegatingMethodAccessorImpl.java:43)
	at java.base/java.lang.reflect.Method.invoke(Method.java:568)
	at net.thucydides.core.steps.StepInterceptor.invokeMethod(StepInterceptor.java:518)
	at net.thucydides.core.steps.StepInterceptor.executeTestStepMethod(StepInterceptor.java:498)
	at net.thucydides.core.steps.StepInterceptor.runTestStep(StepInterceptor.java:472)
	at net.thucydides.core.steps.StepInterceptor.runOrSkipMethod(StepInterceptor.java:211)
	at net.thucydides.core.steps.StepInterceptor.testStepResult(StepInterceptor.java:198)
	at net.thucydides.core.steps.StepInterceptor.intercept(StepInterceptor.java:86)
	at net.thucydides.core.steps.ProxyConfiguration$InterceptorDispatcher.intercept(ProxyConfiguration.java:51)
	at MiniProject.API@1.0-SNAPSHOT/starter.API.Register$ByteBuddy$A8vrHFPY.receiveResponseCode200ForRegister(Unknown Source)
	at MiniProject.API@1.0-SNAPSHOT/starter.stepdefinition.RegisterSteps.receiveResponseCode200ForRegister(RegisterSteps.java:25)
	at âœ½.I receive valid HTTP response 200 for register(file:///D:/TaksAlterra/MiniProject/MiniProject_API/src/test/resources/Register.feature:6)
&amp#27;[0m
04:37:32.358 [main] ERROR  -- 
  _____   ___   ___   _____     ___     _     ___   _      ___   ___  
 |_   _| | __| / __| |_   _|   | __|   /_\   |_ _| | |    | __| |   \ 
   | |   | _|  \__ \   | |     | _|   / _ \   | |  | |__  | _|  | |) |
   |_|   |___| |___/   |_|     |_|   /_/ \_\ |___| |____| |___| |___/ 

TC01 - Register using valid format fullname, email and password
-----------------------------------------------------------------------
04:37:32.359 [main] DEBUG  -- RELATED ISSUES: 
04:37:32.390 [main] ERROR  --     Test failed at step: I receive valid HTTP response 200 for register
04:37:32.390 [main] ERROR  --     1 expectation failed.Expected status code <200> but was <400>.
]]></system-out>
  </testcase>
  <testcase name="TC02 - Register without using fullname" classname="[01_Automation] - Register" time="0.11">
    <system-out><![CDATA[
Scenario: TC02 - Register without using fullname                             &amp#27;[90m# src/test/resources/Register.feature:8&amp#27;[0m
04:37:32.401 [main] INFO io.cucumber.core.plugin.SerenityReporter -- Running feature from file:///D:/TaksAlterra/MiniProject/MiniProject_API/src/test/resources/Register.feature
04:37:32.401 [main] WARN io.cucumber.core.plugin.SerenityReporter -- Feature from file:///D:/TaksAlterra/MiniProject/MiniProject_API/src/test/resources/Register.feature is not under the 'features' directory. Requirements report will not be correctly generated!
04:37:32.402 [main] INFO  -- 
  _____   ___   ___   _____     ___   _____     _     ___   _____   ___   ___  
 |_   _| | __| / __| |_   _|   / __| |_   _|   /_\   | _ \ |_   _| | __| |   \ 
   | |   | _|  \__ \   | |     \__ \   | |    / _ \  |   /   | |   | _|  | |) |
   |_|   |___| |___/   |_|     |___/   |_|   /_/ \_\ |_|_\   |_|   |___| |___/ 

TC02 - Register without using fullname([01-automation]---register;tc02---register-without-using-fullname)
--------------------------------------------------------------------------------
04:37:32.406 [main] DEBUG net.thucydides.core.steps.StepInterceptor -- STARTING STEP: RegisterSteps.postRegisterEndpoints2 - I POST register endpoints 2
04:37:32.406 [main] DEBUG net.thucydides.core.steps.StepInterceptor -- STEP DONE: I POST register endpoints 2
  &amp#27;[32mGiven &amp#27;[0m&amp#27;[32mI POST register endpoints 2&amp#27;[0m                                          &amp#27;[90m# starter.stepdefinition.RegisterSteps.postRegisterEndpoints2()&amp#27;[0m
04:37:32.408 [main] DEBUG net.thucydides.core.steps.StepInterceptor -- STARTING STEP: RegisterSteps.postHTTPRequestForRegisterWithoutUsingFullname - I POST HTTP request for register without using fullname
04:37:32.409 [main] DEBUG net.thucydides.core.steps.StepInterceptor -- STARTING STEP: Register.postHTTPRequestForRegisterWithoutUsingFullname - I POST register endpoints 2
04:37:32.409 [main] DEBUG net.thucydides.core.steps.StepInterceptor -- STEP DONE: I POST register endpoints 2
04:37:32.414 [main] DEBUG org.apache.http.impl.conn.BasicClientConnectionManager -- Get connection for route {s}->https://altashop-api.fly.dev:443
04:37:32.414 [main] DEBUG org.apache.http.impl.conn.DefaultClientConnectionOperator -- Connecting to altashop-api.fly.dev:443
04:37:32.478 [main] DEBUG org.apache.http.client.protocol.RequestAddCookies -- CookieSpec selected: ignoreCookies
04:37:32.478 [main] DEBUG org.apache.http.client.protocol.RequestAuthCache -- Auth cache not set in the context
04:37:32.478 [main] DEBUG org.apache.http.client.protocol.RequestTargetAuthentication -- Target auth state: UNCHALLENGED
04:37:32.478 [main] DEBUG org.apache.http.client.protocol.RequestProxyAuthentication -- Proxy auth state: UNCHALLENGED
04:37:32.478 [main] DEBUG org.apache.http.impl.client.DefaultHttpClient -- Attempt 1 to execute request
04:37:32.478 [main] DEBUG org.apache.http.impl.conn.DefaultClientConnection -- Sending request: POST /api/auth/register HTTP/1.1
04:37:32.478 [main] DEBUG org.apache.http.wire --  >> "POST /api/auth/register HTTP/1.1[\r][\n]"
04:37:32.478 [main] DEBUG org.apache.http.wire --  >> "Accept: */*[\r][\n]"
04:37:32.478 [main] DEBUG org.apache.http.wire --  >> "Content-Type: application/json[\r][\n]"
04:37:32.478 [main] DEBUG org.apache.http.wire --  >> "Content-Length: 66[\r][\n]"
04:37:32.478 [main] DEBUG org.apache.http.wire --  >> "Host: altashop-api.fly.dev[\r][\n]"
04:37:32.478 [main] DEBUG org.apache.http.wire --  >> "Connection: Keep-Alive[\r][\n]"
04:37:32.478 [main] DEBUG org.apache.http.wire --  >> "User-Agent: Apache-HttpClient/4.5.13 (Java/17.0.8)[\r][\n]"
04:37:32.478 [main] DEBUG org.apache.http.wire --  >> "Accept-Encoding: gzip,deflate[\r][\n]"
04:37:32.478 [main] DEBUG org.apache.http.wire --  >> "[\r][\n]"
04:37:32.478 [main] DEBUG org.apache.http.headers -- >> POST /api/auth/register HTTP/1.1
04:37:32.478 [main] DEBUG org.apache.http.headers -- >> Accept: */*
04:37:32.478 [main] DEBUG org.apache.http.headers -- >> Content-Type: application/json
04:37:32.478 [main] DEBUG org.apache.http.headers -- >> Content-Length: 66
04:37:32.478 [main] DEBUG org.apache.http.headers -- >> Host: altashop-api.fly.dev
04:37:32.478 [main] DEBUG org.apache.http.headers -- >> Connection: Keep-Alive
04:37:32.478 [main] DEBUG org.apache.http.headers -- >> User-Agent: Apache-HttpClient/4.5.13 (Java/17.0.8)
04:37:32.478 [main] DEBUG org.apache.http.headers -- >> Accept-Encoding: gzip,deflate
04:37:32.478 [main] DEBUG org.apache.http.wire --  >> "{"password":"wiyan123","fullname":"","email":"wiyan123@gmail.com"}"
04:37:32.502 [main] DEBUG org.apache.http.wire --  << "HTTP/1.1 400 Bad Request[\r][\n]"
04:37:32.502 [main] DEBUG org.apache.http.wire --  << "content-type: application/json[\r][\n]"
04:37:32.502 [main] DEBUG org.apache.http.wire --  << "date: Mon, 30 Oct 2023 21:37:34 GMT[\r][\n]"
04:37:32.502 [main] DEBUG org.apache.http.wire --  << "content-encoding: gzip[\r][\n]"
04:37:32.502 [main] DEBUG org.apache.http.wire --  << "transfer-encoding: chunked[\r][\n]"
04:37:32.502 [main] DEBUG org.apache.http.wire --  << "server: Fly/7328d5b5 (2023-10-27)[\r][\n]"
04:37:32.502 [main] DEBUG org.apache.http.wire --  << "via: 1.1 fly.io[\r][\n]"
04:37:32.502 [main] DEBUG org.apache.http.wire --  << "fly-request-id: 01HE18AHATHPT114R7VTYGH45F-sin[\r][\n]"
04:37:32.502 [main] DEBUG org.apache.http.wire --  << "[\r][\n]"
04:37:32.502 [main] DEBUG org.apache.http.impl.conn.DefaultClientConnection -- Receiving response: HTTP/1.1 400 Bad Request
04:37:32.502 [main] DEBUG org.apache.http.headers -- << HTTP/1.1 400 Bad Request
04:37:32.502 [main] DEBUG org.apache.http.headers -- << content-type: application/json
04:37:32.502 [main] DEBUG org.apache.http.headers -- << date: Mon, 30 Oct 2023 21:37:34 GMT
04:37:32.502 [main] DEBUG org.apache.http.headers -- << content-encoding: gzip
04:37:32.502 [main] DEBUG org.apache.http.headers -- << transfer-encoding: chunked
04:37:32.502 [main] DEBUG org.apache.http.headers -- << server: Fly/7328d5b5 (2023-10-27)
04:37:32.502 [main] DEBUG org.apache.http.headers -- << via: 1.1 fly.io
04:37:32.502 [main] DEBUG org.apache.http.headers -- << fly-request-id: 01HE18AHATHPT114R7VTYGH45F-sin
04:37:32.502 [main] DEBUG org.apache.http.impl.client.DefaultHttpClient -- Connection can be kept alive indefinitely
04:37:32.502 [main] DEBUG io.restassured.internal.RestAssuredHttpBuilder -- Parsing response as: application/json
04:37:32.502 [main] DEBUG org.apache.http.wire --  << "35[\r][\n]"
04:37:32.502 [main] DEBUG org.apache.http.wire --  << "[0x1f][0x8b][0x8][0x0][0x0][0x0][0x0][0x0][0x4][0xff][0xab]VJ-*[0xca]/R[0xb2]RJ+[0xcd][0xc9][0xc9]K[0xcc]MU[0xc8],V(J-,[0xcd],JMQ[0xaa][0xe5][0x2][0x0]ok4[0xc9]![0x0][0x0][0x0]"
04:37:32.502 [main] DEBUG org.apache.http.wire --  << "[\r][\n]"
04:37:32.502 [main] DEBUG org.apache.http.wire --  << "0[\r][\n]"
04:37:32.502 [main] DEBUG org.apache.http.wire --  << "[\r][\n]"
04:37:32.502 [main] DEBUG io.restassured.internal.RestAssuredHttpBuilder -- Parsed data to instance of: class org.apache.http.conn.EofSensorInputStream
04:37:32.503 [main] DEBUG org.apache.http.impl.conn.BasicClientConnectionManager -- Releasing connection org.apache.http.impl.conn.ManagedClientConnectionImpl@3d8d926f
04:37:32.503 [main] DEBUG org.apache.http.impl.conn.BasicClientConnectionManager -- Connection can be kept alive indefinitely
04:37:32.503 [main] DEBUG net.thucydides.core.steps.StepInterceptor -- STEP DONE: I POST HTTP request for register without using fullname
  &amp#27;[32mWhen &amp#27;[0m&amp#27;[32mI POST HTTP request for register without using fullname&amp#27;[0m               &amp#27;[90m# starter.stepdefinition.RegisterSteps.postHTTPRequestForRegisterWithoutUsingFullname()&amp#27;[0m
04:37:32.505 [main] DEBUG net.thucydides.core.steps.StepInterceptor -- STARTING STEP: RegisterSteps.receiveResponseCode400ForRegisterWithoutUsingFullname - I receive valid HTTP response 400 for register without using fullname
04:37:32.505 [main] DEBUG net.thucydides.core.steps.StepInterceptor -- STEP DONE: I receive valid HTTP response 400 for register without using fullname
  &amp#27;[32mThen &amp#27;[0m&amp#27;[32mI receive valid HTTP response 400 for register without using fullname&amp#27;[0m &amp#27;[90m# starter.stepdefinition.RegisterSteps.receiveResponseCode400ForRegisterWithoutUsingFullname()&amp#27;[0m
04:37:32.506 [main] INFO  -- 
  _____   ___   ___   _____     ___     _     ___   ___   ___   ___  
 |_   _| | __| / __| |_   _|   | _ \   /_\   / __| / __| | __| |   \ 
   | |   | _|  \__ \   | |     |  _/  / _ \  \__ \ \__ \ | _|  | |) |
   |_|   |___| |___/   |_|     |_|   /_/ \_\ |___/ |___/ |___| |___/ 

TC02 - Register without using fullname
----------------------------------------------------------------------
]]></system-out>
  </testcase>
  <testcase name="TC03 - Register without using email" classname="[01_Automation] - Register" time="0.088">
    <system-out><![CDATA[
Scenario: TC03 - Register without using email                             &amp#27;[90m# src/test/resources/Register.feature:13&amp#27;[0m
04:37:32.510 [main] INFO io.cucumber.core.plugin.SerenityReporter -- Running feature from file:///D:/TaksAlterra/MiniProject/MiniProject_API/src/test/resources/Register.feature
04:37:32.510 [main] WARN io.cucumber.core.plugin.SerenityReporter -- Feature from file:///D:/TaksAlterra/MiniProject/MiniProject_API/src/test/resources/Register.feature is not under the 'features' directory. Requirements report will not be correctly generated!
04:37:32.511 [main] INFO  -- 
  _____   ___   ___   _____     ___   _____     _     ___   _____   ___   ___  
 |_   _| | __| / __| |_   _|   / __| |_   _|   /_\   | _ \ |_   _| | __| |   \ 
   | |   | _|  \__ \   | |     \__ \   | |    / _ \  |   /   | |   | _|  | |) |
   |_|   |___| |___/   |_|     |___/   |_|   /_/ \_\ |_|_\   |_|   |___| |___/ 

TC03 - Register without using email([01-automation]---register;tc03---register-without-using-email)
--------------------------------------------------------------------------------
04:37:32.514 [main] DEBUG net.thucydides.core.steps.StepInterceptor -- STARTING STEP: RegisterSteps.postRegisterEndpoints3 - I POST register endpoints 3
04:37:32.515 [main] DEBUG net.thucydides.core.steps.StepInterceptor -- STEP DONE: I POST register endpoints 3
  &amp#27;[32mGiven &amp#27;[0m&amp#27;[32mI POST register endpoints 3&amp#27;[0m                                       &amp#27;[90m# starter.stepdefinition.RegisterSteps.postRegisterEndpoints3()&amp#27;[0m
04:37:32.516 [main] DEBUG net.thucydides.core.steps.StepInterceptor -- STARTING STEP: RegisterSteps.postHTTPRequestForRegisterWithoutUsingEmail - I POST HTTP request for register without using email
04:37:32.517 [main] DEBUG net.thucydides.core.steps.StepInterceptor -- STARTING STEP: Register.postHTTPRequestForRegisterWithoutUsingEmail - I POST register endpoints 3
04:37:32.517 [main] DEBUG net.thucydides.core.steps.StepInterceptor -- STEP DONE: I POST register endpoints 3
04:37:32.520 [main] DEBUG org.apache.http.impl.conn.BasicClientConnectionManager -- Get connection for route {s}->https://altashop-api.fly.dev:443
04:37:32.520 [main] DEBUG org.apache.http.impl.conn.DefaultClientConnectionOperator -- Connecting to altashop-api.fly.dev:443
04:37:32.566 [main] DEBUG org.apache.http.client.protocol.RequestAddCookies -- CookieSpec selected: ignoreCookies
04:37:32.566 [main] DEBUG org.apache.http.client.protocol.RequestAuthCache -- Auth cache not set in the context
04:37:32.566 [main] DEBUG org.apache.http.client.protocol.RequestTargetAuthentication -- Target auth state: UNCHALLENGED
04:37:32.566 [main] DEBUG org.apache.http.client.protocol.RequestProxyAuthentication -- Proxy auth state: UNCHALLENGED
04:37:32.566 [main] DEBUG org.apache.http.impl.client.DefaultHttpClient -- Attempt 1 to execute request
04:37:32.566 [main] DEBUG org.apache.http.impl.conn.DefaultClientConnection -- Sending request: POST /api/auth/register HTTP/1.1
04:37:32.566 [main] DEBUG org.apache.http.wire --  >> "POST /api/auth/register HTTP/1.1[\r][\n]"
04:37:32.566 [main] DEBUG org.apache.http.wire --  >> "Accept: */*[\r][\n]"
04:37:32.566 [main] DEBUG org.apache.http.wire --  >> "Content-Type: application/json[\r][\n]"
04:37:32.566 [main] DEBUG org.apache.http.wire --  >> "Content-Length: 68[\r][\n]"
04:37:32.566 [main] DEBUG org.apache.http.wire --  >> "Host: altashop-api.fly.dev[\r][\n]"
04:37:32.566 [main] DEBUG org.apache.http.wire --  >> "Connection: Keep-Alive[\r][\n]"
04:37:32.566 [main] DEBUG org.apache.http.wire --  >> "User-Agent: Apache-HttpClient/4.5.13 (Java/17.0.8)[\r][\n]"
04:37:32.566 [main] DEBUG org.apache.http.wire --  >> "Accept-Encoding: gzip,deflate[\r][\n]"
04:37:32.566 [main] DEBUG org.apache.http.wire --  >> "[\r][\n]"
04:37:32.566 [main] DEBUG org.apache.http.headers -- >> POST /api/auth/register HTTP/1.1
04:37:32.566 [main] DEBUG org.apache.http.headers -- >> Accept: */*
04:37:32.566 [main] DEBUG org.apache.http.headers -- >> Content-Type: application/json
04:37:32.566 [main] DEBUG org.apache.http.headers -- >> Content-Length: 68
04:37:32.566 [main] DEBUG org.apache.http.headers -- >> Host: altashop-api.fly.dev
04:37:32.566 [main] DEBUG org.apache.http.headers -- >> Connection: Keep-Alive
04:37:32.566 [main] DEBUG org.apache.http.headers -- >> User-Agent: Apache-HttpClient/4.5.13 (Java/17.0.8)
04:37:32.566 [main] DEBUG org.apache.http.headers -- >> Accept-Encoding: gzip,deflate
04:37:32.566 [main] DEBUG org.apache.http.wire --  >> "{"password":"wiyan123","fullname":"Wiyan Herra Herviana","email":""}"
04:37:32.591 [main] DEBUG org.apache.http.wire --  << "HTTP/1.1 400 Bad Request[\r][\n]"
04:37:32.591 [main] DEBUG org.apache.http.wire --  << "content-type: application/json[\r][\n]"
04:37:32.591 [main] DEBUG org.apache.http.wire --  << "date: Mon, 30 Oct 2023 21:37:34 GMT[\r][\n]"
04:37:32.591 [main] DEBUG org.apache.http.wire --  << "content-encoding: gzip[\r][\n]"
04:37:32.591 [main] DEBUG org.apache.http.wire --  << "transfer-encoding: chunked[\r][\n]"
04:37:32.591 [main] DEBUG org.apache.http.wire --  << "server: Fly/7328d5b5 (2023-10-27)[\r][\n]"
04:37:32.591 [main] DEBUG org.apache.http.wire --  << "via: 1.1 fly.io[\r][\n]"
04:37:32.591 [main] DEBUG org.apache.http.wire --  << "fly-request-id: 01HE18AHDK6946W9A294537S3P-sin[\r][\n]"
04:37:32.591 [main] DEBUG org.apache.http.wire --  << "[\r][\n]"
04:37:32.591 [main] DEBUG org.apache.http.impl.conn.DefaultClientConnection -- Receiving response: HTTP/1.1 400 Bad Request
04:37:32.591 [main] DEBUG org.apache.http.headers -- << HTTP/1.1 400 Bad Request
04:37:32.591 [main] DEBUG org.apache.http.headers -- << content-type: application/json
04:37:32.591 [main] DEBUG org.apache.http.headers -- << date: Mon, 30 Oct 2023 21:37:34 GMT
04:37:32.591 [main] DEBUG org.apache.http.headers -- << content-encoding: gzip
04:37:32.591 [main] DEBUG org.apache.http.headers -- << transfer-encoding: chunked
04:37:32.591 [main] DEBUG org.apache.http.headers -- << server: Fly/7328d5b5 (2023-10-27)
04:37:32.591 [main] DEBUG org.apache.http.headers -- << via: 1.1 fly.io
04:37:32.591 [main] DEBUG org.apache.http.headers -- << fly-request-id: 01HE18AHDK6946W9A294537S3P-sin
04:37:32.591 [main] DEBUG org.apache.http.impl.client.DefaultHttpClient -- Connection can be kept alive indefinitely
04:37:32.591 [main] DEBUG io.restassured.internal.RestAssuredHttpBuilder -- Parsing response as: application/json
04:37:32.591 [main] DEBUG org.apache.http.wire --  << "32[\r][\n]"
04:37:32.591 [main] DEBUG org.apache.http.wire --  << "[0x1f][0x8b][0x8][0x0][0x0][0x0][0x0][0x0][0x4][0xff][0xab]VJ-*[0xca]/R[0xb2]RJ[0xcd]M[0xcc][0xcc]Q[0xc8],V(J-,[0xcd],JMQ[0xaa][0xe5][0x2][0x0]&[0xe3][0xaa]j[0x1e][0x0][0x0][0x0]"
04:37:32.591 [main] DEBUG org.apache.http.wire --  << "[\r][\n]"
04:37:32.591 [main] DEBUG org.apache.http.wire --  << "0[\r][\n]"
04:37:32.591 [main] DEBUG org.apache.http.wire --  << "[\r][\n]"
04:37:32.592 [main] DEBUG io.restassured.internal.RestAssuredHttpBuilder -- Parsed data to instance of: class org.apache.http.conn.EofSensorInputStream
04:37:32.592 [main] DEBUG org.apache.http.impl.conn.BasicClientConnectionManager -- Releasing connection org.apache.http.impl.conn.ManagedClientConnectionImpl@1509dade
04:37:32.592 [main] DEBUG org.apache.http.impl.conn.BasicClientConnectionManager -- Connection can be kept alive indefinitely
04:37:32.592 [main] DEBUG net.thucydides.core.steps.StepInterceptor -- STEP DONE: I POST HTTP request for register without using email
  &amp#27;[32mWhen &amp#27;[0m&amp#27;[32mI POST HTTP request for register without using email&amp#27;[0m               &amp#27;[90m# starter.stepdefinition.RegisterSteps.postHTTPRequestForRegisterWithoutUsingEmail()&amp#27;[0m
04:37:32.594 [main] DEBUG net.thucydides.core.steps.StepInterceptor -- STARTING STEP: RegisterSteps.receiveResponseCode400ForRegisterWithoutUsingEmail - I receive valid HTTP response 400 for register without using email
04:37:32.594 [main] DEBUG net.thucydides.core.steps.StepInterceptor -- STEP DONE: I receive valid HTTP response 400 for register without using email
  &amp#27;[32mThen &amp#27;[0m&amp#27;[32mI receive valid HTTP response 400 for register without using email&amp#27;[0m &amp#27;[90m# starter.stepdefinition.RegisterSteps.receiveResponseCode400ForRegisterWithoutUsingEmail()&amp#27;[0m
04:37:32.595 [main] INFO  -- 
  _____   ___   ___   _____     ___     _     ___   ___   ___   ___  
 |_   _| | __| / __| |_   _|   | _ \   /_\   / __| / __| | __| |   \ 
   | |   | _|  \__ \   | |     |  _/  / _ \  \__ \ \__ \ | _|  | |) |
   |_|   |___| |___/   |_|     |_|   /_/ \_\ |___/ |___/ |___| |___/ 

TC03 - Register without using email
----------------------------------------------------------------------
]]></system-out>
  </testcase>
  <testcase name="TC04 - Register without using password" classname="[01_Automation] - Register" time="0.095">
    <system-out><![CDATA[
Scenario: TC04 - Register without using password                             &amp#27;[90m# src/test/resources/Register.feature:18&amp#27;[0m
04:37:32.601 [main] INFO io.cucumber.core.plugin.SerenityReporter -- Running feature from file:///D:/TaksAlterra/MiniProject/MiniProject_API/src/test/resources/Register.feature
04:37:32.601 [main] WARN io.cucumber.core.plugin.SerenityReporter -- Feature from file:///D:/TaksAlterra/MiniProject/MiniProject_API/src/test/resources/Register.feature is not under the 'features' directory. Requirements report will not be correctly generated!
04:37:32.601 [main] INFO  -- 
  _____   ___   ___   _____     ___   _____     _     ___   _____   ___   ___  
 |_   _| | __| / __| |_   _|   / __| |_   _|   /_\   | _ \ |_   _| | __| |   \ 
   | |   | _|  \__ \   | |     \__ \   | |    / _ \  |   /   | |   | _|  | |) |
   |_|   |___| |___/   |_|     |___/   |_|   /_/ \_\ |_|_\   |_|   |___| |___/ 

TC04 - Register without using password([01-automation]---register;tc04---register-without-using-password)
--------------------------------------------------------------------------------
04:37:32.605 [main] DEBUG net.thucydides.core.steps.StepInterceptor -- STARTING STEP: RegisterSteps.postRegisterEndpoints4 - I POST register endpoints 4
04:37:32.605 [main] DEBUG net.thucydides.core.steps.StepInterceptor -- STEP DONE: I POST register endpoints 4
  &amp#27;[32mGiven &amp#27;[0m&amp#27;[32mI POST register endpoints 4&amp#27;[0m                                          &amp#27;[90m# starter.stepdefinition.RegisterSteps.postRegisterEndpoints4()&amp#27;[0m
04:37:32.605 [main] DEBUG net.thucydides.core.steps.StepInterceptor -- STARTING STEP: RegisterSteps.postHTTPRequestForRegisterWithoutUsingPassword - I POST HTTP request for register without using password
04:37:32.606 [main] DEBUG net.thucydides.core.steps.StepInterceptor -- STARTING STEP: Register.postHTTPRequestForRegisterWithoutUsingPassword - I POST register endpoints 4
04:37:32.606 [main] DEBUG net.thucydides.core.steps.StepInterceptor -- STEP DONE: I POST register endpoints 4
04:37:32.608 [main] DEBUG org.apache.http.impl.conn.BasicClientConnectionManager -- Get connection for route {s}->https://altashop-api.fly.dev:443
04:37:32.608 [main] DEBUG org.apache.http.impl.conn.DefaultClientConnectionOperator -- Connecting to altashop-api.fly.dev:443
04:37:32.663 [main] DEBUG org.apache.http.client.protocol.RequestAddCookies -- CookieSpec selected: ignoreCookies
04:37:32.663 [main] DEBUG org.apache.http.client.protocol.RequestAuthCache -- Auth cache not set in the context
04:37:32.663 [main] DEBUG org.apache.http.client.protocol.RequestTargetAuthentication -- Target auth state: UNCHALLENGED
04:37:32.663 [main] DEBUG org.apache.http.client.protocol.RequestProxyAuthentication -- Proxy auth state: UNCHALLENGED
04:37:32.663 [main] DEBUG org.apache.http.impl.client.DefaultHttpClient -- Attempt 1 to execute request
04:37:32.663 [main] DEBUG org.apache.http.impl.conn.DefaultClientConnection -- Sending request: POST /api/auth/register HTTP/1.1
04:37:32.663 [main] DEBUG org.apache.http.wire --  >> "POST /api/auth/register HTTP/1.1[\r][\n]"
04:37:32.663 [main] DEBUG org.apache.http.wire --  >> "Accept: */*[\r][\n]"
04:37:32.663 [main] DEBUG org.apache.http.wire --  >> "Content-Type: application/json[\r][\n]"
04:37:32.663 [main] DEBUG org.apache.http.wire --  >> "Content-Length: 78[\r][\n]"
04:37:32.663 [main] DEBUG org.apache.http.wire --  >> "Host: altashop-api.fly.dev[\r][\n]"
04:37:32.663 [main] DEBUG org.apache.http.wire --  >> "Connection: Keep-Alive[\r][\n]"
04:37:32.663 [main] DEBUG org.apache.http.wire --  >> "User-Agent: Apache-HttpClient/4.5.13 (Java/17.0.8)[\r][\n]"
04:37:32.663 [main] DEBUG org.apache.http.wire --  >> "Accept-Encoding: gzip,deflate[\r][\n]"
04:37:32.663 [main] DEBUG org.apache.http.wire --  >> "[\r][\n]"
04:37:32.663 [main] DEBUG org.apache.http.headers -- >> POST /api/auth/register HTTP/1.1
04:37:32.663 [main] DEBUG org.apache.http.headers -- >> Accept: */*
04:37:32.663 [main] DEBUG org.apache.http.headers -- >> Content-Type: application/json
04:37:32.663 [main] DEBUG org.apache.http.headers -- >> Content-Length: 78
04:37:32.663 [main] DEBUG org.apache.http.headers -- >> Host: altashop-api.fly.dev
04:37:32.663 [main] DEBUG org.apache.http.headers -- >> Connection: Keep-Alive
04:37:32.663 [main] DEBUG org.apache.http.headers -- >> User-Agent: Apache-HttpClient/4.5.13 (Java/17.0.8)
04:37:32.663 [main] DEBUG org.apache.http.headers -- >> Accept-Encoding: gzip,deflate
04:37:32.663 [main] DEBUG org.apache.http.wire --  >> "{"password":"","fullname":"Wiyan Herra Herviana","email":"wiyan123@gmail.com"}"
04:37:32.686 [main] DEBUG org.apache.http.wire --  << "HTTP/1.1 400 Bad Request[\r][\n]"
04:37:32.686 [main] DEBUG org.apache.http.wire --  << "content-type: application/json[\r][\n]"
04:37:32.686 [main] DEBUG org.apache.http.wire --  << "date: Mon, 30 Oct 2023 21:37:34 GMT[\r][\n]"
04:37:32.686 [main] DEBUG org.apache.http.wire --  << "content-encoding: gzip[\r][\n]"
04:37:32.686 [main] DEBUG org.apache.http.wire --  << "transfer-encoding: chunked[\r][\n]"
04:37:32.686 [main] DEBUG org.apache.http.wire --  << "server: Fly/7328d5b5 (2023-10-27)[\r][\n]"
04:37:32.686 [main] DEBUG org.apache.http.wire --  << "via: 1.1 fly.io[\r][\n]"
04:37:32.686 [main] DEBUG org.apache.http.wire --  << "fly-request-id: 01HE18AHGKRQENJ0NGBWX6EXVK-sin[\r][\n]"
04:37:32.686 [main] DEBUG org.apache.http.wire --  << "[\r][\n]"
04:37:32.686 [main] DEBUG org.apache.http.impl.conn.DefaultClientConnection -- Receiving response: HTTP/1.1 400 Bad Request
04:37:32.686 [main] DEBUG org.apache.http.headers -- << HTTP/1.1 400 Bad Request
04:37:32.686 [main] DEBUG org.apache.http.headers -- << content-type: application/json
04:37:32.686 [main] DEBUG org.apache.http.headers -- << date: Mon, 30 Oct 2023 21:37:34 GMT
04:37:32.686 [main] DEBUG org.apache.http.headers -- << content-encoding: gzip
04:37:32.686 [main] DEBUG org.apache.http.headers -- << transfer-encoding: chunked
04:37:32.686 [main] DEBUG org.apache.http.headers -- << server: Fly/7328d5b5 (2023-10-27)
04:37:32.686 [main] DEBUG org.apache.http.headers -- << via: 1.1 fly.io
04:37:32.686 [main] DEBUG org.apache.http.headers -- << fly-request-id: 01HE18AHGKRQENJ0NGBWX6EXVK-sin
04:37:32.686 [main] DEBUG org.apache.http.impl.client.DefaultHttpClient -- Connection can be kept alive indefinitely
04:37:32.686 [main] DEBUG io.restassured.internal.RestAssuredHttpBuilder -- Parsing response as: application/json
04:37:32.686 [main] DEBUG org.apache.http.wire --  << "35[\r][\n]"
04:37:32.686 [main] DEBUG org.apache.http.wire --  << "[0x1f][0x8b][0x8][0x0][0x0][0x0][0x0][0x0][0x4][0xff][0xab]VJ-*[0xca]/R[0xb2]R*H,..[0xcf]/JQ[0xc8],V(J-,[0xcd],JMQ[0xaa][0xe5][0x2][0x0][0xb9][0x8f][0xe5][0xe0]![0x0][0x0][0x0]"
04:37:32.686 [main] DEBUG org.apache.http.wire --  << "[\r][\n]"
04:37:32.686 [main] DEBUG org.apache.http.wire --  << "0[\r][\n]"
04:37:32.686 [main] DEBUG org.apache.http.wire --  << "[\r][\n]"
04:37:32.686 [main] DEBUG io.restassured.internal.RestAssuredHttpBuilder -- Parsed data to instance of: class org.apache.http.conn.EofSensorInputStream
04:37:32.687 [main] DEBUG org.apache.http.impl.conn.BasicClientConnectionManager -- Releasing connection org.apache.http.impl.conn.ManagedClientConnectionImpl@3266c7cf
04:37:32.687 [main] DEBUG org.apache.http.impl.conn.BasicClientConnectionManager -- Connection can be kept alive indefinitely
04:37:32.687 [main] DEBUG net.thucydides.core.steps.StepInterceptor -- STEP DONE: I POST HTTP request for register without using password
  &amp#27;[32mWhen &amp#27;[0m&amp#27;[32mI POST HTTP request for register without using password&amp#27;[0m               &amp#27;[90m# starter.stepdefinition.RegisterSteps.postHTTPRequestForRegisterWithoutUsingPassword()&amp#27;[0m
04:37:32.688 [main] DEBUG net.thucydides.core.steps.StepInterceptor -- STARTING STEP: RegisterSteps.receiveResponseCode400ForRegisterWithoutUsingPassword - I receive valid HTTP response 400 for register without using password
04:37:32.689 [main] DEBUG net.thucydides.core.steps.StepInterceptor -- STEP DONE: I receive valid HTTP response 400 for register without using password
  &amp#27;[32mThen &amp#27;[0m&amp#27;[32mI receive valid HTTP response 400 for register without using password&amp#27;[0m &amp#27;[90m# starter.stepdefinition.RegisterSteps.receiveResponseCode400ForRegisterWithoutUsingPassword()&amp#27;[0m
04:37:32.690 [main] INFO  -- 
  _____   ___   ___   _____     ___     _     ___   ___   ___   ___  
 |_   _| | __| / __| |_   _|   | _ \   /_\   / __| / __| | __| |   \ 
   | |   | _|  \__ \   | |     |  _/  / _ \  \__ \ \__ \ | _|  | |) |
   |_|   |___| |___/   |_|     |_|   /_/ \_\ |___/ |___/ |___| |___/ 

TC04 - Register without using password
----------------------------------------------------------------------
]]></system-out>
  </testcase>
  <testcase name="TC08 - Register with existed account" classname="[01_Automation] - Register" time="0.098">
    <system-out><![CDATA[
Scenario: TC08 - Register with existed account                             &amp#27;[90m# src/test/resources/Register.feature:38&amp#27;[0m
04:37:32.694 [main] INFO io.cucumber.core.plugin.SerenityReporter -- Running feature from file:///D:/TaksAlterra/MiniProject/MiniProject_API/src/test/resources/Register.feature
04:37:32.694 [main] WARN io.cucumber.core.plugin.SerenityReporter -- Feature from file:///D:/TaksAlterra/MiniProject/MiniProject_API/src/test/resources/Register.feature is not under the 'features' directory. Requirements report will not be correctly generated!
04:37:32.695 [main] INFO  -- 
  _____   ___   ___   _____     ___   _____     _     ___   _____   ___   ___  
 |_   _| | __| / __| |_   _|   / __| |_   _|   /_\   | _ \ |_   _| | __| |   \ 
   | |   | _|  \__ \   | |     \__ \   | |    / _ \  |   /   | |   | _|  | |) |
   |_|   |___| |___/   |_|     |___/   |_|   /_/ \_\ |_|_\   |_|   |___| |___/ 

TC08 - Register with existed account([01-automation]---register;tc08---register-with-existed-account)
--------------------------------------------------------------------------------
04:37:32.697 [main] DEBUG net.thucydides.core.steps.StepInterceptor -- STARTING STEP: RegisterSteps.postRegisterEndpoints8 - I POST register endpoints 8
04:37:32.697 [main] DEBUG net.thucydides.core.steps.StepInterceptor -- STEP DONE: I POST register endpoints 8
  &amp#27;[32mGiven &amp#27;[0m&amp#27;[32mI POST register endpoints 8&amp#27;[0m                                        &amp#27;[90m# starter.stepdefinition.RegisterSteps.postRegisterEndpoints8()&amp#27;[0m
04:37:32.699 [main] DEBUG net.thucydides.core.steps.StepInterceptor -- STARTING STEP: RegisterSteps.postHTTPRequestForRegisterWithExistedAccount - I POST HTTP request for register with existed account
04:37:32.700 [main] DEBUG net.thucydides.core.steps.StepInterceptor -- STARTING STEP: Register.postHTTPRequestForRegisterWithExistedAccount - I POST register endpoints 8
04:37:32.700 [main] DEBUG net.thucydides.core.steps.StepInterceptor -- STEP DONE: I POST register endpoints 8
04:37:32.702 [main] DEBUG org.apache.http.impl.conn.BasicClientConnectionManager -- Get connection for route {s}->https://altashop-api.fly.dev:443
04:37:32.702 [main] DEBUG org.apache.http.impl.conn.DefaultClientConnectionOperator -- Connecting to altashop-api.fly.dev:443
04:37:32.756 [main] DEBUG org.apache.http.client.protocol.RequestAddCookies -- CookieSpec selected: ignoreCookies
04:37:32.756 [main] DEBUG org.apache.http.client.protocol.RequestAuthCache -- Auth cache not set in the context
04:37:32.756 [main] DEBUG org.apache.http.client.protocol.RequestTargetAuthentication -- Target auth state: UNCHALLENGED
04:37:32.756 [main] DEBUG org.apache.http.client.protocol.RequestProxyAuthentication -- Proxy auth state: UNCHALLENGED
04:37:32.756 [main] DEBUG org.apache.http.impl.client.DefaultHttpClient -- Attempt 1 to execute request
04:37:32.756 [main] DEBUG org.apache.http.impl.conn.DefaultClientConnection -- Sending request: POST /api/auth/register HTTP/1.1
04:37:32.756 [main] DEBUG org.apache.http.wire --  >> "POST /api/auth/register HTTP/1.1[\r][\n]"
04:37:32.756 [main] DEBUG org.apache.http.wire --  >> "Accept: */*[\r][\n]"
04:37:32.756 [main] DEBUG org.apache.http.wire --  >> "Content-Type: application/json[\r][\n]"
04:37:32.756 [main] DEBUG org.apache.http.wire --  >> "Content-Length: 88[\r][\n]"
04:37:32.756 [main] DEBUG org.apache.http.wire --  >> "Host: altashop-api.fly.dev[\r][\n]"
04:37:32.756 [main] DEBUG org.apache.http.wire --  >> "Connection: Keep-Alive[\r][\n]"
04:37:32.756 [main] DEBUG org.apache.http.wire --  >> "User-Agent: Apache-HttpClient/4.5.13 (Java/17.0.8)[\r][\n]"
04:37:32.756 [main] DEBUG org.apache.http.wire --  >> "Accept-Encoding: gzip,deflate[\r][\n]"
04:37:32.756 [main] DEBUG org.apache.http.wire --  >> "[\r][\n]"
04:37:32.756 [main] DEBUG org.apache.http.headers -- >> POST /api/auth/register HTTP/1.1
04:37:32.756 [main] DEBUG org.apache.http.headers -- >> Accept: */*
04:37:32.756 [main] DEBUG org.apache.http.headers -- >> Content-Type: application/json
04:37:32.756 [main] DEBUG org.apache.http.headers -- >> Content-Length: 88
04:37:32.756 [main] DEBUG org.apache.http.headers -- >> Host: altashop-api.fly.dev
04:37:32.756 [main] DEBUG org.apache.http.headers -- >> Connection: Keep-Alive
04:37:32.756 [main] DEBUG org.apache.http.headers -- >> User-Agent: Apache-HttpClient/4.5.13 (Java/17.0.8)
04:37:32.756 [main] DEBUG org.apache.http.headers -- >> Accept-Encoding: gzip,deflate
04:37:32.756 [main] DEBUG org.apache.http.wire --  >> "{"password":"Nandatest1","fullname":"Ananda Dwi Rizkyta","email":"anandadwir@gmail.com"}"
04:37:32.783 [main] DEBUG org.apache.http.wire --  << "HTTP/1.1 400 Bad Request[\r][\n]"
04:37:32.783 [main] DEBUG org.apache.http.wire --  << "content-type: application/json[\r][\n]"
04:37:32.783 [main] DEBUG org.apache.http.wire --  << "date: Mon, 30 Oct 2023 21:37:34 GMT[\r][\n]"
04:37:32.783 [main] DEBUG org.apache.http.wire --  << "content-encoding: gzip[\r][\n]"
04:37:32.783 [main] DEBUG org.apache.http.wire --  << "transfer-encoding: chunked[\r][\n]"
04:37:32.783 [main] DEBUG org.apache.http.wire --  << "server: Fly/7328d5b5 (2023-10-27)[\r][\n]"
04:37:32.783 [main] DEBUG org.apache.http.wire --  << "via: 1.1 fly.io[\r][\n]"
04:37:32.783 [main] DEBUG org.apache.http.wire --  << "fly-request-id: 01HE18AHKGNT3W1QPW2CSEKA4A-sin[\r][\n]"
04:37:32.783 [main] DEBUG org.apache.http.wire --  << "[\r][\n]"
04:37:32.783 [main] DEBUG org.apache.http.impl.conn.DefaultClientConnection -- Receiving response: HTTP/1.1 400 Bad Request
04:37:32.783 [main] DEBUG org.apache.http.headers -- << HTTP/1.1 400 Bad Request
04:37:32.783 [main] DEBUG org.apache.http.headers -- << content-type: application/json
04:37:32.783 [main] DEBUG org.apache.http.headers -- << date: Mon, 30 Oct 2023 21:37:34 GMT
04:37:32.783 [main] DEBUG org.apache.http.headers -- << content-encoding: gzip
04:37:32.783 [main] DEBUG org.apache.http.headers -- << transfer-encoding: chunked
04:37:32.783 [main] DEBUG org.apache.http.headers -- << server: Fly/7328d5b5 (2023-10-27)
04:37:32.783 [main] DEBUG org.apache.http.headers -- << via: 1.1 fly.io
04:37:32.783 [main] DEBUG org.apache.http.headers -- << fly-request-id: 01HE18AHKGNT3W1QPW2CSEKA4A-sin
04:37:32.783 [main] DEBUG org.apache.http.impl.client.DefaultHttpClient -- Connection can be kept alive indefinitely
04:37:32.783 [main] DEBUG io.restassured.internal.RestAssuredHttpBuilder -- Parsing response as: application/json
04:37:32.783 [main] DEBUG org.apache.http.wire --  << "7B[\r][\n]"
04:37:32.783 [main] DEBUG org.apache.http.wire --  << "[0x1f][0x8b][0x8][0x0][0x0][0x0][0x0][0x0][0x4][0xff][0xab]VJ-*[0xca]/R[0xb2]Rr[\r][\n]"
04:37:32.783 [main] DEBUG org.apache.http.wire --  << "[0xf2][0xf][0xb2]RH)-[0xc8][0xc9]LN,IU[0xc8]N[0xad]T(K[0xcc])MU([0xcb][0xcc][0xcf]I,I-V([0xcd][0xcb],,MUH[0xce][0xcf]+.)J[0xcc][0xcc]+Q[0x88]Q*-N-*[0x8e]O[0xcd]M[0xcc][0xcc][0x89][0xcf]N[0xad][0x8c]QR[0xd0][0x8][0xe][0xf4][0x9][0xe]q[0xc]qU02650[0xd5]T[0xaa][0xe5][0x2][0x0][0x1a]G[0x13]pg[0x0][0x0][0x0]"
04:37:32.783 [main] DEBUG org.apache.http.wire --  << "[\r][\n]"
04:37:32.783 [main] DEBUG org.apache.http.wire --  << "0[\r][\n]"
04:37:32.783 [main] DEBUG org.apache.http.wire --  << "[\r][\n]"
04:37:32.783 [main] DEBUG io.restassured.internal.RestAssuredHttpBuilder -- Parsed data to instance of: class org.apache.http.conn.EofSensorInputStream
04:37:32.784 [main] DEBUG org.apache.http.impl.conn.BasicClientConnectionManager -- Releasing connection org.apache.http.impl.conn.ManagedClientConnectionImpl@1e0d70db
04:37:32.784 [main] DEBUG org.apache.http.impl.conn.BasicClientConnectionManager -- Connection can be kept alive indefinitely
04:37:32.785 [main] DEBUG net.thucydides.core.steps.StepInterceptor -- STEP DONE: I POST HTTP request for register with existed account
  &amp#27;[32mWhen &amp#27;[0m&amp#27;[32mI POST HTTP request for register with existed account&amp#27;[0m               &amp#27;[90m# starter.stepdefinition.RegisterSteps.postHTTPRequestForRegisterWithExistedAccount()&amp#27;[0m
04:37:32.786 [main] DEBUG net.thucydides.core.steps.StepInterceptor -- STARTING STEP: RegisterSteps.receiveResponseCode400ForRegisterWithExistedAccount - I receive valid HTTP response 400 for register with existed account
04:37:32.786 [main] DEBUG net.thucydides.core.steps.StepInterceptor -- STEP DONE: I receive valid HTTP response 400 for register with existed account
  &amp#27;[32mThen &amp#27;[0m&amp#27;[32mI receive valid HTTP response 400 for register with existed account&amp#27;[0m &amp#27;[90m# starter.stepdefinition.RegisterSteps.receiveResponseCode400ForRegisterWithExistedAccount()&amp#27;[0m
04:37:32.787 [main] INFO  -- 
  _____   ___   ___   _____     ___     _     ___   ___   ___   ___  
 |_   _| | __| / __| |_   _|   | _ \   /_\   / __| / __| | __| |   \ 
   | |   | _|  \__ \   | |     |  _/  / _ \  \__ \ \__ \ | _|  | |) |
   |_|   |___| |___/   |_|     |_|   /_/ \_\ |___/ |___/ |___| |___/ 

TC08 - Register with existed account
----------------------------------------------------------------------
]]></system-out>
  </testcase>
  <testcase name="TC09 - Register with invalid payload format" classname="[01_Automation] - Register" time="0.104">
    <system-out><![CDATA[
Scenario: TC09 - Register with invalid payload format                             &amp#27;[90m# src/test/resources/Register.feature:43&amp#27;[0m
04:37:32.790 [main] INFO io.cucumber.core.plugin.SerenityReporter -- Running feature from file:///D:/TaksAlterra/MiniProject/MiniProject_API/src/test/resources/Register.feature
04:37:32.790 [main] WARN io.cucumber.core.plugin.SerenityReporter -- Feature from file:///D:/TaksAlterra/MiniProject/MiniProject_API/src/test/resources/Register.feature is not under the 'features' directory. Requirements report will not be correctly generated!
04:37:32.791 [main] INFO  -- 
  _____   ___   ___   _____     ___   _____     _     ___   _____   ___   ___  
 |_   _| | __| / __| |_   _|   / __| |_   _|   /_\   | _ \ |_   _| | __| |   \ 
   | |   | _|  \__ \   | |     \__ \   | |    / _ \  |   /   | |   | _|  | |) |
   |_|   |___| |___/   |_|     |___/   |_|   /_/ \_\ |_|_\   |_|   |___| |___/ 

TC09 - Register with invalid payload format([01-automation]---register;tc09---register-with-invalid-payload-format)
--------------------------------------------------------------------------------
04:37:32.794 [main] DEBUG net.thucydides.core.steps.StepInterceptor -- STARTING STEP: RegisterSteps.postRegisterEndpoints9 - I POST register endpoints 9
04:37:32.794 [main] DEBUG net.thucydides.core.steps.StepInterceptor -- STEP DONE: I POST register endpoints 9
  &amp#27;[32mGiven &amp#27;[0m&amp#27;[32mI POST register endpoints 9&amp#27;[0m                                               &amp#27;[90m# starter.stepdefinition.RegisterSteps.postRegisterEndpoints9()&amp#27;[0m
04:37:32.795 [main] DEBUG net.thucydides.core.steps.StepInterceptor -- STARTING STEP: RegisterSteps.postHTTPRequestForRegisterWithInvalidPayloadFormat - I POST HTTP request for register with invalid payload format
04:37:32.796 [main] DEBUG net.thucydides.core.steps.StepInterceptor -- STARTING STEP: Register.postHTTPRequestForRegisterWithInvalidPayloadFormat - I POST register endpoints 9
04:37:32.796 [main] DEBUG net.thucydides.core.steps.StepInterceptor -- STEP DONE: I POST register endpoints 9
04:37:32.799 [main] DEBUG org.apache.http.impl.conn.BasicClientConnectionManager -- Get connection for route {s}->https://altashop-api.fly.dev:443
04:37:32.799 [main] DEBUG org.apache.http.impl.conn.DefaultClientConnectionOperator -- Connecting to altashop-api.fly.dev:443
04:37:32.863 [main] DEBUG org.apache.http.client.protocol.RequestAddCookies -- CookieSpec selected: ignoreCookies
04:37:32.863 [main] DEBUG org.apache.http.client.protocol.RequestAuthCache -- Auth cache not set in the context
04:37:32.863 [main] DEBUG org.apache.http.client.protocol.RequestTargetAuthentication -- Target auth state: UNCHALLENGED
04:37:32.863 [main] DEBUG org.apache.http.client.protocol.RequestProxyAuthentication -- Proxy auth state: UNCHALLENGED
04:37:32.863 [main] DEBUG org.apache.http.impl.client.DefaultHttpClient -- Attempt 1 to execute request
04:37:32.863 [main] DEBUG org.apache.http.impl.conn.DefaultClientConnection -- Sending request: POST /api/auth/register HTTP/1.1
04:37:32.863 [main] DEBUG org.apache.http.wire --  >> "POST /api/auth/register HTTP/1.1[\r][\n]"
04:37:32.863 [main] DEBUG org.apache.http.wire --  >> "Accept: */*[\r][\n]"
04:37:32.863 [main] DEBUG org.apache.http.wire --  >> "Content-Type: application/json[\r][\n]"
04:37:32.863 [main] DEBUG org.apache.http.wire --  >> "Content-Length: 80[\r][\n]"
04:37:32.863 [main] DEBUG org.apache.http.wire --  >> "Host: altashop-api.fly.dev[\r][\n]"
04:37:32.863 [main] DEBUG org.apache.http.wire --  >> "Connection: Keep-Alive[\r][\n]"
04:37:32.863 [main] DEBUG org.apache.http.wire --  >> "User-Agent: Apache-HttpClient/4.5.13 (Java/17.0.8)[\r][\n]"
04:37:32.863 [main] DEBUG org.apache.http.wire --  >> "Accept-Encoding: gzip,deflate[\r][\n]"
04:37:32.863 [main] DEBUG org.apache.http.wire --  >> "[\r][\n]"
04:37:32.863 [main] DEBUG org.apache.http.headers -- >> POST /api/auth/register HTTP/1.1
04:37:32.863 [main] DEBUG org.apache.http.headers -- >> Accept: */*
04:37:32.863 [main] DEBUG org.apache.http.headers -- >> Content-Type: application/json
04:37:32.863 [main] DEBUG org.apache.http.headers -- >> Content-Length: 80
04:37:32.863 [main] DEBUG org.apache.http.headers -- >> Host: altashop-api.fly.dev
04:37:32.863 [main] DEBUG org.apache.http.headers -- >> Connection: Keep-Alive
04:37:32.863 [main] DEBUG org.apache.http.headers -- >> User-Agent: Apache-HttpClient/4.5.13 (Java/17.0.8)
04:37:32.863 [main] DEBUG org.apache.http.headers -- >> Accept-Encoding: gzip,deflate
04:37:32.863 [main] DEBUG org.apache.http.wire --  >> "{"fullnme":"Wiyan Herra Herviana","mail":"wiyan123@gmail.com","pass":"wiyan123"}"
04:37:32.887 [main] DEBUG org.apache.http.wire --  << "HTTP/1.1 400 Bad Request[\r][\n]"
04:37:32.887 [main] DEBUG org.apache.http.wire --  << "content-type: application/json[\r][\n]"
04:37:32.887 [main] DEBUG org.apache.http.wire --  << "date: Mon, 30 Oct 2023 21:37:34 GMT[\r][\n]"
04:37:32.887 [main] DEBUG org.apache.http.wire --  << "content-encoding: gzip[\r][\n]"
04:37:32.887 [main] DEBUG org.apache.http.wire --  << "transfer-encoding: chunked[\r][\n]"
04:37:32.887 [main] DEBUG org.apache.http.wire --  << "server: Fly/7328d5b5 (2023-10-27)[\r][\n]"
04:37:32.887 [main] DEBUG org.apache.http.wire --  << "via: 1.1 fly.io[\r][\n]"
04:37:32.887 [main] DEBUG org.apache.http.wire --  << "fly-request-id: 01HE18AHPWD7TRTG74HG1JR12T-sin[\r][\n]"
04:37:32.887 [main] DEBUG org.apache.http.wire --  << "[\r][\n]"
04:37:32.887 [main] DEBUG org.apache.http.impl.conn.DefaultClientConnection -- Receiving response: HTTP/1.1 400 Bad Request
04:37:32.887 [main] DEBUG org.apache.http.headers -- << HTTP/1.1 400 Bad Request
04:37:32.887 [main] DEBUG org.apache.http.headers -- << content-type: application/json
04:37:32.887 [main] DEBUG org.apache.http.headers -- << date: Mon, 30 Oct 2023 21:37:34 GMT
04:37:32.887 [main] DEBUG org.apache.http.headers -- << content-encoding: gzip
04:37:32.887 [main] DEBUG org.apache.http.headers -- << transfer-encoding: chunked
04:37:32.887 [main] DEBUG org.apache.http.headers -- << server: Fly/7328d5b5 (2023-10-27)
04:37:32.887 [main] DEBUG org.apache.http.headers -- << via: 1.1 fly.io
04:37:32.887 [main] DEBUG org.apache.http.headers -- << fly-request-id: 01HE18AHPWD7TRTG74HG1JR12T-sin
04:37:32.887 [main] DEBUG org.apache.http.impl.client.DefaultHttpClient -- Connection can be kept alive indefinitely
04:37:32.887 [main] DEBUG io.restassured.internal.RestAssuredHttpBuilder -- Parsing response as: application/json
04:37:32.887 [main] DEBUG org.apache.http.wire --  << "32[\r][\n]"
04:37:32.887 [main] DEBUG org.apache.http.wire --  << "[0x1f][0x8b][0x8][0x0][0x0][0x0][0x0][0x0][0x4][0xff][0xab]VJ-*[0xca]/R[0xb2]RJ[0xcd]M[0xcc][0xcc]Q[0xc8],V(J-,[0xcd],JMQ[0xaa][0xe5][0x2][0x0]&[0xe3][0xaa]j[0x1e][0x0][0x0][0x0]"
04:37:32.887 [main] DEBUG org.apache.http.wire --  << "[\r][\n]"
04:37:32.887 [main] DEBUG org.apache.http.wire --  << "0[\r][\n]"
04:37:32.887 [main] DEBUG org.apache.http.wire --  << "[\r][\n]"
04:37:32.887 [main] DEBUG io.restassured.internal.RestAssuredHttpBuilder -- Parsed data to instance of: class org.apache.http.conn.EofSensorInputStream
04:37:32.889 [main] DEBUG org.apache.http.impl.conn.BasicClientConnectionManager -- Releasing connection org.apache.http.impl.conn.ManagedClientConnectionImpl@28f33810
04:37:32.889 [main] DEBUG org.apache.http.impl.conn.BasicClientConnectionManager -- Connection can be kept alive indefinitely
04:37:32.889 [main] DEBUG net.thucydides.core.steps.StepInterceptor -- STEP DONE: I POST HTTP request for register with invalid payload format
  &amp#27;[32mWhen &amp#27;[0m&amp#27;[32mI POST HTTP request for register with invalid payload format&amp#27;[0m               &amp#27;[90m# starter.stepdefinition.RegisterSteps.postHTTPRequestForRegisterWithInvalidPayloadFormat()&amp#27;[0m
04:37:32.891 [main] DEBUG net.thucydides.core.steps.StepInterceptor -- STARTING STEP: RegisterSteps.receiveResponseCode400ForRegisterWithInvalidPayloadFormat - I receive valid HTTP response 400 for register with invalid payload format
04:37:32.891 [main] DEBUG net.thucydides.core.steps.StepInterceptor -- STEP DONE: I receive valid HTTP response 400 for register with invalid payload format
  &amp#27;[32mThen &amp#27;[0m&amp#27;[32mI receive valid HTTP response 400 for register with invalid payload format&amp#27;[0m &amp#27;[90m# starter.stepdefinition.RegisterSteps.receiveResponseCode400ForRegisterWithInvalidPayloadFormat()&amp#27;[0m
04:37:32.892 [main] INFO  -- 
  _____   ___   ___   _____     ___     _     ___   ___   ___   ___  
 |_   _| | __| / __| |_   _|   | _ \   /_\   / __| / __| | __| |   \ 
   | |   | _|  \__ \   | |     |  _/  / _ \  \__ \ \__ \ | _|  | |) |
   |_|   |___| |___/   |_|     |_|   /_/ \_\ |___/ |___/ |___| |___/ 

TC09 - Register with invalid payload format
----------------------------------------------------------------------
]]></system-out>
  </testcase>
  <testcase name="TC10 - Register without any payload" classname="[01_Automation] - Register" time="0.097">
    <system-out><![CDATA[
Scenario: TC10 - Register without any payload                             &amp#27;[90m# src/test/resources/Register.feature:48&amp#27;[0m
04:37:32.895 [main] INFO io.cucumber.core.plugin.SerenityReporter -- Running feature from file:///D:/TaksAlterra/MiniProject/MiniProject_API/src/test/resources/Register.feature
04:37:32.895 [main] WARN io.cucumber.core.plugin.SerenityReporter -- Feature from file:///D:/TaksAlterra/MiniProject/MiniProject_API/src/test/resources/Register.feature is not under the 'features' directory. Requirements report will not be correctly generated!
04:37:32.896 [main] INFO  -- 
  _____   ___   ___   _____     ___   _____     _     ___   _____   ___   ___  
 |_   _| | __| / __| |_   _|   / __| |_   _|   /_\   | _ \ |_   _| | __| |   \ 
   | |   | _|  \__ \   | |     \__ \   | |    / _ \  |   /   | |   | _|  | |) |
   |_|   |___| |___/   |_|     |___/   |_|   /_/ \_\ |_|_\   |_|   |___| |___/ 

TC10 - Register without any payload([01-automation]---register;tc10---register-without-any-payload)
--------------------------------------------------------------------------------
04:37:32.899 [main] DEBUG net.thucydides.core.steps.StepInterceptor -- STARTING STEP: RegisterSteps.postRegisterEndpoints10 - I POST register endpoints 10
04:37:32.899 [main] DEBUG net.thucydides.core.steps.StepInterceptor -- STEP DONE: I POST register endpoints 10
  &amp#27;[32mGiven &amp#27;[0m&amp#27;[32mI POST register endpoints 10&amp#27;[0m                                      &amp#27;[90m# starter.stepdefinition.RegisterSteps.postRegisterEndpoints10()&amp#27;[0m
04:37:32.900 [main] DEBUG net.thucydides.core.steps.StepInterceptor -- STARTING STEP: RegisterSteps.postHTTPRequestForRegisterWithoutAnyPayload - I POST HTTP request for register without any payload
04:37:32.901 [main] DEBUG net.thucydides.core.steps.StepInterceptor -- STARTING STEP: Register.postHTTPRequestForRegisterWithoutAnyPayload - I POST register endpoints 10
04:37:32.901 [main] DEBUG net.thucydides.core.steps.StepInterceptor -- STEP DONE: I POST register endpoints 10
04:37:32.904 [main] DEBUG org.apache.http.impl.conn.BasicClientConnectionManager -- Get connection for route {s}->https://altashop-api.fly.dev:443
04:37:32.904 [main] DEBUG org.apache.http.impl.conn.DefaultClientConnectionOperator -- Connecting to altashop-api.fly.dev:443
04:37:32.957 [main] DEBUG org.apache.http.client.protocol.RequestAddCookies -- CookieSpec selected: ignoreCookies
04:37:32.958 [main] DEBUG org.apache.http.client.protocol.RequestAuthCache -- Auth cache not set in the context
04:37:32.958 [main] DEBUG org.apache.http.client.protocol.RequestTargetAuthentication -- Target auth state: UNCHALLENGED
04:37:32.958 [main] DEBUG org.apache.http.client.protocol.RequestProxyAuthentication -- Proxy auth state: UNCHALLENGED
04:37:32.958 [main] DEBUG org.apache.http.impl.client.DefaultHttpClient -- Attempt 1 to execute request
04:37:32.958 [main] DEBUG org.apache.http.impl.conn.DefaultClientConnection -- Sending request: POST /api/auth/register HTTP/1.1
04:37:32.958 [main] DEBUG org.apache.http.wire --  >> "POST /api/auth/register HTTP/1.1[\r][\n]"
04:37:32.958 [main] DEBUG org.apache.http.wire --  >> "Accept: */*[\r][\n]"
04:37:32.958 [main] DEBUG org.apache.http.wire --  >> "Content-Type: application/json[\r][\n]"
04:37:32.958 [main] DEBUG org.apache.http.wire --  >> "Content-Length: 2[\r][\n]"
04:37:32.958 [main] DEBUG org.apache.http.wire --  >> "Host: altashop-api.fly.dev[\r][\n]"
04:37:32.958 [main] DEBUG org.apache.http.wire --  >> "Connection: Keep-Alive[\r][\n]"
04:37:32.958 [main] DEBUG org.apache.http.wire --  >> "User-Agent: Apache-HttpClient/4.5.13 (Java/17.0.8)[\r][\n]"
04:37:32.958 [main] DEBUG org.apache.http.wire --  >> "Accept-Encoding: gzip,deflate[\r][\n]"
04:37:32.958 [main] DEBUG org.apache.http.wire --  >> "[\r][\n]"
04:37:32.958 [main] DEBUG org.apache.http.headers -- >> POST /api/auth/register HTTP/1.1
04:37:32.960 [main] DEBUG org.apache.http.headers -- >> Accept: */*
04:37:32.960 [main] DEBUG org.apache.http.headers -- >> Content-Type: application/json
04:37:32.960 [main] DEBUG org.apache.http.headers -- >> Content-Length: 2
04:37:32.960 [main] DEBUG org.apache.http.headers -- >> Host: altashop-api.fly.dev
04:37:32.960 [main] DEBUG org.apache.http.headers -- >> Connection: Keep-Alive
04:37:32.960 [main] DEBUG org.apache.http.headers -- >> User-Agent: Apache-HttpClient/4.5.13 (Java/17.0.8)
04:37:32.960 [main] DEBUG org.apache.http.headers -- >> Accept-Encoding: gzip,deflate
04:37:32.960 [main] DEBUG org.apache.http.wire --  >> "{}"
04:37:32.961 [Finalizer] DEBUG org.apache.http.impl.conn.DefaultClientConnection -- Connection 0.0.0.0:54418<->149.248.193.56:443 closed
04:37:32.961 [Finalizer] DEBUG org.apache.http.impl.conn.DefaultClientConnection -- Connection 0.0.0.0:54417<->149.248.193.56:443 closed
04:37:32.961 [Finalizer] DEBUG org.apache.http.impl.conn.DefaultClientConnection -- Connection 0.0.0.0:54416<->149.248.193.56:443 closed
04:37:32.962 [Finalizer] DEBUG org.apache.http.impl.conn.DefaultClientConnection -- Connection 0.0.0.0:54420<->149.248.193.56:443 closed
04:37:32.962 [Finalizer] DEBUG org.apache.http.impl.conn.DefaultClientConnection -- Connection 0.0.0.0:54419<->149.248.193.56:443 closed
04:37:32.962 [Finalizer] DEBUG org.apache.http.impl.conn.DefaultClientConnection -- Connection 0.0.0.0:54422<->149.248.193.56:443 closed
04:37:32.962 [Finalizer] DEBUG org.apache.http.impl.conn.DefaultClientConnection -- Connection 0.0.0.0:54421<->149.248.193.56:443 closed
04:37:32.985 [main] DEBUG org.apache.http.wire --  << "HTTP/1.1 400 Bad Request[\r][\n]"
04:37:32.985 [main] DEBUG org.apache.http.wire --  << "content-type: application/json[\r][\n]"
04:37:32.985 [main] DEBUG org.apache.http.wire --  << "date: Mon, 30 Oct 2023 21:37:34 GMT[\r][\n]"
04:37:32.985 [main] DEBUG org.apache.http.wire --  << "content-encoding: gzip[\r][\n]"
04:37:32.985 [main] DEBUG org.apache.http.wire --  << "transfer-encoding: chunked[\r][\n]"
04:37:32.985 [main] DEBUG org.apache.http.wire --  << "server: Fly/7328d5b5 (2023-10-27)[\r][\n]"
04:37:32.985 [main] DEBUG org.apache.http.wire --  << "via: 1.1 fly.io[\r][\n]"
04:37:32.985 [main] DEBUG org.apache.http.wire --  << "fly-request-id: 01HE18AHSW7ZSM3EJBN53SCYJN-sin[\r][\n]"
04:37:32.985 [main] DEBUG org.apache.http.wire --  << "[\r][\n]"
04:37:32.985 [main] DEBUG org.apache.http.impl.conn.DefaultClientConnection -- Receiving response: HTTP/1.1 400 Bad Request
04:37:32.985 [main] DEBUG org.apache.http.headers -- << HTTP/1.1 400 Bad Request
04:37:32.985 [main] DEBUG org.apache.http.headers -- << content-type: application/json
04:37:32.985 [main] DEBUG org.apache.http.headers -- << date: Mon, 30 Oct 2023 21:37:34 GMT
04:37:32.985 [main] DEBUG org.apache.http.headers -- << content-encoding: gzip
04:37:32.985 [main] DEBUG org.apache.http.headers -- << transfer-encoding: chunked
04:37:32.985 [main] DEBUG org.apache.http.headers -- << server: Fly/7328d5b5 (2023-10-27)
04:37:32.985 [main] DEBUG org.apache.http.headers -- << via: 1.1 fly.io
04:37:32.985 [main] DEBUG org.apache.http.headers -- << fly-request-id: 01HE18AHSW7ZSM3EJBN53SCYJN-sin
04:37:32.985 [main] DEBUG org.apache.http.impl.client.DefaultHttpClient -- Connection can be kept alive indefinitely
04:37:32.985 [main] DEBUG io.restassured.internal.RestAssuredHttpBuilder -- Parsing response as: application/json
04:37:32.985 [main] DEBUG org.apache.http.wire --  << "32[\r][\n]"
04:37:32.985 [main] DEBUG org.apache.http.wire --  << "[0x1f][0x8b][0x8][0x0][0x0][0x0][0x0][0x0][0x4][0xff][0xab]VJ-*[0xca]/R[0xb2]RJ[0xcd]M[0xcc][0xcc]Q[0xc8],V(J-,[0xcd],JMQ[0xaa][0xe5][0x2][0x0]&[0xe3][0xaa]j[0x1e][0x0][0x0][0x0]"
04:37:32.985 [main] DEBUG org.apache.http.wire --  << "[\r][\n]"
04:37:32.985 [main] DEBUG org.apache.http.wire --  << "0[\r][\n]"
04:37:32.985 [main] DEBUG org.apache.http.wire --  << "[\r][\n]"
04:37:32.985 [main] DEBUG io.restassured.internal.RestAssuredHttpBuilder -- Parsed data to instance of: class org.apache.http.conn.EofSensorInputStream
04:37:32.986 [main] DEBUG org.apache.http.impl.conn.BasicClientConnectionManager -- Releasing connection org.apache.http.impl.conn.ManagedClientConnectionImpl@4a0b1701
04:37:32.986 [main] DEBUG org.apache.http.impl.conn.BasicClientConnectionManager -- Connection can be kept alive indefinitely
04:37:32.986 [main] DEBUG net.thucydides.core.steps.StepInterceptor -- STEP DONE: I POST HTTP request for register without any payload
  &amp#27;[32mWhen &amp#27;[0m&amp#27;[32mI POST HTTP request for register without any payload&amp#27;[0m               &amp#27;[90m# starter.stepdefinition.RegisterSteps.postHTTPRequestForRegisterWithoutAnyPayload()&amp#27;[0m
04:37:32.988 [main] DEBUG net.thucydides.core.steps.StepInterceptor -- STARTING STEP: RegisterSteps.receiveResponseCode400ForRegisterWithoutAnyPayload - I receive valid HTTP response 400 for register without any payload
04:37:32.988 [main] DEBUG net.thucydides.core.steps.StepInterceptor -- STEP DONE: I receive valid HTTP response 400 for register without any payload
  &amp#27;[32mThen &amp#27;[0m&amp#27;[32mI receive valid HTTP response 400 for register without any payload&amp#27;[0m &amp#27;[90m# starter.stepdefinition.RegisterSteps.receiveResponseCode400ForRegisterWithoutAnyPayload()&amp#27;[0m
04:37:32.989 [main] INFO  -- 
  _____   ___   ___   _____     ___     _     ___   ___   ___   ___  
 |_   _| | __| / __| |_   _|   | _ \   /_\   / __| / __| | __| |   \ 
   | |   | _|  \__ \   | |     |  _/  / _ \  \__ \ \__ \ | _|  | |) |
   |_|   |___| |___/   |_|     |_|   /_/ \_\ |___/ |___/ |___| |___/ 

TC10 - Register without any payload
----------------------------------------------------------------------
]]></system-out>
  </testcase>
  <testcase name="TC11 - Register with body parameter is empty" classname="[01_Automation] - Register" time="0.106">
    <system-out><![CDATA[
Scenario: TC11 - Register with body parameter is empty                             &amp#27;[90m# src/test/resources/Register.feature:53&amp#27;[0m
04:37:32.992 [main] INFO io.cucumber.core.plugin.SerenityReporter -- Running feature from file:///D:/TaksAlterra/MiniProject/MiniProject_API/src/test/resources/Register.feature
04:37:32.992 [main] WARN io.cucumber.core.plugin.SerenityReporter -- Feature from file:///D:/TaksAlterra/MiniProject/MiniProject_API/src/test/resources/Register.feature is not under the 'features' directory. Requirements report will not be correctly generated!
04:37:32.993 [main] INFO  -- 
  _____   ___   ___   _____     ___   _____     _     ___   _____   ___   ___  
 |_   _| | __| / __| |_   _|   / __| |_   _|   /_\   | _ \ |_   _| | __| |   \ 
   | |   | _|  \__ \   | |     \__ \   | |    / _ \  |   /   | |   | _|  | |) |
   |_|   |___| |___/   |_|     |___/   |_|   /_/ \_\ |_|_\   |_|   |___| |___/ 

TC11 - Register with body parameter is empty([01-automation]---register;tc11---register-with-body-parameter-is-empty)
--------------------------------------------------------------------------------
04:37:32.997 [main] DEBUG net.thucydides.core.steps.StepInterceptor -- STARTING STEP: RegisterSteps.postRegisterEndpoints11 - I POST register endpoints 11
04:37:32.997 [main] DEBUG net.thucydides.core.steps.StepInterceptor -- STEP DONE: I POST register endpoints 11
  &amp#27;[32mGiven &amp#27;[0m&amp#27;[32mI POST register endpoints 11&amp#27;[0m                                               &amp#27;[90m# starter.stepdefinition.RegisterSteps.postRegisterEndpoints11()&amp#27;[0m
04:37:32.998 [main] DEBUG net.thucydides.core.steps.StepInterceptor -- STARTING STEP: RegisterSteps.postHTTPRequestForRegisterWithBodyParameterIsEmpty - I POST HTTP request for register with body parameter is empty
04:37:32.999 [main] DEBUG net.thucydides.core.steps.StepInterceptor -- STARTING STEP: Register.postHTTPRequestForRegisterWithBodyParameterIsEmpty - I POST register endpoints 11
04:37:32.999 [main] DEBUG net.thucydides.core.steps.StepInterceptor -- STEP DONE: I POST register endpoints 11
04:37:33.003 [main] DEBUG org.apache.http.impl.conn.BasicClientConnectionManager -- Get connection for route {s}->https://altashop-api.fly.dev:443
04:37:33.004 [main] DEBUG org.apache.http.impl.conn.DefaultClientConnectionOperator -- Connecting to altashop-api.fly.dev:443
04:37:33.066 [main] DEBUG org.apache.http.client.protocol.RequestAddCookies -- CookieSpec selected: ignoreCookies
04:37:33.066 [main] DEBUG org.apache.http.client.protocol.RequestAuthCache -- Auth cache not set in the context
04:37:33.066 [main] DEBUG org.apache.http.client.protocol.RequestTargetAuthentication -- Target auth state: UNCHALLENGED
04:37:33.066 [main] DEBUG org.apache.http.client.protocol.RequestProxyAuthentication -- Proxy auth state: UNCHALLENGED
04:37:33.066 [main] DEBUG org.apache.http.impl.client.DefaultHttpClient -- Attempt 1 to execute request
04:37:33.066 [main] DEBUG org.apache.http.impl.conn.DefaultClientConnection -- Sending request: POST /api/auth/register HTTP/1.1
04:37:33.066 [main] DEBUG org.apache.http.wire --  >> "POST /api/auth/register HTTP/1.1[\r][\n]"
04:37:33.066 [main] DEBUG org.apache.http.wire --  >> "Accept: */*[\r][\n]"
04:37:33.066 [main] DEBUG org.apache.http.wire --  >> "Content-Type: application/json[\r][\n]"
04:37:33.066 [main] DEBUG org.apache.http.wire --  >> "Content-Length: 40[\r][\n]"
04:37:33.066 [main] DEBUG org.apache.http.wire --  >> "Host: altashop-api.fly.dev[\r][\n]"
04:37:33.066 [main] DEBUG org.apache.http.wire --  >> "Connection: Keep-Alive[\r][\n]"
04:37:33.066 [main] DEBUG org.apache.http.wire --  >> "User-Agent: Apache-HttpClient/4.5.13 (Java/17.0.8)[\r][\n]"
04:37:33.066 [main] DEBUG org.apache.http.wire --  >> "Accept-Encoding: gzip,deflate[\r][\n]"
04:37:33.066 [main] DEBUG org.apache.http.wire --  >> "[\r][\n]"
04:37:33.066 [main] DEBUG org.apache.http.headers -- >> POST /api/auth/register HTTP/1.1
04:37:33.066 [main] DEBUG org.apache.http.headers -- >> Accept: */*
04:37:33.066 [main] DEBUG org.apache.http.headers -- >> Content-Type: application/json
04:37:33.066 [main] DEBUG org.apache.http.headers -- >> Content-Length: 40
04:37:33.066 [main] DEBUG org.apache.http.headers -- >> Host: altashop-api.fly.dev
04:37:33.066 [main] DEBUG org.apache.http.headers -- >> Connection: Keep-Alive
04:37:33.066 [main] DEBUG org.apache.http.headers -- >> User-Agent: Apache-HttpClient/4.5.13 (Java/17.0.8)
04:37:33.066 [main] DEBUG org.apache.http.headers -- >> Accept-Encoding: gzip,deflate
04:37:33.066 [main] DEBUG org.apache.http.wire --  >> "{"password":"","fullname":"","email":""}"
04:37:33.091 [main] DEBUG org.apache.http.wire --  << "HTTP/1.1 400 Bad Request[\r][\n]"
04:37:33.091 [main] DEBUG org.apache.http.wire --  << "content-type: application/json[\r][\n]"
04:37:33.091 [main] DEBUG org.apache.http.wire --  << "date: Mon, 30 Oct 2023 21:37:34 GMT[\r][\n]"
04:37:33.091 [main] DEBUG org.apache.http.wire --  << "content-encoding: gzip[\r][\n]"
04:37:33.091 [main] DEBUG org.apache.http.wire --  << "transfer-encoding: chunked[\r][\n]"
04:37:33.091 [main] DEBUG org.apache.http.wire --  << "server: Fly/7328d5b5 (2023-10-27)[\r][\n]"
04:37:33.091 [main] DEBUG org.apache.http.wire --  << "via: 1.1 fly.io[\r][\n]"
04:37:33.091 [main] DEBUG org.apache.http.wire --  << "fly-request-id: 01HE18AHX7PK32MNQ3B68RX8G9-sin[\r][\n]"
04:37:33.091 [main] DEBUG org.apache.http.wire --  << "[\r][\n]"
04:37:33.091 [main] DEBUG org.apache.http.impl.conn.DefaultClientConnection -- Receiving response: HTTP/1.1 400 Bad Request
04:37:33.091 [main] DEBUG org.apache.http.headers -- << HTTP/1.1 400 Bad Request
04:37:33.091 [main] DEBUG org.apache.http.headers -- << content-type: application/json
04:37:33.091 [main] DEBUG org.apache.http.headers -- << date: Mon, 30 Oct 2023 21:37:34 GMT
04:37:33.091 [main] DEBUG org.apache.http.headers -- << content-encoding: gzip
04:37:33.091 [main] DEBUG org.apache.http.headers -- << transfer-encoding: chunked
04:37:33.091 [main] DEBUG org.apache.http.headers -- << server: Fly/7328d5b5 (2023-10-27)
04:37:33.091 [main] DEBUG org.apache.http.headers -- << via: 1.1 fly.io
04:37:33.091 [main] DEBUG org.apache.http.headers -- << fly-request-id: 01HE18AHX7PK32MNQ3B68RX8G9-sin
04:37:33.091 [main] DEBUG org.apache.http.impl.client.DefaultHttpClient -- Connection can be kept alive indefinitely
04:37:33.091 [main] DEBUG io.restassured.internal.RestAssuredHttpBuilder -- Parsing response as: application/json
04:37:33.091 [main] DEBUG org.apache.http.wire --  << "32[\r][\n]"
04:37:33.091 [main] DEBUG org.apache.http.wire --  << "[0x1f][0x8b][0x8][0x0][0x0][0x0][0x0][0x0][0x4][0xff][0xab]VJ-*[0xca]/R[0xb2]RJ[0xcd]M[0xcc][0xcc]Q[0xc8],V(J-,[0xcd],JMQ[0xaa][0xe5][0x2][0x0]&[0xe3][0xaa]j[0x1e][0x0][0x0][0x0]"
04:37:33.091 [main] DEBUG org.apache.http.wire --  << "[\r][\n]"
04:37:33.091 [main] DEBUG org.apache.http.wire --  << "0[\r][\n]"
04:37:33.091 [main] DEBUG org.apache.http.wire --  << "[\r][\n]"
04:37:33.091 [main] DEBUG io.restassured.internal.RestAssuredHttpBuilder -- Parsed data to instance of: class org.apache.http.conn.EofSensorInputStream
04:37:33.092 [main] DEBUG org.apache.http.impl.conn.BasicClientConnectionManager -- Releasing connection org.apache.http.impl.conn.ManagedClientConnectionImpl@7aead7d9
04:37:33.092 [main] DEBUG org.apache.http.impl.conn.BasicClientConnectionManager -- Connection can be kept alive indefinitely
04:37:33.092 [main] DEBUG net.thucydides.core.steps.StepInterceptor -- STEP DONE: I POST HTTP request for register with body parameter is empty
  &amp#27;[32mWhen &amp#27;[0m&amp#27;[32mI POST HTTP request for register with body parameter is empty&amp#27;[0m               &amp#27;[90m# starter.stepdefinition.RegisterSteps.postHTTPRequestForRegisterWithBodyParameterIsEmpty()&amp#27;[0m
04:37:33.093 [main] DEBUG net.thucydides.core.steps.StepInterceptor -- STARTING STEP: RegisterSteps.receiveResponseCode400ForRegisterWithBodyParameterIsEmpty - I receive valid HTTP response 400 for register with body parameter is empty
04:37:33.094 [main] DEBUG net.thucydides.core.steps.StepInterceptor -- STEP DONE: I receive valid HTTP response 400 for register with body parameter is empty
  &amp#27;[32mThen &amp#27;[0m&amp#27;[32mI receive valid HTTP response 400 for register with body parameter is empty&amp#27;[0m &amp#27;[90m# starter.stepdefinition.RegisterSteps.receiveResponseCode400ForRegisterWithBodyParameterIsEmpty()&amp#27;[0m
04:37:33.094 [main] INFO  -- 
  _____   ___   ___   _____     ___     _     ___   ___   ___   ___  
 |_   _| | __| / __| |_   _|   | _ \   /_\   / __| / __| | __| |   \ 
   | |   | _|  \__ \   | |     |  _/  / _ \  \__ \ \__ \ | _|  | |) |
   |_|   |___| |___/   |_|     |_|   /_/ \_\ |___/ |___/ |___| |___/ 

TC11 - Register with body parameter is empty
----------------------------------------------------------------------
]]></system-out>
  </testcase>
  <testcase name="TC12 - Register with invalid HTTP method" classname="[01_Automation] - Register" time="0.088">
    <system-out><![CDATA[
Scenario: TC12 - Register with invalid HTTP method                             &amp#27;[90m# src/test/resources/Register.feature:58&amp#27;[0m
04:37:33.098 [main] INFO io.cucumber.core.plugin.SerenityReporter -- Running feature from file:///D:/TaksAlterra/MiniProject/MiniProject_API/src/test/resources/Register.feature
04:37:33.098 [main] WARN io.cucumber.core.plugin.SerenityReporter -- Feature from file:///D:/TaksAlterra/MiniProject/MiniProject_API/src/test/resources/Register.feature is not under the 'features' directory. Requirements report will not be correctly generated!
04:37:33.099 [main] INFO  -- 
  _____   ___   ___   _____     ___   _____     _     ___   _____   ___   ___  
 |_   _| | __| / __| |_   _|   / __| |_   _|   /_\   | _ \ |_   _| | __| |   \ 
   | |   | _|  \__ \   | |     \__ \   | |    / _ \  |   /   | |   | _|  | |) |
   |_|   |___| |___/   |_|     |___/   |_|   /_/ \_\ |_|_\   |_|   |___| |___/ 

TC12 - Register with invalid HTTP method([01-automation]---register;tc12---register-with-invalid-http-method)
--------------------------------------------------------------------------------
04:37:33.102 [main] DEBUG net.thucydides.core.steps.StepInterceptor -- STARTING STEP: RegisterSteps.putRegisterEndpoints - I PUT register endpoints
04:37:33.102 [main] DEBUG net.thucydides.core.steps.StepInterceptor -- STEP DONE: I PUT register endpoints
  &amp#27;[32mGiven &amp#27;[0m&amp#27;[32mI PUT register endpoints&amp#27;[0m                                               &amp#27;[90m# starter.stepdefinition.RegisterSteps.putRegisterEndpoints()&amp#27;[0m
04:37:33.103 [main] DEBUG net.thucydides.core.steps.StepInterceptor -- STARTING STEP: RegisterSteps.putRequestForRegisterWithInvalidHTTPMethod - I send request for register with invalid HTTP method
04:37:33.104 [main] DEBUG net.thucydides.core.steps.StepInterceptor -- STARTING STEP: Register.putRequestForRegisterWithInvalidHTTPMethod - I PUT register endpoints
04:37:33.104 [main] DEBUG net.thucydides.core.steps.StepInterceptor -- STEP DONE: I PUT register endpoints
04:37:33.107 [main] DEBUG org.apache.http.impl.conn.BasicClientConnectionManager -- Get connection for route {s}->https://altashop-api.fly.dev:443
04:37:33.107 [main] DEBUG org.apache.http.impl.conn.DefaultClientConnectionOperator -- Connecting to altashop-api.fly.dev:443
04:37:33.155 [main] DEBUG org.apache.http.client.protocol.RequestAddCookies -- CookieSpec selected: ignoreCookies
04:37:33.155 [main] DEBUG org.apache.http.client.protocol.RequestAuthCache -- Auth cache not set in the context
04:37:33.156 [main] DEBUG org.apache.http.client.protocol.RequestTargetAuthentication -- Target auth state: UNCHALLENGED
04:37:33.156 [main] DEBUG org.apache.http.client.protocol.RequestProxyAuthentication -- Proxy auth state: UNCHALLENGED
04:37:33.156 [main] DEBUG org.apache.http.impl.client.DefaultHttpClient -- Attempt 1 to execute request
04:37:33.156 [main] DEBUG org.apache.http.impl.conn.DefaultClientConnection -- Sending request: PUT /api/auth/register HTTP/1.1
04:37:33.156 [main] DEBUG org.apache.http.wire --  >> "PUT /api/auth/register HTTP/1.1[\r][\n]"
04:37:33.156 [main] DEBUG org.apache.http.wire --  >> "Accept: */*[\r][\n]"
04:37:33.156 [main] DEBUG org.apache.http.wire --  >> "Content-Type: application/json[\r][\n]"
04:37:33.156 [main] DEBUG org.apache.http.wire --  >> "Content-Length: 86[\r][\n]"
04:37:33.156 [main] DEBUG org.apache.http.wire --  >> "Host: altashop-api.fly.dev[\r][\n]"
04:37:33.156 [main] DEBUG org.apache.http.wire --  >> "Connection: Keep-Alive[\r][\n]"
04:37:33.156 [main] DEBUG org.apache.http.wire --  >> "User-Agent: Apache-HttpClient/4.5.13 (Java/17.0.8)[\r][\n]"
04:37:33.156 [main] DEBUG org.apache.http.wire --  >> "Accept-Encoding: gzip,deflate[\r][\n]"
04:37:33.156 [main] DEBUG org.apache.http.wire --  >> "[\r][\n]"
04:37:33.156 [main] DEBUG org.apache.http.headers -- >> PUT /api/auth/register HTTP/1.1
04:37:33.156 [main] DEBUG org.apache.http.headers -- >> Accept: */*
04:37:33.156 [main] DEBUG org.apache.http.headers -- >> Content-Type: application/json
04:37:33.156 [main] DEBUG org.apache.http.headers -- >> Content-Length: 86
04:37:33.156 [main] DEBUG org.apache.http.headers -- >> Host: altashop-api.fly.dev
04:37:33.156 [main] DEBUG org.apache.http.headers -- >> Connection: Keep-Alive
04:37:33.156 [main] DEBUG org.apache.http.headers -- >> User-Agent: Apache-HttpClient/4.5.13 (Java/17.0.8)
04:37:33.156 [main] DEBUG org.apache.http.headers -- >> Accept-Encoding: gzip,deflate
04:37:33.156 [main] DEBUG org.apache.http.wire --  >> "{"password":"wiyan123","fullname":"Wiyan Herra Herviana","email":"wiyan123@gmail.com"}"
04:37:33.179 [main] DEBUG org.apache.http.wire --  << "HTTP/1.1 405 Method Not Allowed[\r][\n]"
04:37:33.179 [main] DEBUG org.apache.http.wire --  << "date: Mon, 30 Oct 2023 21:37:34 GMT[\r][\n]"
04:37:33.179 [main] DEBUG org.apache.http.wire --  << "content-encoding: gzip[\r][\n]"
04:37:33.179 [main] DEBUG org.apache.http.wire --  << "content-type: text/plain; charset=utf-8[\r][\n]"
04:37:33.179 [main] DEBUG org.apache.http.wire --  << "transfer-encoding: chunked[\r][\n]"
04:37:33.179 [main] DEBUG org.apache.http.wire --  << "server: Fly/7328d5b5 (2023-10-27)[\r][\n]"
04:37:33.179 [main] DEBUG org.apache.http.wire --  << "via: 1.1 fly.io[\r][\n]"
04:37:33.179 [main] DEBUG org.apache.http.wire --  << "fly-request-id: 01HE18AJ00BY7WPP7YR1ZJ3KE3-sin[\r][\n]"
04:37:33.179 [main] DEBUG org.apache.http.wire --  << "[\r][\n]"
04:37:33.179 [main] DEBUG org.apache.http.impl.conn.DefaultClientConnection -- Receiving response: HTTP/1.1 405 Method Not Allowed
04:37:33.179 [main] DEBUG org.apache.http.headers -- << HTTP/1.1 405 Method Not Allowed
04:37:33.179 [main] DEBUG org.apache.http.headers -- << date: Mon, 30 Oct 2023 21:37:34 GMT
04:37:33.179 [main] DEBUG org.apache.http.headers -- << content-encoding: gzip
04:37:33.179 [main] DEBUG org.apache.http.headers -- << content-type: text/plain; charset=utf-8
04:37:33.179 [main] DEBUG org.apache.http.headers -- << transfer-encoding: chunked
04:37:33.179 [main] DEBUG org.apache.http.headers -- << server: Fly/7328d5b5 (2023-10-27)
04:37:33.179 [main] DEBUG org.apache.http.headers -- << via: 1.1 fly.io
04:37:33.179 [main] DEBUG org.apache.http.headers -- << fly-request-id: 01HE18AJ00BY7WPP7YR1ZJ3KE3-sin
04:37:33.179 [main] DEBUG org.apache.http.impl.client.DefaultHttpClient -- Connection can be kept alive indefinitely
04:37:33.179 [main] DEBUG io.restassured.internal.RestAssuredHttpBuilder -- Parsing response as: text/plain; charset=utf-8
04:37:33.179 [main] DEBUG org.apache.http.wire --  << "27[\r][\n]"
04:37:33.179 [main] DEBUG org.apache.http.wire --  << "[0x1f][0x8b][0x8][0x0][0x0][0x0][0x0][0x0][0x4][0xff][0xcb]M-[0xc9][0xc8]OQ[0xc8][0xcb]/QH[0xcc][0xc9][0xc9]/OM[0xe1][0x2][0x0][0xe5]Yf[0xfa][0x13][0x0][0x0][0x0]"
04:37:33.179 [main] DEBUG org.apache.http.wire --  << "[\r][\n]"
04:37:33.179 [main] DEBUG org.apache.http.wire --  << "0[\r][\n]"
04:37:33.179 [main] DEBUG org.apache.http.wire --  << "[\r][\n]"
04:37:33.179 [main] DEBUG io.restassured.internal.RestAssuredHttpBuilder -- Parsed data to instance of: class org.apache.http.conn.EofSensorInputStream
04:37:33.180 [main] DEBUG org.apache.http.impl.conn.BasicClientConnectionManager -- Releasing connection org.apache.http.impl.conn.ManagedClientConnectionImpl@1e295ef1
04:37:33.180 [main] DEBUG org.apache.http.impl.conn.BasicClientConnectionManager -- Connection can be kept alive indefinitely
04:37:33.180 [main] DEBUG net.thucydides.core.steps.StepInterceptor -- STEP DONE: I send request for register with invalid HTTP method
  &amp#27;[32mWhen &amp#27;[0m&amp#27;[32mI send request for register with invalid HTTP method&amp#27;[0m                    &amp#27;[90m# starter.stepdefinition.RegisterSteps.putRequestForRegisterWithInvalidHTTPMethod()&amp#27;[0m
04:37:33.182 [main] DEBUG net.thucydides.core.steps.StepInterceptor -- STARTING STEP: RegisterSteps.receiveResponseCode405ForRegisterWithInvalidHTTPMethod - I receive valid HTTP response 405 for register with invalid HTTP method
04:37:33.182 [main] DEBUG net.thucydides.core.steps.StepInterceptor -- STEP DONE: I receive valid HTTP response 405 for register with invalid HTTP method
  &amp#27;[32mThen &amp#27;[0m&amp#27;[32mI receive valid HTTP response 405 for register with invalid HTTP method&amp#27;[0m &amp#27;[90m# starter.stepdefinition.RegisterSteps.receiveResponseCode405ForRegisterWithInvalidHTTPMethod()&amp#27;[0m
04:37:33.183 [main] INFO  -- 
  _____   ___   ___   _____     ___     _     ___   ___   ___   ___  
 |_   _| | __| / __| |_   _|   | _ \   /_\   / __| / __| | __| |   \ 
   | |   | _|  \__ \   | |     |  _/  / _ \  \__ \ \__ \ | _|  | |) |
   |_|   |___| |___/   |_|     |_|   /_/ \_\ |___/ |___/ |___| |___/ 

TC12 - Register with invalid HTTP method
----------------------------------------------------------------------
]]></system-out>
  </testcase>
  <testcase name="TC22 - Get user information" classname="[03_Automation] - User Information" time="0.091">
    <system-out><![CDATA[04:37:33.183 [main] INFO io.cucumber.core.plugin.SerenityReporter -- Running feature from file:///D:/TaksAlterra/MiniProject/MiniProject_API/src/test/resources/UserInformation.feature
04:37:33.183 [main] WARN io.cucumber.core.plugin.SerenityReporter -- Feature from file:///D:/TaksAlterra/MiniProject/MiniProject_API/src/test/resources/UserInformation.feature is not under the 'features' directory. Requirements report will not be correctly generated!
04:37:33.184 [main] DEBUG net.thucydides.core.steps.StepEventBus -- Test suite started for story net.thucydides.core.model.Story@18f4b3f3
04:37:33.184 [main] INFO  -- Test Suite Started: [03_Automation] - User Information

Scenario: TC22 - Get user information                         &amp#27;[90m# src/test/resources/UserInformation.feature:3&amp#27;[0m
04:37:33.188 [main] INFO io.cucumber.core.plugin.SerenityReporter -- Running feature from file:///D:/TaksAlterra/MiniProject/MiniProject_API/src/test/resources/UserInformation.feature
04:37:33.188 [main] WARN io.cucumber.core.plugin.SerenityReporter -- Feature from file:///D:/TaksAlterra/MiniProject/MiniProject_API/src/test/resources/UserInformation.feature is not under the 'features' directory. Requirements report will not be correctly generated!
04:37:33.189 [main] INFO  -- 
  _____   ___   ___   _____     ___   _____     _     ___   _____   ___   ___  
 |_   _| | __| / __| |_   _|   / __| |_   _|   /_\   | _ \ |_   _| | __| |   \ 
   | |   | _|  \__ \   | |     \__ \   | |    / _ \  |   /   | |   | _|  | |) |
   |_|   |___| |___/   |_|     |___/   |_|   /_/ \_\ |_|_\   |_|   |___| |___/ 

TC22 - Get user information([03-automation]---user-information;tc22---get-user-information)
--------------------------------------------------------------------------------
04:37:33.195 [main] DEBUG net.thucydides.core.steps.StepInterceptor -- STARTING STEP: UserInformationSteps.getUserInformationEndpoints - I GET user information endpoints
04:37:33.195 [main] DEBUG net.thucydides.core.steps.StepInterceptor -- STEP DONE: I GET user information endpoints
  &amp#27;[32mGiven &amp#27;[0m&amp#27;[32mI GET user information endpoints&amp#27;[0m                      &amp#27;[90m# starter.stepdefinition.UserInformationSteps.getUserInformationEndpoints()&amp#27;[0m
04:37:33.196 [main] DEBUG net.thucydides.core.steps.StepInterceptor -- STARTING STEP: UserInformationSteps.getHTTPRequestUserInformation - I GET HTTP request with valid token
04:37:33.197 [main] DEBUG net.thucydides.core.steps.StepInterceptor -- STARTING STEP: UserInformation.getHTTPRequestUserInformation - I GET user information endpoints
04:37:33.197 [main] DEBUG net.thucydides.core.steps.StepInterceptor -- STEP DONE: I GET user information endpoints
04:37:33.200 [main] DEBUG org.apache.http.impl.conn.BasicClientConnectionManager -- Get connection for route {s}->https://altashop-api.fly.dev:443
04:37:33.200 [main] DEBUG org.apache.http.impl.conn.DefaultClientConnectionOperator -- Connecting to altashop-api.fly.dev:443
04:37:33.245 [main] DEBUG org.apache.http.client.protocol.RequestAddCookies -- CookieSpec selected: ignoreCookies
04:37:33.245 [main] DEBUG org.apache.http.client.protocol.RequestAuthCache -- Auth cache not set in the context
04:37:33.245 [main] DEBUG org.apache.http.client.protocol.RequestProxyAuthentication -- Proxy auth state: UNCHALLENGED
04:37:33.245 [main] DEBUG org.apache.http.impl.client.DefaultHttpClient -- Attempt 1 to execute request
04:37:33.245 [main] DEBUG org.apache.http.impl.conn.DefaultClientConnection -- Sending request: GET /api/auth/info HTTP/1.1
04:37:33.245 [main] DEBUG org.apache.http.wire --  >> "GET /api/auth/info HTTP/1.1[\r][\n]"
04:37:33.245 [main] DEBUG org.apache.http.wire --  >> "Authorization: Bearer eyJhbGciOiJIUzI1NiIsInR5cCI6IkpXVCJ9.eyJGdWxsbmFtZSI6IldpeWFuIEhlcnJhIEhlcnZpYW5hIiwiRW1haWwiOiJ3aXlhbjEyM0BnbWFpbC5jb20ifQ.Rsm7iH_obOaXakAORv2RniUWUxeZfBjkK8S8HtuLly8[\r][\n]"
04:37:33.245 [main] DEBUG org.apache.http.wire --  >> "Accept: */*[\r][\n]"
04:37:33.245 [main] DEBUG org.apache.http.wire --  >> "Host: altashop-api.fly.dev[\r][\n]"
04:37:33.245 [main] DEBUG org.apache.http.wire --  >> "Connection: Keep-Alive[\r][\n]"
04:37:33.245 [main] DEBUG org.apache.http.wire --  >> "User-Agent: Apache-HttpClient/4.5.13 (Java/17.0.8)[\r][\n]"
04:37:33.245 [main] DEBUG org.apache.http.wire --  >> "Accept-Encoding: gzip,deflate[\r][\n]"
04:37:33.245 [main] DEBUG org.apache.http.wire --  >> "[\r][\n]"
04:37:33.245 [main] DEBUG org.apache.http.headers -- >> GET /api/auth/info HTTP/1.1
04:37:33.245 [main] DEBUG org.apache.http.headers -- >> Authorization: Bearer eyJhbGciOiJIUzI1NiIsInR5cCI6IkpXVCJ9.eyJGdWxsbmFtZSI6IldpeWFuIEhlcnJhIEhlcnZpYW5hIiwiRW1haWwiOiJ3aXlhbjEyM0BnbWFpbC5jb20ifQ.Rsm7iH_obOaXakAORv2RniUWUxeZfBjkK8S8HtuLly8
04:37:33.245 [main] DEBUG org.apache.http.headers -- >> Accept: */*
04:37:33.245 [main] DEBUG org.apache.http.headers -- >> Host: altashop-api.fly.dev
04:37:33.245 [main] DEBUG org.apache.http.headers -- >> Connection: Keep-Alive
04:37:33.245 [main] DEBUG org.apache.http.headers -- >> User-Agent: Apache-HttpClient/4.5.13 (Java/17.0.8)
04:37:33.245 [main] DEBUG org.apache.http.headers -- >> Accept-Encoding: gzip,deflate
04:37:33.271 [main] DEBUG org.apache.http.wire --  << "HTTP/1.1 200 OK[\r][\n]"
04:37:33.271 [main] DEBUG org.apache.http.wire --  << "content-type: application/json[\r][\n]"
04:37:33.271 [main] DEBUG org.apache.http.wire --  << "date: Mon, 30 Oct 2023 21:37:34 GMT[\r][\n]"
04:37:33.271 [main] DEBUG org.apache.http.wire --  << "content-encoding: gzip[\r][\n]"
04:37:33.271 [main] DEBUG org.apache.http.wire --  << "transfer-encoding: chunked[\r][\n]"
04:37:33.272 [main] DEBUG org.apache.http.wire --  << "server: Fly/7328d5b5 (2023-10-27)[\r][\n]"
04:37:33.272 [main] DEBUG org.apache.http.wire --  << "via: 1.1 fly.io[\r][\n]"
04:37:33.272 [main] DEBUG org.apache.http.wire --  << "fly-request-id: 01HE18AJ2SFZYHSYFGKSB8RB2A-sin[\r][\n]"
04:37:33.272 [main] DEBUG org.apache.http.wire --  << "[\r][\n]"
04:37:33.272 [main] DEBUG org.apache.http.impl.conn.DefaultClientConnection -- Receiving response: HTTP/1.1 200 OK
04:37:33.272 [main] DEBUG org.apache.http.headers -- << HTTP/1.1 200 OK
04:37:33.272 [main] DEBUG org.apache.http.headers -- << content-type: application/json
04:37:33.272 [main] DEBUG org.apache.http.headers -- << date: Mon, 30 Oct 2023 21:37:34 GMT
04:37:33.272 [main] DEBUG org.apache.http.headers -- << content-encoding: gzip
04:37:33.272 [main] DEBUG org.apache.http.headers -- << transfer-encoding: chunked
04:37:33.272 [main] DEBUG org.apache.http.headers -- << server: Fly/7328d5b5 (2023-10-27)
04:37:33.272 [main] DEBUG org.apache.http.headers -- << via: 1.1 fly.io
04:37:33.272 [main] DEBUG org.apache.http.headers -- << fly-request-id: 01HE18AJ2SFZYHSYFGKSB8RB2A-sin
04:37:33.272 [main] DEBUG org.apache.http.impl.client.DefaultHttpClient -- Connection can be kept alive indefinitely
04:37:33.272 [main] DEBUG io.restassured.internal.RestAssuredHttpBuilder -- Parsing response as: application/json
04:37:33.272 [main] DEBUG org.apache.http.wire --  << "6F[\r][\n]"
04:37:33.272 [main] DEBUG org.apache.http.wire --  << "[0x1f][0x8b][0x8][0x0][0x0][0x0][0x0][0x0][0x4][0xff][0xab]VJI,IT[0xb2][0xaa]V[0xf2]tQ[0xb2]2[0xb2]476[0xd7]Qr+[0xcd][0xc9][0xc9]K[0xcc]MU[0xb2]R[\n]"
04:37:33.272 [main] DEBUG org.apache.http.wire --  << "[0xcf][0xac]L[0xcc]S[0xf0]H-*J[0x4][0x91]e[0x99][0x89]y[0x89]J:J[0xae][0xb9][0x89][0x99]9JVJ[0xe5] iC#c[0x87]t[0x90][0x80]^r~[0xae][0x92][0x8e]R@bqqy~Q[\n]"
04:37:33.272 [main] DEBUG org.apache.http.wire --  << "[0x92][0xbc]Rm-[0x17][0x0][0xaf]ye[0x92]k[0x0][0x0][0x0]"
04:37:33.272 [main] DEBUG org.apache.http.wire --  << "[\r][\n]"
04:37:33.272 [main] DEBUG org.apache.http.wire --  << "0[\r][\n]"
04:37:33.272 [main] DEBUG org.apache.http.wire --  << "[\r][\n]"
04:37:33.272 [main] DEBUG io.restassured.internal.RestAssuredHttpBuilder -- Parsed data to instance of: class org.apache.http.conn.EofSensorInputStream
04:37:33.272 [main] DEBUG org.apache.http.impl.conn.BasicClientConnectionManager -- Releasing connection org.apache.http.impl.conn.ManagedClientConnectionImpl@1192d1f5
04:37:33.272 [main] DEBUG org.apache.http.impl.conn.BasicClientConnectionManager -- Connection can be kept alive indefinitely
04:37:33.273 [main] DEBUG net.thucydides.core.steps.StepInterceptor -- STEP DONE: I GET HTTP request with valid token
  &amp#27;[32mWhen &amp#27;[0m&amp#27;[32mI GET HTTP request with valid token&amp#27;[0m                    &amp#27;[90m# starter.stepdefinition.UserInformationSteps.getHTTPRequestUserInformation()&amp#27;[0m
04:37:33.274 [main] DEBUG net.thucydides.core.steps.StepInterceptor -- STARTING STEP: UserInformationSteps.receiveResponseCode200UserInformation - I receive valid HTTP response 200 for user information
04:37:33.274 [main] DEBUG net.thucydides.core.steps.StepInterceptor -- STEP DONE: I receive valid HTTP response 200 for user information
  &amp#27;[32mThen &amp#27;[0m&amp#27;[32mI receive valid HTTP response 200 for user information&amp#27;[0m &amp#27;[90m# starter.stepdefinition.UserInformationSteps.receiveResponseCode200UserInformation()&amp#27;[0m
04:37:33.275 [main] INFO  -- 
  _____   ___   ___   _____     ___     _     ___   ___   ___   ___  
 |_   _| | __| / __| |_   _|   | _ \   /_\   / __| / __| | __| |   \ 
   | |   | _|  \__ \   | |     |  _/  / _ \  \__ \ \__ \ | _|  | |) |
   |_|   |___| |___/   |_|     |_|   /_/ \_\ |___/ |___/ |___| |___/ 

TC22 - Get user information
----------------------------------------------------------------------
]]></system-out>
  </testcase>
  <testcase name="TC23 - Get user information without token" classname="[03_Automation] - User Information" time="0.1">
    <system-out><![CDATA[
Scenario: TC23 - Get user information without token                         &amp#27;[90m# src/test/resources/UserInformation.feature:8&amp#27;[0m
04:37:33.278 [main] INFO io.cucumber.core.plugin.SerenityReporter -- Running feature from file:///D:/TaksAlterra/MiniProject/MiniProject_API/src/test/resources/UserInformation.feature
04:37:33.278 [main] WARN io.cucumber.core.plugin.SerenityReporter -- Feature from file:///D:/TaksAlterra/MiniProject/MiniProject_API/src/test/resources/UserInformation.feature is not under the 'features' directory. Requirements report will not be correctly generated!
04:37:33.279 [main] INFO  -- 
  _____   ___   ___   _____     ___   _____     _     ___   _____   ___   ___  
 |_   _| | __| / __| |_   _|   / __| |_   _|   /_\   | _ \ |_   _| | __| |   \ 
   | |   | _|  \__ \   | |     \__ \   | |    / _ \  |   /   | |   | _|  | |) |
   |_|   |___| |___/   |_|     |___/   |_|   /_/ \_\ |_|_\   |_|   |___| |___/ 

TC23 - Get user information without token([03-automation]---user-information;tc23---get-user-information-without-token)
--------------------------------------------------------------------------------
04:37:33.284 [main] DEBUG net.thucydides.core.steps.StepInterceptor -- STARTING STEP: UserInformationSteps.getUserInformationEndpoints2 - I GET user information endpoints 2
04:37:33.284 [main] DEBUG net.thucydides.core.steps.StepInterceptor -- STEP DONE: I GET user information endpoints 2
  &amp#27;[32mGiven &amp#27;[0m&amp#27;[32mI GET user information endpoints 2&amp#27;[0m                                  &amp#27;[90m# starter.stepdefinition.UserInformationSteps.getUserInformationEndpoints2()&amp#27;[0m
04:37:33.286 [main] DEBUG net.thucydides.core.steps.StepInterceptor -- STARTING STEP: UserInformationSteps.getHTTPRequestForUserInformationWithoutToken - I GET HTTP request for user information without token
04:37:33.287 [main] DEBUG net.thucydides.core.steps.StepInterceptor -- STARTING STEP: UserInformation.getHTTPRequestForUserInformationWithoutToken - I GET user information endpoints
04:37:33.287 [main] DEBUG net.thucydides.core.steps.StepInterceptor -- STEP DONE: I GET user information endpoints
04:37:33.289 [main] DEBUG org.apache.http.impl.conn.BasicClientConnectionManager -- Get connection for route {s}->https://altashop-api.fly.dev:443
04:37:33.290 [main] DEBUG org.apache.http.impl.conn.DefaultClientConnectionOperator -- Connecting to altashop-api.fly.dev:443
04:37:33.345 [main] DEBUG org.apache.http.client.protocol.RequestAddCookies -- CookieSpec selected: ignoreCookies
04:37:33.345 [main] DEBUG org.apache.http.client.protocol.RequestAuthCache -- Auth cache not set in the context
04:37:33.345 [main] DEBUG org.apache.http.client.protocol.RequestTargetAuthentication -- Target auth state: UNCHALLENGED
04:37:33.345 [main] DEBUG org.apache.http.client.protocol.RequestProxyAuthentication -- Proxy auth state: UNCHALLENGED
04:37:33.345 [main] DEBUG org.apache.http.impl.client.DefaultHttpClient -- Attempt 1 to execute request
04:37:33.345 [main] DEBUG org.apache.http.impl.conn.DefaultClientConnection -- Sending request: GET /api/auth/info HTTP/1.1
04:37:33.345 [main] DEBUG org.apache.http.wire --  >> "GET /api/auth/info HTTP/1.1[\r][\n]"
04:37:33.345 [main] DEBUG org.apache.http.wire --  >> "Accept: */*[\r][\n]"
04:37:33.345 [main] DEBUG org.apache.http.wire --  >> "Host: altashop-api.fly.dev[\r][\n]"
04:37:33.345 [main] DEBUG org.apache.http.wire --  >> "Connection: Keep-Alive[\r][\n]"
04:37:33.345 [main] DEBUG org.apache.http.wire --  >> "User-Agent: Apache-HttpClient/4.5.13 (Java/17.0.8)[\r][\n]"
04:37:33.345 [main] DEBUG org.apache.http.wire --  >> "Accept-Encoding: gzip,deflate[\r][\n]"
04:37:33.345 [main] DEBUG org.apache.http.wire --  >> "[\r][\n]"
04:37:33.345 [main] DEBUG org.apache.http.headers -- >> GET /api/auth/info HTTP/1.1
04:37:33.345 [main] DEBUG org.apache.http.headers -- >> Accept: */*
04:37:33.345 [main] DEBUG org.apache.http.headers -- >> Host: altashop-api.fly.dev
04:37:33.345 [main] DEBUG org.apache.http.headers -- >> Connection: Keep-Alive
04:37:33.345 [main] DEBUG org.apache.http.headers -- >> User-Agent: Apache-HttpClient/4.5.13 (Java/17.0.8)
04:37:33.345 [main] DEBUG org.apache.http.headers -- >> Accept-Encoding: gzip,deflate
04:37:33.370 [main] DEBUG org.apache.http.wire --  << "HTTP/1.1 401 Unauthorized[\r][\n]"
04:37:33.370 [main] DEBUG org.apache.http.wire --  << "content-type: application/json[\r][\n]"
04:37:33.370 [main] DEBUG org.apache.http.wire --  << "date: Mon, 30 Oct 2023 21:37:34 GMT[\r][\n]"
04:37:33.370 [main] DEBUG org.apache.http.wire --  << "content-encoding: gzip[\r][\n]"
04:37:33.370 [main] DEBUG org.apache.http.wire --  << "transfer-encoding: chunked[\r][\n]"
04:37:33.370 [main] DEBUG org.apache.http.wire --  << "server: Fly/7328d5b5 (2023-10-27)[\r][\n]"
04:37:33.370 [main] DEBUG org.apache.http.wire --  << "via: 1.1 fly.io[\r][\n]"
04:37:33.370 [main] DEBUG org.apache.http.wire --  << "fly-request-id: 01HE18AJ5YY0NWFRR5DSX2YMAK-sin[\r][\n]"
04:37:33.370 [main] DEBUG org.apache.http.wire --  << "[\r][\n]"
04:37:33.370 [main] DEBUG org.apache.http.impl.conn.DefaultClientConnection -- Receiving response: HTTP/1.1 401 Unauthorized
04:37:33.370 [main] DEBUG org.apache.http.headers -- << HTTP/1.1 401 Unauthorized
04:37:33.370 [main] DEBUG org.apache.http.headers -- << content-type: application/json
04:37:33.370 [main] DEBUG org.apache.http.headers -- << date: Mon, 30 Oct 2023 21:37:34 GMT
04:37:33.370 [main] DEBUG org.apache.http.headers -- << content-encoding: gzip
04:37:33.370 [main] DEBUG org.apache.http.headers -- << transfer-encoding: chunked
04:37:33.370 [main] DEBUG org.apache.http.headers -- << server: Fly/7328d5b5 (2023-10-27)
04:37:33.370 [main] DEBUG org.apache.http.headers -- << via: 1.1 fly.io
04:37:33.370 [main] DEBUG org.apache.http.headers -- << fly-request-id: 01HE18AJ5YY0NWFRR5DSX2YMAK-sin
04:37:33.370 [main] DEBUG org.apache.http.impl.client.DefaultHttpClient -- Connection can be kept alive indefinitely
04:37:33.370 [main] DEBUG org.apache.http.impl.client.DefaultHttpClient -- Authentication required
04:37:33.370 [main] DEBUG org.apache.http.impl.client.DefaultHttpClient -- altashop-api.fly.dev:443 requested authentication
04:37:33.370 [main] DEBUG org.apache.http.impl.client.DefaultHttpClient -- Response contains no authentication challenges
04:37:33.370 [main] DEBUG io.restassured.internal.RestAssuredHttpBuilder -- Parsing response as: application/json
04:37:33.370 [main] DEBUG org.apache.http.wire --  << "2D[\r][\n]"
04:37:33.370 [main] DEBUG org.apache.http.wire --  << "[0x1f][0x8b][0x8][0x0][0x0][0x0][0x0][0x0][0x4][0xff][0xab]VJ-*[0xca]/R[0xb2]R*[0xcd]K,-[0xc9][0xc8]/[0xca][0xac]JMQ[0xaa][0xe5][0x2][0x0]@[0x17]da[0x19][0x0][0x0][0x0]"
04:37:33.370 [main] DEBUG org.apache.http.wire --  << "[\r][\n]"
04:37:33.370 [main] DEBUG org.apache.http.wire --  << "0[\r][\n]"
04:37:33.370 [main] DEBUG org.apache.http.wire --  << "[\r][\n]"
04:37:33.370 [main] DEBUG io.restassured.internal.RestAssuredHttpBuilder -- Parsed data to instance of: class org.apache.http.conn.EofSensorInputStream
04:37:33.371 [main] DEBUG org.apache.http.impl.conn.BasicClientConnectionManager -- Releasing connection org.apache.http.impl.conn.ManagedClientConnectionImpl@4fad5e7
04:37:33.371 [main] DEBUG org.apache.http.impl.conn.BasicClientConnectionManager -- Connection can be kept alive indefinitely
04:37:33.371 [main] DEBUG net.thucydides.core.steps.StepInterceptor -- STEP DONE: I GET HTTP request for user information without token
  &amp#27;[32mWhen &amp#27;[0m&amp#27;[32mI GET HTTP request for user information without token&amp#27;[0m                &amp#27;[90m# starter.stepdefinition.UserInformationSteps.getHTTPRequestForUserInformationWithoutToken()&amp#27;[0m
04:37:33.373 [main] DEBUG net.thucydides.core.steps.StepInterceptor -- STARTING STEP: UserInformationSteps.receiveResponseCode401ForUserInformationWithoutToken - I receive valid HTTP response 401 for user information without token
04:37:33.374 [main] DEBUG net.thucydides.core.steps.StepInterceptor -- STEP DONE: I receive valid HTTP response 401 for user information without token
  &amp#27;[32mThen &amp#27;[0m&amp#27;[32mI receive valid HTTP response 401 for user information without token&amp#27;[0m &amp#27;[90m# starter.stepdefinition.UserInformationSteps.receiveResponseCode401ForUserInformationWithoutToken()&amp#27;[0m
04:37:33.375 [main] INFO  -- 
  _____   ___   ___   _____     ___     _     ___   ___   ___   ___  
 |_   _| | __| / __| |_   _|   | _ \   /_\   / __| / __| | __| |   \ 
   | |   | _|  \__ \   | |     |  _/  / _ \  \__ \ \__ \ | _|  | |) |
   |_|   |___| |___/   |_|     |_|   /_/ \_\ |___/ |___/ |___| |___/ 

TC23 - Get user information without token
----------------------------------------------------------------------
]]></system-out>
  </testcase>
</testsuite>